<?xml version="1.0" encoding="UTF-8"?>
<testsuite xmlns:xsi="http://www.w3.org/2001/XMLSchema-instance" xsi:noNamespaceSchemaLocation="https://maven.apache.org/surefire/maven-surefire-plugin/xsd/surefire-test-report-3.0.xsd" version="3.0" name="TestSuite" time="420.809" tests="11" errors="0" skipped="0" failures="0">
  <properties>
    <property name="java.specification.version" value="20"/>
    <property name="sun.jnu.encoding" value="UTF-8"/>
    <property name="java.class.path" value="/Users/karishmabarot/IdeaProjects/TheraBodyAutomation/target/test-classes:/Users/karishmabarot/IdeaProjects/TheraBodyAutomation/target/classes:/Users/karishmabarot/.m2/repository/org/seleniumhq/selenium/selenium-java/4.16.1/selenium-java-4.16.1.jar:/Users/karishmabarot/.m2/repository/org/seleniumhq/selenium/selenium-api/4.16.1/selenium-api-4.16.1.jar:/Users/karishmabarot/.m2/repository/org/seleniumhq/selenium/selenium-chrome-driver/4.16.1/selenium-chrome-driver-4.16.1.jar:/Users/karishmabarot/.m2/repository/org/seleniumhq/selenium/selenium-chromium-driver/4.16.1/selenium-chromium-driver-4.16.1.jar:/Users/karishmabarot/.m2/repository/org/seleniumhq/selenium/selenium-devtools-v118/4.16.1/selenium-devtools-v118-4.16.1.jar:/Users/karishmabarot/.m2/repository/org/seleniumhq/selenium/selenium-devtools-v119/4.16.1/selenium-devtools-v119-4.16.1.jar:/Users/karishmabarot/.m2/repository/org/seleniumhq/selenium/selenium-devtools-v120/4.16.1/selenium-devtools-v120-4.16.1.jar:/Users/karishmabarot/.m2/repository/org/seleniumhq/selenium/selenium-devtools-v85/4.16.1/selenium-devtools-v85-4.16.1.jar:/Users/karishmabarot/.m2/repository/org/seleniumhq/selenium/selenium-edge-driver/4.16.1/selenium-edge-driver-4.16.1.jar:/Users/karishmabarot/.m2/repository/org/seleniumhq/selenium/selenium-firefox-driver/4.16.1/selenium-firefox-driver-4.16.1.jar:/Users/karishmabarot/.m2/repository/org/seleniumhq/selenium/selenium-ie-driver/4.16.1/selenium-ie-driver-4.16.1.jar:/Users/karishmabarot/.m2/repository/org/seleniumhq/selenium/selenium-safari-driver/4.16.1/selenium-safari-driver-4.16.1.jar:/Users/karishmabarot/.m2/repository/org/seleniumhq/selenium/selenium-support/4.16.1/selenium-support-4.16.1.jar:/Users/karishmabarot/.m2/repository/org/testng/testng/7.9.0/testng-7.9.0.jar:/Users/karishmabarot/.m2/repository/org/slf4j/slf4j-api/1.7.36/slf4j-api-1.7.36.jar:/Users/karishmabarot/.m2/repository/com/beust/jcommander/1.82/jcommander-1.82.jar:/Users/karishmabarot/.m2/repository/org/webjars/jquery/3.7.1/jquery-3.7.1.jar:/Users/karishmabarot/.m2/repository/io/appium/java-client/8.5.1/java-client-8.5.1.jar:/Users/karishmabarot/.m2/repository/com/google/code/gson/gson/2.10.1/gson-2.10.1.jar:/Users/karishmabarot/.m2/repository/commons-validator/commons-validator/1.7/commons-validator-1.7.jar:/Users/karishmabarot/.m2/repository/commons-beanutils/commons-beanutils/1.9.4/commons-beanutils-1.9.4.jar:/Users/karishmabarot/.m2/repository/commons-digester/commons-digester/2.1/commons-digester-2.1.jar:/Users/karishmabarot/.m2/repository/commons-logging/commons-logging/1.2/commons-logging-1.2.jar:/Users/karishmabarot/.m2/repository/commons-collections/commons-collections/3.2.2/commons-collections-3.2.2.jar:/Users/karishmabarot/.m2/repository/org/apache/commons/commons-lang3/3.12.0/commons-lang3-3.12.0.jar:/Users/karishmabarot/.m2/repository/commons-io/commons-io/2.12.0/commons-io-2.12.0.jar:/Users/karishmabarot/.m2/repository/org/seleniumhq/selenium/selenium-remote-driver/4.13.0/selenium-remote-driver-4.13.0.jar:/Users/karishmabarot/.m2/repository/com/google/auto/service/auto-service-annotations/1.1.1/auto-service-annotations-1.1.1.jar:/Users/karishmabarot/.m2/repository/com/google/guava/guava/32.1.2-jre/guava-32.1.2-jre.jar:/Users/karishmabarot/.m2/repository/com/google/guava/failureaccess/1.0.1/failureaccess-1.0.1.jar:/Users/karishmabarot/.m2/repository/com/google/guava/listenablefuture/9999.0-empty-to-avoid-conflict-with-guava/listenablefuture-9999.0-empty-to-avoid-conflict-with-guava.jar:/Users/karishmabarot/.m2/repository/com/google/code/findbugs/jsr305/3.0.2/jsr305-3.0.2.jar:/Users/karishmabarot/.m2/repository/com/google/errorprone/error_prone_annotations/2.18.0/error_prone_annotations-2.18.0.jar:/Users/karishmabarot/.m2/repository/com/google/j2objc/j2objc-annotations/2.8/j2objc-annotations-2.8.jar:/Users/karishmabarot/.m2/repository/io/netty/netty-buffer/4.1.96.Final/netty-buffer-4.1.96.Final.jar:/Users/karishmabarot/.m2/repository/io/netty/netty-codec-http/4.1.96.Final/netty-codec-http-4.1.96.Final.jar:/Users/karishmabarot/.m2/repository/io/netty/netty-codec/4.1.96.Final/netty-codec-4.1.96.Final.jar:/Users/karishmabarot/.m2/repository/io/netty/netty-handler/4.1.96.Final/netty-handler-4.1.96.Final.jar:/Users/karishmabarot/.m2/repository/io/netty/netty-common/4.1.96.Final/netty-common-4.1.96.Final.jar:/Users/karishmabarot/.m2/repository/io/netty/netty-transport-classes-epoll/4.1.96.Final/netty-transport-classes-epoll-4.1.96.Final.jar:/Users/karishmabarot/.m2/repository/io/netty/netty-transport-classes-kqueue/4.1.96.Final/netty-transport-classes-kqueue-4.1.96.Final.jar:/Users/karishmabarot/.m2/repository/io/netty/netty-transport-native-epoll/4.1.96.Final/netty-transport-native-epoll-4.1.96.Final.jar:/Users/karishmabarot/.m2/repository/io/netty/netty-transport-native-kqueue/4.1.96.Final/netty-transport-native-kqueue-4.1.96.Final.jar:/Users/karishmabarot/.m2/repository/io/netty/netty-transport-native-unix-common/4.1.96.Final/netty-transport-native-unix-common-4.1.96.Final.jar:/Users/karishmabarot/.m2/repository/io/netty/netty-transport/4.1.96.Final/netty-transport-4.1.96.Final.jar:/Users/karishmabarot/.m2/repository/io/netty/netty-resolver/4.1.96.Final/netty-resolver-4.1.96.Final.jar:/Users/karishmabarot/.m2/repository/io/opentelemetry/opentelemetry-api/1.28.0/opentelemetry-api-1.28.0.jar:/Users/karishmabarot/.m2/repository/io/opentelemetry/opentelemetry-context/1.28.0/opentelemetry-context-1.28.0.jar:/Users/karishmabarot/.m2/repository/io/opentelemetry/opentelemetry-exporter-logging/1.28.0/opentelemetry-exporter-logging-1.28.0.jar:/Users/karishmabarot/.m2/repository/io/opentelemetry/opentelemetry-sdk-metrics/1.28.0/opentelemetry-sdk-metrics-1.28.0.jar:/Users/karishmabarot/.m2/repository/io/opentelemetry/opentelemetry-extension-incubator/1.28.0-alpha/opentelemetry-extension-incubator-1.28.0-alpha.jar:/Users/karishmabarot/.m2/repository/io/opentelemetry/opentelemetry-sdk-logs/1.28.0/opentelemetry-sdk-logs-1.28.0.jar:/Users/karishmabarot/.m2/repository/io/opentelemetry/opentelemetry-sdk-common/1.28.0/opentelemetry-sdk-common-1.28.0.jar:/Users/karishmabarot/.m2/repository/io/opentelemetry/opentelemetry-sdk-extension-autoconfigure-spi/1.28.0/opentelemetry-sdk-extension-autoconfigure-spi-1.28.0.jar:/Users/karishmabarot/.m2/repository/io/opentelemetry/opentelemetry-sdk-extension-autoconfigure/1.28.0/opentelemetry-sdk-extension-autoconfigure-1.28.0.jar:/Users/karishmabarot/.m2/repository/io/opentelemetry/opentelemetry-api-events/1.28.0-alpha/opentelemetry-api-events-1.28.0-alpha.jar:/Users/karishmabarot/.m2/repository/io/opentelemetry/opentelemetry-sdk-trace/1.28.0/opentelemetry-sdk-trace-1.28.0.jar:/Users/karishmabarot/.m2/repository/io/opentelemetry/opentelemetry-sdk/1.28.0/opentelemetry-sdk-1.28.0.jar:/Users/karishmabarot/.m2/repository/io/opentelemetry/opentelemetry-semconv/1.28.0-alpha/opentelemetry-semconv-1.28.0-alpha.jar:/Users/karishmabarot/.m2/repository/net/bytebuddy/byte-buddy/1.14.5/byte-buddy-1.14.5.jar:/Users/karishmabarot/.m2/repository/org/asynchttpclient/async-http-client/2.12.3/async-http-client-2.12.3.jar:/Users/karishmabarot/.m2/repository/org/asynchttpclient/async-http-client-netty-utils/2.12.3/async-http-client-netty-utils-2.12.3.jar:/Users/karishmabarot/.m2/repository/io/netty/netty-codec-socks/4.1.60.Final/netty-codec-socks-4.1.60.Final.jar:/Users/karishmabarot/.m2/repository/io/netty/netty-handler-proxy/4.1.60.Final/netty-handler-proxy-4.1.60.Final.jar:/Users/karishmabarot/.m2/repository/io/netty/netty-transport-native-epoll/4.1.60.Final/netty-transport-native-epoll-4.1.60.Final-linux-x86_64.jar:/Users/karishmabarot/.m2/repository/io/netty/netty-transport-native-kqueue/4.1.60.Final/netty-transport-native-kqueue-4.1.60.Final-osx-x86_64.jar:/Users/karishmabarot/.m2/repository/org/reactivestreams/reactive-streams/1.0.3/reactive-streams-1.0.3.jar:/Users/karishmabarot/.m2/repository/com/typesafe/netty/netty-reactive-streams/2.0.4/netty-reactive-streams-2.0.4.jar:/Users/karishmabarot/.m2/repository/com/sun/activation/jakarta.activation/1.2.2/jakarta.activation-1.2.2.jar:/Users/karishmabarot/.m2/repository/org/seleniumhq/selenium/selenium-http/4.13.0/selenium-http-4.13.0.jar:/Users/karishmabarot/.m2/repository/dev/failsafe/failsafe/3.3.2/failsafe-3.3.2.jar:/Users/karishmabarot/.m2/repository/org/seleniumhq/selenium/selenium-json/4.13.0/selenium-json-4.13.0.jar:/Users/karishmabarot/.m2/repository/org/seleniumhq/selenium/selenium-manager/4.13.0/selenium-manager-4.13.0.jar:/Users/karishmabarot/.m2/repository/org/seleniumhq/selenium/selenium-os/4.13.0/selenium-os-4.13.0.jar:/Users/karishmabarot/.m2/repository/org/apache/commons/commons-exec/1.3/commons-exec-1.3.jar:/Users/karishmabarot/.m2/repository/me/hugmanrique/cartage/0.0.2/cartage-0.0.2.jar:/Users/karishmabarot/.m2/repository/org/checkerframework/checker-qual/3.15.0/checker-qual-3.15.0.jar:/Users/karishmabarot/.m2/repository/org/apache/logging/log4j/log4j-core/2.22.1/log4j-core-2.22.1.jar:/Users/karishmabarot/.m2/repository/org/apache/logging/log4j/log4j-api/2.22.1/log4j-api-2.22.1.jar:/Users/karishmabarot/.m2/repository/io/qameta/allure/allure-testng/2.25.0/allure-testng-2.25.0.jar:/Users/karishmabarot/.m2/repository/io/qameta/allure/allure-java-commons/2.25.0/allure-java-commons-2.25.0.jar:/Users/karishmabarot/.m2/repository/io/qameta/allure/allure-model/2.25.0/allure-model-2.25.0.jar:/Users/karishmabarot/.m2/repository/io/qameta/allure/allure-test-filter/2.25.0/allure-test-filter-2.25.0.jar:"/>
    <property name="java.vm.vendor" value="Oracle Corporation"/>
    <property name="sun.arch.data.model" value="64"/>
    <property name="java.vendor.url" value="https://java.oracle.com/"/>
    <property name="user.timezone" value="Asia/Kolkata"/>
    <property name="suiteXmlFile" value="/Users/karishmabarot/IdeaProjects/TheraBodyAutomation/testNG.xml"/>
    <property name="os.name" value="Mac OS X"/>
    <property name="java.vm.specification.version" value="20"/>
    <property name="sun.java.launcher" value="SUN_STANDARD"/>
    <property name="user.country" value="IN"/>
    <property name="sun.boot.library.path" value="/Users/karishmabarot/Library/Java/JavaVirtualMachines/openjdk-20.0.2/Contents/Home/lib"/>
    <property name="sun.java.command" value="/Users/karishmabarot/IdeaProjects/TheraBodyAutomation/target/surefire/surefirebooter16723900222644622368.jar /Users/karishmabarot/IdeaProjects/TheraBodyAutomation/target/surefire 2024-03-20T16-05-24_356-jvmRun1 surefire9691088924834463848tmp surefire_03966014115857564165tmp"/>
    <property name="http.nonProxyHosts" value="local|*.local|169.254/16|*.169.254/16"/>
    <property name="jdk.debug" value="release"/>
    <property name="surefire.test.class.path" value="/Users/karishmabarot/IdeaProjects/TheraBodyAutomation/target/test-classes:/Users/karishmabarot/IdeaProjects/TheraBodyAutomation/target/classes:/Users/karishmabarot/.m2/repository/org/seleniumhq/selenium/selenium-java/4.16.1/selenium-java-4.16.1.jar:/Users/karishmabarot/.m2/repository/org/seleniumhq/selenium/selenium-api/4.16.1/selenium-api-4.16.1.jar:/Users/karishmabarot/.m2/repository/org/seleniumhq/selenium/selenium-chrome-driver/4.16.1/selenium-chrome-driver-4.16.1.jar:/Users/karishmabarot/.m2/repository/org/seleniumhq/selenium/selenium-chromium-driver/4.16.1/selenium-chromium-driver-4.16.1.jar:/Users/karishmabarot/.m2/repository/org/seleniumhq/selenium/selenium-devtools-v118/4.16.1/selenium-devtools-v118-4.16.1.jar:/Users/karishmabarot/.m2/repository/org/seleniumhq/selenium/selenium-devtools-v119/4.16.1/selenium-devtools-v119-4.16.1.jar:/Users/karishmabarot/.m2/repository/org/seleniumhq/selenium/selenium-devtools-v120/4.16.1/selenium-devtools-v120-4.16.1.jar:/Users/karishmabarot/.m2/repository/org/seleniumhq/selenium/selenium-devtools-v85/4.16.1/selenium-devtools-v85-4.16.1.jar:/Users/karishmabarot/.m2/repository/org/seleniumhq/selenium/selenium-edge-driver/4.16.1/selenium-edge-driver-4.16.1.jar:/Users/karishmabarot/.m2/repository/org/seleniumhq/selenium/selenium-firefox-driver/4.16.1/selenium-firefox-driver-4.16.1.jar:/Users/karishmabarot/.m2/repository/org/seleniumhq/selenium/selenium-ie-driver/4.16.1/selenium-ie-driver-4.16.1.jar:/Users/karishmabarot/.m2/repository/org/seleniumhq/selenium/selenium-safari-driver/4.16.1/selenium-safari-driver-4.16.1.jar:/Users/karishmabarot/.m2/repository/org/seleniumhq/selenium/selenium-support/4.16.1/selenium-support-4.16.1.jar:/Users/karishmabarot/.m2/repository/org/testng/testng/7.9.0/testng-7.9.0.jar:/Users/karishmabarot/.m2/repository/org/slf4j/slf4j-api/1.7.36/slf4j-api-1.7.36.jar:/Users/karishmabarot/.m2/repository/com/beust/jcommander/1.82/jcommander-1.82.jar:/Users/karishmabarot/.m2/repository/org/webjars/jquery/3.7.1/jquery-3.7.1.jar:/Users/karishmabarot/.m2/repository/io/appium/java-client/8.5.1/java-client-8.5.1.jar:/Users/karishmabarot/.m2/repository/com/google/code/gson/gson/2.10.1/gson-2.10.1.jar:/Users/karishmabarot/.m2/repository/commons-validator/commons-validator/1.7/commons-validator-1.7.jar:/Users/karishmabarot/.m2/repository/commons-beanutils/commons-beanutils/1.9.4/commons-beanutils-1.9.4.jar:/Users/karishmabarot/.m2/repository/commons-digester/commons-digester/2.1/commons-digester-2.1.jar:/Users/karishmabarot/.m2/repository/commons-logging/commons-logging/1.2/commons-logging-1.2.jar:/Users/karishmabarot/.m2/repository/commons-collections/commons-collections/3.2.2/commons-collections-3.2.2.jar:/Users/karishmabarot/.m2/repository/org/apache/commons/commons-lang3/3.12.0/commons-lang3-3.12.0.jar:/Users/karishmabarot/.m2/repository/commons-io/commons-io/2.12.0/commons-io-2.12.0.jar:/Users/karishmabarot/.m2/repository/org/seleniumhq/selenium/selenium-remote-driver/4.13.0/selenium-remote-driver-4.13.0.jar:/Users/karishmabarot/.m2/repository/com/google/auto/service/auto-service-annotations/1.1.1/auto-service-annotations-1.1.1.jar:/Users/karishmabarot/.m2/repository/com/google/guava/guava/32.1.2-jre/guava-32.1.2-jre.jar:/Users/karishmabarot/.m2/repository/com/google/guava/failureaccess/1.0.1/failureaccess-1.0.1.jar:/Users/karishmabarot/.m2/repository/com/google/guava/listenablefuture/9999.0-empty-to-avoid-conflict-with-guava/listenablefuture-9999.0-empty-to-avoid-conflict-with-guava.jar:/Users/karishmabarot/.m2/repository/com/google/code/findbugs/jsr305/3.0.2/jsr305-3.0.2.jar:/Users/karishmabarot/.m2/repository/com/google/errorprone/error_prone_annotations/2.18.0/error_prone_annotations-2.18.0.jar:/Users/karishmabarot/.m2/repository/com/google/j2objc/j2objc-annotations/2.8/j2objc-annotations-2.8.jar:/Users/karishmabarot/.m2/repository/io/netty/netty-buffer/4.1.96.Final/netty-buffer-4.1.96.Final.jar:/Users/karishmabarot/.m2/repository/io/netty/netty-codec-http/4.1.96.Final/netty-codec-http-4.1.96.Final.jar:/Users/karishmabarot/.m2/repository/io/netty/netty-codec/4.1.96.Final/netty-codec-4.1.96.Final.jar:/Users/karishmabarot/.m2/repository/io/netty/netty-handler/4.1.96.Final/netty-handler-4.1.96.Final.jar:/Users/karishmabarot/.m2/repository/io/netty/netty-common/4.1.96.Final/netty-common-4.1.96.Final.jar:/Users/karishmabarot/.m2/repository/io/netty/netty-transport-classes-epoll/4.1.96.Final/netty-transport-classes-epoll-4.1.96.Final.jar:/Users/karishmabarot/.m2/repository/io/netty/netty-transport-classes-kqueue/4.1.96.Final/netty-transport-classes-kqueue-4.1.96.Final.jar:/Users/karishmabarot/.m2/repository/io/netty/netty-transport-native-epoll/4.1.96.Final/netty-transport-native-epoll-4.1.96.Final.jar:/Users/karishmabarot/.m2/repository/io/netty/netty-transport-native-kqueue/4.1.96.Final/netty-transport-native-kqueue-4.1.96.Final.jar:/Users/karishmabarot/.m2/repository/io/netty/netty-transport-native-unix-common/4.1.96.Final/netty-transport-native-unix-common-4.1.96.Final.jar:/Users/karishmabarot/.m2/repository/io/netty/netty-transport/4.1.96.Final/netty-transport-4.1.96.Final.jar:/Users/karishmabarot/.m2/repository/io/netty/netty-resolver/4.1.96.Final/netty-resolver-4.1.96.Final.jar:/Users/karishmabarot/.m2/repository/io/opentelemetry/opentelemetry-api/1.28.0/opentelemetry-api-1.28.0.jar:/Users/karishmabarot/.m2/repository/io/opentelemetry/opentelemetry-context/1.28.0/opentelemetry-context-1.28.0.jar:/Users/karishmabarot/.m2/repository/io/opentelemetry/opentelemetry-exporter-logging/1.28.0/opentelemetry-exporter-logging-1.28.0.jar:/Users/karishmabarot/.m2/repository/io/opentelemetry/opentelemetry-sdk-metrics/1.28.0/opentelemetry-sdk-metrics-1.28.0.jar:/Users/karishmabarot/.m2/repository/io/opentelemetry/opentelemetry-extension-incubator/1.28.0-alpha/opentelemetry-extension-incubator-1.28.0-alpha.jar:/Users/karishmabarot/.m2/repository/io/opentelemetry/opentelemetry-sdk-logs/1.28.0/opentelemetry-sdk-logs-1.28.0.jar:/Users/karishmabarot/.m2/repository/io/opentelemetry/opentelemetry-sdk-common/1.28.0/opentelemetry-sdk-common-1.28.0.jar:/Users/karishmabarot/.m2/repository/io/opentelemetry/opentelemetry-sdk-extension-autoconfigure-spi/1.28.0/opentelemetry-sdk-extension-autoconfigure-spi-1.28.0.jar:/Users/karishmabarot/.m2/repository/io/opentelemetry/opentelemetry-sdk-extension-autoconfigure/1.28.0/opentelemetry-sdk-extension-autoconfigure-1.28.0.jar:/Users/karishmabarot/.m2/repository/io/opentelemetry/opentelemetry-api-events/1.28.0-alpha/opentelemetry-api-events-1.28.0-alpha.jar:/Users/karishmabarot/.m2/repository/io/opentelemetry/opentelemetry-sdk-trace/1.28.0/opentelemetry-sdk-trace-1.28.0.jar:/Users/karishmabarot/.m2/repository/io/opentelemetry/opentelemetry-sdk/1.28.0/opentelemetry-sdk-1.28.0.jar:/Users/karishmabarot/.m2/repository/io/opentelemetry/opentelemetry-semconv/1.28.0-alpha/opentelemetry-semconv-1.28.0-alpha.jar:/Users/karishmabarot/.m2/repository/net/bytebuddy/byte-buddy/1.14.5/byte-buddy-1.14.5.jar:/Users/karishmabarot/.m2/repository/org/asynchttpclient/async-http-client/2.12.3/async-http-client-2.12.3.jar:/Users/karishmabarot/.m2/repository/org/asynchttpclient/async-http-client-netty-utils/2.12.3/async-http-client-netty-utils-2.12.3.jar:/Users/karishmabarot/.m2/repository/io/netty/netty-codec-socks/4.1.60.Final/netty-codec-socks-4.1.60.Final.jar:/Users/karishmabarot/.m2/repository/io/netty/netty-handler-proxy/4.1.60.Final/netty-handler-proxy-4.1.60.Final.jar:/Users/karishmabarot/.m2/repository/io/netty/netty-transport-native-epoll/4.1.60.Final/netty-transport-native-epoll-4.1.60.Final-linux-x86_64.jar:/Users/karishmabarot/.m2/repository/io/netty/netty-transport-native-kqueue/4.1.60.Final/netty-transport-native-kqueue-4.1.60.Final-osx-x86_64.jar:/Users/karishmabarot/.m2/repository/org/reactivestreams/reactive-streams/1.0.3/reactive-streams-1.0.3.jar:/Users/karishmabarot/.m2/repository/com/typesafe/netty/netty-reactive-streams/2.0.4/netty-reactive-streams-2.0.4.jar:/Users/karishmabarot/.m2/repository/com/sun/activation/jakarta.activation/1.2.2/jakarta.activation-1.2.2.jar:/Users/karishmabarot/.m2/repository/org/seleniumhq/selenium/selenium-http/4.13.0/selenium-http-4.13.0.jar:/Users/karishmabarot/.m2/repository/dev/failsafe/failsafe/3.3.2/failsafe-3.3.2.jar:/Users/karishmabarot/.m2/repository/org/seleniumhq/selenium/selenium-json/4.13.0/selenium-json-4.13.0.jar:/Users/karishmabarot/.m2/repository/org/seleniumhq/selenium/selenium-manager/4.13.0/selenium-manager-4.13.0.jar:/Users/karishmabarot/.m2/repository/org/seleniumhq/selenium/selenium-os/4.13.0/selenium-os-4.13.0.jar:/Users/karishmabarot/.m2/repository/org/apache/commons/commons-exec/1.3/commons-exec-1.3.jar:/Users/karishmabarot/.m2/repository/me/hugmanrique/cartage/0.0.2/cartage-0.0.2.jar:/Users/karishmabarot/.m2/repository/org/checkerframework/checker-qual/3.15.0/checker-qual-3.15.0.jar:/Users/karishmabarot/.m2/repository/org/apache/logging/log4j/log4j-core/2.22.1/log4j-core-2.22.1.jar:/Users/karishmabarot/.m2/repository/org/apache/logging/log4j/log4j-api/2.22.1/log4j-api-2.22.1.jar:/Users/karishmabarot/.m2/repository/io/qameta/allure/allure-testng/2.25.0/allure-testng-2.25.0.jar:/Users/karishmabarot/.m2/repository/io/qameta/allure/allure-java-commons/2.25.0/allure-java-commons-2.25.0.jar:/Users/karishmabarot/.m2/repository/io/qameta/allure/allure-model/2.25.0/allure-model-2.25.0.jar:/Users/karishmabarot/.m2/repository/io/qameta/allure/allure-test-filter/2.25.0/allure-test-filter-2.25.0.jar:"/>
    <property name="sun.cpu.endian" value="little"/>
    <property name="user.home" value="/Users/karishmabarot"/>
    <property name="user.language" value="en"/>
    <property name="java.specification.vendor" value="Oracle Corporation"/>
    <property name="java.version.date" value="2023-07-18"/>
    <property name="java.home" value="/Users/karishmabarot/Library/Java/JavaVirtualMachines/openjdk-20.0.2/Contents/Home"/>
    <property name="file.separator" value="/"/>
    <property name="basedir" value="/Users/karishmabarot/IdeaProjects/TheraBodyAutomation"/>
    <property name="java.vm.compressedOopsMode" value="Zero based"/>
    <property name="line.separator" value="&#10;"/>
    <property name="java.vm.specification.vendor" value="Oracle Corporation"/>
    <property name="java.specification.name" value="Java Platform API Specification"/>
    <property name="apple.awt.application.name" value="ForkedBooter"/>
    <property name="surefire.real.class.path" value="/Users/karishmabarot/IdeaProjects/TheraBodyAutomation/target/surefire/surefirebooter16723900222644622368.jar"/>
    <property name="sun.management.compiler" value="HotSpot 64-Bit Tiered Compilers"/>
    <property name="ftp.nonProxyHosts" value="local|*.local|169.254/16|*.169.254/16"/>
    <property name="java.runtime.version" value="20.0.2+9-78"/>
    <property name="user.name" value="karishmabarot"/>
    <property name="stdout.encoding" value="UTF-8"/>
    <property name="path.separator" value=":"/>
    <property name="os.version" value="14.2"/>
    <property name="java.runtime.name" value="OpenJDK Runtime Environment"/>
    <property name="file.encoding" value="UTF-8"/>
    <property name="java.vm.name" value="OpenJDK 64-Bit Server VM"/>
    <property name="localRepository" value="/Users/karishmabarot/.m2/repository"/>
    <property name="java.vendor.url.bug" value="https://bugreport.java.com/bugreport/"/>
    <property name="java.io.tmpdir" value="/var/folders/zr/572jgrt10ws3l2y8jwbmjs4h0000gq/T/"/>
    <property name="java.version" value="20.0.2"/>
    <property name="user.dir" value="/Users/karishmabarot/IdeaProjects/TheraBodyAutomation"/>
    <property name="os.arch" value="x86_64"/>
    <property name="java.vm.specification.name" value="Java Virtual Machine Specification"/>
    <property name="native.encoding" value="UTF-8"/>
    <property name="java.library.path" value="/Users/karishmabarot/Library/Java/Extensions:/Library/Java/Extensions:/Network/Library/Java/Extensions:/System/Library/Java/Extensions:/usr/lib/java:."/>
    <property name="java.vm.info" value="mixed mode, sharing"/>
    <property name="stderr.encoding" value="UTF-8"/>
    <property name="java.vendor" value="Oracle Corporation"/>
    <property name="java.vm.version" value="20.0.2+9-78"/>
    <property name="sun.io.unicode.encoding" value="UnicodeBig"/>
    <property name="socksNonProxyHosts" value="local|*.local|169.254/16|*.169.254/16"/>
    <property name="java.class.version" value="64.0"/>
  </properties>
  <testcase name="testIntroScreen" classname="testCases.LoginTCs" time="3.027">
    <system-out><![CDATA[&amp#27;[35m[Appium]&amp#27;[39m Welcome to Appium v2.4.1
&amp#27;[35m[Appium]&amp#27;[39m Non-default server args:
&amp#27;[35m[Appium]&amp#27;[39m { address: &amp#27;[32m'127.0.0.1'&amp#27;[39m }
&amp#27;[35m[Appium]&amp#27;[39m The autodetected Appium home path: /Users/karishmabarot/.appium
&amp#27;[35m[Appium]&amp#27;[39m Attempting to load driver xcuitest...
&amp#27;[35m[Appium]&amp#27;[39m Attempting to load driver uiautomator2...
&amp#27;[35m[Appium]&amp#27;[39m Requiring driver at /Users/karishmabarot/.appium/node_modules/appium-uiautomator2-driver/build/index.js
&amp#27;[35m[Appium]&amp#27;[39m Requiring driver at /Users/karishmabarot/.appium/node_modules/appium-xcuitest-driver/build/index.js
&amp#27;[35m[Appium]&amp#27;[39m AndroidUiautomator2Driver has been successfully loaded in 4.092s
&amp#27;[35m[Appium]&amp#27;[39m XCUITestDriver has been successfully loaded in 4.094s
&amp#27;[35m[Appium]&amp#27;[39m Appium REST http interface listener started on http://127.0.0.1:4723
&amp#27;[35m[Appium]&amp#27;[39m Available drivers:
&amp#27;[35m[Appium]&amp#27;[39m   - xcuitest@5.14.0 (automationName 'XCUITest')
&amp#27;[35m[Appium]&amp#27;[39m   - uiautomator2@2.42.1 (automationName 'UiAutomator2')
&amp#27;[35m[Appium]&amp#27;[39m Available plugins:
&amp#27;[35m[Appium]&amp#27;[39m   - execute-driver@3.0.23
&amp#27;[35m[Appium]&amp#27;[39m No plugins activated. Use the --use-plugins flag with names of plugins to activate
&amp#27;[38;5;0m[HTTP]&amp#27;[0m &amp#27;[37m-->&amp#27;[39m &amp#27;[37mGET&amp#27;[39m &amp#27;[37m/status&amp#27;[39m
&amp#27;[38;5;0m[HTTP]&amp#27;[0m &amp#27;[90m{}&amp#27;[39m
&amp#27;[38;5;16m[AppiumDriver@96d2]&amp#27;[0m Calling AppiumDriver.getStatus() with args: []
&amp#27;[38;5;16m[AppiumDriver@96d2]&amp#27;[0m Responding to client with driver.getStatus() result: {"ready":true,"message":"The server is ready to accept new connections","build":{"version":"2.4.1"}}
&amp#27;[38;5;0m[HTTP]&amp#27;[0m &amp#27;[37m<-- GET /status &amp#27;[39m&amp#27;[32m200&amp#27;[39m &amp#27;[90m11 ms - 110&amp#27;[39m
&amp#27;[38;5;0m[HTTP]&amp#27;[0m &amp#27;[90m&amp#27;[39m
&amp#27;[38;5;0m[HTTP]&amp#27;[0m Request idempotency key: 57b92f7f-9112-436f-90c1-44e8cbb82bcd
&amp#27;[38;5;0m[HTTP]&amp#27;[0m &amp#27;[37m-->&amp#27;[39m &amp#27;[37mPOST&amp#27;[39m &amp#27;[37m/session&amp#27;[39m
&amp#27;[38;5;0m[HTTP]&amp#27;[0m &amp#27;[90m{"capabilities":{"firstMatch":[{}],"alwaysMatch":{"appium:app":"/Users/karishmabarot/Documents/Projects/TheraBody/Builds/qa_automation/therabody-stage.ipa","appium:autoGrantPermissions":true,"appium:automationName":"XCUITest","appium:deviceName":"iPhone (2)","appium:noReset":false,"appium:platformVersion":"16.1.1","appium:plugins":"execute-driver","appium:udid":"00008030-000258281E3B802E","platformName":"IOS"}}}&amp#27;[39m
&amp#27;[38;5;16m[AppiumDriver@96d2]&amp#27;[0m Calling AppiumDriver.createSession() with args: [null,null,{"firstMatch":[{}],"alwaysMatch":{"appium:app":"/Users/karishmabarot/Documents/Projects/TheraBody/Builds/qa_automation/therabody-stage.ipa","appium:autoGrantPermissions":true,"appium:automationName":"XCUITest","appium:deviceName":"iPhone (2)","appium:noReset":false,"appium:platformVersion":"16.1.1","appium:plugins":"execute-driver","appium:udid":"00008030-000258281E3B802E","platformName":"IOS"}}]
&amp#27;[38;5;16m[AppiumDriver@96d2]&amp#27;[0m Event 'newSessionRequested' logged at 1710930935701 (16:05:35 GMT+0530 (India Standard Time))
&amp#27;[35m[Appium]&amp#27;[39m Attempting to find matching driver for automationName 'XCUITest' and platformName 'IOS'
&amp#27;[35m[Appium]&amp#27;[39m The 'xcuitest' driver was installed and matched caps.
&amp#27;[35m[Appium]&amp#27;[39m Will require it at /Users/karishmabarot/.appium/node_modules/appium-xcuitest-driver
&amp#27;[35m[Appium]&amp#27;[39m Requiring driver at /Users/karishmabarot/.appium/node_modules/appium-xcuitest-driver/build/index.js
&amp#27;[38;5;16m[AppiumDriver@96d2]&amp#27;[0m Appium v2.4.1 creating new XCUITestDriver (v5.14.0) session
&amp#27;[38;5;16m[AppiumDriver@96d2]&amp#27;[0m Checking BaseDriver versions for Appium and XCUITestDriver
&amp#27;[38;5;16m[AppiumDriver@96d2]&amp#27;[0m Appium's BaseDriver version is 9.5.0
&amp#27;[38;5;16m[AppiumDriver@96d2]&amp#27;[0m XCUITestDriver's BaseDriver version is 9.3.20
&amp#27;[38;5;32m[XCUITestDriver@e07a]&amp#27;[0m Creating session with W3C capabilities: {
&amp#27;[38;5;32m[XCUITestDriver@e07a]&amp#27;[0m   "alwaysMatch": {
&amp#27;[38;5;32m[XCUITestDriver@e07a]&amp#27;[0m     "platformName": "IOS",
&amp#27;[38;5;32m[XCUITestDriver@e07a]&amp#27;[0m     "appium:app": "/Users/karishmabarot/Documents/Projects/TheraBody/Builds/qa_automation/therabody-stage.ipa",
&amp#27;[38;5;32m[XCUITestDriver@e07a]&amp#27;[0m     "appium:autoGrantPermissions": true,
&amp#27;[38;5;32m[XCUITestDriver@e07a]&amp#27;[0m     "appium:automationName": "XCUITest",
&amp#27;[38;5;32m[XCUITestDriver@e07a]&amp#27;[0m     "appium:deviceName": "iPhone (2)",
&amp#27;[38;5;32m[XCUITestDriver@e07a]&amp#27;[0m     "appium:noReset": false,
&amp#27;[38;5;32m[XCUITestDriver@e07a]&amp#27;[0m     "appium:platformVersion": "16.1.1",
&amp#27;[38;5;32m[XCUITestDriver@e07a]&amp#27;[0m     "appium:plugins": "execute-driver",
&amp#27;[38;5;32m[XCUITestDriver@e07a]&amp#27;[0m     "appium:udid": "00008030-000258281E3B802E"
&amp#27;[38;5;32m[XCUITestDriver@e07a]&amp#27;[0m   },
&amp#27;[38;5;32m[XCUITestDriver@e07a]&amp#27;[0m   "firstMatch": [
&amp#27;[38;5;32m[XCUITestDriver@e07a]&amp#27;[0m     {}
&amp#27;[38;5;32m[XCUITestDriver@e07a]&amp#27;[0m   ]
&amp#27;[38;5;32m[XCUITestDriver@e07a]&amp#27;[0m }
&amp#27;[38;5;32m[XCUITestDriver@e07a]&amp#27;[0m The following capabilities were provided, but are not recognized by Appium:
&amp#27;[38;5;32m[XCUITestDriver@e07a]&amp#27;[0m   autoGrantPermissions
&amp#27;[38;5;32m[XCUITestDriver@e07a]&amp#27;[0m   plugins
&amp#27;[38;5;32m[XCUITestDriver@e07a (28adf0bf)]&amp#27;[0m Session created with session id: 28adf0bf-7ee8-437a-b2e7-798510efe6fe
&amp#27;[38;5;48m[XCUITest]&amp#27;[0m Current user: 'karishmabarot'
&amp#27;[38;5;32m[XCUITestDriver@e07a (28adf0bf)]&amp#27;[0m Available devices: 00008030-000258281E3B802E, 00008030-001E51603CD8402E
&amp#27;[38;5;48m[XCUITest]&amp#27;[0m Creating iDevice object with udid '00008030-000258281E3B802E'
&amp#27;[38;5;32m[XCUITestDriver@e07a (28adf0bf)]&amp#27;[0m Determining device to run tests on: udid: '00008030-000258281E3B802E', real device: true
&amp#27;[38;5;32m[XCUITestDriver@e07a (28adf0bf)]&amp#27;[0m Normalized platformVersion capability value '16.1.1' to '16.1'
&amp#27;[38;5;32m[XCUITestDriver@e07a (28adf0bf)]&amp#27;[0m Event 'xcodeDetailsRetrieved' logged at 1710930935849 (16:05:35 GMT+0530 (India Standard Time))
&amp#27;[38;5;64m[BaseDriver]&amp#27;[0m Using local app '/Users/karishmabarot/Documents/Projects/TheraBody/Builds/qa_automation/therabody-stage.ipa'
&amp#27;[38;5;80m[Support]&amp#27;[0m Found 'unzip' at '/usr/bin/unzip'
&amp#27;[38;5;32m[XCUITestDriver@e07a (28adf0bf)]&amp#27;[0m Found 1 bundle in 'therabody-stage.ipa': Payload/Therabody.app
&amp#27;[38;5;32m[XCUITestDriver@e07a (28adf0bf)]&amp#27;[0m 'Payload/Therabody.app' is the resulting application bundle selected from '/Users/karishmabarot/Documents/Projects/TheraBody/Builds/qa_automation/therabody-stage.ipa'
&amp#27;[38;5;32m[XCUITestDriver@e07a (28adf0bf)]&amp#27;[0m Event 'appConfigured' logged at 1710930938767 (16:05:38 GMT+0530 (India Standard Time))
&amp#27;[38;5;48m[XCUITest]&amp#27;[0m Checking whether app '/var/folders/zr/572jgrt10ws3l2y8jwbmjs4h0000gq/T/2024220-11316-1v97q4l.oug5/Therabody.app' is actually present on file system
&amp#27;[38;5;48m[XCUITest]&amp#27;[0m App is present
&amp#27;[38;5;48m[XCUITest]&amp#27;[0m Getting bundle ID from app '/var/folders/zr/572jgrt10ws3l2y8jwbmjs4h0000gq/T/2024220-11316-1v97q4l.oug5/Therabody.app': 'com.theragun.consumer.stage'
&amp#27;[38;5;32m[XCUITestDriver@e07a (28adf0bf)]&amp#27;[0m Event 'resetStarted' logged at 1710930938770 (16:05:38 GMT+0530 (India Standard Time))
&amp#27;[38;5;48m[XCUITest]&amp#27;[0m Reset: running ios real device reset flow
&amp#27;[38;5;32m[XCUITestDriver@e07a (28adf0bf)]&amp#27;[0m Event 'resetComplete' logged at 1710930938770 (16:05:38 GMT+0530 (India Standard Time))
&amp#27;[38;5;32m[XCUITestDriver@e07a (28adf0bf)]&amp#27;[0m Using WDA path: '/Users/karishmabarot/.appium/node_modules/appium-xcuitest-driver/node_modules/appium-webdriveragent'
&amp#27;[38;5;32m[XCUITestDriver@e07a (28adf0bf)]&amp#27;[0m Using WDA agent: '/Users/karishmabarot/.appium/node_modules/appium-xcuitest-driver/node_modules/appium-webdriveragent/WebDriverAgent.xcodeproj'
&amp#27;[38;5;48m[XCUITest]&amp#27;[0m Crash reports root '/Users/karishmabarot/Library/Logs/CrashReporter/MobileDevice/iPhone (2)' does not exist. Got nothing to gather.
&amp#27;[38;5;32m[XCUITestDriver@e07a (28adf0bf)]&amp#27;[0m Event 'logCaptureStarted' logged at 1710930939116 (16:05:39 GMT+0530 (India Standard Time))
&amp#27;[38;5;32m[XCUITestDriver@e07a (28adf0bf)]&amp#27;[0m Setting up real device
&amp#27;[38;5;48m[XCUITest]&amp#27;[0m Verifying application platform
&amp#27;[38;5;48m[XCUITest]&amp#27;[0m CFBundleSupportedPlatforms: ["iPhoneOS"]
&amp#27;[38;5;32m[XCUITestDriver@e07a (28adf0bf)]&amp#27;[0m App 'com.theragun.consumer.stage' is already installed
&amp#27;[38;5;48m[XCUITest]&amp#27;[0m Reset requested. Removing app with id 'com.theragun.consumer.stage' from the device
&amp#27;[38;5;48m[XCUITest]&amp#27;[0m Installing '/var/folders/zr/572jgrt10ws3l2y8jwbmjs4h0000gq/T/2024220-11316-1v97q4l.oug5/Therabody.app' on device with UUID '00008030-000258281E3B802E'...
&amp#27;[38;5;48m[XCUITest]&amp#27;[0m Using 'serial' app deployment strategy. You could change it by providing another value to the 'appInstallStrategy' capability
&amp#27;[38;5;48m[XCUITest]&amp#27;[0m Getting bundle ID from app '/var/folders/zr/572jgrt10ws3l2y8jwbmjs4h0000gq/T/2024220-11316-1v97q4l.oug5/Therabody.app': 'com.theragun.consumer.stage'
&amp#27;[38;5;48m[XCUITest]&amp#27;[0m Successfully scanned the tree structure of '/var/folders/zr/572jgrt10ws3l2y8jwbmjs4h0000gq/T/2024220-11316-1v97q4l.oug5/Therabody.app'
&amp#27;[38;5;48m[XCUITest]&amp#27;[0m Got 85 folders and 508 files to push
&amp#27;[38;5;48m[XCUITest]&amp#27;[0m Successfully created the remote folder structure (86 items)
&amp#27;[38;5;48m[XCUITest]&amp#27;[0m Proceeding to serial files push
&amp#27;[38;5;32m[XCUITestDriver@e07a (28adf0bf)]&amp#27;[0m Parsed BUILD_DIR configuration value: '/Users/karishmabarot/Library/Developer/Xcode/DerivedData/WebDriverAgent-gdvpmskumoopbmfldjnrvvrsejyn/Build/Products'
&amp#27;[38;5;32m[XCUITestDriver@e07a (28adf0bf)]&amp#27;[0m Got derived data root: '/Users/karishmabarot/Library/Developer/Xcode/DerivedData/WebDriverAgent-gdvpmskumoopbmfldjnrvvrsejyn'
&amp#27;[38;5;48m[XCUITest]&amp#27;[0m Successfully pushed 85 folders and 508 files within 11795ms
&amp#27;[38;5;48m[XCUITest]&amp#27;[0m A new application installation is going to be performed
&amp#27;[38;5;48m[XCUITest]&amp#27;[0m App installation succeeded after 13817ms
&amp#27;[38;5;48m[XCUITest]&amp#27;[0m The app has been installed successfully.
&amp#27;[38;5;32m[XCUITestDriver@e07a (28adf0bf)]&amp#27;[0m Event 'appInstalled' logged at 1710930953384 (16:05:53 GMT+0530 (India Standard Time))
&amp#27;[38;5;32m[XCUITestDriver@e07a (28adf0bf)]&amp#27;[0m No obsolete cached processes from previous WDA sessions listening on port 8100 have been found
&amp#27;[38;5;96m[DevCon Factory]&amp#27;[0m Requesting connection for device 00008030-000258281E3B802E on local port 8100, device port 8100
&amp#27;[38;5;96m[DevCon Factory]&amp#27;[0m Cached connections count: 0
&amp#27;[38;5;96m[DevCon Factory]&amp#27;[0m Successfully requested the connection for 00008030-000258281E3B802E:8100
&amp#27;[38;5;32m[XCUITestDriver@e07a (28adf0bf)]&amp#27;[0m Starting WebDriverAgent initialization with the synchronization key 'XCUITestDriver'
&amp#27;[38;5;112m[WD Proxy]&amp#27;[0m Matched '/status' to command name 'getStatus'
&amp#27;[38;5;112m[WD Proxy]&amp#27;[0m Proxying [GET /status] to [GET http://127.0.0.1:8100/status] with no body
&amp#27;[38;5;112m[WD Proxy]&amp#27;[0m Got response with status 200: {"value":{"build":{"time":"Feb  1 2024 14:41:04","productBundleIdentifier":"com.facebook.WebDriverAgentRunner"},"os":{"testmanagerdVersion":65535,"name":"iOS","sdkVersion":"17.0","version":"16.1.1"},"device":"iphone","ios":{"ip":"192.168.10.100"},"message":"WebDriverAgent is ready to accept commands","state":"success","ready":true},"sessionId":null}
&amp#27;[38;5;32m[XCUITestDriver@e07a (28adf0bf)]&amp#27;[0m Upgrade timestamp of the currently bundled WDA: 1704802762731
&amp#27;[38;5;32m[XCUITestDriver@e07a (28adf0bf)]&amp#27;[0m Upgrade timestamp of the WDA on the device: undefined
&amp#27;[38;5;32m[XCUITestDriver@e07a (28adf0bf)]&amp#27;[0m Will reuse previously cached WDA instance at 'http://127.0.0.1:8100/' with 'com.facebook.WebDriverAgentRunner'. Set the wdaLocalPort capability to a value different from 8100 if this is an undesired behavior.
&amp#27;[38;5;32m[XCUITestDriver@e07a (28adf0bf)]&amp#27;[0m Trying to start WebDriverAgent 1 times with 10000ms interval
&amp#27;[38;5;32m[XCUITestDriver@e07a (28adf0bf)]&amp#27;[0m These values can be customized by changing wdaStartupRetries/wdaStartupRetryInterval capabilities
&amp#27;[38;5;32m[XCUITestDriver@e07a (28adf0bf)]&amp#27;[0m Event 'wdaStartAttempted' logged at 1710930953608 (16:05:53 GMT+0530 (India Standard Time))
&amp#27;[38;5;32m[XCUITestDriver@e07a (28adf0bf)]&amp#27;[0m Using provided WebdriverAgent at 'http://127.0.0.1:8100/'
&amp#27;[38;5;112m[WD Proxy]&amp#27;[0m Matched '/status' to command name 'getStatus'
&amp#27;[38;5;112m[WD Proxy]&amp#27;[0m Proxying [GET /status] to [GET http://127.0.0.1:8100/status] with no body
&amp#27;[38;5;112m[WD Proxy]&amp#27;[0m Got response with status 200: {"value":{"build":{"time":"Feb  1 2024 14:41:04","productBundleIdentifier":"com.facebook.WebDriverAgentRunner"},"os":{"testmanagerdVersion":65535,"name":"iOS","sdkVersion":"17.0","version":"16.1.1"},"device":"iphone","ios":{"ip":"192.168.10.100"},"message":"WebDriverAgent is ready to accept commands","state":"success","ready":true},"sessionId":null}
&amp#27;[38;5;32m[XCUITestDriver@e07a (28adf0bf)]&amp#27;[0m Event 'wdaSessionAttempted' logged at 1710930953619 (16:05:53 GMT+0530 (India Standard Time))
&amp#27;[38;5;32m[XCUITestDriver@e07a (28adf0bf)]&amp#27;[0m Sending createSession command to WDA
&amp#27;[38;5;32m[XCUITestDriver@e07a (28adf0bf)]&amp#27;[0m Matched '/session' to command name 'createSession'
&amp#27;[38;5;32m[XCUITestDriver@e07a (28adf0bf)]&amp#27;[0m Proxying [POST /session] to [POST http://127.0.0.1:8100/session] with body: {"capabilities":{"firstMatch":[{"bundleId":"com.theragun.consumer.stage","arguments":[],"environment":{},"eventloopIdleDelaySec":0,"shouldWaitForQuiescence":true,"shouldUseTestManagerForVisibilityDetection":false,"maxTypingFrequency":60,"shouldUseSingletonTestManager":true,"shouldTerminateApp":true,"forceAppLaunch":true,"useNativeCachingStrategy":true,"forceSimulatorSoftwareKeyboardPresence":true}],"alwaysMatch":{}}}
&amp#27;[38;5;32m[XCUITestDriver@e07a (28adf0bf)]&amp#27;[0m Got response with status 200: {"value":{"sessionId":"E78FC83E-19E7-4136-B719-97A048452808","capabilities":{"sdkVersion":"16.1.1","device":"iphone"}},"sessionId":"E78FC83E-19E7-4136-B719-97A048452808"}
&amp#27;[38;5;32m[XCUITestDriver@e07a (28adf0bf)]&amp#27;[0m Determined the downstream protocol as 'W3C'
&amp#27;[38;5;32m[XCUITestDriver@e07a (28adf0bf)]&amp#27;[0m Event 'wdaSessionStarted' logged at 1710930955564 (16:05:55 GMT+0530 (India Standard Time))
&amp#27;[38;5;32m[XCUITestDriver@e07a (28adf0bf)]&amp#27;[0m Event 'wdaStarted' logged at 1710930955564 (16:05:55 GMT+0530 (India Standard Time))
&amp#27;[38;5;64m[BaseDriver]&amp#27;[0m The value of 'elementResponseAttributes' setting did not change. Skipping the update for it
&amp#27;[38;5;64m[BaseDriver]&amp#27;[0m The value of 'shouldUseCompactResponses' setting did not change. Skipping the update for it
&amp#27;[38;5;16m[AppiumDriver@96d2]&amp#27;[0m New XCUITestDriver session created successfully, session 28adf0bf-7ee8-437a-b2e7-798510efe6fe added to master session list
&amp#27;[38;5;16m[AppiumDriver@96d2]&amp#27;[0m Event 'newSessionStarted' logged at 1710930955568 (16:05:55 GMT+0530 (India Standard Time))
&amp#27;[38;5;32m[XCUITestDriver@e07a (28adf0bf)]&amp#27;[0m Cached the protocol value 'W3C' for the new session 28adf0bf-7ee8-437a-b2e7-798510efe6fe
&amp#27;[38;5;32m[XCUITestDriver@e07a (28adf0bf)]&amp#27;[0m Responding to client with driver.createSession() result: {"capabilities":{"webStorageEnabled":false,"locationContextEnabled":false,"browserName":"","platform":"MAC","javascriptEnabled":true,"databaseEnabled":false,"takesScreenshot":true,"networkConnectionEnabled":false,"platformName":"IOS","app":"/Users/karishmabarot/Documents/Projects/TheraBody/Builds/qa_automation/therabody-stage.ipa","autoGrantPermissions":true,"automationName":"XCUITest","deviceName":"iPhone (2)","noReset":false,"platformVersion":"16.1.1","plugins":"execute-driver","udid":"00008030-000258281E3B802E"}}
&amp#27;[38;5;0m[HTTP]&amp#27;[0m &amp#27;[37m<-- POST /session &amp#27;[39m&amp#27;[32m200&amp#27;[39m &amp#27;[90m19872 ms - 582&amp#27;[39m
&amp#27;[38;5;0m[HTTP]&amp#27;[0m &amp#27;[90m&amp#27;[39m
&amp#27;[38;5;0m[HTTP]&amp#27;[0m &amp#27;[37m-->&amp#27;[39m &amp#27;[37mGET&amp#27;[39m &amp#27;[37m/session/28adf0bf-7ee8-437a-b2e7-798510efe6fe/context&amp#27;[39m
&amp#27;[38;5;0m[HTTP]&amp#27;[0m &amp#27;[90m{}&amp#27;[39m
&amp#27;[38;5;32m[XCUITestDriver@e07a (28adf0bf)]&amp#27;[0m Calling AppiumDriver.getCurrentContext() with args: ["28adf0bf-7ee8-437a-b2e7-798510efe6fe"]
&amp#27;[38;5;32m[XCUITestDriver@e07a (28adf0bf)]&amp#27;[0m Executing command 'getCurrentContext'
&amp#27;[38;5;32m[XCUITestDriver@e07a (28adf0bf)]&amp#27;[0m Responding to client with driver.getCurrentContext() result: "NATIVE_APP"
&amp#27;[38;5;0m[HTTP]&amp#27;[0m &amp#27;[37m<-- GET /session/28adf0bf-7ee8-437a-b2e7-798510efe6fe/context &amp#27;[39m&amp#27;[32m200&amp#27;[39m &amp#27;[90m16 ms - 22&amp#27;[39m
&amp#27;[38;5;0m[HTTP]&amp#27;[0m &amp#27;[90m&amp#27;[39m
&amp#27;[38;5;0m[HTTP]&amp#27;[0m &amp#27;[37m-->&amp#27;[39m &amp#27;[37mPOST&amp#27;[39m &amp#27;[37m/session/28adf0bf-7ee8-437a-b2e7-798510efe6fe/element&amp#27;[39m
&amp#27;[38;5;0m[HTTP]&amp#27;[0m &amp#27;[90m{"using":"xpath","value":"//XCUIElementTypeStaticText[@name=\"SKIP\"]"}&amp#27;[39m
&amp#27;[38;5;32m[XCUITestDriver@e07a (28adf0bf)]&amp#27;[0m Calling AppiumDriver.findElement() with args: ["xpath","//XCUIElementTypeStaticText[@name=\"SKIP\"]","28adf0bf-7ee8-437a-b2e7-798510efe6fe"]
&amp#27;[38;5;32m[XCUITestDriver@e07a (28adf0bf)]&amp#27;[0m Executing command 'findElement'
&amp#27;[38;5;32m[XCUITestDriver@e07a (28adf0bf)]&amp#27;[0m Valid locator strategies for this request: xpath, id, name, class name, -ios predicate string, -ios class chain, accessibility id, css selector
&amp#27;[38;5;32m[XCUITestDriver@e07a (28adf0bf)]&amp#27;[0m Waiting up to 0 ms for condition
&amp#27;[38;5;32m[XCUITestDriver@e07a (28adf0bf)]&amp#27;[0m Matched '/element' to command name 'findElement'
&amp#27;[38;5;32m[XCUITestDriver@e07a (28adf0bf)]&amp#27;[0m Proxying [POST /element] to [POST http://127.0.0.1:8100/session/E78FC83E-19E7-4136-B719-97A048452808/element] with body: {"using":"xpath","value":"//XCUIElementTypeStaticText[@name=\"SKIP\"]"}
&amp#27;[38;5;32m[XCUITestDriver@e07a (28adf0bf)]&amp#27;[0m Got response with status 200: {"value":{"ELEMENT":"16000000-0000-0000-0103-000000000000","element-6066-11e4-a52e-4f735466cecf":"16000000-0000-0000-0103-000000000000"},"sessionId":"E78FC83E-19E7-4136-B719-97A048452808"}
&amp#27;[38;5;32m[XCUITestDriver@e07a (28adf0bf)]&amp#27;[0m Responding to client with driver.findElement() result: {"element-6066-11e4-a52e-4f735466cecf":"16000000-0000-0000-0103-000000000000","ELEMENT":"16000000-0000-0000-0103-000000000000"}
&amp#27;[38;5;0m[HTTP]&amp#27;[0m &amp#27;[37m<-- POST /session/28adf0bf-7ee8-437a-b2e7-798510efe6fe/element &amp#27;[39m&amp#27;[32m200&amp#27;[39m &amp#27;[90m368 ms - 137&amp#27;[39m
&amp#27;[38;5;0m[HTTP]&amp#27;[0m &amp#27;[90m&amp#27;[39m
&amp#27;[38;5;0m[HTTP]&amp#27;[0m &amp#27;[37m-->&amp#27;[39m &amp#27;[37mGET&amp#27;[39m &amp#27;[37m/session/28adf0bf-7ee8-437a-b2e7-798510efe6fe/element/16000000-0000-0000-0103-000000000000/displayed&amp#27;[39m
&amp#27;[38;5;0m[HTTP]&amp#27;[0m &amp#27;[90m{}&amp#27;[39m
&amp#27;[38;5;32m[XCUITestDriver@e07a (28adf0bf)]&amp#27;[0m Driver proxy active, passing request on via HTTP proxy
&amp#27;[38;5;32m[XCUITestDriver@e07a (28adf0bf)]&amp#27;[0m Executing command 'proxyReqRes'
&amp#27;[38;5;32m[XCUITestDriver@e07a (28adf0bf)]&amp#27;[0m Matched '/session/28adf0bf-7ee8-437a-b2e7-798510efe6fe/element/16000000-0000-0000-0103-000000000000/displayed' to command name 'elementDisplayed'
&amp#27;[38;5;32m[XCUITestDriver@e07a (28adf0bf)]&amp#27;[0m Proxying [GET /session/28adf0bf-7ee8-437a-b2e7-798510efe6fe/element/16000000-0000-0000-0103-000000000000/displayed] to [GET http://127.0.0.1:8100/session/E78FC83E-19E7-4136-B719-97A048452808/element/16000000-0000-0000-0103-000000000000/displayed] with no body
&amp#27;[38;5;32m[XCUITestDriver@e07a (28adf0bf)]&amp#27;[0m Got response with status 200: {"value":true,"sessionId":"E78FC83E-19E7-4136-B719-97A048452808"}
&amp#27;[38;5;32m[XCUITestDriver@e07a (28adf0bf)]&amp#27;[0m Replacing sessionId E78FC83E-19E7-4136-B719-97A048452808 with 28adf0bf-7ee8-437a-b2e7-798510efe6fe
&amp#27;[38;5;0m[HTTP]&amp#27;[0m &amp#27;[37m<-- GET /session/28adf0bf-7ee8-437a-b2e7-798510efe6fe/element/16000000-0000-0000-0103-000000000000/displayed &amp#27;[39m&amp#27;[32m200&amp#27;[39m &amp#27;[90m64 ms - 65&amp#27;[39m
&amp#27;[38;5;0m[HTTP]&amp#27;[0m &amp#27;[90m&amp#27;[39m
&amp#27;[38;5;0m[HTTP]&amp#27;[0m &amp#27;[37m-->&amp#27;[39m &amp#27;[37mGET&amp#27;[39m &amp#27;[37m/session/28adf0bf-7ee8-437a-b2e7-798510efe6fe/context&amp#27;[39m
&amp#27;[38;5;0m[HTTP]&amp#27;[0m &amp#27;[90m{}&amp#27;[39m
&amp#27;[38;5;32m[XCUITestDriver@e07a (28adf0bf)]&amp#27;[0m Calling AppiumDriver.getCurrentContext() with args: ["28adf0bf-7ee8-437a-b2e7-798510efe6fe"]
&amp#27;[38;5;32m[XCUITestDriver@e07a (28adf0bf)]&amp#27;[0m Executing command 'getCurrentContext'
&amp#27;[38;5;32m[XCUITestDriver@e07a (28adf0bf)]&amp#27;[0m Responding to client with driver.getCurrentContext() result: "NATIVE_APP"
&amp#27;[38;5;0m[HTTP]&amp#27;[0m &amp#27;[37m<-- GET /session/28adf0bf-7ee8-437a-b2e7-798510efe6fe/context &amp#27;[39m&amp#27;[32m200&amp#27;[39m &amp#27;[90m4 ms - 22&amp#27;[39m
&amp#27;[38;5;0m[HTTP]&amp#27;[0m &amp#27;[90m&amp#27;[39m
&amp#27;[38;5;0m[HTTP]&amp#27;[0m &amp#27;[37m-->&amp#27;[39m &amp#27;[37mPOST&amp#27;[39m &amp#27;[37m/session/28adf0bf-7ee8-437a-b2e7-798510efe6fe/element&amp#27;[39m
&amp#27;[38;5;0m[HTTP]&amp#27;[0m &amp#27;[90m{"using":"xpath","value":"//XCUIElementTypeStaticText[@name=\"SKIP\"]"}&amp#27;[39m
&amp#27;[38;5;32m[XCUITestDriver@e07a (28adf0bf)]&amp#27;[0m Calling AppiumDriver.findElement() with args: ["xpath","//XCUIElementTypeStaticText[@name=\"SKIP\"]","28adf0bf-7ee8-437a-b2e7-798510efe6fe"]
&amp#27;[38;5;32m[XCUITestDriver@e07a (28adf0bf)]&amp#27;[0m Executing command 'findElement'
&amp#27;[38;5;32m[XCUITestDriver@e07a (28adf0bf)]&amp#27;[0m Valid locator strategies for this request: xpath, id, name, class name, -ios predicate string, -ios class chain, accessibility id, css selector
&amp#27;[38;5;32m[XCUITestDriver@e07a (28adf0bf)]&amp#27;[0m Waiting up to 0 ms for condition
&amp#27;[38;5;32m[XCUITestDriver@e07a (28adf0bf)]&amp#27;[0m Matched '/element' to command name 'findElement'
&amp#27;[38;5;32m[XCUITestDriver@e07a (28adf0bf)]&amp#27;[0m Proxying [POST /element] to [POST http://127.0.0.1:8100/session/E78FC83E-19E7-4136-B719-97A048452808/element] with body: {"using":"xpath","value":"//XCUIElementTypeStaticText[@name=\"SKIP\"]"}
&amp#27;[38;5;32m[XCUITestDriver@e07a (28adf0bf)]&amp#27;[0m Got response with status 200: {"value":{"ELEMENT":"16000000-0000-0000-0103-000000000000","element-6066-11e4-a52e-4f735466cecf":"16000000-0000-0000-0103-000000000000"},"sessionId":"E78FC83E-19E7-4136-B719-97A048452808"}
&amp#27;[38;5;32m[XCUITestDriver@e07a (28adf0bf)]&amp#27;[0m Responding to client with driver.findElement() result: {"element-6066-11e4-a52e-4f735466cecf":"16000000-0000-0000-0103-000000000000","ELEMENT":"16000000-0000-0000-0103-000000000000"}
&amp#27;[38;5;0m[HTTP]&amp#27;[0m &amp#27;[37m<-- POST /session/28adf0bf-7ee8-437a-b2e7-798510efe6fe/element &amp#27;[39m&amp#27;[32m200&amp#27;[39m &amp#27;[90m311 ms - 137&amp#27;[39m
&amp#27;[38;5;0m[HTTP]&amp#27;[0m &amp#27;[90m&amp#27;[39m
&amp#27;[38;5;0m[HTTP]&amp#27;[0m &amp#27;[37m-->&amp#27;[39m &amp#27;[37mGET&amp#27;[39m &amp#27;[37m/session/28adf0bf-7ee8-437a-b2e7-798510efe6fe/element/16000000-0000-0000-0103-000000000000/enabled&amp#27;[39m
&amp#27;[38;5;0m[HTTP]&amp#27;[0m &amp#27;[90m{}&amp#27;[39m
&amp#27;[38;5;32m[XCUITestDriver@e07a (28adf0bf)]&amp#27;[0m Driver proxy active, passing request on via HTTP proxy
&amp#27;[38;5;32m[XCUITestDriver@e07a (28adf0bf)]&amp#27;[0m Executing command 'proxyReqRes'
&amp#27;[38;5;32m[XCUITestDriver@e07a (28adf0bf)]&amp#27;[0m Matched '/session/28adf0bf-7ee8-437a-b2e7-798510efe6fe/element/16000000-0000-0000-0103-000000000000/enabled' to command name 'elementEnabled'
&amp#27;[38;5;32m[XCUITestDriver@e07a (28adf0bf)]&amp#27;[0m Proxying [GET /session/28adf0bf-7ee8-437a-b2e7-798510efe6fe/element/16000000-0000-0000-0103-000000000000/enabled] to [GET http://127.0.0.1:8100/session/E78FC83E-19E7-4136-B719-97A048452808/element/16000000-0000-0000-0103-000000000000/enabled] with no body
&amp#27;[38;5;32m[XCUITestDriver@e07a (28adf0bf)]&amp#27;[0m Got response with status 200: {"value":true,"sessionId":"E78FC83E-19E7-4136-B719-97A048452808"}
&amp#27;[38;5;32m[XCUITestDriver@e07a (28adf0bf)]&amp#27;[0m Replacing sessionId E78FC83E-19E7-4136-B719-97A048452808 with 28adf0bf-7ee8-437a-b2e7-798510efe6fe
&amp#27;[38;5;0m[HTTP]&amp#27;[0m &amp#27;[37m<-- GET /session/28adf0bf-7ee8-437a-b2e7-798510efe6fe/element/16000000-0000-0000-0103-000000000000/enabled &amp#27;[39m&amp#27;[32m200&amp#27;[39m &amp#27;[90m37 ms - 65&amp#27;[39m
&amp#27;[38;5;0m[HTTP]&amp#27;[0m &amp#27;[90m&amp#27;[39m
&amp#27;[38;5;0m[HTTP]&amp#27;[0m &amp#27;[37m-->&amp#27;[39m &amp#27;[37mGET&amp#27;[39m &amp#27;[37m/session/28adf0bf-7ee8-437a-b2e7-798510efe6fe/context&amp#27;[39m
&amp#27;[38;5;0m[HTTP]&amp#27;[0m &amp#27;[90m{}&amp#27;[39m
&amp#27;[38;5;32m[XCUITestDriver@e07a (28adf0bf)]&amp#27;[0m Calling AppiumDriver.getCurrentContext() with args: ["28adf0bf-7ee8-437a-b2e7-798510efe6fe"]
&amp#27;[38;5;32m[XCUITestDriver@e07a (28adf0bf)]&amp#27;[0m Executing command 'getCurrentContext'
&amp#27;[38;5;32m[XCUITestDriver@e07a (28adf0bf)]&amp#27;[0m Responding to client with driver.getCurrentContext() result: "NATIVE_APP"
&amp#27;[38;5;0m[HTTP]&amp#27;[0m &amp#27;[37m<-- GET /session/28adf0bf-7ee8-437a-b2e7-798510efe6fe/context &amp#27;[39m&amp#27;[32m200&amp#27;[39m &amp#27;[90m1 ms - 22&amp#27;[39m
&amp#27;[38;5;0m[HTTP]&amp#27;[0m &amp#27;[90m&amp#27;[39m
&amp#27;[38;5;0m[HTTP]&amp#27;[0m &amp#27;[37m-->&amp#27;[39m &amp#27;[37mPOST&amp#27;[39m &amp#27;[37m/session/28adf0bf-7ee8-437a-b2e7-798510efe6fe/element&amp#27;[39m
&amp#27;[38;5;0m[HTTP]&amp#27;[0m &amp#27;[90m{"using":"xpath","value":"//XCUIElementTypeStaticText[@name=\"SKIP\"]"}&amp#27;[39m
&amp#27;[38;5;32m[XCUITestDriver@e07a (28adf0bf)]&amp#27;[0m Calling AppiumDriver.findElement() with args: ["xpath","//XCUIElementTypeStaticText[@name=\"SKIP\"]","28adf0bf-7ee8-437a-b2e7-798510efe6fe"]
&amp#27;[38;5;32m[XCUITestDriver@e07a (28adf0bf)]&amp#27;[0m Executing command 'findElement'
&amp#27;[38;5;32m[XCUITestDriver@e07a (28adf0bf)]&amp#27;[0m Valid locator strategies for this request: xpath, id, name, class name, -ios predicate string, -ios class chain, accessibility id, css selector
&amp#27;[38;5;32m[XCUITestDriver@e07a (28adf0bf)]&amp#27;[0m Waiting up to 0 ms for condition
&amp#27;[38;5;32m[XCUITestDriver@e07a (28adf0bf)]&amp#27;[0m Matched '/element' to command name 'findElement'
&amp#27;[38;5;32m[XCUITestDriver@e07a (28adf0bf)]&amp#27;[0m Proxying [POST /element] to [POST http://127.0.0.1:8100/session/E78FC83E-19E7-4136-B719-97A048452808/element] with body: {"using":"xpath","value":"//XCUIElementTypeStaticText[@name=\"SKIP\"]"}
&amp#27;[38;5;32m[XCUITestDriver@e07a (28adf0bf)]&amp#27;[0m Got response with status 200: {"value":{"ELEMENT":"16000000-0000-0000-0103-000000000000","element-6066-11e4-a52e-4f735466cecf":"16000000-0000-0000-0103-000000000000"},"sessionId":"E78FC83E-19E7-4136-B719-97A048452808"}
&amp#27;[38;5;32m[XCUITestDriver@e07a (28adf0bf)]&amp#27;[0m Responding to client with driver.findElement() result: {"element-6066-11e4-a52e-4f735466cecf":"16000000-0000-0000-0103-000000000000","ELEMENT":"16000000-0000-0000-0103-000000000000"}
&amp#27;[38;5;0m[HTTP]&amp#27;[0m &amp#27;[37m<-- POST /session/28adf0bf-7ee8-437a-b2e7-798510efe6fe/element &amp#27;[39m&amp#27;[32m200&amp#27;[39m &amp#27;[90m360 ms - 137&amp#27;[39m
&amp#27;[38;5;0m[HTTP]&amp#27;[0m &amp#27;[90m&amp#27;[39m
&amp#27;[38;5;0m[HTTP]&amp#27;[0m &amp#27;[37m-->&amp#27;[39m &amp#27;[37mPOST&amp#27;[39m &amp#27;[37m/session/28adf0bf-7ee8-437a-b2e7-798510efe6fe/element/16000000-0000-0000-0103-000000000000/click&amp#27;[39m
&amp#27;[38;5;0m[HTTP]&amp#27;[0m &amp#27;[90m{"id":"16000000-0000-0000-0103-000000000000"}&amp#27;[39m
&amp#27;[38;5;32m[XCUITestDriver@e07a (28adf0bf)]&amp#27;[0m Driver proxy active, passing request on via HTTP proxy
&amp#27;[38;5;32m[XCUITestDriver@e07a (28adf0bf)]&amp#27;[0m Executing command 'proxyReqRes'
&amp#27;[38;5;32m[XCUITestDriver@e07a (28adf0bf)]&amp#27;[0m Matched '/session/28adf0bf-7ee8-437a-b2e7-798510efe6fe/element/16000000-0000-0000-0103-000000000000/click' to command name 'click'
&amp#27;[38;5;32m[XCUITestDriver@e07a (28adf0bf)]&amp#27;[0m Proxying [POST /session/28adf0bf-7ee8-437a-b2e7-798510efe6fe/element/16000000-0000-0000-0103-000000000000/click] to [POST http://127.0.0.1:8100/session/E78FC83E-19E7-4136-B719-97A048452808/element/16000000-0000-0000-0103-000000000000/click] with body: {"id":"16000000-0000-0000-0103-000000000000"}
&amp#27;[38;5;32m[XCUITestDriver@e07a (28adf0bf)]&amp#27;[0m Got response with status 200: {"value":null,"sessionId":"E78FC83E-19E7-4136-B719-97A048452808"}
&amp#27;[38;5;32m[XCUITestDriver@e07a (28adf0bf)]&amp#27;[0m Replacing sessionId E78FC83E-19E7-4136-B719-97A048452808 with 28adf0bf-7ee8-437a-b2e7-798510efe6fe
&amp#27;[38;5;0m[HTTP]&amp#27;[0m &amp#27;[37m<-- POST /session/28adf0bf-7ee8-437a-b2e7-798510efe6fe/element/16000000-0000-0000-0103-000000000000/click &amp#27;[39m&amp#27;[32m200&amp#27;[39m &amp#27;[90m946 ms - 65&amp#27;[39m
&amp#27;[38;5;0m[HTTP]&amp#27;[0m &amp#27;[90m&amp#27;[39m
&amp#27;[38;5;0m[HTTP]&amp#27;[0m &amp#27;[37m-->&amp#27;[39m &amp#27;[37mPOST&amp#27;[39m &amp#27;[37m/session/28adf0bf-7ee8-437a-b2e7-798510efe6fe/actions&amp#27;[39m
&amp#27;[38;5;0m[HTTP]&amp#27;[0m &amp#27;[90m{"actions":[{"id":"finger","type":"pointer","parameters":{"pointerType":"touch"},"actions":[{"duration":0,"type":"pause"},{"duration":0,"x":285,"y":636,"type":"pointerMove","origin":"viewport"},{"button":0,"type":"pointerDown"},{"button":0,"type":"pointerUp"}]}]}&amp#27;[39m
&amp#27;[38;5;32m[XCUITestDriver@e07a (28adf0bf)]&amp#27;[0m Calling AppiumDriver.performActions() with args: [[{"id":"finger","type":"pointer","parameters":{"pointerType":"touch"},"actions":[{"duration":0,"type":"pause"},{"duration":0,"x":285,"y":636,"type":"pointerMove","origin":"viewport"},{"button":0,"type":"pointerDown"},{"button":0,"type":"pointerUp"}]}],"28adf0bf-7ee8-437a-b2e7-798510efe6fe"]
&amp#27;[38;5;32m[XCUITestDriver@e07a (28adf0bf)]&amp#27;[0m Executing command 'performActions'
&amp#27;[38;5;32m[XCUITestDriver@e07a (28adf0bf)]&amp#27;[0m Received the following W3C actions: [
&amp#27;[38;5;32m[XCUITestDriver@e07a (28adf0bf)]&amp#27;[0m   {
&amp#27;[38;5;32m[XCUITestDriver@e07a (28adf0bf)]&amp#27;[0m     "id": "finger",
&amp#27;[38;5;32m[XCUITestDriver@e07a (28adf0bf)]&amp#27;[0m     "type": "pointer",
&amp#27;[38;5;32m[XCUITestDriver@e07a (28adf0bf)]&amp#27;[0m     "parameters": {
&amp#27;[38;5;32m[XCUITestDriver@e07a (28adf0bf)]&amp#27;[0m       "pointerType": "touch"
&amp#27;[38;5;32m[XCUITestDriver@e07a (28adf0bf)]&amp#27;[0m     },
&amp#27;[38;5;32m[XCUITestDriver@e07a (28adf0bf)]&amp#27;[0m     "actions": [
&amp#27;[38;5;32m[XCUITestDriver@e07a (28adf0bf)]&amp#27;[0m       {
&amp#27;[38;5;32m[XCUITestDriver@e07a (28adf0bf)]&amp#27;[0m         "duration": 0,
&amp#27;[38;5;32m[XCUITestDriver@e07a (28adf0bf)]&amp#27;[0m         "type": "pause"
&amp#27;[38;5;32m[XCUITestDriver@e07a (28adf0bf)]&amp#27;[0m       },
&amp#27;[38;5;32m[XCUITestDriver@e07a (28adf0bf)]&amp#27;[0m       {
&amp#27;[38;5;32m[XCUITestDriver@e07a (28adf0bf)]&amp#27;[0m         "duration": 0,
&amp#27;[38;5;32m[XCUITestDriver@e07a (28adf0bf)]&amp#27;[0m         "x": 285,
&amp#27;[38;5;32m[XCUITestDriver@e07a (28adf0bf)]&amp#27;[0m         "y": 636,
&amp#27;[38;5;32m[XCUITestDriver@e07a (28adf0bf)]&amp#27;[0m         "type": "pointerMove",
&amp#27;[38;5;32m[XCUITestDriver@e07a (28adf0bf)]&amp#27;[0m         "origin": "viewport"
&amp#27;[38;5;32m[XCUITestDriver@e07a (28adf0bf)]&amp#27;[0m       },
&amp#27;[38;5;32m[XCUITestDriver@e07a (28adf0bf)]&amp#27;[0m       {
&amp#27;[38;5;32m[XCUITestDriver@e07a (28adf0bf)]&amp#27;[0m         "button": 0,
&amp#27;[38;5;32m[XCUITestDriver@e07a (28adf0bf)]&amp#27;[0m         "type": "pointerDown"
&amp#27;[38;5;32m[XCUITestDriver@e07a (28adf0bf)]&amp#27;[0m       },
&amp#27;[38;5;32m[XCUITestDriver@e07a (28adf0bf)]&amp#27;[0m       {
&amp#27;[38;5;32m[XCUITestDriver@e07a (28adf0bf)]&amp#27;[0m         "button": 0,
&amp#27;[38;5;32m[XCUITestDriver@e07a (28adf0bf)]&amp#27;[0m         "type": "pointerUp"
&amp#27;[38;5;32m[XCUITestDriver@e07a (28adf0bf)]&amp#27;[0m       }
&amp#27;[38;5;32m[XCUITestDriver@e07a (28adf0bf)]&amp#27;[0m     ]
&amp#27;[38;5;32m[XCUITestDriver@e07a (28adf0bf)]&amp#27;[0m   }
&amp#27;[38;5;32m[XCUITestDriver@e07a (28adf0bf)]&amp#27;[0m ]
&amp#27;[38;5;32m[XCUITestDriver@e07a (28adf0bf)]&amp#27;[0m Preprocessed actions: [
&amp#27;[38;5;32m[XCUITestDriver@e07a (28adf0bf)]&amp#27;[0m   {
&amp#27;[38;5;32m[XCUITestDriver@e07a (28adf0bf)]&amp#27;[0m     "id": "finger",
&amp#27;[38;5;32m[XCUITestDriver@e07a (28adf0bf)]&amp#27;[0m     "type": "pointer",
&amp#27;[38;5;32m[XCUITestDriver@e07a (28adf0bf)]&amp#27;[0m     "parameters": {
&amp#27;[38;5;32m[XCUITestDriver@e07a (28adf0bf)]&amp#27;[0m       "pointerType": "touch"
&amp#27;[38;5;32m[XCUITestDriver@e07a (28adf0bf)]&amp#27;[0m     },
&amp#27;[38;5;32m[XCUITestDriver@e07a (28adf0bf)]&amp#27;[0m     "actions": [
&amp#27;[38;5;32m[XCUITestDriver@e07a (28adf0bf)]&amp#27;[0m       {
&amp#27;[38;5;32m[XCUITestDriver@e07a (28adf0bf)]&amp#27;[0m         "duration": 0,
&amp#27;[38;5;32m[XCUITestDriver@e07a (28adf0bf)]&amp#27;[0m         "x": 285,
&amp#27;[38;5;32m[XCUITestDriver@e07a (28adf0bf)]&amp#27;[0m         "y": 636,
&amp#27;[38;5;32m[XCUITestDriver@e07a (28adf0bf)]&amp#27;[0m         "type": "pointerMove",
&amp#27;[38;5;32m[XCUITestDriver@e07a (28adf0bf)]&amp#27;[0m         "origin": "viewport"
&amp#27;[38;5;32m[XCUITestDriver@e07a (28adf0bf)]&amp#27;[0m       },
&amp#27;[38;5;32m[XCUITestDriver@e07a (28adf0bf)]&amp#27;[0m       {
&amp#27;[38;5;32m[XCUITestDriver@e07a (28adf0bf)]&amp#27;[0m         "button": 0,
&amp#27;[38;5;32m[XCUITestDriver@e07a (28adf0bf)]&amp#27;[0m         "type": "pointerDown"
&amp#27;[38;5;32m[XCUITestDriver@e07a (28adf0bf)]&amp#27;[0m       },
&amp#27;[38;5;32m[XCUITestDriver@e07a (28adf0bf)]&amp#27;[0m       {
&amp#27;[38;5;32m[XCUITestDriver@e07a (28adf0bf)]&amp#27;[0m         "button": 0,
&amp#27;[38;5;32m[XCUITestDriver@e07a (28adf0bf)]&amp#27;[0m         "type": "pointerUp"
&amp#27;[38;5;32m[XCUITestDriver@e07a (28adf0bf)]&amp#27;[0m       }
&amp#27;[38;5;32m[XCUITestDriver@e07a (28adf0bf)]&amp#27;[0m     ]
&amp#27;[38;5;32m[XCUITestDriver@e07a (28adf0bf)]&amp#27;[0m   }
&amp#27;[38;5;32m[XCUITestDriver@e07a (28adf0bf)]&amp#27;[0m ]
&amp#27;[38;5;32m[XCUITestDriver@e07a (28adf0bf)]&amp#27;[0m Matched '/actions' to command name 'performActions'
&amp#27;[38;5;32m[XCUITestDriver@e07a (28adf0bf)]&amp#27;[0m Proxying [POST /actions] to [POST http://127.0.0.1:8100/session/E78FC83E-19E7-4136-B719-97A048452808/actions] with body: {"actions":[{"id":"finger","type":"pointer","parameters":{"pointerType":"touch"},"actions":[{"duration":0,"x":285,"y":636,"type":"pointerMove","origin":"viewport"},{"button":0,"type":"pointerDown"},{"button":0,"type":"pointerUp"}]}]}
&amp#27;[38;5;32m[XCUITestDriver@e07a (28adf0bf)]&amp#27;[0m Got response with status 200: {"value":null,"sessionId":"E78FC83E-19E7-4136-B719-97A048452808"}
&amp#27;[38;5;32m[XCUITestDriver@e07a (28adf0bf)]&amp#27;[0m Responding to client with driver.performActions() result: null
&amp#27;[38;5;0m[HTTP]&amp#27;[0m &amp#27;[37m<-- POST /session/28adf0bf-7ee8-437a-b2e7-798510efe6fe/actions &amp#27;[39m&amp#27;[32m200&amp#27;[39m &amp#27;[90m675 ms - 14&amp#27;[39m
&amp#27;[38;5;0m[HTTP]&amp#27;[0m &amp#27;[90m&amp#27;[39m
]]></system-out>
    <system-err><![CDATA[SLF4J: Failed to load class "org.slf4j.impl.StaticLoggerBinder".
SLF4J: Defaulting to no-operation (NOP) logger implementation
SLF4J: See http://www.slf4j.org/codes.html#StaticLoggerBinder for further details.
]]></system-err>
  </testcase>
  <testcase name="testLogin" classname="testCases.LoginTCs" time="24.065">
    <system-out><![CDATA[&amp#27;[38;5;0m[HTTP]&amp#27;[0m &amp#27;[37m-->&amp#27;[39m &amp#27;[37mGET&amp#27;[39m &amp#27;[37m/session/28adf0bf-7ee8-437a-b2e7-798510efe6fe/context&amp#27;[39m
&amp#27;[38;5;0m[HTTP]&amp#27;[0m &amp#27;[90m{}&amp#27;[39m
&amp#27;[38;5;32m[XCUITestDriver@e07a (28adf0bf)]&amp#27;[0m Calling AppiumDriver.getCurrentContext() with args: ["28adf0bf-7ee8-437a-b2e7-798510efe6fe"]
&amp#27;[38;5;32m[XCUITestDriver@e07a (28adf0bf)]&amp#27;[0m Executing command 'getCurrentContext'
&amp#27;[38;5;32m[XCUITestDriver@e07a (28adf0bf)]&amp#27;[0m Responding to client with driver.getCurrentContext() result: "NATIVE_APP"
&amp#27;[38;5;0m[HTTP]&amp#27;[0m &amp#27;[37m<-- GET /session/28adf0bf-7ee8-437a-b2e7-798510efe6fe/context &amp#27;[39m&amp#27;[32m200&amp#27;[39m &amp#27;[90m5 ms - 22&amp#27;[39m
&amp#27;[38;5;0m[HTTP]&amp#27;[0m &amp#27;[90m&amp#27;[39m
&amp#27;[38;5;0m[HTTP]&amp#27;[0m &amp#27;[37m-->&amp#27;[39m &amp#27;[37mPOST&amp#27;[39m &amp#27;[37m/session/28adf0bf-7ee8-437a-b2e7-798510efe6fe/element&amp#27;[39m
&amp#27;[38;5;0m[HTTP]&amp#27;[0m &amp#27;[90m{"using":"xpath","value":"//XCUIElementTypeTextField[@name=\"UIA.Therabody.Signin.EmailTextField\"]"}&amp#27;[39m
&amp#27;[38;5;32m[XCUITestDriver@e07a (28adf0bf)]&amp#27;[0m Calling AppiumDriver.findElement() with args: ["xpath","//XCUIElementTypeTextField[@name=\"UIA.Therabody.Signin.EmailTextField\"]","28adf0bf-7ee8-437a-b2e7-798510efe6fe"]
&amp#27;[38;5;32m[XCUITestDriver@e07a (28adf0bf)]&amp#27;[0m Executing command 'findElement'
&amp#27;[38;5;32m[XCUITestDriver@e07a (28adf0bf)]&amp#27;[0m Valid locator strategies for this request: xpath, id, name, class name, -ios predicate string, -ios class chain, accessibility id, css selector
&amp#27;[38;5;32m[XCUITestDriver@e07a (28adf0bf)]&amp#27;[0m Waiting up to 0 ms for condition
&amp#27;[38;5;32m[XCUITestDriver@e07a (28adf0bf)]&amp#27;[0m Matched '/element' to command name 'findElement'
&amp#27;[38;5;32m[XCUITestDriver@e07a (28adf0bf)]&amp#27;[0m Proxying [POST /element] to [POST http://127.0.0.1:8100/session/E78FC83E-19E7-4136-B719-97A048452808/element] with body: {"using":"xpath","value":"//XCUIElementTypeTextField[@name=\"UIA.Therabody.Signin.EmailTextField\"]"}
&amp#27;[38;5;32m[XCUITestDriver@e07a (28adf0bf)]&amp#27;[0m Got response with status 200: {"value":{"ELEMENT":"34000000-0000-0000-0103-000000000000","element-6066-11e4-a52e-4f735466cecf":"34000000-0000-0000-0103-000000000000"},"sessionId":"E78FC83E-19E7-4136-B719-97A048452808"}
&amp#27;[38;5;32m[XCUITestDriver@e07a (28adf0bf)]&amp#27;[0m Responding to client with driver.findElement() result: {"element-6066-11e4-a52e-4f735466cecf":"34000000-0000-0000-0103-000000000000","ELEMENT":"34000000-0000-0000-0103-000000000000"}
&amp#27;[38;5;0m[HTTP]&amp#27;[0m &amp#27;[37m<-- POST /session/28adf0bf-7ee8-437a-b2e7-798510efe6fe/element &amp#27;[39m&amp#27;[32m200&amp#27;[39m &amp#27;[90m331 ms - 137&amp#27;[39m
&amp#27;[38;5;0m[HTTP]&amp#27;[0m &amp#27;[90m&amp#27;[39m
&amp#27;[38;5;0m[HTTP]&amp#27;[0m &amp#27;[37m-->&amp#27;[39m &amp#27;[37mPOST&amp#27;[39m &amp#27;[37m/session/28adf0bf-7ee8-437a-b2e7-798510efe6fe/element/34000000-0000-0000-0103-000000000000/value&amp#27;[39m
&amp#27;[38;5;0m[HTTP]&amp#27;[0m &amp#27;[90m{"id":"34000000-0000-0000-0103-000000000000","text":"karishma.barot@techholding.co","value":["k","a","r","i","s","h","m","a",".","b","a","r","o","t","@","t","e","c","h","h","o","l","d","i","n","g",".","c","o"]}&amp#27;[39m
&amp#27;[38;5;32m[XCUITestDriver@e07a (28adf0bf)]&amp#27;[0m Calling AppiumDriver.setValue() with args: [["k","a","r","i","s","h","m","a",".","b","a","r","o","t","@","t","e","c","h","h","o","l","d","i","n","g",".","c","o"],"34000000-0000-0000-0103-000000000000","28adf0bf-7ee8-437a-b2e7-798510efe6fe"]
&amp#27;[38;5;32m[XCUITestDriver@e07a (28adf0bf)]&amp#27;[0m Executing command 'setValue'
&amp#27;[38;5;32m[XCUITestDriver@e07a (28adf0bf)]&amp#27;[0m Matched '/element/34000000-0000-0000-0103-000000000000/value' to command name 'setValue'
&amp#27;[38;5;32m[XCUITestDriver@e07a (28adf0bf)]&amp#27;[0m Added 'text' property "karishma.barot@techholding.co" to 'setValue' request body
&amp#27;[38;5;32m[XCUITestDriver@e07a (28adf0bf)]&amp#27;[0m Proxying [POST /element/34000000-0000-0000-0103-000000000000/value] to [POST http://127.0.0.1:8100/session/E78FC83E-19E7-4136-B719-97A048452808/element/34000000-0000-0000-0103-000000000000/value] with body: {"value":["k","a","r","i","s","h","m","a",".","b","a","r","o","t","@","t","e","c","h","h","o","l","d","i","n","g",".","c","o"],"text":"karishma.barot@techholding.co"}
&amp#27;[38;5;32m[XCUITestDriver@e07a (28adf0bf)]&amp#27;[0m Got response with status 200: {"value":null,"sessionId":"E78FC83E-19E7-4136-B719-97A048452808"}
&amp#27;[38;5;32m[XCUITestDriver@e07a (28adf0bf)]&amp#27;[0m Responding to client with driver.setValue() result: null
&amp#27;[38;5;0m[HTTP]&amp#27;[0m &amp#27;[37m<-- POST /session/28adf0bf-7ee8-437a-b2e7-798510efe6fe/element/34000000-0000-0000-0103-000000000000/value &amp#27;[39m&amp#27;[32m200&amp#27;[39m &amp#27;[90m1757 ms - 14&amp#27;[39m
&amp#27;[38;5;0m[HTTP]&amp#27;[0m &amp#27;[90m&amp#27;[39m
&amp#27;[38;5;0m[HTTP]&amp#27;[0m &amp#27;[37m-->&amp#27;[39m &amp#27;[37mGET&amp#27;[39m &amp#27;[37m/session/28adf0bf-7ee8-437a-b2e7-798510efe6fe/context&amp#27;[39m
&amp#27;[38;5;0m[HTTP]&amp#27;[0m &amp#27;[90m{}&amp#27;[39m
&amp#27;[38;5;32m[XCUITestDriver@e07a (28adf0bf)]&amp#27;[0m Calling AppiumDriver.getCurrentContext() with args: ["28adf0bf-7ee8-437a-b2e7-798510efe6fe"]
&amp#27;[38;5;32m[XCUITestDriver@e07a (28adf0bf)]&amp#27;[0m Executing command 'getCurrentContext'
&amp#27;[38;5;32m[XCUITestDriver@e07a (28adf0bf)]&amp#27;[0m Responding to client with driver.getCurrentContext() result: "NATIVE_APP"
&amp#27;[38;5;0m[HTTP]&amp#27;[0m &amp#27;[37m<-- GET /session/28adf0bf-7ee8-437a-b2e7-798510efe6fe/context &amp#27;[39m&amp#27;[32m200&amp#27;[39m &amp#27;[90m1 ms - 22&amp#27;[39m
&amp#27;[38;5;0m[HTTP]&amp#27;[0m &amp#27;[90m&amp#27;[39m
&amp#27;[38;5;0m[HTTP]&amp#27;[0m &amp#27;[37m-->&amp#27;[39m &amp#27;[37mPOST&amp#27;[39m &amp#27;[37m/session/28adf0bf-7ee8-437a-b2e7-798510efe6fe/element&amp#27;[39m
&amp#27;[38;5;0m[HTTP]&amp#27;[0m &amp#27;[90m{"using":"xpath","value":"//XCUIElementTypeSecureTextField[@name=\"UIA.Therabody.Signin.PasswordTextField\"]"}&amp#27;[39m
&amp#27;[38;5;32m[XCUITestDriver@e07a (28adf0bf)]&amp#27;[0m Calling AppiumDriver.findElement() with args: ["xpath","//XCUIElementTypeSecureTextField[@name=\"UIA.Therabody.Signin.PasswordTextField\"]","28adf0bf-7ee8-437a-b2e7-798510efe6fe"]
&amp#27;[38;5;32m[XCUITestDriver@e07a (28adf0bf)]&amp#27;[0m Executing command 'findElement'
&amp#27;[38;5;32m[XCUITestDriver@e07a (28adf0bf)]&amp#27;[0m Valid locator strategies for this request: xpath, id, name, class name, -ios predicate string, -ios class chain, accessibility id, css selector
&amp#27;[38;5;32m[XCUITestDriver@e07a (28adf0bf)]&amp#27;[0m Waiting up to 0 ms for condition
&amp#27;[38;5;32m[XCUITestDriver@e07a (28adf0bf)]&amp#27;[0m Matched '/element' to command name 'findElement'
&amp#27;[38;5;32m[XCUITestDriver@e07a (28adf0bf)]&amp#27;[0m Proxying [POST /element] to [POST http://127.0.0.1:8100/session/E78FC83E-19E7-4136-B719-97A048452808/element] with body: {"using":"xpath","value":"//XCUIElementTypeSecureTextField[@name=\"UIA.Therabody.Signin.PasswordTextField\"]"}
&amp#27;[38;5;32m[XCUITestDriver@e07a (28adf0bf)]&amp#27;[0m Got response with status 200: {"value":{"ELEMENT":"35000000-0000-0000-0103-000000000000","element-6066-11e4-a52e-4f735466cecf":"35000000-0000-0000-0103-000000000000"},"sessionId":"E78FC83E-19E7-4136-B719-97A048452808"}
&amp#27;[38;5;32m[XCUITestDriver@e07a (28adf0bf)]&amp#27;[0m Responding to client with driver.findElement() result: {"element-6066-11e4-a52e-4f735466cecf":"35000000-0000-0000-0103-000000000000","ELEMENT":"35000000-0000-0000-0103-000000000000"}
&amp#27;[38;5;0m[HTTP]&amp#27;[0m &amp#27;[37m<-- POST /session/28adf0bf-7ee8-437a-b2e7-798510efe6fe/element &amp#27;[39m&amp#27;[32m200&amp#27;[39m &amp#27;[90m923 ms - 137&amp#27;[39m
&amp#27;[38;5;0m[HTTP]&amp#27;[0m &amp#27;[90m&amp#27;[39m
&amp#27;[38;5;0m[HTTP]&amp#27;[0m &amp#27;[37m-->&amp#27;[39m &amp#27;[37mPOST&amp#27;[39m &amp#27;[37m/session/28adf0bf-7ee8-437a-b2e7-798510efe6fe/element/35000000-0000-0000-0103-000000000000/value&amp#27;[39m
&amp#27;[38;5;0m[HTTP]&amp#27;[0m &amp#27;[90m{"id":"35000000-0000-0000-0103-000000000000","text":"Test@123","value":["T","e","s","t","@","1","2","3"]}&amp#27;[39m
&amp#27;[38;5;32m[XCUITestDriver@e07a (28adf0bf)]&amp#27;[0m Calling AppiumDriver.setValue() with args: [["T","e","s","t","@","1","2","3"],"35000000-0000-0000-0103-000000000000","28adf0bf-7ee8-437a-b2e7-798510efe6fe"]
&amp#27;[38;5;32m[XCUITestDriver@e07a (28adf0bf)]&amp#27;[0m Executing command 'setValue'
&amp#27;[38;5;32m[XCUITestDriver@e07a (28adf0bf)]&amp#27;[0m Matched '/element/35000000-0000-0000-0103-000000000000/value' to command name 'setValue'
&amp#27;[38;5;32m[XCUITestDriver@e07a (28adf0bf)]&amp#27;[0m Added 'text' property "Test@123" to 'setValue' request body
&amp#27;[38;5;32m[XCUITestDriver@e07a (28adf0bf)]&amp#27;[0m Proxying [POST /element/35000000-0000-0000-0103-000000000000/value] to [POST http://127.0.0.1:8100/session/E78FC83E-19E7-4136-B719-97A048452808/element/35000000-0000-0000-0103-000000000000/value] with body: {"value":["T","e","s","t","@","1","2","3"],"text":"Test@123"}
&amp#27;[38;5;32m[XCUITestDriver@e07a (28adf0bf)]&amp#27;[0m Got response with status 200: {"value":null,"sessionId":"E78FC83E-19E7-4136-B719-97A048452808"}
&amp#27;[38;5;32m[XCUITestDriver@e07a (28adf0bf)]&amp#27;[0m Responding to client with driver.setValue() result: null
&amp#27;[38;5;0m[HTTP]&amp#27;[0m &amp#27;[37m<-- POST /session/28adf0bf-7ee8-437a-b2e7-798510efe6fe/element/35000000-0000-0000-0103-000000000000/value &amp#27;[39m&amp#27;[32m200&amp#27;[39m &amp#27;[90m1158 ms - 14&amp#27;[39m
&amp#27;[38;5;0m[HTTP]&amp#27;[0m &amp#27;[90m&amp#27;[39m
&amp#27;[38;5;0m[HTTP]&amp#27;[0m &amp#27;[37m-->&amp#27;[39m &amp#27;[37mGET&amp#27;[39m &amp#27;[37m/session/28adf0bf-7ee8-437a-b2e7-798510efe6fe/context&amp#27;[39m
&amp#27;[38;5;0m[HTTP]&amp#27;[0m &amp#27;[90m{}&amp#27;[39m
&amp#27;[38;5;32m[XCUITestDriver@e07a (28adf0bf)]&amp#27;[0m Calling AppiumDriver.getCurrentContext() with args: ["28adf0bf-7ee8-437a-b2e7-798510efe6fe"]
&amp#27;[38;5;32m[XCUITestDriver@e07a (28adf0bf)]&amp#27;[0m Executing command 'getCurrentContext'
&amp#27;[38;5;32m[XCUITestDriver@e07a (28adf0bf)]&amp#27;[0m Responding to client with driver.getCurrentContext() result: "NATIVE_APP"
&amp#27;[38;5;0m[HTTP]&amp#27;[0m &amp#27;[37m<-- GET /session/28adf0bf-7ee8-437a-b2e7-798510efe6fe/context &amp#27;[39m&amp#27;[32m200&amp#27;[39m &amp#27;[90m2 ms - 22&amp#27;[39m
&amp#27;[38;5;0m[HTTP]&amp#27;[0m &amp#27;[90m&amp#27;[39m
&amp#27;[38;5;0m[HTTP]&amp#27;[0m &amp#27;[37m-->&amp#27;[39m &amp#27;[37mPOST&amp#27;[39m &amp#27;[37m/session/28adf0bf-7ee8-437a-b2e7-798510efe6fe/element&amp#27;[39m
&amp#27;[38;5;0m[HTTP]&amp#27;[0m &amp#27;[90m{"using":"xpath","value":"//XCUIElementTypeButton[@name=\"UIA.Therabody.Signin.SigninButton\"]"}&amp#27;[39m
&amp#27;[38;5;32m[XCUITestDriver@e07a (28adf0bf)]&amp#27;[0m Calling AppiumDriver.findElement() with args: ["xpath","//XCUIElementTypeButton[@name=\"UIA.Therabody.Signin.SigninButton\"]","28adf0bf-7ee8-437a-b2e7-798510efe6fe"]
&amp#27;[38;5;32m[XCUITestDriver@e07a (28adf0bf)]&amp#27;[0m Executing command 'findElement'
&amp#27;[38;5;32m[XCUITestDriver@e07a (28adf0bf)]&amp#27;[0m Valid locator strategies for this request: xpath, id, name, class name, -ios predicate string, -ios class chain, accessibility id, css selector
&amp#27;[38;5;32m[XCUITestDriver@e07a (28adf0bf)]&amp#27;[0m Waiting up to 0 ms for condition
&amp#27;[38;5;32m[XCUITestDriver@e07a (28adf0bf)]&amp#27;[0m Matched '/element' to command name 'findElement'
&amp#27;[38;5;32m[XCUITestDriver@e07a (28adf0bf)]&amp#27;[0m Proxying [POST /element] to [POST http://127.0.0.1:8100/session/E78FC83E-19E7-4136-B719-97A048452808/element] with body: {"using":"xpath","value":"//XCUIElementTypeButton[@name=\"UIA.Therabody.Signin.SigninButton\"]"}
&amp#27;[38;5;32m[XCUITestDriver@e07a (28adf0bf)]&amp#27;[0m Got response with status 200: {"value":{"ELEMENT":"2D000000-0000-0000-0103-000000000000","element-6066-11e4-a52e-4f735466cecf":"2D000000-0000-0000-0103-000000000000"},"sessionId":"E78FC83E-19E7-4136-B719-97A048452808"}
&amp#27;[38;5;32m[XCUITestDriver@e07a (28adf0bf)]&amp#27;[0m Responding to client with driver.findElement() result: {"element-6066-11e4-a52e-4f735466cecf":"2D000000-0000-0000-0103-000000000000","ELEMENT":"2D000000-0000-0000-0103-000000000000"}
&amp#27;[38;5;0m[HTTP]&amp#27;[0m &amp#27;[37m<-- POST /session/28adf0bf-7ee8-437a-b2e7-798510efe6fe/element &amp#27;[39m&amp#27;[32m200&amp#27;[39m &amp#27;[90m961 ms - 137&amp#27;[39m
&amp#27;[38;5;0m[HTTP]&amp#27;[0m &amp#27;[90m&amp#27;[39m
&amp#27;[38;5;0m[HTTP]&amp#27;[0m &amp#27;[37m-->&amp#27;[39m &amp#27;[37mPOST&amp#27;[39m &amp#27;[37m/session/28adf0bf-7ee8-437a-b2e7-798510efe6fe/element/2D000000-0000-0000-0103-000000000000/click&amp#27;[39m
&amp#27;[38;5;0m[HTTP]&amp#27;[0m &amp#27;[90m{"id":"2D000000-0000-0000-0103-000000000000"}&amp#27;[39m
&amp#27;[38;5;32m[XCUITestDriver@e07a (28adf0bf)]&amp#27;[0m Driver proxy active, passing request on via HTTP proxy
&amp#27;[38;5;32m[XCUITestDriver@e07a (28adf0bf)]&amp#27;[0m Executing command 'proxyReqRes'
&amp#27;[38;5;32m[XCUITestDriver@e07a (28adf0bf)]&amp#27;[0m Matched '/session/28adf0bf-7ee8-437a-b2e7-798510efe6fe/element/2D000000-0000-0000-0103-000000000000/click' to command name 'click'
&amp#27;[38;5;32m[XCUITestDriver@e07a (28adf0bf)]&amp#27;[0m Proxying [POST /session/28adf0bf-7ee8-437a-b2e7-798510efe6fe/element/2D000000-0000-0000-0103-000000000000/click] to [POST http://127.0.0.1:8100/session/E78FC83E-19E7-4136-B719-97A048452808/element/2D000000-0000-0000-0103-000000000000/click] with body: {"id":"2D000000-0000-0000-0103-000000000000"}
&amp#27;[38;5;32m[XCUITestDriver@e07a (28adf0bf)]&amp#27;[0m Got response with status 200: {"value":null,"sessionId":"E78FC83E-19E7-4136-B719-97A048452808"}
&amp#27;[38;5;32m[XCUITestDriver@e07a (28adf0bf)]&amp#27;[0m Replacing sessionId E78FC83E-19E7-4136-B719-97A048452808 with 28adf0bf-7ee8-437a-b2e7-798510efe6fe
&amp#27;[38;5;0m[HTTP]&amp#27;[0m &amp#27;[37m<-- POST /session/28adf0bf-7ee8-437a-b2e7-798510efe6fe/element/2D000000-0000-0000-0103-000000000000/click &amp#27;[39m&amp#27;[32m200&amp#27;[39m &amp#27;[90m917 ms - 65&amp#27;[39m
&amp#27;[38;5;0m[HTTP]&amp#27;[0m &amp#27;[90m&amp#27;[39m
&amp#27;[38;5;0m[HTTP]&amp#27;[0m &amp#27;[37m-->&amp#27;[39m &amp#27;[37mGET&amp#27;[39m &amp#27;[37m/session/28adf0bf-7ee8-437a-b2e7-798510efe6fe/context&amp#27;[39m
&amp#27;[38;5;0m[HTTP]&amp#27;[0m &amp#27;[90m{}&amp#27;[39m
&amp#27;[38;5;32m[XCUITestDriver@e07a (28adf0bf)]&amp#27;[0m Calling AppiumDriver.getCurrentContext() with args: ["28adf0bf-7ee8-437a-b2e7-798510efe6fe"]
&amp#27;[38;5;32m[XCUITestDriver@e07a (28adf0bf)]&amp#27;[0m Executing command 'getCurrentContext'
&amp#27;[38;5;32m[XCUITestDriver@e07a (28adf0bf)]&amp#27;[0m Responding to client with driver.getCurrentContext() result: "NATIVE_APP"
&amp#27;[38;5;0m[HTTP]&amp#27;[0m &amp#27;[37m<-- GET /session/28adf0bf-7ee8-437a-b2e7-798510efe6fe/context &amp#27;[39m&amp#27;[32m200&amp#27;[39m &amp#27;[90m1 ms - 22&amp#27;[39m
&amp#27;[38;5;0m[HTTP]&amp#27;[0m &amp#27;[90m&amp#27;[39m
&amp#27;[38;5;0m[HTTP]&amp#27;[0m &amp#27;[37m-->&amp#27;[39m &amp#27;[37mPOST&amp#27;[39m &amp#27;[37m/session/28adf0bf-7ee8-437a-b2e7-798510efe6fe/element&amp#27;[39m
&amp#27;[38;5;0m[HTTP]&amp#27;[0m &amp#27;[90m{"using":"xpath","value":"//XCUIElementTypeStaticText[@name='Theragun']"}&amp#27;[39m
&amp#27;[38;5;32m[XCUITestDriver@e07a (28adf0bf)]&amp#27;[0m Calling AppiumDriver.findElement() with args: ["xpath","//XCUIElementTypeStaticText[@name='Theragun']","28adf0bf-7ee8-437a-b2e7-798510efe6fe"]
&amp#27;[38;5;32m[XCUITestDriver@e07a (28adf0bf)]&amp#27;[0m Executing command 'findElement'
&amp#27;[38;5;32m[XCUITestDriver@e07a (28adf0bf)]&amp#27;[0m Valid locator strategies for this request: xpath, id, name, class name, -ios predicate string, -ios class chain, accessibility id, css selector
&amp#27;[38;5;32m[XCUITestDriver@e07a (28adf0bf)]&amp#27;[0m Waiting up to 0 ms for condition
&amp#27;[38;5;32m[XCUITestDriver@e07a (28adf0bf)]&amp#27;[0m Matched '/element' to command name 'findElement'
&amp#27;[38;5;32m[XCUITestDriver@e07a (28adf0bf)]&amp#27;[0m Proxying [POST /element] to [POST http://127.0.0.1:8100/session/E78FC83E-19E7-4136-B719-97A048452808/element] with body: {"using":"xpath","value":"//XCUIElementTypeStaticText[@name='Theragun']"}
&amp#27;[38;5;32m[XCUITestDriver@e07a (28adf0bf)]&amp#27;[0m Got response with status 200: {"value":{"ELEMENT":"9F000000-0000-0000-0103-000000000000","element-6066-11e4-a52e-4f735466cecf":"9F000000-0000-0000-0103-000000000000"},"sessionId":"E78FC83E-19E7-4136-B719-97A048452808"}
&amp#27;[38;5;32m[XCUITestDriver@e07a (28adf0bf)]&amp#27;[0m Responding to client with driver.findElement() result: {"element-6066-11e4-a52e-4f735466cecf":"9F000000-0000-0000-0103-000000000000","ELEMENT":"9F000000-0000-0000-0103-000000000000"}
&amp#27;[38;5;0m[HTTP]&amp#27;[0m &amp#27;[37m<-- POST /session/28adf0bf-7ee8-437a-b2e7-798510efe6fe/element &amp#27;[39m&amp#27;[32m200&amp#27;[39m &amp#27;[90m700 ms - 137&amp#27;[39m
&amp#27;[38;5;0m[HTTP]&amp#27;[0m &amp#27;[90m&amp#27;[39m
&amp#27;[38;5;0m[HTTP]&amp#27;[0m &amp#27;[37m-->&amp#27;[39m &amp#27;[37mGET&amp#27;[39m &amp#27;[37m/session/28adf0bf-7ee8-437a-b2e7-798510efe6fe/element/9F000000-0000-0000-0103-000000000000/displayed&amp#27;[39m
&amp#27;[38;5;0m[HTTP]&amp#27;[0m &amp#27;[90m{}&amp#27;[39m
&amp#27;[38;5;32m[XCUITestDriver@e07a (28adf0bf)]&amp#27;[0m Driver proxy active, passing request on via HTTP proxy
&amp#27;[38;5;32m[XCUITestDriver@e07a (28adf0bf)]&amp#27;[0m Executing command 'proxyReqRes'
&amp#27;[38;5;32m[XCUITestDriver@e07a (28adf0bf)]&amp#27;[0m Matched '/session/28adf0bf-7ee8-437a-b2e7-798510efe6fe/element/9F000000-0000-0000-0103-000000000000/displayed' to command name 'elementDisplayed'
&amp#27;[38;5;32m[XCUITestDriver@e07a (28adf0bf)]&amp#27;[0m Proxying [GET /session/28adf0bf-7ee8-437a-b2e7-798510efe6fe/element/9F000000-0000-0000-0103-000000000000/displayed] to [GET http://127.0.0.1:8100/session/E78FC83E-19E7-4136-B719-97A048452808/element/9F000000-0000-0000-0103-000000000000/displayed] with no body
&amp#27;[38;5;32m[XCUITestDriver@e07a (28adf0bf)]&amp#27;[0m Got response with status 200: {"value":true,"sessionId":"E78FC83E-19E7-4136-B719-97A048452808"}
&amp#27;[38;5;32m[XCUITestDriver@e07a (28adf0bf)]&amp#27;[0m Replacing sessionId E78FC83E-19E7-4136-B719-97A048452808 with 28adf0bf-7ee8-437a-b2e7-798510efe6fe
&amp#27;[38;5;0m[HTTP]&amp#27;[0m &amp#27;[37m<-- GET /session/28adf0bf-7ee8-437a-b2e7-798510efe6fe/element/9F000000-0000-0000-0103-000000000000/displayed &amp#27;[39m&amp#27;[32m200&amp#27;[39m &amp#27;[90m242 ms - 65&amp#27;[39m
&amp#27;[38;5;0m[HTTP]&amp#27;[0m &amp#27;[90m&amp#27;[39m
Login success!
]]></system-out>
  </testcase>
  <testcase name="testSelectDevice" classname="testCases.TheragunMiniTCs" time="27.748">
    <system-out><![CDATA[&amp#27;[38;5;0m[HTTP]&amp#27;[0m &amp#27;[37m-->&amp#27;[39m &amp#27;[37mGET&amp#27;[39m &amp#27;[37m/session/28adf0bf-7ee8-437a-b2e7-798510efe6fe/context&amp#27;[39m
&amp#27;[38;5;0m[HTTP]&amp#27;[0m &amp#27;[90m{}&amp#27;[39m
&amp#27;[38;5;32m[XCUITestDriver@e07a (28adf0bf)]&amp#27;[0m Calling AppiumDriver.getCurrentContext() with args: ["28adf0bf-7ee8-437a-b2e7-798510efe6fe"]
&amp#27;[38;5;32m[XCUITestDriver@e07a (28adf0bf)]&amp#27;[0m Executing command 'getCurrentContext'
&amp#27;[38;5;32m[XCUITestDriver@e07a (28adf0bf)]&amp#27;[0m Responding to client with driver.getCurrentContext() result: "NATIVE_APP"
&amp#27;[38;5;0m[HTTP]&amp#27;[0m &amp#27;[37m<-- GET /session/28adf0bf-7ee8-437a-b2e7-798510efe6fe/context &amp#27;[39m&amp#27;[32m200&amp#27;[39m &amp#27;[90m1 ms - 22&amp#27;[39m
&amp#27;[38;5;0m[HTTP]&amp#27;[0m &amp#27;[90m&amp#27;[39m
&amp#27;[38;5;0m[HTTP]&amp#27;[0m &amp#27;[37m-->&amp#27;[39m &amp#27;[37mPOST&amp#27;[39m &amp#27;[37m/session/28adf0bf-7ee8-437a-b2e7-798510efe6fe/element&amp#27;[39m
&amp#27;[38;5;0m[HTTP]&amp#27;[0m &amp#27;[90m{"using":"xpath","value":"//XCUIElementTypeStaticText[@name='Theragun']"}&amp#27;[39m
&amp#27;[38;5;32m[XCUITestDriver@e07a (28adf0bf)]&amp#27;[0m Calling AppiumDriver.findElement() with args: ["xpath","//XCUIElementTypeStaticText[@name='Theragun']","28adf0bf-7ee8-437a-b2e7-798510efe6fe"]
&amp#27;[38;5;32m[XCUITestDriver@e07a (28adf0bf)]&amp#27;[0m Executing command 'findElement'
&amp#27;[38;5;32m[XCUITestDriver@e07a (28adf0bf)]&amp#27;[0m Valid locator strategies for this request: xpath, id, name, class name, -ios predicate string, -ios class chain, accessibility id, css selector
&amp#27;[38;5;32m[XCUITestDriver@e07a (28adf0bf)]&amp#27;[0m Waiting up to 0 ms for condition
&amp#27;[38;5;32m[XCUITestDriver@e07a (28adf0bf)]&amp#27;[0m Matched '/element' to command name 'findElement'
&amp#27;[38;5;32m[XCUITestDriver@e07a (28adf0bf)]&amp#27;[0m Proxying [POST /element] to [POST http://127.0.0.1:8100/session/E78FC83E-19E7-4136-B719-97A048452808/element] with body: {"using":"xpath","value":"//XCUIElementTypeStaticText[@name='Theragun']"}
&amp#27;[38;5;32m[XCUITestDriver@e07a (28adf0bf)]&amp#27;[0m Got response with status 200: {"value":{"ELEMENT":"9F000000-0000-0000-0103-000000000000","element-6066-11e4-a52e-4f735466cecf":"9F000000-0000-0000-0103-000000000000"},"sessionId":"E78FC83E-19E7-4136-B719-97A048452808"}
&amp#27;[38;5;32m[XCUITestDriver@e07a (28adf0bf)]&amp#27;[0m Responding to client with driver.findElement() result: {"element-6066-11e4-a52e-4f735466cecf":"9F000000-0000-0000-0103-000000000000","ELEMENT":"9F000000-0000-0000-0103-000000000000"}
&amp#27;[38;5;0m[HTTP]&amp#27;[0m &amp#27;[37m<-- POST /session/28adf0bf-7ee8-437a-b2e7-798510efe6fe/element &amp#27;[39m&amp#27;[32m200&amp#27;[39m &amp#27;[90m1081 ms - 137&amp#27;[39m
&amp#27;[38;5;0m[HTTP]&amp#27;[0m &amp#27;[90m&amp#27;[39m
&amp#27;[38;5;0m[HTTP]&amp#27;[0m &amp#27;[37m-->&amp#27;[39m &amp#27;[37mGET&amp#27;[39m &amp#27;[37m/session/28adf0bf-7ee8-437a-b2e7-798510efe6fe/element/9F000000-0000-0000-0103-000000000000/displayed&amp#27;[39m
&amp#27;[38;5;0m[HTTP]&amp#27;[0m &amp#27;[90m{}&amp#27;[39m
&amp#27;[38;5;32m[XCUITestDriver@e07a (28adf0bf)]&amp#27;[0m Driver proxy active, passing request on via HTTP proxy
&amp#27;[38;5;32m[XCUITestDriver@e07a (28adf0bf)]&amp#27;[0m Executing command 'proxyReqRes'
&amp#27;[38;5;32m[XCUITestDriver@e07a (28adf0bf)]&amp#27;[0m Matched '/session/28adf0bf-7ee8-437a-b2e7-798510efe6fe/element/9F000000-0000-0000-0103-000000000000/displayed' to command name 'elementDisplayed'
&amp#27;[38;5;32m[XCUITestDriver@e07a (28adf0bf)]&amp#27;[0m Proxying [GET /session/28adf0bf-7ee8-437a-b2e7-798510efe6fe/element/9F000000-0000-0000-0103-000000000000/displayed] to [GET http://127.0.0.1:8100/session/E78FC83E-19E7-4136-B719-97A048452808/element/9F000000-0000-0000-0103-000000000000/displayed] with no body
&amp#27;[38;5;32m[XCUITestDriver@e07a (28adf0bf)]&amp#27;[0m Got response with status 200: {"value":true,"sessionId":"E78FC83E-19E7-4136-B719-97A048452808"}
&amp#27;[38;5;32m[XCUITestDriver@e07a (28adf0bf)]&amp#27;[0m Replacing sessionId E78FC83E-19E7-4136-B719-97A048452808 with 28adf0bf-7ee8-437a-b2e7-798510efe6fe
&amp#27;[38;5;0m[HTTP]&amp#27;[0m &amp#27;[37m<-- GET /session/28adf0bf-7ee8-437a-b2e7-798510efe6fe/element/9F000000-0000-0000-0103-000000000000/displayed &amp#27;[39m&amp#27;[32m200&amp#27;[39m &amp#27;[90m96 ms - 65&amp#27;[39m
&amp#27;[38;5;0m[HTTP]&amp#27;[0m &amp#27;[90m&amp#27;[39m
&amp#27;[38;5;0m[HTTP]&amp#27;[0m &amp#27;[37m-->&amp#27;[39m &amp#27;[37mGET&amp#27;[39m &amp#27;[37m/session/28adf0bf-7ee8-437a-b2e7-798510efe6fe/context&amp#27;[39m
&amp#27;[38;5;0m[HTTP]&amp#27;[0m &amp#27;[90m{}&amp#27;[39m
&amp#27;[38;5;32m[XCUITestDriver@e07a (28adf0bf)]&amp#27;[0m Calling AppiumDriver.getCurrentContext() with args: ["28adf0bf-7ee8-437a-b2e7-798510efe6fe"]
&amp#27;[38;5;32m[XCUITestDriver@e07a (28adf0bf)]&amp#27;[0m Executing command 'getCurrentContext'
&amp#27;[38;5;32m[XCUITestDriver@e07a (28adf0bf)]&amp#27;[0m Responding to client with driver.getCurrentContext() result: "NATIVE_APP"
&amp#27;[38;5;0m[HTTP]&amp#27;[0m &amp#27;[37m<-- GET /session/28adf0bf-7ee8-437a-b2e7-798510efe6fe/context &amp#27;[39m&amp#27;[32m200&amp#27;[39m &amp#27;[90m1 ms - 22&amp#27;[39m
&amp#27;[38;5;0m[HTTP]&amp#27;[0m &amp#27;[90m&amp#27;[39m
&amp#27;[38;5;0m[HTTP]&amp#27;[0m &amp#27;[37m-->&amp#27;[39m &amp#27;[37mPOST&amp#27;[39m &amp#27;[37m/session/28adf0bf-7ee8-437a-b2e7-798510efe6fe/element&amp#27;[39m
&amp#27;[38;5;0m[HTTP]&amp#27;[0m &amp#27;[90m{"using":"xpath","value":"//XCUIElementTypeStaticText[@name='Theragun']"}&amp#27;[39m
&amp#27;[38;5;32m[XCUITestDriver@e07a (28adf0bf)]&amp#27;[0m Calling AppiumDriver.findElement() with args: ["xpath","//XCUIElementTypeStaticText[@name='Theragun']","28adf0bf-7ee8-437a-b2e7-798510efe6fe"]
&amp#27;[38;5;32m[XCUITestDriver@e07a (28adf0bf)]&amp#27;[0m Executing command 'findElement'
&amp#27;[38;5;32m[XCUITestDriver@e07a (28adf0bf)]&amp#27;[0m Valid locator strategies for this request: xpath, id, name, class name, -ios predicate string, -ios class chain, accessibility id, css selector
&amp#27;[38;5;32m[XCUITestDriver@e07a (28adf0bf)]&amp#27;[0m Waiting up to 0 ms for condition
&amp#27;[38;5;32m[XCUITestDriver@e07a (28adf0bf)]&amp#27;[0m Matched '/element' to command name 'findElement'
&amp#27;[38;5;32m[XCUITestDriver@e07a (28adf0bf)]&amp#27;[0m Proxying [POST /element] to [POST http://127.0.0.1:8100/session/E78FC83E-19E7-4136-B719-97A048452808/element] with body: {"using":"xpath","value":"//XCUIElementTypeStaticText[@name='Theragun']"}
&amp#27;[38;5;32m[XCUITestDriver@e07a (28adf0bf)]&amp#27;[0m Got response with status 200: {"value":{"ELEMENT":"9F000000-0000-0000-0103-000000000000","element-6066-11e4-a52e-4f735466cecf":"9F000000-0000-0000-0103-000000000000"},"sessionId":"E78FC83E-19E7-4136-B719-97A048452808"}
&amp#27;[38;5;32m[XCUITestDriver@e07a (28adf0bf)]&amp#27;[0m Responding to client with driver.findElement() result: {"element-6066-11e4-a52e-4f735466cecf":"9F000000-0000-0000-0103-000000000000","ELEMENT":"9F000000-0000-0000-0103-000000000000"}
&amp#27;[38;5;0m[HTTP]&amp#27;[0m &amp#27;[37m<-- POST /session/28adf0bf-7ee8-437a-b2e7-798510efe6fe/element &amp#27;[39m&amp#27;[32m200&amp#27;[39m &amp#27;[90m1087 ms - 137&amp#27;[39m
&amp#27;[38;5;0m[HTTP]&amp#27;[0m &amp#27;[90m&amp#27;[39m
&amp#27;[38;5;0m[HTTP]&amp#27;[0m &amp#27;[37m-->&amp#27;[39m &amp#27;[37mGET&amp#27;[39m &amp#27;[37m/session/28adf0bf-7ee8-437a-b2e7-798510efe6fe/element/9F000000-0000-0000-0103-000000000000/enabled&amp#27;[39m
&amp#27;[38;5;0m[HTTP]&amp#27;[0m &amp#27;[90m{}&amp#27;[39m
&amp#27;[38;5;32m[XCUITestDriver@e07a (28adf0bf)]&amp#27;[0m Driver proxy active, passing request on via HTTP proxy
&amp#27;[38;5;32m[XCUITestDriver@e07a (28adf0bf)]&amp#27;[0m Executing command 'proxyReqRes'
&amp#27;[38;5;32m[XCUITestDriver@e07a (28adf0bf)]&amp#27;[0m Matched '/session/28adf0bf-7ee8-437a-b2e7-798510efe6fe/element/9F000000-0000-0000-0103-000000000000/enabled' to command name 'elementEnabled'
&amp#27;[38;5;32m[XCUITestDriver@e07a (28adf0bf)]&amp#27;[0m Proxying [GET /session/28adf0bf-7ee8-437a-b2e7-798510efe6fe/element/9F000000-0000-0000-0103-000000000000/enabled] to [GET http://127.0.0.1:8100/session/E78FC83E-19E7-4136-B719-97A048452808/element/9F000000-0000-0000-0103-000000000000/enabled] with no body
&amp#27;[38;5;32m[XCUITestDriver@e07a (28adf0bf)]&amp#27;[0m Got response with status 200: {"value":true,"sessionId":"E78FC83E-19E7-4136-B719-97A048452808"}
&amp#27;[38;5;32m[XCUITestDriver@e07a (28adf0bf)]&amp#27;[0m Replacing sessionId E78FC83E-19E7-4136-B719-97A048452808 with 28adf0bf-7ee8-437a-b2e7-798510efe6fe
&amp#27;[38;5;0m[HTTP]&amp#27;[0m &amp#27;[37m<-- GET /session/28adf0bf-7ee8-437a-b2e7-798510efe6fe/element/9F000000-0000-0000-0103-000000000000/enabled &amp#27;[39m&amp#27;[32m200&amp#27;[39m &amp#27;[90m81 ms - 65&amp#27;[39m
&amp#27;[38;5;0m[HTTP]&amp#27;[0m &amp#27;[90m&amp#27;[39m
&amp#27;[38;5;0m[HTTP]&amp#27;[0m &amp#27;[37m-->&amp#27;[39m &amp#27;[37mGET&amp#27;[39m &amp#27;[37m/session/28adf0bf-7ee8-437a-b2e7-798510efe6fe/context&amp#27;[39m
&amp#27;[38;5;0m[HTTP]&amp#27;[0m &amp#27;[90m{}&amp#27;[39m
&amp#27;[38;5;32m[XCUITestDriver@e07a (28adf0bf)]&amp#27;[0m Calling AppiumDriver.getCurrentContext() with args: ["28adf0bf-7ee8-437a-b2e7-798510efe6fe"]
&amp#27;[38;5;32m[XCUITestDriver@e07a (28adf0bf)]&amp#27;[0m Executing command 'getCurrentContext'
&amp#27;[38;5;32m[XCUITestDriver@e07a (28adf0bf)]&amp#27;[0m Responding to client with driver.getCurrentContext() result: "NATIVE_APP"
&amp#27;[38;5;0m[HTTP]&amp#27;[0m &amp#27;[37m<-- GET /session/28adf0bf-7ee8-437a-b2e7-798510efe6fe/context &amp#27;[39m&amp#27;[32m200&amp#27;[39m &amp#27;[90m2 ms - 22&amp#27;[39m
&amp#27;[38;5;0m[HTTP]&amp#27;[0m &amp#27;[90m&amp#27;[39m
&amp#27;[38;5;0m[HTTP]&amp#27;[0m &amp#27;[37m-->&amp#27;[39m &amp#27;[37mPOST&amp#27;[39m &amp#27;[37m/session/28adf0bf-7ee8-437a-b2e7-798510efe6fe/element&amp#27;[39m
&amp#27;[38;5;0m[HTTP]&amp#27;[0m &amp#27;[90m{"using":"xpath","value":"//XCUIElementTypeStaticText[@name='Theragun']"}&amp#27;[39m
&amp#27;[38;5;32m[XCUITestDriver@e07a (28adf0bf)]&amp#27;[0m Calling AppiumDriver.findElement() with args: ["xpath","//XCUIElementTypeStaticText[@name='Theragun']","28adf0bf-7ee8-437a-b2e7-798510efe6fe"]
&amp#27;[38;5;32m[XCUITestDriver@e07a (28adf0bf)]&amp#27;[0m Executing command 'findElement'
&amp#27;[38;5;32m[XCUITestDriver@e07a (28adf0bf)]&amp#27;[0m Valid locator strategies for this request: xpath, id, name, class name, -ios predicate string, -ios class chain, accessibility id, css selector
&amp#27;[38;5;32m[XCUITestDriver@e07a (28adf0bf)]&amp#27;[0m Waiting up to 0 ms for condition
&amp#27;[38;5;32m[XCUITestDriver@e07a (28adf0bf)]&amp#27;[0m Matched '/element' to command name 'findElement'
&amp#27;[38;5;32m[XCUITestDriver@e07a (28adf0bf)]&amp#27;[0m Proxying [POST /element] to [POST http://127.0.0.1:8100/session/E78FC83E-19E7-4136-B719-97A048452808/element] with body: {"using":"xpath","value":"//XCUIElementTypeStaticText[@name='Theragun']"}
&amp#27;[38;5;32m[XCUITestDriver@e07a (28adf0bf)]&amp#27;[0m Got response with status 200: {"value":{"ELEMENT":"9F000000-0000-0000-0103-000000000000","element-6066-11e4-a52e-4f735466cecf":"9F000000-0000-0000-0103-000000000000"},"sessionId":"E78FC83E-19E7-4136-B719-97A048452808"}
&amp#27;[38;5;32m[XCUITestDriver@e07a (28adf0bf)]&amp#27;[0m Responding to client with driver.findElement() result: {"element-6066-11e4-a52e-4f735466cecf":"9F000000-0000-0000-0103-000000000000","ELEMENT":"9F000000-0000-0000-0103-000000000000"}
&amp#27;[38;5;0m[HTTP]&amp#27;[0m &amp#27;[37m<-- POST /session/28adf0bf-7ee8-437a-b2e7-798510efe6fe/element &amp#27;[39m&amp#27;[32m200&amp#27;[39m &amp#27;[90m1094 ms - 137&amp#27;[39m
&amp#27;[38;5;0m[HTTP]&amp#27;[0m &amp#27;[90m&amp#27;[39m
&amp#27;[38;5;0m[HTTP]&amp#27;[0m &amp#27;[37m-->&amp#27;[39m &amp#27;[37mPOST&amp#27;[39m &amp#27;[37m/session/28adf0bf-7ee8-437a-b2e7-798510efe6fe/element/9F000000-0000-0000-0103-000000000000/click&amp#27;[39m
&amp#27;[38;5;0m[HTTP]&amp#27;[0m &amp#27;[90m{"id":"9F000000-0000-0000-0103-000000000000"}&amp#27;[39m
&amp#27;[38;5;32m[XCUITestDriver@e07a (28adf0bf)]&amp#27;[0m Driver proxy active, passing request on via HTTP proxy
&amp#27;[38;5;32m[XCUITestDriver@e07a (28adf0bf)]&amp#27;[0m Executing command 'proxyReqRes'
&amp#27;[38;5;32m[XCUITestDriver@e07a (28adf0bf)]&amp#27;[0m Matched '/session/28adf0bf-7ee8-437a-b2e7-798510efe6fe/element/9F000000-0000-0000-0103-000000000000/click' to command name 'click'
&amp#27;[38;5;32m[XCUITestDriver@e07a (28adf0bf)]&amp#27;[0m Proxying [POST /session/28adf0bf-7ee8-437a-b2e7-798510efe6fe/element/9F000000-0000-0000-0103-000000000000/click] to [POST http://127.0.0.1:8100/session/E78FC83E-19E7-4136-B719-97A048452808/element/9F000000-0000-0000-0103-000000000000/click] with body: {"id":"9F000000-0000-0000-0103-000000000000"}
&amp#27;[38;5;32m[XCUITestDriver@e07a (28adf0bf)]&amp#27;[0m Got response with status 200: {"value":null,"sessionId":"E78FC83E-19E7-4136-B719-97A048452808"}
&amp#27;[38;5;32m[XCUITestDriver@e07a (28adf0bf)]&amp#27;[0m Replacing sessionId E78FC83E-19E7-4136-B719-97A048452808 with 28adf0bf-7ee8-437a-b2e7-798510efe6fe
&amp#27;[38;5;0m[HTTP]&amp#27;[0m &amp#27;[37m<-- POST /session/28adf0bf-7ee8-437a-b2e7-798510efe6fe/element/9F000000-0000-0000-0103-000000000000/click &amp#27;[39m&amp#27;[32m200&amp#27;[39m &amp#27;[90m1015 ms - 65&amp#27;[39m
&amp#27;[38;5;0m[HTTP]&amp#27;[0m &amp#27;[90m&amp#27;[39m
&amp#27;[38;5;0m[HTTP]&amp#27;[0m &amp#27;[37m-->&amp#27;[39m &amp#27;[37mGET&amp#27;[39m &amp#27;[37m/session/28adf0bf-7ee8-437a-b2e7-798510efe6fe/window/rect&amp#27;[39m
&amp#27;[38;5;0m[HTTP]&amp#27;[0m &amp#27;[90m{}&amp#27;[39m
&amp#27;[38;5;32m[XCUITestDriver@e07a (28adf0bf)]&amp#27;[0m Calling AppiumDriver.getWindowRect() with args: ["28adf0bf-7ee8-437a-b2e7-798510efe6fe"]
&amp#27;[38;5;32m[XCUITestDriver@e07a (28adf0bf)]&amp#27;[0m Executing command 'getWindowRect'
&amp#27;[38;5;32m[XCUITestDriver@e07a (28adf0bf)]&amp#27;[0m Proxying [GET /window/size] to [GET http://127.0.0.1:8100/session/E78FC83E-19E7-4136-B719-97A048452808/window/size] with no body
&amp#27;[38;5;32m[XCUITestDriver@e07a (28adf0bf)]&amp#27;[0m Got response with status 200: {"value":{"width":375,"height":667},"sessionId":"E78FC83E-19E7-4136-B719-97A048452808"}
&amp#27;[38;5;32m[XCUITestDriver@e07a (28adf0bf)]&amp#27;[0m Responding to client with driver.getWindowRect() result: {"width":375,"height":667,"x":0,"y":0}
&amp#27;[38;5;0m[HTTP]&amp#27;[0m &amp#27;[37m<-- GET /session/28adf0bf-7ee8-437a-b2e7-798510efe6fe/window/rect &amp#27;[39m&amp#27;[32m200&amp#27;[39m &amp#27;[90m110 ms - 48&amp#27;[39m
&amp#27;[38;5;0m[HTTP]&amp#27;[0m &amp#27;[90m&amp#27;[39m
&amp#27;[38;5;0m[HTTP]&amp#27;[0m &amp#27;[37m-->&amp#27;[39m &amp#27;[37mPOST&amp#27;[39m &amp#27;[37m/session/28adf0bf-7ee8-437a-b2e7-798510efe6fe/touch/perform&amp#27;[39m
&amp#27;[38;5;0m[HTTP]&amp#27;[0m &amp#27;[90m{"actions":[{"action":"press","options":{"x":187,"y":533}},{"action":"wait","options":{"ms":2000}},{"action":"moveTo","options":{"x":187,"y":133}},{"action":"release","options":{}}]}&amp#27;[39m
&amp#27;[38;5;32m[XCUITestDriver@e07a (28adf0bf)]&amp#27;[0m Calling AppiumDriver.performTouch() with args: [[{"action":"press","options":{"x":187,"y":533}},{"action":"wait","options":{"ms":2000}},{"action":"moveTo","options":{"x":187,"y":133}},{"action":"release","options":{}}],"28adf0bf-7ee8-437a-b2e7-798510efe6fe"]
&amp#27;[38;5;32m[XCUITestDriver@e07a (28adf0bf)]&amp#27;[0m Executing command 'performTouch'
&amp#27;[38;5;32m[XCUITestDriver@e07a (28adf0bf)]&amp#27;[0m Received the following touch action: press(options={"x":187,"y":533})-wait(options={"ms":2000})-moveTo(options={"x":187,"y":133})-release(options={})
&amp#27;[38;5;32m[XCUITestDriver@e07a (28adf0bf)]&amp#27;[0m Proxying [POST /wda/touch/perform] to [POST http://127.0.0.1:8100/session/E78FC83E-19E7-4136-B719-97A048452808/wda/touch/perform] with body: {"actions":[{"action":"press","options":{"x":187,"y":533}},{"action":"wait","options":{"ms":2000}},{"action":"moveTo","options":{"x":187,"y":133}},{"action":"release","options":{}}]}
&amp#27;[38;5;32m[XCUITestDriver@e07a (28adf0bf)]&amp#27;[0m Got response with status 200: {"value":null,"sessionId":"E78FC83E-19E7-4136-B719-97A048452808"}
&amp#27;[38;5;32m[XCUITestDriver@e07a (28adf0bf)]&amp#27;[0m Responding to client with driver.performTouch() result: null
&amp#27;[38;5;0m[HTTP]&amp#27;[0m &amp#27;[37m<-- POST /session/28adf0bf-7ee8-437a-b2e7-798510efe6fe/touch/perform &amp#27;[39m&amp#27;[32m200&amp#27;[39m &amp#27;[90m2643 ms - 14&amp#27;[39m
&amp#27;[38;5;0m[HTTP]&amp#27;[0m &amp#27;[90m&amp#27;[39m
&amp#27;[38;5;0m[HTTP]&amp#27;[0m &amp#27;[37m-->&amp#27;[39m &amp#27;[37mPOST&amp#27;[39m &amp#27;[37m/session/28adf0bf-7ee8-437a-b2e7-798510efe6fe/actions&amp#27;[39m
&amp#27;[38;5;0m[HTTP]&amp#27;[0m &amp#27;[90m{"actions":[{"id":"finger","type":"pointer","parameters":{"pointerType":"touch"},"actions":[{"duration":0,"type":"pause"},{"duration":0,"x":197,"y":466,"type":"pointerMove","origin":"viewport"},{"button":0,"type":"pointerDown"},{"button":0,"type":"pointerUp"}]}]}&amp#27;[39m
&amp#27;[38;5;32m[XCUITestDriver@e07a (28adf0bf)]&amp#27;[0m Calling AppiumDriver.performActions() with args: [[{"id":"finger","type":"pointer","parameters":{"pointerType":"touch"},"actions":[{"duration":0,"type":"pause"},{"duration":0,"x":197,"y":466,"type":"pointerMove","origin":"viewport"},{"button":0,"type":"pointerDown"},{"button":0,"type":"pointerUp"}]}],"28adf0bf-7ee8-437a-b2e7-798510efe6fe"]
&amp#27;[38;5;32m[XCUITestDriver@e07a (28adf0bf)]&amp#27;[0m Executing command 'performActions'
&amp#27;[38;5;32m[XCUITestDriver@e07a (28adf0bf)]&amp#27;[0m Received the following W3C actions: [
&amp#27;[38;5;32m[XCUITestDriver@e07a (28adf0bf)]&amp#27;[0m   {
&amp#27;[38;5;32m[XCUITestDriver@e07a (28adf0bf)]&amp#27;[0m     "id": "finger",
&amp#27;[38;5;32m[XCUITestDriver@e07a (28adf0bf)]&amp#27;[0m     "type": "pointer",
&amp#27;[38;5;32m[XCUITestDriver@e07a (28adf0bf)]&amp#27;[0m     "parameters": {
&amp#27;[38;5;32m[XCUITestDriver@e07a (28adf0bf)]&amp#27;[0m       "pointerType": "touch"
&amp#27;[38;5;32m[XCUITestDriver@e07a (28adf0bf)]&amp#27;[0m     },
&amp#27;[38;5;32m[XCUITestDriver@e07a (28adf0bf)]&amp#27;[0m     "actions": [
&amp#27;[38;5;32m[XCUITestDriver@e07a (28adf0bf)]&amp#27;[0m       {
&amp#27;[38;5;32m[XCUITestDriver@e07a (28adf0bf)]&amp#27;[0m         "duration": 0,
&amp#27;[38;5;32m[XCUITestDriver@e07a (28adf0bf)]&amp#27;[0m         "type": "pause"
&amp#27;[38;5;32m[XCUITestDriver@e07a (28adf0bf)]&amp#27;[0m       },
&amp#27;[38;5;32m[XCUITestDriver@e07a (28adf0bf)]&amp#27;[0m       {
&amp#27;[38;5;32m[XCUITestDriver@e07a (28adf0bf)]&amp#27;[0m         "duration": 0,
&amp#27;[38;5;32m[XCUITestDriver@e07a (28adf0bf)]&amp#27;[0m         "x": 197,
&amp#27;[38;5;32m[XCUITestDriver@e07a (28adf0bf)]&amp#27;[0m         "y": 466,
&amp#27;[38;5;32m[XCUITestDriver@e07a (28adf0bf)]&amp#27;[0m         "type": "pointerMove",
&amp#27;[38;5;32m[XCUITestDriver@e07a (28adf0bf)]&amp#27;[0m         "origin": "viewport"
&amp#27;[38;5;32m[XCUITestDriver@e07a (28adf0bf)]&amp#27;[0m       },
&amp#27;[38;5;32m[XCUITestDriver@e07a (28adf0bf)]&amp#27;[0m       {
&amp#27;[38;5;32m[XCUITestDriver@e07a (28adf0bf)]&amp#27;[0m         "button": 0,
&amp#27;[38;5;32m[XCUITestDriver@e07a (28adf0bf)]&amp#27;[0m         "type": "pointerDown"
&amp#27;[38;5;32m[XCUITestDriver@e07a (28adf0bf)]&amp#27;[0m       },
&amp#27;[38;5;32m[XCUITestDriver@e07a (28adf0bf)]&amp#27;[0m       {
&amp#27;[38;5;32m[XCUITestDriver@e07a (28adf0bf)]&amp#27;[0m         "button": 0,
&amp#27;[38;5;32m[XCUITestDriver@e07a (28adf0bf)]&amp#27;[0m         "type": "pointerUp"
&amp#27;[38;5;32m[XCUITestDriver@e07a (28adf0bf)]&amp#27;[0m       }
&amp#27;[38;5;32m[XCUITestDriver@e07a (28adf0bf)]&amp#27;[0m     ]
&amp#27;[38;5;32m[XCUITestDriver@e07a (28adf0bf)]&amp#27;[0m   }
&amp#27;[38;5;32m[XCUITestDriver@e07a (28adf0bf)]&amp#27;[0m ]
&amp#27;[38;5;32m[XCUITestDriver@e07a (28adf0bf)]&amp#27;[0m Preprocessed actions: [
&amp#27;[38;5;32m[XCUITestDriver@e07a (28adf0bf)]&amp#27;[0m   {
&amp#27;[38;5;32m[XCUITestDriver@e07a (28adf0bf)]&amp#27;[0m     "id": "finger",
&amp#27;[38;5;32m[XCUITestDriver@e07a (28adf0bf)]&amp#27;[0m     "type": "pointer",
&amp#27;[38;5;32m[XCUITestDriver@e07a (28adf0bf)]&amp#27;[0m     "parameters": {
&amp#27;[38;5;32m[XCUITestDriver@e07a (28adf0bf)]&amp#27;[0m       "pointerType": "touch"
&amp#27;[38;5;32m[XCUITestDriver@e07a (28adf0bf)]&amp#27;[0m     },
&amp#27;[38;5;32m[XCUITestDriver@e07a (28adf0bf)]&amp#27;[0m     "actions": [
&amp#27;[38;5;32m[XCUITestDriver@e07a (28adf0bf)]&amp#27;[0m       {
&amp#27;[38;5;32m[XCUITestDriver@e07a (28adf0bf)]&amp#27;[0m         "duration": 0,
&amp#27;[38;5;32m[XCUITestDriver@e07a (28adf0bf)]&amp#27;[0m         "x": 197,
&amp#27;[38;5;32m[XCUITestDriver@e07a (28adf0bf)]&amp#27;[0m         "y": 466,
&amp#27;[38;5;32m[XCUITestDriver@e07a (28adf0bf)]&amp#27;[0m         "type": "pointerMove",
&amp#27;[38;5;32m[XCUITestDriver@e07a (28adf0bf)]&amp#27;[0m         "origin": "viewport"
&amp#27;[38;5;32m[XCUITestDriver@e07a (28adf0bf)]&amp#27;[0m       },
&amp#27;[38;5;32m[XCUITestDriver@e07a (28adf0bf)]&amp#27;[0m       {
&amp#27;[38;5;32m[XCUITestDriver@e07a (28adf0bf)]&amp#27;[0m         "button": 0,
&amp#27;[38;5;32m[XCUITestDriver@e07a (28adf0bf)]&amp#27;[0m         "type": "pointerDown"
&amp#27;[38;5;32m[XCUITestDriver@e07a (28adf0bf)]&amp#27;[0m       },
&amp#27;[38;5;32m[XCUITestDriver@e07a (28adf0bf)]&amp#27;[0m       {
&amp#27;[38;5;32m[XCUITestDriver@e07a (28adf0bf)]&amp#27;[0m         "button": 0,
&amp#27;[38;5;32m[XCUITestDriver@e07a (28adf0bf)]&amp#27;[0m         "type": "pointerUp"
&amp#27;[38;5;32m[XCUITestDriver@e07a (28adf0bf)]&amp#27;[0m       }
&amp#27;[38;5;32m[XCUITestDriver@e07a (28adf0bf)]&amp#27;[0m     ]
&amp#27;[38;5;32m[XCUITestDriver@e07a (28adf0bf)]&amp#27;[0m   }
&amp#27;[38;5;32m[XCUITestDriver@e07a (28adf0bf)]&amp#27;[0m ]
&amp#27;[38;5;32m[XCUITestDriver@e07a (28adf0bf)]&amp#27;[0m Matched '/actions' to command name 'performActions'
&amp#27;[38;5;32m[XCUITestDriver@e07a (28adf0bf)]&amp#27;[0m Proxying [POST /actions] to [POST http://127.0.0.1:8100/session/E78FC83E-19E7-4136-B719-97A048452808/actions] with body: {"actions":[{"id":"finger","type":"pointer","parameters":{"pointerType":"touch"},"actions":[{"duration":0,"x":197,"y":466,"type":"pointerMove","origin":"viewport"},{"button":0,"type":"pointerDown"},{"button":0,"type":"pointerUp"}]}]}
&amp#27;[38;5;32m[XCUITestDriver@e07a (28adf0bf)]&amp#27;[0m Got response with status 200: {"value":null,"sessionId":"E78FC83E-19E7-4136-B719-97A048452808"}
&amp#27;[38;5;32m[XCUITestDriver@e07a (28adf0bf)]&amp#27;[0m Responding to client with driver.performActions() result: null
&amp#27;[38;5;0m[HTTP]&amp#27;[0m &amp#27;[37m<-- POST /session/28adf0bf-7ee8-437a-b2e7-798510efe6fe/actions &amp#27;[39m&amp#27;[32m200&amp#27;[39m &amp#27;[90m579 ms - 14&amp#27;[39m
&amp#27;[38;5;0m[HTTP]&amp#27;[0m &amp#27;[90m&amp#27;[39m
&amp#27;[38;5;0m[HTTP]&amp#27;[0m &amp#27;[37m-->&amp#27;[39m &amp#27;[37mGET&amp#27;[39m &amp#27;[37m/session/28adf0bf-7ee8-437a-b2e7-798510efe6fe/context&amp#27;[39m
&amp#27;[38;5;0m[HTTP]&amp#27;[0m &amp#27;[90m{}&amp#27;[39m
&amp#27;[38;5;32m[XCUITestDriver@e07a (28adf0bf)]&amp#27;[0m Calling AppiumDriver.getCurrentContext() with args: ["28adf0bf-7ee8-437a-b2e7-798510efe6fe"]
&amp#27;[38;5;32m[XCUITestDriver@e07a (28adf0bf)]&amp#27;[0m Executing command 'getCurrentContext'
&amp#27;[38;5;32m[XCUITestDriver@e07a (28adf0bf)]&amp#27;[0m Responding to client with driver.getCurrentContext() result: "NATIVE_APP"
&amp#27;[38;5;0m[HTTP]&amp#27;[0m &amp#27;[37m<-- GET /session/28adf0bf-7ee8-437a-b2e7-798510efe6fe/context &amp#27;[39m&amp#27;[32m200&amp#27;[39m &amp#27;[90m1 ms - 22&amp#27;[39m
&amp#27;[38;5;0m[HTTP]&amp#27;[0m &amp#27;[90m&amp#27;[39m
&amp#27;[38;5;0m[HTTP]&amp#27;[0m &amp#27;[37m-->&amp#27;[39m &amp#27;[37mPOST&amp#27;[39m &amp#27;[37m/session/28adf0bf-7ee8-437a-b2e7-798510efe6fe/element&amp#27;[39m
&amp#27;[38;5;0m[HTTP]&amp#27;[0m &amp#27;[90m{"using":"xpath","value":"//XCUIElementTypeButton[@name=\"CONTINUE\"]"}&amp#27;[39m
&amp#27;[38;5;32m[XCUITestDriver@e07a (28adf0bf)]&amp#27;[0m Calling AppiumDriver.findElement() with args: ["xpath","//XCUIElementTypeButton[@name=\"CONTINUE\"]","28adf0bf-7ee8-437a-b2e7-798510efe6fe"]
&amp#27;[38;5;32m[XCUITestDriver@e07a (28adf0bf)]&amp#27;[0m Executing command 'findElement'
&amp#27;[38;5;32m[XCUITestDriver@e07a (28adf0bf)]&amp#27;[0m Valid locator strategies for this request: xpath, id, name, class name, -ios predicate string, -ios class chain, accessibility id, css selector
&amp#27;[38;5;32m[XCUITestDriver@e07a (28adf0bf)]&amp#27;[0m Waiting up to 0 ms for condition
&amp#27;[38;5;32m[XCUITestDriver@e07a (28adf0bf)]&amp#27;[0m Matched '/element' to command name 'findElement'
&amp#27;[38;5;32m[XCUITestDriver@e07a (28adf0bf)]&amp#27;[0m Proxying [POST /element] to [POST http://127.0.0.1:8100/session/E78FC83E-19E7-4136-B719-97A048452808/element] with body: {"using":"xpath","value":"//XCUIElementTypeButton[@name=\"CONTINUE\"]"}
&amp#27;[38;5;32m[XCUITestDriver@e07a (28adf0bf)]&amp#27;[0m Got response with status 404: {"value":{"error":"no such element","message":"unable to find an element using 'xpath', value '//XCUIElementTypeButton[@name=\"CONTINUE\"]'","traceback":"(\n\t0   WebDriverAgentLib                   0x00000001072a740c FBNoSuchElementErrorResponseForRequest + 252\n\t1   WebDriverAgentLib                   0x00000001072a723c +[FBFindElementCommands handleFindElement:] + 316\n\t2   WebDriverAgentLib                   0x000000010726a9d0 -[FBRoute_TargetAction mountRequest:intoResponse:] + 168\n\t3   WebDriverAgentLib                   0x0000000107254264 __37-[FBWebServer registerRouteHandlers:]_block_invoke + 408\n\t4   WebDriverAgentLib                   0x000000010728d2c4 -[RoutingHTTPServer handleRoute:withRequest:response:] + 168\n\t5   WebDriverAgentLib                   0x000000010728ddb4 __72-[RoutingHTTPServer routeMethod:withPath:parameters:request:connection:]_block_invoke + 64\n\t6   libdispatch.dylib                   0x00000001a237dfdc FEA36690-A000-3C55-B700-9120B05AA69B + 16348\n\t7   libdispatc...
&amp#27;[38;5;128m[W3C]&amp#27;[0m Matched W3C error code 'no such element' to NoSuchElementError
&amp#27;[38;5;32m[XCUITestDriver@e07a (28adf0bf)]&amp#27;[0m Encountered internal error running command: NoSuchElementError: An element could not be located on the page using the given search parameters.
&amp#27;[38;5;32m[XCUITestDriver@e07a (28adf0bf)]&amp#27;[0m     at XCUITestDriver.doNativeFind (/Users/karishmabarot/.appium/node_modules/appium-xcuitest-driver/lib/commands/find.js:143:13)
&amp#27;[38;5;32m[XCUITestDriver@e07a (28adf0bf)]&amp#27;[0m     at processTicksAndRejections (node:internal/process/task_queues:95:5)
&amp#27;[38;5;32m[XCUITestDriver@e07a (28adf0bf)]&amp#27;[0m     at XCUITestDriver.findNativeElementOrElements (/Users/karishmabarot/.appium/node_modules/appium-xcuitest-driver/lib/commands/find.js:97:12)
&amp#27;[38;5;32m[XCUITestDriver@e07a (28adf0bf)]&amp#27;[0m     at XCUITestDriver.findElOrEls (/Users/karishmabarot/.appium/node_modules/appium-xcuitest-driver/lib/commands/find.js:24:14)
&amp#27;[38;5;32m[XCUITestDriver@e07a (28adf0bf)]&amp#27;[0m     at XCUITestDriver.findElOrElsWithProcessing (/Users/karishmabarot/node_modules/@appium/base-driver/lib/basedriver/commands/find.ts:60:12)
&amp#27;[38;5;32m[XCUITestDriver@e07a (28adf0bf)]&amp#27;[0m     at XCUITestDriver.findElement (/Users/karishmabarot/node_modules/@appium/base-driver/lib/basedriver/commands/find.ts:75:12)
&amp#27;[38;5;0m[HTTP]&amp#27;[0m &amp#27;[37m<-- POST /session/28adf0bf-7ee8-437a-b2e7-798510efe6fe/element &amp#27;[39m&amp#27;[33m404&amp#27;[39m &amp#27;[90m1041 ms - 994&amp#27;[39m
&amp#27;[38;5;0m[HTTP]&amp#27;[0m &amp#27;[90m&amp#27;[39m
&amp#27;[38;5;0m[HTTP]&amp#27;[0m &amp#27;[37m-->&amp#27;[39m &amp#27;[37mGET&amp#27;[39m &amp#27;[37m/session/28adf0bf-7ee8-437a-b2e7-798510efe6fe/context&amp#27;[39m
&amp#27;[38;5;0m[HTTP]&amp#27;[0m &amp#27;[90m{}&amp#27;[39m
&amp#27;[38;5;32m[XCUITestDriver@e07a (28adf0bf)]&amp#27;[0m Calling AppiumDriver.getCurrentContext() with args: ["28adf0bf-7ee8-437a-b2e7-798510efe6fe"]
&amp#27;[38;5;32m[XCUITestDriver@e07a (28adf0bf)]&amp#27;[0m Executing command 'getCurrentContext'
&amp#27;[38;5;32m[XCUITestDriver@e07a (28adf0bf)]&amp#27;[0m Responding to client with driver.getCurrentContext() result: "NATIVE_APP"
&amp#27;[38;5;0m[HTTP]&amp#27;[0m &amp#27;[37m<-- GET /session/28adf0bf-7ee8-437a-b2e7-798510efe6fe/context &amp#27;[39m&amp#27;[32m200&amp#27;[39m &amp#27;[90m1 ms - 22&amp#27;[39m
&amp#27;[38;5;0m[HTTP]&amp#27;[0m &amp#27;[90m&amp#27;[39m
&amp#27;[38;5;0m[HTTP]&amp#27;[0m &amp#27;[37m-->&amp#27;[39m &amp#27;[37mPOST&amp#27;[39m &amp#27;[37m/session/28adf0bf-7ee8-437a-b2e7-798510efe6fe/element&amp#27;[39m
&amp#27;[38;5;0m[HTTP]&amp#27;[0m &amp#27;[90m{"using":"xpath","value":"//XCUIElementTypeButton[@name=\"CONTINUE\"]"}&amp#27;[39m
&amp#27;[38;5;32m[XCUITestDriver@e07a (28adf0bf)]&amp#27;[0m Calling AppiumDriver.findElement() with args: ["xpath","//XCUIElementTypeButton[@name=\"CONTINUE\"]","28adf0bf-7ee8-437a-b2e7-798510efe6fe"]
&amp#27;[38;5;32m[XCUITestDriver@e07a (28adf0bf)]&amp#27;[0m Executing command 'findElement'
&amp#27;[38;5;32m[XCUITestDriver@e07a (28adf0bf)]&amp#27;[0m Valid locator strategies for this request: xpath, id, name, class name, -ios predicate string, -ios class chain, accessibility id, css selector
&amp#27;[38;5;32m[XCUITestDriver@e07a (28adf0bf)]&amp#27;[0m Waiting up to 0 ms for condition
&amp#27;[38;5;32m[XCUITestDriver@e07a (28adf0bf)]&amp#27;[0m Matched '/element' to command name 'findElement'
&amp#27;[38;5;32m[XCUITestDriver@e07a (28adf0bf)]&amp#27;[0m Proxying [POST /element] to [POST http://127.0.0.1:8100/session/E78FC83E-19E7-4136-B719-97A048452808/element] with body: {"using":"xpath","value":"//XCUIElementTypeButton[@name=\"CONTINUE\"]"}
&amp#27;[38;5;32m[XCUITestDriver@e07a (28adf0bf)]&amp#27;[0m Got response with status 404: {"value":{"error":"no such element","message":"unable to find an element using 'xpath', value '//XCUIElementTypeButton[@name=\"CONTINUE\"]'","traceback":"(\n\t0   WebDriverAgentLib                   0x00000001072a740c FBNoSuchElementErrorResponseForRequest + 252\n\t1   WebDriverAgentLib                   0x00000001072a723c +[FBFindElementCommands handleFindElement:] + 316\n\t2   WebDriverAgentLib                   0x000000010726a9d0 -[FBRoute_TargetAction mountRequest:intoResponse:] + 168\n\t3   WebDriverAgentLib                   0x0000000107254264 __37-[FBWebServer registerRouteHandlers:]_block_invoke + 408\n\t4   WebDriverAgentLib                   0x000000010728d2c4 -[RoutingHTTPServer handleRoute:withRequest:response:] + 168\n\t5   WebDriverAgentLib                   0x000000010728ddb4 __72-[RoutingHTTPServer routeMethod:withPath:parameters:request:connection:]_block_invoke + 64\n\t6   libdispatch.dylib                   0x00000001a237dfdc FEA36690-A000-3C55-B700-9120B05AA69B + 16348\n\t7   libdispatc...
&amp#27;[38;5;128m[W3C]&amp#27;[0m Matched W3C error code 'no such element' to NoSuchElementError
&amp#27;[38;5;32m[XCUITestDriver@e07a (28adf0bf)]&amp#27;[0m Encountered internal error running command: NoSuchElementError: An element could not be located on the page using the given search parameters.
&amp#27;[38;5;32m[XCUITestDriver@e07a (28adf0bf)]&amp#27;[0m     at XCUITestDriver.doNativeFind (/Users/karishmabarot/.appium/node_modules/appium-xcuitest-driver/lib/commands/find.js:143:13)
&amp#27;[38;5;32m[XCUITestDriver@e07a (28adf0bf)]&amp#27;[0m     at processTicksAndRejections (node:internal/process/task_queues:95:5)
&amp#27;[38;5;32m[XCUITestDriver@e07a (28adf0bf)]&amp#27;[0m     at XCUITestDriver.findNativeElementOrElements (/Users/karishmabarot/.appium/node_modules/appium-xcuitest-driver/lib/commands/find.js:97:12)
&amp#27;[38;5;32m[XCUITestDriver@e07a (28adf0bf)]&amp#27;[0m     at XCUITestDriver.findElOrEls (/Users/karishmabarot/.appium/node_modules/appium-xcuitest-driver/lib/commands/find.js:24:14)
&amp#27;[38;5;32m[XCUITestDriver@e07a (28adf0bf)]&amp#27;[0m     at XCUITestDriver.findElOrElsWithProcessing (/Users/karishmabarot/node_modules/@appium/base-driver/lib/basedriver/commands/find.ts:60:12)
&amp#27;[38;5;32m[XCUITestDriver@e07a (28adf0bf)]&amp#27;[0m     at XCUITestDriver.findElement (/Users/karishmabarot/node_modules/@appium/base-driver/lib/basedriver/commands/find.ts:75:12)
&amp#27;[38;5;0m[HTTP]&amp#27;[0m &amp#27;[37m<-- POST /session/28adf0bf-7ee8-437a-b2e7-798510efe6fe/element &amp#27;[39m&amp#27;[33m404&amp#27;[39m &amp#27;[90m1096 ms - 994&amp#27;[39m
&amp#27;[38;5;0m[HTTP]&amp#27;[0m &amp#27;[90m&amp#27;[39m
&amp#27;[38;5;0m[HTTP]&amp#27;[0m &amp#27;[37m-->&amp#27;[39m &amp#27;[37mGET&amp#27;[39m &amp#27;[37m/session/28adf0bf-7ee8-437a-b2e7-798510efe6fe/context&amp#27;[39m
&amp#27;[38;5;0m[HTTP]&amp#27;[0m &amp#27;[90m{}&amp#27;[39m
&amp#27;[38;5;32m[XCUITestDriver@e07a (28adf0bf)]&amp#27;[0m Calling AppiumDriver.getCurrentContext() with args: ["28adf0bf-7ee8-437a-b2e7-798510efe6fe"]
&amp#27;[38;5;32m[XCUITestDriver@e07a (28adf0bf)]&amp#27;[0m Executing command 'getCurrentContext'
&amp#27;[38;5;32m[XCUITestDriver@e07a (28adf0bf)]&amp#27;[0m Responding to client with driver.getCurrentContext() result: "NATIVE_APP"
&amp#27;[38;5;0m[HTTP]&amp#27;[0m &amp#27;[37m<-- GET /session/28adf0bf-7ee8-437a-b2e7-798510efe6fe/context &amp#27;[39m&amp#27;[32m200&amp#27;[39m &amp#27;[90m1 ms - 22&amp#27;[39m
&amp#27;[38;5;0m[HTTP]&amp#27;[0m &amp#27;[90m&amp#27;[39m
&amp#27;[38;5;0m[HTTP]&amp#27;[0m &amp#27;[37m-->&amp#27;[39m &amp#27;[37mPOST&amp#27;[39m &amp#27;[37m/session/28adf0bf-7ee8-437a-b2e7-798510efe6fe/element&amp#27;[39m
&amp#27;[38;5;0m[HTTP]&amp#27;[0m &amp#27;[90m{"using":"xpath","value":"//XCUIElementTypeButton[@name=\"CONTINUE\"]"}&amp#27;[39m
&amp#27;[38;5;32m[XCUITestDriver@e07a (28adf0bf)]&amp#27;[0m Calling AppiumDriver.findElement() with args: ["xpath","//XCUIElementTypeButton[@name=\"CONTINUE\"]","28adf0bf-7ee8-437a-b2e7-798510efe6fe"]
&amp#27;[38;5;32m[XCUITestDriver@e07a (28adf0bf)]&amp#27;[0m Executing command 'findElement'
&amp#27;[38;5;32m[XCUITestDriver@e07a (28adf0bf)]&amp#27;[0m Valid locator strategies for this request: xpath, id, name, class name, -ios predicate string, -ios class chain, accessibility id, css selector
&amp#27;[38;5;32m[XCUITestDriver@e07a (28adf0bf)]&amp#27;[0m Waiting up to 0 ms for condition
&amp#27;[38;5;32m[XCUITestDriver@e07a (28adf0bf)]&amp#27;[0m Matched '/element' to command name 'findElement'
&amp#27;[38;5;32m[XCUITestDriver@e07a (28adf0bf)]&amp#27;[0m Proxying [POST /element] to [POST http://127.0.0.1:8100/session/E78FC83E-19E7-4136-B719-97A048452808/element] with body: {"using":"xpath","value":"//XCUIElementTypeButton[@name=\"CONTINUE\"]"}
&amp#27;[38;5;32m[XCUITestDriver@e07a (28adf0bf)]&amp#27;[0m Got response with status 404: {"value":{"error":"no such element","message":"unable to find an element using 'xpath', value '//XCUIElementTypeButton[@name=\"CONTINUE\"]'","traceback":"(\n\t0   WebDriverAgentLib                   0x00000001072a740c FBNoSuchElementErrorResponseForRequest + 252\n\t1   WebDriverAgentLib                   0x00000001072a723c +[FBFindElementCommands handleFindElement:] + 316\n\t2   WebDriverAgentLib                   0x000000010726a9d0 -[FBRoute_TargetAction mountRequest:intoResponse:] + 168\n\t3   WebDriverAgentLib                   0x0000000107254264 __37-[FBWebServer registerRouteHandlers:]_block_invoke + 408\n\t4   WebDriverAgentLib                   0x000000010728d2c4 -[RoutingHTTPServer handleRoute:withRequest:response:] + 168\n\t5   WebDriverAgentLib                   0x000000010728ddb4 __72-[RoutingHTTPServer routeMethod:withPath:parameters:request:connection:]_block_invoke + 64\n\t6   libdispatch.dylib                   0x00000001a237dfdc FEA36690-A000-3C55-B700-9120B05AA69B + 16348\n\t7   libdispatc...
&amp#27;[38;5;128m[W3C]&amp#27;[0m Matched W3C error code 'no such element' to NoSuchElementError
&amp#27;[38;5;32m[XCUITestDriver@e07a (28adf0bf)]&amp#27;[0m Encountered internal error running command: NoSuchElementError: An element could not be located on the page using the given search parameters.
&amp#27;[38;5;32m[XCUITestDriver@e07a (28adf0bf)]&amp#27;[0m     at XCUITestDriver.doNativeFind (/Users/karishmabarot/.appium/node_modules/appium-xcuitest-driver/lib/commands/find.js:143:13)
&amp#27;[38;5;32m[XCUITestDriver@e07a (28adf0bf)]&amp#27;[0m     at processTicksAndRejections (node:internal/process/task_queues:95:5)
&amp#27;[38;5;32m[XCUITestDriver@e07a (28adf0bf)]&amp#27;[0m     at XCUITestDriver.findNativeElementOrElements (/Users/karishmabarot/.appium/node_modules/appium-xcuitest-driver/lib/commands/find.js:97:12)
&amp#27;[38;5;32m[XCUITestDriver@e07a (28adf0bf)]&amp#27;[0m     at XCUITestDriver.findElOrEls (/Users/karishmabarot/.appium/node_modules/appium-xcuitest-driver/lib/commands/find.js:24:14)
&amp#27;[38;5;32m[XCUITestDriver@e07a (28adf0bf)]&amp#27;[0m     at XCUITestDriver.findElOrElsWithProcessing (/Users/karishmabarot/node_modules/@appium/base-driver/lib/basedriver/commands/find.ts:60:12)
&amp#27;[38;5;32m[XCUITestDriver@e07a (28adf0bf)]&amp#27;[0m     at XCUITestDriver.findElement (/Users/karishmabarot/node_modules/@appium/base-driver/lib/basedriver/commands/find.ts:75:12)
&amp#27;[38;5;0m[HTTP]&amp#27;[0m &amp#27;[37m<-- POST /session/28adf0bf-7ee8-437a-b2e7-798510efe6fe/element &amp#27;[39m&amp#27;[33m404&amp#27;[39m &amp#27;[90m555 ms - 994&amp#27;[39m
&amp#27;[38;5;0m[HTTP]&amp#27;[0m &amp#27;[90m&amp#27;[39m
&amp#27;[38;5;0m[HTTP]&amp#27;[0m &amp#27;[37m-->&amp#27;[39m &amp#27;[37mPOST&amp#27;[39m &amp#27;[37m/session/28adf0bf-7ee8-437a-b2e7-798510efe6fe/element&amp#27;[39m
&amp#27;[38;5;0m[HTTP]&amp#27;[0m &amp#27;[90m{"using":"xpath","value":"//XCUIElementTypeButton[@name=\"CONTINUE\"]"}&amp#27;[39m
&amp#27;[38;5;32m[XCUITestDriver@e07a (28adf0bf)]&amp#27;[0m Calling AppiumDriver.findElement() with args: ["xpath","//XCUIElementTypeButton[@name=\"CONTINUE\"]","28adf0bf-7ee8-437a-b2e7-798510efe6fe"]
&amp#27;[38;5;32m[XCUITestDriver@e07a (28adf0bf)]&amp#27;[0m Executing command 'findElement'
&amp#27;[38;5;32m[XCUITestDriver@e07a (28adf0bf)]&amp#27;[0m Valid locator strategies for this request: xpath, id, name, class name, -ios predicate string, -ios class chain, accessibility id, css selector
&amp#27;[38;5;32m[XCUITestDriver@e07a (28adf0bf)]&amp#27;[0m Waiting up to 0 ms for condition
&amp#27;[38;5;32m[XCUITestDriver@e07a (28adf0bf)]&amp#27;[0m Matched '/element' to command name 'findElement'
&amp#27;[38;5;32m[XCUITestDriver@e07a (28adf0bf)]&amp#27;[0m Proxying [POST /element] to [POST http://127.0.0.1:8100/session/E78FC83E-19E7-4136-B719-97A048452808/element] with body: {"using":"xpath","value":"//XCUIElementTypeButton[@name=\"CONTINUE\"]"}
&amp#27;[38;5;32m[XCUITestDriver@e07a (28adf0bf)]&amp#27;[0m Got response with status 404: {"value":{"error":"no such element","message":"unable to find an element using 'xpath', value '//XCUIElementTypeButton[@name=\"CONTINUE\"]'","traceback":"(\n\t0   WebDriverAgentLib                   0x00000001072a740c FBNoSuchElementErrorResponseForRequest + 252\n\t1   WebDriverAgentLib                   0x00000001072a723c +[FBFindElementCommands handleFindElement:] + 316\n\t2   WebDriverAgentLib                   0x000000010726a9d0 -[FBRoute_TargetAction mountRequest:intoResponse:] + 168\n\t3   WebDriverAgentLib                   0x0000000107254264 __37-[FBWebServer registerRouteHandlers:]_block_invoke + 408\n\t4   WebDriverAgentLib                   0x000000010728d2c4 -[RoutingHTTPServer handleRoute:withRequest:response:] + 168\n\t5   WebDriverAgentLib                   0x000000010728ddb4 __72-[RoutingHTTPServer routeMethod:withPath:parameters:request:connection:]_block_invoke + 64\n\t6   libdispatch.dylib                   0x00000001a237dfdc FEA36690-A000-3C55-B700-9120B05AA69B + 16348\n\t7   libdispatc...
&amp#27;[38;5;128m[W3C]&amp#27;[0m Matched W3C error code 'no such element' to NoSuchElementError
&amp#27;[38;5;32m[XCUITestDriver@e07a (28adf0bf)]&amp#27;[0m Encountered internal error running command: NoSuchElementError: An element could not be located on the page using the given search parameters.
&amp#27;[38;5;32m[XCUITestDriver@e07a (28adf0bf)]&amp#27;[0m     at XCUITestDriver.doNativeFind (/Users/karishmabarot/.appium/node_modules/appium-xcuitest-driver/lib/commands/find.js:143:13)
&amp#27;[38;5;32m[XCUITestDriver@e07a (28adf0bf)]&amp#27;[0m     at processTicksAndRejections (node:internal/process/task_queues:95:5)
&amp#27;[38;5;32m[XCUITestDriver@e07a (28adf0bf)]&amp#27;[0m     at XCUITestDriver.findNativeElementOrElements (/Users/karishmabarot/.appium/node_modules/appium-xcuitest-driver/lib/commands/find.js:97:12)
&amp#27;[38;5;32m[XCUITestDriver@e07a (28adf0bf)]&amp#27;[0m     at XCUITestDriver.findElOrEls (/Users/karishmabarot/.appium/node_modules/appium-xcuitest-driver/lib/commands/find.js:24:14)
&amp#27;[38;5;32m[XCUITestDriver@e07a (28adf0bf)]&amp#27;[0m     at XCUITestDriver.findElOrElsWithProcessing (/Users/karishmabarot/node_modules/@appium/base-driver/lib/basedriver/commands/find.ts:60:12)
&amp#27;[38;5;32m[XCUITestDriver@e07a (28adf0bf)]&amp#27;[0m     at XCUITestDriver.findElement (/Users/karishmabarot/node_modules/@appium/base-driver/lib/basedriver/commands/find.ts:75:12)
&amp#27;[38;5;0m[HTTP]&amp#27;[0m &amp#27;[37m<-- POST /session/28adf0bf-7ee8-437a-b2e7-798510efe6fe/element &amp#27;[39m&amp#27;[33m404&amp#27;[39m &amp#27;[90m985 ms - 994&amp#27;[39m
&amp#27;[38;5;0m[HTTP]&amp#27;[0m &amp#27;[90m&amp#27;[39m
&amp#27;[38;5;0m[HTTP]&amp#27;[0m &amp#27;[37m-->&amp#27;[39m &amp#27;[37mGET&amp#27;[39m &amp#27;[37m/session/28adf0bf-7ee8-437a-b2e7-798510efe6fe/context&amp#27;[39m
&amp#27;[38;5;0m[HTTP]&amp#27;[0m &amp#27;[90m{}&amp#27;[39m
&amp#27;[38;5;32m[XCUITestDriver@e07a (28adf0bf)]&amp#27;[0m Calling AppiumDriver.getCurrentContext() with args: ["28adf0bf-7ee8-437a-b2e7-798510efe6fe"]
&amp#27;[38;5;32m[XCUITestDriver@e07a (28adf0bf)]&amp#27;[0m Executing command 'getCurrentContext'
&amp#27;[38;5;32m[XCUITestDriver@e07a (28adf0bf)]&amp#27;[0m Responding to client with driver.getCurrentContext() result: "NATIVE_APP"
&amp#27;[38;5;0m[HTTP]&amp#27;[0m &amp#27;[37m<-- GET /session/28adf0bf-7ee8-437a-b2e7-798510efe6fe/context &amp#27;[39m&amp#27;[32m200&amp#27;[39m &amp#27;[90m1 ms - 22&amp#27;[39m
&amp#27;[38;5;0m[HTTP]&amp#27;[0m &amp#27;[90m&amp#27;[39m
&amp#27;[38;5;0m[HTTP]&amp#27;[0m &amp#27;[37m-->&amp#27;[39m &amp#27;[37mPOST&amp#27;[39m &amp#27;[37m/session/28adf0bf-7ee8-437a-b2e7-798510efe6fe/element&amp#27;[39m
&amp#27;[38;5;0m[HTTP]&amp#27;[0m &amp#27;[90m{"using":"xpath","value":"//XCUIElementTypeButton[@name=\"CONTINUE\"]"}&amp#27;[39m
&amp#27;[38;5;32m[XCUITestDriver@e07a (28adf0bf)]&amp#27;[0m Calling AppiumDriver.findElement() with args: ["xpath","//XCUIElementTypeButton[@name=\"CONTINUE\"]","28adf0bf-7ee8-437a-b2e7-798510efe6fe"]
&amp#27;[38;5;32m[XCUITestDriver@e07a (28adf0bf)]&amp#27;[0m Executing command 'findElement'
&amp#27;[38;5;32m[XCUITestDriver@e07a (28adf0bf)]&amp#27;[0m Valid locator strategies for this request: xpath, id, name, class name, -ios predicate string, -ios class chain, accessibility id, css selector
&amp#27;[38;5;32m[XCUITestDriver@e07a (28adf0bf)]&amp#27;[0m Waiting up to 0 ms for condition
&amp#27;[38;5;32m[XCUITestDriver@e07a (28adf0bf)]&amp#27;[0m Matched '/element' to command name 'findElement'
&amp#27;[38;5;32m[XCUITestDriver@e07a (28adf0bf)]&amp#27;[0m Proxying [POST /element] to [POST http://127.0.0.1:8100/session/E78FC83E-19E7-4136-B719-97A048452808/element] with body: {"using":"xpath","value":"//XCUIElementTypeButton[@name=\"CONTINUE\"]"}
&amp#27;[38;5;32m[XCUITestDriver@e07a (28adf0bf)]&amp#27;[0m Got response with status 404: {"value":{"error":"no such element","message":"unable to find an element using 'xpath', value '//XCUIElementTypeButton[@name=\"CONTINUE\"]'","traceback":"(\n\t0   WebDriverAgentLib                   0x00000001072a740c FBNoSuchElementErrorResponseForRequest + 252\n\t1   WebDriverAgentLib                   0x00000001072a723c +[FBFindElementCommands handleFindElement:] + 316\n\t2   WebDriverAgentLib                   0x000000010726a9d0 -[FBRoute_TargetAction mountRequest:intoResponse:] + 168\n\t3   WebDriverAgentLib                   0x0000000107254264 __37-[FBWebServer registerRouteHandlers:]_block_invoke + 408\n\t4   WebDriverAgentLib                   0x000000010728d2c4 -[RoutingHTTPServer handleRoute:withRequest:response:] + 168\n\t5   WebDriverAgentLib                   0x000000010728ddb4 __72-[RoutingHTTPServer routeMethod:withPath:parameters:request:connection:]_block_invoke + 64\n\t6   libdispatch.dylib                   0x00000001a237dfdc FEA36690-A000-3C55-B700-9120B05AA69B + 16348\n\t7   libdispatc...
&amp#27;[38;5;128m[W3C]&amp#27;[0m Matched W3C error code 'no such element' to NoSuchElementError
&amp#27;[38;5;32m[XCUITestDriver@e07a (28adf0bf)]&amp#27;[0m Encountered internal error running command: NoSuchElementError: An element could not be located on the page using the given search parameters.
&amp#27;[38;5;32m[XCUITestDriver@e07a (28adf0bf)]&amp#27;[0m     at XCUITestDriver.doNativeFind (/Users/karishmabarot/.appium/node_modules/appium-xcuitest-driver/lib/commands/find.js:143:13)
&amp#27;[38;5;32m[XCUITestDriver@e07a (28adf0bf)]&amp#27;[0m     at processTicksAndRejections (node:internal/process/task_queues:95:5)
&amp#27;[38;5;32m[XCUITestDriver@e07a (28adf0bf)]&amp#27;[0m     at XCUITestDriver.findNativeElementOrElements (/Users/karishmabarot/.appium/node_modules/appium-xcuitest-driver/lib/commands/find.js:97:12)
&amp#27;[38;5;32m[XCUITestDriver@e07a (28adf0bf)]&amp#27;[0m     at XCUITestDriver.findElOrEls (/Users/karishmabarot/.appium/node_modules/appium-xcuitest-driver/lib/commands/find.js:24:14)
&amp#27;[38;5;32m[XCUITestDriver@e07a (28adf0bf)]&amp#27;[0m     at XCUITestDriver.findElOrElsWithProcessing (/Users/karishmabarot/node_modules/@appium/base-driver/lib/basedriver/commands/find.ts:60:12)
&amp#27;[38;5;32m[XCUITestDriver@e07a (28adf0bf)]&amp#27;[0m     at XCUITestDriver.findElement (/Users/karishmabarot/node_modules/@appium/base-driver/lib/basedriver/commands/find.ts:75:12)
&amp#27;[38;5;0m[HTTP]&amp#27;[0m &amp#27;[37m<-- POST /session/28adf0bf-7ee8-437a-b2e7-798510efe6fe/element &amp#27;[39m&amp#27;[33m404&amp#27;[39m &amp#27;[90m1155 ms - 994&amp#27;[39m
&amp#27;[38;5;0m[HTTP]&amp#27;[0m &amp#27;[90m&amp#27;[39m
&amp#27;[38;5;0m[HTTP]&amp#27;[0m &amp#27;[37m-->&amp#27;[39m &amp#27;[37mGET&amp#27;[39m &amp#27;[37m/session/28adf0bf-7ee8-437a-b2e7-798510efe6fe/context&amp#27;[39m
&amp#27;[38;5;0m[HTTP]&amp#27;[0m &amp#27;[90m{}&amp#27;[39m
&amp#27;[38;5;32m[XCUITestDriver@e07a (28adf0bf)]&amp#27;[0m Calling AppiumDriver.getCurrentContext() with args: ["28adf0bf-7ee8-437a-b2e7-798510efe6fe"]
&amp#27;[38;5;32m[XCUITestDriver@e07a (28adf0bf)]&amp#27;[0m Executing command 'getCurrentContext'
&amp#27;[38;5;32m[XCUITestDriver@e07a (28adf0bf)]&amp#27;[0m Responding to client with driver.getCurrentContext() result: "NATIVE_APP"
&amp#27;[38;5;0m[HTTP]&amp#27;[0m &amp#27;[37m<-- GET /session/28adf0bf-7ee8-437a-b2e7-798510efe6fe/context &amp#27;[39m&amp#27;[32m200&amp#27;[39m &amp#27;[90m1 ms - 22&amp#27;[39m
&amp#27;[38;5;0m[HTTP]&amp#27;[0m &amp#27;[90m&amp#27;[39m
&amp#27;[38;5;0m[HTTP]&amp#27;[0m &amp#27;[37m-->&amp#27;[39m &amp#27;[37mPOST&amp#27;[39m &amp#27;[37m/session/28adf0bf-7ee8-437a-b2e7-798510efe6fe/element&amp#27;[39m
&amp#27;[38;5;0m[HTTP]&amp#27;[0m &amp#27;[90m{"using":"xpath","value":"//XCUIElementTypeButton[@name=\"CONTINUE\"]"}&amp#27;[39m
&amp#27;[38;5;32m[XCUITestDriver@e07a (28adf0bf)]&amp#27;[0m Calling AppiumDriver.findElement() with args: ["xpath","//XCUIElementTypeButton[@name=\"CONTINUE\"]","28adf0bf-7ee8-437a-b2e7-798510efe6fe"]
&amp#27;[38;5;32m[XCUITestDriver@e07a (28adf0bf)]&amp#27;[0m Executing command 'findElement'
&amp#27;[38;5;32m[XCUITestDriver@e07a (28adf0bf)]&amp#27;[0m Valid locator strategies for this request: xpath, id, name, class name, -ios predicate string, -ios class chain, accessibility id, css selector
&amp#27;[38;5;32m[XCUITestDriver@e07a (28adf0bf)]&amp#27;[0m Waiting up to 0 ms for condition
&amp#27;[38;5;32m[XCUITestDriver@e07a (28adf0bf)]&amp#27;[0m Matched '/element' to command name 'findElement'
&amp#27;[38;5;32m[XCUITestDriver@e07a (28adf0bf)]&amp#27;[0m Proxying [POST /element] to [POST http://127.0.0.1:8100/session/E78FC83E-19E7-4136-B719-97A048452808/element] with body: {"using":"xpath","value":"//XCUIElementTypeButton[@name=\"CONTINUE\"]"}
&amp#27;[38;5;32m[XCUITestDriver@e07a (28adf0bf)]&amp#27;[0m Got response with status 200: {"value":{"ELEMENT":"33010000-0000-0000-0103-000000000000","element-6066-11e4-a52e-4f735466cecf":"33010000-0000-0000-0103-000000000000"},"sessionId":"E78FC83E-19E7-4136-B719-97A048452808"}
&amp#27;[38;5;32m[XCUITestDriver@e07a (28adf0bf)]&amp#27;[0m Responding to client with driver.findElement() result: {"element-6066-11e4-a52e-4f735466cecf":"33010000-0000-0000-0103-000000000000","ELEMENT":"33010000-0000-0000-0103-000000000000"}
&amp#27;[38;5;0m[HTTP]&amp#27;[0m &amp#27;[37m<-- POST /session/28adf0bf-7ee8-437a-b2e7-798510efe6fe/element &amp#27;[39m&amp#27;[32m200&amp#27;[39m &amp#27;[90m702 ms - 137&amp#27;[39m
&amp#27;[38;5;0m[HTTP]&amp#27;[0m &amp#27;[90m&amp#27;[39m
&amp#27;[38;5;0m[HTTP]&amp#27;[0m &amp#27;[37m-->&amp#27;[39m &amp#27;[37mGET&amp#27;[39m &amp#27;[37m/session/28adf0bf-7ee8-437a-b2e7-798510efe6fe/element/33010000-0000-0000-0103-000000000000/displayed&amp#27;[39m
&amp#27;[38;5;0m[HTTP]&amp#27;[0m &amp#27;[90m{}&amp#27;[39m
&amp#27;[38;5;32m[XCUITestDriver@e07a (28adf0bf)]&amp#27;[0m Driver proxy active, passing request on via HTTP proxy
&amp#27;[38;5;32m[XCUITestDriver@e07a (28adf0bf)]&amp#27;[0m Executing command 'proxyReqRes'
&amp#27;[38;5;32m[XCUITestDriver@e07a (28adf0bf)]&amp#27;[0m Matched '/session/28adf0bf-7ee8-437a-b2e7-798510efe6fe/element/33010000-0000-0000-0103-000000000000/displayed' to command name 'elementDisplayed'
&amp#27;[38;5;32m[XCUITestDriver@e07a (28adf0bf)]&amp#27;[0m Proxying [GET /session/28adf0bf-7ee8-437a-b2e7-798510efe6fe/element/33010000-0000-0000-0103-000000000000/displayed] to [GET http://127.0.0.1:8100/session/E78FC83E-19E7-4136-B719-97A048452808/element/33010000-0000-0000-0103-000000000000/displayed] with no body
&amp#27;[38;5;32m[XCUITestDriver@e07a (28adf0bf)]&amp#27;[0m Got response with status 200: {"value":true,"sessionId":"E78FC83E-19E7-4136-B719-97A048452808"}
&amp#27;[38;5;32m[XCUITestDriver@e07a (28adf0bf)]&amp#27;[0m Replacing sessionId E78FC83E-19E7-4136-B719-97A048452808 with 28adf0bf-7ee8-437a-b2e7-798510efe6fe
&amp#27;[38;5;0m[HTTP]&amp#27;[0m &amp#27;[37m<-- GET /session/28adf0bf-7ee8-437a-b2e7-798510efe6fe/element/33010000-0000-0000-0103-000000000000/displayed &amp#27;[39m&amp#27;[32m200&amp#27;[39m &amp#27;[90m52 ms - 65&amp#27;[39m
&amp#27;[38;5;0m[HTTP]&amp#27;[0m &amp#27;[90m&amp#27;[39m
&amp#27;[38;5;0m[HTTP]&amp#27;[0m &amp#27;[37m-->&amp#27;[39m &amp#27;[37mGET&amp#27;[39m &amp#27;[37m/session/28adf0bf-7ee8-437a-b2e7-798510efe6fe/context&amp#27;[39m
&amp#27;[38;5;0m[HTTP]&amp#27;[0m &amp#27;[90m{}&amp#27;[39m
&amp#27;[38;5;32m[XCUITestDriver@e07a (28adf0bf)]&amp#27;[0m Calling AppiumDriver.getCurrentContext() with args: ["28adf0bf-7ee8-437a-b2e7-798510efe6fe"]
&amp#27;[38;5;32m[XCUITestDriver@e07a (28adf0bf)]&amp#27;[0m Executing command 'getCurrentContext'
&amp#27;[38;5;32m[XCUITestDriver@e07a (28adf0bf)]&amp#27;[0m Responding to client with driver.getCurrentContext() result: "NATIVE_APP"
&amp#27;[38;5;0m[HTTP]&amp#27;[0m &amp#27;[37m<-- GET /session/28adf0bf-7ee8-437a-b2e7-798510efe6fe/context &amp#27;[39m&amp#27;[32m200&amp#27;[39m &amp#27;[90m1 ms - 22&amp#27;[39m
&amp#27;[38;5;0m[HTTP]&amp#27;[0m &amp#27;[90m&amp#27;[39m
&amp#27;[38;5;0m[HTTP]&amp#27;[0m &amp#27;[37m-->&amp#27;[39m &amp#27;[37mPOST&amp#27;[39m &amp#27;[37m/session/28adf0bf-7ee8-437a-b2e7-798510efe6fe/element&amp#27;[39m
&amp#27;[38;5;0m[HTTP]&amp#27;[0m &amp#27;[90m{"using":"xpath","value":"//XCUIElementTypeButton[@name=\"CONTINUE\"]"}&amp#27;[39m
&amp#27;[38;5;32m[XCUITestDriver@e07a (28adf0bf)]&amp#27;[0m Calling AppiumDriver.findElement() with args: ["xpath","//XCUIElementTypeButton[@name=\"CONTINUE\"]","28adf0bf-7ee8-437a-b2e7-798510efe6fe"]
&amp#27;[38;5;32m[XCUITestDriver@e07a (28adf0bf)]&amp#27;[0m Executing command 'findElement'
&amp#27;[38;5;32m[XCUITestDriver@e07a (28adf0bf)]&amp#27;[0m Valid locator strategies for this request: xpath, id, name, class name, -ios predicate string, -ios class chain, accessibility id, css selector
&amp#27;[38;5;32m[XCUITestDriver@e07a (28adf0bf)]&amp#27;[0m Waiting up to 0 ms for condition
&amp#27;[38;5;32m[XCUITestDriver@e07a (28adf0bf)]&amp#27;[0m Matched '/element' to command name 'findElement'
&amp#27;[38;5;32m[XCUITestDriver@e07a (28adf0bf)]&amp#27;[0m Proxying [POST /element] to [POST http://127.0.0.1:8100/session/E78FC83E-19E7-4136-B719-97A048452808/element] with body: {"using":"xpath","value":"//XCUIElementTypeButton[@name=\"CONTINUE\"]"}
&amp#27;[38;5;32m[XCUITestDriver@e07a (28adf0bf)]&amp#27;[0m Got response with status 200: {"value":{"ELEMENT":"33010000-0000-0000-0103-000000000000","element-6066-11e4-a52e-4f735466cecf":"33010000-0000-0000-0103-000000000000"},"sessionId":"E78FC83E-19E7-4136-B719-97A048452808"}
&amp#27;[38;5;32m[XCUITestDriver@e07a (28adf0bf)]&amp#27;[0m Responding to client with driver.findElement() result: {"element-6066-11e4-a52e-4f735466cecf":"33010000-0000-0000-0103-000000000000","ELEMENT":"33010000-0000-0000-0103-000000000000"}
&amp#27;[38;5;0m[HTTP]&amp#27;[0m &amp#27;[37m<-- POST /session/28adf0bf-7ee8-437a-b2e7-798510efe6fe/element &amp#27;[39m&amp#27;[32m200&amp#27;[39m &amp#27;[90m406 ms - 137&amp#27;[39m
&amp#27;[38;5;0m[HTTP]&amp#27;[0m &amp#27;[90m&amp#27;[39m
&amp#27;[38;5;0m[HTTP]&amp#27;[0m &amp#27;[37m-->&amp#27;[39m &amp#27;[37mGET&amp#27;[39m &amp#27;[37m/session/28adf0bf-7ee8-437a-b2e7-798510efe6fe/element/33010000-0000-0000-0103-000000000000/enabled&amp#27;[39m
&amp#27;[38;5;0m[HTTP]&amp#27;[0m &amp#27;[90m{}&amp#27;[39m
&amp#27;[38;5;32m[XCUITestDriver@e07a (28adf0bf)]&amp#27;[0m Driver proxy active, passing request on via HTTP proxy
&amp#27;[38;5;32m[XCUITestDriver@e07a (28adf0bf)]&amp#27;[0m Executing command 'proxyReqRes'
&amp#27;[38;5;32m[XCUITestDriver@e07a (28adf0bf)]&amp#27;[0m Matched '/session/28adf0bf-7ee8-437a-b2e7-798510efe6fe/element/33010000-0000-0000-0103-000000000000/enabled' to command name 'elementEnabled'
&amp#27;[38;5;32m[XCUITestDriver@e07a (28adf0bf)]&amp#27;[0m Proxying [GET /session/28adf0bf-7ee8-437a-b2e7-798510efe6fe/element/33010000-0000-0000-0103-000000000000/enabled] to [GET http://127.0.0.1:8100/session/E78FC83E-19E7-4136-B719-97A048452808/element/33010000-0000-0000-0103-000000000000/enabled] with no body
&amp#27;[38;5;32m[XCUITestDriver@e07a (28adf0bf)]&amp#27;[0m Got response with status 200: {"value":true,"sessionId":"E78FC83E-19E7-4136-B719-97A048452808"}
&amp#27;[38;5;32m[XCUITestDriver@e07a (28adf0bf)]&amp#27;[0m Replacing sessionId E78FC83E-19E7-4136-B719-97A048452808 with 28adf0bf-7ee8-437a-b2e7-798510efe6fe
&amp#27;[38;5;0m[HTTP]&amp#27;[0m &amp#27;[37m<-- GET /session/28adf0bf-7ee8-437a-b2e7-798510efe6fe/element/33010000-0000-0000-0103-000000000000/enabled &amp#27;[39m&amp#27;[32m200&amp#27;[39m &amp#27;[90m52 ms - 65&amp#27;[39m
&amp#27;[38;5;0m[HTTP]&amp#27;[0m &amp#27;[90m&amp#27;[39m
&amp#27;[38;5;0m[HTTP]&amp#27;[0m &amp#27;[37m-->&amp#27;[39m &amp#27;[37mGET&amp#27;[39m &amp#27;[37m/session/28adf0bf-7ee8-437a-b2e7-798510efe6fe/context&amp#27;[39m
&amp#27;[38;5;0m[HTTP]&amp#27;[0m &amp#27;[90m{}&amp#27;[39m
&amp#27;[38;5;32m[XCUITestDriver@e07a (28adf0bf)]&amp#27;[0m Calling AppiumDriver.getCurrentContext() with args: ["28adf0bf-7ee8-437a-b2e7-798510efe6fe"]
&amp#27;[38;5;32m[XCUITestDriver@e07a (28adf0bf)]&amp#27;[0m Executing command 'getCurrentContext'
&amp#27;[38;5;32m[XCUITestDriver@e07a (28adf0bf)]&amp#27;[0m Responding to client with driver.getCurrentContext() result: "NATIVE_APP"
&amp#27;[38;5;0m[HTTP]&amp#27;[0m &amp#27;[37m<-- GET /session/28adf0bf-7ee8-437a-b2e7-798510efe6fe/context &amp#27;[39m&amp#27;[32m200&amp#27;[39m &amp#27;[90m1 ms - 22&amp#27;[39m
&amp#27;[38;5;0m[HTTP]&amp#27;[0m &amp#27;[90m&amp#27;[39m
&amp#27;[38;5;0m[HTTP]&amp#27;[0m &amp#27;[37m-->&amp#27;[39m &amp#27;[37mPOST&amp#27;[39m &amp#27;[37m/session/28adf0bf-7ee8-437a-b2e7-798510efe6fe/element&amp#27;[39m
&amp#27;[38;5;0m[HTTP]&amp#27;[0m &amp#27;[90m{"using":"xpath","value":"//XCUIElementTypeButton[@name=\"CONTINUE\"]"}&amp#27;[39m
&amp#27;[38;5;32m[XCUITestDriver@e07a (28adf0bf)]&amp#27;[0m Calling AppiumDriver.findElement() with args: ["xpath","//XCUIElementTypeButton[@name=\"CONTINUE\"]","28adf0bf-7ee8-437a-b2e7-798510efe6fe"]
&amp#27;[38;5;32m[XCUITestDriver@e07a (28adf0bf)]&amp#27;[0m Executing command 'findElement'
&amp#27;[38;5;32m[XCUITestDriver@e07a (28adf0bf)]&amp#27;[0m Valid locator strategies for this request: xpath, id, name, class name, -ios predicate string, -ios class chain, accessibility id, css selector
&amp#27;[38;5;32m[XCUITestDriver@e07a (28adf0bf)]&amp#27;[0m Waiting up to 0 ms for condition
&amp#27;[38;5;32m[XCUITestDriver@e07a (28adf0bf)]&amp#27;[0m Matched '/element' to command name 'findElement'
&amp#27;[38;5;32m[XCUITestDriver@e07a (28adf0bf)]&amp#27;[0m Proxying [POST /element] to [POST http://127.0.0.1:8100/session/E78FC83E-19E7-4136-B719-97A048452808/element] with body: {"using":"xpath","value":"//XCUIElementTypeButton[@name=\"CONTINUE\"]"}
&amp#27;[38;5;32m[XCUITestDriver@e07a (28adf0bf)]&amp#27;[0m Got response with status 200: {"value":{"ELEMENT":"33010000-0000-0000-0103-000000000000","element-6066-11e4-a52e-4f735466cecf":"33010000-0000-0000-0103-000000000000"},"sessionId":"E78FC83E-19E7-4136-B719-97A048452808"}
&amp#27;[38;5;32m[XCUITestDriver@e07a (28adf0bf)]&amp#27;[0m Responding to client with driver.findElement() result: {"element-6066-11e4-a52e-4f735466cecf":"33010000-0000-0000-0103-000000000000","ELEMENT":"33010000-0000-0000-0103-000000000000"}
&amp#27;[38;5;0m[HTTP]&amp#27;[0m &amp#27;[37m<-- POST /session/28adf0bf-7ee8-437a-b2e7-798510efe6fe/element &amp#27;[39m&amp#27;[32m200&amp#27;[39m &amp#27;[90m376 ms - 137&amp#27;[39m
&amp#27;[38;5;0m[HTTP]&amp#27;[0m &amp#27;[90m&amp#27;[39m
&amp#27;[38;5;0m[HTTP]&amp#27;[0m &amp#27;[37m-->&amp#27;[39m &amp#27;[37mPOST&amp#27;[39m &amp#27;[37m/session/28adf0bf-7ee8-437a-b2e7-798510efe6fe/element/33010000-0000-0000-0103-000000000000/click&amp#27;[39m
&amp#27;[38;5;0m[HTTP]&amp#27;[0m &amp#27;[90m{"id":"33010000-0000-0000-0103-000000000000"}&amp#27;[39m
&amp#27;[38;5;32m[XCUITestDriver@e07a (28adf0bf)]&amp#27;[0m Driver proxy active, passing request on via HTTP proxy
&amp#27;[38;5;32m[XCUITestDriver@e07a (28adf0bf)]&amp#27;[0m Executing command 'proxyReqRes'
&amp#27;[38;5;32m[XCUITestDriver@e07a (28adf0bf)]&amp#27;[0m Matched '/session/28adf0bf-7ee8-437a-b2e7-798510efe6fe/element/33010000-0000-0000-0103-000000000000/click' to command name 'click'
&amp#27;[38;5;32m[XCUITestDriver@e07a (28adf0bf)]&amp#27;[0m Proxying [POST /session/28adf0bf-7ee8-437a-b2e7-798510efe6fe/element/33010000-0000-0000-0103-000000000000/click] to [POST http://127.0.0.1:8100/session/E78FC83E-19E7-4136-B719-97A048452808/element/33010000-0000-0000-0103-000000000000/click] with body: {"id":"33010000-0000-0000-0103-000000000000"}
&amp#27;[38;5;32m[XCUITestDriver@e07a (28adf0bf)]&amp#27;[0m Got response with status 200: {"value":null,"sessionId":"E78FC83E-19E7-4136-B719-97A048452808"}
&amp#27;[38;5;32m[XCUITestDriver@e07a (28adf0bf)]&amp#27;[0m Replacing sessionId E78FC83E-19E7-4136-B719-97A048452808 with 28adf0bf-7ee8-437a-b2e7-798510efe6fe
&amp#27;[38;5;0m[HTTP]&amp#27;[0m &amp#27;[37m<-- POST /session/28adf0bf-7ee8-437a-b2e7-798510efe6fe/element/33010000-0000-0000-0103-000000000000/click &amp#27;[39m&amp#27;[32m200&amp#27;[39m &amp#27;[90m1142 ms - 65&amp#27;[39m
&amp#27;[38;5;0m[HTTP]&amp#27;[0m &amp#27;[90m&amp#27;[39m
&amp#27;[38;5;0m[HTTP]&amp#27;[0m &amp#27;[37m-->&amp#27;[39m &amp#27;[37mGET&amp#27;[39m &amp#27;[37m/session/28adf0bf-7ee8-437a-b2e7-798510efe6fe/context&amp#27;[39m
&amp#27;[38;5;0m[HTTP]&amp#27;[0m &amp#27;[90m{}&amp#27;[39m
&amp#27;[38;5;32m[XCUITestDriver@e07a (28adf0bf)]&amp#27;[0m Calling AppiumDriver.getCurrentContext() with args: ["28adf0bf-7ee8-437a-b2e7-798510efe6fe"]
&amp#27;[38;5;32m[XCUITestDriver@e07a (28adf0bf)]&amp#27;[0m Executing command 'getCurrentContext'
&amp#27;[38;5;32m[XCUITestDriver@e07a (28adf0bf)]&amp#27;[0m Responding to client with driver.getCurrentContext() result: "NATIVE_APP"
&amp#27;[38;5;0m[HTTP]&amp#27;[0m &amp#27;[37m<-- GET /session/28adf0bf-7ee8-437a-b2e7-798510efe6fe/context &amp#27;[39m&amp#27;[32m200&amp#27;[39m &amp#27;[90m1 ms - 22&amp#27;[39m
&amp#27;[38;5;0m[HTTP]&amp#27;[0m &amp#27;[90m&amp#27;[39m
&amp#27;[38;5;0m[HTTP]&amp#27;[0m &amp#27;[37m-->&amp#27;[39m &amp#27;[37mPOST&amp#27;[39m &amp#27;[37m/session/28adf0bf-7ee8-437a-b2e7-798510efe6fe/element&amp#27;[39m
&amp#27;[38;5;0m[HTTP]&amp#27;[0m &amp#27;[90m{"using":"xpath","value":"//XCUIElementTypeButton[@name=\"CONTINUE\"]"}&amp#27;[39m
&amp#27;[38;5;32m[XCUITestDriver@e07a (28adf0bf)]&amp#27;[0m Calling AppiumDriver.findElement() with args: ["xpath","//XCUIElementTypeButton[@name=\"CONTINUE\"]","28adf0bf-7ee8-437a-b2e7-798510efe6fe"]
&amp#27;[38;5;32m[XCUITestDriver@e07a (28adf0bf)]&amp#27;[0m Executing command 'findElement'
&amp#27;[38;5;32m[XCUITestDriver@e07a (28adf0bf)]&amp#27;[0m Valid locator strategies for this request: xpath, id, name, class name, -ios predicate string, -ios class chain, accessibility id, css selector
&amp#27;[38;5;32m[XCUITestDriver@e07a (28adf0bf)]&amp#27;[0m Waiting up to 0 ms for condition
&amp#27;[38;5;32m[XCUITestDriver@e07a (28adf0bf)]&amp#27;[0m Matched '/element' to command name 'findElement'
&amp#27;[38;5;32m[XCUITestDriver@e07a (28adf0bf)]&amp#27;[0m Proxying [POST /element] to [POST http://127.0.0.1:8100/session/E78FC83E-19E7-4136-B719-97A048452808/element] with body: {"using":"xpath","value":"//XCUIElementTypeButton[@name=\"CONTINUE\"]"}
&amp#27;[38;5;32m[XCUITestDriver@e07a (28adf0bf)]&amp#27;[0m Got response with status 200: {"value":{"ELEMENT":"33010000-0000-0000-0103-000000000000","element-6066-11e4-a52e-4f735466cecf":"33010000-0000-0000-0103-000000000000"},"sessionId":"E78FC83E-19E7-4136-B719-97A048452808"}
&amp#27;[38;5;32m[XCUITestDriver@e07a (28adf0bf)]&amp#27;[0m Responding to client with driver.findElement() result: {"element-6066-11e4-a52e-4f735466cecf":"33010000-0000-0000-0103-000000000000","ELEMENT":"33010000-0000-0000-0103-000000000000"}
&amp#27;[38;5;0m[HTTP]&amp#27;[0m &amp#27;[37m<-- POST /session/28adf0bf-7ee8-437a-b2e7-798510efe6fe/element &amp#27;[39m&amp#27;[32m200&amp#27;[39m &amp#27;[90m631 ms - 137&amp#27;[39m
&amp#27;[38;5;0m[HTTP]&amp#27;[0m &amp#27;[90m&amp#27;[39m
&amp#27;[38;5;0m[HTTP]&amp#27;[0m &amp#27;[37m-->&amp#27;[39m &amp#27;[37mGET&amp#27;[39m &amp#27;[37m/session/28adf0bf-7ee8-437a-b2e7-798510efe6fe/element/33010000-0000-0000-0103-000000000000/displayed&amp#27;[39m
&amp#27;[38;5;0m[HTTP]&amp#27;[0m &amp#27;[90m{}&amp#27;[39m
&amp#27;[38;5;32m[XCUITestDriver@e07a (28adf0bf)]&amp#27;[0m Driver proxy active, passing request on via HTTP proxy
&amp#27;[38;5;32m[XCUITestDriver@e07a (28adf0bf)]&amp#27;[0m Executing command 'proxyReqRes'
&amp#27;[38;5;32m[XCUITestDriver@e07a (28adf0bf)]&amp#27;[0m Matched '/session/28adf0bf-7ee8-437a-b2e7-798510efe6fe/element/33010000-0000-0000-0103-000000000000/displayed' to command name 'elementDisplayed'
&amp#27;[38;5;32m[XCUITestDriver@e07a (28adf0bf)]&amp#27;[0m Proxying [GET /session/28adf0bf-7ee8-437a-b2e7-798510efe6fe/element/33010000-0000-0000-0103-000000000000/displayed] to [GET http://127.0.0.1:8100/session/E78FC83E-19E7-4136-B719-97A048452808/element/33010000-0000-0000-0103-000000000000/displayed] with no body
&amp#27;[38;5;32m[XCUITestDriver@e07a (28adf0bf)]&amp#27;[0m Got response with status 200: {"value":true,"sessionId":"E78FC83E-19E7-4136-B719-97A048452808"}
&amp#27;[38;5;32m[XCUITestDriver@e07a (28adf0bf)]&amp#27;[0m Replacing sessionId E78FC83E-19E7-4136-B719-97A048452808 with 28adf0bf-7ee8-437a-b2e7-798510efe6fe
&amp#27;[38;5;0m[HTTP]&amp#27;[0m &amp#27;[37m<-- GET /session/28adf0bf-7ee8-437a-b2e7-798510efe6fe/element/33010000-0000-0000-0103-000000000000/displayed &amp#27;[39m&amp#27;[32m200&amp#27;[39m &amp#27;[90m72 ms - 65&amp#27;[39m
&amp#27;[38;5;0m[HTTP]&amp#27;[0m &amp#27;[90m&amp#27;[39m
&amp#27;[38;5;0m[HTTP]&amp#27;[0m &amp#27;[37m-->&amp#27;[39m &amp#27;[37mGET&amp#27;[39m &amp#27;[37m/session/28adf0bf-7ee8-437a-b2e7-798510efe6fe/context&amp#27;[39m
&amp#27;[38;5;0m[HTTP]&amp#27;[0m &amp#27;[90m{}&amp#27;[39m
&amp#27;[38;5;32m[XCUITestDriver@e07a (28adf0bf)]&amp#27;[0m Calling AppiumDriver.getCurrentContext() with args: ["28adf0bf-7ee8-437a-b2e7-798510efe6fe"]
&amp#27;[38;5;32m[XCUITestDriver@e07a (28adf0bf)]&amp#27;[0m Executing command 'getCurrentContext'
&amp#27;[38;5;32m[XCUITestDriver@e07a (28adf0bf)]&amp#27;[0m Responding to client with driver.getCurrentContext() result: "NATIVE_APP"
&amp#27;[38;5;0m[HTTP]&amp#27;[0m &amp#27;[37m<-- GET /session/28adf0bf-7ee8-437a-b2e7-798510efe6fe/context &amp#27;[39m&amp#27;[32m200&amp#27;[39m &amp#27;[90m1 ms - 22&amp#27;[39m
&amp#27;[38;5;0m[HTTP]&amp#27;[0m &amp#27;[90m&amp#27;[39m
&amp#27;[38;5;0m[HTTP]&amp#27;[0m &amp#27;[37m-->&amp#27;[39m &amp#27;[37mPOST&amp#27;[39m &amp#27;[37m/session/28adf0bf-7ee8-437a-b2e7-798510efe6fe/element&amp#27;[39m
&amp#27;[38;5;0m[HTTP]&amp#27;[0m &amp#27;[90m{"using":"xpath","value":"//XCUIElementTypeButton[@name=\"CONTINUE\"]"}&amp#27;[39m
&amp#27;[38;5;32m[XCUITestDriver@e07a (28adf0bf)]&amp#27;[0m Calling AppiumDriver.findElement() with args: ["xpath","//XCUIElementTypeButton[@name=\"CONTINUE\"]","28adf0bf-7ee8-437a-b2e7-798510efe6fe"]
&amp#27;[38;5;32m[XCUITestDriver@e07a (28adf0bf)]&amp#27;[0m Executing command 'findElement'
&amp#27;[38;5;32m[XCUITestDriver@e07a (28adf0bf)]&amp#27;[0m Valid locator strategies for this request: xpath, id, name, class name, -ios predicate string, -ios class chain, accessibility id, css selector
&amp#27;[38;5;32m[XCUITestDriver@e07a (28adf0bf)]&amp#27;[0m Waiting up to 0 ms for condition
&amp#27;[38;5;32m[XCUITestDriver@e07a (28adf0bf)]&amp#27;[0m Matched '/element' to command name 'findElement'
&amp#27;[38;5;32m[XCUITestDriver@e07a (28adf0bf)]&amp#27;[0m Proxying [POST /element] to [POST http://127.0.0.1:8100/session/E78FC83E-19E7-4136-B719-97A048452808/element] with body: {"using":"xpath","value":"//XCUIElementTypeButton[@name=\"CONTINUE\"]"}
&amp#27;[38;5;32m[XCUITestDriver@e07a (28adf0bf)]&amp#27;[0m Got response with status 200: {"value":{"ELEMENT":"33010000-0000-0000-0103-000000000000","element-6066-11e4-a52e-4f735466cecf":"33010000-0000-0000-0103-000000000000"},"sessionId":"E78FC83E-19E7-4136-B719-97A048452808"}
&amp#27;[38;5;32m[XCUITestDriver@e07a (28adf0bf)]&amp#27;[0m Responding to client with driver.findElement() result: {"element-6066-11e4-a52e-4f735466cecf":"33010000-0000-0000-0103-000000000000","ELEMENT":"33010000-0000-0000-0103-000000000000"}
&amp#27;[38;5;0m[HTTP]&amp#27;[0m &amp#27;[37m<-- POST /session/28adf0bf-7ee8-437a-b2e7-798510efe6fe/element &amp#27;[39m&amp#27;[32m200&amp#27;[39m &amp#27;[90m442 ms - 137&amp#27;[39m
&amp#27;[38;5;0m[HTTP]&amp#27;[0m &amp#27;[90m&amp#27;[39m
&amp#27;[38;5;0m[HTTP]&amp#27;[0m &amp#27;[37m-->&amp#27;[39m &amp#27;[37mGET&amp#27;[39m &amp#27;[37m/session/28adf0bf-7ee8-437a-b2e7-798510efe6fe/element/33010000-0000-0000-0103-000000000000/enabled&amp#27;[39m
&amp#27;[38;5;0m[HTTP]&amp#27;[0m &amp#27;[90m{}&amp#27;[39m
&amp#27;[38;5;32m[XCUITestDriver@e07a (28adf0bf)]&amp#27;[0m Driver proxy active, passing request on via HTTP proxy
&amp#27;[38;5;32m[XCUITestDriver@e07a (28adf0bf)]&amp#27;[0m Executing command 'proxyReqRes'
&amp#27;[38;5;32m[XCUITestDriver@e07a (28adf0bf)]&amp#27;[0m Matched '/session/28adf0bf-7ee8-437a-b2e7-798510efe6fe/element/33010000-0000-0000-0103-000000000000/enabled' to command name 'elementEnabled'
&amp#27;[38;5;32m[XCUITestDriver@e07a (28adf0bf)]&amp#27;[0m Proxying [GET /session/28adf0bf-7ee8-437a-b2e7-798510efe6fe/element/33010000-0000-0000-0103-000000000000/enabled] to [GET http://127.0.0.1:8100/session/E78FC83E-19E7-4136-B719-97A048452808/element/33010000-0000-0000-0103-000000000000/enabled] with no body
&amp#27;[38;5;32m[XCUITestDriver@e07a (28adf0bf)]&amp#27;[0m Got response with status 200: {"value":true,"sessionId":"E78FC83E-19E7-4136-B719-97A048452808"}
&amp#27;[38;5;32m[XCUITestDriver@e07a (28adf0bf)]&amp#27;[0m Replacing sessionId E78FC83E-19E7-4136-B719-97A048452808 with 28adf0bf-7ee8-437a-b2e7-798510efe6fe
&amp#27;[38;5;0m[HTTP]&amp#27;[0m &amp#27;[37m<-- GET /session/28adf0bf-7ee8-437a-b2e7-798510efe6fe/element/33010000-0000-0000-0103-000000000000/enabled &amp#27;[39m&amp#27;[32m200&amp#27;[39m &amp#27;[90m48 ms - 65&amp#27;[39m
&amp#27;[38;5;0m[HTTP]&amp#27;[0m &amp#27;[90m&amp#27;[39m
&amp#27;[38;5;0m[HTTP]&amp#27;[0m &amp#27;[37m-->&amp#27;[39m &amp#27;[37mGET&amp#27;[39m &amp#27;[37m/session/28adf0bf-7ee8-437a-b2e7-798510efe6fe/context&amp#27;[39m
&amp#27;[38;5;0m[HTTP]&amp#27;[0m &amp#27;[90m{}&amp#27;[39m
&amp#27;[38;5;32m[XCUITestDriver@e07a (28adf0bf)]&amp#27;[0m Calling AppiumDriver.getCurrentContext() with args: ["28adf0bf-7ee8-437a-b2e7-798510efe6fe"]
&amp#27;[38;5;32m[XCUITestDriver@e07a (28adf0bf)]&amp#27;[0m Executing command 'getCurrentContext'
&amp#27;[38;5;32m[XCUITestDriver@e07a (28adf0bf)]&amp#27;[0m Responding to client with driver.getCurrentContext() result: "NATIVE_APP"
&amp#27;[38;5;0m[HTTP]&amp#27;[0m &amp#27;[37m<-- GET /session/28adf0bf-7ee8-437a-b2e7-798510efe6fe/context &amp#27;[39m&amp#27;[32m200&amp#27;[39m &amp#27;[90m1 ms - 22&amp#27;[39m
&amp#27;[38;5;0m[HTTP]&amp#27;[0m &amp#27;[90m&amp#27;[39m
&amp#27;[38;5;0m[HTTP]&amp#27;[0m &amp#27;[37m-->&amp#27;[39m &amp#27;[37mPOST&amp#27;[39m &amp#27;[37m/session/28adf0bf-7ee8-437a-b2e7-798510efe6fe/element&amp#27;[39m
&amp#27;[38;5;0m[HTTP]&amp#27;[0m &amp#27;[90m{"using":"xpath","value":"//XCUIElementTypeButton[@name=\"CONTINUE\"]"}&amp#27;[39m
&amp#27;[38;5;32m[XCUITestDriver@e07a (28adf0bf)]&amp#27;[0m Calling AppiumDriver.findElement() with args: ["xpath","//XCUIElementTypeButton[@name=\"CONTINUE\"]","28adf0bf-7ee8-437a-b2e7-798510efe6fe"]
&amp#27;[38;5;32m[XCUITestDriver@e07a (28adf0bf)]&amp#27;[0m Executing command 'findElement'
&amp#27;[38;5;32m[XCUITestDriver@e07a (28adf0bf)]&amp#27;[0m Valid locator strategies for this request: xpath, id, name, class name, -ios predicate string, -ios class chain, accessibility id, css selector
&amp#27;[38;5;32m[XCUITestDriver@e07a (28adf0bf)]&amp#27;[0m Waiting up to 0 ms for condition
&amp#27;[38;5;32m[XCUITestDriver@e07a (28adf0bf)]&amp#27;[0m Matched '/element' to command name 'findElement'
&amp#27;[38;5;32m[XCUITestDriver@e07a (28adf0bf)]&amp#27;[0m Proxying [POST /element] to [POST http://127.0.0.1:8100/session/E78FC83E-19E7-4136-B719-97A048452808/element] with body: {"using":"xpath","value":"//XCUIElementTypeButton[@name=\"CONTINUE\"]"}
&amp#27;[38;5;32m[XCUITestDriver@e07a (28adf0bf)]&amp#27;[0m Got response with status 200: {"value":{"ELEMENT":"33010000-0000-0000-0103-000000000000","element-6066-11e4-a52e-4f735466cecf":"33010000-0000-0000-0103-000000000000"},"sessionId":"E78FC83E-19E7-4136-B719-97A048452808"}
&amp#27;[38;5;32m[XCUITestDriver@e07a (28adf0bf)]&amp#27;[0m Responding to client with driver.findElement() result: {"element-6066-11e4-a52e-4f735466cecf":"33010000-0000-0000-0103-000000000000","ELEMENT":"33010000-0000-0000-0103-000000000000"}
&amp#27;[38;5;0m[HTTP]&amp#27;[0m &amp#27;[37m<-- POST /session/28adf0bf-7ee8-437a-b2e7-798510efe6fe/element &amp#27;[39m&amp#27;[32m200&amp#27;[39m &amp#27;[90m526 ms - 137&amp#27;[39m
&amp#27;[38;5;0m[HTTP]&amp#27;[0m &amp#27;[90m&amp#27;[39m
&amp#27;[38;5;0m[HTTP]&amp#27;[0m &amp#27;[37m-->&amp#27;[39m &amp#27;[37mPOST&amp#27;[39m &amp#27;[37m/session/28adf0bf-7ee8-437a-b2e7-798510efe6fe/element/33010000-0000-0000-0103-000000000000/click&amp#27;[39m
&amp#27;[38;5;0m[HTTP]&amp#27;[0m &amp#27;[90m{"id":"33010000-0000-0000-0103-000000000000"}&amp#27;[39m
&amp#27;[38;5;32m[XCUITestDriver@e07a (28adf0bf)]&amp#27;[0m Driver proxy active, passing request on via HTTP proxy
&amp#27;[38;5;32m[XCUITestDriver@e07a (28adf0bf)]&amp#27;[0m Executing command 'proxyReqRes'
&amp#27;[38;5;32m[XCUITestDriver@e07a (28adf0bf)]&amp#27;[0m Matched '/session/28adf0bf-7ee8-437a-b2e7-798510efe6fe/element/33010000-0000-0000-0103-000000000000/click' to command name 'click'
&amp#27;[38;5;32m[XCUITestDriver@e07a (28adf0bf)]&amp#27;[0m Proxying [POST /session/28adf0bf-7ee8-437a-b2e7-798510efe6fe/element/33010000-0000-0000-0103-000000000000/click] to [POST http://127.0.0.1:8100/session/E78FC83E-19E7-4136-B719-97A048452808/element/33010000-0000-0000-0103-000000000000/click] with body: {"id":"33010000-0000-0000-0103-000000000000"}
&amp#27;[38;5;32m[XCUITestDriver@e07a (28adf0bf)]&amp#27;[0m Got response with status 200: {"value":null,"sessionId":"E78FC83E-19E7-4136-B719-97A048452808"}
&amp#27;[38;5;32m[XCUITestDriver@e07a (28adf0bf)]&amp#27;[0m Replacing sessionId E78FC83E-19E7-4136-B719-97A048452808 with 28adf0bf-7ee8-437a-b2e7-798510efe6fe
&amp#27;[38;5;0m[HTTP]&amp#27;[0m &amp#27;[37m<-- POST /session/28adf0bf-7ee8-437a-b2e7-798510efe6fe/element/33010000-0000-0000-0103-000000000000/click &amp#27;[39m&amp#27;[32m200&amp#27;[39m &amp#27;[90m809 ms - 65&amp#27;[39m
&amp#27;[38;5;0m[HTTP]&amp#27;[0m &amp#27;[90m&amp#27;[39m
&amp#27;[38;5;0m[HTTP]&amp#27;[0m &amp#27;[37m-->&amp#27;[39m &amp#27;[37mGET&amp#27;[39m &amp#27;[37m/session/28adf0bf-7ee8-437a-b2e7-798510efe6fe/context&amp#27;[39m
&amp#27;[38;5;0m[HTTP]&amp#27;[0m &amp#27;[90m{}&amp#27;[39m
&amp#27;[38;5;32m[XCUITestDriver@e07a (28adf0bf)]&amp#27;[0m Calling AppiumDriver.getCurrentContext() with args: ["28adf0bf-7ee8-437a-b2e7-798510efe6fe"]
&amp#27;[38;5;32m[XCUITestDriver@e07a (28adf0bf)]&amp#27;[0m Executing command 'getCurrentContext'
&amp#27;[38;5;32m[XCUITestDriver@e07a (28adf0bf)]&amp#27;[0m Responding to client with driver.getCurrentContext() result: "NATIVE_APP"
&amp#27;[38;5;0m[HTTP]&amp#27;[0m &amp#27;[37m<-- GET /session/28adf0bf-7ee8-437a-b2e7-798510efe6fe/context &amp#27;[39m&amp#27;[32m200&amp#27;[39m &amp#27;[90m1 ms - 22&amp#27;[39m
&amp#27;[38;5;0m[HTTP]&amp#27;[0m &amp#27;[90m&amp#27;[39m
&amp#27;[38;5;0m[HTTP]&amp#27;[0m &amp#27;[37m-->&amp#27;[39m &amp#27;[37mPOST&amp#27;[39m &amp#27;[37m/session/28adf0bf-7ee8-437a-b2e7-798510efe6fe/element&amp#27;[39m
&amp#27;[38;5;0m[HTTP]&amp#27;[0m &amp#27;[90m{"using":"xpath","value":"//XCUIElementTypeButton[@name=\"GET STARTED\"]"}&amp#27;[39m
&amp#27;[38;5;32m[XCUITestDriver@e07a (28adf0bf)]&amp#27;[0m Calling AppiumDriver.findElement() with args: ["xpath","//XCUIElementTypeButton[@name=\"GET STARTED\"]","28adf0bf-7ee8-437a-b2e7-798510efe6fe"]
&amp#27;[38;5;32m[XCUITestDriver@e07a (28adf0bf)]&amp#27;[0m Executing command 'findElement'
&amp#27;[38;5;32m[XCUITestDriver@e07a (28adf0bf)]&amp#27;[0m Valid locator strategies for this request: xpath, id, name, class name, -ios predicate string, -ios class chain, accessibility id, css selector
&amp#27;[38;5;32m[XCUITestDriver@e07a (28adf0bf)]&amp#27;[0m Waiting up to 0 ms for condition
&amp#27;[38;5;32m[XCUITestDriver@e07a (28adf0bf)]&amp#27;[0m Matched '/element' to command name 'findElement'
&amp#27;[38;5;32m[XCUITestDriver@e07a (28adf0bf)]&amp#27;[0m Proxying [POST /element] to [POST http://127.0.0.1:8100/session/E78FC83E-19E7-4136-B719-97A048452808/element] with body: {"using":"xpath","value":"//XCUIElementTypeButton[@name=\"GET STARTED\"]"}
&amp#27;[38;5;32m[XCUITestDriver@e07a (28adf0bf)]&amp#27;[0m Got response with status 200: {"value":{"ELEMENT":"33010000-0000-0000-0103-000000000000","element-6066-11e4-a52e-4f735466cecf":"33010000-0000-0000-0103-000000000000"},"sessionId":"E78FC83E-19E7-4136-B719-97A048452808"}
&amp#27;[38;5;32m[XCUITestDriver@e07a (28adf0bf)]&amp#27;[0m Responding to client with driver.findElement() result: {"element-6066-11e4-a52e-4f735466cecf":"33010000-0000-0000-0103-000000000000","ELEMENT":"33010000-0000-0000-0103-000000000000"}
&amp#27;[38;5;0m[HTTP]&amp#27;[0m &amp#27;[37m<-- POST /session/28adf0bf-7ee8-437a-b2e7-798510efe6fe/element &amp#27;[39m&amp#27;[32m200&amp#27;[39m &amp#27;[90m509 ms - 137&amp#27;[39m
&amp#27;[38;5;0m[HTTP]&amp#27;[0m &amp#27;[90m&amp#27;[39m
&amp#27;[38;5;0m[HTTP]&amp#27;[0m &amp#27;[37m-->&amp#27;[39m &amp#27;[37mGET&amp#27;[39m &amp#27;[37m/session/28adf0bf-7ee8-437a-b2e7-798510efe6fe/element/33010000-0000-0000-0103-000000000000/displayed&amp#27;[39m
&amp#27;[38;5;0m[HTTP]&amp#27;[0m &amp#27;[90m{}&amp#27;[39m
&amp#27;[38;5;32m[XCUITestDriver@e07a (28adf0bf)]&amp#27;[0m Driver proxy active, passing request on via HTTP proxy
&amp#27;[38;5;32m[XCUITestDriver@e07a (28adf0bf)]&amp#27;[0m Executing command 'proxyReqRes'
&amp#27;[38;5;32m[XCUITestDriver@e07a (28adf0bf)]&amp#27;[0m Matched '/session/28adf0bf-7ee8-437a-b2e7-798510efe6fe/element/33010000-0000-0000-0103-000000000000/displayed' to command name 'elementDisplayed'
&amp#27;[38;5;32m[XCUITestDriver@e07a (28adf0bf)]&amp#27;[0m Proxying [GET /session/28adf0bf-7ee8-437a-b2e7-798510efe6fe/element/33010000-0000-0000-0103-000000000000/displayed] to [GET http://127.0.0.1:8100/session/E78FC83E-19E7-4136-B719-97A048452808/element/33010000-0000-0000-0103-000000000000/displayed] with no body
&amp#27;[38;5;32m[XCUITestDriver@e07a (28adf0bf)]&amp#27;[0m Got response with status 200: {"value":true,"sessionId":"E78FC83E-19E7-4136-B719-97A048452808"}
&amp#27;[38;5;32m[XCUITestDriver@e07a (28adf0bf)]&amp#27;[0m Replacing sessionId E78FC83E-19E7-4136-B719-97A048452808 with 28adf0bf-7ee8-437a-b2e7-798510efe6fe
&amp#27;[38;5;0m[HTTP]&amp#27;[0m &amp#27;[37m<-- GET /session/28adf0bf-7ee8-437a-b2e7-798510efe6fe/element/33010000-0000-0000-0103-000000000000/displayed &amp#27;[39m&amp#27;[32m200&amp#27;[39m &amp#27;[90m62 ms - 65&amp#27;[39m
&amp#27;[38;5;0m[HTTP]&amp#27;[0m &amp#27;[90m&amp#27;[39m
&amp#27;[38;5;0m[HTTP]&amp#27;[0m &amp#27;[37m-->&amp#27;[39m &amp#27;[37mGET&amp#27;[39m &amp#27;[37m/session/28adf0bf-7ee8-437a-b2e7-798510efe6fe/context&amp#27;[39m
&amp#27;[38;5;0m[HTTP]&amp#27;[0m &amp#27;[90m{}&amp#27;[39m
&amp#27;[38;5;32m[XCUITestDriver@e07a (28adf0bf)]&amp#27;[0m Calling AppiumDriver.getCurrentContext() with args: ["28adf0bf-7ee8-437a-b2e7-798510efe6fe"]
&amp#27;[38;5;32m[XCUITestDriver@e07a (28adf0bf)]&amp#27;[0m Executing command 'getCurrentContext'
&amp#27;[38;5;32m[XCUITestDriver@e07a (28adf0bf)]&amp#27;[0m Responding to client with driver.getCurrentContext() result: "NATIVE_APP"
&amp#27;[38;5;0m[HTTP]&amp#27;[0m &amp#27;[37m<-- GET /session/28adf0bf-7ee8-437a-b2e7-798510efe6fe/context &amp#27;[39m&amp#27;[32m200&amp#27;[39m &amp#27;[90m1 ms - 22&amp#27;[39m
&amp#27;[38;5;0m[HTTP]&amp#27;[0m &amp#27;[90m&amp#27;[39m
&amp#27;[38;5;0m[HTTP]&amp#27;[0m &amp#27;[37m-->&amp#27;[39m &amp#27;[37mPOST&amp#27;[39m &amp#27;[37m/session/28adf0bf-7ee8-437a-b2e7-798510efe6fe/element&amp#27;[39m
&amp#27;[38;5;0m[HTTP]&amp#27;[0m &amp#27;[90m{"using":"xpath","value":"//XCUIElementTypeButton[@name=\"GET STARTED\"]"}&amp#27;[39m
&amp#27;[38;5;32m[XCUITestDriver@e07a (28adf0bf)]&amp#27;[0m Calling AppiumDriver.findElement() with args: ["xpath","//XCUIElementTypeButton[@name=\"GET STARTED\"]","28adf0bf-7ee8-437a-b2e7-798510efe6fe"]
&amp#27;[38;5;32m[XCUITestDriver@e07a (28adf0bf)]&amp#27;[0m Executing command 'findElement'
&amp#27;[38;5;32m[XCUITestDriver@e07a (28adf0bf)]&amp#27;[0m Valid locator strategies for this request: xpath, id, name, class name, -ios predicate string, -ios class chain, accessibility id, css selector
&amp#27;[38;5;32m[XCUITestDriver@e07a (28adf0bf)]&amp#27;[0m Waiting up to 0 ms for condition
&amp#27;[38;5;32m[XCUITestDriver@e07a (28adf0bf)]&amp#27;[0m Matched '/element' to command name 'findElement'
&amp#27;[38;5;32m[XCUITestDriver@e07a (28adf0bf)]&amp#27;[0m Proxying [POST /element] to [POST http://127.0.0.1:8100/session/E78FC83E-19E7-4136-B719-97A048452808/element] with body: {"using":"xpath","value":"//XCUIElementTypeButton[@name=\"GET STARTED\"]"}
&amp#27;[38;5;32m[XCUITestDriver@e07a (28adf0bf)]&amp#27;[0m Got response with status 200: {"value":{"ELEMENT":"33010000-0000-0000-0103-000000000000","element-6066-11e4-a52e-4f735466cecf":"33010000-0000-0000-0103-000000000000"},"sessionId":"E78FC83E-19E7-4136-B719-97A048452808"}
&amp#27;[38;5;32m[XCUITestDriver@e07a (28adf0bf)]&amp#27;[0m Responding to client with driver.findElement() result: {"element-6066-11e4-a52e-4f735466cecf":"33010000-0000-0000-0103-000000000000","ELEMENT":"33010000-0000-0000-0103-000000000000"}
&amp#27;[38;5;0m[HTTP]&amp#27;[0m &amp#27;[37m<-- POST /session/28adf0bf-7ee8-437a-b2e7-798510efe6fe/element &amp#27;[39m&amp#27;[32m200&amp#27;[39m &amp#27;[90m387 ms - 137&amp#27;[39m
&amp#27;[38;5;0m[HTTP]&amp#27;[0m &amp#27;[90m&amp#27;[39m
&amp#27;[38;5;0m[HTTP]&amp#27;[0m &amp#27;[37m-->&amp#27;[39m &amp#27;[37mGET&amp#27;[39m &amp#27;[37m/session/28adf0bf-7ee8-437a-b2e7-798510efe6fe/element/33010000-0000-0000-0103-000000000000/enabled&amp#27;[39m
&amp#27;[38;5;0m[HTTP]&amp#27;[0m &amp#27;[90m{}&amp#27;[39m
&amp#27;[38;5;32m[XCUITestDriver@e07a (28adf0bf)]&amp#27;[0m Driver proxy active, passing request on via HTTP proxy
&amp#27;[38;5;32m[XCUITestDriver@e07a (28adf0bf)]&amp#27;[0m Executing command 'proxyReqRes'
&amp#27;[38;5;32m[XCUITestDriver@e07a (28adf0bf)]&amp#27;[0m Matched '/session/28adf0bf-7ee8-437a-b2e7-798510efe6fe/element/33010000-0000-0000-0103-000000000000/enabled' to command name 'elementEnabled'
&amp#27;[38;5;32m[XCUITestDriver@e07a (28adf0bf)]&amp#27;[0m Proxying [GET /session/28adf0bf-7ee8-437a-b2e7-798510efe6fe/element/33010000-0000-0000-0103-000000000000/enabled] to [GET http://127.0.0.1:8100/session/E78FC83E-19E7-4136-B719-97A048452808/element/33010000-0000-0000-0103-000000000000/enabled] with no body
&amp#27;[38;5;32m[XCUITestDriver@e07a (28adf0bf)]&amp#27;[0m Got response with status 200: {"value":true,"sessionId":"E78FC83E-19E7-4136-B719-97A048452808"}
&amp#27;[38;5;32m[XCUITestDriver@e07a (28adf0bf)]&amp#27;[0m Replacing sessionId E78FC83E-19E7-4136-B719-97A048452808 with 28adf0bf-7ee8-437a-b2e7-798510efe6fe
&amp#27;[38;5;0m[HTTP]&amp#27;[0m &amp#27;[37m<-- GET /session/28adf0bf-7ee8-437a-b2e7-798510efe6fe/element/33010000-0000-0000-0103-000000000000/enabled &amp#27;[39m&amp#27;[32m200&amp#27;[39m &amp#27;[90m44 ms - 65&amp#27;[39m
&amp#27;[38;5;0m[HTTP]&amp#27;[0m &amp#27;[90m&amp#27;[39m
&amp#27;[38;5;0m[HTTP]&amp#27;[0m &amp#27;[37m-->&amp#27;[39m &amp#27;[37mGET&amp#27;[39m &amp#27;[37m/session/28adf0bf-7ee8-437a-b2e7-798510efe6fe/context&amp#27;[39m
&amp#27;[38;5;0m[HTTP]&amp#27;[0m &amp#27;[90m{}&amp#27;[39m
&amp#27;[38;5;32m[XCUITestDriver@e07a (28adf0bf)]&amp#27;[0m Calling AppiumDriver.getCurrentContext() with args: ["28adf0bf-7ee8-437a-b2e7-798510efe6fe"]
&amp#27;[38;5;32m[XCUITestDriver@e07a (28adf0bf)]&amp#27;[0m Executing command 'getCurrentContext'
&amp#27;[38;5;32m[XCUITestDriver@e07a (28adf0bf)]&amp#27;[0m Responding to client with driver.getCurrentContext() result: "NATIVE_APP"
&amp#27;[38;5;0m[HTTP]&amp#27;[0m &amp#27;[37m<-- GET /session/28adf0bf-7ee8-437a-b2e7-798510efe6fe/context &amp#27;[39m&amp#27;[32m200&amp#27;[39m &amp#27;[90m1 ms - 22&amp#27;[39m
&amp#27;[38;5;0m[HTTP]&amp#27;[0m &amp#27;[90m&amp#27;[39m
&amp#27;[38;5;0m[HTTP]&amp#27;[0m &amp#27;[37m-->&amp#27;[39m &amp#27;[37mPOST&amp#27;[39m &amp#27;[37m/session/28adf0bf-7ee8-437a-b2e7-798510efe6fe/element&amp#27;[39m
&amp#27;[38;5;0m[HTTP]&amp#27;[0m &amp#27;[90m{"using":"xpath","value":"//XCUIElementTypeButton[@name=\"GET STARTED\"]"}&amp#27;[39m
&amp#27;[38;5;32m[XCUITestDriver@e07a (28adf0bf)]&amp#27;[0m Calling AppiumDriver.findElement() with args: ["xpath","//XCUIElementTypeButton[@name=\"GET STARTED\"]","28adf0bf-7ee8-437a-b2e7-798510efe6fe"]
&amp#27;[38;5;32m[XCUITestDriver@e07a (28adf0bf)]&amp#27;[0m Executing command 'findElement'
&amp#27;[38;5;32m[XCUITestDriver@e07a (28adf0bf)]&amp#27;[0m Valid locator strategies for this request: xpath, id, name, class name, -ios predicate string, -ios class chain, accessibility id, css selector
&amp#27;[38;5;32m[XCUITestDriver@e07a (28adf0bf)]&amp#27;[0m Waiting up to 0 ms for condition
&amp#27;[38;5;32m[XCUITestDriver@e07a (28adf0bf)]&amp#27;[0m Matched '/element' to command name 'findElement'
&amp#27;[38;5;32m[XCUITestDriver@e07a (28adf0bf)]&amp#27;[0m Proxying [POST /element] to [POST http://127.0.0.1:8100/session/E78FC83E-19E7-4136-B719-97A048452808/element] with body: {"using":"xpath","value":"//XCUIElementTypeButton[@name=\"GET STARTED\"]"}
&amp#27;[38;5;32m[XCUITestDriver@e07a (28adf0bf)]&amp#27;[0m Got response with status 200: {"value":{"ELEMENT":"33010000-0000-0000-0103-000000000000","element-6066-11e4-a52e-4f735466cecf":"33010000-0000-0000-0103-000000000000"},"sessionId":"E78FC83E-19E7-4136-B719-97A048452808"}
&amp#27;[38;5;32m[XCUITestDriver@e07a (28adf0bf)]&amp#27;[0m Responding to client with driver.findElement() result: {"element-6066-11e4-a52e-4f735466cecf":"33010000-0000-0000-0103-000000000000","ELEMENT":"33010000-0000-0000-0103-000000000000"}
&amp#27;[38;5;0m[HTTP]&amp#27;[0m &amp#27;[37m<-- POST /session/28adf0bf-7ee8-437a-b2e7-798510efe6fe/element &amp#27;[39m&amp#27;[32m200&amp#27;[39m &amp#27;[90m476 ms - 137&amp#27;[39m
&amp#27;[38;5;0m[HTTP]&amp#27;[0m &amp#27;[90m&amp#27;[39m
&amp#27;[38;5;0m[HTTP]&amp#27;[0m &amp#27;[37m-->&amp#27;[39m &amp#27;[37mPOST&amp#27;[39m &amp#27;[37m/session/28adf0bf-7ee8-437a-b2e7-798510efe6fe/element/33010000-0000-0000-0103-000000000000/click&amp#27;[39m
&amp#27;[38;5;0m[HTTP]&amp#27;[0m &amp#27;[90m{"id":"33010000-0000-0000-0103-000000000000"}&amp#27;[39m
&amp#27;[38;5;32m[XCUITestDriver@e07a (28adf0bf)]&amp#27;[0m Driver proxy active, passing request on via HTTP proxy
&amp#27;[38;5;32m[XCUITestDriver@e07a (28adf0bf)]&amp#27;[0m Executing command 'proxyReqRes'
&amp#27;[38;5;32m[XCUITestDriver@e07a (28adf0bf)]&amp#27;[0m Matched '/session/28adf0bf-7ee8-437a-b2e7-798510efe6fe/element/33010000-0000-0000-0103-000000000000/click' to command name 'click'
&amp#27;[38;5;32m[XCUITestDriver@e07a (28adf0bf)]&amp#27;[0m Proxying [POST /session/28adf0bf-7ee8-437a-b2e7-798510efe6fe/element/33010000-0000-0000-0103-000000000000/click] to [POST http://127.0.0.1:8100/session/E78FC83E-19E7-4136-B719-97A048452808/element/33010000-0000-0000-0103-000000000000/click] with body: {"id":"33010000-0000-0000-0103-000000000000"}
&amp#27;[38;5;32m[XCUITestDriver@e07a (28adf0bf)]&amp#27;[0m Got response with status 200: {"value":null,"sessionId":"E78FC83E-19E7-4136-B719-97A048452808"}
&amp#27;[38;5;32m[XCUITestDriver@e07a (28adf0bf)]&amp#27;[0m Replacing sessionId E78FC83E-19E7-4136-B719-97A048452808 with 28adf0bf-7ee8-437a-b2e7-798510efe6fe
&amp#27;[38;5;0m[HTTP]&amp#27;[0m &amp#27;[37m<-- POST /session/28adf0bf-7ee8-437a-b2e7-798510efe6fe/element/33010000-0000-0000-0103-000000000000/click &amp#27;[39m&amp#27;[32m200&amp#27;[39m &amp#27;[90m962 ms - 65&amp#27;[39m
&amp#27;[38;5;0m[HTTP]&amp#27;[0m &amp#27;[90m&amp#27;[39m
&amp#27;[38;5;0m[HTTP]&amp#27;[0m &amp#27;[37m-->&amp#27;[39m &amp#27;[37mGET&amp#27;[39m &amp#27;[37m/session/28adf0bf-7ee8-437a-b2e7-798510efe6fe/context&amp#27;[39m
&amp#27;[38;5;0m[HTTP]&amp#27;[0m &amp#27;[90m{}&amp#27;[39m
&amp#27;[38;5;32m[XCUITestDriver@e07a (28adf0bf)]&amp#27;[0m Calling AppiumDriver.getCurrentContext() with args: ["28adf0bf-7ee8-437a-b2e7-798510efe6fe"]
&amp#27;[38;5;32m[XCUITestDriver@e07a (28adf0bf)]&amp#27;[0m Executing command 'getCurrentContext'
&amp#27;[38;5;32m[XCUITestDriver@e07a (28adf0bf)]&amp#27;[0m Responding to client with driver.getCurrentContext() result: "NATIVE_APP"
&amp#27;[38;5;0m[HTTP]&amp#27;[0m &amp#27;[37m<-- GET /session/28adf0bf-7ee8-437a-b2e7-798510efe6fe/context &amp#27;[39m&amp#27;[32m200&amp#27;[39m &amp#27;[90m1 ms - 22&amp#27;[39m
&amp#27;[38;5;0m[HTTP]&amp#27;[0m &amp#27;[90m&amp#27;[39m
&amp#27;[38;5;0m[HTTP]&amp#27;[0m &amp#27;[37m-->&amp#27;[39m &amp#27;[37mPOST&amp#27;[39m &amp#27;[37m/session/28adf0bf-7ee8-437a-b2e7-798510efe6fe/element&amp#27;[39m
&amp#27;[38;5;0m[HTTP]&amp#27;[0m &amp#27;[90m{"using":"xpath","value":"//XCUIElementTypeButton[@name=\"UIA.Therabody.NotificationPermission.PermissionButton\"]"}&amp#27;[39m
&amp#27;[38;5;32m[XCUITestDriver@e07a (28adf0bf)]&amp#27;[0m Calling AppiumDriver.findElement() with args: ["xpath","//XCUIElementTypeButton[@name=\"UIA.Therabody.NotificationPermission.PermissionButton\"]","28adf0bf-7ee8-437a-b2e7-798510efe6fe"]
&amp#27;[38;5;32m[XCUITestDriver@e07a (28adf0bf)]&amp#27;[0m Executing command 'findElement'
&amp#27;[38;5;32m[XCUITestDriver@e07a (28adf0bf)]&amp#27;[0m Valid locator strategies for this request: xpath, id, name, class name, -ios predicate string, -ios class chain, accessibility id, css selector
&amp#27;[38;5;32m[XCUITestDriver@e07a (28adf0bf)]&amp#27;[0m Waiting up to 0 ms for condition
&amp#27;[38;5;32m[XCUITestDriver@e07a (28adf0bf)]&amp#27;[0m Matched '/element' to command name 'findElement'
&amp#27;[38;5;32m[XCUITestDriver@e07a (28adf0bf)]&amp#27;[0m Proxying [POST /element] to [POST http://127.0.0.1:8100/session/E78FC83E-19E7-4136-B719-97A048452808/element] with body: {"using":"xpath","value":"//XCUIElementTypeButton[@name=\"UIA.Therabody.NotificationPermission.PermissionButton\"]"}
&amp#27;[38;5;32m[XCUITestDriver@e07a (28adf0bf)]&amp#27;[0m Got response with status 200: {"value":{"ELEMENT":"57010000-0000-0000-0103-000000000000","element-6066-11e4-a52e-4f735466cecf":"57010000-0000-0000-0103-000000000000"},"sessionId":"E78FC83E-19E7-4136-B719-97A048452808"}
&amp#27;[38;5;32m[XCUITestDriver@e07a (28adf0bf)]&amp#27;[0m Responding to client with driver.findElement() result: {"element-6066-11e4-a52e-4f735466cecf":"57010000-0000-0000-0103-000000000000","ELEMENT":"57010000-0000-0000-0103-000000000000"}
&amp#27;[38;5;0m[HTTP]&amp#27;[0m &amp#27;[37m<-- POST /session/28adf0bf-7ee8-437a-b2e7-798510efe6fe/element &amp#27;[39m&amp#27;[32m200&amp#27;[39m &amp#27;[90m462 ms - 137&amp#27;[39m
&amp#27;[38;5;0m[HTTP]&amp#27;[0m &amp#27;[90m&amp#27;[39m
&amp#27;[38;5;0m[HTTP]&amp#27;[0m &amp#27;[37m-->&amp#27;[39m &amp#27;[37mGET&amp#27;[39m &amp#27;[37m/session/28adf0bf-7ee8-437a-b2e7-798510efe6fe/element/57010000-0000-0000-0103-000000000000/displayed&amp#27;[39m
&amp#27;[38;5;0m[HTTP]&amp#27;[0m &amp#27;[90m{}&amp#27;[39m
&amp#27;[38;5;32m[XCUITestDriver@e07a (28adf0bf)]&amp#27;[0m Driver proxy active, passing request on via HTTP proxy
&amp#27;[38;5;32m[XCUITestDriver@e07a (28adf0bf)]&amp#27;[0m Executing command 'proxyReqRes'
&amp#27;[38;5;32m[XCUITestDriver@e07a (28adf0bf)]&amp#27;[0m Matched '/session/28adf0bf-7ee8-437a-b2e7-798510efe6fe/element/57010000-0000-0000-0103-000000000000/displayed' to command name 'elementDisplayed'
&amp#27;[38;5;32m[XCUITestDriver@e07a (28adf0bf)]&amp#27;[0m Proxying [GET /session/28adf0bf-7ee8-437a-b2e7-798510efe6fe/element/57010000-0000-0000-0103-000000000000/displayed] to [GET http://127.0.0.1:8100/session/E78FC83E-19E7-4136-B719-97A048452808/element/57010000-0000-0000-0103-000000000000/displayed] with no body
&amp#27;[38;5;32m[XCUITestDriver@e07a (28adf0bf)]&amp#27;[0m Got response with status 200: {"value":true,"sessionId":"E78FC83E-19E7-4136-B719-97A048452808"}
&amp#27;[38;5;32m[XCUITestDriver@e07a (28adf0bf)]&amp#27;[0m Replacing sessionId E78FC83E-19E7-4136-B719-97A048452808 with 28adf0bf-7ee8-437a-b2e7-798510efe6fe
&amp#27;[38;5;0m[HTTP]&amp#27;[0m &amp#27;[37m<-- GET /session/28adf0bf-7ee8-437a-b2e7-798510efe6fe/element/57010000-0000-0000-0103-000000000000/displayed &amp#27;[39m&amp#27;[32m200&amp#27;[39m &amp#27;[90m43 ms - 65&amp#27;[39m
&amp#27;[38;5;0m[HTTP]&amp#27;[0m &amp#27;[90m&amp#27;[39m
&amp#27;[38;5;0m[HTTP]&amp#27;[0m &amp#27;[37m-->&amp#27;[39m &amp#27;[37mGET&amp#27;[39m &amp#27;[37m/session/28adf0bf-7ee8-437a-b2e7-798510efe6fe/context&amp#27;[39m
&amp#27;[38;5;0m[HTTP]&amp#27;[0m &amp#27;[90m{}&amp#27;[39m
&amp#27;[38;5;32m[XCUITestDriver@e07a (28adf0bf)]&amp#27;[0m Calling AppiumDriver.getCurrentContext() with args: ["28adf0bf-7ee8-437a-b2e7-798510efe6fe"]
&amp#27;[38;5;32m[XCUITestDriver@e07a (28adf0bf)]&amp#27;[0m Executing command 'getCurrentContext'
&amp#27;[38;5;32m[XCUITestDriver@e07a (28adf0bf)]&amp#27;[0m Responding to client with driver.getCurrentContext() result: "NATIVE_APP"
&amp#27;[38;5;0m[HTTP]&amp#27;[0m &amp#27;[37m<-- GET /session/28adf0bf-7ee8-437a-b2e7-798510efe6fe/context &amp#27;[39m&amp#27;[32m200&amp#27;[39m &amp#27;[90m1 ms - 22&amp#27;[39m
&amp#27;[38;5;0m[HTTP]&amp#27;[0m &amp#27;[90m&amp#27;[39m
&amp#27;[38;5;0m[HTTP]&amp#27;[0m &amp#27;[37m-->&amp#27;[39m &amp#27;[37mPOST&amp#27;[39m &amp#27;[37m/session/28adf0bf-7ee8-437a-b2e7-798510efe6fe/element&amp#27;[39m
&amp#27;[38;5;0m[HTTP]&amp#27;[0m &amp#27;[90m{"using":"xpath","value":"//XCUIElementTypeButton[@name=\"UIA.Therabody.NotificationPermission.PermissionButton\"]"}&amp#27;[39m
&amp#27;[38;5;32m[XCUITestDriver@e07a (28adf0bf)]&amp#27;[0m Calling AppiumDriver.findElement() with args: ["xpath","//XCUIElementTypeButton[@name=\"UIA.Therabody.NotificationPermission.PermissionButton\"]","28adf0bf-7ee8-437a-b2e7-798510efe6fe"]
&amp#27;[38;5;32m[XCUITestDriver@e07a (28adf0bf)]&amp#27;[0m Executing command 'findElement'
&amp#27;[38;5;32m[XCUITestDriver@e07a (28adf0bf)]&amp#27;[0m Valid locator strategies for this request: xpath, id, name, class name, -ios predicate string, -ios class chain, accessibility id, css selector
&amp#27;[38;5;32m[XCUITestDriver@e07a (28adf0bf)]&amp#27;[0m Waiting up to 0 ms for condition
&amp#27;[38;5;32m[XCUITestDriver@e07a (28adf0bf)]&amp#27;[0m Matched '/element' to command name 'findElement'
&amp#27;[38;5;32m[XCUITestDriver@e07a (28adf0bf)]&amp#27;[0m Proxying [POST /element] to [POST http://127.0.0.1:8100/session/E78FC83E-19E7-4136-B719-97A048452808/element] with body: {"using":"xpath","value":"//XCUIElementTypeButton[@name=\"UIA.Therabody.NotificationPermission.PermissionButton\"]"}
&amp#27;[38;5;32m[XCUITestDriver@e07a (28adf0bf)]&amp#27;[0m Got response with status 200: {"value":{"ELEMENT":"57010000-0000-0000-0103-000000000000","element-6066-11e4-a52e-4f735466cecf":"57010000-0000-0000-0103-000000000000"},"sessionId":"E78FC83E-19E7-4136-B719-97A048452808"}
&amp#27;[38;5;32m[XCUITestDriver@e07a (28adf0bf)]&amp#27;[0m Responding to client with driver.findElement() result: {"element-6066-11e4-a52e-4f735466cecf":"57010000-0000-0000-0103-000000000000","ELEMENT":"57010000-0000-0000-0103-000000000000"}
&amp#27;[38;5;0m[HTTP]&amp#27;[0m &amp#27;[37m<-- POST /session/28adf0bf-7ee8-437a-b2e7-798510efe6fe/element &amp#27;[39m&amp#27;[32m200&amp#27;[39m &amp#27;[90m363 ms - 137&amp#27;[39m
&amp#27;[38;5;0m[HTTP]&amp#27;[0m &amp#27;[90m&amp#27;[39m
&amp#27;[38;5;0m[HTTP]&amp#27;[0m &amp#27;[37m-->&amp#27;[39m &amp#27;[37mGET&amp#27;[39m &amp#27;[37m/session/28adf0bf-7ee8-437a-b2e7-798510efe6fe/element/57010000-0000-0000-0103-000000000000/enabled&amp#27;[39m
&amp#27;[38;5;0m[HTTP]&amp#27;[0m &amp#27;[90m{}&amp#27;[39m
&amp#27;[38;5;32m[XCUITestDriver@e07a (28adf0bf)]&amp#27;[0m Driver proxy active, passing request on via HTTP proxy
&amp#27;[38;5;32m[XCUITestDriver@e07a (28adf0bf)]&amp#27;[0m Executing command 'proxyReqRes'
&amp#27;[38;5;32m[XCUITestDriver@e07a (28adf0bf)]&amp#27;[0m Matched '/session/28adf0bf-7ee8-437a-b2e7-798510efe6fe/element/57010000-0000-0000-0103-000000000000/enabled' to command name 'elementEnabled'
&amp#27;[38;5;32m[XCUITestDriver@e07a (28adf0bf)]&amp#27;[0m Proxying [GET /session/28adf0bf-7ee8-437a-b2e7-798510efe6fe/element/57010000-0000-0000-0103-000000000000/enabled] to [GET http://127.0.0.1:8100/session/E78FC83E-19E7-4136-B719-97A048452808/element/57010000-0000-0000-0103-000000000000/enabled] with no body
&amp#27;[38;5;32m[XCUITestDriver@e07a (28adf0bf)]&amp#27;[0m Got response with status 200: {"value":true,"sessionId":"E78FC83E-19E7-4136-B719-97A048452808"}
&amp#27;[38;5;32m[XCUITestDriver@e07a (28adf0bf)]&amp#27;[0m Replacing sessionId E78FC83E-19E7-4136-B719-97A048452808 with 28adf0bf-7ee8-437a-b2e7-798510efe6fe
&amp#27;[38;5;0m[HTTP]&amp#27;[0m &amp#27;[37m<-- GET /session/28adf0bf-7ee8-437a-b2e7-798510efe6fe/element/57010000-0000-0000-0103-000000000000/enabled &amp#27;[39m&amp#27;[32m200&amp#27;[39m &amp#27;[90m52 ms - 65&amp#27;[39m
&amp#27;[38;5;0m[HTTP]&amp#27;[0m &amp#27;[90m&amp#27;[39m
&amp#27;[38;5;0m[HTTP]&amp#27;[0m &amp#27;[37m-->&amp#27;[39m &amp#27;[37mGET&amp#27;[39m &amp#27;[37m/session/28adf0bf-7ee8-437a-b2e7-798510efe6fe/context&amp#27;[39m
&amp#27;[38;5;0m[HTTP]&amp#27;[0m &amp#27;[90m{}&amp#27;[39m
&amp#27;[38;5;32m[XCUITestDriver@e07a (28adf0bf)]&amp#27;[0m Calling AppiumDriver.getCurrentContext() with args: ["28adf0bf-7ee8-437a-b2e7-798510efe6fe"]
&amp#27;[38;5;32m[XCUITestDriver@e07a (28adf0bf)]&amp#27;[0m Executing command 'getCurrentContext'
&amp#27;[38;5;32m[XCUITestDriver@e07a (28adf0bf)]&amp#27;[0m Responding to client with driver.getCurrentContext() result: "NATIVE_APP"
&amp#27;[38;5;0m[HTTP]&amp#27;[0m &amp#27;[37m<-- GET /session/28adf0bf-7ee8-437a-b2e7-798510efe6fe/context &amp#27;[39m&amp#27;[32m200&amp#27;[39m &amp#27;[90m1 ms - 22&amp#27;[39m
&amp#27;[38;5;0m[HTTP]&amp#27;[0m &amp#27;[90m&amp#27;[39m
&amp#27;[38;5;0m[HTTP]&amp#27;[0m &amp#27;[37m-->&amp#27;[39m &amp#27;[37mPOST&amp#27;[39m &amp#27;[37m/session/28adf0bf-7ee8-437a-b2e7-798510efe6fe/element&amp#27;[39m
&amp#27;[38;5;0m[HTTP]&amp#27;[0m &amp#27;[90m{"using":"xpath","value":"//XCUIElementTypeButton[@name=\"UIA.Therabody.NotificationPermission.PermissionButton\"]"}&amp#27;[39m
&amp#27;[38;5;32m[XCUITestDriver@e07a (28adf0bf)]&amp#27;[0m Calling AppiumDriver.findElement() with args: ["xpath","//XCUIElementTypeButton[@name=\"UIA.Therabody.NotificationPermission.PermissionButton\"]","28adf0bf-7ee8-437a-b2e7-798510efe6fe"]
&amp#27;[38;5;32m[XCUITestDriver@e07a (28adf0bf)]&amp#27;[0m Executing command 'findElement'
&amp#27;[38;5;32m[XCUITestDriver@e07a (28adf0bf)]&amp#27;[0m Valid locator strategies for this request: xpath, id, name, class name, -ios predicate string, -ios class chain, accessibility id, css selector
&amp#27;[38;5;32m[XCUITestDriver@e07a (28adf0bf)]&amp#27;[0m Waiting up to 0 ms for condition
&amp#27;[38;5;32m[XCUITestDriver@e07a (28adf0bf)]&amp#27;[0m Matched '/element' to command name 'findElement'
&amp#27;[38;5;32m[XCUITestDriver@e07a (28adf0bf)]&amp#27;[0m Proxying [POST /element] to [POST http://127.0.0.1:8100/session/E78FC83E-19E7-4136-B719-97A048452808/element] with body: {"using":"xpath","value":"//XCUIElementTypeButton[@name=\"UIA.Therabody.NotificationPermission.PermissionButton\"]"}
&amp#27;[38;5;32m[XCUITestDriver@e07a (28adf0bf)]&amp#27;[0m Got response with status 200: {"value":{"ELEMENT":"57010000-0000-0000-0103-000000000000","element-6066-11e4-a52e-4f735466cecf":"57010000-0000-0000-0103-000000000000"},"sessionId":"E78FC83E-19E7-4136-B719-97A048452808"}
&amp#27;[38;5;32m[XCUITestDriver@e07a (28adf0bf)]&amp#27;[0m Responding to client with driver.findElement() result: {"element-6066-11e4-a52e-4f735466cecf":"57010000-0000-0000-0103-000000000000","ELEMENT":"57010000-0000-0000-0103-000000000000"}
&amp#27;[38;5;0m[HTTP]&amp#27;[0m &amp#27;[37m<-- POST /session/28adf0bf-7ee8-437a-b2e7-798510efe6fe/element &amp#27;[39m&amp#27;[32m200&amp#27;[39m &amp#27;[90m512 ms - 137&amp#27;[39m
&amp#27;[38;5;0m[HTTP]&amp#27;[0m &amp#27;[90m&amp#27;[39m
&amp#27;[38;5;0m[HTTP]&amp#27;[0m &amp#27;[37m-->&amp#27;[39m &amp#27;[37mPOST&amp#27;[39m &amp#27;[37m/session/28adf0bf-7ee8-437a-b2e7-798510efe6fe/element/57010000-0000-0000-0103-000000000000/click&amp#27;[39m
&amp#27;[38;5;0m[HTTP]&amp#27;[0m &amp#27;[90m{"id":"57010000-0000-0000-0103-000000000000"}&amp#27;[39m
&amp#27;[38;5;32m[XCUITestDriver@e07a (28adf0bf)]&amp#27;[0m Driver proxy active, passing request on via HTTP proxy
&amp#27;[38;5;32m[XCUITestDriver@e07a (28adf0bf)]&amp#27;[0m Executing command 'proxyReqRes'
&amp#27;[38;5;32m[XCUITestDriver@e07a (28adf0bf)]&amp#27;[0m Matched '/session/28adf0bf-7ee8-437a-b2e7-798510efe6fe/element/57010000-0000-0000-0103-000000000000/click' to command name 'click'
&amp#27;[38;5;32m[XCUITestDriver@e07a (28adf0bf)]&amp#27;[0m Proxying [POST /session/28adf0bf-7ee8-437a-b2e7-798510efe6fe/element/57010000-0000-0000-0103-000000000000/click] to [POST http://127.0.0.1:8100/session/E78FC83E-19E7-4136-B719-97A048452808/element/57010000-0000-0000-0103-000000000000/click] with body: {"id":"57010000-0000-0000-0103-000000000000"}
&amp#27;[38;5;32m[XCUITestDriver@e07a (28adf0bf)]&amp#27;[0m Got response with status 200: {"value":null,"sessionId":"E78FC83E-19E7-4136-B719-97A048452808"}
&amp#27;[38;5;32m[XCUITestDriver@e07a (28adf0bf)]&amp#27;[0m Replacing sessionId E78FC83E-19E7-4136-B719-97A048452808 with 28adf0bf-7ee8-437a-b2e7-798510efe6fe
&amp#27;[38;5;0m[HTTP]&amp#27;[0m &amp#27;[37m<-- POST /session/28adf0bf-7ee8-437a-b2e7-798510efe6fe/element/57010000-0000-0000-0103-000000000000/click &amp#27;[39m&amp#27;[32m200&amp#27;[39m &amp#27;[90m801 ms - 65&amp#27;[39m
&amp#27;[38;5;0m[HTTP]&amp#27;[0m &amp#27;[90m&amp#27;[39m
&amp#27;[38;5;0m[HTTP]&amp#27;[0m &amp#27;[37m-->&amp#27;[39m &amp#27;[37mGET&amp#27;[39m &amp#27;[37m/session/28adf0bf-7ee8-437a-b2e7-798510efe6fe/alert/text&amp#27;[39m
&amp#27;[38;5;0m[HTTP]&amp#27;[0m &amp#27;[90m{}&amp#27;[39m
&amp#27;[38;5;32m[XCUITestDriver@e07a (28adf0bf)]&amp#27;[0m Calling AppiumDriver.getAlertText() with args: ["28adf0bf-7ee8-437a-b2e7-798510efe6fe"]
&amp#27;[38;5;32m[XCUITestDriver@e07a (28adf0bf)]&amp#27;[0m Executing command 'getAlertText'
&amp#27;[38;5;32m[XCUITestDriver@e07a (28adf0bf)]&amp#27;[0m Matched '/alert/text' to command name 'getAlertText'
&amp#27;[38;5;32m[XCUITestDriver@e07a (28adf0bf)]&amp#27;[0m Proxying [GET /alert/text] to [GET http://127.0.0.1:8100/session/E78FC83E-19E7-4136-B719-97A048452808/alert/text] with no body
&amp#27;[38;5;32m[XCUITestDriver@e07a (28adf0bf)]&amp#27;[0m Got response with status 200: {"value":"“Therabody” Would Like to Send You Notifications\nNotifications may include alerts, sounds and icon badges. These can be configured in Settings.","sessionId":"E78FC83E-19E7-4136-B719-97A048452808"}
&amp#27;[38;5;32m[XCUITestDriver@e07a (28adf0bf)]&amp#27;[0m Responding to client with driver.getAlertText() result: "“Therabody” Would Like to Send You Notifications\nNotifications may include alerts, sounds and icon badges. These can be configured in Settings."
&amp#27;[38;5;0m[HTTP]&amp#27;[0m &amp#27;[37m<-- GET /session/28adf0bf-7ee8-437a-b2e7-798510efe6fe/alert/text &amp#27;[39m&amp#27;[32m200&amp#27;[39m &amp#27;[90m509 ms - 160&amp#27;[39m
&amp#27;[38;5;0m[HTTP]&amp#27;[0m &amp#27;[90m&amp#27;[39m
&amp#27;[38;5;0m[HTTP]&amp#27;[0m &amp#27;[37m-->&amp#27;[39m &amp#27;[37mGET&amp#27;[39m &amp#27;[37m/session/28adf0bf-7ee8-437a-b2e7-798510efe6fe/alert/text&amp#27;[39m
&amp#27;[38;5;0m[HTTP]&amp#27;[0m &amp#27;[90m{}&amp#27;[39m
&amp#27;[38;5;32m[XCUITestDriver@e07a (28adf0bf)]&amp#27;[0m Calling AppiumDriver.getAlertText() with args: ["28adf0bf-7ee8-437a-b2e7-798510efe6fe"]
&amp#27;[38;5;32m[XCUITestDriver@e07a (28adf0bf)]&amp#27;[0m Executing command 'getAlertText'
&amp#27;[38;5;32m[XCUITestDriver@e07a (28adf0bf)]&amp#27;[0m Matched '/alert/text' to command name 'getAlertText'
&amp#27;[38;5;32m[XCUITestDriver@e07a (28adf0bf)]&amp#27;[0m Proxying [GET /alert/text] to [GET http://127.0.0.1:8100/session/E78FC83E-19E7-4136-B719-97A048452808/alert/text] with no body
&amp#27;[38;5;32m[XCUITestDriver@e07a (28adf0bf)]&amp#27;[0m Got response with status 200: {"value":"“Therabody” Would Like to Send You Notifications\nNotifications may include alerts, sounds and icon badges. These can be configured in Settings.","sessionId":"E78FC83E-19E7-4136-B719-97A048452808"}
&amp#27;[38;5;32m[XCUITestDriver@e07a (28adf0bf)]&amp#27;[0m Responding to client with driver.getAlertText() result: "“Therabody” Would Like to Send You Notifications\nNotifications may include alerts, sounds and icon badges. These can be configured in Settings."
&amp#27;[38;5;0m[HTTP]&amp#27;[0m &amp#27;[37m<-- GET /session/28adf0bf-7ee8-437a-b2e7-798510efe6fe/alert/text &amp#27;[39m&amp#27;[32m200&amp#27;[39m &amp#27;[90m456 ms - 160&amp#27;[39m
&amp#27;[38;5;0m[HTTP]&amp#27;[0m &amp#27;[90m&amp#27;[39m
&amp#27;[38;5;0m[HTTP]&amp#27;[0m &amp#27;[37m-->&amp#27;[39m &amp#27;[37mPOST&amp#27;[39m &amp#27;[37m/session/28adf0bf-7ee8-437a-b2e7-798510efe6fe/alert/accept&amp#27;[39m
&amp#27;[38;5;0m[HTTP]&amp#27;[0m &amp#27;[90m{}&amp#27;[39m
&amp#27;[38;5;32m[XCUITestDriver@e07a (28adf0bf)]&amp#27;[0m Calling AppiumDriver.postAcceptAlert() with args: ["28adf0bf-7ee8-437a-b2e7-798510efe6fe"]
&amp#27;[38;5;32m[XCUITestDriver@e07a (28adf0bf)]&amp#27;[0m Executing command 'postAcceptAlert'
&amp#27;[38;5;32m[XCUITestDriver@e07a (28adf0bf)]&amp#27;[0m Matched '/alert/accept' to command name 'postAcceptAlert'
&amp#27;[38;5;32m[XCUITestDriver@e07a (28adf0bf)]&amp#27;[0m Proxying [POST /alert/accept] to [POST http://127.0.0.1:8100/session/E78FC83E-19E7-4136-B719-97A048452808/alert/accept] with body: {}
&amp#27;[38;5;32m[XCUITestDriver@e07a (28adf0bf)]&amp#27;[0m Got response with status 200: {"value":null,"sessionId":"E78FC83E-19E7-4136-B719-97A048452808"}
&amp#27;[38;5;32m[XCUITestDriver@e07a (28adf0bf)]&amp#27;[0m Responding to client with driver.postAcceptAlert() result: null
&amp#27;[38;5;0m[HTTP]&amp#27;[0m &amp#27;[37m<-- POST /session/28adf0bf-7ee8-437a-b2e7-798510efe6fe/alert/accept &amp#27;[39m&amp#27;[32m200&amp#27;[39m &amp#27;[90m1431 ms - 14&amp#27;[39m
&amp#27;[38;5;0m[HTTP]&amp#27;[0m &amp#27;[90m&amp#27;[39m
]]></system-out>
  </testcase>
  <testcase name="testVerifyPairedDevice" classname="testCases.TheragunMiniTCs" time="24.97">
    <system-out><![CDATA[&amp#27;[38;5;0m[HTTP]&amp#27;[0m &amp#27;[37m-->&amp#27;[39m &amp#27;[37mGET&amp#27;[39m &amp#27;[37m/session/28adf0bf-7ee8-437a-b2e7-798510efe6fe/context&amp#27;[39m
&amp#27;[38;5;0m[HTTP]&amp#27;[0m &amp#27;[90m{}&amp#27;[39m
&amp#27;[38;5;32m[XCUITestDriver@e07a (28adf0bf)]&amp#27;[0m Calling AppiumDriver.getCurrentContext() with args: ["28adf0bf-7ee8-437a-b2e7-798510efe6fe"]
&amp#27;[38;5;32m[XCUITestDriver@e07a (28adf0bf)]&amp#27;[0m Executing command 'getCurrentContext'
&amp#27;[38;5;32m[XCUITestDriver@e07a (28adf0bf)]&amp#27;[0m Responding to client with driver.getCurrentContext() result: "NATIVE_APP"
&amp#27;[38;5;0m[HTTP]&amp#27;[0m &amp#27;[37m<-- GET /session/28adf0bf-7ee8-437a-b2e7-798510efe6fe/context &amp#27;[39m&amp#27;[32m200&amp#27;[39m &amp#27;[90m1 ms - 22&amp#27;[39m
&amp#27;[38;5;0m[HTTP]&amp#27;[0m &amp#27;[90m&amp#27;[39m
&amp#27;[38;5;0m[HTTP]&amp#27;[0m &amp#27;[37m-->&amp#27;[39m &amp#27;[37mPOST&amp#27;[39m &amp#27;[37m/session/28adf0bf-7ee8-437a-b2e7-798510efe6fe/element&amp#27;[39m
&amp#27;[38;5;0m[HTTP]&amp#27;[0m &amp#27;[90m{"using":"xpath","value":"//XCUIElementTypeApplication[@name=\"Therabody\"]/XCUIElementTypeWindow[1]/XCUIElementTypeOther/XCUIElementTypeOther/XCUIElementTypeOther/XCUIElementTypeOther/XCUIElementTypeOther/XCUIElementTypeOther/XCUIElementTypeOther/XCUIElementTypeOther/XCUIElementTypeOther/XCUIElementTypeOther/XCUIElementTypeOther/XCUIElementTypeOther/XCUIElementTypeButton"}&amp#27;[39m
&amp#27;[38;5;32m[XCUITestDriver@e07a (28adf0bf)]&amp#27;[0m Calling AppiumDriver.findElement() with args: ["xpath","//XCUIElementTypeApplication[@name=\"Therabody\"]/XCUIElementTypeWindow[1]/XCUIElementTypeOther/XCUIElementTypeOther/XCUIElementTypeOther/XCUIElementTypeOther/XCUIElementTypeOther/XCUIElementTypeOther/XCUIElementTypeOther/XCUIElementTypeOther/XCUIElementTypeOther/XCUIElementTypeOther/XCUIElementTypeOther/XCUIElementTypeOther/XCUIElementTypeButton","28adf0bf-7ee8-437a-b2e7-798510efe6fe"]
&amp#27;[38;5;32m[XCUITestDriver@e07a (28adf0bf)]&amp#27;[0m Executing command 'findElement'
&amp#27;[38;5;32m[XCUITestDriver@e07a (28adf0bf)]&amp#27;[0m Valid locator strategies for this request: xpath, id, name, class name, -ios predicate string, -ios class chain, accessibility id, css selector
&amp#27;[38;5;32m[XCUITestDriver@e07a (28adf0bf)]&amp#27;[0m Waiting up to 0 ms for condition
&amp#27;[38;5;32m[XCUITestDriver@e07a (28adf0bf)]&amp#27;[0m Matched '/element' to command name 'findElement'
&amp#27;[38;5;32m[XCUITestDriver@e07a (28adf0bf)]&amp#27;[0m Proxying [POST /element] to [POST http://127.0.0.1:8100/session/E78FC83E-19E7-4136-B719-97A048452808/element] with body: {"using":"xpath","value":"//XCUIElementTypeApplication[@name=\"Therabody\"]/XCUIElementTypeWindow[1]/XCUIElementTypeOther/XCUIElementTypeOther/XCUIElementTypeOther/XCUIElementTypeOther/XCUIElementTypeOther/XCUIElementTypeOther/XCUIElementTypeOther/XCUIElementTypeOther/XCUIElementTypeOther/XCUIElementTypeOther/XCUIElementTypeOther/XCUIElementTypeOther/XCUIElementTypeButton"}
&amp#27;[38;5;32m[XCUITestDriver@e07a (28adf0bf)]&amp#27;[0m Got response with status 200: {"value":{"ELEMENT":"82010000-0000-0000-0103-000000000000","element-6066-11e4-a52e-4f735466cecf":"82010000-0000-0000-0103-000000000000"},"sessionId":"E78FC83E-19E7-4136-B719-97A048452808"}
&amp#27;[38;5;32m[XCUITestDriver@e07a (28adf0bf)]&amp#27;[0m Responding to client with driver.findElement() result: {"element-6066-11e4-a52e-4f735466cecf":"82010000-0000-0000-0103-000000000000","ELEMENT":"82010000-0000-0000-0103-000000000000"}
&amp#27;[38;5;0m[HTTP]&amp#27;[0m &amp#27;[37m<-- POST /session/28adf0bf-7ee8-437a-b2e7-798510efe6fe/element &amp#27;[39m&amp#27;[32m200&amp#27;[39m &amp#27;[90m515 ms - 137&amp#27;[39m
&amp#27;[38;5;0m[HTTP]&amp#27;[0m &amp#27;[90m&amp#27;[39m
&amp#27;[38;5;0m[HTTP]&amp#27;[0m &amp#27;[37m-->&amp#27;[39m &amp#27;[37mGET&amp#27;[39m &amp#27;[37m/session/28adf0bf-7ee8-437a-b2e7-798510efe6fe/element/82010000-0000-0000-0103-000000000000/displayed&amp#27;[39m
&amp#27;[38;5;0m[HTTP]&amp#27;[0m &amp#27;[90m{}&amp#27;[39m
&amp#27;[38;5;32m[XCUITestDriver@e07a (28adf0bf)]&amp#27;[0m Driver proxy active, passing request on via HTTP proxy
&amp#27;[38;5;32m[XCUITestDriver@e07a (28adf0bf)]&amp#27;[0m Executing command 'proxyReqRes'
&amp#27;[38;5;32m[XCUITestDriver@e07a (28adf0bf)]&amp#27;[0m Matched '/session/28adf0bf-7ee8-437a-b2e7-798510efe6fe/element/82010000-0000-0000-0103-000000000000/displayed' to command name 'elementDisplayed'
&amp#27;[38;5;32m[XCUITestDriver@e07a (28adf0bf)]&amp#27;[0m Proxying [GET /session/28adf0bf-7ee8-437a-b2e7-798510efe6fe/element/82010000-0000-0000-0103-000000000000/displayed] to [GET http://127.0.0.1:8100/session/E78FC83E-19E7-4136-B719-97A048452808/element/82010000-0000-0000-0103-000000000000/displayed] with no body
&amp#27;[38;5;32m[XCUITestDriver@e07a (28adf0bf)]&amp#27;[0m Got response with status 200: {"value":false,"sessionId":"E78FC83E-19E7-4136-B719-97A048452808"}
&amp#27;[38;5;32m[XCUITestDriver@e07a (28adf0bf)]&amp#27;[0m Replacing sessionId E78FC83E-19E7-4136-B719-97A048452808 with 28adf0bf-7ee8-437a-b2e7-798510efe6fe
&amp#27;[38;5;0m[HTTP]&amp#27;[0m &amp#27;[37m<-- GET /session/28adf0bf-7ee8-437a-b2e7-798510efe6fe/element/82010000-0000-0000-0103-000000000000/displayed &amp#27;[39m&amp#27;[32m200&amp#27;[39m &amp#27;[90m87 ms - 66&amp#27;[39m
&amp#27;[38;5;0m[HTTP]&amp#27;[0m &amp#27;[90m&amp#27;[39m
&amp#27;[38;5;0m[HTTP]&amp#27;[0m &amp#27;[37m-->&amp#27;[39m &amp#27;[37mGET&amp#27;[39m &amp#27;[37m/session/28adf0bf-7ee8-437a-b2e7-798510efe6fe/context&amp#27;[39m
&amp#27;[38;5;0m[HTTP]&amp#27;[0m &amp#27;[90m{}&amp#27;[39m
&amp#27;[38;5;32m[XCUITestDriver@e07a (28adf0bf)]&amp#27;[0m Calling AppiumDriver.getCurrentContext() with args: ["28adf0bf-7ee8-437a-b2e7-798510efe6fe"]
&amp#27;[38;5;32m[XCUITestDriver@e07a (28adf0bf)]&amp#27;[0m Executing command 'getCurrentContext'
&amp#27;[38;5;32m[XCUITestDriver@e07a (28adf0bf)]&amp#27;[0m Responding to client with driver.getCurrentContext() result: "NATIVE_APP"
&amp#27;[38;5;0m[HTTP]&amp#27;[0m &amp#27;[37m<-- GET /session/28adf0bf-7ee8-437a-b2e7-798510efe6fe/context &amp#27;[39m&amp#27;[32m200&amp#27;[39m &amp#27;[90m1 ms - 22&amp#27;[39m
&amp#27;[38;5;0m[HTTP]&amp#27;[0m &amp#27;[90m&amp#27;[39m
&amp#27;[38;5;0m[HTTP]&amp#27;[0m &amp#27;[37m-->&amp#27;[39m &amp#27;[37mPOST&amp#27;[39m &amp#27;[37m/session/28adf0bf-7ee8-437a-b2e7-798510efe6fe/element&amp#27;[39m
&amp#27;[38;5;0m[HTTP]&amp#27;[0m &amp#27;[90m{"using":"xpath","value":"//XCUIElementTypeApplication[@name=\"Therabody\"]/XCUIElementTypeWindow[1]/XCUIElementTypeOther/XCUIElementTypeOther/XCUIElementTypeOther/XCUIElementTypeOther/XCUIElementTypeOther/XCUIElementTypeOther/XCUIElementTypeOther/XCUIElementTypeOther/XCUIElementTypeOther/XCUIElementTypeOther/XCUIElementTypeOther/XCUIElementTypeOther/XCUIElementTypeButton"}&amp#27;[39m
&amp#27;[38;5;32m[XCUITestDriver@e07a (28adf0bf)]&amp#27;[0m Calling AppiumDriver.findElement() with args: ["xpath","//XCUIElementTypeApplication[@name=\"Therabody\"]/XCUIElementTypeWindow[1]/XCUIElementTypeOther/XCUIElementTypeOther/XCUIElementTypeOther/XCUIElementTypeOther/XCUIElementTypeOther/XCUIElementTypeOther/XCUIElementTypeOther/XCUIElementTypeOther/XCUIElementTypeOther/XCUIElementTypeOther/XCUIElementTypeOther/XCUIElementTypeOther/XCUIElementTypeButton","28adf0bf-7ee8-437a-b2e7-798510efe6fe"]
&amp#27;[38;5;32m[XCUITestDriver@e07a (28adf0bf)]&amp#27;[0m Executing command 'findElement'
&amp#27;[38;5;32m[XCUITestDriver@e07a (28adf0bf)]&amp#27;[0m Valid locator strategies for this request: xpath, id, name, class name, -ios predicate string, -ios class chain, accessibility id, css selector
&amp#27;[38;5;32m[XCUITestDriver@e07a (28adf0bf)]&amp#27;[0m Waiting up to 0 ms for condition
&amp#27;[38;5;32m[XCUITestDriver@e07a (28adf0bf)]&amp#27;[0m Matched '/element' to command name 'findElement'
&amp#27;[38;5;32m[XCUITestDriver@e07a (28adf0bf)]&amp#27;[0m Proxying [POST /element] to [POST http://127.0.0.1:8100/session/E78FC83E-19E7-4136-B719-97A048452808/element] with body: {"using":"xpath","value":"//XCUIElementTypeApplication[@name=\"Therabody\"]/XCUIElementTypeWindow[1]/XCUIElementTypeOther/XCUIElementTypeOther/XCUIElementTypeOther/XCUIElementTypeOther/XCUIElementTypeOther/XCUIElementTypeOther/XCUIElementTypeOther/XCUIElementTypeOther/XCUIElementTypeOther/XCUIElementTypeOther/XCUIElementTypeOther/XCUIElementTypeOther/XCUIElementTypeButton"}
&amp#27;[38;5;32m[XCUITestDriver@e07a (28adf0bf)]&amp#27;[0m Got response with status 200: {"value":{"ELEMENT":"82010000-0000-0000-0103-000000000000","element-6066-11e4-a52e-4f735466cecf":"82010000-0000-0000-0103-000000000000"},"sessionId":"E78FC83E-19E7-4136-B719-97A048452808"}
&amp#27;[38;5;32m[XCUITestDriver@e07a (28adf0bf)]&amp#27;[0m Responding to client with driver.findElement() result: {"element-6066-11e4-a52e-4f735466cecf":"82010000-0000-0000-0103-000000000000","ELEMENT":"82010000-0000-0000-0103-000000000000"}
&amp#27;[38;5;0m[HTTP]&amp#27;[0m &amp#27;[37m<-- POST /session/28adf0bf-7ee8-437a-b2e7-798510efe6fe/element &amp#27;[39m&amp#27;[32m200&amp#27;[39m &amp#27;[90m645 ms - 137&amp#27;[39m
&amp#27;[38;5;0m[HTTP]&amp#27;[0m &amp#27;[90m&amp#27;[39m
&amp#27;[38;5;0m[HTTP]&amp#27;[0m &amp#27;[37m-->&amp#27;[39m &amp#27;[37mGET&amp#27;[39m &amp#27;[37m/session/28adf0bf-7ee8-437a-b2e7-798510efe6fe/element/82010000-0000-0000-0103-000000000000/displayed&amp#27;[39m
&amp#27;[38;5;0m[HTTP]&amp#27;[0m &amp#27;[90m{}&amp#27;[39m
&amp#27;[38;5;32m[XCUITestDriver@e07a (28adf0bf)]&amp#27;[0m Driver proxy active, passing request on via HTTP proxy
&amp#27;[38;5;32m[XCUITestDriver@e07a (28adf0bf)]&amp#27;[0m Executing command 'proxyReqRes'
&amp#27;[38;5;32m[XCUITestDriver@e07a (28adf0bf)]&amp#27;[0m Matched '/session/28adf0bf-7ee8-437a-b2e7-798510efe6fe/element/82010000-0000-0000-0103-000000000000/displayed' to command name 'elementDisplayed'
&amp#27;[38;5;32m[XCUITestDriver@e07a (28adf0bf)]&amp#27;[0m Proxying [GET /session/28adf0bf-7ee8-437a-b2e7-798510efe6fe/element/82010000-0000-0000-0103-000000000000/displayed] to [GET http://127.0.0.1:8100/session/E78FC83E-19E7-4136-B719-97A048452808/element/82010000-0000-0000-0103-000000000000/displayed] with no body
&amp#27;[38;5;32m[XCUITestDriver@e07a (28adf0bf)]&amp#27;[0m Got response with status 200: {"value":false,"sessionId":"E78FC83E-19E7-4136-B719-97A048452808"}
&amp#27;[38;5;32m[XCUITestDriver@e07a (28adf0bf)]&amp#27;[0m Replacing sessionId E78FC83E-19E7-4136-B719-97A048452808 with 28adf0bf-7ee8-437a-b2e7-798510efe6fe
&amp#27;[38;5;0m[HTTP]&amp#27;[0m &amp#27;[37m<-- GET /session/28adf0bf-7ee8-437a-b2e7-798510efe6fe/element/82010000-0000-0000-0103-000000000000/displayed &amp#27;[39m&amp#27;[32m200&amp#27;[39m &amp#27;[90m112 ms - 66&amp#27;[39m
&amp#27;[38;5;0m[HTTP]&amp#27;[0m &amp#27;[90m&amp#27;[39m
&amp#27;[38;5;0m[HTTP]&amp#27;[0m &amp#27;[37m-->&amp#27;[39m &amp#27;[37mGET&amp#27;[39m &amp#27;[37m/session/28adf0bf-7ee8-437a-b2e7-798510efe6fe/context&amp#27;[39m
&amp#27;[38;5;0m[HTTP]&amp#27;[0m &amp#27;[90m{}&amp#27;[39m
&amp#27;[38;5;32m[XCUITestDriver@e07a (28adf0bf)]&amp#27;[0m Calling AppiumDriver.getCurrentContext() with args: ["28adf0bf-7ee8-437a-b2e7-798510efe6fe"]
&amp#27;[38;5;32m[XCUITestDriver@e07a (28adf0bf)]&amp#27;[0m Executing command 'getCurrentContext'
&amp#27;[38;5;32m[XCUITestDriver@e07a (28adf0bf)]&amp#27;[0m Responding to client with driver.getCurrentContext() result: "NATIVE_APP"
&amp#27;[38;5;0m[HTTP]&amp#27;[0m &amp#27;[37m<-- GET /session/28adf0bf-7ee8-437a-b2e7-798510efe6fe/context &amp#27;[39m&amp#27;[32m200&amp#27;[39m &amp#27;[90m1 ms - 22&amp#27;[39m
&amp#27;[38;5;0m[HTTP]&amp#27;[0m &amp#27;[90m&amp#27;[39m
&amp#27;[38;5;0m[HTTP]&amp#27;[0m &amp#27;[37m-->&amp#27;[39m &amp#27;[37mPOST&amp#27;[39m &amp#27;[37m/session/28adf0bf-7ee8-437a-b2e7-798510efe6fe/element&amp#27;[39m
&amp#27;[38;5;0m[HTTP]&amp#27;[0m &amp#27;[90m{"using":"xpath","value":"//XCUIElementTypeApplication[@name=\"Therabody\"]/XCUIElementTypeWindow[1]/XCUIElementTypeOther/XCUIElementTypeOther/XCUIElementTypeOther/XCUIElementTypeOther/XCUIElementTypeOther/XCUIElementTypeOther/XCUIElementTypeOther/XCUIElementTypeOther/XCUIElementTypeOther/XCUIElementTypeOther/XCUIElementTypeOther/XCUIElementTypeOther/XCUIElementTypeButton"}&amp#27;[39m
&amp#27;[38;5;32m[XCUITestDriver@e07a (28adf0bf)]&amp#27;[0m Calling AppiumDriver.findElement() with args: ["xpath","//XCUIElementTypeApplication[@name=\"Therabody\"]/XCUIElementTypeWindow[1]/XCUIElementTypeOther/XCUIElementTypeOther/XCUIElementTypeOther/XCUIElementTypeOther/XCUIElementTypeOther/XCUIElementTypeOther/XCUIElementTypeOther/XCUIElementTypeOther/XCUIElementTypeOther/XCUIElementTypeOther/XCUIElementTypeOther/XCUIElementTypeOther/XCUIElementTypeButton","28adf0bf-7ee8-437a-b2e7-798510efe6fe"]
&amp#27;[38;5;32m[XCUITestDriver@e07a (28adf0bf)]&amp#27;[0m Executing command 'findElement'
&amp#27;[38;5;32m[XCUITestDriver@e07a (28adf0bf)]&amp#27;[0m Valid locator strategies for this request: xpath, id, name, class name, -ios predicate string, -ios class chain, accessibility id, css selector
&amp#27;[38;5;32m[XCUITestDriver@e07a (28adf0bf)]&amp#27;[0m Waiting up to 0 ms for condition
&amp#27;[38;5;32m[XCUITestDriver@e07a (28adf0bf)]&amp#27;[0m Matched '/element' to command name 'findElement'
&amp#27;[38;5;32m[XCUITestDriver@e07a (28adf0bf)]&amp#27;[0m Proxying [POST /element] to [POST http://127.0.0.1:8100/session/E78FC83E-19E7-4136-B719-97A048452808/element] with body: {"using":"xpath","value":"//XCUIElementTypeApplication[@name=\"Therabody\"]/XCUIElementTypeWindow[1]/XCUIElementTypeOther/XCUIElementTypeOther/XCUIElementTypeOther/XCUIElementTypeOther/XCUIElementTypeOther/XCUIElementTypeOther/XCUIElementTypeOther/XCUIElementTypeOther/XCUIElementTypeOther/XCUIElementTypeOther/XCUIElementTypeOther/XCUIElementTypeOther/XCUIElementTypeButton"}
&amp#27;[38;5;32m[XCUITestDriver@e07a (28adf0bf)]&amp#27;[0m Got response with status 200: {"value":{"ELEMENT":"82010000-0000-0000-0103-000000000000","element-6066-11e4-a52e-4f735466cecf":"82010000-0000-0000-0103-000000000000"},"sessionId":"E78FC83E-19E7-4136-B719-97A048452808"}
&amp#27;[38;5;32m[XCUITestDriver@e07a (28adf0bf)]&amp#27;[0m Responding to client with driver.findElement() result: {"element-6066-11e4-a52e-4f735466cecf":"82010000-0000-0000-0103-000000000000","ELEMENT":"82010000-0000-0000-0103-000000000000"}
&amp#27;[38;5;0m[HTTP]&amp#27;[0m &amp#27;[37m<-- POST /session/28adf0bf-7ee8-437a-b2e7-798510efe6fe/element &amp#27;[39m&amp#27;[32m200&amp#27;[39m &amp#27;[90m507 ms - 137&amp#27;[39m
&amp#27;[38;5;0m[HTTP]&amp#27;[0m &amp#27;[90m&amp#27;[39m
&amp#27;[38;5;0m[HTTP]&amp#27;[0m &amp#27;[37m-->&amp#27;[39m &amp#27;[37mGET&amp#27;[39m &amp#27;[37m/session/28adf0bf-7ee8-437a-b2e7-798510efe6fe/element/82010000-0000-0000-0103-000000000000/displayed&amp#27;[39m
&amp#27;[38;5;0m[HTTP]&amp#27;[0m &amp#27;[90m{}&amp#27;[39m
&amp#27;[38;5;32m[XCUITestDriver@e07a (28adf0bf)]&amp#27;[0m Driver proxy active, passing request on via HTTP proxy
&amp#27;[38;5;32m[XCUITestDriver@e07a (28adf0bf)]&amp#27;[0m Executing command 'proxyReqRes'
&amp#27;[38;5;32m[XCUITestDriver@e07a (28adf0bf)]&amp#27;[0m Matched '/session/28adf0bf-7ee8-437a-b2e7-798510efe6fe/element/82010000-0000-0000-0103-000000000000/displayed' to command name 'elementDisplayed'
&amp#27;[38;5;32m[XCUITestDriver@e07a (28adf0bf)]&amp#27;[0m Proxying [GET /session/28adf0bf-7ee8-437a-b2e7-798510efe6fe/element/82010000-0000-0000-0103-000000000000/displayed] to [GET http://127.0.0.1:8100/session/E78FC83E-19E7-4136-B719-97A048452808/element/82010000-0000-0000-0103-000000000000/displayed] with no body
&amp#27;[38;5;32m[XCUITestDriver@e07a (28adf0bf)]&amp#27;[0m Got response with status 200: {"value":false,"sessionId":"E78FC83E-19E7-4136-B719-97A048452808"}
&amp#27;[38;5;32m[XCUITestDriver@e07a (28adf0bf)]&amp#27;[0m Replacing sessionId E78FC83E-19E7-4136-B719-97A048452808 with 28adf0bf-7ee8-437a-b2e7-798510efe6fe
&amp#27;[38;5;0m[HTTP]&amp#27;[0m &amp#27;[37m<-- GET /session/28adf0bf-7ee8-437a-b2e7-798510efe6fe/element/82010000-0000-0000-0103-000000000000/displayed &amp#27;[39m&amp#27;[32m200&amp#27;[39m &amp#27;[90m112 ms - 66&amp#27;[39m
&amp#27;[38;5;0m[HTTP]&amp#27;[0m &amp#27;[90m&amp#27;[39m
&amp#27;[38;5;0m[HTTP]&amp#27;[0m &amp#27;[37m-->&amp#27;[39m &amp#27;[37mGET&amp#27;[39m &amp#27;[37m/session/28adf0bf-7ee8-437a-b2e7-798510efe6fe/context&amp#27;[39m
&amp#27;[38;5;0m[HTTP]&amp#27;[0m &amp#27;[90m{}&amp#27;[39m
&amp#27;[38;5;32m[XCUITestDriver@e07a (28adf0bf)]&amp#27;[0m Calling AppiumDriver.getCurrentContext() with args: ["28adf0bf-7ee8-437a-b2e7-798510efe6fe"]
&amp#27;[38;5;32m[XCUITestDriver@e07a (28adf0bf)]&amp#27;[0m Executing command 'getCurrentContext'
&amp#27;[38;5;32m[XCUITestDriver@e07a (28adf0bf)]&amp#27;[0m Responding to client with driver.getCurrentContext() result: "NATIVE_APP"
&amp#27;[38;5;0m[HTTP]&amp#27;[0m &amp#27;[37m<-- GET /session/28adf0bf-7ee8-437a-b2e7-798510efe6fe/context &amp#27;[39m&amp#27;[32m200&amp#27;[39m &amp#27;[90m1 ms - 22&amp#27;[39m
&amp#27;[38;5;0m[HTTP]&amp#27;[0m &amp#27;[90m&amp#27;[39m
&amp#27;[38;5;0m[HTTP]&amp#27;[0m &amp#27;[37m-->&amp#27;[39m &amp#27;[37mPOST&amp#27;[39m &amp#27;[37m/session/28adf0bf-7ee8-437a-b2e7-798510efe6fe/element&amp#27;[39m
&amp#27;[38;5;0m[HTTP]&amp#27;[0m &amp#27;[90m{"using":"xpath","value":"//XCUIElementTypeApplication[@name=\"Therabody\"]/XCUIElementTypeWindow[1]/XCUIElementTypeOther/XCUIElementTypeOther/XCUIElementTypeOther/XCUIElementTypeOther/XCUIElementTypeOther/XCUIElementTypeOther/XCUIElementTypeOther/XCUIElementTypeOther/XCUIElementTypeOther/XCUIElementTypeOther/XCUIElementTypeOther/XCUIElementTypeOther/XCUIElementTypeButton"}&amp#27;[39m
&amp#27;[38;5;32m[XCUITestDriver@e07a (28adf0bf)]&amp#27;[0m Calling AppiumDriver.findElement() with args: ["xpath","//XCUIElementTypeApplication[@name=\"Therabody\"]/XCUIElementTypeWindow[1]/XCUIElementTypeOther/XCUIElementTypeOther/XCUIElementTypeOther/XCUIElementTypeOther/XCUIElementTypeOther/XCUIElementTypeOther/XCUIElementTypeOther/XCUIElementTypeOther/XCUIElementTypeOther/XCUIElementTypeOther/XCUIElementTypeOther/XCUIElementTypeOther/XCUIElementTypeButton","28adf0bf-7ee8-437a-b2e7-798510efe6fe"]
&amp#27;[38;5;32m[XCUITestDriver@e07a (28adf0bf)]&amp#27;[0m Executing command 'findElement'
&amp#27;[38;5;32m[XCUITestDriver@e07a (28adf0bf)]&amp#27;[0m Valid locator strategies for this request: xpath, id, name, class name, -ios predicate string, -ios class chain, accessibility id, css selector
&amp#27;[38;5;32m[XCUITestDriver@e07a (28adf0bf)]&amp#27;[0m Waiting up to 0 ms for condition
&amp#27;[38;5;32m[XCUITestDriver@e07a (28adf0bf)]&amp#27;[0m Matched '/element' to command name 'findElement'
&amp#27;[38;5;32m[XCUITestDriver@e07a (28adf0bf)]&amp#27;[0m Proxying [POST /element] to [POST http://127.0.0.1:8100/session/E78FC83E-19E7-4136-B719-97A048452808/element] with body: {"using":"xpath","value":"//XCUIElementTypeApplication[@name=\"Therabody\"]/XCUIElementTypeWindow[1]/XCUIElementTypeOther/XCUIElementTypeOther/XCUIElementTypeOther/XCUIElementTypeOther/XCUIElementTypeOther/XCUIElementTypeOther/XCUIElementTypeOther/XCUIElementTypeOther/XCUIElementTypeOther/XCUIElementTypeOther/XCUIElementTypeOther/XCUIElementTypeOther/XCUIElementTypeButton"}
&amp#27;[38;5;32m[XCUITestDriver@e07a (28adf0bf)]&amp#27;[0m Got response with status 200: {"value":{"ELEMENT":"82010000-0000-0000-0103-000000000000","element-6066-11e4-a52e-4f735466cecf":"82010000-0000-0000-0103-000000000000"},"sessionId":"E78FC83E-19E7-4136-B719-97A048452808"}
&amp#27;[38;5;32m[XCUITestDriver@e07a (28adf0bf)]&amp#27;[0m Responding to client with driver.findElement() result: {"element-6066-11e4-a52e-4f735466cecf":"82010000-0000-0000-0103-000000000000","ELEMENT":"82010000-0000-0000-0103-000000000000"}
&amp#27;[38;5;0m[HTTP]&amp#27;[0m &amp#27;[37m<-- POST /session/28adf0bf-7ee8-437a-b2e7-798510efe6fe/element &amp#27;[39m&amp#27;[32m200&amp#27;[39m &amp#27;[90m624 ms - 137&amp#27;[39m
&amp#27;[38;5;0m[HTTP]&amp#27;[0m &amp#27;[90m&amp#27;[39m
&amp#27;[38;5;0m[HTTP]&amp#27;[0m &amp#27;[37m-->&amp#27;[39m &amp#27;[37mGET&amp#27;[39m &amp#27;[37m/session/28adf0bf-7ee8-437a-b2e7-798510efe6fe/element/82010000-0000-0000-0103-000000000000/displayed&amp#27;[39m
&amp#27;[38;5;0m[HTTP]&amp#27;[0m &amp#27;[90m{}&amp#27;[39m
&amp#27;[38;5;32m[XCUITestDriver@e07a (28adf0bf)]&amp#27;[0m Driver proxy active, passing request on via HTTP proxy
&amp#27;[38;5;32m[XCUITestDriver@e07a (28adf0bf)]&amp#27;[0m Executing command 'proxyReqRes'
&amp#27;[38;5;32m[XCUITestDriver@e07a (28adf0bf)]&amp#27;[0m Matched '/session/28adf0bf-7ee8-437a-b2e7-798510efe6fe/element/82010000-0000-0000-0103-000000000000/displayed' to command name 'elementDisplayed'
&amp#27;[38;5;32m[XCUITestDriver@e07a (28adf0bf)]&amp#27;[0m Proxying [GET /session/28adf0bf-7ee8-437a-b2e7-798510efe6fe/element/82010000-0000-0000-0103-000000000000/displayed] to [GET http://127.0.0.1:8100/session/E78FC83E-19E7-4136-B719-97A048452808/element/82010000-0000-0000-0103-000000000000/displayed] with no body
&amp#27;[38;5;32m[XCUITestDriver@e07a (28adf0bf)]&amp#27;[0m Got response with status 200: {"value":false,"sessionId":"E78FC83E-19E7-4136-B719-97A048452808"}
&amp#27;[38;5;32m[XCUITestDriver@e07a (28adf0bf)]&amp#27;[0m Replacing sessionId E78FC83E-19E7-4136-B719-97A048452808 with 28adf0bf-7ee8-437a-b2e7-798510efe6fe
&amp#27;[38;5;0m[HTTP]&amp#27;[0m &amp#27;[37m<-- GET /session/28adf0bf-7ee8-437a-b2e7-798510efe6fe/element/82010000-0000-0000-0103-000000000000/displayed &amp#27;[39m&amp#27;[32m200&amp#27;[39m &amp#27;[90m113 ms - 66&amp#27;[39m
&amp#27;[38;5;0m[HTTP]&amp#27;[0m &amp#27;[90m&amp#27;[39m
&amp#27;[38;5;0m[HTTP]&amp#27;[0m &amp#27;[37m-->&amp#27;[39m &amp#27;[37mGET&amp#27;[39m &amp#27;[37m/session/28adf0bf-7ee8-437a-b2e7-798510efe6fe/context&amp#27;[39m
&amp#27;[38;5;0m[HTTP]&amp#27;[0m &amp#27;[90m{}&amp#27;[39m
&amp#27;[38;5;32m[XCUITestDriver@e07a (28adf0bf)]&amp#27;[0m Calling AppiumDriver.getCurrentContext() with args: ["28adf0bf-7ee8-437a-b2e7-798510efe6fe"]
&amp#27;[38;5;32m[XCUITestDriver@e07a (28adf0bf)]&amp#27;[0m Executing command 'getCurrentContext'
&amp#27;[38;5;32m[XCUITestDriver@e07a (28adf0bf)]&amp#27;[0m Responding to client with driver.getCurrentContext() result: "NATIVE_APP"
&amp#27;[38;5;0m[HTTP]&amp#27;[0m &amp#27;[37m<-- GET /session/28adf0bf-7ee8-437a-b2e7-798510efe6fe/context &amp#27;[39m&amp#27;[32m200&amp#27;[39m &amp#27;[90m1 ms - 22&amp#27;[39m
&amp#27;[38;5;0m[HTTP]&amp#27;[0m &amp#27;[90m&amp#27;[39m
&amp#27;[38;5;0m[HTTP]&amp#27;[0m &amp#27;[37m-->&amp#27;[39m &amp#27;[37mPOST&amp#27;[39m &amp#27;[37m/session/28adf0bf-7ee8-437a-b2e7-798510efe6fe/element&amp#27;[39m
&amp#27;[38;5;0m[HTTP]&amp#27;[0m &amp#27;[90m{"using":"xpath","value":"//XCUIElementTypeApplication[@name=\"Therabody\"]/XCUIElementTypeWindow[1]/XCUIElementTypeOther/XCUIElementTypeOther/XCUIElementTypeOther/XCUIElementTypeOther/XCUIElementTypeOther/XCUIElementTypeOther/XCUIElementTypeOther/XCUIElementTypeOther/XCUIElementTypeOther/XCUIElementTypeOther/XCUIElementTypeOther/XCUIElementTypeOther/XCUIElementTypeButton"}&amp#27;[39m
&amp#27;[38;5;32m[XCUITestDriver@e07a (28adf0bf)]&amp#27;[0m Calling AppiumDriver.findElement() with args: ["xpath","//XCUIElementTypeApplication[@name=\"Therabody\"]/XCUIElementTypeWindow[1]/XCUIElementTypeOther/XCUIElementTypeOther/XCUIElementTypeOther/XCUIElementTypeOther/XCUIElementTypeOther/XCUIElementTypeOther/XCUIElementTypeOther/XCUIElementTypeOther/XCUIElementTypeOther/XCUIElementTypeOther/XCUIElementTypeOther/XCUIElementTypeOther/XCUIElementTypeButton","28adf0bf-7ee8-437a-b2e7-798510efe6fe"]
&amp#27;[38;5;32m[XCUITestDriver@e07a (28adf0bf)]&amp#27;[0m Executing command 'findElement'
&amp#27;[38;5;32m[XCUITestDriver@e07a (28adf0bf)]&amp#27;[0m Valid locator strategies for this request: xpath, id, name, class name, -ios predicate string, -ios class chain, accessibility id, css selector
&amp#27;[38;5;32m[XCUITestDriver@e07a (28adf0bf)]&amp#27;[0m Waiting up to 0 ms for condition
&amp#27;[38;5;32m[XCUITestDriver@e07a (28adf0bf)]&amp#27;[0m Matched '/element' to command name 'findElement'
&amp#27;[38;5;32m[XCUITestDriver@e07a (28adf0bf)]&amp#27;[0m Proxying [POST /element] to [POST http://127.0.0.1:8100/session/E78FC83E-19E7-4136-B719-97A048452808/element] with body: {"using":"xpath","value":"//XCUIElementTypeApplication[@name=\"Therabody\"]/XCUIElementTypeWindow[1]/XCUIElementTypeOther/XCUIElementTypeOther/XCUIElementTypeOther/XCUIElementTypeOther/XCUIElementTypeOther/XCUIElementTypeOther/XCUIElementTypeOther/XCUIElementTypeOther/XCUIElementTypeOther/XCUIElementTypeOther/XCUIElementTypeOther/XCUIElementTypeOther/XCUIElementTypeButton"}
&amp#27;[38;5;32m[XCUITestDriver@e07a (28adf0bf)]&amp#27;[0m Got response with status 200: {"value":{"ELEMENT":"82010000-0000-0000-0103-000000000000","element-6066-11e4-a52e-4f735466cecf":"82010000-0000-0000-0103-000000000000"},"sessionId":"E78FC83E-19E7-4136-B719-97A048452808"}
&amp#27;[38;5;32m[XCUITestDriver@e07a (28adf0bf)]&amp#27;[0m Responding to client with driver.findElement() result: {"element-6066-11e4-a52e-4f735466cecf":"82010000-0000-0000-0103-000000000000","ELEMENT":"82010000-0000-0000-0103-000000000000"}
&amp#27;[38;5;0m[HTTP]&amp#27;[0m &amp#27;[37m<-- POST /session/28adf0bf-7ee8-437a-b2e7-798510efe6fe/element &amp#27;[39m&amp#27;[32m200&amp#27;[39m &amp#27;[90m684 ms - 137&amp#27;[39m
&amp#27;[38;5;0m[HTTP]&amp#27;[0m &amp#27;[90m&amp#27;[39m
&amp#27;[38;5;0m[HTTP]&amp#27;[0m &amp#27;[37m-->&amp#27;[39m &amp#27;[37mGET&amp#27;[39m &amp#27;[37m/session/28adf0bf-7ee8-437a-b2e7-798510efe6fe/element/82010000-0000-0000-0103-000000000000/displayed&amp#27;[39m
&amp#27;[38;5;0m[HTTP]&amp#27;[0m &amp#27;[90m{}&amp#27;[39m
&amp#27;[38;5;32m[XCUITestDriver@e07a (28adf0bf)]&amp#27;[0m Driver proxy active, passing request on via HTTP proxy
&amp#27;[38;5;32m[XCUITestDriver@e07a (28adf0bf)]&amp#27;[0m Executing command 'proxyReqRes'
&amp#27;[38;5;32m[XCUITestDriver@e07a (28adf0bf)]&amp#27;[0m Matched '/session/28adf0bf-7ee8-437a-b2e7-798510efe6fe/element/82010000-0000-0000-0103-000000000000/displayed' to command name 'elementDisplayed'
&amp#27;[38;5;32m[XCUITestDriver@e07a (28adf0bf)]&amp#27;[0m Proxying [GET /session/28adf0bf-7ee8-437a-b2e7-798510efe6fe/element/82010000-0000-0000-0103-000000000000/displayed] to [GET http://127.0.0.1:8100/session/E78FC83E-19E7-4136-B719-97A048452808/element/82010000-0000-0000-0103-000000000000/displayed] with no body
&amp#27;[38;5;32m[XCUITestDriver@e07a (28adf0bf)]&amp#27;[0m Got response with status 200: {"value":false,"sessionId":"E78FC83E-19E7-4136-B719-97A048452808"}
&amp#27;[38;5;32m[XCUITestDriver@e07a (28adf0bf)]&amp#27;[0m Replacing sessionId E78FC83E-19E7-4136-B719-97A048452808 with 28adf0bf-7ee8-437a-b2e7-798510efe6fe
&amp#27;[38;5;0m[HTTP]&amp#27;[0m &amp#27;[37m<-- GET /session/28adf0bf-7ee8-437a-b2e7-798510efe6fe/element/82010000-0000-0000-0103-000000000000/displayed &amp#27;[39m&amp#27;[32m200&amp#27;[39m &amp#27;[90m110 ms - 66&amp#27;[39m
&amp#27;[38;5;0m[HTTP]&amp#27;[0m &amp#27;[90m&amp#27;[39m
&amp#27;[38;5;0m[HTTP]&amp#27;[0m &amp#27;[37m-->&amp#27;[39m &amp#27;[37mGET&amp#27;[39m &amp#27;[37m/session/28adf0bf-7ee8-437a-b2e7-798510efe6fe/context&amp#27;[39m
&amp#27;[38;5;0m[HTTP]&amp#27;[0m &amp#27;[90m{}&amp#27;[39m
&amp#27;[38;5;32m[XCUITestDriver@e07a (28adf0bf)]&amp#27;[0m Calling AppiumDriver.getCurrentContext() with args: ["28adf0bf-7ee8-437a-b2e7-798510efe6fe"]
&amp#27;[38;5;32m[XCUITestDriver@e07a (28adf0bf)]&amp#27;[0m Executing command 'getCurrentContext'
&amp#27;[38;5;32m[XCUITestDriver@e07a (28adf0bf)]&amp#27;[0m Responding to client with driver.getCurrentContext() result: "NATIVE_APP"
&amp#27;[38;5;0m[HTTP]&amp#27;[0m &amp#27;[37m<-- GET /session/28adf0bf-7ee8-437a-b2e7-798510efe6fe/context &amp#27;[39m&amp#27;[32m200&amp#27;[39m &amp#27;[90m1 ms - 22&amp#27;[39m
&amp#27;[38;5;0m[HTTP]&amp#27;[0m &amp#27;[90m&amp#27;[39m
&amp#27;[38;5;0m[HTTP]&amp#27;[0m &amp#27;[37m-->&amp#27;[39m &amp#27;[37mPOST&amp#27;[39m &amp#27;[37m/session/28adf0bf-7ee8-437a-b2e7-798510efe6fe/element&amp#27;[39m
&amp#27;[38;5;0m[HTTP]&amp#27;[0m &amp#27;[90m{"using":"xpath","value":"//XCUIElementTypeApplication[@name=\"Therabody\"]/XCUIElementTypeWindow[1]/XCUIElementTypeOther/XCUIElementTypeOther/XCUIElementTypeOther/XCUIElementTypeOther/XCUIElementTypeOther/XCUIElementTypeOther/XCUIElementTypeOther/XCUIElementTypeOther/XCUIElementTypeOther/XCUIElementTypeOther/XCUIElementTypeOther/XCUIElementTypeOther/XCUIElementTypeButton"}&amp#27;[39m
&amp#27;[38;5;32m[XCUITestDriver@e07a (28adf0bf)]&amp#27;[0m Calling AppiumDriver.findElement() with args: ["xpath","//XCUIElementTypeApplication[@name=\"Therabody\"]/XCUIElementTypeWindow[1]/XCUIElementTypeOther/XCUIElementTypeOther/XCUIElementTypeOther/XCUIElementTypeOther/XCUIElementTypeOther/XCUIElementTypeOther/XCUIElementTypeOther/XCUIElementTypeOther/XCUIElementTypeOther/XCUIElementTypeOther/XCUIElementTypeOther/XCUIElementTypeOther/XCUIElementTypeButton","28adf0bf-7ee8-437a-b2e7-798510efe6fe"]
&amp#27;[38;5;32m[XCUITestDriver@e07a (28adf0bf)]&amp#27;[0m Executing command 'findElement'
&amp#27;[38;5;32m[XCUITestDriver@e07a (28adf0bf)]&amp#27;[0m Valid locator strategies for this request: xpath, id, name, class name, -ios predicate string, -ios class chain, accessibility id, css selector
&amp#27;[38;5;32m[XCUITestDriver@e07a (28adf0bf)]&amp#27;[0m Waiting up to 0 ms for condition
&amp#27;[38;5;32m[XCUITestDriver@e07a (28adf0bf)]&amp#27;[0m Matched '/element' to command name 'findElement'
&amp#27;[38;5;32m[XCUITestDriver@e07a (28adf0bf)]&amp#27;[0m Proxying [POST /element] to [POST http://127.0.0.1:8100/session/E78FC83E-19E7-4136-B719-97A048452808/element] with body: {"using":"xpath","value":"//XCUIElementTypeApplication[@name=\"Therabody\"]/XCUIElementTypeWindow[1]/XCUIElementTypeOther/XCUIElementTypeOther/XCUIElementTypeOther/XCUIElementTypeOther/XCUIElementTypeOther/XCUIElementTypeOther/XCUIElementTypeOther/XCUIElementTypeOther/XCUIElementTypeOther/XCUIElementTypeOther/XCUIElementTypeOther/XCUIElementTypeOther/XCUIElementTypeButton"}
&amp#27;[38;5;32m[XCUITestDriver@e07a (28adf0bf)]&amp#27;[0m Got response with status 200: {"value":{"ELEMENT":"82010000-0000-0000-0103-000000000000","element-6066-11e4-a52e-4f735466cecf":"82010000-0000-0000-0103-000000000000"},"sessionId":"E78FC83E-19E7-4136-B719-97A048452808"}
&amp#27;[38;5;32m[XCUITestDriver@e07a (28adf0bf)]&amp#27;[0m Responding to client with driver.findElement() result: {"element-6066-11e4-a52e-4f735466cecf":"82010000-0000-0000-0103-000000000000","ELEMENT":"82010000-0000-0000-0103-000000000000"}
&amp#27;[38;5;0m[HTTP]&amp#27;[0m &amp#27;[37m<-- POST /session/28adf0bf-7ee8-437a-b2e7-798510efe6fe/element &amp#27;[39m&amp#27;[32m200&amp#27;[39m &amp#27;[90m663 ms - 137&amp#27;[39m
&amp#27;[38;5;0m[HTTP]&amp#27;[0m &amp#27;[90m&amp#27;[39m
&amp#27;[38;5;0m[HTTP]&amp#27;[0m &amp#27;[37m-->&amp#27;[39m &amp#27;[37mGET&amp#27;[39m &amp#27;[37m/session/28adf0bf-7ee8-437a-b2e7-798510efe6fe/element/82010000-0000-0000-0103-000000000000/displayed&amp#27;[39m
&amp#27;[38;5;0m[HTTP]&amp#27;[0m &amp#27;[90m{}&amp#27;[39m
&amp#27;[38;5;32m[XCUITestDriver@e07a (28adf0bf)]&amp#27;[0m Driver proxy active, passing request on via HTTP proxy
&amp#27;[38;5;32m[XCUITestDriver@e07a (28adf0bf)]&amp#27;[0m Executing command 'proxyReqRes'
&amp#27;[38;5;32m[XCUITestDriver@e07a (28adf0bf)]&amp#27;[0m Matched '/session/28adf0bf-7ee8-437a-b2e7-798510efe6fe/element/82010000-0000-0000-0103-000000000000/displayed' to command name 'elementDisplayed'
&amp#27;[38;5;32m[XCUITestDriver@e07a (28adf0bf)]&amp#27;[0m Proxying [GET /session/28adf0bf-7ee8-437a-b2e7-798510efe6fe/element/82010000-0000-0000-0103-000000000000/displayed] to [GET http://127.0.0.1:8100/session/E78FC83E-19E7-4136-B719-97A048452808/element/82010000-0000-0000-0103-000000000000/displayed] with no body
&amp#27;[38;5;32m[XCUITestDriver@e07a (28adf0bf)]&amp#27;[0m Got response with status 200: {"value":false,"sessionId":"E78FC83E-19E7-4136-B719-97A048452808"}
&amp#27;[38;5;32m[XCUITestDriver@e07a (28adf0bf)]&amp#27;[0m Replacing sessionId E78FC83E-19E7-4136-B719-97A048452808 with 28adf0bf-7ee8-437a-b2e7-798510efe6fe
&amp#27;[38;5;0m[HTTP]&amp#27;[0m &amp#27;[37m<-- GET /session/28adf0bf-7ee8-437a-b2e7-798510efe6fe/element/82010000-0000-0000-0103-000000000000/displayed &amp#27;[39m&amp#27;[32m200&amp#27;[39m &amp#27;[90m113 ms - 66&amp#27;[39m
&amp#27;[38;5;0m[HTTP]&amp#27;[0m &amp#27;[90m&amp#27;[39m
&amp#27;[38;5;0m[HTTP]&amp#27;[0m &amp#27;[37m-->&amp#27;[39m &amp#27;[37mGET&amp#27;[39m &amp#27;[37m/session/28adf0bf-7ee8-437a-b2e7-798510efe6fe/context&amp#27;[39m
&amp#27;[38;5;0m[HTTP]&amp#27;[0m &amp#27;[90m{}&amp#27;[39m
&amp#27;[38;5;32m[XCUITestDriver@e07a (28adf0bf)]&amp#27;[0m Calling AppiumDriver.getCurrentContext() with args: ["28adf0bf-7ee8-437a-b2e7-798510efe6fe"]
&amp#27;[38;5;32m[XCUITestDriver@e07a (28adf0bf)]&amp#27;[0m Executing command 'getCurrentContext'
&amp#27;[38;5;32m[XCUITestDriver@e07a (28adf0bf)]&amp#27;[0m Responding to client with driver.getCurrentContext() result: "NATIVE_APP"
&amp#27;[38;5;0m[HTTP]&amp#27;[0m &amp#27;[37m<-- GET /session/28adf0bf-7ee8-437a-b2e7-798510efe6fe/context &amp#27;[39m&amp#27;[32m200&amp#27;[39m &amp#27;[90m1 ms - 22&amp#27;[39m
&amp#27;[38;5;0m[HTTP]&amp#27;[0m &amp#27;[90m&amp#27;[39m
&amp#27;[38;5;0m[HTTP]&amp#27;[0m &amp#27;[37m-->&amp#27;[39m &amp#27;[37mPOST&amp#27;[39m &amp#27;[37m/session/28adf0bf-7ee8-437a-b2e7-798510efe6fe/element&amp#27;[39m
&amp#27;[38;5;0m[HTTP]&amp#27;[0m &amp#27;[90m{"using":"xpath","value":"//XCUIElementTypeApplication[@name=\"Therabody\"]/XCUIElementTypeWindow[1]/XCUIElementTypeOther/XCUIElementTypeOther/XCUIElementTypeOther/XCUIElementTypeOther/XCUIElementTypeOther/XCUIElementTypeOther/XCUIElementTypeOther/XCUIElementTypeOther/XCUIElementTypeOther/XCUIElementTypeOther/XCUIElementTypeOther/XCUIElementTypeOther/XCUIElementTypeButton"}&amp#27;[39m
&amp#27;[38;5;32m[XCUITestDriver@e07a (28adf0bf)]&amp#27;[0m Calling AppiumDriver.findElement() with args: ["xpath","//XCUIElementTypeApplication[@name=\"Therabody\"]/XCUIElementTypeWindow[1]/XCUIElementTypeOther/XCUIElementTypeOther/XCUIElementTypeOther/XCUIElementTypeOther/XCUIElementTypeOther/XCUIElementTypeOther/XCUIElementTypeOther/XCUIElementTypeOther/XCUIElementTypeOther/XCUIElementTypeOther/XCUIElementTypeOther/XCUIElementTypeOther/XCUIElementTypeButton","28adf0bf-7ee8-437a-b2e7-798510efe6fe"]
&amp#27;[38;5;32m[XCUITestDriver@e07a (28adf0bf)]&amp#27;[0m Executing command 'findElement'
&amp#27;[38;5;32m[XCUITestDriver@e07a (28adf0bf)]&amp#27;[0m Valid locator strategies for this request: xpath, id, name, class name, -ios predicate string, -ios class chain, accessibility id, css selector
&amp#27;[38;5;32m[XCUITestDriver@e07a (28adf0bf)]&amp#27;[0m Waiting up to 0 ms for condition
&amp#27;[38;5;32m[XCUITestDriver@e07a (28adf0bf)]&amp#27;[0m Matched '/element' to command name 'findElement'
&amp#27;[38;5;32m[XCUITestDriver@e07a (28adf0bf)]&amp#27;[0m Proxying [POST /element] to [POST http://127.0.0.1:8100/session/E78FC83E-19E7-4136-B719-97A048452808/element] with body: {"using":"xpath","value":"//XCUIElementTypeApplication[@name=\"Therabody\"]/XCUIElementTypeWindow[1]/XCUIElementTypeOther/XCUIElementTypeOther/XCUIElementTypeOther/XCUIElementTypeOther/XCUIElementTypeOther/XCUIElementTypeOther/XCUIElementTypeOther/XCUIElementTypeOther/XCUIElementTypeOther/XCUIElementTypeOther/XCUIElementTypeOther/XCUIElementTypeOther/XCUIElementTypeButton"}
&amp#27;[38;5;32m[XCUITestDriver@e07a (28adf0bf)]&amp#27;[0m Got response with status 200: {"value":{"ELEMENT":"82010000-0000-0000-0103-000000000000","element-6066-11e4-a52e-4f735466cecf":"82010000-0000-0000-0103-000000000000"},"sessionId":"E78FC83E-19E7-4136-B719-97A048452808"}
&amp#27;[38;5;32m[XCUITestDriver@e07a (28adf0bf)]&amp#27;[0m Responding to client with driver.findElement() result: {"element-6066-11e4-a52e-4f735466cecf":"82010000-0000-0000-0103-000000000000","ELEMENT":"82010000-0000-0000-0103-000000000000"}
&amp#27;[38;5;0m[HTTP]&amp#27;[0m &amp#27;[37m<-- POST /session/28adf0bf-7ee8-437a-b2e7-798510efe6fe/element &amp#27;[39m&amp#27;[32m200&amp#27;[39m &amp#27;[90m624 ms - 137&amp#27;[39m
&amp#27;[38;5;0m[HTTP]&amp#27;[0m &amp#27;[90m&amp#27;[39m
&amp#27;[38;5;0m[HTTP]&amp#27;[0m &amp#27;[37m-->&amp#27;[39m &amp#27;[37mGET&amp#27;[39m &amp#27;[37m/session/28adf0bf-7ee8-437a-b2e7-798510efe6fe/element/82010000-0000-0000-0103-000000000000/displayed&amp#27;[39m
&amp#27;[38;5;0m[HTTP]&amp#27;[0m &amp#27;[90m{}&amp#27;[39m
&amp#27;[38;5;32m[XCUITestDriver@e07a (28adf0bf)]&amp#27;[0m Driver proxy active, passing request on via HTTP proxy
&amp#27;[38;5;32m[XCUITestDriver@e07a (28adf0bf)]&amp#27;[0m Executing command 'proxyReqRes'
&amp#27;[38;5;32m[XCUITestDriver@e07a (28adf0bf)]&amp#27;[0m Matched '/session/28adf0bf-7ee8-437a-b2e7-798510efe6fe/element/82010000-0000-0000-0103-000000000000/displayed' to command name 'elementDisplayed'
&amp#27;[38;5;32m[XCUITestDriver@e07a (28adf0bf)]&amp#27;[0m Proxying [GET /session/28adf0bf-7ee8-437a-b2e7-798510efe6fe/element/82010000-0000-0000-0103-000000000000/displayed] to [GET http://127.0.0.1:8100/session/E78FC83E-19E7-4136-B719-97A048452808/element/82010000-0000-0000-0103-000000000000/displayed] with no body
&amp#27;[38;5;32m[XCUITestDriver@e07a (28adf0bf)]&amp#27;[0m Got response with status 200: {"value":false,"sessionId":"E78FC83E-19E7-4136-B719-97A048452808"}
&amp#27;[38;5;32m[XCUITestDriver@e07a (28adf0bf)]&amp#27;[0m Replacing sessionId E78FC83E-19E7-4136-B719-97A048452808 with 28adf0bf-7ee8-437a-b2e7-798510efe6fe
&amp#27;[38;5;0m[HTTP]&amp#27;[0m &amp#27;[37m<-- GET /session/28adf0bf-7ee8-437a-b2e7-798510efe6fe/element/82010000-0000-0000-0103-000000000000/displayed &amp#27;[39m&amp#27;[32m200&amp#27;[39m &amp#27;[90m58 ms - 66&amp#27;[39m
&amp#27;[38;5;0m[HTTP]&amp#27;[0m &amp#27;[90m&amp#27;[39m
&amp#27;[38;5;0m[HTTP]&amp#27;[0m &amp#27;[37m-->&amp#27;[39m &amp#27;[37mGET&amp#27;[39m &amp#27;[37m/session/28adf0bf-7ee8-437a-b2e7-798510efe6fe/context&amp#27;[39m
&amp#27;[38;5;0m[HTTP]&amp#27;[0m &amp#27;[90m{}&amp#27;[39m
&amp#27;[38;5;32m[XCUITestDriver@e07a (28adf0bf)]&amp#27;[0m Calling AppiumDriver.getCurrentContext() with args: ["28adf0bf-7ee8-437a-b2e7-798510efe6fe"]
&amp#27;[38;5;32m[XCUITestDriver@e07a (28adf0bf)]&amp#27;[0m Executing command 'getCurrentContext'
&amp#27;[38;5;32m[XCUITestDriver@e07a (28adf0bf)]&amp#27;[0m Responding to client with driver.getCurrentContext() result: "NATIVE_APP"
&amp#27;[38;5;0m[HTTP]&amp#27;[0m &amp#27;[37m<-- GET /session/28adf0bf-7ee8-437a-b2e7-798510efe6fe/context &amp#27;[39m&amp#27;[32m200&amp#27;[39m &amp#27;[90m2 ms - 22&amp#27;[39m
&amp#27;[38;5;0m[HTTP]&amp#27;[0m &amp#27;[90m&amp#27;[39m
&amp#27;[38;5;0m[HTTP]&amp#27;[0m &amp#27;[37m-->&amp#27;[39m &amp#27;[37mPOST&amp#27;[39m &amp#27;[37m/session/28adf0bf-7ee8-437a-b2e7-798510efe6fe/element&amp#27;[39m
&amp#27;[38;5;0m[HTTP]&amp#27;[0m &amp#27;[90m{"using":"xpath","value":"//XCUIElementTypeApplication[@name=\"Therabody\"]/XCUIElementTypeWindow[1]/XCUIElementTypeOther/XCUIElementTypeOther/XCUIElementTypeOther/XCUIElementTypeOther/XCUIElementTypeOther/XCUIElementTypeOther/XCUIElementTypeOther/XCUIElementTypeOther/XCUIElementTypeOther/XCUIElementTypeOther/XCUIElementTypeOther/XCUIElementTypeOther/XCUIElementTypeButton"}&amp#27;[39m
&amp#27;[38;5;32m[XCUITestDriver@e07a (28adf0bf)]&amp#27;[0m Calling AppiumDriver.findElement() with args: ["xpath","//XCUIElementTypeApplication[@name=\"Therabody\"]/XCUIElementTypeWindow[1]/XCUIElementTypeOther/XCUIElementTypeOther/XCUIElementTypeOther/XCUIElementTypeOther/XCUIElementTypeOther/XCUIElementTypeOther/XCUIElementTypeOther/XCUIElementTypeOther/XCUIElementTypeOther/XCUIElementTypeOther/XCUIElementTypeOther/XCUIElementTypeOther/XCUIElementTypeButton","28adf0bf-7ee8-437a-b2e7-798510efe6fe"]
&amp#27;[38;5;32m[XCUITestDriver@e07a (28adf0bf)]&amp#27;[0m Executing command 'findElement'
&amp#27;[38;5;32m[XCUITestDriver@e07a (28adf0bf)]&amp#27;[0m Valid locator strategies for this request: xpath, id, name, class name, -ios predicate string, -ios class chain, accessibility id, css selector
&amp#27;[38;5;32m[XCUITestDriver@e07a (28adf0bf)]&amp#27;[0m Waiting up to 0 ms for condition
&amp#27;[38;5;32m[XCUITestDriver@e07a (28adf0bf)]&amp#27;[0m Matched '/element' to command name 'findElement'
&amp#27;[38;5;32m[XCUITestDriver@e07a (28adf0bf)]&amp#27;[0m Proxying [POST /element] to [POST http://127.0.0.1:8100/session/E78FC83E-19E7-4136-B719-97A048452808/element] with body: {"using":"xpath","value":"//XCUIElementTypeApplication[@name=\"Therabody\"]/XCUIElementTypeWindow[1]/XCUIElementTypeOther/XCUIElementTypeOther/XCUIElementTypeOther/XCUIElementTypeOther/XCUIElementTypeOther/XCUIElementTypeOther/XCUIElementTypeOther/XCUIElementTypeOther/XCUIElementTypeOther/XCUIElementTypeOther/XCUIElementTypeOther/XCUIElementTypeOther/XCUIElementTypeButton"}
&amp#27;[38;5;32m[XCUITestDriver@e07a (28adf0bf)]&amp#27;[0m Got response with status 200: {"value":{"ELEMENT":"82010000-0000-0000-0103-000000000000","element-6066-11e4-a52e-4f735466cecf":"82010000-0000-0000-0103-000000000000"},"sessionId":"E78FC83E-19E7-4136-B719-97A048452808"}
&amp#27;[38;5;32m[XCUITestDriver@e07a (28adf0bf)]&amp#27;[0m Responding to client with driver.findElement() result: {"element-6066-11e4-a52e-4f735466cecf":"82010000-0000-0000-0103-000000000000","ELEMENT":"82010000-0000-0000-0103-000000000000"}
&amp#27;[38;5;0m[HTTP]&amp#27;[0m &amp#27;[37m<-- POST /session/28adf0bf-7ee8-437a-b2e7-798510efe6fe/element &amp#27;[39m&amp#27;[32m200&amp#27;[39m &amp#27;[90m729 ms - 137&amp#27;[39m
&amp#27;[38;5;0m[HTTP]&amp#27;[0m &amp#27;[90m&amp#27;[39m
&amp#27;[38;5;0m[HTTP]&amp#27;[0m &amp#27;[37m-->&amp#27;[39m &amp#27;[37mGET&amp#27;[39m &amp#27;[37m/session/28adf0bf-7ee8-437a-b2e7-798510efe6fe/element/82010000-0000-0000-0103-000000000000/displayed&amp#27;[39m
&amp#27;[38;5;0m[HTTP]&amp#27;[0m &amp#27;[90m{}&amp#27;[39m
&amp#27;[38;5;32m[XCUITestDriver@e07a (28adf0bf)]&amp#27;[0m Driver proxy active, passing request on via HTTP proxy
&amp#27;[38;5;32m[XCUITestDriver@e07a (28adf0bf)]&amp#27;[0m Executing command 'proxyReqRes'
&amp#27;[38;5;32m[XCUITestDriver@e07a (28adf0bf)]&amp#27;[0m Matched '/session/28adf0bf-7ee8-437a-b2e7-798510efe6fe/element/82010000-0000-0000-0103-000000000000/displayed' to command name 'elementDisplayed'
&amp#27;[38;5;32m[XCUITestDriver@e07a (28adf0bf)]&amp#27;[0m Proxying [GET /session/28adf0bf-7ee8-437a-b2e7-798510efe6fe/element/82010000-0000-0000-0103-000000000000/displayed] to [GET http://127.0.0.1:8100/session/E78FC83E-19E7-4136-B719-97A048452808/element/82010000-0000-0000-0103-000000000000/displayed] with no body
&amp#27;[38;5;32m[XCUITestDriver@e07a (28adf0bf)]&amp#27;[0m Got response with status 200: {"value":true,"sessionId":"E78FC83E-19E7-4136-B719-97A048452808"}
&amp#27;[38;5;32m[XCUITestDriver@e07a (28adf0bf)]&amp#27;[0m Replacing sessionId E78FC83E-19E7-4136-B719-97A048452808 with 28adf0bf-7ee8-437a-b2e7-798510efe6fe
&amp#27;[38;5;0m[HTTP]&amp#27;[0m &amp#27;[37m<-- GET /session/28adf0bf-7ee8-437a-b2e7-798510efe6fe/element/82010000-0000-0000-0103-000000000000/displayed &amp#27;[39m&amp#27;[32m200&amp#27;[39m &amp#27;[90m200 ms - 65&amp#27;[39m
&amp#27;[38;5;0m[HTTP]&amp#27;[0m &amp#27;[90m&amp#27;[39m
&amp#27;[38;5;0m[HTTP]&amp#27;[0m &amp#27;[37m-->&amp#27;[39m &amp#27;[37mGET&amp#27;[39m &amp#27;[37m/session/28adf0bf-7ee8-437a-b2e7-798510efe6fe/context&amp#27;[39m
&amp#27;[38;5;0m[HTTP]&amp#27;[0m &amp#27;[90m{}&amp#27;[39m
&amp#27;[38;5;32m[XCUITestDriver@e07a (28adf0bf)]&amp#27;[0m Calling AppiumDriver.getCurrentContext() with args: ["28adf0bf-7ee8-437a-b2e7-798510efe6fe"]
&amp#27;[38;5;32m[XCUITestDriver@e07a (28adf0bf)]&amp#27;[0m Executing command 'getCurrentContext'
&amp#27;[38;5;32m[XCUITestDriver@e07a (28adf0bf)]&amp#27;[0m Responding to client with driver.getCurrentContext() result: "NATIVE_APP"
&amp#27;[38;5;0m[HTTP]&amp#27;[0m &amp#27;[37m<-- GET /session/28adf0bf-7ee8-437a-b2e7-798510efe6fe/context &amp#27;[39m&amp#27;[32m200&amp#27;[39m &amp#27;[90m1 ms - 22&amp#27;[39m
&amp#27;[38;5;0m[HTTP]&amp#27;[0m &amp#27;[90m&amp#27;[39m
&amp#27;[38;5;0m[HTTP]&amp#27;[0m &amp#27;[37m-->&amp#27;[39m &amp#27;[37mPOST&amp#27;[39m &amp#27;[37m/session/28adf0bf-7ee8-437a-b2e7-798510efe6fe/element&amp#27;[39m
&amp#27;[38;5;0m[HTTP]&amp#27;[0m &amp#27;[90m{"using":"xpath","value":"//XCUIElementTypeApplication[@name=\"Therabody\"]/XCUIElementTypeWindow[1]/XCUIElementTypeOther/XCUIElementTypeOther/XCUIElementTypeOther/XCUIElementTypeOther/XCUIElementTypeOther/XCUIElementTypeOther/XCUIElementTypeOther/XCUIElementTypeOther/XCUIElementTypeOther/XCUIElementTypeOther/XCUIElementTypeOther/XCUIElementTypeOther/XCUIElementTypeButton"}&amp#27;[39m
&amp#27;[38;5;32m[XCUITestDriver@e07a (28adf0bf)]&amp#27;[0m Calling AppiumDriver.findElement() with args: ["xpath","//XCUIElementTypeApplication[@name=\"Therabody\"]/XCUIElementTypeWindow[1]/XCUIElementTypeOther/XCUIElementTypeOther/XCUIElementTypeOther/XCUIElementTypeOther/XCUIElementTypeOther/XCUIElementTypeOther/XCUIElementTypeOther/XCUIElementTypeOther/XCUIElementTypeOther/XCUIElementTypeOther/XCUIElementTypeOther/XCUIElementTypeOther/XCUIElementTypeButton","28adf0bf-7ee8-437a-b2e7-798510efe6fe"]
&amp#27;[38;5;32m[XCUITestDriver@e07a (28adf0bf)]&amp#27;[0m Executing command 'findElement'
&amp#27;[38;5;32m[XCUITestDriver@e07a (28adf0bf)]&amp#27;[0m Valid locator strategies for this request: xpath, id, name, class name, -ios predicate string, -ios class chain, accessibility id, css selector
&amp#27;[38;5;32m[XCUITestDriver@e07a (28adf0bf)]&amp#27;[0m Waiting up to 0 ms for condition
&amp#27;[38;5;32m[XCUITestDriver@e07a (28adf0bf)]&amp#27;[0m Matched '/element' to command name 'findElement'
&amp#27;[38;5;32m[XCUITestDriver@e07a (28adf0bf)]&amp#27;[0m Proxying [POST /element] to [POST http://127.0.0.1:8100/session/E78FC83E-19E7-4136-B719-97A048452808/element] with body: {"using":"xpath","value":"//XCUIElementTypeApplication[@name=\"Therabody\"]/XCUIElementTypeWindow[1]/XCUIElementTypeOther/XCUIElementTypeOther/XCUIElementTypeOther/XCUIElementTypeOther/XCUIElementTypeOther/XCUIElementTypeOther/XCUIElementTypeOther/XCUIElementTypeOther/XCUIElementTypeOther/XCUIElementTypeOther/XCUIElementTypeOther/XCUIElementTypeOther/XCUIElementTypeButton"}
&amp#27;[38;5;32m[XCUITestDriver@e07a (28adf0bf)]&amp#27;[0m Got response with status 200: {"value":{"ELEMENT":"82010000-0000-0000-0103-000000000000","element-6066-11e4-a52e-4f735466cecf":"82010000-0000-0000-0103-000000000000"},"sessionId":"E78FC83E-19E7-4136-B719-97A048452808"}
&amp#27;[38;5;32m[XCUITestDriver@e07a (28adf0bf)]&amp#27;[0m Responding to client with driver.findElement() result: {"element-6066-11e4-a52e-4f735466cecf":"82010000-0000-0000-0103-000000000000","ELEMENT":"82010000-0000-0000-0103-000000000000"}
&amp#27;[38;5;0m[HTTP]&amp#27;[0m &amp#27;[37m<-- POST /session/28adf0bf-7ee8-437a-b2e7-798510efe6fe/element &amp#27;[39m&amp#27;[32m200&amp#27;[39m &amp#27;[90m1519 ms - 137&amp#27;[39m
&amp#27;[38;5;0m[HTTP]&amp#27;[0m &amp#27;[90m&amp#27;[39m
&amp#27;[38;5;0m[HTTP]&amp#27;[0m &amp#27;[37m-->&amp#27;[39m &amp#27;[37mGET&amp#27;[39m &amp#27;[37m/session/28adf0bf-7ee8-437a-b2e7-798510efe6fe/element/82010000-0000-0000-0103-000000000000/enabled&amp#27;[39m
&amp#27;[38;5;0m[HTTP]&amp#27;[0m &amp#27;[90m{}&amp#27;[39m
&amp#27;[38;5;32m[XCUITestDriver@e07a (28adf0bf)]&amp#27;[0m Driver proxy active, passing request on via HTTP proxy
&amp#27;[38;5;32m[XCUITestDriver@e07a (28adf0bf)]&amp#27;[0m Executing command 'proxyReqRes'
&amp#27;[38;5;32m[XCUITestDriver@e07a (28adf0bf)]&amp#27;[0m Matched '/session/28adf0bf-7ee8-437a-b2e7-798510efe6fe/element/82010000-0000-0000-0103-000000000000/enabled' to command name 'elementEnabled'
&amp#27;[38;5;32m[XCUITestDriver@e07a (28adf0bf)]&amp#27;[0m Proxying [GET /session/28adf0bf-7ee8-437a-b2e7-798510efe6fe/element/82010000-0000-0000-0103-000000000000/enabled] to [GET http://127.0.0.1:8100/session/E78FC83E-19E7-4136-B719-97A048452808/element/82010000-0000-0000-0103-000000000000/enabled] with no body
&amp#27;[38;5;32m[XCUITestDriver@e07a (28adf0bf)]&amp#27;[0m Got response with status 200: {"value":true,"sessionId":"E78FC83E-19E7-4136-B719-97A048452808"}
&amp#27;[38;5;32m[XCUITestDriver@e07a (28adf0bf)]&amp#27;[0m Replacing sessionId E78FC83E-19E7-4136-B719-97A048452808 with 28adf0bf-7ee8-437a-b2e7-798510efe6fe
&amp#27;[38;5;0m[HTTP]&amp#27;[0m &amp#27;[37m<-- GET /session/28adf0bf-7ee8-437a-b2e7-798510efe6fe/element/82010000-0000-0000-0103-000000000000/enabled &amp#27;[39m&amp#27;[32m200&amp#27;[39m &amp#27;[90m136 ms - 65&amp#27;[39m
&amp#27;[38;5;0m[HTTP]&amp#27;[0m &amp#27;[90m&amp#27;[39m
&amp#27;[38;5;0m[HTTP]&amp#27;[0m &amp#27;[37m-->&amp#27;[39m &amp#27;[37mGET&amp#27;[39m &amp#27;[37m/session/28adf0bf-7ee8-437a-b2e7-798510efe6fe/context&amp#27;[39m
&amp#27;[38;5;0m[HTTP]&amp#27;[0m &amp#27;[90m{}&amp#27;[39m
&amp#27;[38;5;32m[XCUITestDriver@e07a (28adf0bf)]&amp#27;[0m Calling AppiumDriver.getCurrentContext() with args: ["28adf0bf-7ee8-437a-b2e7-798510efe6fe"]
&amp#27;[38;5;32m[XCUITestDriver@e07a (28adf0bf)]&amp#27;[0m Executing command 'getCurrentContext'
&amp#27;[38;5;32m[XCUITestDriver@e07a (28adf0bf)]&amp#27;[0m Responding to client with driver.getCurrentContext() result: "NATIVE_APP"
&amp#27;[38;5;0m[HTTP]&amp#27;[0m &amp#27;[37m<-- GET /session/28adf0bf-7ee8-437a-b2e7-798510efe6fe/context &amp#27;[39m&amp#27;[32m200&amp#27;[39m &amp#27;[90m1 ms - 22&amp#27;[39m
&amp#27;[38;5;0m[HTTP]&amp#27;[0m &amp#27;[90m&amp#27;[39m
&amp#27;[38;5;0m[HTTP]&amp#27;[0m &amp#27;[37m-->&amp#27;[39m &amp#27;[37mPOST&amp#27;[39m &amp#27;[37m/session/28adf0bf-7ee8-437a-b2e7-798510efe6fe/element&amp#27;[39m
&amp#27;[38;5;0m[HTTP]&amp#27;[0m &amp#27;[90m{"using":"xpath","value":"//XCUIElementTypeApplication[@name=\"Therabody\"]/XCUIElementTypeWindow[1]/XCUIElementTypeOther/XCUIElementTypeOther/XCUIElementTypeOther/XCUIElementTypeOther/XCUIElementTypeOther/XCUIElementTypeOther/XCUIElementTypeOther/XCUIElementTypeOther/XCUIElementTypeOther/XCUIElementTypeOther/XCUIElementTypeOther/XCUIElementTypeOther/XCUIElementTypeButton"}&amp#27;[39m
&amp#27;[38;5;32m[XCUITestDriver@e07a (28adf0bf)]&amp#27;[0m Calling AppiumDriver.findElement() with args: ["xpath","//XCUIElementTypeApplication[@name=\"Therabody\"]/XCUIElementTypeWindow[1]/XCUIElementTypeOther/XCUIElementTypeOther/XCUIElementTypeOther/XCUIElementTypeOther/XCUIElementTypeOther/XCUIElementTypeOther/XCUIElementTypeOther/XCUIElementTypeOther/XCUIElementTypeOther/XCUIElementTypeOther/XCUIElementTypeOther/XCUIElementTypeOther/XCUIElementTypeButton","28adf0bf-7ee8-437a-b2e7-798510efe6fe"]
&amp#27;[38;5;32m[XCUITestDriver@e07a (28adf0bf)]&amp#27;[0m Executing command 'findElement'
&amp#27;[38;5;32m[XCUITestDriver@e07a (28adf0bf)]&amp#27;[0m Valid locator strategies for this request: xpath, id, name, class name, -ios predicate string, -ios class chain, accessibility id, css selector
&amp#27;[38;5;32m[XCUITestDriver@e07a (28adf0bf)]&amp#27;[0m Waiting up to 0 ms for condition
&amp#27;[38;5;32m[XCUITestDriver@e07a (28adf0bf)]&amp#27;[0m Matched '/element' to command name 'findElement'
&amp#27;[38;5;32m[XCUITestDriver@e07a (28adf0bf)]&amp#27;[0m Proxying [POST /element] to [POST http://127.0.0.1:8100/session/E78FC83E-19E7-4136-B719-97A048452808/element] with body: {"using":"xpath","value":"//XCUIElementTypeApplication[@name=\"Therabody\"]/XCUIElementTypeWindow[1]/XCUIElementTypeOther/XCUIElementTypeOther/XCUIElementTypeOther/XCUIElementTypeOther/XCUIElementTypeOther/XCUIElementTypeOther/XCUIElementTypeOther/XCUIElementTypeOther/XCUIElementTypeOther/XCUIElementTypeOther/XCUIElementTypeOther/XCUIElementTypeOther/XCUIElementTypeButton"}
&amp#27;[38;5;32m[XCUITestDriver@e07a (28adf0bf)]&amp#27;[0m Got response with status 200: {"value":{"ELEMENT":"82010000-0000-0000-0103-000000000000","element-6066-11e4-a52e-4f735466cecf":"82010000-0000-0000-0103-000000000000"},"sessionId":"E78FC83E-19E7-4136-B719-97A048452808"}
&amp#27;[38;5;32m[XCUITestDriver@e07a (28adf0bf)]&amp#27;[0m Responding to client with driver.findElement() result: {"element-6066-11e4-a52e-4f735466cecf":"82010000-0000-0000-0103-000000000000","ELEMENT":"82010000-0000-0000-0103-000000000000"}
&amp#27;[38;5;0m[HTTP]&amp#27;[0m &amp#27;[37m<-- POST /session/28adf0bf-7ee8-437a-b2e7-798510efe6fe/element &amp#27;[39m&amp#27;[32m200&amp#27;[39m &amp#27;[90m1598 ms - 137&amp#27;[39m
&amp#27;[38;5;0m[HTTP]&amp#27;[0m &amp#27;[90m&amp#27;[39m
&amp#27;[38;5;0m[HTTP]&amp#27;[0m &amp#27;[37m-->&amp#27;[39m &amp#27;[37mPOST&amp#27;[39m &amp#27;[37m/session/28adf0bf-7ee8-437a-b2e7-798510efe6fe/element/82010000-0000-0000-0103-000000000000/click&amp#27;[39m
&amp#27;[38;5;0m[HTTP]&amp#27;[0m &amp#27;[90m{"id":"82010000-0000-0000-0103-000000000000"}&amp#27;[39m
&amp#27;[38;5;32m[XCUITestDriver@e07a (28adf0bf)]&amp#27;[0m Driver proxy active, passing request on via HTTP proxy
&amp#27;[38;5;32m[XCUITestDriver@e07a (28adf0bf)]&amp#27;[0m Executing command 'proxyReqRes'
&amp#27;[38;5;32m[XCUITestDriver@e07a (28adf0bf)]&amp#27;[0m Matched '/session/28adf0bf-7ee8-437a-b2e7-798510efe6fe/element/82010000-0000-0000-0103-000000000000/click' to command name 'click'
&amp#27;[38;5;32m[XCUITestDriver@e07a (28adf0bf)]&amp#27;[0m Proxying [POST /session/28adf0bf-7ee8-437a-b2e7-798510efe6fe/element/82010000-0000-0000-0103-000000000000/click] to [POST http://127.0.0.1:8100/session/E78FC83E-19E7-4136-B719-97A048452808/element/82010000-0000-0000-0103-000000000000/click] with body: {"id":"82010000-0000-0000-0103-000000000000"}
&amp#27;[38;5;32m[XCUITestDriver@e07a (28adf0bf)]&amp#27;[0m Got response with status 200: {"value":null,"sessionId":"E78FC83E-19E7-4136-B719-97A048452808"}
&amp#27;[38;5;32m[XCUITestDriver@e07a (28adf0bf)]&amp#27;[0m Replacing sessionId E78FC83E-19E7-4136-B719-97A048452808 with 28adf0bf-7ee8-437a-b2e7-798510efe6fe
&amp#27;[38;5;0m[HTTP]&amp#27;[0m &amp#27;[37m<-- POST /session/28adf0bf-7ee8-437a-b2e7-798510efe6fe/element/82010000-0000-0000-0103-000000000000/click &amp#27;[39m&amp#27;[32m200&amp#27;[39m &amp#27;[90m745 ms - 65&amp#27;[39m
&amp#27;[38;5;0m[HTTP]&amp#27;[0m &amp#27;[90m&amp#27;[39m
&amp#27;[38;5;0m[HTTP]&amp#27;[0m &amp#27;[37m-->&amp#27;[39m &amp#27;[37mGET&amp#27;[39m &amp#27;[37m/session/28adf0bf-7ee8-437a-b2e7-798510efe6fe/context&amp#27;[39m
&amp#27;[38;5;0m[HTTP]&amp#27;[0m &amp#27;[90m{}&amp#27;[39m
&amp#27;[38;5;32m[XCUITestDriver@e07a (28adf0bf)]&amp#27;[0m Calling AppiumDriver.getCurrentContext() with args: ["28adf0bf-7ee8-437a-b2e7-798510efe6fe"]
&amp#27;[38;5;32m[XCUITestDriver@e07a (28adf0bf)]&amp#27;[0m Executing command 'getCurrentContext'
&amp#27;[38;5;32m[XCUITestDriver@e07a (28adf0bf)]&amp#27;[0m Responding to client with driver.getCurrentContext() result: "NATIVE_APP"
&amp#27;[38;5;0m[HTTP]&amp#27;[0m &amp#27;[37m<-- GET /session/28adf0bf-7ee8-437a-b2e7-798510efe6fe/context &amp#27;[39m&amp#27;[32m200&amp#27;[39m &amp#27;[90m1 ms - 22&amp#27;[39m
&amp#27;[38;5;0m[HTTP]&amp#27;[0m &amp#27;[90m&amp#27;[39m
&amp#27;[38;5;0m[HTTP]&amp#27;[0m &amp#27;[37m-->&amp#27;[39m &amp#27;[37mPOST&amp#27;[39m &amp#27;[37m/session/28adf0bf-7ee8-437a-b2e7-798510efe6fe/element&amp#27;[39m
&amp#27;[38;5;0m[HTTP]&amp#27;[0m &amp#27;[90m{"using":"xpath","value":"(//XCUIElementTypeStaticText[@name=\"Theragun mini\"])[2]"}&amp#27;[39m
&amp#27;[38;5;32m[XCUITestDriver@e07a (28adf0bf)]&amp#27;[0m Calling AppiumDriver.findElement() with args: ["xpath","(//XCUIElementTypeStaticText[@name=\"Theragun mini\"])[2]","28adf0bf-7ee8-437a-b2e7-798510efe6fe"]
&amp#27;[38;5;32m[XCUITestDriver@e07a (28adf0bf)]&amp#27;[0m Executing command 'findElement'
&amp#27;[38;5;32m[XCUITestDriver@e07a (28adf0bf)]&amp#27;[0m Valid locator strategies for this request: xpath, id, name, class name, -ios predicate string, -ios class chain, accessibility id, css selector
&amp#27;[38;5;32m[XCUITestDriver@e07a (28adf0bf)]&amp#27;[0m Waiting up to 0 ms for condition
&amp#27;[38;5;32m[XCUITestDriver@e07a (28adf0bf)]&amp#27;[0m Matched '/element' to command name 'findElement'
&amp#27;[38;5;32m[XCUITestDriver@e07a (28adf0bf)]&amp#27;[0m Proxying [POST /element] to [POST http://127.0.0.1:8100/session/E78FC83E-19E7-4136-B719-97A048452808/element] with body: {"using":"xpath","value":"(//XCUIElementTypeStaticText[@name=\"Theragun mini\"])[2]"}
&amp#27;[38;5;32m[XCUITestDriver@e07a (28adf0bf)]&amp#27;[0m Got response with status 200: {"value":{"ELEMENT":"71020000-0000-0000-0103-000000000000","element-6066-11e4-a52e-4f735466cecf":"71020000-0000-0000-0103-000000000000"},"sessionId":"E78FC83E-19E7-4136-B719-97A048452808"}
&amp#27;[38;5;32m[XCUITestDriver@e07a (28adf0bf)]&amp#27;[0m Responding to client with driver.findElement() result: {"element-6066-11e4-a52e-4f735466cecf":"71020000-0000-0000-0103-000000000000","ELEMENT":"71020000-0000-0000-0103-000000000000"}
&amp#27;[38;5;0m[HTTP]&amp#27;[0m &amp#27;[37m<-- POST /session/28adf0bf-7ee8-437a-b2e7-798510efe6fe/element &amp#27;[39m&amp#27;[32m200&amp#27;[39m &amp#27;[90m1376 ms - 137&amp#27;[39m
&amp#27;[38;5;0m[HTTP]&amp#27;[0m &amp#27;[90m&amp#27;[39m
&amp#27;[38;5;0m[HTTP]&amp#27;[0m &amp#27;[37m-->&amp#27;[39m &amp#27;[37mGET&amp#27;[39m &amp#27;[37m/session/28adf0bf-7ee8-437a-b2e7-798510efe6fe/element/71020000-0000-0000-0103-000000000000/displayed&amp#27;[39m
&amp#27;[38;5;0m[HTTP]&amp#27;[0m &amp#27;[90m{}&amp#27;[39m
&amp#27;[38;5;32m[XCUITestDriver@e07a (28adf0bf)]&amp#27;[0m Driver proxy active, passing request on via HTTP proxy
&amp#27;[38;5;32m[XCUITestDriver@e07a (28adf0bf)]&amp#27;[0m Executing command 'proxyReqRes'
&amp#27;[38;5;32m[XCUITestDriver@e07a (28adf0bf)]&amp#27;[0m Matched '/session/28adf0bf-7ee8-437a-b2e7-798510efe6fe/element/71020000-0000-0000-0103-000000000000/displayed' to command name 'elementDisplayed'
&amp#27;[38;5;32m[XCUITestDriver@e07a (28adf0bf)]&amp#27;[0m Proxying [GET /session/28adf0bf-7ee8-437a-b2e7-798510efe6fe/element/71020000-0000-0000-0103-000000000000/displayed] to [GET http://127.0.0.1:8100/session/E78FC83E-19E7-4136-B719-97A048452808/element/71020000-0000-0000-0103-000000000000/displayed] with no body
&amp#27;[38;5;32m[XCUITestDriver@e07a (28adf0bf)]&amp#27;[0m Got response with status 200: {"value":true,"sessionId":"E78FC83E-19E7-4136-B719-97A048452808"}
&amp#27;[38;5;32m[XCUITestDriver@e07a (28adf0bf)]&amp#27;[0m Replacing sessionId E78FC83E-19E7-4136-B719-97A048452808 with 28adf0bf-7ee8-437a-b2e7-798510efe6fe
&amp#27;[38;5;0m[HTTP]&amp#27;[0m &amp#27;[37m<-- GET /session/28adf0bf-7ee8-437a-b2e7-798510efe6fe/element/71020000-0000-0000-0103-000000000000/displayed &amp#27;[39m&amp#27;[32m200&amp#27;[39m &amp#27;[90m118 ms - 65&amp#27;[39m
&amp#27;[38;5;0m[HTTP]&amp#27;[0m &amp#27;[90m&amp#27;[39m
&amp#27;[38;5;0m[HTTP]&amp#27;[0m &amp#27;[37m-->&amp#27;[39m &amp#27;[37mGET&amp#27;[39m &amp#27;[37m/session/28adf0bf-7ee8-437a-b2e7-798510efe6fe/context&amp#27;[39m
&amp#27;[38;5;0m[HTTP]&amp#27;[0m &amp#27;[90m{}&amp#27;[39m
&amp#27;[38;5;32m[XCUITestDriver@e07a (28adf0bf)]&amp#27;[0m Calling AppiumDriver.getCurrentContext() with args: ["28adf0bf-7ee8-437a-b2e7-798510efe6fe"]
&amp#27;[38;5;32m[XCUITestDriver@e07a (28adf0bf)]&amp#27;[0m Executing command 'getCurrentContext'
&amp#27;[38;5;32m[XCUITestDriver@e07a (28adf0bf)]&amp#27;[0m Responding to client with driver.getCurrentContext() result: "NATIVE_APP"
&amp#27;[38;5;0m[HTTP]&amp#27;[0m &amp#27;[37m<-- GET /session/28adf0bf-7ee8-437a-b2e7-798510efe6fe/context &amp#27;[39m&amp#27;[32m200&amp#27;[39m &amp#27;[90m1 ms - 22&amp#27;[39m
&amp#27;[38;5;0m[HTTP]&amp#27;[0m &amp#27;[90m&amp#27;[39m
&amp#27;[38;5;0m[HTTP]&amp#27;[0m &amp#27;[37m-->&amp#27;[39m &amp#27;[37mPOST&amp#27;[39m &amp#27;[37m/session/28adf0bf-7ee8-437a-b2e7-798510efe6fe/element&amp#27;[39m
&amp#27;[38;5;0m[HTTP]&amp#27;[0m &amp#27;[90m{"using":"xpath","value":"(//XCUIElementTypeStaticText[@name=\"Theragun mini\"])[2]"}&amp#27;[39m
&amp#27;[38;5;32m[XCUITestDriver@e07a (28adf0bf)]&amp#27;[0m Calling AppiumDriver.findElement() with args: ["xpath","(//XCUIElementTypeStaticText[@name=\"Theragun mini\"])[2]","28adf0bf-7ee8-437a-b2e7-798510efe6fe"]
&amp#27;[38;5;32m[XCUITestDriver@e07a (28adf0bf)]&amp#27;[0m Executing command 'findElement'
&amp#27;[38;5;32m[XCUITestDriver@e07a (28adf0bf)]&amp#27;[0m Valid locator strategies for this request: xpath, id, name, class name, -ios predicate string, -ios class chain, accessibility id, css selector
&amp#27;[38;5;32m[XCUITestDriver@e07a (28adf0bf)]&amp#27;[0m Waiting up to 0 ms for condition
&amp#27;[38;5;32m[XCUITestDriver@e07a (28adf0bf)]&amp#27;[0m Matched '/element' to command name 'findElement'
&amp#27;[38;5;32m[XCUITestDriver@e07a (28adf0bf)]&amp#27;[0m Proxying [POST /element] to [POST http://127.0.0.1:8100/session/E78FC83E-19E7-4136-B719-97A048452808/element] with body: {"using":"xpath","value":"(//XCUIElementTypeStaticText[@name=\"Theragun mini\"])[2]"}
&amp#27;[38;5;32m[XCUITestDriver@e07a (28adf0bf)]&amp#27;[0m Got response with status 200: {"value":{"ELEMENT":"71020000-0000-0000-0103-000000000000","element-6066-11e4-a52e-4f735466cecf":"71020000-0000-0000-0103-000000000000"},"sessionId":"E78FC83E-19E7-4136-B719-97A048452808"}
&amp#27;[38;5;32m[XCUITestDriver@e07a (28adf0bf)]&amp#27;[0m Responding to client with driver.findElement() result: {"element-6066-11e4-a52e-4f735466cecf":"71020000-0000-0000-0103-000000000000","ELEMENT":"71020000-0000-0000-0103-000000000000"}
&amp#27;[38;5;0m[HTTP]&amp#27;[0m &amp#27;[37m<-- POST /session/28adf0bf-7ee8-437a-b2e7-798510efe6fe/element &amp#27;[39m&amp#27;[32m200&amp#27;[39m &amp#27;[90m1411 ms - 137&amp#27;[39m
&amp#27;[38;5;0m[HTTP]&amp#27;[0m &amp#27;[90m&amp#27;[39m
&amp#27;[38;5;0m[HTTP]&amp#27;[0m &amp#27;[37m-->&amp#27;[39m &amp#27;[37mGET&amp#27;[39m &amp#27;[37m/session/28adf0bf-7ee8-437a-b2e7-798510efe6fe/element/71020000-0000-0000-0103-000000000000/enabled&amp#27;[39m
&amp#27;[38;5;0m[HTTP]&amp#27;[0m &amp#27;[90m{}&amp#27;[39m
&amp#27;[38;5;32m[XCUITestDriver@e07a (28adf0bf)]&amp#27;[0m Driver proxy active, passing request on via HTTP proxy
&amp#27;[38;5;32m[XCUITestDriver@e07a (28adf0bf)]&amp#27;[0m Executing command 'proxyReqRes'
&amp#27;[38;5;32m[XCUITestDriver@e07a (28adf0bf)]&amp#27;[0m Matched '/session/28adf0bf-7ee8-437a-b2e7-798510efe6fe/element/71020000-0000-0000-0103-000000000000/enabled' to command name 'elementEnabled'
&amp#27;[38;5;32m[XCUITestDriver@e07a (28adf0bf)]&amp#27;[0m Proxying [GET /session/28adf0bf-7ee8-437a-b2e7-798510efe6fe/element/71020000-0000-0000-0103-000000000000/enabled] to [GET http://127.0.0.1:8100/session/E78FC83E-19E7-4136-B719-97A048452808/element/71020000-0000-0000-0103-000000000000/enabled] with no body
&amp#27;[38;5;32m[XCUITestDriver@e07a (28adf0bf)]&amp#27;[0m Got response with status 200: {"value":true,"sessionId":"E78FC83E-19E7-4136-B719-97A048452808"}
&amp#27;[38;5;32m[XCUITestDriver@e07a (28adf0bf)]&amp#27;[0m Replacing sessionId E78FC83E-19E7-4136-B719-97A048452808 with 28adf0bf-7ee8-437a-b2e7-798510efe6fe
&amp#27;[38;5;0m[HTTP]&amp#27;[0m &amp#27;[37m<-- GET /session/28adf0bf-7ee8-437a-b2e7-798510efe6fe/element/71020000-0000-0000-0103-000000000000/enabled &amp#27;[39m&amp#27;[32m200&amp#27;[39m &amp#27;[90m117 ms - 65&amp#27;[39m
&amp#27;[38;5;0m[HTTP]&amp#27;[0m &amp#27;[90m&amp#27;[39m
&amp#27;[38;5;0m[HTTP]&amp#27;[0m &amp#27;[37m-->&amp#27;[39m &amp#27;[37mGET&amp#27;[39m &amp#27;[37m/session/28adf0bf-7ee8-437a-b2e7-798510efe6fe/context&amp#27;[39m
&amp#27;[38;5;0m[HTTP]&amp#27;[0m &amp#27;[90m{}&amp#27;[39m
&amp#27;[38;5;32m[XCUITestDriver@e07a (28adf0bf)]&amp#27;[0m Calling AppiumDriver.getCurrentContext() with args: ["28adf0bf-7ee8-437a-b2e7-798510efe6fe"]
&amp#27;[38;5;32m[XCUITestDriver@e07a (28adf0bf)]&amp#27;[0m Executing command 'getCurrentContext'
&amp#27;[38;5;32m[XCUITestDriver@e07a (28adf0bf)]&amp#27;[0m Responding to client with driver.getCurrentContext() result: "NATIVE_APP"
&amp#27;[38;5;0m[HTTP]&amp#27;[0m &amp#27;[37m<-- GET /session/28adf0bf-7ee8-437a-b2e7-798510efe6fe/context &amp#27;[39m&amp#27;[32m200&amp#27;[39m &amp#27;[90m1 ms - 22&amp#27;[39m
&amp#27;[38;5;0m[HTTP]&amp#27;[0m &amp#27;[90m&amp#27;[39m
&amp#27;[38;5;0m[HTTP]&amp#27;[0m &amp#27;[37m-->&amp#27;[39m &amp#27;[37mPOST&amp#27;[39m &amp#27;[37m/session/28adf0bf-7ee8-437a-b2e7-798510efe6fe/element&amp#27;[39m
&amp#27;[38;5;0m[HTTP]&amp#27;[0m &amp#27;[90m{"using":"xpath","value":"(//XCUIElementTypeStaticText[@name=\"Theragun mini\"])[2]"}&amp#27;[39m
&amp#27;[38;5;32m[XCUITestDriver@e07a (28adf0bf)]&amp#27;[0m Calling AppiumDriver.findElement() with args: ["xpath","(//XCUIElementTypeStaticText[@name=\"Theragun mini\"])[2]","28adf0bf-7ee8-437a-b2e7-798510efe6fe"]
&amp#27;[38;5;32m[XCUITestDriver@e07a (28adf0bf)]&amp#27;[0m Executing command 'findElement'
&amp#27;[38;5;32m[XCUITestDriver@e07a (28adf0bf)]&amp#27;[0m Valid locator strategies for this request: xpath, id, name, class name, -ios predicate string, -ios class chain, accessibility id, css selector
&amp#27;[38;5;32m[XCUITestDriver@e07a (28adf0bf)]&amp#27;[0m Waiting up to 0 ms for condition
&amp#27;[38;5;32m[XCUITestDriver@e07a (28adf0bf)]&amp#27;[0m Matched '/element' to command name 'findElement'
&amp#27;[38;5;32m[XCUITestDriver@e07a (28adf0bf)]&amp#27;[0m Proxying [POST /element] to [POST http://127.0.0.1:8100/session/E78FC83E-19E7-4136-B719-97A048452808/element] with body: {"using":"xpath","value":"(//XCUIElementTypeStaticText[@name=\"Theragun mini\"])[2]"}
&amp#27;[38;5;32m[XCUITestDriver@e07a (28adf0bf)]&amp#27;[0m Got response with status 200: {"value":{"ELEMENT":"71020000-0000-0000-0103-000000000000","element-6066-11e4-a52e-4f735466cecf":"71020000-0000-0000-0103-000000000000"},"sessionId":"E78FC83E-19E7-4136-B719-97A048452808"}
&amp#27;[38;5;32m[XCUITestDriver@e07a (28adf0bf)]&amp#27;[0m Responding to client with driver.findElement() result: {"element-6066-11e4-a52e-4f735466cecf":"71020000-0000-0000-0103-000000000000","ELEMENT":"71020000-0000-0000-0103-000000000000"}
&amp#27;[38;5;0m[HTTP]&amp#27;[0m &amp#27;[37m<-- POST /session/28adf0bf-7ee8-437a-b2e7-798510efe6fe/element &amp#27;[39m&amp#27;[32m200&amp#27;[39m &amp#27;[90m1654 ms - 137&amp#27;[39m
&amp#27;[38;5;0m[HTTP]&amp#27;[0m &amp#27;[90m&amp#27;[39m
&amp#27;[38;5;0m[HTTP]&amp#27;[0m &amp#27;[37m-->&amp#27;[39m &amp#27;[37mGET&amp#27;[39m &amp#27;[37m/session/28adf0bf-7ee8-437a-b2e7-798510efe6fe/element/71020000-0000-0000-0103-000000000000/text&amp#27;[39m
&amp#27;[38;5;0m[HTTP]&amp#27;[0m &amp#27;[90m{}&amp#27;[39m
&amp#27;[38;5;32m[XCUITestDriver@e07a (28adf0bf)]&amp#27;[0m Driver proxy active, passing request on via HTTP proxy
&amp#27;[38;5;32m[XCUITestDriver@e07a (28adf0bf)]&amp#27;[0m Executing command 'proxyReqRes'
&amp#27;[38;5;32m[XCUITestDriver@e07a (28adf0bf)]&amp#27;[0m Matched '/session/28adf0bf-7ee8-437a-b2e7-798510efe6fe/element/71020000-0000-0000-0103-000000000000/text' to command name 'getText'
&amp#27;[38;5;32m[XCUITestDriver@e07a (28adf0bf)]&amp#27;[0m Proxying [GET /session/28adf0bf-7ee8-437a-b2e7-798510efe6fe/element/71020000-0000-0000-0103-000000000000/text] to [GET http://127.0.0.1:8100/session/E78FC83E-19E7-4136-B719-97A048452808/element/71020000-0000-0000-0103-000000000000/text] with no body
&amp#27;[38;5;32m[XCUITestDriver@e07a (28adf0bf)]&amp#27;[0m Got response with status 200: {"value":"Theragun mini","sessionId":"E78FC83E-19E7-4136-B719-97A048452808"}
&amp#27;[38;5;32m[XCUITestDriver@e07a (28adf0bf)]&amp#27;[0m Replacing sessionId E78FC83E-19E7-4136-B719-97A048452808 with 28adf0bf-7ee8-437a-b2e7-798510efe6fe
&amp#27;[38;5;0m[HTTP]&amp#27;[0m &amp#27;[37m<-- GET /session/28adf0bf-7ee8-437a-b2e7-798510efe6fe/element/71020000-0000-0000-0103-000000000000/text &amp#27;[39m&amp#27;[32m200&amp#27;[39m &amp#27;[90m126 ms - 76&amp#27;[39m
&amp#27;[38;5;0m[HTTP]&amp#27;[0m &amp#27;[90m&amp#27;[39m
Fetched device name is: Theragun mini
&amp#27;[38;5;0m[HTTP]&amp#27;[0m &amp#27;[37m-->&amp#27;[39m &amp#27;[37mGET&amp#27;[39m &amp#27;[37m/session/28adf0bf-7ee8-437a-b2e7-798510efe6fe/context&amp#27;[39m
&amp#27;[38;5;0m[HTTP]&amp#27;[0m &amp#27;[90m{}&amp#27;[39m
&amp#27;[38;5;32m[XCUITestDriver@e07a (28adf0bf)]&amp#27;[0m Calling AppiumDriver.getCurrentContext() with args: ["28adf0bf-7ee8-437a-b2e7-798510efe6fe"]
&amp#27;[38;5;32m[XCUITestDriver@e07a (28adf0bf)]&amp#27;[0m Executing command 'getCurrentContext'
&amp#27;[38;5;32m[XCUITestDriver@e07a (28adf0bf)]&amp#27;[0m Responding to client with driver.getCurrentContext() result: "NATIVE_APP"
&amp#27;[38;5;0m[HTTP]&amp#27;[0m &amp#27;[37m<-- GET /session/28adf0bf-7ee8-437a-b2e7-798510efe6fe/context &amp#27;[39m&amp#27;[32m200&amp#27;[39m &amp#27;[90m1 ms - 22&amp#27;[39m
&amp#27;[38;5;0m[HTTP]&amp#27;[0m &amp#27;[90m&amp#27;[39m
&amp#27;[38;5;0m[HTTP]&amp#27;[0m &amp#27;[37m-->&amp#27;[39m &amp#27;[37mPOST&amp#27;[39m &amp#27;[37m/session/28adf0bf-7ee8-437a-b2e7-798510efe6fe/element&amp#27;[39m
&amp#27;[38;5;0m[HTTP]&amp#27;[0m &amp#27;[90m{"using":"xpath","value":"//XCUIElementTypeButton[@name=\"UIA.Therabody.DeviceManager.CloseButton\"]"}&amp#27;[39m
&amp#27;[38;5;32m[XCUITestDriver@e07a (28adf0bf)]&amp#27;[0m Calling AppiumDriver.findElement() with args: ["xpath","//XCUIElementTypeButton[@name=\"UIA.Therabody.DeviceManager.CloseButton\"]","28adf0bf-7ee8-437a-b2e7-798510efe6fe"]
&amp#27;[38;5;32m[XCUITestDriver@e07a (28adf0bf)]&amp#27;[0m Executing command 'findElement'
&amp#27;[38;5;32m[XCUITestDriver@e07a (28adf0bf)]&amp#27;[0m Valid locator strategies for this request: xpath, id, name, class name, -ios predicate string, -ios class chain, accessibility id, css selector
&amp#27;[38;5;32m[XCUITestDriver@e07a (28adf0bf)]&amp#27;[0m Waiting up to 0 ms for condition
&amp#27;[38;5;32m[XCUITestDriver@e07a (28adf0bf)]&amp#27;[0m Matched '/element' to command name 'findElement'
&amp#27;[38;5;32m[XCUITestDriver@e07a (28adf0bf)]&amp#27;[0m Proxying [POST /element] to [POST http://127.0.0.1:8100/session/E78FC83E-19E7-4136-B719-97A048452808/element] with body: {"using":"xpath","value":"//XCUIElementTypeButton[@name=\"UIA.Therabody.DeviceManager.CloseButton\"]"}
&amp#27;[38;5;32m[XCUITestDriver@e07a (28adf0bf)]&amp#27;[0m Got response with status 200: {"value":{"ELEMENT":"6A020000-0000-0000-0103-000000000000","element-6066-11e4-a52e-4f735466cecf":"6A020000-0000-0000-0103-000000000000"},"sessionId":"E78FC83E-19E7-4136-B719-97A048452808"}
&amp#27;[38;5;32m[XCUITestDriver@e07a (28adf0bf)]&amp#27;[0m Responding to client with driver.findElement() result: {"element-6066-11e4-a52e-4f735466cecf":"6A020000-0000-0000-0103-000000000000","ELEMENT":"6A020000-0000-0000-0103-000000000000"}
&amp#27;[38;5;0m[HTTP]&amp#27;[0m &amp#27;[37m<-- POST /session/28adf0bf-7ee8-437a-b2e7-798510efe6fe/element &amp#27;[39m&amp#27;[32m200&amp#27;[39m &amp#27;[90m1816 ms - 137&amp#27;[39m
&amp#27;[38;5;0m[HTTP]&amp#27;[0m &amp#27;[90m&amp#27;[39m
&amp#27;[38;5;0m[HTTP]&amp#27;[0m &amp#27;[37m-->&amp#27;[39m &amp#27;[37mGET&amp#27;[39m &amp#27;[37m/session/28adf0bf-7ee8-437a-b2e7-798510efe6fe/element/6A020000-0000-0000-0103-000000000000/displayed&amp#27;[39m
&amp#27;[38;5;0m[HTTP]&amp#27;[0m &amp#27;[90m{}&amp#27;[39m
&amp#27;[38;5;32m[XCUITestDriver@e07a (28adf0bf)]&amp#27;[0m Driver proxy active, passing request on via HTTP proxy
&amp#27;[38;5;32m[XCUITestDriver@e07a (28adf0bf)]&amp#27;[0m Executing command 'proxyReqRes'
&amp#27;[38;5;32m[XCUITestDriver@e07a (28adf0bf)]&amp#27;[0m Matched '/session/28adf0bf-7ee8-437a-b2e7-798510efe6fe/element/6A020000-0000-0000-0103-000000000000/displayed' to command name 'elementDisplayed'
&amp#27;[38;5;32m[XCUITestDriver@e07a (28adf0bf)]&amp#27;[0m Proxying [GET /session/28adf0bf-7ee8-437a-b2e7-798510efe6fe/element/6A020000-0000-0000-0103-000000000000/displayed] to [GET http://127.0.0.1:8100/session/E78FC83E-19E7-4136-B719-97A048452808/element/6A020000-0000-0000-0103-000000000000/displayed] with no body
&amp#27;[38;5;32m[XCUITestDriver@e07a (28adf0bf)]&amp#27;[0m Got response with status 200: {"value":true,"sessionId":"E78FC83E-19E7-4136-B719-97A048452808"}
&amp#27;[38;5;32m[XCUITestDriver@e07a (28adf0bf)]&amp#27;[0m Replacing sessionId E78FC83E-19E7-4136-B719-97A048452808 with 28adf0bf-7ee8-437a-b2e7-798510efe6fe
&amp#27;[38;5;0m[HTTP]&amp#27;[0m &amp#27;[37m<-- GET /session/28adf0bf-7ee8-437a-b2e7-798510efe6fe/element/6A020000-0000-0000-0103-000000000000/displayed &amp#27;[39m&amp#27;[32m200&amp#27;[39m &amp#27;[90m166 ms - 65&amp#27;[39m
&amp#27;[38;5;0m[HTTP]&amp#27;[0m &amp#27;[90m&amp#27;[39m
&amp#27;[38;5;0m[HTTP]&amp#27;[0m &amp#27;[37m-->&amp#27;[39m &amp#27;[37mGET&amp#27;[39m &amp#27;[37m/session/28adf0bf-7ee8-437a-b2e7-798510efe6fe/context&amp#27;[39m
&amp#27;[38;5;0m[HTTP]&amp#27;[0m &amp#27;[90m{}&amp#27;[39m
&amp#27;[38;5;32m[XCUITestDriver@e07a (28adf0bf)]&amp#27;[0m Calling AppiumDriver.getCurrentContext() with args: ["28adf0bf-7ee8-437a-b2e7-798510efe6fe"]
&amp#27;[38;5;32m[XCUITestDriver@e07a (28adf0bf)]&amp#27;[0m Executing command 'getCurrentContext'
&amp#27;[38;5;32m[XCUITestDriver@e07a (28adf0bf)]&amp#27;[0m Responding to client with driver.getCurrentContext() result: "NATIVE_APP"
&amp#27;[38;5;0m[HTTP]&amp#27;[0m &amp#27;[37m<-- GET /session/28adf0bf-7ee8-437a-b2e7-798510efe6fe/context &amp#27;[39m&amp#27;[32m200&amp#27;[39m &amp#27;[90m1 ms - 22&amp#27;[39m
&amp#27;[38;5;0m[HTTP]&amp#27;[0m &amp#27;[90m&amp#27;[39m
&amp#27;[38;5;0m[HTTP]&amp#27;[0m &amp#27;[37m-->&amp#27;[39m &amp#27;[37mPOST&amp#27;[39m &amp#27;[37m/session/28adf0bf-7ee8-437a-b2e7-798510efe6fe/element&amp#27;[39m
&amp#27;[38;5;0m[HTTP]&amp#27;[0m &amp#27;[90m{"using":"xpath","value":"//XCUIElementTypeButton[@name=\"UIA.Therabody.DeviceManager.CloseButton\"]"}&amp#27;[39m
&amp#27;[38;5;32m[XCUITestDriver@e07a (28adf0bf)]&amp#27;[0m Calling AppiumDriver.findElement() with args: ["xpath","//XCUIElementTypeButton[@name=\"UIA.Therabody.DeviceManager.CloseButton\"]","28adf0bf-7ee8-437a-b2e7-798510efe6fe"]
&amp#27;[38;5;32m[XCUITestDriver@e07a (28adf0bf)]&amp#27;[0m Executing command 'findElement'
&amp#27;[38;5;32m[XCUITestDriver@e07a (28adf0bf)]&amp#27;[0m Valid locator strategies for this request: xpath, id, name, class name, -ios predicate string, -ios class chain, accessibility id, css selector
&amp#27;[38;5;32m[XCUITestDriver@e07a (28adf0bf)]&amp#27;[0m Waiting up to 0 ms for condition
&amp#27;[38;5;32m[XCUITestDriver@e07a (28adf0bf)]&amp#27;[0m Matched '/element' to command name 'findElement'
&amp#27;[38;5;32m[XCUITestDriver@e07a (28adf0bf)]&amp#27;[0m Proxying [POST /element] to [POST http://127.0.0.1:8100/session/E78FC83E-19E7-4136-B719-97A048452808/element] with body: {"using":"xpath","value":"//XCUIElementTypeButton[@name=\"UIA.Therabody.DeviceManager.CloseButton\"]"}
&amp#27;[38;5;32m[XCUITestDriver@e07a (28adf0bf)]&amp#27;[0m Got response with status 200: {"value":{"ELEMENT":"6A020000-0000-0000-0103-000000000000","element-6066-11e4-a52e-4f735466cecf":"6A020000-0000-0000-0103-000000000000"},"sessionId":"E78FC83E-19E7-4136-B719-97A048452808"}
&amp#27;[38;5;32m[XCUITestDriver@e07a (28adf0bf)]&amp#27;[0m Responding to client with driver.findElement() result: {"element-6066-11e4-a52e-4f735466cecf":"6A020000-0000-0000-0103-000000000000","ELEMENT":"6A020000-0000-0000-0103-000000000000"}
&amp#27;[38;5;0m[HTTP]&amp#27;[0m &amp#27;[37m<-- POST /session/28adf0bf-7ee8-437a-b2e7-798510efe6fe/element &amp#27;[39m&amp#27;[32m200&amp#27;[39m &amp#27;[90m1744 ms - 137&amp#27;[39m
&amp#27;[38;5;0m[HTTP]&amp#27;[0m &amp#27;[90m&amp#27;[39m
&amp#27;[38;5;0m[HTTP]&amp#27;[0m &amp#27;[37m-->&amp#27;[39m &amp#27;[37mGET&amp#27;[39m &amp#27;[37m/session/28adf0bf-7ee8-437a-b2e7-798510efe6fe/element/6A020000-0000-0000-0103-000000000000/enabled&amp#27;[39m
&amp#27;[38;5;0m[HTTP]&amp#27;[0m &amp#27;[90m{}&amp#27;[39m
&amp#27;[38;5;32m[XCUITestDriver@e07a (28adf0bf)]&amp#27;[0m Driver proxy active, passing request on via HTTP proxy
&amp#27;[38;5;32m[XCUITestDriver@e07a (28adf0bf)]&amp#27;[0m Executing command 'proxyReqRes'
&amp#27;[38;5;32m[XCUITestDriver@e07a (28adf0bf)]&amp#27;[0m Matched '/session/28adf0bf-7ee8-437a-b2e7-798510efe6fe/element/6A020000-0000-0000-0103-000000000000/enabled' to command name 'elementEnabled'
&amp#27;[38;5;32m[XCUITestDriver@e07a (28adf0bf)]&amp#27;[0m Proxying [GET /session/28adf0bf-7ee8-437a-b2e7-798510efe6fe/element/6A020000-0000-0000-0103-000000000000/enabled] to [GET http://127.0.0.1:8100/session/E78FC83E-19E7-4136-B719-97A048452808/element/6A020000-0000-0000-0103-000000000000/enabled] with no body
&amp#27;[38;5;32m[XCUITestDriver@e07a (28adf0bf)]&amp#27;[0m Got response with status 200: {"value":true,"sessionId":"E78FC83E-19E7-4136-B719-97A048452808"}
&amp#27;[38;5;32m[XCUITestDriver@e07a (28adf0bf)]&amp#27;[0m Replacing sessionId E78FC83E-19E7-4136-B719-97A048452808 with 28adf0bf-7ee8-437a-b2e7-798510efe6fe
&amp#27;[38;5;0m[HTTP]&amp#27;[0m &amp#27;[37m<-- GET /session/28adf0bf-7ee8-437a-b2e7-798510efe6fe/element/6A020000-0000-0000-0103-000000000000/enabled &amp#27;[39m&amp#27;[32m200&amp#27;[39m &amp#27;[90m155 ms - 65&amp#27;[39m
&amp#27;[38;5;0m[HTTP]&amp#27;[0m &amp#27;[90m&amp#27;[39m
&amp#27;[38;5;0m[HTTP]&amp#27;[0m &amp#27;[37m-->&amp#27;[39m &amp#27;[37mGET&amp#27;[39m &amp#27;[37m/session/28adf0bf-7ee8-437a-b2e7-798510efe6fe/context&amp#27;[39m
&amp#27;[38;5;0m[HTTP]&amp#27;[0m &amp#27;[90m{}&amp#27;[39m
&amp#27;[38;5;32m[XCUITestDriver@e07a (28adf0bf)]&amp#27;[0m Calling AppiumDriver.getCurrentContext() with args: ["28adf0bf-7ee8-437a-b2e7-798510efe6fe"]
&amp#27;[38;5;32m[XCUITestDriver@e07a (28adf0bf)]&amp#27;[0m Executing command 'getCurrentContext'
&amp#27;[38;5;32m[XCUITestDriver@e07a (28adf0bf)]&amp#27;[0m Responding to client with driver.getCurrentContext() result: "NATIVE_APP"
&amp#27;[38;5;0m[HTTP]&amp#27;[0m &amp#27;[37m<-- GET /session/28adf0bf-7ee8-437a-b2e7-798510efe6fe/context &amp#27;[39m&amp#27;[32m200&amp#27;[39m &amp#27;[90m1 ms - 22&amp#27;[39m
&amp#27;[38;5;0m[HTTP]&amp#27;[0m &amp#27;[90m&amp#27;[39m
&amp#27;[38;5;0m[HTTP]&amp#27;[0m &amp#27;[37m-->&amp#27;[39m &amp#27;[37mPOST&amp#27;[39m &amp#27;[37m/session/28adf0bf-7ee8-437a-b2e7-798510efe6fe/element&amp#27;[39m
&amp#27;[38;5;0m[HTTP]&amp#27;[0m &amp#27;[90m{"using":"xpath","value":"//XCUIElementTypeButton[@name=\"UIA.Therabody.DeviceManager.CloseButton\"]"}&amp#27;[39m
&amp#27;[38;5;32m[XCUITestDriver@e07a (28adf0bf)]&amp#27;[0m Calling AppiumDriver.findElement() with args: ["xpath","//XCUIElementTypeButton[@name=\"UIA.Therabody.DeviceManager.CloseButton\"]","28adf0bf-7ee8-437a-b2e7-798510efe6fe"]
&amp#27;[38;5;32m[XCUITestDriver@e07a (28adf0bf)]&amp#27;[0m Executing command 'findElement'
&amp#27;[38;5;32m[XCUITestDriver@e07a (28adf0bf)]&amp#27;[0m Valid locator strategies for this request: xpath, id, name, class name, -ios predicate string, -ios class chain, accessibility id, css selector
&amp#27;[38;5;32m[XCUITestDriver@e07a (28adf0bf)]&amp#27;[0m Waiting up to 0 ms for condition
&amp#27;[38;5;32m[XCUITestDriver@e07a (28adf0bf)]&amp#27;[0m Matched '/element' to command name 'findElement'
&amp#27;[38;5;32m[XCUITestDriver@e07a (28adf0bf)]&amp#27;[0m Proxying [POST /element] to [POST http://127.0.0.1:8100/session/E78FC83E-19E7-4136-B719-97A048452808/element] with body: {"using":"xpath","value":"//XCUIElementTypeButton[@name=\"UIA.Therabody.DeviceManager.CloseButton\"]"}
&amp#27;[38;5;32m[XCUITestDriver@e07a (28adf0bf)]&amp#27;[0m Got response with status 200: {"value":{"ELEMENT":"6A020000-0000-0000-0103-000000000000","element-6066-11e4-a52e-4f735466cecf":"6A020000-0000-0000-0103-000000000000"},"sessionId":"E78FC83E-19E7-4136-B719-97A048452808"}
&amp#27;[38;5;32m[XCUITestDriver@e07a (28adf0bf)]&amp#27;[0m Responding to client with driver.findElement() result: {"element-6066-11e4-a52e-4f735466cecf":"6A020000-0000-0000-0103-000000000000","ELEMENT":"6A020000-0000-0000-0103-000000000000"}
&amp#27;[38;5;0m[HTTP]&amp#27;[0m &amp#27;[37m<-- POST /session/28adf0bf-7ee8-437a-b2e7-798510efe6fe/element &amp#27;[39m&amp#27;[32m200&amp#27;[39m &amp#27;[90m1717 ms - 137&amp#27;[39m
&amp#27;[38;5;0m[HTTP]&amp#27;[0m &amp#27;[90m&amp#27;[39m
&amp#27;[38;5;0m[HTTP]&amp#27;[0m &amp#27;[37m-->&amp#27;[39m &amp#27;[37mPOST&amp#27;[39m &amp#27;[37m/session/28adf0bf-7ee8-437a-b2e7-798510efe6fe/element/6A020000-0000-0000-0103-000000000000/click&amp#27;[39m
&amp#27;[38;5;0m[HTTP]&amp#27;[0m &amp#27;[90m{"id":"6A020000-0000-0000-0103-000000000000"}&amp#27;[39m
&amp#27;[38;5;32m[XCUITestDriver@e07a (28adf0bf)]&amp#27;[0m Driver proxy active, passing request on via HTTP proxy
&amp#27;[38;5;32m[XCUITestDriver@e07a (28adf0bf)]&amp#27;[0m Executing command 'proxyReqRes'
&amp#27;[38;5;32m[XCUITestDriver@e07a (28adf0bf)]&amp#27;[0m Matched '/session/28adf0bf-7ee8-437a-b2e7-798510efe6fe/element/6A020000-0000-0000-0103-000000000000/click' to command name 'click'
&amp#27;[38;5;32m[XCUITestDriver@e07a (28adf0bf)]&amp#27;[0m Proxying [POST /session/28adf0bf-7ee8-437a-b2e7-798510efe6fe/element/6A020000-0000-0000-0103-000000000000/click] to [POST http://127.0.0.1:8100/session/E78FC83E-19E7-4136-B719-97A048452808/element/6A020000-0000-0000-0103-000000000000/click] with body: {"id":"6A020000-0000-0000-0103-000000000000"}
&amp#27;[38;5;32m[XCUITestDriver@e07a (28adf0bf)]&amp#27;[0m Got response with status 200: {"value":null,"sessionId":"E78FC83E-19E7-4136-B719-97A048452808"}
&amp#27;[38;5;32m[XCUITestDriver@e07a (28adf0bf)]&amp#27;[0m Replacing sessionId E78FC83E-19E7-4136-B719-97A048452808 with 28adf0bf-7ee8-437a-b2e7-798510efe6fe
&amp#27;[38;5;0m[HTTP]&amp#27;[0m &amp#27;[37m<-- POST /session/28adf0bf-7ee8-437a-b2e7-798510efe6fe/element/6A020000-0000-0000-0103-000000000000/click &amp#27;[39m&amp#27;[32m200&amp#27;[39m &amp#27;[90m777 ms - 65&amp#27;[39m
&amp#27;[38;5;0m[HTTP]&amp#27;[0m &amp#27;[90m&amp#27;[39m
]]></system-out>
  </testcase>
  <testcase name="testSaveRoutine" classname="testCases.TheragunMiniTCs" time="26.156">
    <system-out><![CDATA[&amp#27;[38;5;0m[HTTP]&amp#27;[0m &amp#27;[37m-->&amp#27;[39m &amp#27;[37mGET&amp#27;[39m &amp#27;[37m/session/28adf0bf-7ee8-437a-b2e7-798510efe6fe/context&amp#27;[39m
&amp#27;[38;5;0m[HTTP]&amp#27;[0m &amp#27;[90m{}&amp#27;[39m
&amp#27;[38;5;32m[XCUITestDriver@e07a (28adf0bf)]&amp#27;[0m Calling AppiumDriver.getCurrentContext() with args: ["28adf0bf-7ee8-437a-b2e7-798510efe6fe"]
&amp#27;[38;5;32m[XCUITestDriver@e07a (28adf0bf)]&amp#27;[0m Executing command 'getCurrentContext'
&amp#27;[38;5;32m[XCUITestDriver@e07a (28adf0bf)]&amp#27;[0m Responding to client with driver.getCurrentContext() result: "NATIVE_APP"
&amp#27;[38;5;0m[HTTP]&amp#27;[0m &amp#27;[37m<-- GET /session/28adf0bf-7ee8-437a-b2e7-798510efe6fe/context &amp#27;[39m&amp#27;[32m200&amp#27;[39m &amp#27;[90m1 ms - 22&amp#27;[39m
&amp#27;[38;5;0m[HTTP]&amp#27;[0m &amp#27;[90m&amp#27;[39m
&amp#27;[38;5;0m[HTTP]&amp#27;[0m &amp#27;[37m-->&amp#27;[39m &amp#27;[37mPOST&amp#27;[39m &amp#27;[37m/session/28adf0bf-7ee8-437a-b2e7-798510efe6fe/element&amp#27;[39m
&amp#27;[38;5;0m[HTTP]&amp#27;[0m &amp#27;[90m{"using":"xpath","value":"//XCUIElementTypeStaticText[@name=\"Bedtime Ritual\"]"}&amp#27;[39m
&amp#27;[38;5;32m[XCUITestDriver@e07a (28adf0bf)]&amp#27;[0m Calling AppiumDriver.findElement() with args: ["xpath","//XCUIElementTypeStaticText[@name=\"Bedtime Ritual\"]","28adf0bf-7ee8-437a-b2e7-798510efe6fe"]
&amp#27;[38;5;32m[XCUITestDriver@e07a (28adf0bf)]&amp#27;[0m Executing command 'findElement'
&amp#27;[38;5;32m[XCUITestDriver@e07a (28adf0bf)]&amp#27;[0m Valid locator strategies for this request: xpath, id, name, class name, -ios predicate string, -ios class chain, accessibility id, css selector
&amp#27;[38;5;32m[XCUITestDriver@e07a (28adf0bf)]&amp#27;[0m Waiting up to 0 ms for condition
&amp#27;[38;5;32m[XCUITestDriver@e07a (28adf0bf)]&amp#27;[0m Matched '/element' to command name 'findElement'
&amp#27;[38;5;32m[XCUITestDriver@e07a (28adf0bf)]&amp#27;[0m Proxying [POST /element] to [POST http://127.0.0.1:8100/session/E78FC83E-19E7-4136-B719-97A048452808/element] with body: {"using":"xpath","value":"//XCUIElementTypeStaticText[@name=\"Bedtime Ritual\"]"}
&amp#27;[38;5;32m[XCUITestDriver@e07a (28adf0bf)]&amp#27;[0m Got response with status 200: {"value":{"ELEMENT":"01020000-0000-0000-0103-000000000000","element-6066-11e4-a52e-4f735466cecf":"01020000-0000-0000-0103-000000000000"},"sessionId":"E78FC83E-19E7-4136-B719-97A048452808"}
&amp#27;[38;5;32m[XCUITestDriver@e07a (28adf0bf)]&amp#27;[0m Responding to client with driver.findElement() result: {"element-6066-11e4-a52e-4f735466cecf":"01020000-0000-0000-0103-000000000000","ELEMENT":"01020000-0000-0000-0103-000000000000"}
&amp#27;[38;5;0m[HTTP]&amp#27;[0m &amp#27;[37m<-- POST /session/28adf0bf-7ee8-437a-b2e7-798510efe6fe/element &amp#27;[39m&amp#27;[32m200&amp#27;[39m &amp#27;[90m1667 ms - 137&amp#27;[39m
&amp#27;[38;5;0m[HTTP]&amp#27;[0m &amp#27;[90m&amp#27;[39m
&amp#27;[38;5;0m[HTTP]&amp#27;[0m &amp#27;[37m-->&amp#27;[39m &amp#27;[37mGET&amp#27;[39m &amp#27;[37m/session/28adf0bf-7ee8-437a-b2e7-798510efe6fe/element/01020000-0000-0000-0103-000000000000/displayed&amp#27;[39m
&amp#27;[38;5;0m[HTTP]&amp#27;[0m &amp#27;[90m{}&amp#27;[39m
&amp#27;[38;5;32m[XCUITestDriver@e07a (28adf0bf)]&amp#27;[0m Driver proxy active, passing request on via HTTP proxy
&amp#27;[38;5;32m[XCUITestDriver@e07a (28adf0bf)]&amp#27;[0m Executing command 'proxyReqRes'
&amp#27;[38;5;32m[XCUITestDriver@e07a (28adf0bf)]&amp#27;[0m Matched '/session/28adf0bf-7ee8-437a-b2e7-798510efe6fe/element/01020000-0000-0000-0103-000000000000/displayed' to command name 'elementDisplayed'
&amp#27;[38;5;32m[XCUITestDriver@e07a (28adf0bf)]&amp#27;[0m Proxying [GET /session/28adf0bf-7ee8-437a-b2e7-798510efe6fe/element/01020000-0000-0000-0103-000000000000/displayed] to [GET http://127.0.0.1:8100/session/E78FC83E-19E7-4136-B719-97A048452808/element/01020000-0000-0000-0103-000000000000/displayed] with no body
&amp#27;[38;5;32m[XCUITestDriver@e07a (28adf0bf)]&amp#27;[0m Got response with status 200: {"value":true,"sessionId":"E78FC83E-19E7-4136-B719-97A048452808"}
&amp#27;[38;5;32m[XCUITestDriver@e07a (28adf0bf)]&amp#27;[0m Replacing sessionId E78FC83E-19E7-4136-B719-97A048452808 with 28adf0bf-7ee8-437a-b2e7-798510efe6fe
&amp#27;[38;5;0m[HTTP]&amp#27;[0m &amp#27;[37m<-- GET /session/28adf0bf-7ee8-437a-b2e7-798510efe6fe/element/01020000-0000-0000-0103-000000000000/displayed &amp#27;[39m&amp#27;[32m200&amp#27;[39m &amp#27;[90m148 ms - 65&amp#27;[39m
&amp#27;[38;5;0m[HTTP]&amp#27;[0m &amp#27;[90m&amp#27;[39m
&amp#27;[38;5;0m[HTTP]&amp#27;[0m &amp#27;[37m-->&amp#27;[39m &amp#27;[37mGET&amp#27;[39m &amp#27;[37m/session/28adf0bf-7ee8-437a-b2e7-798510efe6fe/context&amp#27;[39m
&amp#27;[38;5;0m[HTTP]&amp#27;[0m &amp#27;[90m{}&amp#27;[39m
&amp#27;[38;5;32m[XCUITestDriver@e07a (28adf0bf)]&amp#27;[0m Calling AppiumDriver.getCurrentContext() with args: ["28adf0bf-7ee8-437a-b2e7-798510efe6fe"]
&amp#27;[38;5;32m[XCUITestDriver@e07a (28adf0bf)]&amp#27;[0m Executing command 'getCurrentContext'
&amp#27;[38;5;32m[XCUITestDriver@e07a (28adf0bf)]&amp#27;[0m Responding to client with driver.getCurrentContext() result: "NATIVE_APP"
&amp#27;[38;5;0m[HTTP]&amp#27;[0m &amp#27;[37m<-- GET /session/28adf0bf-7ee8-437a-b2e7-798510efe6fe/context &amp#27;[39m&amp#27;[32m200&amp#27;[39m &amp#27;[90m1 ms - 22&amp#27;[39m
&amp#27;[38;5;0m[HTTP]&amp#27;[0m &amp#27;[90m&amp#27;[39m
&amp#27;[38;5;0m[HTTP]&amp#27;[0m &amp#27;[37m-->&amp#27;[39m &amp#27;[37mPOST&amp#27;[39m &amp#27;[37m/session/28adf0bf-7ee8-437a-b2e7-798510efe6fe/element&amp#27;[39m
&amp#27;[38;5;0m[HTTP]&amp#27;[0m &amp#27;[90m{"using":"xpath","value":"//XCUIElementTypeStaticText[@name=\"Bedtime Ritual\"]"}&amp#27;[39m
&amp#27;[38;5;32m[XCUITestDriver@e07a (28adf0bf)]&amp#27;[0m Calling AppiumDriver.findElement() with args: ["xpath","//XCUIElementTypeStaticText[@name=\"Bedtime Ritual\"]","28adf0bf-7ee8-437a-b2e7-798510efe6fe"]
&amp#27;[38;5;32m[XCUITestDriver@e07a (28adf0bf)]&amp#27;[0m Executing command 'findElement'
&amp#27;[38;5;32m[XCUITestDriver@e07a (28adf0bf)]&amp#27;[0m Valid locator strategies for this request: xpath, id, name, class name, -ios predicate string, -ios class chain, accessibility id, css selector
&amp#27;[38;5;32m[XCUITestDriver@e07a (28adf0bf)]&amp#27;[0m Waiting up to 0 ms for condition
&amp#27;[38;5;32m[XCUITestDriver@e07a (28adf0bf)]&amp#27;[0m Matched '/element' to command name 'findElement'
&amp#27;[38;5;32m[XCUITestDriver@e07a (28adf0bf)]&amp#27;[0m Proxying [POST /element] to [POST http://127.0.0.1:8100/session/E78FC83E-19E7-4136-B719-97A048452808/element] with body: {"using":"xpath","value":"//XCUIElementTypeStaticText[@name=\"Bedtime Ritual\"]"}
&amp#27;[38;5;32m[XCUITestDriver@e07a (28adf0bf)]&amp#27;[0m Got response with status 200: {"value":{"ELEMENT":"01020000-0000-0000-0103-000000000000","element-6066-11e4-a52e-4f735466cecf":"01020000-0000-0000-0103-000000000000"},"sessionId":"E78FC83E-19E7-4136-B719-97A048452808"}
&amp#27;[38;5;32m[XCUITestDriver@e07a (28adf0bf)]&amp#27;[0m Responding to client with driver.findElement() result: {"element-6066-11e4-a52e-4f735466cecf":"01020000-0000-0000-0103-000000000000","ELEMENT":"01020000-0000-0000-0103-000000000000"}
&amp#27;[38;5;0m[HTTP]&amp#27;[0m &amp#27;[37m<-- POST /session/28adf0bf-7ee8-437a-b2e7-798510efe6fe/element &amp#27;[39m&amp#27;[32m200&amp#27;[39m &amp#27;[90m1491 ms - 137&amp#27;[39m
&amp#27;[38;5;0m[HTTP]&amp#27;[0m &amp#27;[90m&amp#27;[39m
&amp#27;[38;5;0m[HTTP]&amp#27;[0m &amp#27;[37m-->&amp#27;[39m &amp#27;[37mGET&amp#27;[39m &amp#27;[37m/session/28adf0bf-7ee8-437a-b2e7-798510efe6fe/element/01020000-0000-0000-0103-000000000000/enabled&amp#27;[39m
&amp#27;[38;5;0m[HTTP]&amp#27;[0m &amp#27;[90m{}&amp#27;[39m
&amp#27;[38;5;32m[XCUITestDriver@e07a (28adf0bf)]&amp#27;[0m Driver proxy active, passing request on via HTTP proxy
&amp#27;[38;5;32m[XCUITestDriver@e07a (28adf0bf)]&amp#27;[0m Executing command 'proxyReqRes'
&amp#27;[38;5;32m[XCUITestDriver@e07a (28adf0bf)]&amp#27;[0m Matched '/session/28adf0bf-7ee8-437a-b2e7-798510efe6fe/element/01020000-0000-0000-0103-000000000000/enabled' to command name 'elementEnabled'
&amp#27;[38;5;32m[XCUITestDriver@e07a (28adf0bf)]&amp#27;[0m Proxying [GET /session/28adf0bf-7ee8-437a-b2e7-798510efe6fe/element/01020000-0000-0000-0103-000000000000/enabled] to [GET http://127.0.0.1:8100/session/E78FC83E-19E7-4136-B719-97A048452808/element/01020000-0000-0000-0103-000000000000/enabled] with no body
&amp#27;[38;5;32m[XCUITestDriver@e07a (28adf0bf)]&amp#27;[0m Got response with status 200: {"value":true,"sessionId":"E78FC83E-19E7-4136-B719-97A048452808"}
&amp#27;[38;5;32m[XCUITestDriver@e07a (28adf0bf)]&amp#27;[0m Replacing sessionId E78FC83E-19E7-4136-B719-97A048452808 with 28adf0bf-7ee8-437a-b2e7-798510efe6fe
&amp#27;[38;5;0m[HTTP]&amp#27;[0m &amp#27;[37m<-- GET /session/28adf0bf-7ee8-437a-b2e7-798510efe6fe/element/01020000-0000-0000-0103-000000000000/enabled &amp#27;[39m&amp#27;[32m200&amp#27;[39m &amp#27;[90m143 ms - 65&amp#27;[39m
&amp#27;[38;5;0m[HTTP]&amp#27;[0m &amp#27;[90m&amp#27;[39m
&amp#27;[38;5;0m[HTTP]&amp#27;[0m &amp#27;[37m-->&amp#27;[39m &amp#27;[37mGET&amp#27;[39m &amp#27;[37m/session/28adf0bf-7ee8-437a-b2e7-798510efe6fe/context&amp#27;[39m
&amp#27;[38;5;0m[HTTP]&amp#27;[0m &amp#27;[90m{}&amp#27;[39m
&amp#27;[38;5;32m[XCUITestDriver@e07a (28adf0bf)]&amp#27;[0m Calling AppiumDriver.getCurrentContext() with args: ["28adf0bf-7ee8-437a-b2e7-798510efe6fe"]
&amp#27;[38;5;32m[XCUITestDriver@e07a (28adf0bf)]&amp#27;[0m Executing command 'getCurrentContext'
&amp#27;[38;5;32m[XCUITestDriver@e07a (28adf0bf)]&amp#27;[0m Responding to client with driver.getCurrentContext() result: "NATIVE_APP"
&amp#27;[38;5;0m[HTTP]&amp#27;[0m &amp#27;[37m<-- GET /session/28adf0bf-7ee8-437a-b2e7-798510efe6fe/context &amp#27;[39m&amp#27;[32m200&amp#27;[39m &amp#27;[90m1 ms - 22&amp#27;[39m
&amp#27;[38;5;0m[HTTP]&amp#27;[0m &amp#27;[90m&amp#27;[39m
&amp#27;[38;5;0m[HTTP]&amp#27;[0m &amp#27;[37m-->&amp#27;[39m &amp#27;[37mPOST&amp#27;[39m &amp#27;[37m/session/28adf0bf-7ee8-437a-b2e7-798510efe6fe/element&amp#27;[39m
&amp#27;[38;5;0m[HTTP]&amp#27;[0m &amp#27;[90m{"using":"xpath","value":"//XCUIElementTypeStaticText[@name=\"Bedtime Ritual\"]"}&amp#27;[39m
&amp#27;[38;5;32m[XCUITestDriver@e07a (28adf0bf)]&amp#27;[0m Calling AppiumDriver.findElement() with args: ["xpath","//XCUIElementTypeStaticText[@name=\"Bedtime Ritual\"]","28adf0bf-7ee8-437a-b2e7-798510efe6fe"]
&amp#27;[38;5;32m[XCUITestDriver@e07a (28adf0bf)]&amp#27;[0m Executing command 'findElement'
&amp#27;[38;5;32m[XCUITestDriver@e07a (28adf0bf)]&amp#27;[0m Valid locator strategies for this request: xpath, id, name, class name, -ios predicate string, -ios class chain, accessibility id, css selector
&amp#27;[38;5;32m[XCUITestDriver@e07a (28adf0bf)]&amp#27;[0m Waiting up to 0 ms for condition
&amp#27;[38;5;32m[XCUITestDriver@e07a (28adf0bf)]&amp#27;[0m Matched '/element' to command name 'findElement'
&amp#27;[38;5;32m[XCUITestDriver@e07a (28adf0bf)]&amp#27;[0m Proxying [POST /element] to [POST http://127.0.0.1:8100/session/E78FC83E-19E7-4136-B719-97A048452808/element] with body: {"using":"xpath","value":"//XCUIElementTypeStaticText[@name=\"Bedtime Ritual\"]"}
&amp#27;[38;5;32m[XCUITestDriver@e07a (28adf0bf)]&amp#27;[0m Got response with status 200: {"value":{"ELEMENT":"01020000-0000-0000-0103-000000000000","element-6066-11e4-a52e-4f735466cecf":"01020000-0000-0000-0103-000000000000"},"sessionId":"E78FC83E-19E7-4136-B719-97A048452808"}
&amp#27;[38;5;32m[XCUITestDriver@e07a (28adf0bf)]&amp#27;[0m Responding to client with driver.findElement() result: {"element-6066-11e4-a52e-4f735466cecf":"01020000-0000-0000-0103-000000000000","ELEMENT":"01020000-0000-0000-0103-000000000000"}
&amp#27;[38;5;0m[HTTP]&amp#27;[0m &amp#27;[37m<-- POST /session/28adf0bf-7ee8-437a-b2e7-798510efe6fe/element &amp#27;[39m&amp#27;[32m200&amp#27;[39m &amp#27;[90m1469 ms - 137&amp#27;[39m
&amp#27;[38;5;0m[HTTP]&amp#27;[0m &amp#27;[90m&amp#27;[39m
&amp#27;[38;5;0m[HTTP]&amp#27;[0m &amp#27;[37m-->&amp#27;[39m &amp#27;[37mPOST&amp#27;[39m &amp#27;[37m/session/28adf0bf-7ee8-437a-b2e7-798510efe6fe/element/01020000-0000-0000-0103-000000000000/click&amp#27;[39m
&amp#27;[38;5;0m[HTTP]&amp#27;[0m &amp#27;[90m{"id":"01020000-0000-0000-0103-000000000000"}&amp#27;[39m
&amp#27;[38;5;32m[XCUITestDriver@e07a (28adf0bf)]&amp#27;[0m Driver proxy active, passing request on via HTTP proxy
&amp#27;[38;5;32m[XCUITestDriver@e07a (28adf0bf)]&amp#27;[0m Executing command 'proxyReqRes'
&amp#27;[38;5;32m[XCUITestDriver@e07a (28adf0bf)]&amp#27;[0m Matched '/session/28adf0bf-7ee8-437a-b2e7-798510efe6fe/element/01020000-0000-0000-0103-000000000000/click' to command name 'click'
&amp#27;[38;5;32m[XCUITestDriver@e07a (28adf0bf)]&amp#27;[0m Proxying [POST /session/28adf0bf-7ee8-437a-b2e7-798510efe6fe/element/01020000-0000-0000-0103-000000000000/click] to [POST http://127.0.0.1:8100/session/E78FC83E-19E7-4136-B719-97A048452808/element/01020000-0000-0000-0103-000000000000/click] with body: {"id":"01020000-0000-0000-0103-000000000000"}
&amp#27;[38;5;32m[XCUITestDriver@e07a (28adf0bf)]&amp#27;[0m Got response with status 200: {"value":null,"sessionId":"E78FC83E-19E7-4136-B719-97A048452808"}
&amp#27;[38;5;32m[XCUITestDriver@e07a (28adf0bf)]&amp#27;[0m Replacing sessionId E78FC83E-19E7-4136-B719-97A048452808 with 28adf0bf-7ee8-437a-b2e7-798510efe6fe
&amp#27;[38;5;0m[HTTP]&amp#27;[0m &amp#27;[37m<-- POST /session/28adf0bf-7ee8-437a-b2e7-798510efe6fe/element/01020000-0000-0000-0103-000000000000/click &amp#27;[39m&amp#27;[32m200&amp#27;[39m &amp#27;[90m1382 ms - 65&amp#27;[39m
&amp#27;[38;5;0m[HTTP]&amp#27;[0m &amp#27;[90m&amp#27;[39m
&amp#27;[38;5;0m[HTTP]&amp#27;[0m &amp#27;[37m-->&amp#27;[39m &amp#27;[37mGET&amp#27;[39m &amp#27;[37m/session/28adf0bf-7ee8-437a-b2e7-798510efe6fe/context&amp#27;[39m
&amp#27;[38;5;0m[HTTP]&amp#27;[0m &amp#27;[90m{}&amp#27;[39m
&amp#27;[38;5;32m[XCUITestDriver@e07a (28adf0bf)]&amp#27;[0m Calling AppiumDriver.getCurrentContext() with args: ["28adf0bf-7ee8-437a-b2e7-798510efe6fe"]
&amp#27;[38;5;32m[XCUITestDriver@e07a (28adf0bf)]&amp#27;[0m Executing command 'getCurrentContext'
&amp#27;[38;5;32m[XCUITestDriver@e07a (28adf0bf)]&amp#27;[0m Responding to client with driver.getCurrentContext() result: "NATIVE_APP"
&amp#27;[38;5;0m[HTTP]&amp#27;[0m &amp#27;[37m<-- GET /session/28adf0bf-7ee8-437a-b2e7-798510efe6fe/context &amp#27;[39m&amp#27;[32m200&amp#27;[39m &amp#27;[90m1 ms - 22&amp#27;[39m
&amp#27;[38;5;0m[HTTP]&amp#27;[0m &amp#27;[90m&amp#27;[39m
&amp#27;[38;5;0m[HTTP]&amp#27;[0m &amp#27;[37m-->&amp#27;[39m &amp#27;[37mPOST&amp#27;[39m &amp#27;[37m/session/28adf0bf-7ee8-437a-b2e7-798510efe6fe/element&amp#27;[39m
&amp#27;[38;5;0m[HTTP]&amp#27;[0m &amp#27;[90m{"using":"xpath","value":"//XCUIElementTypeApplication[@name=\"Therabody\"]/XCUIElementTypeWindow[1]/XCUIElementTypeOther/XCUIElementTypeOther/XCUIElementTypeOther/XCUIElementTypeOther/XCUIElementTypeOther/XCUIElementTypeOther/XCUIElementTypeScrollView/XCUIElementTypeOther[1]/XCUIElementTypeOther/XCUIElementTypeOther[2]/XCUIElementTypeButton"}&amp#27;[39m
&amp#27;[38;5;32m[XCUITestDriver@e07a (28adf0bf)]&amp#27;[0m Calling AppiumDriver.findElement() with args: ["xpath","//XCUIElementTypeApplication[@name=\"Therabody\"]/XCUIElementTypeWindow[1]/XCUIElementTypeOther/XCUIElementTypeOther/XCUIElementTypeOther/XCUIElementTypeOther/XCUIElementTypeOther/XCUIElementTypeOther/XCUIElementTypeScrollView/XCUIElementTypeOther[1]/XCUIElementTypeOther/XCUIElementTypeOther[2]/XCUIElementTypeButton","28adf0bf-7ee8-437a-b2e7-798510efe6fe"]
&amp#27;[38;5;32m[XCUITestDriver@e07a (28adf0bf)]&amp#27;[0m Executing command 'findElement'
&amp#27;[38;5;32m[XCUITestDriver@e07a (28adf0bf)]&amp#27;[0m Valid locator strategies for this request: xpath, id, name, class name, -ios predicate string, -ios class chain, accessibility id, css selector
&amp#27;[38;5;32m[XCUITestDriver@e07a (28adf0bf)]&amp#27;[0m Waiting up to 0 ms for condition
&amp#27;[38;5;32m[XCUITestDriver@e07a (28adf0bf)]&amp#27;[0m Matched '/element' to command name 'findElement'
&amp#27;[38;5;32m[XCUITestDriver@e07a (28adf0bf)]&amp#27;[0m Proxying [POST /element] to [POST http://127.0.0.1:8100/session/E78FC83E-19E7-4136-B719-97A048452808/element] with body: {"using":"xpath","value":"//XCUIElementTypeApplication[@name=\"Therabody\"]/XCUIElementTypeWindow[1]/XCUIElementTypeOther/XCUIElementTypeOther/XCUIElementTypeOther/XCUIElementTypeOther/XCUIElementTypeOther/XCUIElementTypeOther/XCUIElementTypeScrollView/XCUIElementTypeOther[1]/XCUIElementTypeOther/XCUIElementTypeOther[2]/XCUIElementTypeButton"}
&amp#27;[38;5;32m[XCUITestDriver@e07a (28adf0bf)]&amp#27;[0m Got response with status 200: {"value":{"ELEMENT":"11030000-0000-0000-0103-000000000000","element-6066-11e4-a52e-4f735466cecf":"11030000-0000-0000-0103-000000000000"},"sessionId":"E78FC83E-19E7-4136-B719-97A048452808"}
&amp#27;[38;5;32m[XCUITestDriver@e07a (28adf0bf)]&amp#27;[0m Responding to client with driver.findElement() result: {"element-6066-11e4-a52e-4f735466cecf":"11030000-0000-0000-0103-000000000000","ELEMENT":"11030000-0000-0000-0103-000000000000"}
&amp#27;[38;5;0m[HTTP]&amp#27;[0m &amp#27;[37m<-- POST /session/28adf0bf-7ee8-437a-b2e7-798510efe6fe/element &amp#27;[39m&amp#27;[32m200&amp#27;[39m &amp#27;[90m799 ms - 137&amp#27;[39m
&amp#27;[38;5;0m[HTTP]&amp#27;[0m &amp#27;[90m&amp#27;[39m
&amp#27;[38;5;0m[HTTP]&amp#27;[0m &amp#27;[37m-->&amp#27;[39m &amp#27;[37mGET&amp#27;[39m &amp#27;[37m/session/28adf0bf-7ee8-437a-b2e7-798510efe6fe/element/11030000-0000-0000-0103-000000000000/displayed&amp#27;[39m
&amp#27;[38;5;0m[HTTP]&amp#27;[0m &amp#27;[90m{}&amp#27;[39m
&amp#27;[38;5;32m[XCUITestDriver@e07a (28adf0bf)]&amp#27;[0m Driver proxy active, passing request on via HTTP proxy
&amp#27;[38;5;32m[XCUITestDriver@e07a (28adf0bf)]&amp#27;[0m Executing command 'proxyReqRes'
&amp#27;[38;5;32m[XCUITestDriver@e07a (28adf0bf)]&amp#27;[0m Matched '/session/28adf0bf-7ee8-437a-b2e7-798510efe6fe/element/11030000-0000-0000-0103-000000000000/displayed' to command name 'elementDisplayed'
&amp#27;[38;5;32m[XCUITestDriver@e07a (28adf0bf)]&amp#27;[0m Proxying [GET /session/28adf0bf-7ee8-437a-b2e7-798510efe6fe/element/11030000-0000-0000-0103-000000000000/displayed] to [GET http://127.0.0.1:8100/session/E78FC83E-19E7-4136-B719-97A048452808/element/11030000-0000-0000-0103-000000000000/displayed] with no body
&amp#27;[38;5;32m[XCUITestDriver@e07a (28adf0bf)]&amp#27;[0m Got response with status 200: {"value":true,"sessionId":"E78FC83E-19E7-4136-B719-97A048452808"}
&amp#27;[38;5;32m[XCUITestDriver@e07a (28adf0bf)]&amp#27;[0m Replacing sessionId E78FC83E-19E7-4136-B719-97A048452808 with 28adf0bf-7ee8-437a-b2e7-798510efe6fe
&amp#27;[38;5;0m[HTTP]&amp#27;[0m &amp#27;[37m<-- GET /session/28adf0bf-7ee8-437a-b2e7-798510efe6fe/element/11030000-0000-0000-0103-000000000000/displayed &amp#27;[39m&amp#27;[32m200&amp#27;[39m &amp#27;[90m96 ms - 65&amp#27;[39m
&amp#27;[38;5;0m[HTTP]&amp#27;[0m &amp#27;[90m&amp#27;[39m
&amp#27;[38;5;0m[HTTP]&amp#27;[0m &amp#27;[37m-->&amp#27;[39m &amp#27;[37mGET&amp#27;[39m &amp#27;[37m/session/28adf0bf-7ee8-437a-b2e7-798510efe6fe/context&amp#27;[39m
&amp#27;[38;5;0m[HTTP]&amp#27;[0m &amp#27;[90m{}&amp#27;[39m
&amp#27;[38;5;32m[XCUITestDriver@e07a (28adf0bf)]&amp#27;[0m Calling AppiumDriver.getCurrentContext() with args: ["28adf0bf-7ee8-437a-b2e7-798510efe6fe"]
&amp#27;[38;5;32m[XCUITestDriver@e07a (28adf0bf)]&amp#27;[0m Executing command 'getCurrentContext'
&amp#27;[38;5;32m[XCUITestDriver@e07a (28adf0bf)]&amp#27;[0m Responding to client with driver.getCurrentContext() result: "NATIVE_APP"
&amp#27;[38;5;0m[HTTP]&amp#27;[0m &amp#27;[37m<-- GET /session/28adf0bf-7ee8-437a-b2e7-798510efe6fe/context &amp#27;[39m&amp#27;[32m200&amp#27;[39m &amp#27;[90m1 ms - 22&amp#27;[39m
&amp#27;[38;5;0m[HTTP]&amp#27;[0m &amp#27;[90m&amp#27;[39m
&amp#27;[38;5;0m[HTTP]&amp#27;[0m &amp#27;[37m-->&amp#27;[39m &amp#27;[37mPOST&amp#27;[39m &amp#27;[37m/session/28adf0bf-7ee8-437a-b2e7-798510efe6fe/element&amp#27;[39m
&amp#27;[38;5;0m[HTTP]&amp#27;[0m &amp#27;[90m{"using":"xpath","value":"//XCUIElementTypeApplication[@name=\"Therabody\"]/XCUIElementTypeWindow[1]/XCUIElementTypeOther/XCUIElementTypeOther/XCUIElementTypeOther/XCUIElementTypeOther/XCUIElementTypeOther/XCUIElementTypeOther/XCUIElementTypeScrollView/XCUIElementTypeOther[1]/XCUIElementTypeOther/XCUIElementTypeOther[2]/XCUIElementTypeButton"}&amp#27;[39m
&amp#27;[38;5;32m[XCUITestDriver@e07a (28adf0bf)]&amp#27;[0m Calling AppiumDriver.findElement() with args: ["xpath","//XCUIElementTypeApplication[@name=\"Therabody\"]/XCUIElementTypeWindow[1]/XCUIElementTypeOther/XCUIElementTypeOther/XCUIElementTypeOther/XCUIElementTypeOther/XCUIElementTypeOther/XCUIElementTypeOther/XCUIElementTypeScrollView/XCUIElementTypeOther[1]/XCUIElementTypeOther/XCUIElementTypeOther[2]/XCUIElementTypeButton","28adf0bf-7ee8-437a-b2e7-798510efe6fe"]
&amp#27;[38;5;32m[XCUITestDriver@e07a (28adf0bf)]&amp#27;[0m Executing command 'findElement'
&amp#27;[38;5;32m[XCUITestDriver@e07a (28adf0bf)]&amp#27;[0m Valid locator strategies for this request: xpath, id, name, class name, -ios predicate string, -ios class chain, accessibility id, css selector
&amp#27;[38;5;32m[XCUITestDriver@e07a (28adf0bf)]&amp#27;[0m Waiting up to 0 ms for condition
&amp#27;[38;5;32m[XCUITestDriver@e07a (28adf0bf)]&amp#27;[0m Matched '/element' to command name 'findElement'
&amp#27;[38;5;32m[XCUITestDriver@e07a (28adf0bf)]&amp#27;[0m Proxying [POST /element] to [POST http://127.0.0.1:8100/session/E78FC83E-19E7-4136-B719-97A048452808/element] with body: {"using":"xpath","value":"//XCUIElementTypeApplication[@name=\"Therabody\"]/XCUIElementTypeWindow[1]/XCUIElementTypeOther/XCUIElementTypeOther/XCUIElementTypeOther/XCUIElementTypeOther/XCUIElementTypeOther/XCUIElementTypeOther/XCUIElementTypeScrollView/XCUIElementTypeOther[1]/XCUIElementTypeOther/XCUIElementTypeOther[2]/XCUIElementTypeButton"}
&amp#27;[38;5;32m[XCUITestDriver@e07a (28adf0bf)]&amp#27;[0m Got response with status 200: {"value":{"ELEMENT":"11030000-0000-0000-0103-000000000000","element-6066-11e4-a52e-4f735466cecf":"11030000-0000-0000-0103-000000000000"},"sessionId":"E78FC83E-19E7-4136-B719-97A048452808"}
&amp#27;[38;5;32m[XCUITestDriver@e07a (28adf0bf)]&amp#27;[0m Responding to client with driver.findElement() result: {"element-6066-11e4-a52e-4f735466cecf":"11030000-0000-0000-0103-000000000000","ELEMENT":"11030000-0000-0000-0103-000000000000"}
&amp#27;[38;5;0m[HTTP]&amp#27;[0m &amp#27;[37m<-- POST /session/28adf0bf-7ee8-437a-b2e7-798510efe6fe/element &amp#27;[39m&amp#27;[32m200&amp#27;[39m &amp#27;[90m1048 ms - 137&amp#27;[39m
&amp#27;[38;5;0m[HTTP]&amp#27;[0m &amp#27;[90m&amp#27;[39m
&amp#27;[38;5;0m[HTTP]&amp#27;[0m &amp#27;[37m-->&amp#27;[39m &amp#27;[37mGET&amp#27;[39m &amp#27;[37m/session/28adf0bf-7ee8-437a-b2e7-798510efe6fe/element/11030000-0000-0000-0103-000000000000/enabled&amp#27;[39m
&amp#27;[38;5;0m[HTTP]&amp#27;[0m &amp#27;[90m{}&amp#27;[39m
&amp#27;[38;5;32m[XCUITestDriver@e07a (28adf0bf)]&amp#27;[0m Driver proxy active, passing request on via HTTP proxy
&amp#27;[38;5;32m[XCUITestDriver@e07a (28adf0bf)]&amp#27;[0m Executing command 'proxyReqRes'
&amp#27;[38;5;32m[XCUITestDriver@e07a (28adf0bf)]&amp#27;[0m Matched '/session/28adf0bf-7ee8-437a-b2e7-798510efe6fe/element/11030000-0000-0000-0103-000000000000/enabled' to command name 'elementEnabled'
&amp#27;[38;5;32m[XCUITestDriver@e07a (28adf0bf)]&amp#27;[0m Proxying [GET /session/28adf0bf-7ee8-437a-b2e7-798510efe6fe/element/11030000-0000-0000-0103-000000000000/enabled] to [GET http://127.0.0.1:8100/session/E78FC83E-19E7-4136-B719-97A048452808/element/11030000-0000-0000-0103-000000000000/enabled] with no body
&amp#27;[38;5;32m[XCUITestDriver@e07a (28adf0bf)]&amp#27;[0m Got response with status 200: {"value":true,"sessionId":"E78FC83E-19E7-4136-B719-97A048452808"}
&amp#27;[38;5;32m[XCUITestDriver@e07a (28adf0bf)]&amp#27;[0m Replacing sessionId E78FC83E-19E7-4136-B719-97A048452808 with 28adf0bf-7ee8-437a-b2e7-798510efe6fe
&amp#27;[38;5;0m[HTTP]&amp#27;[0m &amp#27;[37m<-- GET /session/28adf0bf-7ee8-437a-b2e7-798510efe6fe/element/11030000-0000-0000-0103-000000000000/enabled &amp#27;[39m&amp#27;[32m200&amp#27;[39m &amp#27;[90m85 ms - 65&amp#27;[39m
&amp#27;[38;5;0m[HTTP]&amp#27;[0m &amp#27;[90m&amp#27;[39m
&amp#27;[38;5;0m[HTTP]&amp#27;[0m &amp#27;[37m-->&amp#27;[39m &amp#27;[37mGET&amp#27;[39m &amp#27;[37m/session/28adf0bf-7ee8-437a-b2e7-798510efe6fe/context&amp#27;[39m
&amp#27;[38;5;0m[HTTP]&amp#27;[0m &amp#27;[90m{}&amp#27;[39m
&amp#27;[38;5;32m[XCUITestDriver@e07a (28adf0bf)]&amp#27;[0m Calling AppiumDriver.getCurrentContext() with args: ["28adf0bf-7ee8-437a-b2e7-798510efe6fe"]
&amp#27;[38;5;32m[XCUITestDriver@e07a (28adf0bf)]&amp#27;[0m Executing command 'getCurrentContext'
&amp#27;[38;5;32m[XCUITestDriver@e07a (28adf0bf)]&amp#27;[0m Responding to client with driver.getCurrentContext() result: "NATIVE_APP"
&amp#27;[38;5;0m[HTTP]&amp#27;[0m &amp#27;[37m<-- GET /session/28adf0bf-7ee8-437a-b2e7-798510efe6fe/context &amp#27;[39m&amp#27;[32m200&amp#27;[39m &amp#27;[90m1 ms - 22&amp#27;[39m
&amp#27;[38;5;0m[HTTP]&amp#27;[0m &amp#27;[90m&amp#27;[39m
&amp#27;[38;5;0m[HTTP]&amp#27;[0m &amp#27;[37m-->&amp#27;[39m &amp#27;[37mPOST&amp#27;[39m &amp#27;[37m/session/28adf0bf-7ee8-437a-b2e7-798510efe6fe/element&amp#27;[39m
&amp#27;[38;5;0m[HTTP]&amp#27;[0m &amp#27;[90m{"using":"xpath","value":"//XCUIElementTypeApplication[@name=\"Therabody\"]/XCUIElementTypeWindow[1]/XCUIElementTypeOther/XCUIElementTypeOther/XCUIElementTypeOther/XCUIElementTypeOther/XCUIElementTypeOther/XCUIElementTypeOther/XCUIElementTypeScrollView/XCUIElementTypeOther[1]/XCUIElementTypeOther/XCUIElementTypeOther[2]/XCUIElementTypeButton"}&amp#27;[39m
&amp#27;[38;5;32m[XCUITestDriver@e07a (28adf0bf)]&amp#27;[0m Calling AppiumDriver.findElement() with args: ["xpath","//XCUIElementTypeApplication[@name=\"Therabody\"]/XCUIElementTypeWindow[1]/XCUIElementTypeOther/XCUIElementTypeOther/XCUIElementTypeOther/XCUIElementTypeOther/XCUIElementTypeOther/XCUIElementTypeOther/XCUIElementTypeScrollView/XCUIElementTypeOther[1]/XCUIElementTypeOther/XCUIElementTypeOther[2]/XCUIElementTypeButton","28adf0bf-7ee8-437a-b2e7-798510efe6fe"]
&amp#27;[38;5;32m[XCUITestDriver@e07a (28adf0bf)]&amp#27;[0m Executing command 'findElement'
&amp#27;[38;5;32m[XCUITestDriver@e07a (28adf0bf)]&amp#27;[0m Valid locator strategies for this request: xpath, id, name, class name, -ios predicate string, -ios class chain, accessibility id, css selector
&amp#27;[38;5;32m[XCUITestDriver@e07a (28adf0bf)]&amp#27;[0m Waiting up to 0 ms for condition
&amp#27;[38;5;32m[XCUITestDriver@e07a (28adf0bf)]&amp#27;[0m Matched '/element' to command name 'findElement'
&amp#27;[38;5;32m[XCUITestDriver@e07a (28adf0bf)]&amp#27;[0m Proxying [POST /element] to [POST http://127.0.0.1:8100/session/E78FC83E-19E7-4136-B719-97A048452808/element] with body: {"using":"xpath","value":"//XCUIElementTypeApplication[@name=\"Therabody\"]/XCUIElementTypeWindow[1]/XCUIElementTypeOther/XCUIElementTypeOther/XCUIElementTypeOther/XCUIElementTypeOther/XCUIElementTypeOther/XCUIElementTypeOther/XCUIElementTypeScrollView/XCUIElementTypeOther[1]/XCUIElementTypeOther/XCUIElementTypeOther[2]/XCUIElementTypeButton"}
&amp#27;[38;5;32m[XCUITestDriver@e07a (28adf0bf)]&amp#27;[0m Got response with status 200: {"value":{"ELEMENT":"11030000-0000-0000-0103-000000000000","element-6066-11e4-a52e-4f735466cecf":"11030000-0000-0000-0103-000000000000"},"sessionId":"E78FC83E-19E7-4136-B719-97A048452808"}
&amp#27;[38;5;32m[XCUITestDriver@e07a (28adf0bf)]&amp#27;[0m Responding to client with driver.findElement() result: {"element-6066-11e4-a52e-4f735466cecf":"11030000-0000-0000-0103-000000000000","ELEMENT":"11030000-0000-0000-0103-000000000000"}
&amp#27;[38;5;0m[HTTP]&amp#27;[0m &amp#27;[37m<-- POST /session/28adf0bf-7ee8-437a-b2e7-798510efe6fe/element &amp#27;[39m&amp#27;[32m200&amp#27;[39m &amp#27;[90m704 ms - 137&amp#27;[39m
&amp#27;[38;5;0m[HTTP]&amp#27;[0m &amp#27;[90m&amp#27;[39m
&amp#27;[38;5;0m[HTTP]&amp#27;[0m &amp#27;[37m-->&amp#27;[39m &amp#27;[37mPOST&amp#27;[39m &amp#27;[37m/session/28adf0bf-7ee8-437a-b2e7-798510efe6fe/element/11030000-0000-0000-0103-000000000000/click&amp#27;[39m
&amp#27;[38;5;0m[HTTP]&amp#27;[0m &amp#27;[90m{"id":"11030000-0000-0000-0103-000000000000"}&amp#27;[39m
&amp#27;[38;5;32m[XCUITestDriver@e07a (28adf0bf)]&amp#27;[0m Driver proxy active, passing request on via HTTP proxy
&amp#27;[38;5;32m[XCUITestDriver@e07a (28adf0bf)]&amp#27;[0m Executing command 'proxyReqRes'
&amp#27;[38;5;32m[XCUITestDriver@e07a (28adf0bf)]&amp#27;[0m Matched '/session/28adf0bf-7ee8-437a-b2e7-798510efe6fe/element/11030000-0000-0000-0103-000000000000/click' to command name 'click'
&amp#27;[38;5;32m[XCUITestDriver@e07a (28adf0bf)]&amp#27;[0m Proxying [POST /session/28adf0bf-7ee8-437a-b2e7-798510efe6fe/element/11030000-0000-0000-0103-000000000000/click] to [POST http://127.0.0.1:8100/session/E78FC83E-19E7-4136-B719-97A048452808/element/11030000-0000-0000-0103-000000000000/click] with body: {"id":"11030000-0000-0000-0103-000000000000"}
&amp#27;[38;5;32m[XCUITestDriver@e07a (28adf0bf)]&amp#27;[0m Got response with status 200: {"value":null,"sessionId":"E78FC83E-19E7-4136-B719-97A048452808"}
&amp#27;[38;5;32m[XCUITestDriver@e07a (28adf0bf)]&amp#27;[0m Replacing sessionId E78FC83E-19E7-4136-B719-97A048452808 with 28adf0bf-7ee8-437a-b2e7-798510efe6fe
&amp#27;[38;5;0m[HTTP]&amp#27;[0m &amp#27;[37m<-- POST /session/28adf0bf-7ee8-437a-b2e7-798510efe6fe/element/11030000-0000-0000-0103-000000000000/click &amp#27;[39m&amp#27;[32m200&amp#27;[39m &amp#27;[90m664 ms - 65&amp#27;[39m
&amp#27;[38;5;0m[HTTP]&amp#27;[0m &amp#27;[90m&amp#27;[39m
&amp#27;[38;5;0m[HTTP]&amp#27;[0m &amp#27;[37m-->&amp#27;[39m &amp#27;[37mGET&amp#27;[39m &amp#27;[37m/session/28adf0bf-7ee8-437a-b2e7-798510efe6fe/context&amp#27;[39m
&amp#27;[38;5;0m[HTTP]&amp#27;[0m &amp#27;[90m{}&amp#27;[39m
&amp#27;[38;5;32m[XCUITestDriver@e07a (28adf0bf)]&amp#27;[0m Calling AppiumDriver.getCurrentContext() with args: ["28adf0bf-7ee8-437a-b2e7-798510efe6fe"]
&amp#27;[38;5;32m[XCUITestDriver@e07a (28adf0bf)]&amp#27;[0m Executing command 'getCurrentContext'
&amp#27;[38;5;32m[XCUITestDriver@e07a (28adf0bf)]&amp#27;[0m Responding to client with driver.getCurrentContext() result: "NATIVE_APP"
&amp#27;[38;5;0m[HTTP]&amp#27;[0m &amp#27;[37m<-- GET /session/28adf0bf-7ee8-437a-b2e7-798510efe6fe/context &amp#27;[39m&amp#27;[32m200&amp#27;[39m &amp#27;[90m1 ms - 22&amp#27;[39m
&amp#27;[38;5;0m[HTTP]&amp#27;[0m &amp#27;[90m&amp#27;[39m
&amp#27;[38;5;0m[HTTP]&amp#27;[0m &amp#27;[37m-->&amp#27;[39m &amp#27;[37mPOST&amp#27;[39m &amp#27;[37m/session/28adf0bf-7ee8-437a-b2e7-798510efe6fe/element&amp#27;[39m
&amp#27;[38;5;0m[HTTP]&amp#27;[0m &amp#27;[90m{"using":"xpath","value":"//XCUIElementTypeStaticText[@name=\"Added to Saved\"]"}&amp#27;[39m
&amp#27;[38;5;32m[XCUITestDriver@e07a (28adf0bf)]&amp#27;[0m Calling AppiumDriver.findElement() with args: ["xpath","//XCUIElementTypeStaticText[@name=\"Added to Saved\"]","28adf0bf-7ee8-437a-b2e7-798510efe6fe"]
&amp#27;[38;5;32m[XCUITestDriver@e07a (28adf0bf)]&amp#27;[0m Executing command 'findElement'
&amp#27;[38;5;32m[XCUITestDriver@e07a (28adf0bf)]&amp#27;[0m Valid locator strategies for this request: xpath, id, name, class name, -ios predicate string, -ios class chain, accessibility id, css selector
&amp#27;[38;5;32m[XCUITestDriver@e07a (28adf0bf)]&amp#27;[0m Waiting up to 0 ms for condition
&amp#27;[38;5;32m[XCUITestDriver@e07a (28adf0bf)]&amp#27;[0m Matched '/element' to command name 'findElement'
&amp#27;[38;5;32m[XCUITestDriver@e07a (28adf0bf)]&amp#27;[0m Proxying [POST /element] to [POST http://127.0.0.1:8100/session/E78FC83E-19E7-4136-B719-97A048452808/element] with body: {"using":"xpath","value":"//XCUIElementTypeStaticText[@name=\"Added to Saved\"]"}
&amp#27;[38;5;32m[XCUITestDriver@e07a (28adf0bf)]&amp#27;[0m Got response with status 404: {"value":{"error":"no such element","message":"unable to find an element using 'xpath', value '//XCUIElementTypeStaticText[@name=\"Added to Saved\"]'","traceback":"(\n\t0   WebDriverAgentLib                   0x00000001072a740c FBNoSuchElementErrorResponseForRequest + 252\n\t1   WebDriverAgentLib                   0x00000001072a723c +[FBFindElementCommands handleFindElement:] + 316\n\t2   WebDriverAgentLib                   0x000000010726a9d0 -[FBRoute_TargetAction mountRequest:intoResponse:] + 168\n\t3   WebDriverAgentLib                   0x0000000107254264 __37-[FBWebServer registerRouteHandlers:]_block_invoke + 408\n\t4   WebDriverAgentLib                   0x000000010728d2c4 -[RoutingHTTPServer handleRoute:withRequest:response:] + 168\n\t5   WebDriverAgentLib                   0x000000010728ddb4 __72-[RoutingHTTPServer routeMethod:withPath:parameters:request:connection:]_block_invoke + 64\n\t6   libdispatch.dylib                   0x00000001a237dfdc FEA36690-A000-3C55-B700-9120B05AA69B + 16348\n\t7   ...
&amp#27;[38;5;128m[W3C]&amp#27;[0m Matched W3C error code 'no such element' to NoSuchElementError
&amp#27;[38;5;32m[XCUITestDriver@e07a (28adf0bf)]&amp#27;[0m Encountered internal error running command: NoSuchElementError: An element could not be located on the page using the given search parameters.
&amp#27;[38;5;32m[XCUITestDriver@e07a (28adf0bf)]&amp#27;[0m     at XCUITestDriver.doNativeFind (/Users/karishmabarot/.appium/node_modules/appium-xcuitest-driver/lib/commands/find.js:143:13)
&amp#27;[38;5;32m[XCUITestDriver@e07a (28adf0bf)]&amp#27;[0m     at processTicksAndRejections (node:internal/process/task_queues:95:5)
&amp#27;[38;5;32m[XCUITestDriver@e07a (28adf0bf)]&amp#27;[0m     at XCUITestDriver.findNativeElementOrElements (/Users/karishmabarot/.appium/node_modules/appium-xcuitest-driver/lib/commands/find.js:97:12)
&amp#27;[38;5;32m[XCUITestDriver@e07a (28adf0bf)]&amp#27;[0m     at XCUITestDriver.findElOrEls (/Users/karishmabarot/.appium/node_modules/appium-xcuitest-driver/lib/commands/find.js:24:14)
&amp#27;[38;5;32m[XCUITestDriver@e07a (28adf0bf)]&amp#27;[0m     at XCUITestDriver.findElOrElsWithProcessing (/Users/karishmabarot/node_modules/@appium/base-driver/lib/basedriver/commands/find.ts:60:12)
&amp#27;[38;5;32m[XCUITestDriver@e07a (28adf0bf)]&amp#27;[0m     at XCUITestDriver.findElement (/Users/karishmabarot/node_modules/@appium/base-driver/lib/basedriver/commands/find.ts:75:12)
&amp#27;[38;5;0m[HTTP]&amp#27;[0m &amp#27;[37m<-- POST /session/28adf0bf-7ee8-437a-b2e7-798510efe6fe/element &amp#27;[39m&amp#27;[33m404&amp#27;[39m &amp#27;[90m839 ms - 994&amp#27;[39m
&amp#27;[38;5;0m[HTTP]&amp#27;[0m &amp#27;[90m&amp#27;[39m
&amp#27;[38;5;0m[HTTP]&amp#27;[0m &amp#27;[37m-->&amp#27;[39m &amp#27;[37mPOST&amp#27;[39m &amp#27;[37m/session/28adf0bf-7ee8-437a-b2e7-798510efe6fe/element&amp#27;[39m
&amp#27;[38;5;0m[HTTP]&amp#27;[0m &amp#27;[90m{"using":"xpath","value":"//XCUIElementTypeStaticText[@name=\"Added to Saved\"]"}&amp#27;[39m
&amp#27;[38;5;32m[XCUITestDriver@e07a (28adf0bf)]&amp#27;[0m Calling AppiumDriver.findElement() with args: ["xpath","//XCUIElementTypeStaticText[@name=\"Added to Saved\"]","28adf0bf-7ee8-437a-b2e7-798510efe6fe"]
&amp#27;[38;5;32m[XCUITestDriver@e07a (28adf0bf)]&amp#27;[0m Executing command 'findElement'
&amp#27;[38;5;32m[XCUITestDriver@e07a (28adf0bf)]&amp#27;[0m Valid locator strategies for this request: xpath, id, name, class name, -ios predicate string, -ios class chain, accessibility id, css selector
&amp#27;[38;5;32m[XCUITestDriver@e07a (28adf0bf)]&amp#27;[0m Waiting up to 0 ms for condition
&amp#27;[38;5;32m[XCUITestDriver@e07a (28adf0bf)]&amp#27;[0m Matched '/element' to command name 'findElement'
&amp#27;[38;5;32m[XCUITestDriver@e07a (28adf0bf)]&amp#27;[0m Proxying [POST /element] to [POST http://127.0.0.1:8100/session/E78FC83E-19E7-4136-B719-97A048452808/element] with body: {"using":"xpath","value":"//XCUIElementTypeStaticText[@name=\"Added to Saved\"]"}
&amp#27;[38;5;32m[XCUITestDriver@e07a (28adf0bf)]&amp#27;[0m Got response with status 200: {"value":{"ELEMENT":"38030000-0000-0000-0103-000000000000","element-6066-11e4-a52e-4f735466cecf":"38030000-0000-0000-0103-000000000000"},"sessionId":"E78FC83E-19E7-4136-B719-97A048452808"}
&amp#27;[38;5;32m[XCUITestDriver@e07a (28adf0bf)]&amp#27;[0m Responding to client with driver.findElement() result: {"element-6066-11e4-a52e-4f735466cecf":"38030000-0000-0000-0103-000000000000","ELEMENT":"38030000-0000-0000-0103-000000000000"}
&amp#27;[38;5;0m[HTTP]&amp#27;[0m &amp#27;[37m<-- POST /session/28adf0bf-7ee8-437a-b2e7-798510efe6fe/element &amp#27;[39m&amp#27;[32m200&amp#27;[39m &amp#27;[90m1067 ms - 137&amp#27;[39m
&amp#27;[38;5;0m[HTTP]&amp#27;[0m &amp#27;[90m&amp#27;[39m
&amp#27;[38;5;0m[HTTP]&amp#27;[0m &amp#27;[37m-->&amp#27;[39m &amp#27;[37mGET&amp#27;[39m &amp#27;[37m/session/28adf0bf-7ee8-437a-b2e7-798510efe6fe/element/38030000-0000-0000-0103-000000000000/displayed&amp#27;[39m
&amp#27;[38;5;0m[HTTP]&amp#27;[0m &amp#27;[90m{}&amp#27;[39m
&amp#27;[38;5;32m[XCUITestDriver@e07a (28adf0bf)]&amp#27;[0m Driver proxy active, passing request on via HTTP proxy
&amp#27;[38;5;32m[XCUITestDriver@e07a (28adf0bf)]&amp#27;[0m Executing command 'proxyReqRes'
&amp#27;[38;5;32m[XCUITestDriver@e07a (28adf0bf)]&amp#27;[0m Matched '/session/28adf0bf-7ee8-437a-b2e7-798510efe6fe/element/38030000-0000-0000-0103-000000000000/displayed' to command name 'elementDisplayed'
&amp#27;[38;5;32m[XCUITestDriver@e07a (28adf0bf)]&amp#27;[0m Proxying [GET /session/28adf0bf-7ee8-437a-b2e7-798510efe6fe/element/38030000-0000-0000-0103-000000000000/displayed] to [GET http://127.0.0.1:8100/session/E78FC83E-19E7-4136-B719-97A048452808/element/38030000-0000-0000-0103-000000000000/displayed] with no body
&amp#27;[38;5;32m[XCUITestDriver@e07a (28adf0bf)]&amp#27;[0m Got response with status 200: {"value":true,"sessionId":"E78FC83E-19E7-4136-B719-97A048452808"}
&amp#27;[38;5;32m[XCUITestDriver@e07a (28adf0bf)]&amp#27;[0m Replacing sessionId E78FC83E-19E7-4136-B719-97A048452808 with 28adf0bf-7ee8-437a-b2e7-798510efe6fe
&amp#27;[38;5;0m[HTTP]&amp#27;[0m &amp#27;[37m<-- GET /session/28adf0bf-7ee8-437a-b2e7-798510efe6fe/element/38030000-0000-0000-0103-000000000000/displayed &amp#27;[39m&amp#27;[32m200&amp#27;[39m &amp#27;[90m86 ms - 65&amp#27;[39m
&amp#27;[38;5;0m[HTTP]&amp#27;[0m &amp#27;[90m&amp#27;[39m
Routine saved!!
&amp#27;[38;5;0m[HTTP]&amp#27;[0m &amp#27;[37m-->&amp#27;[39m &amp#27;[37mGET&amp#27;[39m &amp#27;[37m/session/28adf0bf-7ee8-437a-b2e7-798510efe6fe/context&amp#27;[39m
&amp#27;[38;5;0m[HTTP]&amp#27;[0m &amp#27;[90m{}&amp#27;[39m
&amp#27;[38;5;32m[XCUITestDriver@e07a (28adf0bf)]&amp#27;[0m Calling AppiumDriver.getCurrentContext() with args: ["28adf0bf-7ee8-437a-b2e7-798510efe6fe"]
&amp#27;[38;5;32m[XCUITestDriver@e07a (28adf0bf)]&amp#27;[0m Executing command 'getCurrentContext'
&amp#27;[38;5;32m[XCUITestDriver@e07a (28adf0bf)]&amp#27;[0m Responding to client with driver.getCurrentContext() result: "NATIVE_APP"
&amp#27;[38;5;0m[HTTP]&amp#27;[0m &amp#27;[37m<-- GET /session/28adf0bf-7ee8-437a-b2e7-798510efe6fe/context &amp#27;[39m&amp#27;[32m200&amp#27;[39m &amp#27;[90m1 ms - 22&amp#27;[39m
&amp#27;[38;5;0m[HTTP]&amp#27;[0m &amp#27;[90m&amp#27;[39m
&amp#27;[38;5;0m[HTTP]&amp#27;[0m &amp#27;[37m-->&amp#27;[39m &amp#27;[37mPOST&amp#27;[39m &amp#27;[37m/session/28adf0bf-7ee8-437a-b2e7-798510efe6fe/element&amp#27;[39m
&amp#27;[38;5;0m[HTTP]&amp#27;[0m &amp#27;[90m{"using":"xpath","value":"//XCUIElementTypeButton[@name=\"ic backArrowShadow\"]"}&amp#27;[39m
&amp#27;[38;5;32m[XCUITestDriver@e07a (28adf0bf)]&amp#27;[0m Calling AppiumDriver.findElement() with args: ["xpath","//XCUIElementTypeButton[@name=\"ic backArrowShadow\"]","28adf0bf-7ee8-437a-b2e7-798510efe6fe"]
&amp#27;[38;5;32m[XCUITestDriver@e07a (28adf0bf)]&amp#27;[0m Executing command 'findElement'
&amp#27;[38;5;32m[XCUITestDriver@e07a (28adf0bf)]&amp#27;[0m Valid locator strategies for this request: xpath, id, name, class name, -ios predicate string, -ios class chain, accessibility id, css selector
&amp#27;[38;5;32m[XCUITestDriver@e07a (28adf0bf)]&amp#27;[0m Waiting up to 0 ms for condition
&amp#27;[38;5;32m[XCUITestDriver@e07a (28adf0bf)]&amp#27;[0m Matched '/element' to command name 'findElement'
&amp#27;[38;5;32m[XCUITestDriver@e07a (28adf0bf)]&amp#27;[0m Proxying [POST /element] to [POST http://127.0.0.1:8100/session/E78FC83E-19E7-4136-B719-97A048452808/element] with body: {"using":"xpath","value":"//XCUIElementTypeButton[@name=\"ic backArrowShadow\"]"}
&amp#27;[38;5;32m[XCUITestDriver@e07a (28adf0bf)]&amp#27;[0m Got response with status 200: {"value":{"ELEMENT":"09030000-0000-0000-0103-000000000000","element-6066-11e4-a52e-4f735466cecf":"09030000-0000-0000-0103-000000000000"},"sessionId":"E78FC83E-19E7-4136-B719-97A048452808"}
&amp#27;[38;5;32m[XCUITestDriver@e07a (28adf0bf)]&amp#27;[0m Responding to client with driver.findElement() result: {"element-6066-11e4-a52e-4f735466cecf":"09030000-0000-0000-0103-000000000000","ELEMENT":"09030000-0000-0000-0103-000000000000"}
&amp#27;[38;5;0m[HTTP]&amp#27;[0m &amp#27;[37m<-- POST /session/28adf0bf-7ee8-437a-b2e7-798510efe6fe/element &amp#27;[39m&amp#27;[32m200&amp#27;[39m &amp#27;[90m723 ms - 137&amp#27;[39m
&amp#27;[38;5;0m[HTTP]&amp#27;[0m &amp#27;[90m&amp#27;[39m
&amp#27;[38;5;0m[HTTP]&amp#27;[0m &amp#27;[37m-->&amp#27;[39m &amp#27;[37mGET&amp#27;[39m &amp#27;[37m/session/28adf0bf-7ee8-437a-b2e7-798510efe6fe/element/09030000-0000-0000-0103-000000000000/displayed&amp#27;[39m
&amp#27;[38;5;0m[HTTP]&amp#27;[0m &amp#27;[90m{}&amp#27;[39m
&amp#27;[38;5;32m[XCUITestDriver@e07a (28adf0bf)]&amp#27;[0m Driver proxy active, passing request on via HTTP proxy
&amp#27;[38;5;32m[XCUITestDriver@e07a (28adf0bf)]&amp#27;[0m Executing command 'proxyReqRes'
&amp#27;[38;5;32m[XCUITestDriver@e07a (28adf0bf)]&amp#27;[0m Matched '/session/28adf0bf-7ee8-437a-b2e7-798510efe6fe/element/09030000-0000-0000-0103-000000000000/displayed' to command name 'elementDisplayed'
&amp#27;[38;5;32m[XCUITestDriver@e07a (28adf0bf)]&amp#27;[0m Proxying [GET /session/28adf0bf-7ee8-437a-b2e7-798510efe6fe/element/09030000-0000-0000-0103-000000000000/displayed] to [GET http://127.0.0.1:8100/session/E78FC83E-19E7-4136-B719-97A048452808/element/09030000-0000-0000-0103-000000000000/displayed] with no body
&amp#27;[38;5;32m[XCUITestDriver@e07a (28adf0bf)]&amp#27;[0m Got response with status 200: {"value":true,"sessionId":"E78FC83E-19E7-4136-B719-97A048452808"}
&amp#27;[38;5;32m[XCUITestDriver@e07a (28adf0bf)]&amp#27;[0m Replacing sessionId E78FC83E-19E7-4136-B719-97A048452808 with 28adf0bf-7ee8-437a-b2e7-798510efe6fe
&amp#27;[38;5;0m[HTTP]&amp#27;[0m &amp#27;[37m<-- GET /session/28adf0bf-7ee8-437a-b2e7-798510efe6fe/element/09030000-0000-0000-0103-000000000000/displayed &amp#27;[39m&amp#27;[32m200&amp#27;[39m &amp#27;[90m85 ms - 65&amp#27;[39m
&amp#27;[38;5;0m[HTTP]&amp#27;[0m &amp#27;[90m&amp#27;[39m
&amp#27;[38;5;0m[HTTP]&amp#27;[0m &amp#27;[37m-->&amp#27;[39m &amp#27;[37mGET&amp#27;[39m &amp#27;[37m/session/28adf0bf-7ee8-437a-b2e7-798510efe6fe/context&amp#27;[39m
&amp#27;[38;5;0m[HTTP]&amp#27;[0m &amp#27;[90m{}&amp#27;[39m
&amp#27;[38;5;32m[XCUITestDriver@e07a (28adf0bf)]&amp#27;[0m Calling AppiumDriver.getCurrentContext() with args: ["28adf0bf-7ee8-437a-b2e7-798510efe6fe"]
&amp#27;[38;5;32m[XCUITestDriver@e07a (28adf0bf)]&amp#27;[0m Executing command 'getCurrentContext'
&amp#27;[38;5;32m[XCUITestDriver@e07a (28adf0bf)]&amp#27;[0m Responding to client with driver.getCurrentContext() result: "NATIVE_APP"
&amp#27;[38;5;0m[HTTP]&amp#27;[0m &amp#27;[37m<-- GET /session/28adf0bf-7ee8-437a-b2e7-798510efe6fe/context &amp#27;[39m&amp#27;[32m200&amp#27;[39m &amp#27;[90m1 ms - 22&amp#27;[39m
&amp#27;[38;5;0m[HTTP]&amp#27;[0m &amp#27;[90m&amp#27;[39m
&amp#27;[38;5;0m[HTTP]&amp#27;[0m &amp#27;[37m-->&amp#27;[39m &amp#27;[37mPOST&amp#27;[39m &amp#27;[37m/session/28adf0bf-7ee8-437a-b2e7-798510efe6fe/element&amp#27;[39m
&amp#27;[38;5;0m[HTTP]&amp#27;[0m &amp#27;[90m{"using":"xpath","value":"//XCUIElementTypeButton[@name=\"ic backArrowShadow\"]"}&amp#27;[39m
&amp#27;[38;5;32m[XCUITestDriver@e07a (28adf0bf)]&amp#27;[0m Calling AppiumDriver.findElement() with args: ["xpath","//XCUIElementTypeButton[@name=\"ic backArrowShadow\"]","28adf0bf-7ee8-437a-b2e7-798510efe6fe"]
&amp#27;[38;5;32m[XCUITestDriver@e07a (28adf0bf)]&amp#27;[0m Executing command 'findElement'
&amp#27;[38;5;32m[XCUITestDriver@e07a (28adf0bf)]&amp#27;[0m Valid locator strategies for this request: xpath, id, name, class name, -ios predicate string, -ios class chain, accessibility id, css selector
&amp#27;[38;5;32m[XCUITestDriver@e07a (28adf0bf)]&amp#27;[0m Waiting up to 0 ms for condition
&amp#27;[38;5;32m[XCUITestDriver@e07a (28adf0bf)]&amp#27;[0m Matched '/element' to command name 'findElement'
&amp#27;[38;5;32m[XCUITestDriver@e07a (28adf0bf)]&amp#27;[0m Proxying [POST /element] to [POST http://127.0.0.1:8100/session/E78FC83E-19E7-4136-B719-97A048452808/element] with body: {"using":"xpath","value":"//XCUIElementTypeButton[@name=\"ic backArrowShadow\"]"}
&amp#27;[38;5;32m[XCUITestDriver@e07a (28adf0bf)]&amp#27;[0m Got response with status 200: {"value":{"ELEMENT":"09030000-0000-0000-0103-000000000000","element-6066-11e4-a52e-4f735466cecf":"09030000-0000-0000-0103-000000000000"},"sessionId":"E78FC83E-19E7-4136-B719-97A048452808"}
&amp#27;[38;5;32m[XCUITestDriver@e07a (28adf0bf)]&amp#27;[0m Responding to client with driver.findElement() result: {"element-6066-11e4-a52e-4f735466cecf":"09030000-0000-0000-0103-000000000000","ELEMENT":"09030000-0000-0000-0103-000000000000"}
&amp#27;[38;5;0m[HTTP]&amp#27;[0m &amp#27;[37m<-- POST /session/28adf0bf-7ee8-437a-b2e7-798510efe6fe/element &amp#27;[39m&amp#27;[32m200&amp#27;[39m &amp#27;[90m933 ms - 137&amp#27;[39m
&amp#27;[38;5;0m[HTTP]&amp#27;[0m &amp#27;[90m&amp#27;[39m
&amp#27;[38;5;0m[HTTP]&amp#27;[0m &amp#27;[37m-->&amp#27;[39m &amp#27;[37mGET&amp#27;[39m &amp#27;[37m/session/28adf0bf-7ee8-437a-b2e7-798510efe6fe/element/09030000-0000-0000-0103-000000000000/enabled&amp#27;[39m
&amp#27;[38;5;0m[HTTP]&amp#27;[0m &amp#27;[90m{}&amp#27;[39m
&amp#27;[38;5;32m[XCUITestDriver@e07a (28adf0bf)]&amp#27;[0m Driver proxy active, passing request on via HTTP proxy
&amp#27;[38;5;32m[XCUITestDriver@e07a (28adf0bf)]&amp#27;[0m Executing command 'proxyReqRes'
&amp#27;[38;5;32m[XCUITestDriver@e07a (28adf0bf)]&amp#27;[0m Matched '/session/28adf0bf-7ee8-437a-b2e7-798510efe6fe/element/09030000-0000-0000-0103-000000000000/enabled' to command name 'elementEnabled'
&amp#27;[38;5;32m[XCUITestDriver@e07a (28adf0bf)]&amp#27;[0m Proxying [GET /session/28adf0bf-7ee8-437a-b2e7-798510efe6fe/element/09030000-0000-0000-0103-000000000000/enabled] to [GET http://127.0.0.1:8100/session/E78FC83E-19E7-4136-B719-97A048452808/element/09030000-0000-0000-0103-000000000000/enabled] with no body
&amp#27;[38;5;32m[XCUITestDriver@e07a (28adf0bf)]&amp#27;[0m Got response with status 200: {"value":true,"sessionId":"E78FC83E-19E7-4136-B719-97A048452808"}
&amp#27;[38;5;32m[XCUITestDriver@e07a (28adf0bf)]&amp#27;[0m Replacing sessionId E78FC83E-19E7-4136-B719-97A048452808 with 28adf0bf-7ee8-437a-b2e7-798510efe6fe
&amp#27;[38;5;0m[HTTP]&amp#27;[0m &amp#27;[37m<-- GET /session/28adf0bf-7ee8-437a-b2e7-798510efe6fe/element/09030000-0000-0000-0103-000000000000/enabled &amp#27;[39m&amp#27;[32m200&amp#27;[39m &amp#27;[90m83 ms - 65&amp#27;[39m
&amp#27;[38;5;0m[HTTP]&amp#27;[0m &amp#27;[90m&amp#27;[39m
&amp#27;[38;5;0m[HTTP]&amp#27;[0m &amp#27;[37m-->&amp#27;[39m &amp#27;[37mGET&amp#27;[39m &amp#27;[37m/session/28adf0bf-7ee8-437a-b2e7-798510efe6fe/context&amp#27;[39m
&amp#27;[38;5;0m[HTTP]&amp#27;[0m &amp#27;[90m{}&amp#27;[39m
&amp#27;[38;5;32m[XCUITestDriver@e07a (28adf0bf)]&amp#27;[0m Calling AppiumDriver.getCurrentContext() with args: ["28adf0bf-7ee8-437a-b2e7-798510efe6fe"]
&amp#27;[38;5;32m[XCUITestDriver@e07a (28adf0bf)]&amp#27;[0m Executing command 'getCurrentContext'
&amp#27;[38;5;32m[XCUITestDriver@e07a (28adf0bf)]&amp#27;[0m Responding to client with driver.getCurrentContext() result: "NATIVE_APP"
&amp#27;[38;5;0m[HTTP]&amp#27;[0m &amp#27;[37m<-- GET /session/28adf0bf-7ee8-437a-b2e7-798510efe6fe/context &amp#27;[39m&amp#27;[32m200&amp#27;[39m &amp#27;[90m1 ms - 22&amp#27;[39m
&amp#27;[38;5;0m[HTTP]&amp#27;[0m &amp#27;[90m&amp#27;[39m
&amp#27;[38;5;0m[HTTP]&amp#27;[0m &amp#27;[37m-->&amp#27;[39m &amp#27;[37mPOST&amp#27;[39m &amp#27;[37m/session/28adf0bf-7ee8-437a-b2e7-798510efe6fe/element&amp#27;[39m
&amp#27;[38;5;0m[HTTP]&amp#27;[0m &amp#27;[90m{"using":"xpath","value":"//XCUIElementTypeButton[@name=\"ic backArrowShadow\"]"}&amp#27;[39m
&amp#27;[38;5;32m[XCUITestDriver@e07a (28adf0bf)]&amp#27;[0m Calling AppiumDriver.findElement() with args: ["xpath","//XCUIElementTypeButton[@name=\"ic backArrowShadow\"]","28adf0bf-7ee8-437a-b2e7-798510efe6fe"]
&amp#27;[38;5;32m[XCUITestDriver@e07a (28adf0bf)]&amp#27;[0m Executing command 'findElement'
&amp#27;[38;5;32m[XCUITestDriver@e07a (28adf0bf)]&amp#27;[0m Valid locator strategies for this request: xpath, id, name, class name, -ios predicate string, -ios class chain, accessibility id, css selector
&amp#27;[38;5;32m[XCUITestDriver@e07a (28adf0bf)]&amp#27;[0m Waiting up to 0 ms for condition
&amp#27;[38;5;32m[XCUITestDriver@e07a (28adf0bf)]&amp#27;[0m Matched '/element' to command name 'findElement'
&amp#27;[38;5;32m[XCUITestDriver@e07a (28adf0bf)]&amp#27;[0m Proxying [POST /element] to [POST http://127.0.0.1:8100/session/E78FC83E-19E7-4136-B719-97A048452808/element] with body: {"using":"xpath","value":"//XCUIElementTypeButton[@name=\"ic backArrowShadow\"]"}
&amp#27;[38;5;32m[XCUITestDriver@e07a (28adf0bf)]&amp#27;[0m Got response with status 200: {"value":{"ELEMENT":"09030000-0000-0000-0103-000000000000","element-6066-11e4-a52e-4f735466cecf":"09030000-0000-0000-0103-000000000000"},"sessionId":"E78FC83E-19E7-4136-B719-97A048452808"}
&amp#27;[38;5;32m[XCUITestDriver@e07a (28adf0bf)]&amp#27;[0m Responding to client with driver.findElement() result: {"element-6066-11e4-a52e-4f735466cecf":"09030000-0000-0000-0103-000000000000","ELEMENT":"09030000-0000-0000-0103-000000000000"}
&amp#27;[38;5;0m[HTTP]&amp#27;[0m &amp#27;[37m<-- POST /session/28adf0bf-7ee8-437a-b2e7-798510efe6fe/element &amp#27;[39m&amp#27;[32m200&amp#27;[39m &amp#27;[90m1087 ms - 137&amp#27;[39m
&amp#27;[38;5;0m[HTTP]&amp#27;[0m &amp#27;[90m&amp#27;[39m
&amp#27;[38;5;0m[HTTP]&amp#27;[0m &amp#27;[37m-->&amp#27;[39m &amp#27;[37mPOST&amp#27;[39m &amp#27;[37m/session/28adf0bf-7ee8-437a-b2e7-798510efe6fe/element/09030000-0000-0000-0103-000000000000/click&amp#27;[39m
&amp#27;[38;5;0m[HTTP]&amp#27;[0m &amp#27;[90m{"id":"09030000-0000-0000-0103-000000000000"}&amp#27;[39m
&amp#27;[38;5;32m[XCUITestDriver@e07a (28adf0bf)]&amp#27;[0m Driver proxy active, passing request on via HTTP proxy
&amp#27;[38;5;32m[XCUITestDriver@e07a (28adf0bf)]&amp#27;[0m Executing command 'proxyReqRes'
&amp#27;[38;5;32m[XCUITestDriver@e07a (28adf0bf)]&amp#27;[0m Matched '/session/28adf0bf-7ee8-437a-b2e7-798510efe6fe/element/09030000-0000-0000-0103-000000000000/click' to command name 'click'
&amp#27;[38;5;32m[XCUITestDriver@e07a (28adf0bf)]&amp#27;[0m Proxying [POST /session/28adf0bf-7ee8-437a-b2e7-798510efe6fe/element/09030000-0000-0000-0103-000000000000/click] to [POST http://127.0.0.1:8100/session/E78FC83E-19E7-4136-B719-97A048452808/element/09030000-0000-0000-0103-000000000000/click] with body: {"id":"09030000-0000-0000-0103-000000000000"}
&amp#27;[38;5;32m[XCUITestDriver@e07a (28adf0bf)]&amp#27;[0m Got response with status 200: {"value":null,"sessionId":"E78FC83E-19E7-4136-B719-97A048452808"}
&amp#27;[38;5;32m[XCUITestDriver@e07a (28adf0bf)]&amp#27;[0m Replacing sessionId E78FC83E-19E7-4136-B719-97A048452808 with 28adf0bf-7ee8-437a-b2e7-798510efe6fe
&amp#27;[38;5;0m[HTTP]&amp#27;[0m &amp#27;[37m<-- POST /session/28adf0bf-7ee8-437a-b2e7-798510efe6fe/element/09030000-0000-0000-0103-000000000000/click &amp#27;[39m&amp#27;[32m200&amp#27;[39m &amp#27;[90m985 ms - 65&amp#27;[39m
&amp#27;[38;5;0m[HTTP]&amp#27;[0m &amp#27;[90m&amp#27;[39m
&amp#27;[38;5;0m[HTTP]&amp#27;[0m &amp#27;[37m-->&amp#27;[39m &amp#27;[37mGET&amp#27;[39m &amp#27;[37m/session/28adf0bf-7ee8-437a-b2e7-798510efe6fe/context&amp#27;[39m
&amp#27;[38;5;0m[HTTP]&amp#27;[0m &amp#27;[90m{}&amp#27;[39m
&amp#27;[38;5;32m[XCUITestDriver@e07a (28adf0bf)]&amp#27;[0m Calling AppiumDriver.getCurrentContext() with args: ["28adf0bf-7ee8-437a-b2e7-798510efe6fe"]
&amp#27;[38;5;32m[XCUITestDriver@e07a (28adf0bf)]&amp#27;[0m Executing command 'getCurrentContext'
&amp#27;[38;5;32m[XCUITestDriver@e07a (28adf0bf)]&amp#27;[0m Responding to client with driver.getCurrentContext() result: "NATIVE_APP"
&amp#27;[38;5;0m[HTTP]&amp#27;[0m &amp#27;[37m<-- GET /session/28adf0bf-7ee8-437a-b2e7-798510efe6fe/context &amp#27;[39m&amp#27;[32m200&amp#27;[39m &amp#27;[90m2 ms - 22&amp#27;[39m
&amp#27;[38;5;0m[HTTP]&amp#27;[0m &amp#27;[90m&amp#27;[39m
&amp#27;[38;5;0m[HTTP]&amp#27;[0m &amp#27;[37m-->&amp#27;[39m &amp#27;[37mPOST&amp#27;[39m &amp#27;[37m/session/28adf0bf-7ee8-437a-b2e7-798510efe6fe/element&amp#27;[39m
&amp#27;[38;5;0m[HTTP]&amp#27;[0m &amp#27;[90m{"using":"xpath","value":"//XCUIElementTypeButton[@name=\"UIA.Therabody.TabBar.SavedTab\"]"}&amp#27;[39m
&amp#27;[38;5;32m[XCUITestDriver@e07a (28adf0bf)]&amp#27;[0m Calling AppiumDriver.findElement() with args: ["xpath","//XCUIElementTypeButton[@name=\"UIA.Therabody.TabBar.SavedTab\"]","28adf0bf-7ee8-437a-b2e7-798510efe6fe"]
&amp#27;[38;5;32m[XCUITestDriver@e07a (28adf0bf)]&amp#27;[0m Executing command 'findElement'
&amp#27;[38;5;32m[XCUITestDriver@e07a (28adf0bf)]&amp#27;[0m Valid locator strategies for this request: xpath, id, name, class name, -ios predicate string, -ios class chain, accessibility id, css selector
&amp#27;[38;5;32m[XCUITestDriver@e07a (28adf0bf)]&amp#27;[0m Waiting up to 0 ms for condition
&amp#27;[38;5;32m[XCUITestDriver@e07a (28adf0bf)]&amp#27;[0m Matched '/element' to command name 'findElement'
&amp#27;[38;5;32m[XCUITestDriver@e07a (28adf0bf)]&amp#27;[0m Proxying [POST /element] to [POST http://127.0.0.1:8100/session/E78FC83E-19E7-4136-B719-97A048452808/element] with body: {"using":"xpath","value":"//XCUIElementTypeButton[@name=\"UIA.Therabody.TabBar.SavedTab\"]"}
&amp#27;[38;5;32m[XCUITestDriver@e07a (28adf0bf)]&amp#27;[0m Got response with status 200: {"value":{"ELEMENT":"71010000-0000-0000-0103-000000000000","element-6066-11e4-a52e-4f735466cecf":"71010000-0000-0000-0103-000000000000"},"sessionId":"E78FC83E-19E7-4136-B719-97A048452808"}
&amp#27;[38;5;32m[XCUITestDriver@e07a (28adf0bf)]&amp#27;[0m Responding to client with driver.findElement() result: {"element-6066-11e4-a52e-4f735466cecf":"71010000-0000-0000-0103-000000000000","ELEMENT":"71010000-0000-0000-0103-000000000000"}
&amp#27;[38;5;0m[HTTP]&amp#27;[0m &amp#27;[37m<-- POST /session/28adf0bf-7ee8-437a-b2e7-798510efe6fe/element &amp#27;[39m&amp#27;[32m200&amp#27;[39m &amp#27;[90m1827 ms - 137&amp#27;[39m
&amp#27;[38;5;0m[HTTP]&amp#27;[0m &amp#27;[90m&amp#27;[39m
&amp#27;[38;5;0m[HTTP]&amp#27;[0m &amp#27;[37m-->&amp#27;[39m &amp#27;[37mGET&amp#27;[39m &amp#27;[37m/session/28adf0bf-7ee8-437a-b2e7-798510efe6fe/element/71010000-0000-0000-0103-000000000000/displayed&amp#27;[39m
&amp#27;[38;5;0m[HTTP]&amp#27;[0m &amp#27;[90m{}&amp#27;[39m
&amp#27;[38;5;32m[XCUITestDriver@e07a (28adf0bf)]&amp#27;[0m Driver proxy active, passing request on via HTTP proxy
&amp#27;[38;5;32m[XCUITestDriver@e07a (28adf0bf)]&amp#27;[0m Executing command 'proxyReqRes'
&amp#27;[38;5;32m[XCUITestDriver@e07a (28adf0bf)]&amp#27;[0m Matched '/session/28adf0bf-7ee8-437a-b2e7-798510efe6fe/element/71010000-0000-0000-0103-000000000000/displayed' to command name 'elementDisplayed'
&amp#27;[38;5;32m[XCUITestDriver@e07a (28adf0bf)]&amp#27;[0m Proxying [GET /session/28adf0bf-7ee8-437a-b2e7-798510efe6fe/element/71010000-0000-0000-0103-000000000000/displayed] to [GET http://127.0.0.1:8100/session/E78FC83E-19E7-4136-B719-97A048452808/element/71010000-0000-0000-0103-000000000000/displayed] with no body
&amp#27;[38;5;32m[XCUITestDriver@e07a (28adf0bf)]&amp#27;[0m Got response with status 200: {"value":true,"sessionId":"E78FC83E-19E7-4136-B719-97A048452808"}
&amp#27;[38;5;32m[XCUITestDriver@e07a (28adf0bf)]&amp#27;[0m Replacing sessionId E78FC83E-19E7-4136-B719-97A048452808 with 28adf0bf-7ee8-437a-b2e7-798510efe6fe
&amp#27;[38;5;0m[HTTP]&amp#27;[0m &amp#27;[37m<-- GET /session/28adf0bf-7ee8-437a-b2e7-798510efe6fe/element/71010000-0000-0000-0103-000000000000/displayed &amp#27;[39m&amp#27;[32m200&amp#27;[39m &amp#27;[90m139 ms - 65&amp#27;[39m
&amp#27;[38;5;0m[HTTP]&amp#27;[0m &amp#27;[90m&amp#27;[39m
&amp#27;[38;5;0m[HTTP]&amp#27;[0m &amp#27;[37m-->&amp#27;[39m &amp#27;[37mGET&amp#27;[39m &amp#27;[37m/session/28adf0bf-7ee8-437a-b2e7-798510efe6fe/context&amp#27;[39m
&amp#27;[38;5;0m[HTTP]&amp#27;[0m &amp#27;[90m{}&amp#27;[39m
&amp#27;[38;5;32m[XCUITestDriver@e07a (28adf0bf)]&amp#27;[0m Calling AppiumDriver.getCurrentContext() with args: ["28adf0bf-7ee8-437a-b2e7-798510efe6fe"]
&amp#27;[38;5;32m[XCUITestDriver@e07a (28adf0bf)]&amp#27;[0m Executing command 'getCurrentContext'
&amp#27;[38;5;32m[XCUITestDriver@e07a (28adf0bf)]&amp#27;[0m Responding to client with driver.getCurrentContext() result: "NATIVE_APP"
&amp#27;[38;5;0m[HTTP]&amp#27;[0m &amp#27;[37m<-- GET /session/28adf0bf-7ee8-437a-b2e7-798510efe6fe/context &amp#27;[39m&amp#27;[32m200&amp#27;[39m &amp#27;[90m1 ms - 22&amp#27;[39m
&amp#27;[38;5;0m[HTTP]&amp#27;[0m &amp#27;[90m&amp#27;[39m
&amp#27;[38;5;0m[HTTP]&amp#27;[0m &amp#27;[37m-->&amp#27;[39m &amp#27;[37mPOST&amp#27;[39m &amp#27;[37m/session/28adf0bf-7ee8-437a-b2e7-798510efe6fe/element&amp#27;[39m
&amp#27;[38;5;0m[HTTP]&amp#27;[0m &amp#27;[90m{"using":"xpath","value":"//XCUIElementTypeButton[@name=\"UIA.Therabody.TabBar.SavedTab\"]"}&amp#27;[39m
&amp#27;[38;5;32m[XCUITestDriver@e07a (28adf0bf)]&amp#27;[0m Calling AppiumDriver.findElement() with args: ["xpath","//XCUIElementTypeButton[@name=\"UIA.Therabody.TabBar.SavedTab\"]","28adf0bf-7ee8-437a-b2e7-798510efe6fe"]
&amp#27;[38;5;32m[XCUITestDriver@e07a (28adf0bf)]&amp#27;[0m Executing command 'findElement'
&amp#27;[38;5;32m[XCUITestDriver@e07a (28adf0bf)]&amp#27;[0m Valid locator strategies for this request: xpath, id, name, class name, -ios predicate string, -ios class chain, accessibility id, css selector
&amp#27;[38;5;32m[XCUITestDriver@e07a (28adf0bf)]&amp#27;[0m Waiting up to 0 ms for condition
&amp#27;[38;5;32m[XCUITestDriver@e07a (28adf0bf)]&amp#27;[0m Matched '/element' to command name 'findElement'
&amp#27;[38;5;32m[XCUITestDriver@e07a (28adf0bf)]&amp#27;[0m Proxying [POST /element] to [POST http://127.0.0.1:8100/session/E78FC83E-19E7-4136-B719-97A048452808/element] with body: {"using":"xpath","value":"//XCUIElementTypeButton[@name=\"UIA.Therabody.TabBar.SavedTab\"]"}
&amp#27;[38;5;32m[XCUITestDriver@e07a (28adf0bf)]&amp#27;[0m Got response with status 200: {"value":{"ELEMENT":"71010000-0000-0000-0103-000000000000","element-6066-11e4-a52e-4f735466cecf":"71010000-0000-0000-0103-000000000000"},"sessionId":"E78FC83E-19E7-4136-B719-97A048452808"}
&amp#27;[38;5;32m[XCUITestDriver@e07a (28adf0bf)]&amp#27;[0m Responding to client with driver.findElement() result: {"element-6066-11e4-a52e-4f735466cecf":"71010000-0000-0000-0103-000000000000","ELEMENT":"71010000-0000-0000-0103-000000000000"}
&amp#27;[38;5;0m[HTTP]&amp#27;[0m &amp#27;[37m<-- POST /session/28adf0bf-7ee8-437a-b2e7-798510efe6fe/element &amp#27;[39m&amp#27;[32m200&amp#27;[39m &amp#27;[90m1470 ms - 137&amp#27;[39m
&amp#27;[38;5;0m[HTTP]&amp#27;[0m &amp#27;[90m&amp#27;[39m
&amp#27;[38;5;0m[HTTP]&amp#27;[0m &amp#27;[37m-->&amp#27;[39m &amp#27;[37mGET&amp#27;[39m &amp#27;[37m/session/28adf0bf-7ee8-437a-b2e7-798510efe6fe/element/71010000-0000-0000-0103-000000000000/enabled&amp#27;[39m
&amp#27;[38;5;0m[HTTP]&amp#27;[0m &amp#27;[90m{}&amp#27;[39m
&amp#27;[38;5;32m[XCUITestDriver@e07a (28adf0bf)]&amp#27;[0m Driver proxy active, passing request on via HTTP proxy
&amp#27;[38;5;32m[XCUITestDriver@e07a (28adf0bf)]&amp#27;[0m Executing command 'proxyReqRes'
&amp#27;[38;5;32m[XCUITestDriver@e07a (28adf0bf)]&amp#27;[0m Matched '/session/28adf0bf-7ee8-437a-b2e7-798510efe6fe/element/71010000-0000-0000-0103-000000000000/enabled' to command name 'elementEnabled'
&amp#27;[38;5;32m[XCUITestDriver@e07a (28adf0bf)]&amp#27;[0m Proxying [GET /session/28adf0bf-7ee8-437a-b2e7-798510efe6fe/element/71010000-0000-0000-0103-000000000000/enabled] to [GET http://127.0.0.1:8100/session/E78FC83E-19E7-4136-B719-97A048452808/element/71010000-0000-0000-0103-000000000000/enabled] with no body
&amp#27;[38;5;32m[XCUITestDriver@e07a (28adf0bf)]&amp#27;[0m Got response with status 200: {"value":true,"sessionId":"E78FC83E-19E7-4136-B719-97A048452808"}
&amp#27;[38;5;32m[XCUITestDriver@e07a (28adf0bf)]&amp#27;[0m Replacing sessionId E78FC83E-19E7-4136-B719-97A048452808 with 28adf0bf-7ee8-437a-b2e7-798510efe6fe
&amp#27;[38;5;0m[HTTP]&amp#27;[0m &amp#27;[37m<-- GET /session/28adf0bf-7ee8-437a-b2e7-798510efe6fe/element/71010000-0000-0000-0103-000000000000/enabled &amp#27;[39m&amp#27;[32m200&amp#27;[39m &amp#27;[90m134 ms - 65&amp#27;[39m
&amp#27;[38;5;0m[HTTP]&amp#27;[0m &amp#27;[90m&amp#27;[39m
&amp#27;[38;5;0m[HTTP]&amp#27;[0m &amp#27;[37m-->&amp#27;[39m &amp#27;[37mGET&amp#27;[39m &amp#27;[37m/session/28adf0bf-7ee8-437a-b2e7-798510efe6fe/context&amp#27;[39m
&amp#27;[38;5;0m[HTTP]&amp#27;[0m &amp#27;[90m{}&amp#27;[39m
&amp#27;[38;5;32m[XCUITestDriver@e07a (28adf0bf)]&amp#27;[0m Calling AppiumDriver.getCurrentContext() with args: ["28adf0bf-7ee8-437a-b2e7-798510efe6fe"]
&amp#27;[38;5;32m[XCUITestDriver@e07a (28adf0bf)]&amp#27;[0m Executing command 'getCurrentContext'
&amp#27;[38;5;32m[XCUITestDriver@e07a (28adf0bf)]&amp#27;[0m Responding to client with driver.getCurrentContext() result: "NATIVE_APP"
&amp#27;[38;5;0m[HTTP]&amp#27;[0m &amp#27;[37m<-- GET /session/28adf0bf-7ee8-437a-b2e7-798510efe6fe/context &amp#27;[39m&amp#27;[32m200&amp#27;[39m &amp#27;[90m1 ms - 22&amp#27;[39m
&amp#27;[38;5;0m[HTTP]&amp#27;[0m &amp#27;[90m&amp#27;[39m
&amp#27;[38;5;0m[HTTP]&amp#27;[0m &amp#27;[37m-->&amp#27;[39m &amp#27;[37mPOST&amp#27;[39m &amp#27;[37m/session/28adf0bf-7ee8-437a-b2e7-798510efe6fe/element&amp#27;[39m
&amp#27;[38;5;0m[HTTP]&amp#27;[0m &amp#27;[90m{"using":"xpath","value":"//XCUIElementTypeButton[@name=\"UIA.Therabody.TabBar.SavedTab\"]"}&amp#27;[39m
&amp#27;[38;5;32m[XCUITestDriver@e07a (28adf0bf)]&amp#27;[0m Calling AppiumDriver.findElement() with args: ["xpath","//XCUIElementTypeButton[@name=\"UIA.Therabody.TabBar.SavedTab\"]","28adf0bf-7ee8-437a-b2e7-798510efe6fe"]
&amp#27;[38;5;32m[XCUITestDriver@e07a (28adf0bf)]&amp#27;[0m Executing command 'findElement'
&amp#27;[38;5;32m[XCUITestDriver@e07a (28adf0bf)]&amp#27;[0m Valid locator strategies for this request: xpath, id, name, class name, -ios predicate string, -ios class chain, accessibility id, css selector
&amp#27;[38;5;32m[XCUITestDriver@e07a (28adf0bf)]&amp#27;[0m Waiting up to 0 ms for condition
&amp#27;[38;5;32m[XCUITestDriver@e07a (28adf0bf)]&amp#27;[0m Matched '/element' to command name 'findElement'
&amp#27;[38;5;32m[XCUITestDriver@e07a (28adf0bf)]&amp#27;[0m Proxying [POST /element] to [POST http://127.0.0.1:8100/session/E78FC83E-19E7-4136-B719-97A048452808/element] with body: {"using":"xpath","value":"//XCUIElementTypeButton[@name=\"UIA.Therabody.TabBar.SavedTab\"]"}
&amp#27;[38;5;32m[XCUITestDriver@e07a (28adf0bf)]&amp#27;[0m Got response with status 200: {"value":{"ELEMENT":"71010000-0000-0000-0103-000000000000","element-6066-11e4-a52e-4f735466cecf":"71010000-0000-0000-0103-000000000000"},"sessionId":"E78FC83E-19E7-4136-B719-97A048452808"}
&amp#27;[38;5;32m[XCUITestDriver@e07a (28adf0bf)]&amp#27;[0m Responding to client with driver.findElement() result: {"element-6066-11e4-a52e-4f735466cecf":"71010000-0000-0000-0103-000000000000","ELEMENT":"71010000-0000-0000-0103-000000000000"}
&amp#27;[38;5;0m[HTTP]&amp#27;[0m &amp#27;[37m<-- POST /session/28adf0bf-7ee8-437a-b2e7-798510efe6fe/element &amp#27;[39m&amp#27;[32m200&amp#27;[39m &amp#27;[90m1460 ms - 137&amp#27;[39m
&amp#27;[38;5;0m[HTTP]&amp#27;[0m &amp#27;[90m&amp#27;[39m
&amp#27;[38;5;0m[HTTP]&amp#27;[0m &amp#27;[37m-->&amp#27;[39m &amp#27;[37mPOST&amp#27;[39m &amp#27;[37m/session/28adf0bf-7ee8-437a-b2e7-798510efe6fe/element/71010000-0000-0000-0103-000000000000/click&amp#27;[39m
&amp#27;[38;5;0m[HTTP]&amp#27;[0m &amp#27;[90m{"id":"71010000-0000-0000-0103-000000000000"}&amp#27;[39m
&amp#27;[38;5;32m[XCUITestDriver@e07a (28adf0bf)]&amp#27;[0m Driver proxy active, passing request on via HTTP proxy
&amp#27;[38;5;32m[XCUITestDriver@e07a (28adf0bf)]&amp#27;[0m Executing command 'proxyReqRes'
&amp#27;[38;5;32m[XCUITestDriver@e07a (28adf0bf)]&amp#27;[0m Matched '/session/28adf0bf-7ee8-437a-b2e7-798510efe6fe/element/71010000-0000-0000-0103-000000000000/click' to command name 'click'
&amp#27;[38;5;32m[XCUITestDriver@e07a (28adf0bf)]&amp#27;[0m Proxying [POST /session/28adf0bf-7ee8-437a-b2e7-798510efe6fe/element/71010000-0000-0000-0103-000000000000/click] to [POST http://127.0.0.1:8100/session/E78FC83E-19E7-4136-B719-97A048452808/element/71010000-0000-0000-0103-000000000000/click] with body: {"id":"71010000-0000-0000-0103-000000000000"}
&amp#27;[38;5;32m[XCUITestDriver@e07a (28adf0bf)]&amp#27;[0m Got response with status 200: {"value":null,"sessionId":"E78FC83E-19E7-4136-B719-97A048452808"}
&amp#27;[38;5;32m[XCUITestDriver@e07a (28adf0bf)]&amp#27;[0m Replacing sessionId E78FC83E-19E7-4136-B719-97A048452808 with 28adf0bf-7ee8-437a-b2e7-798510efe6fe
&amp#27;[38;5;0m[HTTP]&amp#27;[0m &amp#27;[37m<-- POST /session/28adf0bf-7ee8-437a-b2e7-798510efe6fe/element/71010000-0000-0000-0103-000000000000/click &amp#27;[39m&amp#27;[32m200&amp#27;[39m &amp#27;[90m1010 ms - 65&amp#27;[39m
&amp#27;[38;5;0m[HTTP]&amp#27;[0m &amp#27;[90m&amp#27;[39m
&amp#27;[38;5;0m[HTTP]&amp#27;[0m &amp#27;[37m-->&amp#27;[39m &amp#27;[37mGET&amp#27;[39m &amp#27;[37m/session/28adf0bf-7ee8-437a-b2e7-798510efe6fe/context&amp#27;[39m
&amp#27;[38;5;0m[HTTP]&amp#27;[0m &amp#27;[90m{}&amp#27;[39m
&amp#27;[38;5;32m[XCUITestDriver@e07a (28adf0bf)]&amp#27;[0m Calling AppiumDriver.getCurrentContext() with args: ["28adf0bf-7ee8-437a-b2e7-798510efe6fe"]
&amp#27;[38;5;32m[XCUITestDriver@e07a (28adf0bf)]&amp#27;[0m Executing command 'getCurrentContext'
&amp#27;[38;5;32m[XCUITestDriver@e07a (28adf0bf)]&amp#27;[0m Responding to client with driver.getCurrentContext() result: "NATIVE_APP"
&amp#27;[38;5;0m[HTTP]&amp#27;[0m &amp#27;[37m<-- GET /session/28adf0bf-7ee8-437a-b2e7-798510efe6fe/context &amp#27;[39m&amp#27;[32m200&amp#27;[39m &amp#27;[90m2 ms - 22&amp#27;[39m
&amp#27;[38;5;0m[HTTP]&amp#27;[0m &amp#27;[90m&amp#27;[39m
&amp#27;[38;5;0m[HTTP]&amp#27;[0m &amp#27;[37m-->&amp#27;[39m &amp#27;[37mPOST&amp#27;[39m &amp#27;[37m/session/28adf0bf-7ee8-437a-b2e7-798510efe6fe/element&amp#27;[39m
&amp#27;[38;5;0m[HTTP]&amp#27;[0m &amp#27;[90m{"using":"xpath","value":"//XCUIElementTypeStaticText[@name=\"Bedtime Ritual\"]"}&amp#27;[39m
&amp#27;[38;5;32m[XCUITestDriver@e07a (28adf0bf)]&amp#27;[0m Calling AppiumDriver.findElement() with args: ["xpath","//XCUIElementTypeStaticText[@name=\"Bedtime Ritual\"]","28adf0bf-7ee8-437a-b2e7-798510efe6fe"]
&amp#27;[38;5;32m[XCUITestDriver@e07a (28adf0bf)]&amp#27;[0m Executing command 'findElement'
&amp#27;[38;5;32m[XCUITestDriver@e07a (28adf0bf)]&amp#27;[0m Valid locator strategies for this request: xpath, id, name, class name, -ios predicate string, -ios class chain, accessibility id, css selector
&amp#27;[38;5;32m[XCUITestDriver@e07a (28adf0bf)]&amp#27;[0m Waiting up to 0 ms for condition
&amp#27;[38;5;32m[XCUITestDriver@e07a (28adf0bf)]&amp#27;[0m Matched '/element' to command name 'findElement'
&amp#27;[38;5;32m[XCUITestDriver@e07a (28adf0bf)]&amp#27;[0m Proxying [POST /element] to [POST http://127.0.0.1:8100/session/E78FC83E-19E7-4136-B719-97A048452808/element] with body: {"using":"xpath","value":"//XCUIElementTypeStaticText[@name=\"Bedtime Ritual\"]"}
&amp#27;[38;5;32m[XCUITestDriver@e07a (28adf0bf)]&amp#27;[0m Got response with status 200: {"value":{"ELEMENT":"F6030000-0000-0000-0103-000000000000","element-6066-11e4-a52e-4f735466cecf":"F6030000-0000-0000-0103-000000000000"},"sessionId":"E78FC83E-19E7-4136-B719-97A048452808"}
&amp#27;[38;5;32m[XCUITestDriver@e07a (28adf0bf)]&amp#27;[0m Responding to client with driver.findElement() result: {"element-6066-11e4-a52e-4f735466cecf":"F6030000-0000-0000-0103-000000000000","ELEMENT":"F6030000-0000-0000-0103-000000000000"}
&amp#27;[38;5;0m[HTTP]&amp#27;[0m &amp#27;[37m<-- POST /session/28adf0bf-7ee8-437a-b2e7-798510efe6fe/element &amp#27;[39m&amp#27;[32m200&amp#27;[39m &amp#27;[90m549 ms - 137&amp#27;[39m
&amp#27;[38;5;0m[HTTP]&amp#27;[0m &amp#27;[90m&amp#27;[39m
&amp#27;[38;5;0m[HTTP]&amp#27;[0m &amp#27;[37m-->&amp#27;[39m &amp#27;[37mGET&amp#27;[39m &amp#27;[37m/session/28adf0bf-7ee8-437a-b2e7-798510efe6fe/element/F6030000-0000-0000-0103-000000000000/displayed&amp#27;[39m
&amp#27;[38;5;0m[HTTP]&amp#27;[0m &amp#27;[90m{}&amp#27;[39m
&amp#27;[38;5;32m[XCUITestDriver@e07a (28adf0bf)]&amp#27;[0m Driver proxy active, passing request on via HTTP proxy
&amp#27;[38;5;32m[XCUITestDriver@e07a (28adf0bf)]&amp#27;[0m Executing command 'proxyReqRes'
&amp#27;[38;5;32m[XCUITestDriver@e07a (28adf0bf)]&amp#27;[0m Matched '/session/28adf0bf-7ee8-437a-b2e7-798510efe6fe/element/F6030000-0000-0000-0103-000000000000/displayed' to command name 'elementDisplayed'
&amp#27;[38;5;32m[XCUITestDriver@e07a (28adf0bf)]&amp#27;[0m Proxying [GET /session/28adf0bf-7ee8-437a-b2e7-798510efe6fe/element/F6030000-0000-0000-0103-000000000000/displayed] to [GET http://127.0.0.1:8100/session/E78FC83E-19E7-4136-B719-97A048452808/element/F6030000-0000-0000-0103-000000000000/displayed] with no body
&amp#27;[38;5;32m[XCUITestDriver@e07a (28adf0bf)]&amp#27;[0m Got response with status 200: {"value":true,"sessionId":"E78FC83E-19E7-4136-B719-97A048452808"}
&amp#27;[38;5;32m[XCUITestDriver@e07a (28adf0bf)]&amp#27;[0m Replacing sessionId E78FC83E-19E7-4136-B719-97A048452808 with 28adf0bf-7ee8-437a-b2e7-798510efe6fe
&amp#27;[38;5;0m[HTTP]&amp#27;[0m &amp#27;[37m<-- GET /session/28adf0bf-7ee8-437a-b2e7-798510efe6fe/element/F6030000-0000-0000-0103-000000000000/displayed &amp#27;[39m&amp#27;[32m200&amp#27;[39m &amp#27;[90m65 ms - 65&amp#27;[39m
&amp#27;[38;5;0m[HTTP]&amp#27;[0m &amp#27;[90m&amp#27;[39m
&amp#27;[38;5;0m[HTTP]&amp#27;[0m &amp#27;[37m-->&amp#27;[39m &amp#27;[37mGET&amp#27;[39m &amp#27;[37m/session/28adf0bf-7ee8-437a-b2e7-798510efe6fe/context&amp#27;[39m
&amp#27;[38;5;0m[HTTP]&amp#27;[0m &amp#27;[90m{}&amp#27;[39m
&amp#27;[38;5;32m[XCUITestDriver@e07a (28adf0bf)]&amp#27;[0m Calling AppiumDriver.getCurrentContext() with args: ["28adf0bf-7ee8-437a-b2e7-798510efe6fe"]
&amp#27;[38;5;32m[XCUITestDriver@e07a (28adf0bf)]&amp#27;[0m Executing command 'getCurrentContext'
&amp#27;[38;5;32m[XCUITestDriver@e07a (28adf0bf)]&amp#27;[0m Responding to client with driver.getCurrentContext() result: "NATIVE_APP"
&amp#27;[38;5;0m[HTTP]&amp#27;[0m &amp#27;[37m<-- GET /session/28adf0bf-7ee8-437a-b2e7-798510efe6fe/context &amp#27;[39m&amp#27;[32m200&amp#27;[39m &amp#27;[90m1 ms - 22&amp#27;[39m
&amp#27;[38;5;0m[HTTP]&amp#27;[0m &amp#27;[90m&amp#27;[39m
&amp#27;[38;5;0m[HTTP]&amp#27;[0m &amp#27;[37m-->&amp#27;[39m &amp#27;[37mPOST&amp#27;[39m &amp#27;[37m/session/28adf0bf-7ee8-437a-b2e7-798510efe6fe/element&amp#27;[39m
&amp#27;[38;5;0m[HTTP]&amp#27;[0m &amp#27;[90m{"using":"xpath","value":"//XCUIElementTypeStaticText[@name=\"Bedtime Ritual\"]"}&amp#27;[39m
&amp#27;[38;5;32m[XCUITestDriver@e07a (28adf0bf)]&amp#27;[0m Calling AppiumDriver.findElement() with args: ["xpath","//XCUIElementTypeStaticText[@name=\"Bedtime Ritual\"]","28adf0bf-7ee8-437a-b2e7-798510efe6fe"]
&amp#27;[38;5;32m[XCUITestDriver@e07a (28adf0bf)]&amp#27;[0m Executing command 'findElement'
&amp#27;[38;5;32m[XCUITestDriver@e07a (28adf0bf)]&amp#27;[0m Valid locator strategies for this request: xpath, id, name, class name, -ios predicate string, -ios class chain, accessibility id, css selector
&amp#27;[38;5;32m[XCUITestDriver@e07a (28adf0bf)]&amp#27;[0m Waiting up to 0 ms for condition
&amp#27;[38;5;32m[XCUITestDriver@e07a (28adf0bf)]&amp#27;[0m Matched '/element' to command name 'findElement'
&amp#27;[38;5;32m[XCUITestDriver@e07a (28adf0bf)]&amp#27;[0m Proxying [POST /element] to [POST http://127.0.0.1:8100/session/E78FC83E-19E7-4136-B719-97A048452808/element] with body: {"using":"xpath","value":"//XCUIElementTypeStaticText[@name=\"Bedtime Ritual\"]"}
&amp#27;[38;5;32m[XCUITestDriver@e07a (28adf0bf)]&amp#27;[0m Got response with status 200: {"value":{"ELEMENT":"F6030000-0000-0000-0103-000000000000","element-6066-11e4-a52e-4f735466cecf":"F6030000-0000-0000-0103-000000000000"},"sessionId":"E78FC83E-19E7-4136-B719-97A048452808"}
&amp#27;[38;5;32m[XCUITestDriver@e07a (28adf0bf)]&amp#27;[0m Responding to client with driver.findElement() result: {"element-6066-11e4-a52e-4f735466cecf":"F6030000-0000-0000-0103-000000000000","ELEMENT":"F6030000-0000-0000-0103-000000000000"}
&amp#27;[38;5;0m[HTTP]&amp#27;[0m &amp#27;[37m<-- POST /session/28adf0bf-7ee8-437a-b2e7-798510efe6fe/element &amp#27;[39m&amp#27;[32m200&amp#27;[39m &amp#27;[90m387 ms - 137&amp#27;[39m
&amp#27;[38;5;0m[HTTP]&amp#27;[0m &amp#27;[90m&amp#27;[39m
&amp#27;[38;5;0m[HTTP]&amp#27;[0m &amp#27;[37m-->&amp#27;[39m &amp#27;[37mGET&amp#27;[39m &amp#27;[37m/session/28adf0bf-7ee8-437a-b2e7-798510efe6fe/element/F6030000-0000-0000-0103-000000000000/text&amp#27;[39m
&amp#27;[38;5;0m[HTTP]&amp#27;[0m &amp#27;[90m{}&amp#27;[39m
&amp#27;[38;5;32m[XCUITestDriver@e07a (28adf0bf)]&amp#27;[0m Driver proxy active, passing request on via HTTP proxy
&amp#27;[38;5;32m[XCUITestDriver@e07a (28adf0bf)]&amp#27;[0m Executing command 'proxyReqRes'
&amp#27;[38;5;32m[XCUITestDriver@e07a (28adf0bf)]&amp#27;[0m Matched '/session/28adf0bf-7ee8-437a-b2e7-798510efe6fe/element/F6030000-0000-0000-0103-000000000000/text' to command name 'getText'
&amp#27;[38;5;32m[XCUITestDriver@e07a (28adf0bf)]&amp#27;[0m Proxying [GET /session/28adf0bf-7ee8-437a-b2e7-798510efe6fe/element/F6030000-0000-0000-0103-000000000000/text] to [GET http://127.0.0.1:8100/session/E78FC83E-19E7-4136-B719-97A048452808/element/F6030000-0000-0000-0103-000000000000/text] with no body
&amp#27;[38;5;32m[XCUITestDriver@e07a (28adf0bf)]&amp#27;[0m Got response with status 200: {"value":"Bedtime Ritual","sessionId":"E78FC83E-19E7-4136-B719-97A048452808"}
&amp#27;[38;5;32m[XCUITestDriver@e07a (28adf0bf)]&amp#27;[0m Replacing sessionId E78FC83E-19E7-4136-B719-97A048452808 with 28adf0bf-7ee8-437a-b2e7-798510efe6fe
&amp#27;[38;5;0m[HTTP]&amp#27;[0m &amp#27;[37m<-- GET /session/28adf0bf-7ee8-437a-b2e7-798510efe6fe/element/F6030000-0000-0000-0103-000000000000/text &amp#27;[39m&amp#27;[32m200&amp#27;[39m &amp#27;[90m57 ms - 77&amp#27;[39m
&amp#27;[38;5;0m[HTTP]&amp#27;[0m &amp#27;[90m&amp#27;[39m
Bedtime Ritual routine is present on Saved tab
&amp#27;[38;5;0m[HTTP]&amp#27;[0m &amp#27;[37m-->&amp#27;[39m &amp#27;[37mGET&amp#27;[39m &amp#27;[37m/session/28adf0bf-7ee8-437a-b2e7-798510efe6fe/context&amp#27;[39m
&amp#27;[38;5;0m[HTTP]&amp#27;[0m &amp#27;[90m{}&amp#27;[39m
&amp#27;[38;5;32m[XCUITestDriver@e07a (28adf0bf)]&amp#27;[0m Calling AppiumDriver.getCurrentContext() with args: ["28adf0bf-7ee8-437a-b2e7-798510efe6fe"]
&amp#27;[38;5;32m[XCUITestDriver@e07a (28adf0bf)]&amp#27;[0m Executing command 'getCurrentContext'
&amp#27;[38;5;32m[XCUITestDriver@e07a (28adf0bf)]&amp#27;[0m Responding to client with driver.getCurrentContext() result: "NATIVE_APP"
&amp#27;[38;5;0m[HTTP]&amp#27;[0m &amp#27;[37m<-- GET /session/28adf0bf-7ee8-437a-b2e7-798510efe6fe/context &amp#27;[39m&amp#27;[32m200&amp#27;[39m &amp#27;[90m1 ms - 22&amp#27;[39m
&amp#27;[38;5;0m[HTTP]&amp#27;[0m &amp#27;[90m&amp#27;[39m
&amp#27;[38;5;0m[HTTP]&amp#27;[0m &amp#27;[37m-->&amp#27;[39m &amp#27;[37mPOST&amp#27;[39m &amp#27;[37m/session/28adf0bf-7ee8-437a-b2e7-798510efe6fe/element&amp#27;[39m
&amp#27;[38;5;0m[HTTP]&amp#27;[0m &amp#27;[90m{"using":"xpath","value":"//XCUIElementTypeStaticText[@name=\"Bedtime Ritual\"]"}&amp#27;[39m
&amp#27;[38;5;32m[XCUITestDriver@e07a (28adf0bf)]&amp#27;[0m Calling AppiumDriver.findElement() with args: ["xpath","//XCUIElementTypeStaticText[@name=\"Bedtime Ritual\"]","28adf0bf-7ee8-437a-b2e7-798510efe6fe"]
&amp#27;[38;5;32m[XCUITestDriver@e07a (28adf0bf)]&amp#27;[0m Executing command 'findElement'
&amp#27;[38;5;32m[XCUITestDriver@e07a (28adf0bf)]&amp#27;[0m Valid locator strategies for this request: xpath, id, name, class name, -ios predicate string, -ios class chain, accessibility id, css selector
&amp#27;[38;5;32m[XCUITestDriver@e07a (28adf0bf)]&amp#27;[0m Waiting up to 0 ms for condition
&amp#27;[38;5;32m[XCUITestDriver@e07a (28adf0bf)]&amp#27;[0m Matched '/element' to command name 'findElement'
&amp#27;[38;5;32m[XCUITestDriver@e07a (28adf0bf)]&amp#27;[0m Proxying [POST /element] to [POST http://127.0.0.1:8100/session/E78FC83E-19E7-4136-B719-97A048452808/element] with body: {"using":"xpath","value":"//XCUIElementTypeStaticText[@name=\"Bedtime Ritual\"]"}
&amp#27;[38;5;32m[XCUITestDriver@e07a (28adf0bf)]&amp#27;[0m Got response with status 200: {"value":{"ELEMENT":"F6030000-0000-0000-0103-000000000000","element-6066-11e4-a52e-4f735466cecf":"F6030000-0000-0000-0103-000000000000"},"sessionId":"E78FC83E-19E7-4136-B719-97A048452808"}
&amp#27;[38;5;32m[XCUITestDriver@e07a (28adf0bf)]&amp#27;[0m Responding to client with driver.findElement() result: {"element-6066-11e4-a52e-4f735466cecf":"F6030000-0000-0000-0103-000000000000","ELEMENT":"F6030000-0000-0000-0103-000000000000"}
&amp#27;[38;5;0m[HTTP]&amp#27;[0m &amp#27;[37m<-- POST /session/28adf0bf-7ee8-437a-b2e7-798510efe6fe/element &amp#27;[39m&amp#27;[32m200&amp#27;[39m &amp#27;[90m490 ms - 137&amp#27;[39m
&amp#27;[38;5;0m[HTTP]&amp#27;[0m &amp#27;[90m&amp#27;[39m
&amp#27;[38;5;0m[HTTP]&amp#27;[0m &amp#27;[37m-->&amp#27;[39m &amp#27;[37mGET&amp#27;[39m &amp#27;[37m/session/28adf0bf-7ee8-437a-b2e7-798510efe6fe/element/F6030000-0000-0000-0103-000000000000/text&amp#27;[39m
&amp#27;[38;5;0m[HTTP]&amp#27;[0m &amp#27;[90m{}&amp#27;[39m
&amp#27;[38;5;32m[XCUITestDriver@e07a (28adf0bf)]&amp#27;[0m Driver proxy active, passing request on via HTTP proxy
&amp#27;[38;5;32m[XCUITestDriver@e07a (28adf0bf)]&amp#27;[0m Executing command 'proxyReqRes'
&amp#27;[38;5;32m[XCUITestDriver@e07a (28adf0bf)]&amp#27;[0m Matched '/session/28adf0bf-7ee8-437a-b2e7-798510efe6fe/element/F6030000-0000-0000-0103-000000000000/text' to command name 'getText'
&amp#27;[38;5;32m[XCUITestDriver@e07a (28adf0bf)]&amp#27;[0m Proxying [GET /session/28adf0bf-7ee8-437a-b2e7-798510efe6fe/element/F6030000-0000-0000-0103-000000000000/text] to [GET http://127.0.0.1:8100/session/E78FC83E-19E7-4136-B719-97A048452808/element/F6030000-0000-0000-0103-000000000000/text] with no body
&amp#27;[38;5;32m[XCUITestDriver@e07a (28adf0bf)]&amp#27;[0m Got response with status 200: {"value":"Bedtime Ritual","sessionId":"E78FC83E-19E7-4136-B719-97A048452808"}
&amp#27;[38;5;32m[XCUITestDriver@e07a (28adf0bf)]&amp#27;[0m Replacing sessionId E78FC83E-19E7-4136-B719-97A048452808 with 28adf0bf-7ee8-437a-b2e7-798510efe6fe
&amp#27;[38;5;0m[HTTP]&amp#27;[0m &amp#27;[37m<-- GET /session/28adf0bf-7ee8-437a-b2e7-798510efe6fe/element/F6030000-0000-0000-0103-000000000000/text &amp#27;[39m&amp#27;[32m200&amp#27;[39m &amp#27;[90m44 ms - 77&amp#27;[39m
&amp#27;[38;5;0m[HTTP]&amp#27;[0m &amp#27;[90m&amp#27;[39m
&amp#27;[38;5;0m[HTTP]&amp#27;[0m &amp#27;[37m-->&amp#27;[39m &amp#27;[37mGET&amp#27;[39m &amp#27;[37m/session/28adf0bf-7ee8-437a-b2e7-798510efe6fe/context&amp#27;[39m
&amp#27;[38;5;0m[HTTP]&amp#27;[0m &amp#27;[90m{}&amp#27;[39m
&amp#27;[38;5;32m[XCUITestDriver@e07a (28adf0bf)]&amp#27;[0m Calling AppiumDriver.getCurrentContext() with args: ["28adf0bf-7ee8-437a-b2e7-798510efe6fe"]
&amp#27;[38;5;32m[XCUITestDriver@e07a (28adf0bf)]&amp#27;[0m Executing command 'getCurrentContext'
&amp#27;[38;5;32m[XCUITestDriver@e07a (28adf0bf)]&amp#27;[0m Responding to client with driver.getCurrentContext() result: "NATIVE_APP"
&amp#27;[38;5;0m[HTTP]&amp#27;[0m &amp#27;[37m<-- GET /session/28adf0bf-7ee8-437a-b2e7-798510efe6fe/context &amp#27;[39m&amp#27;[32m200&amp#27;[39m &amp#27;[90m1 ms - 22&amp#27;[39m
&amp#27;[38;5;0m[HTTP]&amp#27;[0m &amp#27;[90m&amp#27;[39m
&amp#27;[38;5;0m[HTTP]&amp#27;[0m &amp#27;[37m-->&amp#27;[39m &amp#27;[37mPOST&amp#27;[39m &amp#27;[37m/session/28adf0bf-7ee8-437a-b2e7-798510efe6fe/element&amp#27;[39m
&amp#27;[38;5;0m[HTTP]&amp#27;[0m &amp#27;[90m{"using":"xpath","value":"//XCUIElementTypeButton[@name=\"UIA.Therabody.TabBar.HomeTab\"]"}&amp#27;[39m
&amp#27;[38;5;32m[XCUITestDriver@e07a (28adf0bf)]&amp#27;[0m Calling AppiumDriver.findElement() with args: ["xpath","//XCUIElementTypeButton[@name=\"UIA.Therabody.TabBar.HomeTab\"]","28adf0bf-7ee8-437a-b2e7-798510efe6fe"]
&amp#27;[38;5;32m[XCUITestDriver@e07a (28adf0bf)]&amp#27;[0m Executing command 'findElement'
&amp#27;[38;5;32m[XCUITestDriver@e07a (28adf0bf)]&amp#27;[0m Valid locator strategies for this request: xpath, id, name, class name, -ios predicate string, -ios class chain, accessibility id, css selector
&amp#27;[38;5;32m[XCUITestDriver@e07a (28adf0bf)]&amp#27;[0m Waiting up to 0 ms for condition
&amp#27;[38;5;32m[XCUITestDriver@e07a (28adf0bf)]&amp#27;[0m Matched '/element' to command name 'findElement'
&amp#27;[38;5;32m[XCUITestDriver@e07a (28adf0bf)]&amp#27;[0m Proxying [POST /element] to [POST http://127.0.0.1:8100/session/E78FC83E-19E7-4136-B719-97A048452808/element] with body: {"using":"xpath","value":"//XCUIElementTypeButton[@name=\"UIA.Therabody.TabBar.HomeTab\"]"}
&amp#27;[38;5;32m[XCUITestDriver@e07a (28adf0bf)]&amp#27;[0m Got response with status 200: {"value":{"ELEMENT":"EC030000-0000-0000-0103-000000000000","element-6066-11e4-a52e-4f735466cecf":"EC030000-0000-0000-0103-000000000000"},"sessionId":"E78FC83E-19E7-4136-B719-97A048452808"}
&amp#27;[38;5;32m[XCUITestDriver@e07a (28adf0bf)]&amp#27;[0m Responding to client with driver.findElement() result: {"element-6066-11e4-a52e-4f735466cecf":"EC030000-0000-0000-0103-000000000000","ELEMENT":"EC030000-0000-0000-0103-000000000000"}
&amp#27;[38;5;0m[HTTP]&amp#27;[0m &amp#27;[37m<-- POST /session/28adf0bf-7ee8-437a-b2e7-798510efe6fe/element &amp#27;[39m&amp#27;[32m200&amp#27;[39m &amp#27;[90m410 ms - 137&amp#27;[39m
&amp#27;[38;5;0m[HTTP]&amp#27;[0m &amp#27;[90m&amp#27;[39m
&amp#27;[38;5;0m[HTTP]&amp#27;[0m &amp#27;[37m-->&amp#27;[39m &amp#27;[37mGET&amp#27;[39m &amp#27;[37m/session/28adf0bf-7ee8-437a-b2e7-798510efe6fe/element/EC030000-0000-0000-0103-000000000000/displayed&amp#27;[39m
&amp#27;[38;5;0m[HTTP]&amp#27;[0m &amp#27;[90m{}&amp#27;[39m
&amp#27;[38;5;32m[XCUITestDriver@e07a (28adf0bf)]&amp#27;[0m Driver proxy active, passing request on via HTTP proxy
&amp#27;[38;5;32m[XCUITestDriver@e07a (28adf0bf)]&amp#27;[0m Executing command 'proxyReqRes'
&amp#27;[38;5;32m[XCUITestDriver@e07a (28adf0bf)]&amp#27;[0m Matched '/session/28adf0bf-7ee8-437a-b2e7-798510efe6fe/element/EC030000-0000-0000-0103-000000000000/displayed' to command name 'elementDisplayed'
&amp#27;[38;5;32m[XCUITestDriver@e07a (28adf0bf)]&amp#27;[0m Proxying [GET /session/28adf0bf-7ee8-437a-b2e7-798510efe6fe/element/EC030000-0000-0000-0103-000000000000/displayed] to [GET http://127.0.0.1:8100/session/E78FC83E-19E7-4136-B719-97A048452808/element/EC030000-0000-0000-0103-000000000000/displayed] with no body
&amp#27;[38;5;32m[XCUITestDriver@e07a (28adf0bf)]&amp#27;[0m Got response with status 200: {"value":true,"sessionId":"E78FC83E-19E7-4136-B719-97A048452808"}
&amp#27;[38;5;32m[XCUITestDriver@e07a (28adf0bf)]&amp#27;[0m Replacing sessionId E78FC83E-19E7-4136-B719-97A048452808 with 28adf0bf-7ee8-437a-b2e7-798510efe6fe
&amp#27;[38;5;0m[HTTP]&amp#27;[0m &amp#27;[37m<-- GET /session/28adf0bf-7ee8-437a-b2e7-798510efe6fe/element/EC030000-0000-0000-0103-000000000000/displayed &amp#27;[39m&amp#27;[32m200&amp#27;[39m &amp#27;[90m68 ms - 65&amp#27;[39m
&amp#27;[38;5;0m[HTTP]&amp#27;[0m &amp#27;[90m&amp#27;[39m
&amp#27;[38;5;0m[HTTP]&amp#27;[0m &amp#27;[37m-->&amp#27;[39m &amp#27;[37mGET&amp#27;[39m &amp#27;[37m/session/28adf0bf-7ee8-437a-b2e7-798510efe6fe/context&amp#27;[39m
&amp#27;[38;5;0m[HTTP]&amp#27;[0m &amp#27;[90m{}&amp#27;[39m
&amp#27;[38;5;32m[XCUITestDriver@e07a (28adf0bf)]&amp#27;[0m Calling AppiumDriver.getCurrentContext() with args: ["28adf0bf-7ee8-437a-b2e7-798510efe6fe"]
&amp#27;[38;5;32m[XCUITestDriver@e07a (28adf0bf)]&amp#27;[0m Executing command 'getCurrentContext'
&amp#27;[38;5;32m[XCUITestDriver@e07a (28adf0bf)]&amp#27;[0m Responding to client with driver.getCurrentContext() result: "NATIVE_APP"
&amp#27;[38;5;0m[HTTP]&amp#27;[0m &amp#27;[37m<-- GET /session/28adf0bf-7ee8-437a-b2e7-798510efe6fe/context &amp#27;[39m&amp#27;[32m200&amp#27;[39m &amp#27;[90m1 ms - 22&amp#27;[39m
&amp#27;[38;5;0m[HTTP]&amp#27;[0m &amp#27;[90m&amp#27;[39m
&amp#27;[38;5;0m[HTTP]&amp#27;[0m &amp#27;[37m-->&amp#27;[39m &amp#27;[37mPOST&amp#27;[39m &amp#27;[37m/session/28adf0bf-7ee8-437a-b2e7-798510efe6fe/element&amp#27;[39m
&amp#27;[38;5;0m[HTTP]&amp#27;[0m &amp#27;[90m{"using":"xpath","value":"//XCUIElementTypeButton[@name=\"UIA.Therabody.TabBar.HomeTab\"]"}&amp#27;[39m
&amp#27;[38;5;32m[XCUITestDriver@e07a (28adf0bf)]&amp#27;[0m Calling AppiumDriver.findElement() with args: ["xpath","//XCUIElementTypeButton[@name=\"UIA.Therabody.TabBar.HomeTab\"]","28adf0bf-7ee8-437a-b2e7-798510efe6fe"]
&amp#27;[38;5;32m[XCUITestDriver@e07a (28adf0bf)]&amp#27;[0m Executing command 'findElement'
&amp#27;[38;5;32m[XCUITestDriver@e07a (28adf0bf)]&amp#27;[0m Valid locator strategies for this request: xpath, id, name, class name, -ios predicate string, -ios class chain, accessibility id, css selector
&amp#27;[38;5;32m[XCUITestDriver@e07a (28adf0bf)]&amp#27;[0m Waiting up to 0 ms for condition
&amp#27;[38;5;32m[XCUITestDriver@e07a (28adf0bf)]&amp#27;[0m Matched '/element' to command name 'findElement'
&amp#27;[38;5;32m[XCUITestDriver@e07a (28adf0bf)]&amp#27;[0m Proxying [POST /element] to [POST http://127.0.0.1:8100/session/E78FC83E-19E7-4136-B719-97A048452808/element] with body: {"using":"xpath","value":"//XCUIElementTypeButton[@name=\"UIA.Therabody.TabBar.HomeTab\"]"}
&amp#27;[38;5;32m[XCUITestDriver@e07a (28adf0bf)]&amp#27;[0m Got response with status 200: {"value":{"ELEMENT":"EC030000-0000-0000-0103-000000000000","element-6066-11e4-a52e-4f735466cecf":"EC030000-0000-0000-0103-000000000000"},"sessionId":"E78FC83E-19E7-4136-B719-97A048452808"}
&amp#27;[38;5;32m[XCUITestDriver@e07a (28adf0bf)]&amp#27;[0m Responding to client with driver.findElement() result: {"element-6066-11e4-a52e-4f735466cecf":"EC030000-0000-0000-0103-000000000000","ELEMENT":"EC030000-0000-0000-0103-000000000000"}
&amp#27;[38;5;0m[HTTP]&amp#27;[0m &amp#27;[37m<-- POST /session/28adf0bf-7ee8-437a-b2e7-798510efe6fe/element &amp#27;[39m&amp#27;[32m200&amp#27;[39m &amp#27;[90m537 ms - 137&amp#27;[39m
&amp#27;[38;5;0m[HTTP]&amp#27;[0m &amp#27;[90m&amp#27;[39m
&amp#27;[38;5;0m[HTTP]&amp#27;[0m &amp#27;[37m-->&amp#27;[39m &amp#27;[37mGET&amp#27;[39m &amp#27;[37m/session/28adf0bf-7ee8-437a-b2e7-798510efe6fe/element/EC030000-0000-0000-0103-000000000000/enabled&amp#27;[39m
&amp#27;[38;5;0m[HTTP]&amp#27;[0m &amp#27;[90m{}&amp#27;[39m
&amp#27;[38;5;32m[XCUITestDriver@e07a (28adf0bf)]&amp#27;[0m Driver proxy active, passing request on via HTTP proxy
&amp#27;[38;5;32m[XCUITestDriver@e07a (28adf0bf)]&amp#27;[0m Executing command 'proxyReqRes'
&amp#27;[38;5;32m[XCUITestDriver@e07a (28adf0bf)]&amp#27;[0m Matched '/session/28adf0bf-7ee8-437a-b2e7-798510efe6fe/element/EC030000-0000-0000-0103-000000000000/enabled' to command name 'elementEnabled'
&amp#27;[38;5;32m[XCUITestDriver@e07a (28adf0bf)]&amp#27;[0m Proxying [GET /session/28adf0bf-7ee8-437a-b2e7-798510efe6fe/element/EC030000-0000-0000-0103-000000000000/enabled] to [GET http://127.0.0.1:8100/session/E78FC83E-19E7-4136-B719-97A048452808/element/EC030000-0000-0000-0103-000000000000/enabled] with no body
&amp#27;[38;5;32m[XCUITestDriver@e07a (28adf0bf)]&amp#27;[0m Got response with status 200: {"value":true,"sessionId":"E78FC83E-19E7-4136-B719-97A048452808"}
&amp#27;[38;5;32m[XCUITestDriver@e07a (28adf0bf)]&amp#27;[0m Replacing sessionId E78FC83E-19E7-4136-B719-97A048452808 with 28adf0bf-7ee8-437a-b2e7-798510efe6fe
&amp#27;[38;5;0m[HTTP]&amp#27;[0m &amp#27;[37m<-- GET /session/28adf0bf-7ee8-437a-b2e7-798510efe6fe/element/EC030000-0000-0000-0103-000000000000/enabled &amp#27;[39m&amp#27;[32m200&amp#27;[39m &amp#27;[90m45 ms - 65&amp#27;[39m
&amp#27;[38;5;0m[HTTP]&amp#27;[0m &amp#27;[90m&amp#27;[39m
&amp#27;[38;5;0m[HTTP]&amp#27;[0m &amp#27;[37m-->&amp#27;[39m &amp#27;[37mGET&amp#27;[39m &amp#27;[37m/session/28adf0bf-7ee8-437a-b2e7-798510efe6fe/context&amp#27;[39m
&amp#27;[38;5;0m[HTTP]&amp#27;[0m &amp#27;[90m{}&amp#27;[39m
&amp#27;[38;5;32m[XCUITestDriver@e07a (28adf0bf)]&amp#27;[0m Calling AppiumDriver.getCurrentContext() with args: ["28adf0bf-7ee8-437a-b2e7-798510efe6fe"]
&amp#27;[38;5;32m[XCUITestDriver@e07a (28adf0bf)]&amp#27;[0m Executing command 'getCurrentContext'
&amp#27;[38;5;32m[XCUITestDriver@e07a (28adf0bf)]&amp#27;[0m Responding to client with driver.getCurrentContext() result: "NATIVE_APP"
&amp#27;[38;5;0m[HTTP]&amp#27;[0m &amp#27;[37m<-- GET /session/28adf0bf-7ee8-437a-b2e7-798510efe6fe/context &amp#27;[39m&amp#27;[32m200&amp#27;[39m &amp#27;[90m1 ms - 22&amp#27;[39m
&amp#27;[38;5;0m[HTTP]&amp#27;[0m &amp#27;[90m&amp#27;[39m
&amp#27;[38;5;0m[HTTP]&amp#27;[0m &amp#27;[37m-->&amp#27;[39m &amp#27;[37mPOST&amp#27;[39m &amp#27;[37m/session/28adf0bf-7ee8-437a-b2e7-798510efe6fe/element&amp#27;[39m
&amp#27;[38;5;0m[HTTP]&amp#27;[0m &amp#27;[90m{"using":"xpath","value":"//XCUIElementTypeButton[@name=\"UIA.Therabody.TabBar.HomeTab\"]"}&amp#27;[39m
&amp#27;[38;5;32m[XCUITestDriver@e07a (28adf0bf)]&amp#27;[0m Calling AppiumDriver.findElement() with args: ["xpath","//XCUIElementTypeButton[@name=\"UIA.Therabody.TabBar.HomeTab\"]","28adf0bf-7ee8-437a-b2e7-798510efe6fe"]
&amp#27;[38;5;32m[XCUITestDriver@e07a (28adf0bf)]&amp#27;[0m Executing command 'findElement'
&amp#27;[38;5;32m[XCUITestDriver@e07a (28adf0bf)]&amp#27;[0m Valid locator strategies for this request: xpath, id, name, class name, -ios predicate string, -ios class chain, accessibility id, css selector
&amp#27;[38;5;32m[XCUITestDriver@e07a (28adf0bf)]&amp#27;[0m Waiting up to 0 ms for condition
&amp#27;[38;5;32m[XCUITestDriver@e07a (28adf0bf)]&amp#27;[0m Matched '/element' to command name 'findElement'
&amp#27;[38;5;32m[XCUITestDriver@e07a (28adf0bf)]&amp#27;[0m Proxying [POST /element] to [POST http://127.0.0.1:8100/session/E78FC83E-19E7-4136-B719-97A048452808/element] with body: {"using":"xpath","value":"//XCUIElementTypeButton[@name=\"UIA.Therabody.TabBar.HomeTab\"]"}
&amp#27;[38;5;32m[XCUITestDriver@e07a (28adf0bf)]&amp#27;[0m Got response with status 200: {"value":{"ELEMENT":"EC030000-0000-0000-0103-000000000000","element-6066-11e4-a52e-4f735466cecf":"EC030000-0000-0000-0103-000000000000"},"sessionId":"E78FC83E-19E7-4136-B719-97A048452808"}
&amp#27;[38;5;32m[XCUITestDriver@e07a (28adf0bf)]&amp#27;[0m Responding to client with driver.findElement() result: {"element-6066-11e4-a52e-4f735466cecf":"EC030000-0000-0000-0103-000000000000","ELEMENT":"EC030000-0000-0000-0103-000000000000"}
&amp#27;[38;5;0m[HTTP]&amp#27;[0m &amp#27;[37m<-- POST /session/28adf0bf-7ee8-437a-b2e7-798510efe6fe/element &amp#27;[39m&amp#27;[32m200&amp#27;[39m &amp#27;[90m567 ms - 137&amp#27;[39m
&amp#27;[38;5;0m[HTTP]&amp#27;[0m &amp#27;[90m&amp#27;[39m
&amp#27;[38;5;0m[HTTP]&amp#27;[0m &amp#27;[37m-->&amp#27;[39m &amp#27;[37mPOST&amp#27;[39m &amp#27;[37m/session/28adf0bf-7ee8-437a-b2e7-798510efe6fe/element/EC030000-0000-0000-0103-000000000000/click&amp#27;[39m
&amp#27;[38;5;0m[HTTP]&amp#27;[0m &amp#27;[90m{"id":"EC030000-0000-0000-0103-000000000000"}&amp#27;[39m
&amp#27;[38;5;32m[XCUITestDriver@e07a (28adf0bf)]&amp#27;[0m Driver proxy active, passing request on via HTTP proxy
&amp#27;[38;5;32m[XCUITestDriver@e07a (28adf0bf)]&amp#27;[0m Executing command 'proxyReqRes'
&amp#27;[38;5;32m[XCUITestDriver@e07a (28adf0bf)]&amp#27;[0m Matched '/session/28adf0bf-7ee8-437a-b2e7-798510efe6fe/element/EC030000-0000-0000-0103-000000000000/click' to command name 'click'
&amp#27;[38;5;32m[XCUITestDriver@e07a (28adf0bf)]&amp#27;[0m Proxying [POST /session/28adf0bf-7ee8-437a-b2e7-798510efe6fe/element/EC030000-0000-0000-0103-000000000000/click] to [POST http://127.0.0.1:8100/session/E78FC83E-19E7-4136-B719-97A048452808/element/EC030000-0000-0000-0103-000000000000/click] with body: {"id":"EC030000-0000-0000-0103-000000000000"}
&amp#27;[38;5;32m[XCUITestDriver@e07a (28adf0bf)]&amp#27;[0m Got response with status 200: {"value":null,"sessionId":"E78FC83E-19E7-4136-B719-97A048452808"}
&amp#27;[38;5;32m[XCUITestDriver@e07a (28adf0bf)]&amp#27;[0m Replacing sessionId E78FC83E-19E7-4136-B719-97A048452808 with 28adf0bf-7ee8-437a-b2e7-798510efe6fe
&amp#27;[38;5;0m[HTTP]&amp#27;[0m &amp#27;[37m<-- POST /session/28adf0bf-7ee8-437a-b2e7-798510efe6fe/element/EC030000-0000-0000-0103-000000000000/click &amp#27;[39m&amp#27;[32m200&amp#27;[39m &amp#27;[90m609 ms - 65&amp#27;[39m
&amp#27;[38;5;0m[HTTP]&amp#27;[0m &amp#27;[90m&amp#27;[39m
Welcome back to Homepage
]]></system-out>
  </testcase>
  <testcase name="testForgetDevice" classname="testCases.TheragunMiniTCs" time="43.397">
    <system-out><![CDATA[&amp#27;[38;5;0m[HTTP]&amp#27;[0m &amp#27;[37m-->&amp#27;[39m &amp#27;[37mGET&amp#27;[39m &amp#27;[37m/session/28adf0bf-7ee8-437a-b2e7-798510efe6fe/context&amp#27;[39m
&amp#27;[38;5;0m[HTTP]&amp#27;[0m &amp#27;[90m{}&amp#27;[39m
&amp#27;[38;5;32m[XCUITestDriver@e07a (28adf0bf)]&amp#27;[0m Calling AppiumDriver.getCurrentContext() with args: ["28adf0bf-7ee8-437a-b2e7-798510efe6fe"]
&amp#27;[38;5;32m[XCUITestDriver@e07a (28adf0bf)]&amp#27;[0m Executing command 'getCurrentContext'
&amp#27;[38;5;32m[XCUITestDriver@e07a (28adf0bf)]&amp#27;[0m Responding to client with driver.getCurrentContext() result: "NATIVE_APP"
&amp#27;[38;5;0m[HTTP]&amp#27;[0m &amp#27;[37m<-- GET /session/28adf0bf-7ee8-437a-b2e7-798510efe6fe/context &amp#27;[39m&amp#27;[32m200&amp#27;[39m &amp#27;[90m1 ms - 22&amp#27;[39m
&amp#27;[38;5;0m[HTTP]&amp#27;[0m &amp#27;[90m&amp#27;[39m
&amp#27;[38;5;0m[HTTP]&amp#27;[0m &amp#27;[37m-->&amp#27;[39m &amp#27;[37mPOST&amp#27;[39m &amp#27;[37m/session/28adf0bf-7ee8-437a-b2e7-798510efe6fe/element&amp#27;[39m
&amp#27;[38;5;0m[HTTP]&amp#27;[0m &amp#27;[90m{"using":"xpath","value":"//XCUIElementTypeApplication[@name=\"Therabody\"]/XCUIElementTypeWindow[1]/XCUIElementTypeOther/XCUIElementTypeOther/XCUIElementTypeOther/XCUIElementTypeOther/XCUIElementTypeOther/XCUIElementTypeOther/XCUIElementTypeOther/XCUIElementTypeOther/XCUIElementTypeOther/XCUIElementTypeOther/XCUIElementTypeOther/XCUIElementTypeOther/XCUIElementTypeButton"}&amp#27;[39m
&amp#27;[38;5;32m[XCUITestDriver@e07a (28adf0bf)]&amp#27;[0m Calling AppiumDriver.findElement() with args: ["xpath","//XCUIElementTypeApplication[@name=\"Therabody\"]/XCUIElementTypeWindow[1]/XCUIElementTypeOther/XCUIElementTypeOther/XCUIElementTypeOther/XCUIElementTypeOther/XCUIElementTypeOther/XCUIElementTypeOther/XCUIElementTypeOther/XCUIElementTypeOther/XCUIElementTypeOther/XCUIElementTypeOther/XCUIElementTypeOther/XCUIElementTypeOther/XCUIElementTypeButton","28adf0bf-7ee8-437a-b2e7-798510efe6fe"]
&amp#27;[38;5;32m[XCUITestDriver@e07a (28adf0bf)]&amp#27;[0m Executing command 'findElement'
&amp#27;[38;5;32m[XCUITestDriver@e07a (28adf0bf)]&amp#27;[0m Valid locator strategies for this request: xpath, id, name, class name, -ios predicate string, -ios class chain, accessibility id, css selector
&amp#27;[38;5;32m[XCUITestDriver@e07a (28adf0bf)]&amp#27;[0m Waiting up to 0 ms for condition
&amp#27;[38;5;32m[XCUITestDriver@e07a (28adf0bf)]&amp#27;[0m Matched '/element' to command name 'findElement'
&amp#27;[38;5;32m[XCUITestDriver@e07a (28adf0bf)]&amp#27;[0m Proxying [POST /element] to [POST http://127.0.0.1:8100/session/E78FC83E-19E7-4136-B719-97A048452808/element] with body: {"using":"xpath","value":"//XCUIElementTypeApplication[@name=\"Therabody\"]/XCUIElementTypeWindow[1]/XCUIElementTypeOther/XCUIElementTypeOther/XCUIElementTypeOther/XCUIElementTypeOther/XCUIElementTypeOther/XCUIElementTypeOther/XCUIElementTypeOther/XCUIElementTypeOther/XCUIElementTypeOther/XCUIElementTypeOther/XCUIElementTypeOther/XCUIElementTypeOther/XCUIElementTypeButton"}
&amp#27;[38;5;32m[XCUITestDriver@e07a (28adf0bf)]&amp#27;[0m Got response with status 200: {"value":{"ELEMENT":"82010000-0000-0000-0103-000000000000","element-6066-11e4-a52e-4f735466cecf":"82010000-0000-0000-0103-000000000000"},"sessionId":"E78FC83E-19E7-4136-B719-97A048452808"}
&amp#27;[38;5;32m[XCUITestDriver@e07a (28adf0bf)]&amp#27;[0m Responding to client with driver.findElement() result: {"element-6066-11e4-a52e-4f735466cecf":"82010000-0000-0000-0103-000000000000","ELEMENT":"82010000-0000-0000-0103-000000000000"}
&amp#27;[38;5;0m[HTTP]&amp#27;[0m &amp#27;[37m<-- POST /session/28adf0bf-7ee8-437a-b2e7-798510efe6fe/element &amp#27;[39m&amp#27;[32m200&amp#27;[39m &amp#27;[90m1866 ms - 137&amp#27;[39m
&amp#27;[38;5;0m[HTTP]&amp#27;[0m &amp#27;[90m&amp#27;[39m
&amp#27;[38;5;0m[HTTP]&amp#27;[0m &amp#27;[37m-->&amp#27;[39m &amp#27;[37mGET&amp#27;[39m &amp#27;[37m/session/28adf0bf-7ee8-437a-b2e7-798510efe6fe/element/82010000-0000-0000-0103-000000000000/displayed&amp#27;[39m
&amp#27;[38;5;0m[HTTP]&amp#27;[0m &amp#27;[90m{}&amp#27;[39m
&amp#27;[38;5;32m[XCUITestDriver@e07a (28adf0bf)]&amp#27;[0m Driver proxy active, passing request on via HTTP proxy
&amp#27;[38;5;32m[XCUITestDriver@e07a (28adf0bf)]&amp#27;[0m Executing command 'proxyReqRes'
&amp#27;[38;5;32m[XCUITestDriver@e07a (28adf0bf)]&amp#27;[0m Matched '/session/28adf0bf-7ee8-437a-b2e7-798510efe6fe/element/82010000-0000-0000-0103-000000000000/displayed' to command name 'elementDisplayed'
&amp#27;[38;5;32m[XCUITestDriver@e07a (28adf0bf)]&amp#27;[0m Proxying [GET /session/28adf0bf-7ee8-437a-b2e7-798510efe6fe/element/82010000-0000-0000-0103-000000000000/displayed] to [GET http://127.0.0.1:8100/session/E78FC83E-19E7-4136-B719-97A048452808/element/82010000-0000-0000-0103-000000000000/displayed] with no body
&amp#27;[38;5;32m[XCUITestDriver@e07a (28adf0bf)]&amp#27;[0m Got response with status 200: {"value":true,"sessionId":"E78FC83E-19E7-4136-B719-97A048452808"}
&amp#27;[38;5;32m[XCUITestDriver@e07a (28adf0bf)]&amp#27;[0m Replacing sessionId E78FC83E-19E7-4136-B719-97A048452808 with 28adf0bf-7ee8-437a-b2e7-798510efe6fe
&amp#27;[38;5;0m[HTTP]&amp#27;[0m &amp#27;[37m<-- GET /session/28adf0bf-7ee8-437a-b2e7-798510efe6fe/element/82010000-0000-0000-0103-000000000000/displayed &amp#27;[39m&amp#27;[32m200&amp#27;[39m &amp#27;[90m151 ms - 65&amp#27;[39m
&amp#27;[38;5;0m[HTTP]&amp#27;[0m &amp#27;[90m&amp#27;[39m
&amp#27;[38;5;0m[HTTP]&amp#27;[0m &amp#27;[37m-->&amp#27;[39m &amp#27;[37mGET&amp#27;[39m &amp#27;[37m/session/28adf0bf-7ee8-437a-b2e7-798510efe6fe/context&amp#27;[39m
&amp#27;[38;5;0m[HTTP]&amp#27;[0m &amp#27;[90m{}&amp#27;[39m
&amp#27;[38;5;32m[XCUITestDriver@e07a (28adf0bf)]&amp#27;[0m Calling AppiumDriver.getCurrentContext() with args: ["28adf0bf-7ee8-437a-b2e7-798510efe6fe"]
&amp#27;[38;5;32m[XCUITestDriver@e07a (28adf0bf)]&amp#27;[0m Executing command 'getCurrentContext'
&amp#27;[38;5;32m[XCUITestDriver@e07a (28adf0bf)]&amp#27;[0m Responding to client with driver.getCurrentContext() result: "NATIVE_APP"
&amp#27;[38;5;0m[HTTP]&amp#27;[0m &amp#27;[37m<-- GET /session/28adf0bf-7ee8-437a-b2e7-798510efe6fe/context &amp#27;[39m&amp#27;[32m200&amp#27;[39m &amp#27;[90m1 ms - 22&amp#27;[39m
&amp#27;[38;5;0m[HTTP]&amp#27;[0m &amp#27;[90m&amp#27;[39m
&amp#27;[38;5;0m[HTTP]&amp#27;[0m &amp#27;[37m-->&amp#27;[39m &amp#27;[37mPOST&amp#27;[39m &amp#27;[37m/session/28adf0bf-7ee8-437a-b2e7-798510efe6fe/element&amp#27;[39m
&amp#27;[38;5;0m[HTTP]&amp#27;[0m &amp#27;[90m{"using":"xpath","value":"//XCUIElementTypeApplication[@name=\"Therabody\"]/XCUIElementTypeWindow[1]/XCUIElementTypeOther/XCUIElementTypeOther/XCUIElementTypeOther/XCUIElementTypeOther/XCUIElementTypeOther/XCUIElementTypeOther/XCUIElementTypeOther/XCUIElementTypeOther/XCUIElementTypeOther/XCUIElementTypeOther/XCUIElementTypeOther/XCUIElementTypeOther/XCUIElementTypeButton"}&amp#27;[39m
&amp#27;[38;5;32m[XCUITestDriver@e07a (28adf0bf)]&amp#27;[0m Calling AppiumDriver.findElement() with args: ["xpath","//XCUIElementTypeApplication[@name=\"Therabody\"]/XCUIElementTypeWindow[1]/XCUIElementTypeOther/XCUIElementTypeOther/XCUIElementTypeOther/XCUIElementTypeOther/XCUIElementTypeOther/XCUIElementTypeOther/XCUIElementTypeOther/XCUIElementTypeOther/XCUIElementTypeOther/XCUIElementTypeOther/XCUIElementTypeOther/XCUIElementTypeOther/XCUIElementTypeButton","28adf0bf-7ee8-437a-b2e7-798510efe6fe"]
&amp#27;[38;5;32m[XCUITestDriver@e07a (28adf0bf)]&amp#27;[0m Executing command 'findElement'
&amp#27;[38;5;32m[XCUITestDriver@e07a (28adf0bf)]&amp#27;[0m Valid locator strategies for this request: xpath, id, name, class name, -ios predicate string, -ios class chain, accessibility id, css selector
&amp#27;[38;5;32m[XCUITestDriver@e07a (28adf0bf)]&amp#27;[0m Waiting up to 0 ms for condition
&amp#27;[38;5;32m[XCUITestDriver@e07a (28adf0bf)]&amp#27;[0m Matched '/element' to command name 'findElement'
&amp#27;[38;5;32m[XCUITestDriver@e07a (28adf0bf)]&amp#27;[0m Proxying [POST /element] to [POST http://127.0.0.1:8100/session/E78FC83E-19E7-4136-B719-97A048452808/element] with body: {"using":"xpath","value":"//XCUIElementTypeApplication[@name=\"Therabody\"]/XCUIElementTypeWindow[1]/XCUIElementTypeOther/XCUIElementTypeOther/XCUIElementTypeOther/XCUIElementTypeOther/XCUIElementTypeOther/XCUIElementTypeOther/XCUIElementTypeOther/XCUIElementTypeOther/XCUIElementTypeOther/XCUIElementTypeOther/XCUIElementTypeOther/XCUIElementTypeOther/XCUIElementTypeButton"}
&amp#27;[38;5;32m[XCUITestDriver@e07a (28adf0bf)]&amp#27;[0m Got response with status 200: {"value":{"ELEMENT":"82010000-0000-0000-0103-000000000000","element-6066-11e4-a52e-4f735466cecf":"82010000-0000-0000-0103-000000000000"},"sessionId":"E78FC83E-19E7-4136-B719-97A048452808"}
&amp#27;[38;5;32m[XCUITestDriver@e07a (28adf0bf)]&amp#27;[0m Responding to client with driver.findElement() result: {"element-6066-11e4-a52e-4f735466cecf":"82010000-0000-0000-0103-000000000000","ELEMENT":"82010000-0000-0000-0103-000000000000"}
&amp#27;[38;5;0m[HTTP]&amp#27;[0m &amp#27;[37m<-- POST /session/28adf0bf-7ee8-437a-b2e7-798510efe6fe/element &amp#27;[39m&amp#27;[32m200&amp#27;[39m &amp#27;[90m1502 ms - 137&amp#27;[39m
&amp#27;[38;5;0m[HTTP]&amp#27;[0m &amp#27;[90m&amp#27;[39m
&amp#27;[38;5;0m[HTTP]&amp#27;[0m &amp#27;[37m-->&amp#27;[39m &amp#27;[37mGET&amp#27;[39m &amp#27;[37m/session/28adf0bf-7ee8-437a-b2e7-798510efe6fe/element/82010000-0000-0000-0103-000000000000/enabled&amp#27;[39m
&amp#27;[38;5;0m[HTTP]&amp#27;[0m &amp#27;[90m{}&amp#27;[39m
&amp#27;[38;5;32m[XCUITestDriver@e07a (28adf0bf)]&amp#27;[0m Driver proxy active, passing request on via HTTP proxy
&amp#27;[38;5;32m[XCUITestDriver@e07a (28adf0bf)]&amp#27;[0m Executing command 'proxyReqRes'
&amp#27;[38;5;32m[XCUITestDriver@e07a (28adf0bf)]&amp#27;[0m Matched '/session/28adf0bf-7ee8-437a-b2e7-798510efe6fe/element/82010000-0000-0000-0103-000000000000/enabled' to command name 'elementEnabled'
&amp#27;[38;5;32m[XCUITestDriver@e07a (28adf0bf)]&amp#27;[0m Proxying [GET /session/28adf0bf-7ee8-437a-b2e7-798510efe6fe/element/82010000-0000-0000-0103-000000000000/enabled] to [GET http://127.0.0.1:8100/session/E78FC83E-19E7-4136-B719-97A048452808/element/82010000-0000-0000-0103-000000000000/enabled] with no body
&amp#27;[38;5;32m[XCUITestDriver@e07a (28adf0bf)]&amp#27;[0m Got response with status 200: {"value":true,"sessionId":"E78FC83E-19E7-4136-B719-97A048452808"}
&amp#27;[38;5;32m[XCUITestDriver@e07a (28adf0bf)]&amp#27;[0m Replacing sessionId E78FC83E-19E7-4136-B719-97A048452808 with 28adf0bf-7ee8-437a-b2e7-798510efe6fe
&amp#27;[38;5;0m[HTTP]&amp#27;[0m &amp#27;[37m<-- GET /session/28adf0bf-7ee8-437a-b2e7-798510efe6fe/element/82010000-0000-0000-0103-000000000000/enabled &amp#27;[39m&amp#27;[32m200&amp#27;[39m &amp#27;[90m128 ms - 65&amp#27;[39m
&amp#27;[38;5;0m[HTTP]&amp#27;[0m &amp#27;[90m&amp#27;[39m
&amp#27;[38;5;0m[HTTP]&amp#27;[0m &amp#27;[37m-->&amp#27;[39m &amp#27;[37mGET&amp#27;[39m &amp#27;[37m/session/28adf0bf-7ee8-437a-b2e7-798510efe6fe/context&amp#27;[39m
&amp#27;[38;5;0m[HTTP]&amp#27;[0m &amp#27;[90m{}&amp#27;[39m
&amp#27;[38;5;32m[XCUITestDriver@e07a (28adf0bf)]&amp#27;[0m Calling AppiumDriver.getCurrentContext() with args: ["28adf0bf-7ee8-437a-b2e7-798510efe6fe"]
&amp#27;[38;5;32m[XCUITestDriver@e07a (28adf0bf)]&amp#27;[0m Executing command 'getCurrentContext'
&amp#27;[38;5;32m[XCUITestDriver@e07a (28adf0bf)]&amp#27;[0m Responding to client with driver.getCurrentContext() result: "NATIVE_APP"
&amp#27;[38;5;0m[HTTP]&amp#27;[0m &amp#27;[37m<-- GET /session/28adf0bf-7ee8-437a-b2e7-798510efe6fe/context &amp#27;[39m&amp#27;[32m200&amp#27;[39m &amp#27;[90m1 ms - 22&amp#27;[39m
&amp#27;[38;5;0m[HTTP]&amp#27;[0m &amp#27;[90m&amp#27;[39m
&amp#27;[38;5;0m[HTTP]&amp#27;[0m &amp#27;[37m-->&amp#27;[39m &amp#27;[37mPOST&amp#27;[39m &amp#27;[37m/session/28adf0bf-7ee8-437a-b2e7-798510efe6fe/element&amp#27;[39m
&amp#27;[38;5;0m[HTTP]&amp#27;[0m &amp#27;[90m{"using":"xpath","value":"//XCUIElementTypeApplication[@name=\"Therabody\"]/XCUIElementTypeWindow[1]/XCUIElementTypeOther/XCUIElementTypeOther/XCUIElementTypeOther/XCUIElementTypeOther/XCUIElementTypeOther/XCUIElementTypeOther/XCUIElementTypeOther/XCUIElementTypeOther/XCUIElementTypeOther/XCUIElementTypeOther/XCUIElementTypeOther/XCUIElementTypeOther/XCUIElementTypeButton"}&amp#27;[39m
&amp#27;[38;5;32m[XCUITestDriver@e07a (28adf0bf)]&amp#27;[0m Calling AppiumDriver.findElement() with args: ["xpath","//XCUIElementTypeApplication[@name=\"Therabody\"]/XCUIElementTypeWindow[1]/XCUIElementTypeOther/XCUIElementTypeOther/XCUIElementTypeOther/XCUIElementTypeOther/XCUIElementTypeOther/XCUIElementTypeOther/XCUIElementTypeOther/XCUIElementTypeOther/XCUIElementTypeOther/XCUIElementTypeOther/XCUIElementTypeOther/XCUIElementTypeOther/XCUIElementTypeButton","28adf0bf-7ee8-437a-b2e7-798510efe6fe"]
&amp#27;[38;5;32m[XCUITestDriver@e07a (28adf0bf)]&amp#27;[0m Executing command 'findElement'
&amp#27;[38;5;32m[XCUITestDriver@e07a (28adf0bf)]&amp#27;[0m Valid locator strategies for this request: xpath, id, name, class name, -ios predicate string, -ios class chain, accessibility id, css selector
&amp#27;[38;5;32m[XCUITestDriver@e07a (28adf0bf)]&amp#27;[0m Waiting up to 0 ms for condition
&amp#27;[38;5;32m[XCUITestDriver@e07a (28adf0bf)]&amp#27;[0m Matched '/element' to command name 'findElement'
&amp#27;[38;5;32m[XCUITestDriver@e07a (28adf0bf)]&amp#27;[0m Proxying [POST /element] to [POST http://127.0.0.1:8100/session/E78FC83E-19E7-4136-B719-97A048452808/element] with body: {"using":"xpath","value":"//XCUIElementTypeApplication[@name=\"Therabody\"]/XCUIElementTypeWindow[1]/XCUIElementTypeOther/XCUIElementTypeOther/XCUIElementTypeOther/XCUIElementTypeOther/XCUIElementTypeOther/XCUIElementTypeOther/XCUIElementTypeOther/XCUIElementTypeOther/XCUIElementTypeOther/XCUIElementTypeOther/XCUIElementTypeOther/XCUIElementTypeOther/XCUIElementTypeButton"}
&amp#27;[38;5;32m[XCUITestDriver@e07a (28adf0bf)]&amp#27;[0m Got response with status 200: {"value":{"ELEMENT":"82010000-0000-0000-0103-000000000000","element-6066-11e4-a52e-4f735466cecf":"82010000-0000-0000-0103-000000000000"},"sessionId":"E78FC83E-19E7-4136-B719-97A048452808"}
&amp#27;[38;5;32m[XCUITestDriver@e07a (28adf0bf)]&amp#27;[0m Responding to client with driver.findElement() result: {"element-6066-11e4-a52e-4f735466cecf":"82010000-0000-0000-0103-000000000000","ELEMENT":"82010000-0000-0000-0103-000000000000"}
&amp#27;[38;5;0m[HTTP]&amp#27;[0m &amp#27;[37m<-- POST /session/28adf0bf-7ee8-437a-b2e7-798510efe6fe/element &amp#27;[39m&amp#27;[32m200&amp#27;[39m &amp#27;[90m1570 ms - 137&amp#27;[39m
&amp#27;[38;5;0m[HTTP]&amp#27;[0m &amp#27;[90m&amp#27;[39m
&amp#27;[38;5;0m[HTTP]&amp#27;[0m &amp#27;[37m-->&amp#27;[39m &amp#27;[37mPOST&amp#27;[39m &amp#27;[37m/session/28adf0bf-7ee8-437a-b2e7-798510efe6fe/element/82010000-0000-0000-0103-000000000000/click&amp#27;[39m
&amp#27;[38;5;0m[HTTP]&amp#27;[0m &amp#27;[90m{"id":"82010000-0000-0000-0103-000000000000"}&amp#27;[39m
&amp#27;[38;5;32m[XCUITestDriver@e07a (28adf0bf)]&amp#27;[0m Driver proxy active, passing request on via HTTP proxy
&amp#27;[38;5;32m[XCUITestDriver@e07a (28adf0bf)]&amp#27;[0m Executing command 'proxyReqRes'
&amp#27;[38;5;32m[XCUITestDriver@e07a (28adf0bf)]&amp#27;[0m Matched '/session/28adf0bf-7ee8-437a-b2e7-798510efe6fe/element/82010000-0000-0000-0103-000000000000/click' to command name 'click'
&amp#27;[38;5;32m[XCUITestDriver@e07a (28adf0bf)]&amp#27;[0m Proxying [POST /session/28adf0bf-7ee8-437a-b2e7-798510efe6fe/element/82010000-0000-0000-0103-000000000000/click] to [POST http://127.0.0.1:8100/session/E78FC83E-19E7-4136-B719-97A048452808/element/82010000-0000-0000-0103-000000000000/click] with body: {"id":"82010000-0000-0000-0103-000000000000"}
&amp#27;[38;5;32m[XCUITestDriver@e07a (28adf0bf)]&amp#27;[0m Got response with status 200: {"value":null,"sessionId":"E78FC83E-19E7-4136-B719-97A048452808"}
&amp#27;[38;5;32m[XCUITestDriver@e07a (28adf0bf)]&amp#27;[0m Replacing sessionId E78FC83E-19E7-4136-B719-97A048452808 with 28adf0bf-7ee8-437a-b2e7-798510efe6fe
&amp#27;[38;5;0m[HTTP]&amp#27;[0m &amp#27;[37m<-- POST /session/28adf0bf-7ee8-437a-b2e7-798510efe6fe/element/82010000-0000-0000-0103-000000000000/click &amp#27;[39m&amp#27;[32m200&amp#27;[39m &amp#27;[90m736 ms - 65&amp#27;[39m
&amp#27;[38;5;0m[HTTP]&amp#27;[0m &amp#27;[90m&amp#27;[39m
&amp#27;[38;5;0m[HTTP]&amp#27;[0m &amp#27;[37m-->&amp#27;[39m &amp#27;[37mGET&amp#27;[39m &amp#27;[37m/session/28adf0bf-7ee8-437a-b2e7-798510efe6fe/context&amp#27;[39m
&amp#27;[38;5;0m[HTTP]&amp#27;[0m &amp#27;[90m{}&amp#27;[39m
&amp#27;[38;5;32m[XCUITestDriver@e07a (28adf0bf)]&amp#27;[0m Calling AppiumDriver.getCurrentContext() with args: ["28adf0bf-7ee8-437a-b2e7-798510efe6fe"]
&amp#27;[38;5;32m[XCUITestDriver@e07a (28adf0bf)]&amp#27;[0m Executing command 'getCurrentContext'
&amp#27;[38;5;32m[XCUITestDriver@e07a (28adf0bf)]&amp#27;[0m Responding to client with driver.getCurrentContext() result: "NATIVE_APP"
&amp#27;[38;5;0m[HTTP]&amp#27;[0m &amp#27;[37m<-- GET /session/28adf0bf-7ee8-437a-b2e7-798510efe6fe/context &amp#27;[39m&amp#27;[32m200&amp#27;[39m &amp#27;[90m1 ms - 22&amp#27;[39m
&amp#27;[38;5;0m[HTTP]&amp#27;[0m &amp#27;[90m&amp#27;[39m
&amp#27;[38;5;0m[HTTP]&amp#27;[0m &amp#27;[37m-->&amp#27;[39m &amp#27;[37mPOST&amp#27;[39m &amp#27;[37m/session/28adf0bf-7ee8-437a-b2e7-798510efe6fe/element&amp#27;[39m
&amp#27;[38;5;0m[HTTP]&amp#27;[0m &amp#27;[90m{"using":"xpath","value":"//XCUIElementTypeButton[@name=\" \"]"}&amp#27;[39m
&amp#27;[38;5;32m[XCUITestDriver@e07a (28adf0bf)]&amp#27;[0m Calling AppiumDriver.findElement() with args: ["xpath","//XCUIElementTypeButton[@name=\" \"]","28adf0bf-7ee8-437a-b2e7-798510efe6fe"]
&amp#27;[38;5;32m[XCUITestDriver@e07a (28adf0bf)]&amp#27;[0m Executing command 'findElement'
&amp#27;[38;5;32m[XCUITestDriver@e07a (28adf0bf)]&amp#27;[0m Valid locator strategies for this request: xpath, id, name, class name, -ios predicate string, -ios class chain, accessibility id, css selector
&amp#27;[38;5;32m[XCUITestDriver@e07a (28adf0bf)]&amp#27;[0m Waiting up to 0 ms for condition
&amp#27;[38;5;32m[XCUITestDriver@e07a (28adf0bf)]&amp#27;[0m Matched '/element' to command name 'findElement'
&amp#27;[38;5;32m[XCUITestDriver@e07a (28adf0bf)]&amp#27;[0m Proxying [POST /element] to [POST http://127.0.0.1:8100/session/E78FC83E-19E7-4136-B719-97A048452808/element] with body: {"using":"xpath","value":"//XCUIElementTypeButton[@name=\" \"]"}
&amp#27;[38;5;32m[XCUITestDriver@e07a (28adf0bf)]&amp#27;[0m Got response with status 200: {"value":{"ELEMENT":"C5040000-0000-0000-0103-000000000000","element-6066-11e4-a52e-4f735466cecf":"C5040000-0000-0000-0103-000000000000"},"sessionId":"E78FC83E-19E7-4136-B719-97A048452808"}
&amp#27;[38;5;32m[XCUITestDriver@e07a (28adf0bf)]&amp#27;[0m Responding to client with driver.findElement() result: {"element-6066-11e4-a52e-4f735466cecf":"C5040000-0000-0000-0103-000000000000","ELEMENT":"C5040000-0000-0000-0103-000000000000"}
&amp#27;[38;5;0m[HTTP]&amp#27;[0m &amp#27;[37m<-- POST /session/28adf0bf-7ee8-437a-b2e7-798510efe6fe/element &amp#27;[39m&amp#27;[32m200&amp#27;[39m &amp#27;[90m1684 ms - 137&amp#27;[39m
&amp#27;[38;5;0m[HTTP]&amp#27;[0m &amp#27;[90m&amp#27;[39m
&amp#27;[38;5;0m[HTTP]&amp#27;[0m &amp#27;[37m-->&amp#27;[39m &amp#27;[37mGET&amp#27;[39m &amp#27;[37m/session/28adf0bf-7ee8-437a-b2e7-798510efe6fe/element/C5040000-0000-0000-0103-000000000000/displayed&amp#27;[39m
&amp#27;[38;5;0m[HTTP]&amp#27;[0m &amp#27;[90m{}&amp#27;[39m
&amp#27;[38;5;32m[XCUITestDriver@e07a (28adf0bf)]&amp#27;[0m Driver proxy active, passing request on via HTTP proxy
&amp#27;[38;5;32m[XCUITestDriver@e07a (28adf0bf)]&amp#27;[0m Executing command 'proxyReqRes'
&amp#27;[38;5;32m[XCUITestDriver@e07a (28adf0bf)]&amp#27;[0m Matched '/session/28adf0bf-7ee8-437a-b2e7-798510efe6fe/element/C5040000-0000-0000-0103-000000000000/displayed' to command name 'elementDisplayed'
&amp#27;[38;5;32m[XCUITestDriver@e07a (28adf0bf)]&amp#27;[0m Proxying [GET /session/28adf0bf-7ee8-437a-b2e7-798510efe6fe/element/C5040000-0000-0000-0103-000000000000/displayed] to [GET http://127.0.0.1:8100/session/E78FC83E-19E7-4136-B719-97A048452808/element/C5040000-0000-0000-0103-000000000000/displayed] with no body
&amp#27;[38;5;32m[XCUITestDriver@e07a (28adf0bf)]&amp#27;[0m Got response with status 200: {"value":true,"sessionId":"E78FC83E-19E7-4136-B719-97A048452808"}
&amp#27;[38;5;32m[XCUITestDriver@e07a (28adf0bf)]&amp#27;[0m Replacing sessionId E78FC83E-19E7-4136-B719-97A048452808 with 28adf0bf-7ee8-437a-b2e7-798510efe6fe
&amp#27;[38;5;0m[HTTP]&amp#27;[0m &amp#27;[37m<-- GET /session/28adf0bf-7ee8-437a-b2e7-798510efe6fe/element/C5040000-0000-0000-0103-000000000000/displayed &amp#27;[39m&amp#27;[32m200&amp#27;[39m &amp#27;[90m143 ms - 65&amp#27;[39m
&amp#27;[38;5;0m[HTTP]&amp#27;[0m &amp#27;[90m&amp#27;[39m
&amp#27;[38;5;0m[HTTP]&amp#27;[0m &amp#27;[37m-->&amp#27;[39m &amp#27;[37mGET&amp#27;[39m &amp#27;[37m/session/28adf0bf-7ee8-437a-b2e7-798510efe6fe/context&amp#27;[39m
&amp#27;[38;5;0m[HTTP]&amp#27;[0m &amp#27;[90m{}&amp#27;[39m
&amp#27;[38;5;32m[XCUITestDriver@e07a (28adf0bf)]&amp#27;[0m Calling AppiumDriver.getCurrentContext() with args: ["28adf0bf-7ee8-437a-b2e7-798510efe6fe"]
&amp#27;[38;5;32m[XCUITestDriver@e07a (28adf0bf)]&amp#27;[0m Executing command 'getCurrentContext'
&amp#27;[38;5;32m[XCUITestDriver@e07a (28adf0bf)]&amp#27;[0m Responding to client with driver.getCurrentContext() result: "NATIVE_APP"
&amp#27;[38;5;0m[HTTP]&amp#27;[0m &amp#27;[37m<-- GET /session/28adf0bf-7ee8-437a-b2e7-798510efe6fe/context &amp#27;[39m&amp#27;[32m200&amp#27;[39m &amp#27;[90m1 ms - 22&amp#27;[39m
&amp#27;[38;5;0m[HTTP]&amp#27;[0m &amp#27;[90m&amp#27;[39m
&amp#27;[38;5;0m[HTTP]&amp#27;[0m &amp#27;[37m-->&amp#27;[39m &amp#27;[37mPOST&amp#27;[39m &amp#27;[37m/session/28adf0bf-7ee8-437a-b2e7-798510efe6fe/element&amp#27;[39m
&amp#27;[38;5;0m[HTTP]&amp#27;[0m &amp#27;[90m{"using":"xpath","value":"//XCUIElementTypeButton[@name=\" \"]"}&amp#27;[39m
&amp#27;[38;5;32m[XCUITestDriver@e07a (28adf0bf)]&amp#27;[0m Calling AppiumDriver.findElement() with args: ["xpath","//XCUIElementTypeButton[@name=\" \"]","28adf0bf-7ee8-437a-b2e7-798510efe6fe"]
&amp#27;[38;5;32m[XCUITestDriver@e07a (28adf0bf)]&amp#27;[0m Executing command 'findElement'
&amp#27;[38;5;32m[XCUITestDriver@e07a (28adf0bf)]&amp#27;[0m Valid locator strategies for this request: xpath, id, name, class name, -ios predicate string, -ios class chain, accessibility id, css selector
&amp#27;[38;5;32m[XCUITestDriver@e07a (28adf0bf)]&amp#27;[0m Waiting up to 0 ms for condition
&amp#27;[38;5;32m[XCUITestDriver@e07a (28adf0bf)]&amp#27;[0m Matched '/element' to command name 'findElement'
&amp#27;[38;5;32m[XCUITestDriver@e07a (28adf0bf)]&amp#27;[0m Proxying [POST /element] to [POST http://127.0.0.1:8100/session/E78FC83E-19E7-4136-B719-97A048452808/element] with body: {"using":"xpath","value":"//XCUIElementTypeButton[@name=\" \"]"}
&amp#27;[38;5;32m[XCUITestDriver@e07a (28adf0bf)]&amp#27;[0m Got response with status 200: {"value":{"ELEMENT":"C5040000-0000-0000-0103-000000000000","element-6066-11e4-a52e-4f735466cecf":"C5040000-0000-0000-0103-000000000000"},"sessionId":"E78FC83E-19E7-4136-B719-97A048452808"}
&amp#27;[38;5;32m[XCUITestDriver@e07a (28adf0bf)]&amp#27;[0m Responding to client with driver.findElement() result: {"element-6066-11e4-a52e-4f735466cecf":"C5040000-0000-0000-0103-000000000000","ELEMENT":"C5040000-0000-0000-0103-000000000000"}
&amp#27;[38;5;0m[HTTP]&amp#27;[0m &amp#27;[37m<-- POST /session/28adf0bf-7ee8-437a-b2e7-798510efe6fe/element &amp#27;[39m&amp#27;[32m200&amp#27;[39m &amp#27;[90m1510 ms - 137&amp#27;[39m
&amp#27;[38;5;0m[HTTP]&amp#27;[0m &amp#27;[90m&amp#27;[39m
&amp#27;[38;5;0m[HTTP]&amp#27;[0m &amp#27;[37m-->&amp#27;[39m &amp#27;[37mGET&amp#27;[39m &amp#27;[37m/session/28adf0bf-7ee8-437a-b2e7-798510efe6fe/element/C5040000-0000-0000-0103-000000000000/enabled&amp#27;[39m
&amp#27;[38;5;0m[HTTP]&amp#27;[0m &amp#27;[90m{}&amp#27;[39m
&amp#27;[38;5;32m[XCUITestDriver@e07a (28adf0bf)]&amp#27;[0m Driver proxy active, passing request on via HTTP proxy
&amp#27;[38;5;32m[XCUITestDriver@e07a (28adf0bf)]&amp#27;[0m Executing command 'proxyReqRes'
&amp#27;[38;5;32m[XCUITestDriver@e07a (28adf0bf)]&amp#27;[0m Matched '/session/28adf0bf-7ee8-437a-b2e7-798510efe6fe/element/C5040000-0000-0000-0103-000000000000/enabled' to command name 'elementEnabled'
&amp#27;[38;5;32m[XCUITestDriver@e07a (28adf0bf)]&amp#27;[0m Proxying [GET /session/28adf0bf-7ee8-437a-b2e7-798510efe6fe/element/C5040000-0000-0000-0103-000000000000/enabled] to [GET http://127.0.0.1:8100/session/E78FC83E-19E7-4136-B719-97A048452808/element/C5040000-0000-0000-0103-000000000000/enabled] with no body
&amp#27;[38;5;32m[XCUITestDriver@e07a (28adf0bf)]&amp#27;[0m Got response with status 200: {"value":true,"sessionId":"E78FC83E-19E7-4136-B719-97A048452808"}
&amp#27;[38;5;32m[XCUITestDriver@e07a (28adf0bf)]&amp#27;[0m Replacing sessionId E78FC83E-19E7-4136-B719-97A048452808 with 28adf0bf-7ee8-437a-b2e7-798510efe6fe
&amp#27;[38;5;0m[HTTP]&amp#27;[0m &amp#27;[37m<-- GET /session/28adf0bf-7ee8-437a-b2e7-798510efe6fe/element/C5040000-0000-0000-0103-000000000000/enabled &amp#27;[39m&amp#27;[32m200&amp#27;[39m &amp#27;[90m157 ms - 65&amp#27;[39m
&amp#27;[38;5;0m[HTTP]&amp#27;[0m &amp#27;[90m&amp#27;[39m
&amp#27;[38;5;0m[HTTP]&amp#27;[0m &amp#27;[37m-->&amp#27;[39m &amp#27;[37mGET&amp#27;[39m &amp#27;[37m/session/28adf0bf-7ee8-437a-b2e7-798510efe6fe/context&amp#27;[39m
&amp#27;[38;5;0m[HTTP]&amp#27;[0m &amp#27;[90m{}&amp#27;[39m
&amp#27;[38;5;32m[XCUITestDriver@e07a (28adf0bf)]&amp#27;[0m Calling AppiumDriver.getCurrentContext() with args: ["28adf0bf-7ee8-437a-b2e7-798510efe6fe"]
&amp#27;[38;5;32m[XCUITestDriver@e07a (28adf0bf)]&amp#27;[0m Executing command 'getCurrentContext'
&amp#27;[38;5;32m[XCUITestDriver@e07a (28adf0bf)]&amp#27;[0m Responding to client with driver.getCurrentContext() result: "NATIVE_APP"
&amp#27;[38;5;0m[HTTP]&amp#27;[0m &amp#27;[37m<-- GET /session/28adf0bf-7ee8-437a-b2e7-798510efe6fe/context &amp#27;[39m&amp#27;[32m200&amp#27;[39m &amp#27;[90m1 ms - 22&amp#27;[39m
&amp#27;[38;5;0m[HTTP]&amp#27;[0m &amp#27;[90m&amp#27;[39m
&amp#27;[38;5;0m[HTTP]&amp#27;[0m &amp#27;[37m-->&amp#27;[39m &amp#27;[37mPOST&amp#27;[39m &amp#27;[37m/session/28adf0bf-7ee8-437a-b2e7-798510efe6fe/element&amp#27;[39m
&amp#27;[38;5;0m[HTTP]&amp#27;[0m &amp#27;[90m{"using":"xpath","value":"//XCUIElementTypeButton[@name=\" \"]"}&amp#27;[39m
&amp#27;[38;5;32m[XCUITestDriver@e07a (28adf0bf)]&amp#27;[0m Calling AppiumDriver.findElement() with args: ["xpath","//XCUIElementTypeButton[@name=\" \"]","28adf0bf-7ee8-437a-b2e7-798510efe6fe"]
&amp#27;[38;5;32m[XCUITestDriver@e07a (28adf0bf)]&amp#27;[0m Executing command 'findElement'
&amp#27;[38;5;32m[XCUITestDriver@e07a (28adf0bf)]&amp#27;[0m Valid locator strategies for this request: xpath, id, name, class name, -ios predicate string, -ios class chain, accessibility id, css selector
&amp#27;[38;5;32m[XCUITestDriver@e07a (28adf0bf)]&amp#27;[0m Waiting up to 0 ms for condition
&amp#27;[38;5;32m[XCUITestDriver@e07a (28adf0bf)]&amp#27;[0m Matched '/element' to command name 'findElement'
&amp#27;[38;5;32m[XCUITestDriver@e07a (28adf0bf)]&amp#27;[0m Proxying [POST /element] to [POST http://127.0.0.1:8100/session/E78FC83E-19E7-4136-B719-97A048452808/element] with body: {"using":"xpath","value":"//XCUIElementTypeButton[@name=\" \"]"}
&amp#27;[38;5;32m[XCUITestDriver@e07a (28adf0bf)]&amp#27;[0m Got response with status 200: {"value":{"ELEMENT":"C5040000-0000-0000-0103-000000000000","element-6066-11e4-a52e-4f735466cecf":"C5040000-0000-0000-0103-000000000000"},"sessionId":"E78FC83E-19E7-4136-B719-97A048452808"}
&amp#27;[38;5;32m[XCUITestDriver@e07a (28adf0bf)]&amp#27;[0m Responding to client with driver.findElement() result: {"element-6066-11e4-a52e-4f735466cecf":"C5040000-0000-0000-0103-000000000000","ELEMENT":"C5040000-0000-0000-0103-000000000000"}
&amp#27;[38;5;0m[HTTP]&amp#27;[0m &amp#27;[37m<-- POST /session/28adf0bf-7ee8-437a-b2e7-798510efe6fe/element &amp#27;[39m&amp#27;[32m200&amp#27;[39m &amp#27;[90m1626 ms - 137&amp#27;[39m
&amp#27;[38;5;0m[HTTP]&amp#27;[0m &amp#27;[90m&amp#27;[39m
&amp#27;[38;5;0m[HTTP]&amp#27;[0m &amp#27;[37m-->&amp#27;[39m &amp#27;[37mPOST&amp#27;[39m &amp#27;[37m/session/28adf0bf-7ee8-437a-b2e7-798510efe6fe/element/C5040000-0000-0000-0103-000000000000/click&amp#27;[39m
&amp#27;[38;5;0m[HTTP]&amp#27;[0m &amp#27;[90m{"id":"C5040000-0000-0000-0103-000000000000"}&amp#27;[39m
&amp#27;[38;5;32m[XCUITestDriver@e07a (28adf0bf)]&amp#27;[0m Driver proxy active, passing request on via HTTP proxy
&amp#27;[38;5;32m[XCUITestDriver@e07a (28adf0bf)]&amp#27;[0m Executing command 'proxyReqRes'
&amp#27;[38;5;32m[XCUITestDriver@e07a (28adf0bf)]&amp#27;[0m Matched '/session/28adf0bf-7ee8-437a-b2e7-798510efe6fe/element/C5040000-0000-0000-0103-000000000000/click' to command name 'click'
&amp#27;[38;5;32m[XCUITestDriver@e07a (28adf0bf)]&amp#27;[0m Proxying [POST /session/28adf0bf-7ee8-437a-b2e7-798510efe6fe/element/C5040000-0000-0000-0103-000000000000/click] to [POST http://127.0.0.1:8100/session/E78FC83E-19E7-4136-B719-97A048452808/element/C5040000-0000-0000-0103-000000000000/click] with body: {"id":"C5040000-0000-0000-0103-000000000000"}
&amp#27;[38;5;32m[XCUITestDriver@e07a (28adf0bf)]&amp#27;[0m Got response with status 200: {"value":null,"sessionId":"E78FC83E-19E7-4136-B719-97A048452808"}
&amp#27;[38;5;32m[XCUITestDriver@e07a (28adf0bf)]&amp#27;[0m Replacing sessionId E78FC83E-19E7-4136-B719-97A048452808 with 28adf0bf-7ee8-437a-b2e7-798510efe6fe
&amp#27;[38;5;0m[HTTP]&amp#27;[0m &amp#27;[37m<-- POST /session/28adf0bf-7ee8-437a-b2e7-798510efe6fe/element/C5040000-0000-0000-0103-000000000000/click &amp#27;[39m&amp#27;[32m200&amp#27;[39m &amp#27;[90m1110 ms - 65&amp#27;[39m
&amp#27;[38;5;0m[HTTP]&amp#27;[0m &amp#27;[90m&amp#27;[39m
&amp#27;[38;5;0m[HTTP]&amp#27;[0m &amp#27;[37m-->&amp#27;[39m &amp#27;[37mGET&amp#27;[39m &amp#27;[37m/session/28adf0bf-7ee8-437a-b2e7-798510efe6fe/context&amp#27;[39m
&amp#27;[38;5;0m[HTTP]&amp#27;[0m &amp#27;[90m{}&amp#27;[39m
&amp#27;[38;5;32m[XCUITestDriver@e07a (28adf0bf)]&amp#27;[0m Calling AppiumDriver.getCurrentContext() with args: ["28adf0bf-7ee8-437a-b2e7-798510efe6fe"]
&amp#27;[38;5;32m[XCUITestDriver@e07a (28adf0bf)]&amp#27;[0m Executing command 'getCurrentContext'
&amp#27;[38;5;32m[XCUITestDriver@e07a (28adf0bf)]&amp#27;[0m Responding to client with driver.getCurrentContext() result: "NATIVE_APP"
&amp#27;[38;5;0m[HTTP]&amp#27;[0m &amp#27;[37m<-- GET /session/28adf0bf-7ee8-437a-b2e7-798510efe6fe/context &amp#27;[39m&amp#27;[32m200&amp#27;[39m &amp#27;[90m1 ms - 22&amp#27;[39m
&amp#27;[38;5;0m[HTTP]&amp#27;[0m &amp#27;[90m&amp#27;[39m
&amp#27;[38;5;0m[HTTP]&amp#27;[0m &amp#27;[37m-->&amp#27;[39m &amp#27;[37mPOST&amp#27;[39m &amp#27;[37m/session/28adf0bf-7ee8-437a-b2e7-798510efe6fe/element&amp#27;[39m
&amp#27;[38;5;0m[HTTP]&amp#27;[0m &amp#27;[90m{"using":"xpath","value":"//XCUIElementTypeStaticText[@name=\"Forget Device\"]"}&amp#27;[39m
&amp#27;[38;5;32m[XCUITestDriver@e07a (28adf0bf)]&amp#27;[0m Calling AppiumDriver.findElement() with args: ["xpath","//XCUIElementTypeStaticText[@name=\"Forget Device\"]","28adf0bf-7ee8-437a-b2e7-798510efe6fe"]
&amp#27;[38;5;32m[XCUITestDriver@e07a (28adf0bf)]&amp#27;[0m Executing command 'findElement'
&amp#27;[38;5;32m[XCUITestDriver@e07a (28adf0bf)]&amp#27;[0m Valid locator strategies for this request: xpath, id, name, class name, -ios predicate string, -ios class chain, accessibility id, css selector
&amp#27;[38;5;32m[XCUITestDriver@e07a (28adf0bf)]&amp#27;[0m Waiting up to 0 ms for condition
&amp#27;[38;5;32m[XCUITestDriver@e07a (28adf0bf)]&amp#27;[0m Matched '/element' to command name 'findElement'
&amp#27;[38;5;32m[XCUITestDriver@e07a (28adf0bf)]&amp#27;[0m Proxying [POST /element] to [POST http://127.0.0.1:8100/session/E78FC83E-19E7-4136-B719-97A048452808/element] with body: {"using":"xpath","value":"//XCUIElementTypeStaticText[@name=\"Forget Device\"]"}
&amp#27;[38;5;32m[XCUITestDriver@e07a (28adf0bf)]&amp#27;[0m Got response with status 200: {"value":{"ELEMENT":"E1040000-0000-0000-0103-000000000000","element-6066-11e4-a52e-4f735466cecf":"E1040000-0000-0000-0103-000000000000"},"sessionId":"E78FC83E-19E7-4136-B719-97A048452808"}
&amp#27;[38;5;32m[XCUITestDriver@e07a (28adf0bf)]&amp#27;[0m Responding to client with driver.findElement() result: {"element-6066-11e4-a52e-4f735466cecf":"E1040000-0000-0000-0103-000000000000","ELEMENT":"E1040000-0000-0000-0103-000000000000"}
&amp#27;[38;5;0m[HTTP]&amp#27;[0m &amp#27;[37m<-- POST /session/28adf0bf-7ee8-437a-b2e7-798510efe6fe/element &amp#27;[39m&amp#27;[32m200&amp#27;[39m &amp#27;[90m1691 ms - 137&amp#27;[39m
&amp#27;[38;5;0m[HTTP]&amp#27;[0m &amp#27;[90m&amp#27;[39m
&amp#27;[38;5;0m[HTTP]&amp#27;[0m &amp#27;[37m-->&amp#27;[39m &amp#27;[37mGET&amp#27;[39m &amp#27;[37m/session/28adf0bf-7ee8-437a-b2e7-798510efe6fe/element/E1040000-0000-0000-0103-000000000000/rect&amp#27;[39m
&amp#27;[38;5;0m[HTTP]&amp#27;[0m &amp#27;[90m{}&amp#27;[39m
&amp#27;[38;5;32m[XCUITestDriver@e07a (28adf0bf)]&amp#27;[0m Driver proxy active, passing request on via HTTP proxy
&amp#27;[38;5;32m[XCUITestDriver@e07a (28adf0bf)]&amp#27;[0m Executing command 'proxyReqRes'
&amp#27;[38;5;32m[XCUITestDriver@e07a (28adf0bf)]&amp#27;[0m Matched '/session/28adf0bf-7ee8-437a-b2e7-798510efe6fe/element/E1040000-0000-0000-0103-000000000000/rect' to command name 'getElementRect'
&amp#27;[38;5;32m[XCUITestDriver@e07a (28adf0bf)]&amp#27;[0m Proxying [GET /session/28adf0bf-7ee8-437a-b2e7-798510efe6fe/element/E1040000-0000-0000-0103-000000000000/rect] to [GET http://127.0.0.1:8100/session/E78FC83E-19E7-4136-B719-97A048452808/element/E1040000-0000-0000-0103-000000000000/rect] with no body
&amp#27;[38;5;32m[XCUITestDriver@e07a (28adf0bf)]&amp#27;[0m Got response with status 200: {"value":{"y":374,"x":75,"width":103,"height":20},"sessionId":"E78FC83E-19E7-4136-B719-97A048452808"}
&amp#27;[38;5;32m[XCUITestDriver@e07a (28adf0bf)]&amp#27;[0m Replacing sessionId E78FC83E-19E7-4136-B719-97A048452808 with 28adf0bf-7ee8-437a-b2e7-798510efe6fe
&amp#27;[38;5;0m[HTTP]&amp#27;[0m &amp#27;[37m<-- GET /session/28adf0bf-7ee8-437a-b2e7-798510efe6fe/element/E1040000-0000-0000-0103-000000000000/rect &amp#27;[39m&amp#27;[32m200&amp#27;[39m &amp#27;[90m175 ms - 101&amp#27;[39m
&amp#27;[38;5;0m[HTTP]&amp#27;[0m &amp#27;[90m&amp#27;[39m
&amp#27;[38;5;0m[HTTP]&amp#27;[0m &amp#27;[37m-->&amp#27;[39m &amp#27;[37mGET&amp#27;[39m &amp#27;[37m/session/28adf0bf-7ee8-437a-b2e7-798510efe6fe/context&amp#27;[39m
&amp#27;[38;5;0m[HTTP]&amp#27;[0m &amp#27;[90m{}&amp#27;[39m
&amp#27;[38;5;32m[XCUITestDriver@e07a (28adf0bf)]&amp#27;[0m Calling AppiumDriver.getCurrentContext() with args: ["28adf0bf-7ee8-437a-b2e7-798510efe6fe"]
&amp#27;[38;5;32m[XCUITestDriver@e07a (28adf0bf)]&amp#27;[0m Executing command 'getCurrentContext'
&amp#27;[38;5;32m[XCUITestDriver@e07a (28adf0bf)]&amp#27;[0m Responding to client with driver.getCurrentContext() result: "NATIVE_APP"
&amp#27;[38;5;0m[HTTP]&amp#27;[0m &amp#27;[37m<-- GET /session/28adf0bf-7ee8-437a-b2e7-798510efe6fe/context &amp#27;[39m&amp#27;[32m200&amp#27;[39m &amp#27;[90m1 ms - 22&amp#27;[39m
&amp#27;[38;5;0m[HTTP]&amp#27;[0m &amp#27;[90m&amp#27;[39m
&amp#27;[38;5;0m[HTTP]&amp#27;[0m &amp#27;[37m-->&amp#27;[39m &amp#27;[37mPOST&amp#27;[39m &amp#27;[37m/session/28adf0bf-7ee8-437a-b2e7-798510efe6fe/element&amp#27;[39m
&amp#27;[38;5;0m[HTTP]&amp#27;[0m &amp#27;[90m{"using":"xpath","value":"//XCUIElementTypeStaticText[@name=\"Forget Device\"]"}&amp#27;[39m
&amp#27;[38;5;32m[XCUITestDriver@e07a (28adf0bf)]&amp#27;[0m Calling AppiumDriver.findElement() with args: ["xpath","//XCUIElementTypeStaticText[@name=\"Forget Device\"]","28adf0bf-7ee8-437a-b2e7-798510efe6fe"]
&amp#27;[38;5;32m[XCUITestDriver@e07a (28adf0bf)]&amp#27;[0m Executing command 'findElement'
&amp#27;[38;5;32m[XCUITestDriver@e07a (28adf0bf)]&amp#27;[0m Valid locator strategies for this request: xpath, id, name, class name, -ios predicate string, -ios class chain, accessibility id, css selector
&amp#27;[38;5;32m[XCUITestDriver@e07a (28adf0bf)]&amp#27;[0m Waiting up to 0 ms for condition
&amp#27;[38;5;32m[XCUITestDriver@e07a (28adf0bf)]&amp#27;[0m Matched '/element' to command name 'findElement'
&amp#27;[38;5;32m[XCUITestDriver@e07a (28adf0bf)]&amp#27;[0m Proxying [POST /element] to [POST http://127.0.0.1:8100/session/E78FC83E-19E7-4136-B719-97A048452808/element] with body: {"using":"xpath","value":"//XCUIElementTypeStaticText[@name=\"Forget Device\"]"}
&amp#27;[38;5;32m[XCUITestDriver@e07a (28adf0bf)]&amp#27;[0m Got response with status 200: {"value":{"ELEMENT":"E1040000-0000-0000-0103-000000000000","element-6066-11e4-a52e-4f735466cecf":"E1040000-0000-0000-0103-000000000000"},"sessionId":"E78FC83E-19E7-4136-B719-97A048452808"}
&amp#27;[38;5;32m[XCUITestDriver@e07a (28adf0bf)]&amp#27;[0m Responding to client with driver.findElement() result: {"element-6066-11e4-a52e-4f735466cecf":"E1040000-0000-0000-0103-000000000000","ELEMENT":"E1040000-0000-0000-0103-000000000000"}
&amp#27;[38;5;0m[HTTP]&amp#27;[0m &amp#27;[37m<-- POST /session/28adf0bf-7ee8-437a-b2e7-798510efe6fe/element &amp#27;[39m&amp#27;[32m200&amp#27;[39m &amp#27;[90m1678 ms - 137&amp#27;[39m
&amp#27;[38;5;0m[HTTP]&amp#27;[0m &amp#27;[90m&amp#27;[39m
&amp#27;[38;5;0m[HTTP]&amp#27;[0m &amp#27;[37m-->&amp#27;[39m &amp#27;[37mGET&amp#27;[39m &amp#27;[37m/session/28adf0bf-7ee8-437a-b2e7-798510efe6fe/element/E1040000-0000-0000-0103-000000000000/rect&amp#27;[39m
&amp#27;[38;5;0m[HTTP]&amp#27;[0m &amp#27;[90m{}&amp#27;[39m
&amp#27;[38;5;32m[XCUITestDriver@e07a (28adf0bf)]&amp#27;[0m Driver proxy active, passing request on via HTTP proxy
&amp#27;[38;5;32m[XCUITestDriver@e07a (28adf0bf)]&amp#27;[0m Executing command 'proxyReqRes'
&amp#27;[38;5;32m[XCUITestDriver@e07a (28adf0bf)]&amp#27;[0m Matched '/session/28adf0bf-7ee8-437a-b2e7-798510efe6fe/element/E1040000-0000-0000-0103-000000000000/rect' to command name 'getElementRect'
&amp#27;[38;5;32m[XCUITestDriver@e07a (28adf0bf)]&amp#27;[0m Proxying [GET /session/28adf0bf-7ee8-437a-b2e7-798510efe6fe/element/E1040000-0000-0000-0103-000000000000/rect] to [GET http://127.0.0.1:8100/session/E78FC83E-19E7-4136-B719-97A048452808/element/E1040000-0000-0000-0103-000000000000/rect] with no body
&amp#27;[38;5;32m[XCUITestDriver@e07a (28adf0bf)]&amp#27;[0m Got response with status 200: {"value":{"y":374,"x":75,"width":103,"height":20},"sessionId":"E78FC83E-19E7-4136-B719-97A048452808"}
&amp#27;[38;5;32m[XCUITestDriver@e07a (28adf0bf)]&amp#27;[0m Replacing sessionId E78FC83E-19E7-4136-B719-97A048452808 with 28adf0bf-7ee8-437a-b2e7-798510efe6fe
&amp#27;[38;5;0m[HTTP]&amp#27;[0m &amp#27;[37m<-- GET /session/28adf0bf-7ee8-437a-b2e7-798510efe6fe/element/E1040000-0000-0000-0103-000000000000/rect &amp#27;[39m&amp#27;[32m200&amp#27;[39m &amp#27;[90m151 ms - 101&amp#27;[39m
&amp#27;[38;5;0m[HTTP]&amp#27;[0m &amp#27;[90m&amp#27;[39m
&amp#27;[38;5;0m[HTTP]&amp#27;[0m &amp#27;[37m-->&amp#27;[39m &amp#27;[37mGET&amp#27;[39m &amp#27;[37m/session/28adf0bf-7ee8-437a-b2e7-798510efe6fe/context&amp#27;[39m
&amp#27;[38;5;0m[HTTP]&amp#27;[0m &amp#27;[90m{}&amp#27;[39m
&amp#27;[38;5;32m[XCUITestDriver@e07a (28adf0bf)]&amp#27;[0m Calling AppiumDriver.getCurrentContext() with args: ["28adf0bf-7ee8-437a-b2e7-798510efe6fe"]
&amp#27;[38;5;32m[XCUITestDriver@e07a (28adf0bf)]&amp#27;[0m Executing command 'getCurrentContext'
&amp#27;[38;5;32m[XCUITestDriver@e07a (28adf0bf)]&amp#27;[0m Responding to client with driver.getCurrentContext() result: "NATIVE_APP"
&amp#27;[38;5;0m[HTTP]&amp#27;[0m &amp#27;[37m<-- GET /session/28adf0bf-7ee8-437a-b2e7-798510efe6fe/context &amp#27;[39m&amp#27;[32m200&amp#27;[39m &amp#27;[90m1 ms - 22&amp#27;[39m
&amp#27;[38;5;0m[HTTP]&amp#27;[0m &amp#27;[90m&amp#27;[39m
&amp#27;[38;5;0m[HTTP]&amp#27;[0m &amp#27;[37m-->&amp#27;[39m &amp#27;[37mPOST&amp#27;[39m &amp#27;[37m/session/28adf0bf-7ee8-437a-b2e7-798510efe6fe/element&amp#27;[39m
&amp#27;[38;5;0m[HTTP]&amp#27;[0m &amp#27;[90m{"using":"xpath","value":"//XCUIElementTypeStaticText[@name=\"Forget Device\"]"}&amp#27;[39m
&amp#27;[38;5;32m[XCUITestDriver@e07a (28adf0bf)]&amp#27;[0m Calling AppiumDriver.findElement() with args: ["xpath","//XCUIElementTypeStaticText[@name=\"Forget Device\"]","28adf0bf-7ee8-437a-b2e7-798510efe6fe"]
&amp#27;[38;5;32m[XCUITestDriver@e07a (28adf0bf)]&amp#27;[0m Executing command 'findElement'
&amp#27;[38;5;32m[XCUITestDriver@e07a (28adf0bf)]&amp#27;[0m Valid locator strategies for this request: xpath, id, name, class name, -ios predicate string, -ios class chain, accessibility id, css selector
&amp#27;[38;5;32m[XCUITestDriver@e07a (28adf0bf)]&amp#27;[0m Waiting up to 0 ms for condition
&amp#27;[38;5;32m[XCUITestDriver@e07a (28adf0bf)]&amp#27;[0m Matched '/element' to command name 'findElement'
&amp#27;[38;5;32m[XCUITestDriver@e07a (28adf0bf)]&amp#27;[0m Proxying [POST /element] to [POST http://127.0.0.1:8100/session/E78FC83E-19E7-4136-B719-97A048452808/element] with body: {"using":"xpath","value":"//XCUIElementTypeStaticText[@name=\"Forget Device\"]"}
&amp#27;[38;5;32m[XCUITestDriver@e07a (28adf0bf)]&amp#27;[0m Got response with status 200: {"value":{"ELEMENT":"E1040000-0000-0000-0103-000000000000","element-6066-11e4-a52e-4f735466cecf":"E1040000-0000-0000-0103-000000000000"},"sessionId":"E78FC83E-19E7-4136-B719-97A048452808"}
&amp#27;[38;5;32m[XCUITestDriver@e07a (28adf0bf)]&amp#27;[0m Responding to client with driver.findElement() result: {"element-6066-11e4-a52e-4f735466cecf":"E1040000-0000-0000-0103-000000000000","ELEMENT":"E1040000-0000-0000-0103-000000000000"}
&amp#27;[38;5;0m[HTTP]&amp#27;[0m &amp#27;[37m<-- POST /session/28adf0bf-7ee8-437a-b2e7-798510efe6fe/element &amp#27;[39m&amp#27;[32m200&amp#27;[39m &amp#27;[90m1644 ms - 137&amp#27;[39m
&amp#27;[38;5;0m[HTTP]&amp#27;[0m &amp#27;[90m&amp#27;[39m
&amp#27;[38;5;0m[HTTP]&amp#27;[0m &amp#27;[37m-->&amp#27;[39m &amp#27;[37mGET&amp#27;[39m &amp#27;[37m/session/28adf0bf-7ee8-437a-b2e7-798510efe6fe/element/E1040000-0000-0000-0103-000000000000/rect&amp#27;[39m
&amp#27;[38;5;0m[HTTP]&amp#27;[0m &amp#27;[90m{}&amp#27;[39m
&amp#27;[38;5;32m[XCUITestDriver@e07a (28adf0bf)]&amp#27;[0m Driver proxy active, passing request on via HTTP proxy
&amp#27;[38;5;32m[XCUITestDriver@e07a (28adf0bf)]&amp#27;[0m Executing command 'proxyReqRes'
&amp#27;[38;5;32m[XCUITestDriver@e07a (28adf0bf)]&amp#27;[0m Matched '/session/28adf0bf-7ee8-437a-b2e7-798510efe6fe/element/E1040000-0000-0000-0103-000000000000/rect' to command name 'getElementRect'
&amp#27;[38;5;32m[XCUITestDriver@e07a (28adf0bf)]&amp#27;[0m Proxying [GET /session/28adf0bf-7ee8-437a-b2e7-798510efe6fe/element/E1040000-0000-0000-0103-000000000000/rect] to [GET http://127.0.0.1:8100/session/E78FC83E-19E7-4136-B719-97A048452808/element/E1040000-0000-0000-0103-000000000000/rect] with no body
&amp#27;[38;5;32m[XCUITestDriver@e07a (28adf0bf)]&amp#27;[0m Got response with status 200: {"value":{"y":374,"x":75,"width":103,"height":20},"sessionId":"E78FC83E-19E7-4136-B719-97A048452808"}
&amp#27;[38;5;32m[XCUITestDriver@e07a (28adf0bf)]&amp#27;[0m Replacing sessionId E78FC83E-19E7-4136-B719-97A048452808 with 28adf0bf-7ee8-437a-b2e7-798510efe6fe
&amp#27;[38;5;0m[HTTP]&amp#27;[0m &amp#27;[37m<-- GET /session/28adf0bf-7ee8-437a-b2e7-798510efe6fe/element/E1040000-0000-0000-0103-000000000000/rect &amp#27;[39m&amp#27;[32m200&amp#27;[39m &amp#27;[90m176 ms - 101&amp#27;[39m
&amp#27;[38;5;0m[HTTP]&amp#27;[0m &amp#27;[90m&amp#27;[39m
&amp#27;[38;5;0m[HTTP]&amp#27;[0m &amp#27;[37m-->&amp#27;[39m &amp#27;[37mGET&amp#27;[39m &amp#27;[37m/session/28adf0bf-7ee8-437a-b2e7-798510efe6fe/context&amp#27;[39m
&amp#27;[38;5;0m[HTTP]&amp#27;[0m &amp#27;[90m{}&amp#27;[39m
&amp#27;[38;5;32m[XCUITestDriver@e07a (28adf0bf)]&amp#27;[0m Calling AppiumDriver.getCurrentContext() with args: ["28adf0bf-7ee8-437a-b2e7-798510efe6fe"]
&amp#27;[38;5;32m[XCUITestDriver@e07a (28adf0bf)]&amp#27;[0m Executing command 'getCurrentContext'
&amp#27;[38;5;32m[XCUITestDriver@e07a (28adf0bf)]&amp#27;[0m Responding to client with driver.getCurrentContext() result: "NATIVE_APP"
&amp#27;[38;5;0m[HTTP]&amp#27;[0m &amp#27;[37m<-- GET /session/28adf0bf-7ee8-437a-b2e7-798510efe6fe/context &amp#27;[39m&amp#27;[32m200&amp#27;[39m &amp#27;[90m1 ms - 22&amp#27;[39m
&amp#27;[38;5;0m[HTTP]&amp#27;[0m &amp#27;[90m&amp#27;[39m
&amp#27;[38;5;0m[HTTP]&amp#27;[0m &amp#27;[37m-->&amp#27;[39m &amp#27;[37mPOST&amp#27;[39m &amp#27;[37m/session/28adf0bf-7ee8-437a-b2e7-798510efe6fe/element&amp#27;[39m
&amp#27;[38;5;0m[HTTP]&amp#27;[0m &amp#27;[90m{"using":"xpath","value":"//XCUIElementTypeStaticText[@name=\"Forget Device\"]"}&amp#27;[39m
&amp#27;[38;5;32m[XCUITestDriver@e07a (28adf0bf)]&amp#27;[0m Calling AppiumDriver.findElement() with args: ["xpath","//XCUIElementTypeStaticText[@name=\"Forget Device\"]","28adf0bf-7ee8-437a-b2e7-798510efe6fe"]
&amp#27;[38;5;32m[XCUITestDriver@e07a (28adf0bf)]&amp#27;[0m Executing command 'findElement'
&amp#27;[38;5;32m[XCUITestDriver@e07a (28adf0bf)]&amp#27;[0m Valid locator strategies for this request: xpath, id, name, class name, -ios predicate string, -ios class chain, accessibility id, css selector
&amp#27;[38;5;32m[XCUITestDriver@e07a (28adf0bf)]&amp#27;[0m Waiting up to 0 ms for condition
&amp#27;[38;5;32m[XCUITestDriver@e07a (28adf0bf)]&amp#27;[0m Matched '/element' to command name 'findElement'
&amp#27;[38;5;32m[XCUITestDriver@e07a (28adf0bf)]&amp#27;[0m Proxying [POST /element] to [POST http://127.0.0.1:8100/session/E78FC83E-19E7-4136-B719-97A048452808/element] with body: {"using":"xpath","value":"//XCUIElementTypeStaticText[@name=\"Forget Device\"]"}
&amp#27;[38;5;32m[XCUITestDriver@e07a (28adf0bf)]&amp#27;[0m Got response with status 200: {"value":{"ELEMENT":"E1040000-0000-0000-0103-000000000000","element-6066-11e4-a52e-4f735466cecf":"E1040000-0000-0000-0103-000000000000"},"sessionId":"E78FC83E-19E7-4136-B719-97A048452808"}
&amp#27;[38;5;32m[XCUITestDriver@e07a (28adf0bf)]&amp#27;[0m Responding to client with driver.findElement() result: {"element-6066-11e4-a52e-4f735466cecf":"E1040000-0000-0000-0103-000000000000","ELEMENT":"E1040000-0000-0000-0103-000000000000"}
&amp#27;[38;5;0m[HTTP]&amp#27;[0m &amp#27;[37m<-- POST /session/28adf0bf-7ee8-437a-b2e7-798510efe6fe/element &amp#27;[39m&amp#27;[32m200&amp#27;[39m &amp#27;[90m1739 ms - 137&amp#27;[39m
&amp#27;[38;5;0m[HTTP]&amp#27;[0m &amp#27;[90m&amp#27;[39m
&amp#27;[38;5;0m[HTTP]&amp#27;[0m &amp#27;[37m-->&amp#27;[39m &amp#27;[37mGET&amp#27;[39m &amp#27;[37m/session/28adf0bf-7ee8-437a-b2e7-798510efe6fe/element/E1040000-0000-0000-0103-000000000000/rect&amp#27;[39m
&amp#27;[38;5;0m[HTTP]&amp#27;[0m &amp#27;[90m{}&amp#27;[39m
&amp#27;[38;5;32m[XCUITestDriver@e07a (28adf0bf)]&amp#27;[0m Driver proxy active, passing request on via HTTP proxy
&amp#27;[38;5;32m[XCUITestDriver@e07a (28adf0bf)]&amp#27;[0m Executing command 'proxyReqRes'
&amp#27;[38;5;32m[XCUITestDriver@e07a (28adf0bf)]&amp#27;[0m Matched '/session/28adf0bf-7ee8-437a-b2e7-798510efe6fe/element/E1040000-0000-0000-0103-000000000000/rect' to command name 'getElementRect'
&amp#27;[38;5;32m[XCUITestDriver@e07a (28adf0bf)]&amp#27;[0m Proxying [GET /session/28adf0bf-7ee8-437a-b2e7-798510efe6fe/element/E1040000-0000-0000-0103-000000000000/rect] to [GET http://127.0.0.1:8100/session/E78FC83E-19E7-4136-B719-97A048452808/element/E1040000-0000-0000-0103-000000000000/rect] with no body
&amp#27;[38;5;32m[XCUITestDriver@e07a (28adf0bf)]&amp#27;[0m Got response with status 200: {"value":{"y":374,"x":75,"width":103,"height":20},"sessionId":"E78FC83E-19E7-4136-B719-97A048452808"}
&amp#27;[38;5;32m[XCUITestDriver@e07a (28adf0bf)]&amp#27;[0m Replacing sessionId E78FC83E-19E7-4136-B719-97A048452808 with 28adf0bf-7ee8-437a-b2e7-798510efe6fe
&amp#27;[38;5;0m[HTTP]&amp#27;[0m &amp#27;[37m<-- GET /session/28adf0bf-7ee8-437a-b2e7-798510efe6fe/element/E1040000-0000-0000-0103-000000000000/rect &amp#27;[39m&amp#27;[32m200&amp#27;[39m &amp#27;[90m155 ms - 101&amp#27;[39m
&amp#27;[38;5;0m[HTTP]&amp#27;[0m &amp#27;[90m&amp#27;[39m
&amp#27;[38;5;0m[HTTP]&amp#27;[0m &amp#27;[37m-->&amp#27;[39m &amp#27;[37mPOST&amp#27;[39m &amp#27;[37m/session/28adf0bf-7ee8-437a-b2e7-798510efe6fe/actions&amp#27;[39m
&amp#27;[38;5;0m[HTTP]&amp#27;[0m &amp#27;[90m{"actions":[{"id":"finger","type":"pointer","parameters":{"pointerType":"touch"},"actions":[{"duration":0,"type":"pause"},{"duration":0,"x":126,"y":384,"type":"pointerMove","origin":"viewport"},{"button":0,"type":"pointerDown"},{"button":0,"type":"pointerUp"}]}]}&amp#27;[39m
&amp#27;[38;5;32m[XCUITestDriver@e07a (28adf0bf)]&amp#27;[0m Calling AppiumDriver.performActions() with args: [[{"id":"finger","type":"pointer","parameters":{"pointerType":"touch"},"actions":[{"duration":0,"type":"pause"},{"duration":0,"x":126,"y":384,"type":"pointerMove","origin":"viewport"},{"button":0,"type":"pointerDown"},{"button":0,"type":"pointerUp"}]}],"28adf0bf-7ee8-437a-b2e7-798510efe6fe"]
&amp#27;[38;5;32m[XCUITestDriver@e07a (28adf0bf)]&amp#27;[0m Executing command 'performActions'
&amp#27;[38;5;32m[XCUITestDriver@e07a (28adf0bf)]&amp#27;[0m Received the following W3C actions: [
&amp#27;[38;5;32m[XCUITestDriver@e07a (28adf0bf)]&amp#27;[0m   {
&amp#27;[38;5;32m[XCUITestDriver@e07a (28adf0bf)]&amp#27;[0m     "id": "finger",
&amp#27;[38;5;32m[XCUITestDriver@e07a (28adf0bf)]&amp#27;[0m     "type": "pointer",
&amp#27;[38;5;32m[XCUITestDriver@e07a (28adf0bf)]&amp#27;[0m     "parameters": {
&amp#27;[38;5;32m[XCUITestDriver@e07a (28adf0bf)]&amp#27;[0m       "pointerType": "touch"
&amp#27;[38;5;32m[XCUITestDriver@e07a (28adf0bf)]&amp#27;[0m     },
&amp#27;[38;5;32m[XCUITestDriver@e07a (28adf0bf)]&amp#27;[0m     "actions": [
&amp#27;[38;5;32m[XCUITestDriver@e07a (28adf0bf)]&amp#27;[0m       {
&amp#27;[38;5;32m[XCUITestDriver@e07a (28adf0bf)]&amp#27;[0m         "duration": 0,
&amp#27;[38;5;32m[XCUITestDriver@e07a (28adf0bf)]&amp#27;[0m         "type": "pause"
&amp#27;[38;5;32m[XCUITestDriver@e07a (28adf0bf)]&amp#27;[0m       },
&amp#27;[38;5;32m[XCUITestDriver@e07a (28adf0bf)]&amp#27;[0m       {
&amp#27;[38;5;32m[XCUITestDriver@e07a (28adf0bf)]&amp#27;[0m         "duration": 0,
&amp#27;[38;5;32m[XCUITestDriver@e07a (28adf0bf)]&amp#27;[0m         "x": 126,
&amp#27;[38;5;32m[XCUITestDriver@e07a (28adf0bf)]&amp#27;[0m         "y": 384,
&amp#27;[38;5;32m[XCUITestDriver@e07a (28adf0bf)]&amp#27;[0m         "type": "pointerMove",
&amp#27;[38;5;32m[XCUITestDriver@e07a (28adf0bf)]&amp#27;[0m         "origin": "viewport"
&amp#27;[38;5;32m[XCUITestDriver@e07a (28adf0bf)]&amp#27;[0m       },
&amp#27;[38;5;32m[XCUITestDriver@e07a (28adf0bf)]&amp#27;[0m       {
&amp#27;[38;5;32m[XCUITestDriver@e07a (28adf0bf)]&amp#27;[0m         "button": 0,
&amp#27;[38;5;32m[XCUITestDriver@e07a (28adf0bf)]&amp#27;[0m         "type": "pointerDown"
&amp#27;[38;5;32m[XCUITestDriver@e07a (28adf0bf)]&amp#27;[0m       },
&amp#27;[38;5;32m[XCUITestDriver@e07a (28adf0bf)]&amp#27;[0m       {
&amp#27;[38;5;32m[XCUITestDriver@e07a (28adf0bf)]&amp#27;[0m         "button": 0,
&amp#27;[38;5;32m[XCUITestDriver@e07a (28adf0bf)]&amp#27;[0m         "type": "pointerUp"
&amp#27;[38;5;32m[XCUITestDriver@e07a (28adf0bf)]&amp#27;[0m       }
&amp#27;[38;5;32m[XCUITestDriver@e07a (28adf0bf)]&amp#27;[0m     ]
&amp#27;[38;5;32m[XCUITestDriver@e07a (28adf0bf)]&amp#27;[0m   }
&amp#27;[38;5;32m[XCUITestDriver@e07a (28adf0bf)]&amp#27;[0m ]
&amp#27;[38;5;32m[XCUITestDriver@e07a (28adf0bf)]&amp#27;[0m Preprocessed actions: [
&amp#27;[38;5;32m[XCUITestDriver@e07a (28adf0bf)]&amp#27;[0m   {
&amp#27;[38;5;32m[XCUITestDriver@e07a (28adf0bf)]&amp#27;[0m     "id": "finger",
&amp#27;[38;5;32m[XCUITestDriver@e07a (28adf0bf)]&amp#27;[0m     "type": "pointer",
&amp#27;[38;5;32m[XCUITestDriver@e07a (28adf0bf)]&amp#27;[0m     "parameters": {
&amp#27;[38;5;32m[XCUITestDriver@e07a (28adf0bf)]&amp#27;[0m       "pointerType": "touch"
&amp#27;[38;5;32m[XCUITestDriver@e07a (28adf0bf)]&amp#27;[0m     },
&amp#27;[38;5;32m[XCUITestDriver@e07a (28adf0bf)]&amp#27;[0m     "actions": [
&amp#27;[38;5;32m[XCUITestDriver@e07a (28adf0bf)]&amp#27;[0m       {
&amp#27;[38;5;32m[XCUITestDriver@e07a (28adf0bf)]&amp#27;[0m         "duration": 0,
&amp#27;[38;5;32m[XCUITestDriver@e07a (28adf0bf)]&amp#27;[0m         "x": 126,
&amp#27;[38;5;32m[XCUITestDriver@e07a (28adf0bf)]&amp#27;[0m         "y": 384,
&amp#27;[38;5;32m[XCUITestDriver@e07a (28adf0bf)]&amp#27;[0m         "type": "pointerMove",
&amp#27;[38;5;32m[XCUITestDriver@e07a (28adf0bf)]&amp#27;[0m         "origin": "viewport"
&amp#27;[38;5;32m[XCUITestDriver@e07a (28adf0bf)]&amp#27;[0m       },
&amp#27;[38;5;32m[XCUITestDriver@e07a (28adf0bf)]&amp#27;[0m       {
&amp#27;[38;5;32m[XCUITestDriver@e07a (28adf0bf)]&amp#27;[0m         "button": 0,
&amp#27;[38;5;32m[XCUITestDriver@e07a (28adf0bf)]&amp#27;[0m         "type": "pointerDown"
&amp#27;[38;5;32m[XCUITestDriver@e07a (28adf0bf)]&amp#27;[0m       },
&amp#27;[38;5;32m[XCUITestDriver@e07a (28adf0bf)]&amp#27;[0m       {
&amp#27;[38;5;32m[XCUITestDriver@e07a (28adf0bf)]&amp#27;[0m         "button": 0,
&amp#27;[38;5;32m[XCUITestDriver@e07a (28adf0bf)]&amp#27;[0m         "type": "pointerUp"
&amp#27;[38;5;32m[XCUITestDriver@e07a (28adf0bf)]&amp#27;[0m       }
&amp#27;[38;5;32m[XCUITestDriver@e07a (28adf0bf)]&amp#27;[0m     ]
&amp#27;[38;5;32m[XCUITestDriver@e07a (28adf0bf)]&amp#27;[0m   }
&amp#27;[38;5;32m[XCUITestDriver@e07a (28adf0bf)]&amp#27;[0m ]
&amp#27;[38;5;32m[XCUITestDriver@e07a (28adf0bf)]&amp#27;[0m Matched '/actions' to command name 'performActions'
&amp#27;[38;5;32m[XCUITestDriver@e07a (28adf0bf)]&amp#27;[0m Proxying [POST /actions] to [POST http://127.0.0.1:8100/session/E78FC83E-19E7-4136-B719-97A048452808/actions] with body: {"actions":[{"id":"finger","type":"pointer","parameters":{"pointerType":"touch"},"actions":[{"duration":0,"x":126,"y":384,"type":"pointerMove","origin":"viewport"},{"button":0,"type":"pointerDown"},{"button":0,"type":"pointerUp"}]}]}
&amp#27;[38;5;32m[XCUITestDriver@e07a (28adf0bf)]&amp#27;[0m Got response with status 200: {"value":null,"sessionId":"E78FC83E-19E7-4136-B719-97A048452808"}
&amp#27;[38;5;32m[XCUITestDriver@e07a (28adf0bf)]&amp#27;[0m Responding to client with driver.performActions() result: null
&amp#27;[38;5;0m[HTTP]&amp#27;[0m &amp#27;[37m<-- POST /session/28adf0bf-7ee8-437a-b2e7-798510efe6fe/actions &amp#27;[39m&amp#27;[32m200&amp#27;[39m &amp#27;[90m885 ms - 14&amp#27;[39m
&amp#27;[38;5;0m[HTTP]&amp#27;[0m &amp#27;[90m&amp#27;[39m
&amp#27;[38;5;0m[HTTP]&amp#27;[0m &amp#27;[37m-->&amp#27;[39m &amp#27;[37mGET&amp#27;[39m &amp#27;[37m/session/28adf0bf-7ee8-437a-b2e7-798510efe6fe/context&amp#27;[39m
&amp#27;[38;5;0m[HTTP]&amp#27;[0m &amp#27;[90m{}&amp#27;[39m
&amp#27;[38;5;32m[XCUITestDriver@e07a (28adf0bf)]&amp#27;[0m Calling AppiumDriver.getCurrentContext() with args: ["28adf0bf-7ee8-437a-b2e7-798510efe6fe"]
&amp#27;[38;5;32m[XCUITestDriver@e07a (28adf0bf)]&amp#27;[0m Executing command 'getCurrentContext'
&amp#27;[38;5;32m[XCUITestDriver@e07a (28adf0bf)]&amp#27;[0m Responding to client with driver.getCurrentContext() result: "NATIVE_APP"
&amp#27;[38;5;0m[HTTP]&amp#27;[0m &amp#27;[37m<-- GET /session/28adf0bf-7ee8-437a-b2e7-798510efe6fe/context &amp#27;[39m&amp#27;[32m200&amp#27;[39m &amp#27;[90m1 ms - 22&amp#27;[39m
&amp#27;[38;5;0m[HTTP]&amp#27;[0m &amp#27;[90m&amp#27;[39m
&amp#27;[38;5;0m[HTTP]&amp#27;[0m &amp#27;[37m-->&amp#27;[39m &amp#27;[37mPOST&amp#27;[39m &amp#27;[37m/session/28adf0bf-7ee8-437a-b2e7-798510efe6fe/element&amp#27;[39m
&amp#27;[38;5;0m[HTTP]&amp#27;[0m &amp#27;[90m{"using":"xpath","value":"//XCUIElementTypeButton[@name=\"FORGET DEVICE\"]"}&amp#27;[39m
&amp#27;[38;5;32m[XCUITestDriver@e07a (28adf0bf)]&amp#27;[0m Calling AppiumDriver.findElement() with args: ["xpath","//XCUIElementTypeButton[@name=\"FORGET DEVICE\"]","28adf0bf-7ee8-437a-b2e7-798510efe6fe"]
&amp#27;[38;5;32m[XCUITestDriver@e07a (28adf0bf)]&amp#27;[0m Executing command 'findElement'
&amp#27;[38;5;32m[XCUITestDriver@e07a (28adf0bf)]&amp#27;[0m Valid locator strategies for this request: xpath, id, name, class name, -ios predicate string, -ios class chain, accessibility id, css selector
&amp#27;[38;5;32m[XCUITestDriver@e07a (28adf0bf)]&amp#27;[0m Waiting up to 0 ms for condition
&amp#27;[38;5;32m[XCUITestDriver@e07a (28adf0bf)]&amp#27;[0m Matched '/element' to command name 'findElement'
&amp#27;[38;5;32m[XCUITestDriver@e07a (28adf0bf)]&amp#27;[0m Proxying [POST /element] to [POST http://127.0.0.1:8100/session/E78FC83E-19E7-4136-B719-97A048452808/element] with body: {"using":"xpath","value":"//XCUIElementTypeButton[@name=\"FORGET DEVICE\"]"}
&amp#27;[38;5;32m[XCUITestDriver@e07a (28adf0bf)]&amp#27;[0m Got response with status 200: {"value":{"ELEMENT":"F6040000-0000-0000-0103-000000000000","element-6066-11e4-a52e-4f735466cecf":"F6040000-0000-0000-0103-000000000000"},"sessionId":"E78FC83E-19E7-4136-B719-97A048452808"}
&amp#27;[38;5;32m[XCUITestDriver@e07a (28adf0bf)]&amp#27;[0m Responding to client with driver.findElement() result: {"element-6066-11e4-a52e-4f735466cecf":"F6040000-0000-0000-0103-000000000000","ELEMENT":"F6040000-0000-0000-0103-000000000000"}
&amp#27;[38;5;0m[HTTP]&amp#27;[0m &amp#27;[37m<-- POST /session/28adf0bf-7ee8-437a-b2e7-798510efe6fe/element &amp#27;[39m&amp#27;[32m200&amp#27;[39m &amp#27;[90m1850 ms - 137&amp#27;[39m
&amp#27;[38;5;0m[HTTP]&amp#27;[0m &amp#27;[90m&amp#27;[39m
&amp#27;[38;5;0m[HTTP]&amp#27;[0m &amp#27;[37m-->&amp#27;[39m &amp#27;[37mGET&amp#27;[39m &amp#27;[37m/session/28adf0bf-7ee8-437a-b2e7-798510efe6fe/element/F6040000-0000-0000-0103-000000000000/displayed&amp#27;[39m
&amp#27;[38;5;0m[HTTP]&amp#27;[0m &amp#27;[90m{}&amp#27;[39m
&amp#27;[38;5;32m[XCUITestDriver@e07a (28adf0bf)]&amp#27;[0m Driver proxy active, passing request on via HTTP proxy
&amp#27;[38;5;32m[XCUITestDriver@e07a (28adf0bf)]&amp#27;[0m Executing command 'proxyReqRes'
&amp#27;[38;5;32m[XCUITestDriver@e07a (28adf0bf)]&amp#27;[0m Matched '/session/28adf0bf-7ee8-437a-b2e7-798510efe6fe/element/F6040000-0000-0000-0103-000000000000/displayed' to command name 'elementDisplayed'
&amp#27;[38;5;32m[XCUITestDriver@e07a (28adf0bf)]&amp#27;[0m Proxying [GET /session/28adf0bf-7ee8-437a-b2e7-798510efe6fe/element/F6040000-0000-0000-0103-000000000000/displayed] to [GET http://127.0.0.1:8100/session/E78FC83E-19E7-4136-B719-97A048452808/element/F6040000-0000-0000-0103-000000000000/displayed] with no body
&amp#27;[38;5;32m[XCUITestDriver@e07a (28adf0bf)]&amp#27;[0m Got response with status 200: {"value":true,"sessionId":"E78FC83E-19E7-4136-B719-97A048452808"}
&amp#27;[38;5;32m[XCUITestDriver@e07a (28adf0bf)]&amp#27;[0m Replacing sessionId E78FC83E-19E7-4136-B719-97A048452808 with 28adf0bf-7ee8-437a-b2e7-798510efe6fe
&amp#27;[38;5;0m[HTTP]&amp#27;[0m &amp#27;[37m<-- GET /session/28adf0bf-7ee8-437a-b2e7-798510efe6fe/element/F6040000-0000-0000-0103-000000000000/displayed &amp#27;[39m&amp#27;[32m200&amp#27;[39m &amp#27;[90m170 ms - 65&amp#27;[39m
&amp#27;[38;5;0m[HTTP]&amp#27;[0m &amp#27;[90m&amp#27;[39m
&amp#27;[38;5;0m[HTTP]&amp#27;[0m &amp#27;[37m-->&amp#27;[39m &amp#27;[37mGET&amp#27;[39m &amp#27;[37m/session/28adf0bf-7ee8-437a-b2e7-798510efe6fe/context&amp#27;[39m
&amp#27;[38;5;0m[HTTP]&amp#27;[0m &amp#27;[90m{}&amp#27;[39m
&amp#27;[38;5;32m[XCUITestDriver@e07a (28adf0bf)]&amp#27;[0m Calling AppiumDriver.getCurrentContext() with args: ["28adf0bf-7ee8-437a-b2e7-798510efe6fe"]
&amp#27;[38;5;32m[XCUITestDriver@e07a (28adf0bf)]&amp#27;[0m Executing command 'getCurrentContext'
&amp#27;[38;5;32m[XCUITestDriver@e07a (28adf0bf)]&amp#27;[0m Responding to client with driver.getCurrentContext() result: "NATIVE_APP"
&amp#27;[38;5;0m[HTTP]&amp#27;[0m &amp#27;[37m<-- GET /session/28adf0bf-7ee8-437a-b2e7-798510efe6fe/context &amp#27;[39m&amp#27;[32m200&amp#27;[39m &amp#27;[90m1 ms - 22&amp#27;[39m
&amp#27;[38;5;0m[HTTP]&amp#27;[0m &amp#27;[90m&amp#27;[39m
&amp#27;[38;5;0m[HTTP]&amp#27;[0m &amp#27;[37m-->&amp#27;[39m &amp#27;[37mPOST&amp#27;[39m &amp#27;[37m/session/28adf0bf-7ee8-437a-b2e7-798510efe6fe/element&amp#27;[39m
&amp#27;[38;5;0m[HTTP]&amp#27;[0m &amp#27;[90m{"using":"xpath","value":"//XCUIElementTypeButton[@name=\"FORGET DEVICE\"]"}&amp#27;[39m
&amp#27;[38;5;32m[XCUITestDriver@e07a (28adf0bf)]&amp#27;[0m Calling AppiumDriver.findElement() with args: ["xpath","//XCUIElementTypeButton[@name=\"FORGET DEVICE\"]","28adf0bf-7ee8-437a-b2e7-798510efe6fe"]
&amp#27;[38;5;32m[XCUITestDriver@e07a (28adf0bf)]&amp#27;[0m Executing command 'findElement'
&amp#27;[38;5;32m[XCUITestDriver@e07a (28adf0bf)]&amp#27;[0m Valid locator strategies for this request: xpath, id, name, class name, -ios predicate string, -ios class chain, accessibility id, css selector
&amp#27;[38;5;32m[XCUITestDriver@e07a (28adf0bf)]&amp#27;[0m Waiting up to 0 ms for condition
&amp#27;[38;5;32m[XCUITestDriver@e07a (28adf0bf)]&amp#27;[0m Matched '/element' to command name 'findElement'
&amp#27;[38;5;32m[XCUITestDriver@e07a (28adf0bf)]&amp#27;[0m Proxying [POST /element] to [POST http://127.0.0.1:8100/session/E78FC83E-19E7-4136-B719-97A048452808/element] with body: {"using":"xpath","value":"//XCUIElementTypeButton[@name=\"FORGET DEVICE\"]"}
&amp#27;[38;5;32m[XCUITestDriver@e07a (28adf0bf)]&amp#27;[0m Got response with status 200: {"value":{"ELEMENT":"F6040000-0000-0000-0103-000000000000","element-6066-11e4-a52e-4f735466cecf":"F6040000-0000-0000-0103-000000000000"},"sessionId":"E78FC83E-19E7-4136-B719-97A048452808"}
&amp#27;[38;5;32m[XCUITestDriver@e07a (28adf0bf)]&amp#27;[0m Responding to client with driver.findElement() result: {"element-6066-11e4-a52e-4f735466cecf":"F6040000-0000-0000-0103-000000000000","ELEMENT":"F6040000-0000-0000-0103-000000000000"}
&amp#27;[38;5;0m[HTTP]&amp#27;[0m &amp#27;[37m<-- POST /session/28adf0bf-7ee8-437a-b2e7-798510efe6fe/element &amp#27;[39m&amp#27;[32m200&amp#27;[39m &amp#27;[90m1854 ms - 137&amp#27;[39m
&amp#27;[38;5;0m[HTTP]&amp#27;[0m &amp#27;[90m&amp#27;[39m
&amp#27;[38;5;0m[HTTP]&amp#27;[0m &amp#27;[37m-->&amp#27;[39m &amp#27;[37mGET&amp#27;[39m &amp#27;[37m/session/28adf0bf-7ee8-437a-b2e7-798510efe6fe/element/F6040000-0000-0000-0103-000000000000/enabled&amp#27;[39m
&amp#27;[38;5;0m[HTTP]&amp#27;[0m &amp#27;[90m{}&amp#27;[39m
&amp#27;[38;5;32m[XCUITestDriver@e07a (28adf0bf)]&amp#27;[0m Driver proxy active, passing request on via HTTP proxy
&amp#27;[38;5;32m[XCUITestDriver@e07a (28adf0bf)]&amp#27;[0m Executing command 'proxyReqRes'
&amp#27;[38;5;32m[XCUITestDriver@e07a (28adf0bf)]&amp#27;[0m Matched '/session/28adf0bf-7ee8-437a-b2e7-798510efe6fe/element/F6040000-0000-0000-0103-000000000000/enabled' to command name 'elementEnabled'
&amp#27;[38;5;32m[XCUITestDriver@e07a (28adf0bf)]&amp#27;[0m Proxying [GET /session/28adf0bf-7ee8-437a-b2e7-798510efe6fe/element/F6040000-0000-0000-0103-000000000000/enabled] to [GET http://127.0.0.1:8100/session/E78FC83E-19E7-4136-B719-97A048452808/element/F6040000-0000-0000-0103-000000000000/enabled] with no body
&amp#27;[38;5;32m[XCUITestDriver@e07a (28adf0bf)]&amp#27;[0m Got response with status 200: {"value":true,"sessionId":"E78FC83E-19E7-4136-B719-97A048452808"}
&amp#27;[38;5;32m[XCUITestDriver@e07a (28adf0bf)]&amp#27;[0m Replacing sessionId E78FC83E-19E7-4136-B719-97A048452808 with 28adf0bf-7ee8-437a-b2e7-798510efe6fe
&amp#27;[38;5;0m[HTTP]&amp#27;[0m &amp#27;[37m<-- GET /session/28adf0bf-7ee8-437a-b2e7-798510efe6fe/element/F6040000-0000-0000-0103-000000000000/enabled &amp#27;[39m&amp#27;[32m200&amp#27;[39m &amp#27;[90m160 ms - 65&amp#27;[39m
&amp#27;[38;5;0m[HTTP]&amp#27;[0m &amp#27;[90m&amp#27;[39m
&amp#27;[38;5;0m[HTTP]&amp#27;[0m &amp#27;[37m-->&amp#27;[39m &amp#27;[37mGET&amp#27;[39m &amp#27;[37m/session/28adf0bf-7ee8-437a-b2e7-798510efe6fe/context&amp#27;[39m
&amp#27;[38;5;0m[HTTP]&amp#27;[0m &amp#27;[90m{}&amp#27;[39m
&amp#27;[38;5;32m[XCUITestDriver@e07a (28adf0bf)]&amp#27;[0m Calling AppiumDriver.getCurrentContext() with args: ["28adf0bf-7ee8-437a-b2e7-798510efe6fe"]
&amp#27;[38;5;32m[XCUITestDriver@e07a (28adf0bf)]&amp#27;[0m Executing command 'getCurrentContext'
&amp#27;[38;5;32m[XCUITestDriver@e07a (28adf0bf)]&amp#27;[0m Responding to client with driver.getCurrentContext() result: "NATIVE_APP"
&amp#27;[38;5;0m[HTTP]&amp#27;[0m &amp#27;[37m<-- GET /session/28adf0bf-7ee8-437a-b2e7-798510efe6fe/context &amp#27;[39m&amp#27;[32m200&amp#27;[39m &amp#27;[90m1 ms - 22&amp#27;[39m
&amp#27;[38;5;0m[HTTP]&amp#27;[0m &amp#27;[90m&amp#27;[39m
&amp#27;[38;5;0m[HTTP]&amp#27;[0m &amp#27;[37m-->&amp#27;[39m &amp#27;[37mPOST&amp#27;[39m &amp#27;[37m/session/28adf0bf-7ee8-437a-b2e7-798510efe6fe/element&amp#27;[39m
&amp#27;[38;5;0m[HTTP]&amp#27;[0m &amp#27;[90m{"using":"xpath","value":"//XCUIElementTypeButton[@name=\"FORGET DEVICE\"]"}&amp#27;[39m
&amp#27;[38;5;32m[XCUITestDriver@e07a (28adf0bf)]&amp#27;[0m Calling AppiumDriver.findElement() with args: ["xpath","//XCUIElementTypeButton[@name=\"FORGET DEVICE\"]","28adf0bf-7ee8-437a-b2e7-798510efe6fe"]
&amp#27;[38;5;32m[XCUITestDriver@e07a (28adf0bf)]&amp#27;[0m Executing command 'findElement'
&amp#27;[38;5;32m[XCUITestDriver@e07a (28adf0bf)]&amp#27;[0m Valid locator strategies for this request: xpath, id, name, class name, -ios predicate string, -ios class chain, accessibility id, css selector
&amp#27;[38;5;32m[XCUITestDriver@e07a (28adf0bf)]&amp#27;[0m Waiting up to 0 ms for condition
&amp#27;[38;5;32m[XCUITestDriver@e07a (28adf0bf)]&amp#27;[0m Matched '/element' to command name 'findElement'
&amp#27;[38;5;32m[XCUITestDriver@e07a (28adf0bf)]&amp#27;[0m Proxying [POST /element] to [POST http://127.0.0.1:8100/session/E78FC83E-19E7-4136-B719-97A048452808/element] with body: {"using":"xpath","value":"//XCUIElementTypeButton[@name=\"FORGET DEVICE\"]"}
&amp#27;[38;5;32m[XCUITestDriver@e07a (28adf0bf)]&amp#27;[0m Got response with status 200: {"value":{"ELEMENT":"F6040000-0000-0000-0103-000000000000","element-6066-11e4-a52e-4f735466cecf":"F6040000-0000-0000-0103-000000000000"},"sessionId":"E78FC83E-19E7-4136-B719-97A048452808"}
&amp#27;[38;5;32m[XCUITestDriver@e07a (28adf0bf)]&amp#27;[0m Responding to client with driver.findElement() result: {"element-6066-11e4-a52e-4f735466cecf":"F6040000-0000-0000-0103-000000000000","ELEMENT":"F6040000-0000-0000-0103-000000000000"}
&amp#27;[38;5;0m[HTTP]&amp#27;[0m &amp#27;[37m<-- POST /session/28adf0bf-7ee8-437a-b2e7-798510efe6fe/element &amp#27;[39m&amp#27;[32m200&amp#27;[39m &amp#27;[90m1782 ms - 137&amp#27;[39m
&amp#27;[38;5;0m[HTTP]&amp#27;[0m &amp#27;[90m&amp#27;[39m
&amp#27;[38;5;0m[HTTP]&amp#27;[0m &amp#27;[37m-->&amp#27;[39m &amp#27;[37mPOST&amp#27;[39m &amp#27;[37m/session/28adf0bf-7ee8-437a-b2e7-798510efe6fe/element/F6040000-0000-0000-0103-000000000000/click&amp#27;[39m
&amp#27;[38;5;0m[HTTP]&amp#27;[0m &amp#27;[90m{"id":"F6040000-0000-0000-0103-000000000000"}&amp#27;[39m
&amp#27;[38;5;32m[XCUITestDriver@e07a (28adf0bf)]&amp#27;[0m Driver proxy active, passing request on via HTTP proxy
&amp#27;[38;5;32m[XCUITestDriver@e07a (28adf0bf)]&amp#27;[0m Executing command 'proxyReqRes'
&amp#27;[38;5;32m[XCUITestDriver@e07a (28adf0bf)]&amp#27;[0m Matched '/session/28adf0bf-7ee8-437a-b2e7-798510efe6fe/element/F6040000-0000-0000-0103-000000000000/click' to command name 'click'
&amp#27;[38;5;32m[XCUITestDriver@e07a (28adf0bf)]&amp#27;[0m Proxying [POST /session/28adf0bf-7ee8-437a-b2e7-798510efe6fe/element/F6040000-0000-0000-0103-000000000000/click] to [POST http://127.0.0.1:8100/session/E78FC83E-19E7-4136-B719-97A048452808/element/F6040000-0000-0000-0103-000000000000/click] with body: {"id":"F6040000-0000-0000-0103-000000000000"}
&amp#27;[38;5;32m[XCUITestDriver@e07a (28adf0bf)]&amp#27;[0m Got response with status 200: {"value":null,"sessionId":"E78FC83E-19E7-4136-B719-97A048452808"}
&amp#27;[38;5;32m[XCUITestDriver@e07a (28adf0bf)]&amp#27;[0m Replacing sessionId E78FC83E-19E7-4136-B719-97A048452808 with 28adf0bf-7ee8-437a-b2e7-798510efe6fe
&amp#27;[38;5;0m[HTTP]&amp#27;[0m &amp#27;[37m<-- POST /session/28adf0bf-7ee8-437a-b2e7-798510efe6fe/element/F6040000-0000-0000-0103-000000000000/click &amp#27;[39m&amp#27;[32m200&amp#27;[39m &amp#27;[90m1051 ms - 65&amp#27;[39m
&amp#27;[38;5;0m[HTTP]&amp#27;[0m &amp#27;[90m&amp#27;[39m
&amp#27;[38;5;0m[HTTP]&amp#27;[0m &amp#27;[37m-->&amp#27;[39m &amp#27;[37mGET&amp#27;[39m &amp#27;[37m/session/28adf0bf-7ee8-437a-b2e7-798510efe6fe/context&amp#27;[39m
&amp#27;[38;5;0m[HTTP]&amp#27;[0m &amp#27;[90m{}&amp#27;[39m
&amp#27;[38;5;32m[XCUITestDriver@e07a (28adf0bf)]&amp#27;[0m Calling AppiumDriver.getCurrentContext() with args: ["28adf0bf-7ee8-437a-b2e7-798510efe6fe"]
&amp#27;[38;5;32m[XCUITestDriver@e07a (28adf0bf)]&amp#27;[0m Executing command 'getCurrentContext'
&amp#27;[38;5;32m[XCUITestDriver@e07a (28adf0bf)]&amp#27;[0m Responding to client with driver.getCurrentContext() result: "NATIVE_APP"
&amp#27;[38;5;0m[HTTP]&amp#27;[0m &amp#27;[37m<-- GET /session/28adf0bf-7ee8-437a-b2e7-798510efe6fe/context &amp#27;[39m&amp#27;[32m200&amp#27;[39m &amp#27;[90m1 ms - 22&amp#27;[39m
&amp#27;[38;5;0m[HTTP]&amp#27;[0m &amp#27;[90m&amp#27;[39m
&amp#27;[38;5;0m[HTTP]&amp#27;[0m &amp#27;[37m-->&amp#27;[39m &amp#27;[37mPOST&amp#27;[39m &amp#27;[37m/session/28adf0bf-7ee8-437a-b2e7-798510efe6fe/element&amp#27;[39m
&amp#27;[38;5;0m[HTTP]&amp#27;[0m &amp#27;[90m{"using":"xpath","value":"//XCUIElementTypeButton[@name=\"ic dm search\"]"}&amp#27;[39m
&amp#27;[38;5;32m[XCUITestDriver@e07a (28adf0bf)]&amp#27;[0m Calling AppiumDriver.findElement() with args: ["xpath","//XCUIElementTypeButton[@name=\"ic dm search\"]","28adf0bf-7ee8-437a-b2e7-798510efe6fe"]
&amp#27;[38;5;32m[XCUITestDriver@e07a (28adf0bf)]&amp#27;[0m Executing command 'findElement'
&amp#27;[38;5;32m[XCUITestDriver@e07a (28adf0bf)]&amp#27;[0m Valid locator strategies for this request: xpath, id, name, class name, -ios predicate string, -ios class chain, accessibility id, css selector
&amp#27;[38;5;32m[XCUITestDriver@e07a (28adf0bf)]&amp#27;[0m Waiting up to 0 ms for condition
&amp#27;[38;5;32m[XCUITestDriver@e07a (28adf0bf)]&amp#27;[0m Matched '/element' to command name 'findElement'
&amp#27;[38;5;32m[XCUITestDriver@e07a (28adf0bf)]&amp#27;[0m Proxying [POST /element] to [POST http://127.0.0.1:8100/session/E78FC83E-19E7-4136-B719-97A048452808/element] with body: {"using":"xpath","value":"//XCUIElementTypeButton[@name=\"ic dm search\"]"}
&amp#27;[38;5;32m[XCUITestDriver@e07a (28adf0bf)]&amp#27;[0m Got response with status 200: {"value":{"ELEMENT":"88010000-0000-0000-0103-000000000000","element-6066-11e4-a52e-4f735466cecf":"88010000-0000-0000-0103-000000000000"},"sessionId":"E78FC83E-19E7-4136-B719-97A048452808"}
&amp#27;[38;5;32m[XCUITestDriver@e07a (28adf0bf)]&amp#27;[0m Responding to client with driver.findElement() result: {"element-6066-11e4-a52e-4f735466cecf":"88010000-0000-0000-0103-000000000000","ELEMENT":"88010000-0000-0000-0103-000000000000"}
&amp#27;[38;5;0m[HTTP]&amp#27;[0m &amp#27;[37m<-- POST /session/28adf0bf-7ee8-437a-b2e7-798510efe6fe/element &amp#27;[39m&amp#27;[32m200&amp#27;[39m &amp#27;[90m1982 ms - 137&amp#27;[39m
&amp#27;[38;5;0m[HTTP]&amp#27;[0m &amp#27;[90m&amp#27;[39m
&amp#27;[38;5;0m[HTTP]&amp#27;[0m &amp#27;[37m-->&amp#27;[39m &amp#27;[37mGET&amp#27;[39m &amp#27;[37m/session/28adf0bf-7ee8-437a-b2e7-798510efe6fe/element/88010000-0000-0000-0103-000000000000/displayed&amp#27;[39m
&amp#27;[38;5;0m[HTTP]&amp#27;[0m &amp#27;[90m{}&amp#27;[39m
&amp#27;[38;5;32m[XCUITestDriver@e07a (28adf0bf)]&amp#27;[0m Driver proxy active, passing request on via HTTP proxy
&amp#27;[38;5;32m[XCUITestDriver@e07a (28adf0bf)]&amp#27;[0m Executing command 'proxyReqRes'
&amp#27;[38;5;32m[XCUITestDriver@e07a (28adf0bf)]&amp#27;[0m Matched '/session/28adf0bf-7ee8-437a-b2e7-798510efe6fe/element/88010000-0000-0000-0103-000000000000/displayed' to command name 'elementDisplayed'
&amp#27;[38;5;32m[XCUITestDriver@e07a (28adf0bf)]&amp#27;[0m Proxying [GET /session/28adf0bf-7ee8-437a-b2e7-798510efe6fe/element/88010000-0000-0000-0103-000000000000/displayed] to [GET http://127.0.0.1:8100/session/E78FC83E-19E7-4136-B719-97A048452808/element/88010000-0000-0000-0103-000000000000/displayed] with no body
&amp#27;[38;5;32m[XCUITestDriver@e07a (28adf0bf)]&amp#27;[0m Got response with status 200: {"value":false,"sessionId":"E78FC83E-19E7-4136-B719-97A048452808"}
&amp#27;[38;5;32m[XCUITestDriver@e07a (28adf0bf)]&amp#27;[0m Replacing sessionId E78FC83E-19E7-4136-B719-97A048452808 with 28adf0bf-7ee8-437a-b2e7-798510efe6fe
&amp#27;[38;5;0m[HTTP]&amp#27;[0m &amp#27;[37m<-- GET /session/28adf0bf-7ee8-437a-b2e7-798510efe6fe/element/88010000-0000-0000-0103-000000000000/displayed &amp#27;[39m&amp#27;[32m200&amp#27;[39m &amp#27;[90m180 ms - 66&amp#27;[39m
&amp#27;[38;5;0m[HTTP]&amp#27;[0m &amp#27;[90m&amp#27;[39m
&amp#27;[38;5;0m[HTTP]&amp#27;[0m &amp#27;[37m-->&amp#27;[39m &amp#27;[37mGET&amp#27;[39m &amp#27;[37m/session/28adf0bf-7ee8-437a-b2e7-798510efe6fe/context&amp#27;[39m
&amp#27;[38;5;0m[HTTP]&amp#27;[0m &amp#27;[90m{}&amp#27;[39m
&amp#27;[38;5;32m[XCUITestDriver@e07a (28adf0bf)]&amp#27;[0m Calling AppiumDriver.getCurrentContext() with args: ["28adf0bf-7ee8-437a-b2e7-798510efe6fe"]
&amp#27;[38;5;32m[XCUITestDriver@e07a (28adf0bf)]&amp#27;[0m Executing command 'getCurrentContext'
&amp#27;[38;5;32m[XCUITestDriver@e07a (28adf0bf)]&amp#27;[0m Responding to client with driver.getCurrentContext() result: "NATIVE_APP"
&amp#27;[38;5;0m[HTTP]&amp#27;[0m &amp#27;[37m<-- GET /session/28adf0bf-7ee8-437a-b2e7-798510efe6fe/context &amp#27;[39m&amp#27;[32m200&amp#27;[39m &amp#27;[90m1 ms - 22&amp#27;[39m
&amp#27;[38;5;0m[HTTP]&amp#27;[0m &amp#27;[90m&amp#27;[39m
&amp#27;[38;5;0m[HTTP]&amp#27;[0m &amp#27;[37m-->&amp#27;[39m &amp#27;[37mPOST&amp#27;[39m &amp#27;[37m/session/28adf0bf-7ee8-437a-b2e7-798510efe6fe/element&amp#27;[39m
&amp#27;[38;5;0m[HTTP]&amp#27;[0m &amp#27;[90m{"using":"xpath","value":"//XCUIElementTypeButton[@name=\"ic dm search\"]"}&amp#27;[39m
&amp#27;[38;5;32m[XCUITestDriver@e07a (28adf0bf)]&amp#27;[0m Calling AppiumDriver.findElement() with args: ["xpath","//XCUIElementTypeButton[@name=\"ic dm search\"]","28adf0bf-7ee8-437a-b2e7-798510efe6fe"]
&amp#27;[38;5;32m[XCUITestDriver@e07a (28adf0bf)]&amp#27;[0m Executing command 'findElement'
&amp#27;[38;5;32m[XCUITestDriver@e07a (28adf0bf)]&amp#27;[0m Valid locator strategies for this request: xpath, id, name, class name, -ios predicate string, -ios class chain, accessibility id, css selector
&amp#27;[38;5;32m[XCUITestDriver@e07a (28adf0bf)]&amp#27;[0m Waiting up to 0 ms for condition
&amp#27;[38;5;32m[XCUITestDriver@e07a (28adf0bf)]&amp#27;[0m Matched '/element' to command name 'findElement'
&amp#27;[38;5;32m[XCUITestDriver@e07a (28adf0bf)]&amp#27;[0m Proxying [POST /element] to [POST http://127.0.0.1:8100/session/E78FC83E-19E7-4136-B719-97A048452808/element] with body: {"using":"xpath","value":"//XCUIElementTypeButton[@name=\"ic dm search\"]"}
&amp#27;[38;5;32m[XCUITestDriver@e07a (28adf0bf)]&amp#27;[0m Got response with status 200: {"value":{"ELEMENT":"88010000-0000-0000-0103-000000000000","element-6066-11e4-a52e-4f735466cecf":"88010000-0000-0000-0103-000000000000"},"sessionId":"E78FC83E-19E7-4136-B719-97A048452808"}
&amp#27;[38;5;32m[XCUITestDriver@e07a (28adf0bf)]&amp#27;[0m Responding to client with driver.findElement() result: {"element-6066-11e4-a52e-4f735466cecf":"88010000-0000-0000-0103-000000000000","ELEMENT":"88010000-0000-0000-0103-000000000000"}
&amp#27;[38;5;0m[HTTP]&amp#27;[0m &amp#27;[37m<-- POST /session/28adf0bf-7ee8-437a-b2e7-798510efe6fe/element &amp#27;[39m&amp#27;[32m200&amp#27;[39m &amp#27;[90m1856 ms - 137&amp#27;[39m
&amp#27;[38;5;0m[HTTP]&amp#27;[0m &amp#27;[90m&amp#27;[39m
&amp#27;[38;5;0m[HTTP]&amp#27;[0m &amp#27;[37m-->&amp#27;[39m &amp#27;[37mGET&amp#27;[39m &amp#27;[37m/session/28adf0bf-7ee8-437a-b2e7-798510efe6fe/element/88010000-0000-0000-0103-000000000000/displayed&amp#27;[39m
&amp#27;[38;5;0m[HTTP]&amp#27;[0m &amp#27;[90m{}&amp#27;[39m
&amp#27;[38;5;32m[XCUITestDriver@e07a (28adf0bf)]&amp#27;[0m Driver proxy active, passing request on via HTTP proxy
&amp#27;[38;5;32m[XCUITestDriver@e07a (28adf0bf)]&amp#27;[0m Executing command 'proxyReqRes'
&amp#27;[38;5;32m[XCUITestDriver@e07a (28adf0bf)]&amp#27;[0m Matched '/session/28adf0bf-7ee8-437a-b2e7-798510efe6fe/element/88010000-0000-0000-0103-000000000000/displayed' to command name 'elementDisplayed'
&amp#27;[38;5;32m[XCUITestDriver@e07a (28adf0bf)]&amp#27;[0m Proxying [GET /session/28adf0bf-7ee8-437a-b2e7-798510efe6fe/element/88010000-0000-0000-0103-000000000000/displayed] to [GET http://127.0.0.1:8100/session/E78FC83E-19E7-4136-B719-97A048452808/element/88010000-0000-0000-0103-000000000000/displayed] with no body
&amp#27;[38;5;32m[XCUITestDriver@e07a (28adf0bf)]&amp#27;[0m Got response with status 200: {"value":false,"sessionId":"E78FC83E-19E7-4136-B719-97A048452808"}
&amp#27;[38;5;32m[XCUITestDriver@e07a (28adf0bf)]&amp#27;[0m Replacing sessionId E78FC83E-19E7-4136-B719-97A048452808 with 28adf0bf-7ee8-437a-b2e7-798510efe6fe
&amp#27;[38;5;0m[HTTP]&amp#27;[0m &amp#27;[37m<-- GET /session/28adf0bf-7ee8-437a-b2e7-798510efe6fe/element/88010000-0000-0000-0103-000000000000/displayed &amp#27;[39m&amp#27;[32m200&amp#27;[39m &amp#27;[90m170 ms - 66&amp#27;[39m
&amp#27;[38;5;0m[HTTP]&amp#27;[0m &amp#27;[90m&amp#27;[39m
&amp#27;[38;5;0m[HTTP]&amp#27;[0m &amp#27;[37m-->&amp#27;[39m &amp#27;[37mGET&amp#27;[39m &amp#27;[37m/session/28adf0bf-7ee8-437a-b2e7-798510efe6fe/context&amp#27;[39m
&amp#27;[38;5;0m[HTTP]&amp#27;[0m &amp#27;[90m{}&amp#27;[39m
&amp#27;[38;5;32m[XCUITestDriver@e07a (28adf0bf)]&amp#27;[0m Calling AppiumDriver.getCurrentContext() with args: ["28adf0bf-7ee8-437a-b2e7-798510efe6fe"]
&amp#27;[38;5;32m[XCUITestDriver@e07a (28adf0bf)]&amp#27;[0m Executing command 'getCurrentContext'
&amp#27;[38;5;32m[XCUITestDriver@e07a (28adf0bf)]&amp#27;[0m Responding to client with driver.getCurrentContext() result: "NATIVE_APP"
&amp#27;[38;5;0m[HTTP]&amp#27;[0m &amp#27;[37m<-- GET /session/28adf0bf-7ee8-437a-b2e7-798510efe6fe/context &amp#27;[39m&amp#27;[32m200&amp#27;[39m &amp#27;[90m1 ms - 22&amp#27;[39m
&amp#27;[38;5;0m[HTTP]&amp#27;[0m &amp#27;[90m&amp#27;[39m
&amp#27;[38;5;0m[HTTP]&amp#27;[0m &amp#27;[37m-->&amp#27;[39m &amp#27;[37mPOST&amp#27;[39m &amp#27;[37m/session/28adf0bf-7ee8-437a-b2e7-798510efe6fe/element&amp#27;[39m
&amp#27;[38;5;0m[HTTP]&amp#27;[0m &amp#27;[90m{"using":"xpath","value":"//XCUIElementTypeButton[@name=\"ic dm search\"]"}&amp#27;[39m
&amp#27;[38;5;32m[XCUITestDriver@e07a (28adf0bf)]&amp#27;[0m Calling AppiumDriver.findElement() with args: ["xpath","//XCUIElementTypeButton[@name=\"ic dm search\"]","28adf0bf-7ee8-437a-b2e7-798510efe6fe"]
&amp#27;[38;5;32m[XCUITestDriver@e07a (28adf0bf)]&amp#27;[0m Executing command 'findElement'
&amp#27;[38;5;32m[XCUITestDriver@e07a (28adf0bf)]&amp#27;[0m Valid locator strategies for this request: xpath, id, name, class name, -ios predicate string, -ios class chain, accessibility id, css selector
&amp#27;[38;5;32m[XCUITestDriver@e07a (28adf0bf)]&amp#27;[0m Waiting up to 0 ms for condition
&amp#27;[38;5;32m[XCUITestDriver@e07a (28adf0bf)]&amp#27;[0m Matched '/element' to command name 'findElement'
&amp#27;[38;5;32m[XCUITestDriver@e07a (28adf0bf)]&amp#27;[0m Proxying [POST /element] to [POST http://127.0.0.1:8100/session/E78FC83E-19E7-4136-B719-97A048452808/element] with body: {"using":"xpath","value":"//XCUIElementTypeButton[@name=\"ic dm search\"]"}
&amp#27;[38;5;32m[XCUITestDriver@e07a (28adf0bf)]&amp#27;[0m Got response with status 404: {"value":{"error":"no such element","message":"unable to find an element using 'xpath', value '//XCUIElementTypeButton[@name=\"ic dm search\"]'","traceback":"(\n\t0   WebDriverAgentLib                   0x00000001072a740c FBNoSuchElementErrorResponseForRequest + 252\n\t1   WebDriverAgentLib                   0x00000001072a723c +[FBFindElementCommands handleFindElement:] + 316\n\t2   WebDriverAgentLib                   0x000000010726a9d0 -[FBRoute_TargetAction mountRequest:intoResponse:] + 168\n\t3   WebDriverAgentLib                   0x0000000107254264 __37-[FBWebServer registerRouteHandlers:]_block_invoke + 408\n\t4   WebDriverAgentLib                   0x000000010728d2c4 -[RoutingHTTPServer handleRoute:withRequest:response:] + 168\n\t5   WebDriverAgentLib                   0x000000010728ddb4 __72-[RoutingHTTPServer routeMethod:withPath:parameters:request:connection:]_block_invoke + 64\n\t6   libdispatch.dylib                   0x00000001a237dfdc FEA36690-A000-3C55-B700-9120B05AA69B + 16348\n\t7   libdis...
&amp#27;[38;5;128m[W3C]&amp#27;[0m Matched W3C error code 'no such element' to NoSuchElementError
&amp#27;[38;5;32m[XCUITestDriver@e07a (28adf0bf)]&amp#27;[0m Encountered internal error running command: NoSuchElementError: An element could not be located on the page using the given search parameters.
&amp#27;[38;5;32m[XCUITestDriver@e07a (28adf0bf)]&amp#27;[0m     at XCUITestDriver.doNativeFind (/Users/karishmabarot/.appium/node_modules/appium-xcuitest-driver/lib/commands/find.js:143:13)
&amp#27;[38;5;32m[XCUITestDriver@e07a (28adf0bf)]&amp#27;[0m     at processTicksAndRejections (node:internal/process/task_queues:95:5)
&amp#27;[38;5;32m[XCUITestDriver@e07a (28adf0bf)]&amp#27;[0m     at XCUITestDriver.findNativeElementOrElements (/Users/karishmabarot/.appium/node_modules/appium-xcuitest-driver/lib/commands/find.js:97:12)
&amp#27;[38;5;32m[XCUITestDriver@e07a (28adf0bf)]&amp#27;[0m     at XCUITestDriver.findElOrEls (/Users/karishmabarot/.appium/node_modules/appium-xcuitest-driver/lib/commands/find.js:24:14)
&amp#27;[38;5;32m[XCUITestDriver@e07a (28adf0bf)]&amp#27;[0m     at XCUITestDriver.findElOrElsWithProcessing (/Users/karishmabarot/node_modules/@appium/base-driver/lib/basedriver/commands/find.ts:60:12)
&amp#27;[38;5;32m[XCUITestDriver@e07a (28adf0bf)]&amp#27;[0m     at XCUITestDriver.findElement (/Users/karishmabarot/node_modules/@appium/base-driver/lib/basedriver/commands/find.ts:75:12)
&amp#27;[38;5;0m[HTTP]&amp#27;[0m &amp#27;[37m<-- POST /session/28adf0bf-7ee8-437a-b2e7-798510efe6fe/element &amp#27;[39m&amp#27;[33m404&amp#27;[39m &amp#27;[90m1505 ms - 994&amp#27;[39m
&amp#27;[38;5;0m[HTTP]&amp#27;[0m &amp#27;[90m&amp#27;[39m
&amp#27;[38;5;0m[HTTP]&amp#27;[0m &amp#27;[37m-->&amp#27;[39m &amp#27;[37mGET&amp#27;[39m &amp#27;[37m/session/28adf0bf-7ee8-437a-b2e7-798510efe6fe/context&amp#27;[39m
&amp#27;[38;5;0m[HTTP]&amp#27;[0m &amp#27;[90m{}&amp#27;[39m
&amp#27;[38;5;32m[XCUITestDriver@e07a (28adf0bf)]&amp#27;[0m Calling AppiumDriver.getCurrentContext() with args: ["28adf0bf-7ee8-437a-b2e7-798510efe6fe"]
&amp#27;[38;5;32m[XCUITestDriver@e07a (28adf0bf)]&amp#27;[0m Executing command 'getCurrentContext'
&amp#27;[38;5;32m[XCUITestDriver@e07a (28adf0bf)]&amp#27;[0m Responding to client with driver.getCurrentContext() result: "NATIVE_APP"
&amp#27;[38;5;0m[HTTP]&amp#27;[0m &amp#27;[37m<-- GET /session/28adf0bf-7ee8-437a-b2e7-798510efe6fe/context &amp#27;[39m&amp#27;[32m200&amp#27;[39m &amp#27;[90m1 ms - 22&amp#27;[39m
&amp#27;[38;5;0m[HTTP]&amp#27;[0m &amp#27;[90m&amp#27;[39m
&amp#27;[38;5;0m[HTTP]&amp#27;[0m &amp#27;[37m-->&amp#27;[39m &amp#27;[37mPOST&amp#27;[39m &amp#27;[37m/session/28adf0bf-7ee8-437a-b2e7-798510efe6fe/element&amp#27;[39m
&amp#27;[38;5;0m[HTTP]&amp#27;[0m &amp#27;[90m{"using":"xpath","value":"//XCUIElementTypeButton[@name=\"ic dm search\"]"}&amp#27;[39m
&amp#27;[38;5;32m[XCUITestDriver@e07a (28adf0bf)]&amp#27;[0m Calling AppiumDriver.findElement() with args: ["xpath","//XCUIElementTypeButton[@name=\"ic dm search\"]","28adf0bf-7ee8-437a-b2e7-798510efe6fe"]
&amp#27;[38;5;32m[XCUITestDriver@e07a (28adf0bf)]&amp#27;[0m Executing command 'findElement'
&amp#27;[38;5;32m[XCUITestDriver@e07a (28adf0bf)]&amp#27;[0m Valid locator strategies for this request: xpath, id, name, class name, -ios predicate string, -ios class chain, accessibility id, css selector
&amp#27;[38;5;32m[XCUITestDriver@e07a (28adf0bf)]&amp#27;[0m Waiting up to 0 ms for condition
&amp#27;[38;5;32m[XCUITestDriver@e07a (28adf0bf)]&amp#27;[0m Matched '/element' to command name 'findElement'
&amp#27;[38;5;32m[XCUITestDriver@e07a (28adf0bf)]&amp#27;[0m Proxying [POST /element] to [POST http://127.0.0.1:8100/session/E78FC83E-19E7-4136-B719-97A048452808/element] with body: {"using":"xpath","value":"//XCUIElementTypeButton[@name=\"ic dm search\"]"}
&amp#27;[38;5;32m[XCUITestDriver@e07a (28adf0bf)]&amp#27;[0m Got response with status 200: {"value":{"ELEMENT":"20050000-0000-0000-0103-000000000000","element-6066-11e4-a52e-4f735466cecf":"20050000-0000-0000-0103-000000000000"},"sessionId":"E78FC83E-19E7-4136-B719-97A048452808"}
&amp#27;[38;5;32m[XCUITestDriver@e07a (28adf0bf)]&amp#27;[0m Responding to client with driver.findElement() result: {"element-6066-11e4-a52e-4f735466cecf":"20050000-0000-0000-0103-000000000000","ELEMENT":"20050000-0000-0000-0103-000000000000"}
&amp#27;[38;5;0m[HTTP]&amp#27;[0m &amp#27;[37m<-- POST /session/28adf0bf-7ee8-437a-b2e7-798510efe6fe/element &amp#27;[39m&amp#27;[32m200&amp#27;[39m &amp#27;[90m521 ms - 137&amp#27;[39m
&amp#27;[38;5;0m[HTTP]&amp#27;[0m &amp#27;[90m&amp#27;[39m
&amp#27;[38;5;0m[HTTP]&amp#27;[0m &amp#27;[37m-->&amp#27;[39m &amp#27;[37mGET&amp#27;[39m &amp#27;[37m/session/28adf0bf-7ee8-437a-b2e7-798510efe6fe/element/20050000-0000-0000-0103-000000000000/displayed&amp#27;[39m
&amp#27;[38;5;0m[HTTP]&amp#27;[0m &amp#27;[90m{}&amp#27;[39m
&amp#27;[38;5;32m[XCUITestDriver@e07a (28adf0bf)]&amp#27;[0m Driver proxy active, passing request on via HTTP proxy
&amp#27;[38;5;32m[XCUITestDriver@e07a (28adf0bf)]&amp#27;[0m Executing command 'proxyReqRes'
&amp#27;[38;5;32m[XCUITestDriver@e07a (28adf0bf)]&amp#27;[0m Matched '/session/28adf0bf-7ee8-437a-b2e7-798510efe6fe/element/20050000-0000-0000-0103-000000000000/displayed' to command name 'elementDisplayed'
&amp#27;[38;5;32m[XCUITestDriver@e07a (28adf0bf)]&amp#27;[0m Proxying [GET /session/28adf0bf-7ee8-437a-b2e7-798510efe6fe/element/20050000-0000-0000-0103-000000000000/displayed] to [GET http://127.0.0.1:8100/session/E78FC83E-19E7-4136-B719-97A048452808/element/20050000-0000-0000-0103-000000000000/displayed] with no body
&amp#27;[38;5;32m[XCUITestDriver@e07a (28adf0bf)]&amp#27;[0m Got response with status 200: {"value":false,"sessionId":"E78FC83E-19E7-4136-B719-97A048452808"}
&amp#27;[38;5;32m[XCUITestDriver@e07a (28adf0bf)]&amp#27;[0m Replacing sessionId E78FC83E-19E7-4136-B719-97A048452808 with 28adf0bf-7ee8-437a-b2e7-798510efe6fe
&amp#27;[38;5;0m[HTTP]&amp#27;[0m &amp#27;[37m<-- GET /session/28adf0bf-7ee8-437a-b2e7-798510efe6fe/element/20050000-0000-0000-0103-000000000000/displayed &amp#27;[39m&amp#27;[32m200&amp#27;[39m &amp#27;[90m127 ms - 66&amp#27;[39m
&amp#27;[38;5;0m[HTTP]&amp#27;[0m &amp#27;[90m&amp#27;[39m
&amp#27;[38;5;0m[HTTP]&amp#27;[0m &amp#27;[37m-->&amp#27;[39m &amp#27;[37mGET&amp#27;[39m &amp#27;[37m/session/28adf0bf-7ee8-437a-b2e7-798510efe6fe/context&amp#27;[39m
&amp#27;[38;5;0m[HTTP]&amp#27;[0m &amp#27;[90m{}&amp#27;[39m
&amp#27;[38;5;32m[XCUITestDriver@e07a (28adf0bf)]&amp#27;[0m Calling AppiumDriver.getCurrentContext() with args: ["28adf0bf-7ee8-437a-b2e7-798510efe6fe"]
&amp#27;[38;5;32m[XCUITestDriver@e07a (28adf0bf)]&amp#27;[0m Executing command 'getCurrentContext'
&amp#27;[38;5;32m[XCUITestDriver@e07a (28adf0bf)]&amp#27;[0m Responding to client with driver.getCurrentContext() result: "NATIVE_APP"
&amp#27;[38;5;0m[HTTP]&amp#27;[0m &amp#27;[37m<-- GET /session/28adf0bf-7ee8-437a-b2e7-798510efe6fe/context &amp#27;[39m&amp#27;[32m200&amp#27;[39m &amp#27;[90m1 ms - 22&amp#27;[39m
&amp#27;[38;5;0m[HTTP]&amp#27;[0m &amp#27;[90m&amp#27;[39m
&amp#27;[38;5;0m[HTTP]&amp#27;[0m &amp#27;[37m-->&amp#27;[39m &amp#27;[37mPOST&amp#27;[39m &amp#27;[37m/session/28adf0bf-7ee8-437a-b2e7-798510efe6fe/element&amp#27;[39m
&amp#27;[38;5;0m[HTTP]&amp#27;[0m &amp#27;[90m{"using":"xpath","value":"//XCUIElementTypeButton[@name=\"ic dm search\"]"}&amp#27;[39m
&amp#27;[38;5;32m[XCUITestDriver@e07a (28adf0bf)]&amp#27;[0m Calling AppiumDriver.findElement() with args: ["xpath","//XCUIElementTypeButton[@name=\"ic dm search\"]","28adf0bf-7ee8-437a-b2e7-798510efe6fe"]
&amp#27;[38;5;32m[XCUITestDriver@e07a (28adf0bf)]&amp#27;[0m Executing command 'findElement'
&amp#27;[38;5;32m[XCUITestDriver@e07a (28adf0bf)]&amp#27;[0m Valid locator strategies for this request: xpath, id, name, class name, -ios predicate string, -ios class chain, accessibility id, css selector
&amp#27;[38;5;32m[XCUITestDriver@e07a (28adf0bf)]&amp#27;[0m Waiting up to 0 ms for condition
&amp#27;[38;5;32m[XCUITestDriver@e07a (28adf0bf)]&amp#27;[0m Matched '/element' to command name 'findElement'
&amp#27;[38;5;32m[XCUITestDriver@e07a (28adf0bf)]&amp#27;[0m Proxying [POST /element] to [POST http://127.0.0.1:8100/session/E78FC83E-19E7-4136-B719-97A048452808/element] with body: {"using":"xpath","value":"//XCUIElementTypeButton[@name=\"ic dm search\"]"}
&amp#27;[38;5;32m[XCUITestDriver@e07a (28adf0bf)]&amp#27;[0m Got response with status 200: {"value":{"ELEMENT":"20050000-0000-0000-0103-000000000000","element-6066-11e4-a52e-4f735466cecf":"20050000-0000-0000-0103-000000000000"},"sessionId":"E78FC83E-19E7-4136-B719-97A048452808"}
&amp#27;[38;5;32m[XCUITestDriver@e07a (28adf0bf)]&amp#27;[0m Responding to client with driver.findElement() result: {"element-6066-11e4-a52e-4f735466cecf":"20050000-0000-0000-0103-000000000000","ELEMENT":"20050000-0000-0000-0103-000000000000"}
&amp#27;[38;5;0m[HTTP]&amp#27;[0m &amp#27;[37m<-- POST /session/28adf0bf-7ee8-437a-b2e7-798510efe6fe/element &amp#27;[39m&amp#27;[32m200&amp#27;[39m &amp#27;[90m675 ms - 137&amp#27;[39m
&amp#27;[38;5;0m[HTTP]&amp#27;[0m &amp#27;[90m&amp#27;[39m
&amp#27;[38;5;0m[HTTP]&amp#27;[0m &amp#27;[37m-->&amp#27;[39m &amp#27;[37mGET&amp#27;[39m &amp#27;[37m/session/28adf0bf-7ee8-437a-b2e7-798510efe6fe/element/20050000-0000-0000-0103-000000000000/displayed&amp#27;[39m
&amp#27;[38;5;0m[HTTP]&amp#27;[0m &amp#27;[90m{}&amp#27;[39m
&amp#27;[38;5;32m[XCUITestDriver@e07a (28adf0bf)]&amp#27;[0m Driver proxy active, passing request on via HTTP proxy
&amp#27;[38;5;32m[XCUITestDriver@e07a (28adf0bf)]&amp#27;[0m Executing command 'proxyReqRes'
&amp#27;[38;5;32m[XCUITestDriver@e07a (28adf0bf)]&amp#27;[0m Matched '/session/28adf0bf-7ee8-437a-b2e7-798510efe6fe/element/20050000-0000-0000-0103-000000000000/displayed' to command name 'elementDisplayed'
&amp#27;[38;5;32m[XCUITestDriver@e07a (28adf0bf)]&amp#27;[0m Proxying [GET /session/28adf0bf-7ee8-437a-b2e7-798510efe6fe/element/20050000-0000-0000-0103-000000000000/displayed] to [GET http://127.0.0.1:8100/session/E78FC83E-19E7-4136-B719-97A048452808/element/20050000-0000-0000-0103-000000000000/displayed] with no body
&amp#27;[38;5;32m[XCUITestDriver@e07a (28adf0bf)]&amp#27;[0m Got response with status 200: {"value":false,"sessionId":"E78FC83E-19E7-4136-B719-97A048452808"}
&amp#27;[38;5;32m[XCUITestDriver@e07a (28adf0bf)]&amp#27;[0m Replacing sessionId E78FC83E-19E7-4136-B719-97A048452808 with 28adf0bf-7ee8-437a-b2e7-798510efe6fe
&amp#27;[38;5;0m[HTTP]&amp#27;[0m &amp#27;[37m<-- GET /session/28adf0bf-7ee8-437a-b2e7-798510efe6fe/element/20050000-0000-0000-0103-000000000000/displayed &amp#27;[39m&amp#27;[32m200&amp#27;[39m &amp#27;[90m117 ms - 66&amp#27;[39m
&amp#27;[38;5;0m[HTTP]&amp#27;[0m &amp#27;[90m&amp#27;[39m
&amp#27;[38;5;0m[HTTP]&amp#27;[0m &amp#27;[37m-->&amp#27;[39m &amp#27;[37mGET&amp#27;[39m &amp#27;[37m/session/28adf0bf-7ee8-437a-b2e7-798510efe6fe/context&amp#27;[39m
&amp#27;[38;5;0m[HTTP]&amp#27;[0m &amp#27;[90m{}&amp#27;[39m
&amp#27;[38;5;32m[XCUITestDriver@e07a (28adf0bf)]&amp#27;[0m Calling AppiumDriver.getCurrentContext() with args: ["28adf0bf-7ee8-437a-b2e7-798510efe6fe"]
&amp#27;[38;5;32m[XCUITestDriver@e07a (28adf0bf)]&amp#27;[0m Executing command 'getCurrentContext'
&amp#27;[38;5;32m[XCUITestDriver@e07a (28adf0bf)]&amp#27;[0m Responding to client with driver.getCurrentContext() result: "NATIVE_APP"
&amp#27;[38;5;0m[HTTP]&amp#27;[0m &amp#27;[37m<-- GET /session/28adf0bf-7ee8-437a-b2e7-798510efe6fe/context &amp#27;[39m&amp#27;[32m200&amp#27;[39m &amp#27;[90m2 ms - 22&amp#27;[39m
&amp#27;[38;5;0m[HTTP]&amp#27;[0m &amp#27;[90m&amp#27;[39m
&amp#27;[38;5;0m[HTTP]&amp#27;[0m &amp#27;[37m-->&amp#27;[39m &amp#27;[37mPOST&amp#27;[39m &amp#27;[37m/session/28adf0bf-7ee8-437a-b2e7-798510efe6fe/element&amp#27;[39m
&amp#27;[38;5;0m[HTTP]&amp#27;[0m &amp#27;[90m{"using":"xpath","value":"//XCUIElementTypeButton[@name=\"ic dm search\"]"}&amp#27;[39m
&amp#27;[38;5;32m[XCUITestDriver@e07a (28adf0bf)]&amp#27;[0m Calling AppiumDriver.findElement() with args: ["xpath","//XCUIElementTypeButton[@name=\"ic dm search\"]","28adf0bf-7ee8-437a-b2e7-798510efe6fe"]
&amp#27;[38;5;32m[XCUITestDriver@e07a (28adf0bf)]&amp#27;[0m Executing command 'findElement'
&amp#27;[38;5;32m[XCUITestDriver@e07a (28adf0bf)]&amp#27;[0m Valid locator strategies for this request: xpath, id, name, class name, -ios predicate string, -ios class chain, accessibility id, css selector
&amp#27;[38;5;32m[XCUITestDriver@e07a (28adf0bf)]&amp#27;[0m Waiting up to 0 ms for condition
&amp#27;[38;5;32m[XCUITestDriver@e07a (28adf0bf)]&amp#27;[0m Matched '/element' to command name 'findElement'
&amp#27;[38;5;32m[XCUITestDriver@e07a (28adf0bf)]&amp#27;[0m Proxying [POST /element] to [POST http://127.0.0.1:8100/session/E78FC83E-19E7-4136-B719-97A048452808/element] with body: {"using":"xpath","value":"//XCUIElementTypeButton[@name=\"ic dm search\"]"}
&amp#27;[38;5;32m[XCUITestDriver@e07a (28adf0bf)]&amp#27;[0m Got response with status 200: {"value":{"ELEMENT":"20050000-0000-0000-0103-000000000000","element-6066-11e4-a52e-4f735466cecf":"20050000-0000-0000-0103-000000000000"},"sessionId":"E78FC83E-19E7-4136-B719-97A048452808"}
&amp#27;[38;5;32m[XCUITestDriver@e07a (28adf0bf)]&amp#27;[0m Responding to client with driver.findElement() result: {"element-6066-11e4-a52e-4f735466cecf":"20050000-0000-0000-0103-000000000000","ELEMENT":"20050000-0000-0000-0103-000000000000"}
&amp#27;[38;5;0m[HTTP]&amp#27;[0m &amp#27;[37m<-- POST /session/28adf0bf-7ee8-437a-b2e7-798510efe6fe/element &amp#27;[39m&amp#27;[32m200&amp#27;[39m &amp#27;[90m711 ms - 137&amp#27;[39m
&amp#27;[38;5;0m[HTTP]&amp#27;[0m &amp#27;[90m&amp#27;[39m
&amp#27;[38;5;0m[HTTP]&amp#27;[0m &amp#27;[37m-->&amp#27;[39m &amp#27;[37mGET&amp#27;[39m &amp#27;[37m/session/28adf0bf-7ee8-437a-b2e7-798510efe6fe/element/20050000-0000-0000-0103-000000000000/displayed&amp#27;[39m
&amp#27;[38;5;0m[HTTP]&amp#27;[0m &amp#27;[90m{}&amp#27;[39m
&amp#27;[38;5;32m[XCUITestDriver@e07a (28adf0bf)]&amp#27;[0m Driver proxy active, passing request on via HTTP proxy
&amp#27;[38;5;32m[XCUITestDriver@e07a (28adf0bf)]&amp#27;[0m Executing command 'proxyReqRes'
&amp#27;[38;5;32m[XCUITestDriver@e07a (28adf0bf)]&amp#27;[0m Matched '/session/28adf0bf-7ee8-437a-b2e7-798510efe6fe/element/20050000-0000-0000-0103-000000000000/displayed' to command name 'elementDisplayed'
&amp#27;[38;5;32m[XCUITestDriver@e07a (28adf0bf)]&amp#27;[0m Proxying [GET /session/28adf0bf-7ee8-437a-b2e7-798510efe6fe/element/20050000-0000-0000-0103-000000000000/displayed] to [GET http://127.0.0.1:8100/session/E78FC83E-19E7-4136-B719-97A048452808/element/20050000-0000-0000-0103-000000000000/displayed] with no body
&amp#27;[38;5;32m[XCUITestDriver@e07a (28adf0bf)]&amp#27;[0m Got response with status 200: {"value":false,"sessionId":"E78FC83E-19E7-4136-B719-97A048452808"}
&amp#27;[38;5;32m[XCUITestDriver@e07a (28adf0bf)]&amp#27;[0m Replacing sessionId E78FC83E-19E7-4136-B719-97A048452808 with 28adf0bf-7ee8-437a-b2e7-798510efe6fe
&amp#27;[38;5;0m[HTTP]&amp#27;[0m &amp#27;[37m<-- GET /session/28adf0bf-7ee8-437a-b2e7-798510efe6fe/element/20050000-0000-0000-0103-000000000000/displayed &amp#27;[39m&amp#27;[32m200&amp#27;[39m &amp#27;[90m114 ms - 66&amp#27;[39m
&amp#27;[38;5;0m[HTTP]&amp#27;[0m &amp#27;[90m&amp#27;[39m
&amp#27;[38;5;0m[HTTP]&amp#27;[0m &amp#27;[37m-->&amp#27;[39m &amp#27;[37mGET&amp#27;[39m &amp#27;[37m/session/28adf0bf-7ee8-437a-b2e7-798510efe6fe/context&amp#27;[39m
&amp#27;[38;5;0m[HTTP]&amp#27;[0m &amp#27;[90m{}&amp#27;[39m
&amp#27;[38;5;32m[XCUITestDriver@e07a (28adf0bf)]&amp#27;[0m Calling AppiumDriver.getCurrentContext() with args: ["28adf0bf-7ee8-437a-b2e7-798510efe6fe"]
&amp#27;[38;5;32m[XCUITestDriver@e07a (28adf0bf)]&amp#27;[0m Executing command 'getCurrentContext'
&amp#27;[38;5;32m[XCUITestDriver@e07a (28adf0bf)]&amp#27;[0m Responding to client with driver.getCurrentContext() result: "NATIVE_APP"
&amp#27;[38;5;0m[HTTP]&amp#27;[0m &amp#27;[37m<-- GET /session/28adf0bf-7ee8-437a-b2e7-798510efe6fe/context &amp#27;[39m&amp#27;[32m200&amp#27;[39m &amp#27;[90m1 ms - 22&amp#27;[39m
&amp#27;[38;5;0m[HTTP]&amp#27;[0m &amp#27;[90m&amp#27;[39m
&amp#27;[38;5;0m[HTTP]&amp#27;[0m &amp#27;[37m-->&amp#27;[39m &amp#27;[37mPOST&amp#27;[39m &amp#27;[37m/session/28adf0bf-7ee8-437a-b2e7-798510efe6fe/element&amp#27;[39m
&amp#27;[38;5;0m[HTTP]&amp#27;[0m &amp#27;[90m{"using":"xpath","value":"//XCUIElementTypeButton[@name=\"ic dm search\"]"}&amp#27;[39m
&amp#27;[38;5;32m[XCUITestDriver@e07a (28adf0bf)]&amp#27;[0m Calling AppiumDriver.findElement() with args: ["xpath","//XCUIElementTypeButton[@name=\"ic dm search\"]","28adf0bf-7ee8-437a-b2e7-798510efe6fe"]
&amp#27;[38;5;32m[XCUITestDriver@e07a (28adf0bf)]&amp#27;[0m Executing command 'findElement'
&amp#27;[38;5;32m[XCUITestDriver@e07a (28adf0bf)]&amp#27;[0m Valid locator strategies for this request: xpath, id, name, class name, -ios predicate string, -ios class chain, accessibility id, css selector
&amp#27;[38;5;32m[XCUITestDriver@e07a (28adf0bf)]&amp#27;[0m Waiting up to 0 ms for condition
&amp#27;[38;5;32m[XCUITestDriver@e07a (28adf0bf)]&amp#27;[0m Matched '/element' to command name 'findElement'
&amp#27;[38;5;32m[XCUITestDriver@e07a (28adf0bf)]&amp#27;[0m Proxying [POST /element] to [POST http://127.0.0.1:8100/session/E78FC83E-19E7-4136-B719-97A048452808/element] with body: {"using":"xpath","value":"//XCUIElementTypeButton[@name=\"ic dm search\"]"}
&amp#27;[38;5;32m[XCUITestDriver@e07a (28adf0bf)]&amp#27;[0m Got response with status 200: {"value":{"ELEMENT":"20050000-0000-0000-0103-000000000000","element-6066-11e4-a52e-4f735466cecf":"20050000-0000-0000-0103-000000000000"},"sessionId":"E78FC83E-19E7-4136-B719-97A048452808"}
&amp#27;[38;5;32m[XCUITestDriver@e07a (28adf0bf)]&amp#27;[0m Responding to client with driver.findElement() result: {"element-6066-11e4-a52e-4f735466cecf":"20050000-0000-0000-0103-000000000000","ELEMENT":"20050000-0000-0000-0103-000000000000"}
&amp#27;[38;5;0m[HTTP]&amp#27;[0m &amp#27;[37m<-- POST /session/28adf0bf-7ee8-437a-b2e7-798510efe6fe/element &amp#27;[39m&amp#27;[32m200&amp#27;[39m &amp#27;[90m645 ms - 137&amp#27;[39m
&amp#27;[38;5;0m[HTTP]&amp#27;[0m &amp#27;[90m&amp#27;[39m
&amp#27;[38;5;0m[HTTP]&amp#27;[0m &amp#27;[37m-->&amp#27;[39m &amp#27;[37mGET&amp#27;[39m &amp#27;[37m/session/28adf0bf-7ee8-437a-b2e7-798510efe6fe/element/20050000-0000-0000-0103-000000000000/displayed&amp#27;[39m
&amp#27;[38;5;0m[HTTP]&amp#27;[0m &amp#27;[90m{}&amp#27;[39m
&amp#27;[38;5;32m[XCUITestDriver@e07a (28adf0bf)]&amp#27;[0m Driver proxy active, passing request on via HTTP proxy
&amp#27;[38;5;32m[XCUITestDriver@e07a (28adf0bf)]&amp#27;[0m Executing command 'proxyReqRes'
&amp#27;[38;5;32m[XCUITestDriver@e07a (28adf0bf)]&amp#27;[0m Matched '/session/28adf0bf-7ee8-437a-b2e7-798510efe6fe/element/20050000-0000-0000-0103-000000000000/displayed' to command name 'elementDisplayed'
&amp#27;[38;5;32m[XCUITestDriver@e07a (28adf0bf)]&amp#27;[0m Proxying [GET /session/28adf0bf-7ee8-437a-b2e7-798510efe6fe/element/20050000-0000-0000-0103-000000000000/displayed] to [GET http://127.0.0.1:8100/session/E78FC83E-19E7-4136-B719-97A048452808/element/20050000-0000-0000-0103-000000000000/displayed] with no body
&amp#27;[38;5;32m[XCUITestDriver@e07a (28adf0bf)]&amp#27;[0m Got response with status 200: {"value":false,"sessionId":"E78FC83E-19E7-4136-B719-97A048452808"}
&amp#27;[38;5;32m[XCUITestDriver@e07a (28adf0bf)]&amp#27;[0m Replacing sessionId E78FC83E-19E7-4136-B719-97A048452808 with 28adf0bf-7ee8-437a-b2e7-798510efe6fe
&amp#27;[38;5;0m[HTTP]&amp#27;[0m &amp#27;[37m<-- GET /session/28adf0bf-7ee8-437a-b2e7-798510efe6fe/element/20050000-0000-0000-0103-000000000000/displayed &amp#27;[39m&amp#27;[32m200&amp#27;[39m &amp#27;[90m109 ms - 66&amp#27;[39m
&amp#27;[38;5;0m[HTTP]&amp#27;[0m &amp#27;[90m&amp#27;[39m
&amp#27;[38;5;0m[HTTP]&amp#27;[0m &amp#27;[37m-->&amp#27;[39m &amp#27;[37mGET&amp#27;[39m &amp#27;[37m/session/28adf0bf-7ee8-437a-b2e7-798510efe6fe/context&amp#27;[39m
&amp#27;[38;5;0m[HTTP]&amp#27;[0m &amp#27;[90m{}&amp#27;[39m
&amp#27;[38;5;32m[XCUITestDriver@e07a (28adf0bf)]&amp#27;[0m Calling AppiumDriver.getCurrentContext() with args: ["28adf0bf-7ee8-437a-b2e7-798510efe6fe"]
&amp#27;[38;5;32m[XCUITestDriver@e07a (28adf0bf)]&amp#27;[0m Executing command 'getCurrentContext'
&amp#27;[38;5;32m[XCUITestDriver@e07a (28adf0bf)]&amp#27;[0m Responding to client with driver.getCurrentContext() result: "NATIVE_APP"
&amp#27;[38;5;0m[HTTP]&amp#27;[0m &amp#27;[37m<-- GET /session/28adf0bf-7ee8-437a-b2e7-798510efe6fe/context &amp#27;[39m&amp#27;[32m200&amp#27;[39m &amp#27;[90m1 ms - 22&amp#27;[39m
&amp#27;[38;5;0m[HTTP]&amp#27;[0m &amp#27;[90m&amp#27;[39m
&amp#27;[38;5;0m[HTTP]&amp#27;[0m &amp#27;[37m-->&amp#27;[39m &amp#27;[37mPOST&amp#27;[39m &amp#27;[37m/session/28adf0bf-7ee8-437a-b2e7-798510efe6fe/element&amp#27;[39m
&amp#27;[38;5;0m[HTTP]&amp#27;[0m &amp#27;[90m{"using":"xpath","value":"//XCUIElementTypeButton[@name=\"ic dm search\"]"}&amp#27;[39m
&amp#27;[38;5;32m[XCUITestDriver@e07a (28adf0bf)]&amp#27;[0m Calling AppiumDriver.findElement() with args: ["xpath","//XCUIElementTypeButton[@name=\"ic dm search\"]","28adf0bf-7ee8-437a-b2e7-798510efe6fe"]
&amp#27;[38;5;32m[XCUITestDriver@e07a (28adf0bf)]&amp#27;[0m Executing command 'findElement'
&amp#27;[38;5;32m[XCUITestDriver@e07a (28adf0bf)]&amp#27;[0m Valid locator strategies for this request: xpath, id, name, class name, -ios predicate string, -ios class chain, accessibility id, css selector
&amp#27;[38;5;32m[XCUITestDriver@e07a (28adf0bf)]&amp#27;[0m Waiting up to 0 ms for condition
&amp#27;[38;5;32m[XCUITestDriver@e07a (28adf0bf)]&amp#27;[0m Matched '/element' to command name 'findElement'
&amp#27;[38;5;32m[XCUITestDriver@e07a (28adf0bf)]&amp#27;[0m Proxying [POST /element] to [POST http://127.0.0.1:8100/session/E78FC83E-19E7-4136-B719-97A048452808/element] with body: {"using":"xpath","value":"//XCUIElementTypeButton[@name=\"ic dm search\"]"}
&amp#27;[38;5;32m[XCUITestDriver@e07a (28adf0bf)]&amp#27;[0m Got response with status 200: {"value":{"ELEMENT":"20050000-0000-0000-0103-000000000000","element-6066-11e4-a52e-4f735466cecf":"20050000-0000-0000-0103-000000000000"},"sessionId":"E78FC83E-19E7-4136-B719-97A048452808"}
&amp#27;[38;5;32m[XCUITestDriver@e07a (28adf0bf)]&amp#27;[0m Responding to client with driver.findElement() result: {"element-6066-11e4-a52e-4f735466cecf":"20050000-0000-0000-0103-000000000000","ELEMENT":"20050000-0000-0000-0103-000000000000"}
&amp#27;[38;5;0m[HTTP]&amp#27;[0m &amp#27;[37m<-- POST /session/28adf0bf-7ee8-437a-b2e7-798510efe6fe/element &amp#27;[39m&amp#27;[32m200&amp#27;[39m &amp#27;[90m756 ms - 137&amp#27;[39m
&amp#27;[38;5;0m[HTTP]&amp#27;[0m &amp#27;[90m&amp#27;[39m
&amp#27;[38;5;0m[HTTP]&amp#27;[0m &amp#27;[37m-->&amp#27;[39m &amp#27;[37mGET&amp#27;[39m &amp#27;[37m/session/28adf0bf-7ee8-437a-b2e7-798510efe6fe/element/20050000-0000-0000-0103-000000000000/displayed&amp#27;[39m
&amp#27;[38;5;0m[HTTP]&amp#27;[0m &amp#27;[90m{}&amp#27;[39m
&amp#27;[38;5;32m[XCUITestDriver@e07a (28adf0bf)]&amp#27;[0m Driver proxy active, passing request on via HTTP proxy
&amp#27;[38;5;32m[XCUITestDriver@e07a (28adf0bf)]&amp#27;[0m Executing command 'proxyReqRes'
&amp#27;[38;5;32m[XCUITestDriver@e07a (28adf0bf)]&amp#27;[0m Matched '/session/28adf0bf-7ee8-437a-b2e7-798510efe6fe/element/20050000-0000-0000-0103-000000000000/displayed' to command name 'elementDisplayed'
&amp#27;[38;5;32m[XCUITestDriver@e07a (28adf0bf)]&amp#27;[0m Proxying [GET /session/28adf0bf-7ee8-437a-b2e7-798510efe6fe/element/20050000-0000-0000-0103-000000000000/displayed] to [GET http://127.0.0.1:8100/session/E78FC83E-19E7-4136-B719-97A048452808/element/20050000-0000-0000-0103-000000000000/displayed] with no body
&amp#27;[38;5;32m[XCUITestDriver@e07a (28adf0bf)]&amp#27;[0m Got response with status 200: {"value":true,"sessionId":"E78FC83E-19E7-4136-B719-97A048452808"}
&amp#27;[38;5;32m[XCUITestDriver@e07a (28adf0bf)]&amp#27;[0m Replacing sessionId E78FC83E-19E7-4136-B719-97A048452808 with 28adf0bf-7ee8-437a-b2e7-798510efe6fe
&amp#27;[38;5;0m[HTTP]&amp#27;[0m &amp#27;[37m<-- GET /session/28adf0bf-7ee8-437a-b2e7-798510efe6fe/element/20050000-0000-0000-0103-000000000000/displayed &amp#27;[39m&amp#27;[32m200&amp#27;[39m &amp#27;[90m106 ms - 65&amp#27;[39m
&amp#27;[38;5;0m[HTTP]&amp#27;[0m &amp#27;[90m&amp#27;[39m
&amp#27;[38;5;0m[HTTP]&amp#27;[0m &amp#27;[37m-->&amp#27;[39m &amp#27;[37mGET&amp#27;[39m &amp#27;[37m/session/28adf0bf-7ee8-437a-b2e7-798510efe6fe/context&amp#27;[39m
&amp#27;[38;5;0m[HTTP]&amp#27;[0m &amp#27;[90m{}&amp#27;[39m
&amp#27;[38;5;32m[XCUITestDriver@e07a (28adf0bf)]&amp#27;[0m Calling AppiumDriver.getCurrentContext() with args: ["28adf0bf-7ee8-437a-b2e7-798510efe6fe"]
&amp#27;[38;5;32m[XCUITestDriver@e07a (28adf0bf)]&amp#27;[0m Executing command 'getCurrentContext'
&amp#27;[38;5;32m[XCUITestDriver@e07a (28adf0bf)]&amp#27;[0m Responding to client with driver.getCurrentContext() result: "NATIVE_APP"
&amp#27;[38;5;0m[HTTP]&amp#27;[0m &amp#27;[37m<-- GET /session/28adf0bf-7ee8-437a-b2e7-798510efe6fe/context &amp#27;[39m&amp#27;[32m200&amp#27;[39m &amp#27;[90m1 ms - 22&amp#27;[39m
&amp#27;[38;5;0m[HTTP]&amp#27;[0m &amp#27;[90m&amp#27;[39m
&amp#27;[38;5;0m[HTTP]&amp#27;[0m &amp#27;[37m-->&amp#27;[39m &amp#27;[37mPOST&amp#27;[39m &amp#27;[37m/session/28adf0bf-7ee8-437a-b2e7-798510efe6fe/element&amp#27;[39m
&amp#27;[38;5;0m[HTTP]&amp#27;[0m &amp#27;[90m{"using":"xpath","value":"//XCUIElementTypeButton[@name=\"ic dm search\"]"}&amp#27;[39m
&amp#27;[38;5;32m[XCUITestDriver@e07a (28adf0bf)]&amp#27;[0m Calling AppiumDriver.findElement() with args: ["xpath","//XCUIElementTypeButton[@name=\"ic dm search\"]","28adf0bf-7ee8-437a-b2e7-798510efe6fe"]
&amp#27;[38;5;32m[XCUITestDriver@e07a (28adf0bf)]&amp#27;[0m Executing command 'findElement'
&amp#27;[38;5;32m[XCUITestDriver@e07a (28adf0bf)]&amp#27;[0m Valid locator strategies for this request: xpath, id, name, class name, -ios predicate string, -ios class chain, accessibility id, css selector
&amp#27;[38;5;32m[XCUITestDriver@e07a (28adf0bf)]&amp#27;[0m Waiting up to 0 ms for condition
&amp#27;[38;5;32m[XCUITestDriver@e07a (28adf0bf)]&amp#27;[0m Matched '/element' to command name 'findElement'
&amp#27;[38;5;32m[XCUITestDriver@e07a (28adf0bf)]&amp#27;[0m Proxying [POST /element] to [POST http://127.0.0.1:8100/session/E78FC83E-19E7-4136-B719-97A048452808/element] with body: {"using":"xpath","value":"//XCUIElementTypeButton[@name=\"ic dm search\"]"}
&amp#27;[38;5;32m[XCUITestDriver@e07a (28adf0bf)]&amp#27;[0m Got response with status 200: {"value":{"ELEMENT":"20050000-0000-0000-0103-000000000000","element-6066-11e4-a52e-4f735466cecf":"20050000-0000-0000-0103-000000000000"},"sessionId":"E78FC83E-19E7-4136-B719-97A048452808"}
&amp#27;[38;5;32m[XCUITestDriver@e07a (28adf0bf)]&amp#27;[0m Responding to client with driver.findElement() result: {"element-6066-11e4-a52e-4f735466cecf":"20050000-0000-0000-0103-000000000000","ELEMENT":"20050000-0000-0000-0103-000000000000"}
&amp#27;[38;5;0m[HTTP]&amp#27;[0m &amp#27;[37m<-- POST /session/28adf0bf-7ee8-437a-b2e7-798510efe6fe/element &amp#27;[39m&amp#27;[32m200&amp#27;[39m &amp#27;[90m1201 ms - 137&amp#27;[39m
&amp#27;[38;5;0m[HTTP]&amp#27;[0m &amp#27;[90m&amp#27;[39m
&amp#27;[38;5;0m[HTTP]&amp#27;[0m &amp#27;[37m-->&amp#27;[39m &amp#27;[37mGET&amp#27;[39m &amp#27;[37m/session/28adf0bf-7ee8-437a-b2e7-798510efe6fe/element/20050000-0000-0000-0103-000000000000/enabled&amp#27;[39m
&amp#27;[38;5;0m[HTTP]&amp#27;[0m &amp#27;[90m{}&amp#27;[39m
&amp#27;[38;5;32m[XCUITestDriver@e07a (28adf0bf)]&amp#27;[0m Driver proxy active, passing request on via HTTP proxy
&amp#27;[38;5;32m[XCUITestDriver@e07a (28adf0bf)]&amp#27;[0m Executing command 'proxyReqRes'
&amp#27;[38;5;32m[XCUITestDriver@e07a (28adf0bf)]&amp#27;[0m Matched '/session/28adf0bf-7ee8-437a-b2e7-798510efe6fe/element/20050000-0000-0000-0103-000000000000/enabled' to command name 'elementEnabled'
&amp#27;[38;5;32m[XCUITestDriver@e07a (28adf0bf)]&amp#27;[0m Proxying [GET /session/28adf0bf-7ee8-437a-b2e7-798510efe6fe/element/20050000-0000-0000-0103-000000000000/enabled] to [GET http://127.0.0.1:8100/session/E78FC83E-19E7-4136-B719-97A048452808/element/20050000-0000-0000-0103-000000000000/enabled] with no body
&amp#27;[38;5;32m[XCUITestDriver@e07a (28adf0bf)]&amp#27;[0m Got response with status 200: {"value":true,"sessionId":"E78FC83E-19E7-4136-B719-97A048452808"}
&amp#27;[38;5;32m[XCUITestDriver@e07a (28adf0bf)]&amp#27;[0m Replacing sessionId E78FC83E-19E7-4136-B719-97A048452808 with 28adf0bf-7ee8-437a-b2e7-798510efe6fe
&amp#27;[38;5;0m[HTTP]&amp#27;[0m &amp#27;[37m<-- GET /session/28adf0bf-7ee8-437a-b2e7-798510efe6fe/element/20050000-0000-0000-0103-000000000000/enabled &amp#27;[39m&amp#27;[32m200&amp#27;[39m &amp#27;[90m125 ms - 65&amp#27;[39m
&amp#27;[38;5;0m[HTTP]&amp#27;[0m &amp#27;[90m&amp#27;[39m
&amp#27;[38;5;0m[HTTP]&amp#27;[0m &amp#27;[37m-->&amp#27;[39m &amp#27;[37mGET&amp#27;[39m &amp#27;[37m/session/28adf0bf-7ee8-437a-b2e7-798510efe6fe/context&amp#27;[39m
&amp#27;[38;5;0m[HTTP]&amp#27;[0m &amp#27;[90m{}&amp#27;[39m
&amp#27;[38;5;32m[XCUITestDriver@e07a (28adf0bf)]&amp#27;[0m Calling AppiumDriver.getCurrentContext() with args: ["28adf0bf-7ee8-437a-b2e7-798510efe6fe"]
&amp#27;[38;5;32m[XCUITestDriver@e07a (28adf0bf)]&amp#27;[0m Executing command 'getCurrentContext'
&amp#27;[38;5;32m[XCUITestDriver@e07a (28adf0bf)]&amp#27;[0m Responding to client with driver.getCurrentContext() result: "NATIVE_APP"
&amp#27;[38;5;0m[HTTP]&amp#27;[0m &amp#27;[37m<-- GET /session/28adf0bf-7ee8-437a-b2e7-798510efe6fe/context &amp#27;[39m&amp#27;[32m200&amp#27;[39m &amp#27;[90m1 ms - 22&amp#27;[39m
&amp#27;[38;5;0m[HTTP]&amp#27;[0m &amp#27;[90m&amp#27;[39m
&amp#27;[38;5;0m[HTTP]&amp#27;[0m &amp#27;[37m-->&amp#27;[39m &amp#27;[37mPOST&amp#27;[39m &amp#27;[37m/session/28adf0bf-7ee8-437a-b2e7-798510efe6fe/element&amp#27;[39m
&amp#27;[38;5;0m[HTTP]&amp#27;[0m &amp#27;[90m{"using":"xpath","value":"//XCUIElementTypeButton[@name=\"ic dm search\"]"}&amp#27;[39m
&amp#27;[38;5;32m[XCUITestDriver@e07a (28adf0bf)]&amp#27;[0m Calling AppiumDriver.findElement() with args: ["xpath","//XCUIElementTypeButton[@name=\"ic dm search\"]","28adf0bf-7ee8-437a-b2e7-798510efe6fe"]
&amp#27;[38;5;32m[XCUITestDriver@e07a (28adf0bf)]&amp#27;[0m Executing command 'findElement'
&amp#27;[38;5;32m[XCUITestDriver@e07a (28adf0bf)]&amp#27;[0m Valid locator strategies for this request: xpath, id, name, class name, -ios predicate string, -ios class chain, accessibility id, css selector
&amp#27;[38;5;32m[XCUITestDriver@e07a (28adf0bf)]&amp#27;[0m Waiting up to 0 ms for condition
&amp#27;[38;5;32m[XCUITestDriver@e07a (28adf0bf)]&amp#27;[0m Matched '/element' to command name 'findElement'
&amp#27;[38;5;32m[XCUITestDriver@e07a (28adf0bf)]&amp#27;[0m Proxying [POST /element] to [POST http://127.0.0.1:8100/session/E78FC83E-19E7-4136-B719-97A048452808/element] with body: {"using":"xpath","value":"//XCUIElementTypeButton[@name=\"ic dm search\"]"}
&amp#27;[38;5;32m[XCUITestDriver@e07a (28adf0bf)]&amp#27;[0m Got response with status 200: {"value":{"ELEMENT":"20050000-0000-0000-0103-000000000000","element-6066-11e4-a52e-4f735466cecf":"20050000-0000-0000-0103-000000000000"},"sessionId":"E78FC83E-19E7-4136-B719-97A048452808"}
&amp#27;[38;5;32m[XCUITestDriver@e07a (28adf0bf)]&amp#27;[0m Responding to client with driver.findElement() result: {"element-6066-11e4-a52e-4f735466cecf":"20050000-0000-0000-0103-000000000000","ELEMENT":"20050000-0000-0000-0103-000000000000"}
&amp#27;[38;5;0m[HTTP]&amp#27;[0m &amp#27;[37m<-- POST /session/28adf0bf-7ee8-437a-b2e7-798510efe6fe/element &amp#27;[39m&amp#27;[32m200&amp#27;[39m &amp#27;[90m1247 ms - 137&amp#27;[39m
&amp#27;[38;5;0m[HTTP]&amp#27;[0m &amp#27;[90m&amp#27;[39m
&amp#27;[38;5;0m[HTTP]&amp#27;[0m &amp#27;[37m-->&amp#27;[39m &amp#27;[37mGET&amp#27;[39m &amp#27;[37m/session/28adf0bf-7ee8-437a-b2e7-798510efe6fe/element/20050000-0000-0000-0103-000000000000/displayed&amp#27;[39m
&amp#27;[38;5;0m[HTTP]&amp#27;[0m &amp#27;[90m{}&amp#27;[39m
&amp#27;[38;5;32m[XCUITestDriver@e07a (28adf0bf)]&amp#27;[0m Driver proxy active, passing request on via HTTP proxy
&amp#27;[38;5;32m[XCUITestDriver@e07a (28adf0bf)]&amp#27;[0m Executing command 'proxyReqRes'
&amp#27;[38;5;32m[XCUITestDriver@e07a (28adf0bf)]&amp#27;[0m Matched '/session/28adf0bf-7ee8-437a-b2e7-798510efe6fe/element/20050000-0000-0000-0103-000000000000/displayed' to command name 'elementDisplayed'
&amp#27;[38;5;32m[XCUITestDriver@e07a (28adf0bf)]&amp#27;[0m Proxying [GET /session/28adf0bf-7ee8-437a-b2e7-798510efe6fe/element/20050000-0000-0000-0103-000000000000/displayed] to [GET http://127.0.0.1:8100/session/E78FC83E-19E7-4136-B719-97A048452808/element/20050000-0000-0000-0103-000000000000/displayed] with no body
&amp#27;[38;5;32m[XCUITestDriver@e07a (28adf0bf)]&amp#27;[0m Got response with status 200: {"value":true,"sessionId":"E78FC83E-19E7-4136-B719-97A048452808"}
&amp#27;[38;5;32m[XCUITestDriver@e07a (28adf0bf)]&amp#27;[0m Replacing sessionId E78FC83E-19E7-4136-B719-97A048452808 with 28adf0bf-7ee8-437a-b2e7-798510efe6fe
&amp#27;[38;5;0m[HTTP]&amp#27;[0m &amp#27;[37m<-- GET /session/28adf0bf-7ee8-437a-b2e7-798510efe6fe/element/20050000-0000-0000-0103-000000000000/displayed &amp#27;[39m&amp#27;[32m200&amp#27;[39m &amp#27;[90m142 ms - 65&amp#27;[39m
&amp#27;[38;5;0m[HTTP]&amp#27;[0m &amp#27;[90m&amp#27;[39m
Device removed successfully
]]></system-out>
  </testcase>
  <testcase name="testPairOtherRollerDevice" classname="testCases.WaveSeriesOtherRollerTCs" time="34.94">
    <system-out><![CDATA[&amp#27;[38;5;0m[HTTP]&amp#27;[0m &amp#27;[37m-->&amp#27;[39m &amp#27;[37mGET&amp#27;[39m &amp#27;[37m/session/28adf0bf-7ee8-437a-b2e7-798510efe6fe/context&amp#27;[39m
&amp#27;[38;5;0m[HTTP]&amp#27;[0m &amp#27;[90m{}&amp#27;[39m
&amp#27;[38;5;32m[XCUITestDriver@e07a (28adf0bf)]&amp#27;[0m Calling AppiumDriver.getCurrentContext() with args: ["28adf0bf-7ee8-437a-b2e7-798510efe6fe"]
&amp#27;[38;5;32m[XCUITestDriver@e07a (28adf0bf)]&amp#27;[0m Executing command 'getCurrentContext'
&amp#27;[38;5;32m[XCUITestDriver@e07a (28adf0bf)]&amp#27;[0m Responding to client with driver.getCurrentContext() result: "NATIVE_APP"
&amp#27;[38;5;0m[HTTP]&amp#27;[0m &amp#27;[37m<-- GET /session/28adf0bf-7ee8-437a-b2e7-798510efe6fe/context &amp#27;[39m&amp#27;[32m200&amp#27;[39m &amp#27;[90m2 ms - 22&amp#27;[39m
&amp#27;[38;5;0m[HTTP]&amp#27;[0m &amp#27;[90m&amp#27;[39m
&amp#27;[38;5;0m[HTTP]&amp#27;[0m &amp#27;[37m-->&amp#27;[39m &amp#27;[37mPOST&amp#27;[39m &amp#27;[37m/session/28adf0bf-7ee8-437a-b2e7-798510efe6fe/element&amp#27;[39m
&amp#27;[38;5;0m[HTTP]&amp#27;[0m &amp#27;[90m{"using":"xpath","value":"//XCUIElementTypeApplication[@name=\"Therabody\"]/XCUIElementTypeWindow[1]/XCUIElementTypeOther/XCUIElementTypeOther/XCUIElementTypeOther/XCUIElementTypeOther/XCUIElementTypeOther/XCUIElementTypeOther/XCUIElementTypeOther/XCUIElementTypeOther/XCUIElementTypeOther/XCUIElementTypeOther/XCUIElementTypeOther/XCUIElementTypeOther/XCUIElementTypeButton"}&amp#27;[39m
&amp#27;[38;5;32m[XCUITestDriver@e07a (28adf0bf)]&amp#27;[0m Calling AppiumDriver.findElement() with args: ["xpath","//XCUIElementTypeApplication[@name=\"Therabody\"]/XCUIElementTypeWindow[1]/XCUIElementTypeOther/XCUIElementTypeOther/XCUIElementTypeOther/XCUIElementTypeOther/XCUIElementTypeOther/XCUIElementTypeOther/XCUIElementTypeOther/XCUIElementTypeOther/XCUIElementTypeOther/XCUIElementTypeOther/XCUIElementTypeOther/XCUIElementTypeOther/XCUIElementTypeButton","28adf0bf-7ee8-437a-b2e7-798510efe6fe"]
&amp#27;[38;5;32m[XCUITestDriver@e07a (28adf0bf)]&amp#27;[0m Executing command 'findElement'
&amp#27;[38;5;32m[XCUITestDriver@e07a (28adf0bf)]&amp#27;[0m Valid locator strategies for this request: xpath, id, name, class name, -ios predicate string, -ios class chain, accessibility id, css selector
&amp#27;[38;5;32m[XCUITestDriver@e07a (28adf0bf)]&amp#27;[0m Waiting up to 0 ms for condition
&amp#27;[38;5;32m[XCUITestDriver@e07a (28adf0bf)]&amp#27;[0m Matched '/element' to command name 'findElement'
&amp#27;[38;5;32m[XCUITestDriver@e07a (28adf0bf)]&amp#27;[0m Proxying [POST /element] to [POST http://127.0.0.1:8100/session/E78FC83E-19E7-4136-B719-97A048452808/element] with body: {"using":"xpath","value":"//XCUIElementTypeApplication[@name=\"Therabody\"]/XCUIElementTypeWindow[1]/XCUIElementTypeOther/XCUIElementTypeOther/XCUIElementTypeOther/XCUIElementTypeOther/XCUIElementTypeOther/XCUIElementTypeOther/XCUIElementTypeOther/XCUIElementTypeOther/XCUIElementTypeOther/XCUIElementTypeOther/XCUIElementTypeOther/XCUIElementTypeOther/XCUIElementTypeButton"}
&amp#27;[38;5;32m[XCUITestDriver@e07a (28adf0bf)]&amp#27;[0m Got response with status 200: {"value":{"ELEMENT":"1A050000-0000-0000-0103-000000000000","element-6066-11e4-a52e-4f735466cecf":"1A050000-0000-0000-0103-000000000000"},"sessionId":"E78FC83E-19E7-4136-B719-97A048452808"}
&amp#27;[38;5;32m[XCUITestDriver@e07a (28adf0bf)]&amp#27;[0m Responding to client with driver.findElement() result: {"element-6066-11e4-a52e-4f735466cecf":"1A050000-0000-0000-0103-000000000000","ELEMENT":"1A050000-0000-0000-0103-000000000000"}
&amp#27;[38;5;0m[HTTP]&amp#27;[0m &amp#27;[37m<-- POST /session/28adf0bf-7ee8-437a-b2e7-798510efe6fe/element &amp#27;[39m&amp#27;[32m200&amp#27;[39m &amp#27;[90m1513 ms - 137&amp#27;[39m
&amp#27;[38;5;0m[HTTP]&amp#27;[0m &amp#27;[90m&amp#27;[39m
&amp#27;[38;5;0m[HTTP]&amp#27;[0m &amp#27;[37m-->&amp#27;[39m &amp#27;[37mGET&amp#27;[39m &amp#27;[37m/session/28adf0bf-7ee8-437a-b2e7-798510efe6fe/element/1A050000-0000-0000-0103-000000000000/displayed&amp#27;[39m
&amp#27;[38;5;0m[HTTP]&amp#27;[0m &amp#27;[90m{}&amp#27;[39m
&amp#27;[38;5;32m[XCUITestDriver@e07a (28adf0bf)]&amp#27;[0m Driver proxy active, passing request on via HTTP proxy
&amp#27;[38;5;32m[XCUITestDriver@e07a (28adf0bf)]&amp#27;[0m Executing command 'proxyReqRes'
&amp#27;[38;5;32m[XCUITestDriver@e07a (28adf0bf)]&amp#27;[0m Matched '/session/28adf0bf-7ee8-437a-b2e7-798510efe6fe/element/1A050000-0000-0000-0103-000000000000/displayed' to command name 'elementDisplayed'
&amp#27;[38;5;32m[XCUITestDriver@e07a (28adf0bf)]&amp#27;[0m Proxying [GET /session/28adf0bf-7ee8-437a-b2e7-798510efe6fe/element/1A050000-0000-0000-0103-000000000000/displayed] to [GET http://127.0.0.1:8100/session/E78FC83E-19E7-4136-B719-97A048452808/element/1A050000-0000-0000-0103-000000000000/displayed] with no body
&amp#27;[38;5;32m[XCUITestDriver@e07a (28adf0bf)]&amp#27;[0m Got response with status 200: {"value":true,"sessionId":"E78FC83E-19E7-4136-B719-97A048452808"}
&amp#27;[38;5;32m[XCUITestDriver@e07a (28adf0bf)]&amp#27;[0m Replacing sessionId E78FC83E-19E7-4136-B719-97A048452808 with 28adf0bf-7ee8-437a-b2e7-798510efe6fe
&amp#27;[38;5;0m[HTTP]&amp#27;[0m &amp#27;[37m<-- GET /session/28adf0bf-7ee8-437a-b2e7-798510efe6fe/element/1A050000-0000-0000-0103-000000000000/displayed &amp#27;[39m&amp#27;[32m200&amp#27;[39m &amp#27;[90m142 ms - 65&amp#27;[39m
&amp#27;[38;5;0m[HTTP]&amp#27;[0m &amp#27;[90m&amp#27;[39m
&amp#27;[38;5;0m[HTTP]&amp#27;[0m &amp#27;[37m-->&amp#27;[39m &amp#27;[37mGET&amp#27;[39m &amp#27;[37m/session/28adf0bf-7ee8-437a-b2e7-798510efe6fe/context&amp#27;[39m
&amp#27;[38;5;0m[HTTP]&amp#27;[0m &amp#27;[90m{}&amp#27;[39m
&amp#27;[38;5;32m[XCUITestDriver@e07a (28adf0bf)]&amp#27;[0m Calling AppiumDriver.getCurrentContext() with args: ["28adf0bf-7ee8-437a-b2e7-798510efe6fe"]
&amp#27;[38;5;32m[XCUITestDriver@e07a (28adf0bf)]&amp#27;[0m Executing command 'getCurrentContext'
&amp#27;[38;5;32m[XCUITestDriver@e07a (28adf0bf)]&amp#27;[0m Responding to client with driver.getCurrentContext() result: "NATIVE_APP"
&amp#27;[38;5;0m[HTTP]&amp#27;[0m &amp#27;[37m<-- GET /session/28adf0bf-7ee8-437a-b2e7-798510efe6fe/context &amp#27;[39m&amp#27;[32m200&amp#27;[39m &amp#27;[90m1 ms - 22&amp#27;[39m
&amp#27;[38;5;0m[HTTP]&amp#27;[0m &amp#27;[90m&amp#27;[39m
&amp#27;[38;5;0m[HTTP]&amp#27;[0m &amp#27;[37m-->&amp#27;[39m &amp#27;[37mPOST&amp#27;[39m &amp#27;[37m/session/28adf0bf-7ee8-437a-b2e7-798510efe6fe/element&amp#27;[39m
&amp#27;[38;5;0m[HTTP]&amp#27;[0m &amp#27;[90m{"using":"xpath","value":"//XCUIElementTypeApplication[@name=\"Therabody\"]/XCUIElementTypeWindow[1]/XCUIElementTypeOther/XCUIElementTypeOther/XCUIElementTypeOther/XCUIElementTypeOther/XCUIElementTypeOther/XCUIElementTypeOther/XCUIElementTypeOther/XCUIElementTypeOther/XCUIElementTypeOther/XCUIElementTypeOther/XCUIElementTypeOther/XCUIElementTypeOther/XCUIElementTypeButton"}&amp#27;[39m
&amp#27;[38;5;32m[XCUITestDriver@e07a (28adf0bf)]&amp#27;[0m Calling AppiumDriver.findElement() with args: ["xpath","//XCUIElementTypeApplication[@name=\"Therabody\"]/XCUIElementTypeWindow[1]/XCUIElementTypeOther/XCUIElementTypeOther/XCUIElementTypeOther/XCUIElementTypeOther/XCUIElementTypeOther/XCUIElementTypeOther/XCUIElementTypeOther/XCUIElementTypeOther/XCUIElementTypeOther/XCUIElementTypeOther/XCUIElementTypeOther/XCUIElementTypeOther/XCUIElementTypeButton","28adf0bf-7ee8-437a-b2e7-798510efe6fe"]
&amp#27;[38;5;32m[XCUITestDriver@e07a (28adf0bf)]&amp#27;[0m Executing command 'findElement'
&amp#27;[38;5;32m[XCUITestDriver@e07a (28adf0bf)]&amp#27;[0m Valid locator strategies for this request: xpath, id, name, class name, -ios predicate string, -ios class chain, accessibility id, css selector
&amp#27;[38;5;32m[XCUITestDriver@e07a (28adf0bf)]&amp#27;[0m Waiting up to 0 ms for condition
&amp#27;[38;5;32m[XCUITestDriver@e07a (28adf0bf)]&amp#27;[0m Matched '/element' to command name 'findElement'
&amp#27;[38;5;32m[XCUITestDriver@e07a (28adf0bf)]&amp#27;[0m Proxying [POST /element] to [POST http://127.0.0.1:8100/session/E78FC83E-19E7-4136-B719-97A048452808/element] with body: {"using":"xpath","value":"//XCUIElementTypeApplication[@name=\"Therabody\"]/XCUIElementTypeWindow[1]/XCUIElementTypeOther/XCUIElementTypeOther/XCUIElementTypeOther/XCUIElementTypeOther/XCUIElementTypeOther/XCUIElementTypeOther/XCUIElementTypeOther/XCUIElementTypeOther/XCUIElementTypeOther/XCUIElementTypeOther/XCUIElementTypeOther/XCUIElementTypeOther/XCUIElementTypeButton"}
&amp#27;[38;5;32m[XCUITestDriver@e07a (28adf0bf)]&amp#27;[0m Got response with status 200: {"value":{"ELEMENT":"1A050000-0000-0000-0103-000000000000","element-6066-11e4-a52e-4f735466cecf":"1A050000-0000-0000-0103-000000000000"},"sessionId":"E78FC83E-19E7-4136-B719-97A048452808"}
&amp#27;[38;5;32m[XCUITestDriver@e07a (28adf0bf)]&amp#27;[0m Responding to client with driver.findElement() result: {"element-6066-11e4-a52e-4f735466cecf":"1A050000-0000-0000-0103-000000000000","ELEMENT":"1A050000-0000-0000-0103-000000000000"}
&amp#27;[38;5;0m[HTTP]&amp#27;[0m &amp#27;[37m<-- POST /session/28adf0bf-7ee8-437a-b2e7-798510efe6fe/element &amp#27;[39m&amp#27;[32m200&amp#27;[39m &amp#27;[90m1300 ms - 137&amp#27;[39m
&amp#27;[38;5;0m[HTTP]&amp#27;[0m &amp#27;[90m&amp#27;[39m
&amp#27;[38;5;0m[HTTP]&amp#27;[0m &amp#27;[37m-->&amp#27;[39m &amp#27;[37mGET&amp#27;[39m &amp#27;[37m/session/28adf0bf-7ee8-437a-b2e7-798510efe6fe/element/1A050000-0000-0000-0103-000000000000/enabled&amp#27;[39m
&amp#27;[38;5;0m[HTTP]&amp#27;[0m &amp#27;[90m{}&amp#27;[39m
&amp#27;[38;5;32m[XCUITestDriver@e07a (28adf0bf)]&amp#27;[0m Driver proxy active, passing request on via HTTP proxy
&amp#27;[38;5;32m[XCUITestDriver@e07a (28adf0bf)]&amp#27;[0m Executing command 'proxyReqRes'
&amp#27;[38;5;32m[XCUITestDriver@e07a (28adf0bf)]&amp#27;[0m Matched '/session/28adf0bf-7ee8-437a-b2e7-798510efe6fe/element/1A050000-0000-0000-0103-000000000000/enabled' to command name 'elementEnabled'
&amp#27;[38;5;32m[XCUITestDriver@e07a (28adf0bf)]&amp#27;[0m Proxying [GET /session/28adf0bf-7ee8-437a-b2e7-798510efe6fe/element/1A050000-0000-0000-0103-000000000000/enabled] to [GET http://127.0.0.1:8100/session/E78FC83E-19E7-4136-B719-97A048452808/element/1A050000-0000-0000-0103-000000000000/enabled] with no body
&amp#27;[38;5;32m[XCUITestDriver@e07a (28adf0bf)]&amp#27;[0m Got response with status 200: {"value":true,"sessionId":"E78FC83E-19E7-4136-B719-97A048452808"}
&amp#27;[38;5;32m[XCUITestDriver@e07a (28adf0bf)]&amp#27;[0m Replacing sessionId E78FC83E-19E7-4136-B719-97A048452808 with 28adf0bf-7ee8-437a-b2e7-798510efe6fe
&amp#27;[38;5;0m[HTTP]&amp#27;[0m &amp#27;[37m<-- GET /session/28adf0bf-7ee8-437a-b2e7-798510efe6fe/element/1A050000-0000-0000-0103-000000000000/enabled &amp#27;[39m&amp#27;[32m200&amp#27;[39m &amp#27;[90m132 ms - 65&amp#27;[39m
&amp#27;[38;5;0m[HTTP]&amp#27;[0m &amp#27;[90m&amp#27;[39m
&amp#27;[38;5;0m[HTTP]&amp#27;[0m &amp#27;[37m-->&amp#27;[39m &amp#27;[37mGET&amp#27;[39m &amp#27;[37m/session/28adf0bf-7ee8-437a-b2e7-798510efe6fe/context&amp#27;[39m
&amp#27;[38;5;0m[HTTP]&amp#27;[0m &amp#27;[90m{}&amp#27;[39m
&amp#27;[38;5;32m[XCUITestDriver@e07a (28adf0bf)]&amp#27;[0m Calling AppiumDriver.getCurrentContext() with args: ["28adf0bf-7ee8-437a-b2e7-798510efe6fe"]
&amp#27;[38;5;32m[XCUITestDriver@e07a (28adf0bf)]&amp#27;[0m Executing command 'getCurrentContext'
&amp#27;[38;5;32m[XCUITestDriver@e07a (28adf0bf)]&amp#27;[0m Responding to client with driver.getCurrentContext() result: "NATIVE_APP"
&amp#27;[38;5;0m[HTTP]&amp#27;[0m &amp#27;[37m<-- GET /session/28adf0bf-7ee8-437a-b2e7-798510efe6fe/context &amp#27;[39m&amp#27;[32m200&amp#27;[39m &amp#27;[90m1 ms - 22&amp#27;[39m
&amp#27;[38;5;0m[HTTP]&amp#27;[0m &amp#27;[90m&amp#27;[39m
&amp#27;[38;5;0m[HTTP]&amp#27;[0m &amp#27;[37m-->&amp#27;[39m &amp#27;[37mPOST&amp#27;[39m &amp#27;[37m/session/28adf0bf-7ee8-437a-b2e7-798510efe6fe/element&amp#27;[39m
&amp#27;[38;5;0m[HTTP]&amp#27;[0m &amp#27;[90m{"using":"xpath","value":"//XCUIElementTypeApplication[@name=\"Therabody\"]/XCUIElementTypeWindow[1]/XCUIElementTypeOther/XCUIElementTypeOther/XCUIElementTypeOther/XCUIElementTypeOther/XCUIElementTypeOther/XCUIElementTypeOther/XCUIElementTypeOther/XCUIElementTypeOther/XCUIElementTypeOther/XCUIElementTypeOther/XCUIElementTypeOther/XCUIElementTypeOther/XCUIElementTypeButton"}&amp#27;[39m
&amp#27;[38;5;32m[XCUITestDriver@e07a (28adf0bf)]&amp#27;[0m Calling AppiumDriver.findElement() with args: ["xpath","//XCUIElementTypeApplication[@name=\"Therabody\"]/XCUIElementTypeWindow[1]/XCUIElementTypeOther/XCUIElementTypeOther/XCUIElementTypeOther/XCUIElementTypeOther/XCUIElementTypeOther/XCUIElementTypeOther/XCUIElementTypeOther/XCUIElementTypeOther/XCUIElementTypeOther/XCUIElementTypeOther/XCUIElementTypeOther/XCUIElementTypeOther/XCUIElementTypeButton","28adf0bf-7ee8-437a-b2e7-798510efe6fe"]
&amp#27;[38;5;32m[XCUITestDriver@e07a (28adf0bf)]&amp#27;[0m Executing command 'findElement'
&amp#27;[38;5;32m[XCUITestDriver@e07a (28adf0bf)]&amp#27;[0m Valid locator strategies for this request: xpath, id, name, class name, -ios predicate string, -ios class chain, accessibility id, css selector
&amp#27;[38;5;32m[XCUITestDriver@e07a (28adf0bf)]&amp#27;[0m Waiting up to 0 ms for condition
&amp#27;[38;5;32m[XCUITestDriver@e07a (28adf0bf)]&amp#27;[0m Matched '/element' to command name 'findElement'
&amp#27;[38;5;32m[XCUITestDriver@e07a (28adf0bf)]&amp#27;[0m Proxying [POST /element] to [POST http://127.0.0.1:8100/session/E78FC83E-19E7-4136-B719-97A048452808/element] with body: {"using":"xpath","value":"//XCUIElementTypeApplication[@name=\"Therabody\"]/XCUIElementTypeWindow[1]/XCUIElementTypeOther/XCUIElementTypeOther/XCUIElementTypeOther/XCUIElementTypeOther/XCUIElementTypeOther/XCUIElementTypeOther/XCUIElementTypeOther/XCUIElementTypeOther/XCUIElementTypeOther/XCUIElementTypeOther/XCUIElementTypeOther/XCUIElementTypeOther/XCUIElementTypeButton"}
&amp#27;[38;5;32m[XCUITestDriver@e07a (28adf0bf)]&amp#27;[0m Got response with status 200: {"value":{"ELEMENT":"1A050000-0000-0000-0103-000000000000","element-6066-11e4-a52e-4f735466cecf":"1A050000-0000-0000-0103-000000000000"},"sessionId":"E78FC83E-19E7-4136-B719-97A048452808"}
&amp#27;[38;5;32m[XCUITestDriver@e07a (28adf0bf)]&amp#27;[0m Responding to client with driver.findElement() result: {"element-6066-11e4-a52e-4f735466cecf":"1A050000-0000-0000-0103-000000000000","ELEMENT":"1A050000-0000-0000-0103-000000000000"}
&amp#27;[38;5;0m[HTTP]&amp#27;[0m &amp#27;[37m<-- POST /session/28adf0bf-7ee8-437a-b2e7-798510efe6fe/element &amp#27;[39m&amp#27;[32m200&amp#27;[39m &amp#27;[90m1237 ms - 137&amp#27;[39m
&amp#27;[38;5;0m[HTTP]&amp#27;[0m &amp#27;[90m&amp#27;[39m
&amp#27;[38;5;0m[HTTP]&amp#27;[0m &amp#27;[37m-->&amp#27;[39m &amp#27;[37mPOST&amp#27;[39m &amp#27;[37m/session/28adf0bf-7ee8-437a-b2e7-798510efe6fe/element/1A050000-0000-0000-0103-000000000000/click&amp#27;[39m
&amp#27;[38;5;0m[HTTP]&amp#27;[0m &amp#27;[90m{"id":"1A050000-0000-0000-0103-000000000000"}&amp#27;[39m
&amp#27;[38;5;32m[XCUITestDriver@e07a (28adf0bf)]&amp#27;[0m Driver proxy active, passing request on via HTTP proxy
&amp#27;[38;5;32m[XCUITestDriver@e07a (28adf0bf)]&amp#27;[0m Executing command 'proxyReqRes'
&amp#27;[38;5;32m[XCUITestDriver@e07a (28adf0bf)]&amp#27;[0m Matched '/session/28adf0bf-7ee8-437a-b2e7-798510efe6fe/element/1A050000-0000-0000-0103-000000000000/click' to command name 'click'
&amp#27;[38;5;32m[XCUITestDriver@e07a (28adf0bf)]&amp#27;[0m Proxying [POST /session/28adf0bf-7ee8-437a-b2e7-798510efe6fe/element/1A050000-0000-0000-0103-000000000000/click] to [POST http://127.0.0.1:8100/session/E78FC83E-19E7-4136-B719-97A048452808/element/1A050000-0000-0000-0103-000000000000/click] with body: {"id":"1A050000-0000-0000-0103-000000000000"}
&amp#27;[38;5;32m[XCUITestDriver@e07a (28adf0bf)]&amp#27;[0m Got response with status 200: {"value":null,"sessionId":"E78FC83E-19E7-4136-B719-97A048452808"}
&amp#27;[38;5;32m[XCUITestDriver@e07a (28adf0bf)]&amp#27;[0m Replacing sessionId E78FC83E-19E7-4136-B719-97A048452808 with 28adf0bf-7ee8-437a-b2e7-798510efe6fe
&amp#27;[38;5;0m[HTTP]&amp#27;[0m &amp#27;[37m<-- POST /session/28adf0bf-7ee8-437a-b2e7-798510efe6fe/element/1A050000-0000-0000-0103-000000000000/click &amp#27;[39m&amp#27;[32m200&amp#27;[39m &amp#27;[90m720 ms - 65&amp#27;[39m
&amp#27;[38;5;0m[HTTP]&amp#27;[0m &amp#27;[90m&amp#27;[39m
&amp#27;[38;5;0m[HTTP]&amp#27;[0m &amp#27;[37m-->&amp#27;[39m &amp#27;[37mGET&amp#27;[39m &amp#27;[37m/session/28adf0bf-7ee8-437a-b2e7-798510efe6fe/context&amp#27;[39m
&amp#27;[38;5;0m[HTTP]&amp#27;[0m &amp#27;[90m{}&amp#27;[39m
&amp#27;[38;5;32m[XCUITestDriver@e07a (28adf0bf)]&amp#27;[0m Calling AppiumDriver.getCurrentContext() with args: ["28adf0bf-7ee8-437a-b2e7-798510efe6fe"]
&amp#27;[38;5;32m[XCUITestDriver@e07a (28adf0bf)]&amp#27;[0m Executing command 'getCurrentContext'
&amp#27;[38;5;32m[XCUITestDriver@e07a (28adf0bf)]&amp#27;[0m Responding to client with driver.getCurrentContext() result: "NATIVE_APP"
&amp#27;[38;5;0m[HTTP]&amp#27;[0m &amp#27;[37m<-- GET /session/28adf0bf-7ee8-437a-b2e7-798510efe6fe/context &amp#27;[39m&amp#27;[32m200&amp#27;[39m &amp#27;[90m1 ms - 22&amp#27;[39m
&amp#27;[38;5;0m[HTTP]&amp#27;[0m &amp#27;[90m&amp#27;[39m
&amp#27;[38;5;0m[HTTP]&amp#27;[0m &amp#27;[37m-->&amp#27;[39m &amp#27;[37mPOST&amp#27;[39m &amp#27;[37m/session/28adf0bf-7ee8-437a-b2e7-798510efe6fe/element&amp#27;[39m
&amp#27;[38;5;0m[HTTP]&amp#27;[0m &amp#27;[90m{"using":"xpath","value":"//XCUIElementTypeStaticText[@name=\"Wave Series\"]"}&amp#27;[39m
&amp#27;[38;5;32m[XCUITestDriver@e07a (28adf0bf)]&amp#27;[0m Calling AppiumDriver.findElement() with args: ["xpath","//XCUIElementTypeStaticText[@name=\"Wave Series\"]","28adf0bf-7ee8-437a-b2e7-798510efe6fe"]
&amp#27;[38;5;32m[XCUITestDriver@e07a (28adf0bf)]&amp#27;[0m Executing command 'findElement'
&amp#27;[38;5;32m[XCUITestDriver@e07a (28adf0bf)]&amp#27;[0m Valid locator strategies for this request: xpath, id, name, class name, -ios predicate string, -ios class chain, accessibility id, css selector
&amp#27;[38;5;32m[XCUITestDriver@e07a (28adf0bf)]&amp#27;[0m Waiting up to 0 ms for condition
&amp#27;[38;5;32m[XCUITestDriver@e07a (28adf0bf)]&amp#27;[0m Matched '/element' to command name 'findElement'
&amp#27;[38;5;32m[XCUITestDriver@e07a (28adf0bf)]&amp#27;[0m Proxying [POST /element] to [POST http://127.0.0.1:8100/session/E78FC83E-19E7-4136-B719-97A048452808/element] with body: {"using":"xpath","value":"//XCUIElementTypeStaticText[@name=\"Wave Series\"]"}
&amp#27;[38;5;32m[XCUITestDriver@e07a (28adf0bf)]&amp#27;[0m Got response with status 200: {"value":{"ELEMENT":"F8050000-0000-0000-0103-000000000000","element-6066-11e4-a52e-4f735466cecf":"F8050000-0000-0000-0103-000000000000"},"sessionId":"E78FC83E-19E7-4136-B719-97A048452808"}
&amp#27;[38;5;32m[XCUITestDriver@e07a (28adf0bf)]&amp#27;[0m Responding to client with driver.findElement() result: {"element-6066-11e4-a52e-4f735466cecf":"F8050000-0000-0000-0103-000000000000","ELEMENT":"F8050000-0000-0000-0103-000000000000"}
&amp#27;[38;5;0m[HTTP]&amp#27;[0m &amp#27;[37m<-- POST /session/28adf0bf-7ee8-437a-b2e7-798510efe6fe/element &amp#27;[39m&amp#27;[32m200&amp#27;[39m &amp#27;[90m1788 ms - 137&amp#27;[39m
&amp#27;[38;5;0m[HTTP]&amp#27;[0m &amp#27;[90m&amp#27;[39m
&amp#27;[38;5;0m[HTTP]&amp#27;[0m &amp#27;[37m-->&amp#27;[39m &amp#27;[37mGET&amp#27;[39m &amp#27;[37m/session/28adf0bf-7ee8-437a-b2e7-798510efe6fe/element/F8050000-0000-0000-0103-000000000000/displayed&amp#27;[39m
&amp#27;[38;5;0m[HTTP]&amp#27;[0m &amp#27;[90m{}&amp#27;[39m
&amp#27;[38;5;32m[XCUITestDriver@e07a (28adf0bf)]&amp#27;[0m Driver proxy active, passing request on via HTTP proxy
&amp#27;[38;5;32m[XCUITestDriver@e07a (28adf0bf)]&amp#27;[0m Executing command 'proxyReqRes'
&amp#27;[38;5;32m[XCUITestDriver@e07a (28adf0bf)]&amp#27;[0m Matched '/session/28adf0bf-7ee8-437a-b2e7-798510efe6fe/element/F8050000-0000-0000-0103-000000000000/displayed' to command name 'elementDisplayed'
&amp#27;[38;5;32m[XCUITestDriver@e07a (28adf0bf)]&amp#27;[0m Proxying [GET /session/28adf0bf-7ee8-437a-b2e7-798510efe6fe/element/F8050000-0000-0000-0103-000000000000/displayed] to [GET http://127.0.0.1:8100/session/E78FC83E-19E7-4136-B719-97A048452808/element/F8050000-0000-0000-0103-000000000000/displayed] with no body
&amp#27;[38;5;32m[XCUITestDriver@e07a (28adf0bf)]&amp#27;[0m Got response with status 200: {"value":true,"sessionId":"E78FC83E-19E7-4136-B719-97A048452808"}
&amp#27;[38;5;32m[XCUITestDriver@e07a (28adf0bf)]&amp#27;[0m Replacing sessionId E78FC83E-19E7-4136-B719-97A048452808 with 28adf0bf-7ee8-437a-b2e7-798510efe6fe
&amp#27;[38;5;0m[HTTP]&amp#27;[0m &amp#27;[37m<-- GET /session/28adf0bf-7ee8-437a-b2e7-798510efe6fe/element/F8050000-0000-0000-0103-000000000000/displayed &amp#27;[39m&amp#27;[32m200&amp#27;[39m &amp#27;[90m163 ms - 65&amp#27;[39m
&amp#27;[38;5;0m[HTTP]&amp#27;[0m &amp#27;[90m&amp#27;[39m
&amp#27;[38;5;0m[HTTP]&amp#27;[0m &amp#27;[37m-->&amp#27;[39m &amp#27;[37mGET&amp#27;[39m &amp#27;[37m/session/28adf0bf-7ee8-437a-b2e7-798510efe6fe/context&amp#27;[39m
&amp#27;[38;5;0m[HTTP]&amp#27;[0m &amp#27;[90m{}&amp#27;[39m
&amp#27;[38;5;32m[XCUITestDriver@e07a (28adf0bf)]&amp#27;[0m Calling AppiumDriver.getCurrentContext() with args: ["28adf0bf-7ee8-437a-b2e7-798510efe6fe"]
&amp#27;[38;5;32m[XCUITestDriver@e07a (28adf0bf)]&amp#27;[0m Executing command 'getCurrentContext'
&amp#27;[38;5;32m[XCUITestDriver@e07a (28adf0bf)]&amp#27;[0m Responding to client with driver.getCurrentContext() result: "NATIVE_APP"
&amp#27;[38;5;0m[HTTP]&amp#27;[0m &amp#27;[37m<-- GET /session/28adf0bf-7ee8-437a-b2e7-798510efe6fe/context &amp#27;[39m&amp#27;[32m200&amp#27;[39m &amp#27;[90m1 ms - 22&amp#27;[39m
&amp#27;[38;5;0m[HTTP]&amp#27;[0m &amp#27;[90m&amp#27;[39m
&amp#27;[38;5;0m[HTTP]&amp#27;[0m &amp#27;[37m-->&amp#27;[39m &amp#27;[37mPOST&amp#27;[39m &amp#27;[37m/session/28adf0bf-7ee8-437a-b2e7-798510efe6fe/element&amp#27;[39m
&amp#27;[38;5;0m[HTTP]&amp#27;[0m &amp#27;[90m{"using":"xpath","value":"//XCUIElementTypeStaticText[@name=\"Wave Series\"]"}&amp#27;[39m
&amp#27;[38;5;32m[XCUITestDriver@e07a (28adf0bf)]&amp#27;[0m Calling AppiumDriver.findElement() with args: ["xpath","//XCUIElementTypeStaticText[@name=\"Wave Series\"]","28adf0bf-7ee8-437a-b2e7-798510efe6fe"]
&amp#27;[38;5;32m[XCUITestDriver@e07a (28adf0bf)]&amp#27;[0m Executing command 'findElement'
&amp#27;[38;5;32m[XCUITestDriver@e07a (28adf0bf)]&amp#27;[0m Valid locator strategies for this request: xpath, id, name, class name, -ios predicate string, -ios class chain, accessibility id, css selector
&amp#27;[38;5;32m[XCUITestDriver@e07a (28adf0bf)]&amp#27;[0m Waiting up to 0 ms for condition
&amp#27;[38;5;32m[XCUITestDriver@e07a (28adf0bf)]&amp#27;[0m Matched '/element' to command name 'findElement'
&amp#27;[38;5;32m[XCUITestDriver@e07a (28adf0bf)]&amp#27;[0m Proxying [POST /element] to [POST http://127.0.0.1:8100/session/E78FC83E-19E7-4136-B719-97A048452808/element] with body: {"using":"xpath","value":"//XCUIElementTypeStaticText[@name=\"Wave Series\"]"}
&amp#27;[38;5;32m[XCUITestDriver@e07a (28adf0bf)]&amp#27;[0m Got response with status 200: {"value":{"ELEMENT":"F8050000-0000-0000-0103-000000000000","element-6066-11e4-a52e-4f735466cecf":"F8050000-0000-0000-0103-000000000000"},"sessionId":"E78FC83E-19E7-4136-B719-97A048452808"}
&amp#27;[38;5;32m[XCUITestDriver@e07a (28adf0bf)]&amp#27;[0m Responding to client with driver.findElement() result: {"element-6066-11e4-a52e-4f735466cecf":"F8050000-0000-0000-0103-000000000000","ELEMENT":"F8050000-0000-0000-0103-000000000000"}
&amp#27;[38;5;0m[HTTP]&amp#27;[0m &amp#27;[37m<-- POST /session/28adf0bf-7ee8-437a-b2e7-798510efe6fe/element &amp#27;[39m&amp#27;[32m200&amp#27;[39m &amp#27;[90m1944 ms - 137&amp#27;[39m
&amp#27;[38;5;0m[HTTP]&amp#27;[0m &amp#27;[90m&amp#27;[39m
&amp#27;[38;5;0m[HTTP]&amp#27;[0m &amp#27;[37m-->&amp#27;[39m &amp#27;[37mGET&amp#27;[39m &amp#27;[37m/session/28adf0bf-7ee8-437a-b2e7-798510efe6fe/element/F8050000-0000-0000-0103-000000000000/enabled&amp#27;[39m
&amp#27;[38;5;0m[HTTP]&amp#27;[0m &amp#27;[90m{}&amp#27;[39m
&amp#27;[38;5;32m[XCUITestDriver@e07a (28adf0bf)]&amp#27;[0m Driver proxy active, passing request on via HTTP proxy
&amp#27;[38;5;32m[XCUITestDriver@e07a (28adf0bf)]&amp#27;[0m Executing command 'proxyReqRes'
&amp#27;[38;5;32m[XCUITestDriver@e07a (28adf0bf)]&amp#27;[0m Matched '/session/28adf0bf-7ee8-437a-b2e7-798510efe6fe/element/F8050000-0000-0000-0103-000000000000/enabled' to command name 'elementEnabled'
&amp#27;[38;5;32m[XCUITestDriver@e07a (28adf0bf)]&amp#27;[0m Proxying [GET /session/28adf0bf-7ee8-437a-b2e7-798510efe6fe/element/F8050000-0000-0000-0103-000000000000/enabled] to [GET http://127.0.0.1:8100/session/E78FC83E-19E7-4136-B719-97A048452808/element/F8050000-0000-0000-0103-000000000000/enabled] with no body
&amp#27;[38;5;32m[XCUITestDriver@e07a (28adf0bf)]&amp#27;[0m Got response with status 200: {"value":true,"sessionId":"E78FC83E-19E7-4136-B719-97A048452808"}
&amp#27;[38;5;32m[XCUITestDriver@e07a (28adf0bf)]&amp#27;[0m Replacing sessionId E78FC83E-19E7-4136-B719-97A048452808 with 28adf0bf-7ee8-437a-b2e7-798510efe6fe
&amp#27;[38;5;0m[HTTP]&amp#27;[0m &amp#27;[37m<-- GET /session/28adf0bf-7ee8-437a-b2e7-798510efe6fe/element/F8050000-0000-0000-0103-000000000000/enabled &amp#27;[39m&amp#27;[32m200&amp#27;[39m &amp#27;[90m156 ms - 65&amp#27;[39m
&amp#27;[38;5;0m[HTTP]&amp#27;[0m &amp#27;[90m&amp#27;[39m
&amp#27;[38;5;0m[HTTP]&amp#27;[0m &amp#27;[37m-->&amp#27;[39m &amp#27;[37mGET&amp#27;[39m &amp#27;[37m/session/28adf0bf-7ee8-437a-b2e7-798510efe6fe/context&amp#27;[39m
&amp#27;[38;5;0m[HTTP]&amp#27;[0m &amp#27;[90m{}&amp#27;[39m
&amp#27;[38;5;32m[XCUITestDriver@e07a (28adf0bf)]&amp#27;[0m Calling AppiumDriver.getCurrentContext() with args: ["28adf0bf-7ee8-437a-b2e7-798510efe6fe"]
&amp#27;[38;5;32m[XCUITestDriver@e07a (28adf0bf)]&amp#27;[0m Executing command 'getCurrentContext'
&amp#27;[38;5;32m[XCUITestDriver@e07a (28adf0bf)]&amp#27;[0m Responding to client with driver.getCurrentContext() result: "NATIVE_APP"
&amp#27;[38;5;0m[HTTP]&amp#27;[0m &amp#27;[37m<-- GET /session/28adf0bf-7ee8-437a-b2e7-798510efe6fe/context &amp#27;[39m&amp#27;[32m200&amp#27;[39m &amp#27;[90m1 ms - 22&amp#27;[39m
&amp#27;[38;5;0m[HTTP]&amp#27;[0m &amp#27;[90m&amp#27;[39m
&amp#27;[38;5;0m[HTTP]&amp#27;[0m &amp#27;[37m-->&amp#27;[39m &amp#27;[37mPOST&amp#27;[39m &amp#27;[37m/session/28adf0bf-7ee8-437a-b2e7-798510efe6fe/element&amp#27;[39m
&amp#27;[38;5;0m[HTTP]&amp#27;[0m &amp#27;[90m{"using":"xpath","value":"//XCUIElementTypeStaticText[@name=\"Wave Series\"]"}&amp#27;[39m
&amp#27;[38;5;32m[XCUITestDriver@e07a (28adf0bf)]&amp#27;[0m Calling AppiumDriver.findElement() with args: ["xpath","//XCUIElementTypeStaticText[@name=\"Wave Series\"]","28adf0bf-7ee8-437a-b2e7-798510efe6fe"]
&amp#27;[38;5;32m[XCUITestDriver@e07a (28adf0bf)]&amp#27;[0m Executing command 'findElement'
&amp#27;[38;5;32m[XCUITestDriver@e07a (28adf0bf)]&amp#27;[0m Valid locator strategies for this request: xpath, id, name, class name, -ios predicate string, -ios class chain, accessibility id, css selector
&amp#27;[38;5;32m[XCUITestDriver@e07a (28adf0bf)]&amp#27;[0m Waiting up to 0 ms for condition
&amp#27;[38;5;32m[XCUITestDriver@e07a (28adf0bf)]&amp#27;[0m Matched '/element' to command name 'findElement'
&amp#27;[38;5;32m[XCUITestDriver@e07a (28adf0bf)]&amp#27;[0m Proxying [POST /element] to [POST http://127.0.0.1:8100/session/E78FC83E-19E7-4136-B719-97A048452808/element] with body: {"using":"xpath","value":"//XCUIElementTypeStaticText[@name=\"Wave Series\"]"}
&amp#27;[38;5;32m[XCUITestDriver@e07a (28adf0bf)]&amp#27;[0m Got response with status 200: {"value":{"ELEMENT":"F8050000-0000-0000-0103-000000000000","element-6066-11e4-a52e-4f735466cecf":"F8050000-0000-0000-0103-000000000000"},"sessionId":"E78FC83E-19E7-4136-B719-97A048452808"}
&amp#27;[38;5;32m[XCUITestDriver@e07a (28adf0bf)]&amp#27;[0m Responding to client with driver.findElement() result: {"element-6066-11e4-a52e-4f735466cecf":"F8050000-0000-0000-0103-000000000000","ELEMENT":"F8050000-0000-0000-0103-000000000000"}
&amp#27;[38;5;0m[HTTP]&amp#27;[0m &amp#27;[37m<-- POST /session/28adf0bf-7ee8-437a-b2e7-798510efe6fe/element &amp#27;[39m&amp#27;[32m200&amp#27;[39m &amp#27;[90m1847 ms - 137&amp#27;[39m
&amp#27;[38;5;0m[HTTP]&amp#27;[0m &amp#27;[90m&amp#27;[39m
&amp#27;[38;5;0m[HTTP]&amp#27;[0m &amp#27;[37m-->&amp#27;[39m &amp#27;[37mPOST&amp#27;[39m &amp#27;[37m/session/28adf0bf-7ee8-437a-b2e7-798510efe6fe/element/F8050000-0000-0000-0103-000000000000/click&amp#27;[39m
&amp#27;[38;5;0m[HTTP]&amp#27;[0m &amp#27;[90m{"id":"F8050000-0000-0000-0103-000000000000"}&amp#27;[39m
&amp#27;[38;5;32m[XCUITestDriver@e07a (28adf0bf)]&amp#27;[0m Driver proxy active, passing request on via HTTP proxy
&amp#27;[38;5;32m[XCUITestDriver@e07a (28adf0bf)]&amp#27;[0m Executing command 'proxyReqRes'
&amp#27;[38;5;32m[XCUITestDriver@e07a (28adf0bf)]&amp#27;[0m Matched '/session/28adf0bf-7ee8-437a-b2e7-798510efe6fe/element/F8050000-0000-0000-0103-000000000000/click' to command name 'click'
&amp#27;[38;5;32m[XCUITestDriver@e07a (28adf0bf)]&amp#27;[0m Proxying [POST /session/28adf0bf-7ee8-437a-b2e7-798510efe6fe/element/F8050000-0000-0000-0103-000000000000/click] to [POST http://127.0.0.1:8100/session/E78FC83E-19E7-4136-B719-97A048452808/element/F8050000-0000-0000-0103-000000000000/click] with body: {"id":"F8050000-0000-0000-0103-000000000000"}
&amp#27;[38;5;32m[XCUITestDriver@e07a (28adf0bf)]&amp#27;[0m Got response with status 200: {"value":null,"sessionId":"E78FC83E-19E7-4136-B719-97A048452808"}
&amp#27;[38;5;32m[XCUITestDriver@e07a (28adf0bf)]&amp#27;[0m Replacing sessionId E78FC83E-19E7-4136-B719-97A048452808 with 28adf0bf-7ee8-437a-b2e7-798510efe6fe
&amp#27;[38;5;0m[HTTP]&amp#27;[0m &amp#27;[37m<-- POST /session/28adf0bf-7ee8-437a-b2e7-798510efe6fe/element/F8050000-0000-0000-0103-000000000000/click &amp#27;[39m&amp#27;[32m200&amp#27;[39m &amp#27;[90m1126 ms - 65&amp#27;[39m
&amp#27;[38;5;0m[HTTP]&amp#27;[0m &amp#27;[90m&amp#27;[39m
&amp#27;[38;5;0m[HTTP]&amp#27;[0m &amp#27;[37m-->&amp#27;[39m &amp#27;[37mGET&amp#27;[39m &amp#27;[37m/session/28adf0bf-7ee8-437a-b2e7-798510efe6fe/context&amp#27;[39m
&amp#27;[38;5;0m[HTTP]&amp#27;[0m &amp#27;[90m{}&amp#27;[39m
&amp#27;[38;5;32m[XCUITestDriver@e07a (28adf0bf)]&amp#27;[0m Calling AppiumDriver.getCurrentContext() with args: ["28adf0bf-7ee8-437a-b2e7-798510efe6fe"]
&amp#27;[38;5;32m[XCUITestDriver@e07a (28adf0bf)]&amp#27;[0m Executing command 'getCurrentContext'
&amp#27;[38;5;32m[XCUITestDriver@e07a (28adf0bf)]&amp#27;[0m Responding to client with driver.getCurrentContext() result: "NATIVE_APP"
&amp#27;[38;5;0m[HTTP]&amp#27;[0m &amp#27;[37m<-- GET /session/28adf0bf-7ee8-437a-b2e7-798510efe6fe/context &amp#27;[39m&amp#27;[32m200&amp#27;[39m &amp#27;[90m1 ms - 22&amp#27;[39m
&amp#27;[38;5;0m[HTTP]&amp#27;[0m &amp#27;[90m&amp#27;[39m
&amp#27;[38;5;0m[HTTP]&amp#27;[0m &amp#27;[37m-->&amp#27;[39m &amp#27;[37mPOST&amp#27;[39m &amp#27;[37m/session/28adf0bf-7ee8-437a-b2e7-798510efe6fe/element&amp#27;[39m
&amp#27;[38;5;0m[HTTP]&amp#27;[0m &amp#27;[90m{"using":"xpath","value":"//XCUIElementTypeStaticText[@name=\"Other Roller\"]"}&amp#27;[39m
&amp#27;[38;5;32m[XCUITestDriver@e07a (28adf0bf)]&amp#27;[0m Calling AppiumDriver.findElement() with args: ["xpath","//XCUIElementTypeStaticText[@name=\"Other Roller\"]","28adf0bf-7ee8-437a-b2e7-798510efe6fe"]
&amp#27;[38;5;32m[XCUITestDriver@e07a (28adf0bf)]&amp#27;[0m Executing command 'findElement'
&amp#27;[38;5;32m[XCUITestDriver@e07a (28adf0bf)]&amp#27;[0m Valid locator strategies for this request: xpath, id, name, class name, -ios predicate string, -ios class chain, accessibility id, css selector
&amp#27;[38;5;32m[XCUITestDriver@e07a (28adf0bf)]&amp#27;[0m Waiting up to 0 ms for condition
&amp#27;[38;5;32m[XCUITestDriver@e07a (28adf0bf)]&amp#27;[0m Matched '/element' to command name 'findElement'
&amp#27;[38;5;32m[XCUITestDriver@e07a (28adf0bf)]&amp#27;[0m Proxying [POST /element] to [POST http://127.0.0.1:8100/session/E78FC83E-19E7-4136-B719-97A048452808/element] with body: {"using":"xpath","value":"//XCUIElementTypeStaticText[@name=\"Other Roller\"]"}
&amp#27;[38;5;32m[XCUITestDriver@e07a (28adf0bf)]&amp#27;[0m Got response with status 200: {"value":{"ELEMENT":"36060000-0000-0000-0103-000000000000","element-6066-11e4-a52e-4f735466cecf":"36060000-0000-0000-0103-000000000000"},"sessionId":"E78FC83E-19E7-4136-B719-97A048452808"}
&amp#27;[38;5;32m[XCUITestDriver@e07a (28adf0bf)]&amp#27;[0m Responding to client with driver.findElement() result: {"element-6066-11e4-a52e-4f735466cecf":"36060000-0000-0000-0103-000000000000","ELEMENT":"36060000-0000-0000-0103-000000000000"}
&amp#27;[38;5;0m[HTTP]&amp#27;[0m &amp#27;[37m<-- POST /session/28adf0bf-7ee8-437a-b2e7-798510efe6fe/element &amp#27;[39m&amp#27;[32m200&amp#27;[39m &amp#27;[90m1581 ms - 137&amp#27;[39m
&amp#27;[38;5;0m[HTTP]&amp#27;[0m &amp#27;[90m&amp#27;[39m
&amp#27;[38;5;0m[HTTP]&amp#27;[0m &amp#27;[37m-->&amp#27;[39m &amp#27;[37mGET&amp#27;[39m &amp#27;[37m/session/28adf0bf-7ee8-437a-b2e7-798510efe6fe/element/36060000-0000-0000-0103-000000000000/displayed&amp#27;[39m
&amp#27;[38;5;0m[HTTP]&amp#27;[0m &amp#27;[90m{}&amp#27;[39m
&amp#27;[38;5;32m[XCUITestDriver@e07a (28adf0bf)]&amp#27;[0m Driver proxy active, passing request on via HTTP proxy
&amp#27;[38;5;32m[XCUITestDriver@e07a (28adf0bf)]&amp#27;[0m Executing command 'proxyReqRes'
&amp#27;[38;5;32m[XCUITestDriver@e07a (28adf0bf)]&amp#27;[0m Matched '/session/28adf0bf-7ee8-437a-b2e7-798510efe6fe/element/36060000-0000-0000-0103-000000000000/displayed' to command name 'elementDisplayed'
&amp#27;[38;5;32m[XCUITestDriver@e07a (28adf0bf)]&amp#27;[0m Proxying [GET /session/28adf0bf-7ee8-437a-b2e7-798510efe6fe/element/36060000-0000-0000-0103-000000000000/displayed] to [GET http://127.0.0.1:8100/session/E78FC83E-19E7-4136-B719-97A048452808/element/36060000-0000-0000-0103-000000000000/displayed] with no body
&amp#27;[38;5;32m[XCUITestDriver@e07a (28adf0bf)]&amp#27;[0m Got response with status 200: {"value":true,"sessionId":"E78FC83E-19E7-4136-B719-97A048452808"}
&amp#27;[38;5;32m[XCUITestDriver@e07a (28adf0bf)]&amp#27;[0m Replacing sessionId E78FC83E-19E7-4136-B719-97A048452808 with 28adf0bf-7ee8-437a-b2e7-798510efe6fe
&amp#27;[38;5;0m[HTTP]&amp#27;[0m &amp#27;[37m<-- GET /session/28adf0bf-7ee8-437a-b2e7-798510efe6fe/element/36060000-0000-0000-0103-000000000000/displayed &amp#27;[39m&amp#27;[32m200&amp#27;[39m &amp#27;[90m162 ms - 65&amp#27;[39m
&amp#27;[38;5;0m[HTTP]&amp#27;[0m &amp#27;[90m&amp#27;[39m
&amp#27;[38;5;0m[HTTP]&amp#27;[0m &amp#27;[37m-->&amp#27;[39m &amp#27;[37mGET&amp#27;[39m &amp#27;[37m/session/28adf0bf-7ee8-437a-b2e7-798510efe6fe/context&amp#27;[39m
&amp#27;[38;5;0m[HTTP]&amp#27;[0m &amp#27;[90m{}&amp#27;[39m
&amp#27;[38;5;32m[XCUITestDriver@e07a (28adf0bf)]&amp#27;[0m Calling AppiumDriver.getCurrentContext() with args: ["28adf0bf-7ee8-437a-b2e7-798510efe6fe"]
&amp#27;[38;5;32m[XCUITestDriver@e07a (28adf0bf)]&amp#27;[0m Executing command 'getCurrentContext'
&amp#27;[38;5;32m[XCUITestDriver@e07a (28adf0bf)]&amp#27;[0m Responding to client with driver.getCurrentContext() result: "NATIVE_APP"
&amp#27;[38;5;0m[HTTP]&amp#27;[0m &amp#27;[37m<-- GET /session/28adf0bf-7ee8-437a-b2e7-798510efe6fe/context &amp#27;[39m&amp#27;[32m200&amp#27;[39m &amp#27;[90m1 ms - 22&amp#27;[39m
&amp#27;[38;5;0m[HTTP]&amp#27;[0m &amp#27;[90m&amp#27;[39m
&amp#27;[38;5;0m[HTTP]&amp#27;[0m &amp#27;[37m-->&amp#27;[39m &amp#27;[37mPOST&amp#27;[39m &amp#27;[37m/session/28adf0bf-7ee8-437a-b2e7-798510efe6fe/element&amp#27;[39m
&amp#27;[38;5;0m[HTTP]&amp#27;[0m &amp#27;[90m{"using":"xpath","value":"//XCUIElementTypeStaticText[@name=\"Other Roller\"]"}&amp#27;[39m
&amp#27;[38;5;32m[XCUITestDriver@e07a (28adf0bf)]&amp#27;[0m Calling AppiumDriver.findElement() with args: ["xpath","//XCUIElementTypeStaticText[@name=\"Other Roller\"]","28adf0bf-7ee8-437a-b2e7-798510efe6fe"]
&amp#27;[38;5;32m[XCUITestDriver@e07a (28adf0bf)]&amp#27;[0m Executing command 'findElement'
&amp#27;[38;5;32m[XCUITestDriver@e07a (28adf0bf)]&amp#27;[0m Valid locator strategies for this request: xpath, id, name, class name, -ios predicate string, -ios class chain, accessibility id, css selector
&amp#27;[38;5;32m[XCUITestDriver@e07a (28adf0bf)]&amp#27;[0m Waiting up to 0 ms for condition
&amp#27;[38;5;32m[XCUITestDriver@e07a (28adf0bf)]&amp#27;[0m Matched '/element' to command name 'findElement'
&amp#27;[38;5;32m[XCUITestDriver@e07a (28adf0bf)]&amp#27;[0m Proxying [POST /element] to [POST http://127.0.0.1:8100/session/E78FC83E-19E7-4136-B719-97A048452808/element] with body: {"using":"xpath","value":"//XCUIElementTypeStaticText[@name=\"Other Roller\"]"}
&amp#27;[38;5;32m[XCUITestDriver@e07a (28adf0bf)]&amp#27;[0m Got response with status 200: {"value":{"ELEMENT":"36060000-0000-0000-0103-000000000000","element-6066-11e4-a52e-4f735466cecf":"36060000-0000-0000-0103-000000000000"},"sessionId":"E78FC83E-19E7-4136-B719-97A048452808"}
&amp#27;[38;5;32m[XCUITestDriver@e07a (28adf0bf)]&amp#27;[0m Responding to client with driver.findElement() result: {"element-6066-11e4-a52e-4f735466cecf":"36060000-0000-0000-0103-000000000000","ELEMENT":"36060000-0000-0000-0103-000000000000"}
&amp#27;[38;5;0m[HTTP]&amp#27;[0m &amp#27;[37m<-- POST /session/28adf0bf-7ee8-437a-b2e7-798510efe6fe/element &amp#27;[39m&amp#27;[32m200&amp#27;[39m &amp#27;[90m1473 ms - 137&amp#27;[39m
&amp#27;[38;5;0m[HTTP]&amp#27;[0m &amp#27;[90m&amp#27;[39m
&amp#27;[38;5;0m[HTTP]&amp#27;[0m &amp#27;[37m-->&amp#27;[39m &amp#27;[37mGET&amp#27;[39m &amp#27;[37m/session/28adf0bf-7ee8-437a-b2e7-798510efe6fe/element/36060000-0000-0000-0103-000000000000/enabled&amp#27;[39m
&amp#27;[38;5;0m[HTTP]&amp#27;[0m &amp#27;[90m{}&amp#27;[39m
&amp#27;[38;5;32m[XCUITestDriver@e07a (28adf0bf)]&amp#27;[0m Driver proxy active, passing request on via HTTP proxy
&amp#27;[38;5;32m[XCUITestDriver@e07a (28adf0bf)]&amp#27;[0m Executing command 'proxyReqRes'
&amp#27;[38;5;32m[XCUITestDriver@e07a (28adf0bf)]&amp#27;[0m Matched '/session/28adf0bf-7ee8-437a-b2e7-798510efe6fe/element/36060000-0000-0000-0103-000000000000/enabled' to command name 'elementEnabled'
&amp#27;[38;5;32m[XCUITestDriver@e07a (28adf0bf)]&amp#27;[0m Proxying [GET /session/28adf0bf-7ee8-437a-b2e7-798510efe6fe/element/36060000-0000-0000-0103-000000000000/enabled] to [GET http://127.0.0.1:8100/session/E78FC83E-19E7-4136-B719-97A048452808/element/36060000-0000-0000-0103-000000000000/enabled] with no body
&amp#27;[38;5;32m[XCUITestDriver@e07a (28adf0bf)]&amp#27;[0m Got response with status 200: {"value":true,"sessionId":"E78FC83E-19E7-4136-B719-97A048452808"}
&amp#27;[38;5;32m[XCUITestDriver@e07a (28adf0bf)]&amp#27;[0m Replacing sessionId E78FC83E-19E7-4136-B719-97A048452808 with 28adf0bf-7ee8-437a-b2e7-798510efe6fe
&amp#27;[38;5;0m[HTTP]&amp#27;[0m &amp#27;[37m<-- GET /session/28adf0bf-7ee8-437a-b2e7-798510efe6fe/element/36060000-0000-0000-0103-000000000000/enabled &amp#27;[39m&amp#27;[32m200&amp#27;[39m &amp#27;[90m135 ms - 65&amp#27;[39m
&amp#27;[38;5;0m[HTTP]&amp#27;[0m &amp#27;[90m&amp#27;[39m
&amp#27;[38;5;0m[HTTP]&amp#27;[0m &amp#27;[37m-->&amp#27;[39m &amp#27;[37mGET&amp#27;[39m &amp#27;[37m/session/28adf0bf-7ee8-437a-b2e7-798510efe6fe/context&amp#27;[39m
&amp#27;[38;5;0m[HTTP]&amp#27;[0m &amp#27;[90m{}&amp#27;[39m
&amp#27;[38;5;32m[XCUITestDriver@e07a (28adf0bf)]&amp#27;[0m Calling AppiumDriver.getCurrentContext() with args: ["28adf0bf-7ee8-437a-b2e7-798510efe6fe"]
&amp#27;[38;5;32m[XCUITestDriver@e07a (28adf0bf)]&amp#27;[0m Executing command 'getCurrentContext'
&amp#27;[38;5;32m[XCUITestDriver@e07a (28adf0bf)]&amp#27;[0m Responding to client with driver.getCurrentContext() result: "NATIVE_APP"
&amp#27;[38;5;0m[HTTP]&amp#27;[0m &amp#27;[37m<-- GET /session/28adf0bf-7ee8-437a-b2e7-798510efe6fe/context &amp#27;[39m&amp#27;[32m200&amp#27;[39m &amp#27;[90m1 ms - 22&amp#27;[39m
&amp#27;[38;5;0m[HTTP]&amp#27;[0m &amp#27;[90m&amp#27;[39m
&amp#27;[38;5;0m[HTTP]&amp#27;[0m &amp#27;[37m-->&amp#27;[39m &amp#27;[37mPOST&amp#27;[39m &amp#27;[37m/session/28adf0bf-7ee8-437a-b2e7-798510efe6fe/element&amp#27;[39m
&amp#27;[38;5;0m[HTTP]&amp#27;[0m &amp#27;[90m{"using":"xpath","value":"//XCUIElementTypeStaticText[@name=\"Other Roller\"]"}&amp#27;[39m
&amp#27;[38;5;32m[XCUITestDriver@e07a (28adf0bf)]&amp#27;[0m Calling AppiumDriver.findElement() with args: ["xpath","//XCUIElementTypeStaticText[@name=\"Other Roller\"]","28adf0bf-7ee8-437a-b2e7-798510efe6fe"]
&amp#27;[38;5;32m[XCUITestDriver@e07a (28adf0bf)]&amp#27;[0m Executing command 'findElement'
&amp#27;[38;5;32m[XCUITestDriver@e07a (28adf0bf)]&amp#27;[0m Valid locator strategies for this request: xpath, id, name, class name, -ios predicate string, -ios class chain, accessibility id, css selector
&amp#27;[38;5;32m[XCUITestDriver@e07a (28adf0bf)]&amp#27;[0m Waiting up to 0 ms for condition
&amp#27;[38;5;32m[XCUITestDriver@e07a (28adf0bf)]&amp#27;[0m Matched '/element' to command name 'findElement'
&amp#27;[38;5;32m[XCUITestDriver@e07a (28adf0bf)]&amp#27;[0m Proxying [POST /element] to [POST http://127.0.0.1:8100/session/E78FC83E-19E7-4136-B719-97A048452808/element] with body: {"using":"xpath","value":"//XCUIElementTypeStaticText[@name=\"Other Roller\"]"}
&amp#27;[38;5;32m[XCUITestDriver@e07a (28adf0bf)]&amp#27;[0m Got response with status 200: {"value":{"ELEMENT":"36060000-0000-0000-0103-000000000000","element-6066-11e4-a52e-4f735466cecf":"36060000-0000-0000-0103-000000000000"},"sessionId":"E78FC83E-19E7-4136-B719-97A048452808"}
&amp#27;[38;5;32m[XCUITestDriver@e07a (28adf0bf)]&amp#27;[0m Responding to client with driver.findElement() result: {"element-6066-11e4-a52e-4f735466cecf":"36060000-0000-0000-0103-000000000000","ELEMENT":"36060000-0000-0000-0103-000000000000"}
&amp#27;[38;5;0m[HTTP]&amp#27;[0m &amp#27;[37m<-- POST /session/28adf0bf-7ee8-437a-b2e7-798510efe6fe/element &amp#27;[39m&amp#27;[32m200&amp#27;[39m &amp#27;[90m1512 ms - 137&amp#27;[39m
&amp#27;[38;5;0m[HTTP]&amp#27;[0m &amp#27;[90m&amp#27;[39m
&amp#27;[38;5;0m[HTTP]&amp#27;[0m &amp#27;[37m-->&amp#27;[39m &amp#27;[37mPOST&amp#27;[39m &amp#27;[37m/session/28adf0bf-7ee8-437a-b2e7-798510efe6fe/element/36060000-0000-0000-0103-000000000000/click&amp#27;[39m
&amp#27;[38;5;0m[HTTP]&amp#27;[0m &amp#27;[90m{"id":"36060000-0000-0000-0103-000000000000"}&amp#27;[39m
&amp#27;[38;5;32m[XCUITestDriver@e07a (28adf0bf)]&amp#27;[0m Driver proxy active, passing request on via HTTP proxy
&amp#27;[38;5;32m[XCUITestDriver@e07a (28adf0bf)]&amp#27;[0m Executing command 'proxyReqRes'
&amp#27;[38;5;32m[XCUITestDriver@e07a (28adf0bf)]&amp#27;[0m Matched '/session/28adf0bf-7ee8-437a-b2e7-798510efe6fe/element/36060000-0000-0000-0103-000000000000/click' to command name 'click'
&amp#27;[38;5;32m[XCUITestDriver@e07a (28adf0bf)]&amp#27;[0m Proxying [POST /session/28adf0bf-7ee8-437a-b2e7-798510efe6fe/element/36060000-0000-0000-0103-000000000000/click] to [POST http://127.0.0.1:8100/session/E78FC83E-19E7-4136-B719-97A048452808/element/36060000-0000-0000-0103-000000000000/click] with body: {"id":"36060000-0000-0000-0103-000000000000"}
&amp#27;[38;5;32m[XCUITestDriver@e07a (28adf0bf)]&amp#27;[0m Got response with status 200: {"value":null,"sessionId":"E78FC83E-19E7-4136-B719-97A048452808"}
&amp#27;[38;5;32m[XCUITestDriver@e07a (28adf0bf)]&amp#27;[0m Replacing sessionId E78FC83E-19E7-4136-B719-97A048452808 with 28adf0bf-7ee8-437a-b2e7-798510efe6fe
&amp#27;[38;5;0m[HTTP]&amp#27;[0m &amp#27;[37m<-- POST /session/28adf0bf-7ee8-437a-b2e7-798510efe6fe/element/36060000-0000-0000-0103-000000000000/click &amp#27;[39m&amp#27;[32m200&amp#27;[39m &amp#27;[90m801 ms - 65&amp#27;[39m
&amp#27;[38;5;0m[HTTP]&amp#27;[0m &amp#27;[90m&amp#27;[39m
&amp#27;[38;5;0m[HTTP]&amp#27;[0m &amp#27;[37m-->&amp#27;[39m &amp#27;[37mGET&amp#27;[39m &amp#27;[37m/session/28adf0bf-7ee8-437a-b2e7-798510efe6fe/context&amp#27;[39m
&amp#27;[38;5;0m[HTTP]&amp#27;[0m &amp#27;[90m{}&amp#27;[39m
&amp#27;[38;5;32m[XCUITestDriver@e07a (28adf0bf)]&amp#27;[0m Calling AppiumDriver.getCurrentContext() with args: ["28adf0bf-7ee8-437a-b2e7-798510efe6fe"]
&amp#27;[38;5;32m[XCUITestDriver@e07a (28adf0bf)]&amp#27;[0m Executing command 'getCurrentContext'
&amp#27;[38;5;32m[XCUITestDriver@e07a (28adf0bf)]&amp#27;[0m Responding to client with driver.getCurrentContext() result: "NATIVE_APP"
&amp#27;[38;5;0m[HTTP]&amp#27;[0m &amp#27;[37m<-- GET /session/28adf0bf-7ee8-437a-b2e7-798510efe6fe/context &amp#27;[39m&amp#27;[32m200&amp#27;[39m &amp#27;[90m1 ms - 22&amp#27;[39m
&amp#27;[38;5;0m[HTTP]&amp#27;[0m &amp#27;[90m&amp#27;[39m
&amp#27;[38;5;0m[HTTP]&amp#27;[0m &amp#27;[37m-->&amp#27;[39m &amp#27;[37mPOST&amp#27;[39m &amp#27;[37m/session/28adf0bf-7ee8-437a-b2e7-798510efe6fe/element&amp#27;[39m
&amp#27;[38;5;0m[HTTP]&amp#27;[0m &amp#27;[90m{"using":"xpath","value":"//XCUIElementTypeStaticText[@name=\"Other Roller\"]"}&amp#27;[39m
&amp#27;[38;5;32m[XCUITestDriver@e07a (28adf0bf)]&amp#27;[0m Calling AppiumDriver.findElement() with args: ["xpath","//XCUIElementTypeStaticText[@name=\"Other Roller\"]","28adf0bf-7ee8-437a-b2e7-798510efe6fe"]
&amp#27;[38;5;32m[XCUITestDriver@e07a (28adf0bf)]&amp#27;[0m Executing command 'findElement'
&amp#27;[38;5;32m[XCUITestDriver@e07a (28adf0bf)]&amp#27;[0m Valid locator strategies for this request: xpath, id, name, class name, -ios predicate string, -ios class chain, accessibility id, css selector
&amp#27;[38;5;32m[XCUITestDriver@e07a (28adf0bf)]&amp#27;[0m Waiting up to 0 ms for condition
&amp#27;[38;5;32m[XCUITestDriver@e07a (28adf0bf)]&amp#27;[0m Matched '/element' to command name 'findElement'
&amp#27;[38;5;32m[XCUITestDriver@e07a (28adf0bf)]&amp#27;[0m Proxying [POST /element] to [POST http://127.0.0.1:8100/session/E78FC83E-19E7-4136-B719-97A048452808/element] with body: {"using":"xpath","value":"//XCUIElementTypeStaticText[@name=\"Other Roller\"]"}
&amp#27;[38;5;32m[XCUITestDriver@e07a (28adf0bf)]&amp#27;[0m Got response with status 200: {"value":{"ELEMENT":"33060000-0000-0000-0103-000000000000","element-6066-11e4-a52e-4f735466cecf":"33060000-0000-0000-0103-000000000000"},"sessionId":"E78FC83E-19E7-4136-B719-97A048452808"}
&amp#27;[38;5;32m[XCUITestDriver@e07a (28adf0bf)]&amp#27;[0m Responding to client with driver.findElement() result: {"element-6066-11e4-a52e-4f735466cecf":"33060000-0000-0000-0103-000000000000","ELEMENT":"33060000-0000-0000-0103-000000000000"}
&amp#27;[38;5;0m[HTTP]&amp#27;[0m &amp#27;[37m<-- POST /session/28adf0bf-7ee8-437a-b2e7-798510efe6fe/element &amp#27;[39m&amp#27;[32m200&amp#27;[39m &amp#27;[90m1712 ms - 137&amp#27;[39m
&amp#27;[38;5;0m[HTTP]&amp#27;[0m &amp#27;[90m&amp#27;[39m
&amp#27;[38;5;0m[HTTP]&amp#27;[0m &amp#27;[37m-->&amp#27;[39m &amp#27;[37mGET&amp#27;[39m &amp#27;[37m/session/28adf0bf-7ee8-437a-b2e7-798510efe6fe/element/33060000-0000-0000-0103-000000000000/displayed&amp#27;[39m
&amp#27;[38;5;0m[HTTP]&amp#27;[0m &amp#27;[90m{}&amp#27;[39m
&amp#27;[38;5;32m[XCUITestDriver@e07a (28adf0bf)]&amp#27;[0m Driver proxy active, passing request on via HTTP proxy
&amp#27;[38;5;32m[XCUITestDriver@e07a (28adf0bf)]&amp#27;[0m Executing command 'proxyReqRes'
&amp#27;[38;5;32m[XCUITestDriver@e07a (28adf0bf)]&amp#27;[0m Matched '/session/28adf0bf-7ee8-437a-b2e7-798510efe6fe/element/33060000-0000-0000-0103-000000000000/displayed' to command name 'elementDisplayed'
&amp#27;[38;5;32m[XCUITestDriver@e07a (28adf0bf)]&amp#27;[0m Proxying [GET /session/28adf0bf-7ee8-437a-b2e7-798510efe6fe/element/33060000-0000-0000-0103-000000000000/displayed] to [GET http://127.0.0.1:8100/session/E78FC83E-19E7-4136-B719-97A048452808/element/33060000-0000-0000-0103-000000000000/displayed] with no body
&amp#27;[38;5;32m[XCUITestDriver@e07a (28adf0bf)]&amp#27;[0m Got response with status 200: {"value":false,"sessionId":"E78FC83E-19E7-4136-B719-97A048452808"}
&amp#27;[38;5;32m[XCUITestDriver@e07a (28adf0bf)]&amp#27;[0m Replacing sessionId E78FC83E-19E7-4136-B719-97A048452808 with 28adf0bf-7ee8-437a-b2e7-798510efe6fe
&amp#27;[38;5;0m[HTTP]&amp#27;[0m &amp#27;[37m<-- GET /session/28adf0bf-7ee8-437a-b2e7-798510efe6fe/element/33060000-0000-0000-0103-000000000000/displayed &amp#27;[39m&amp#27;[32m200&amp#27;[39m &amp#27;[90m181 ms - 66&amp#27;[39m
&amp#27;[38;5;0m[HTTP]&amp#27;[0m &amp#27;[90m&amp#27;[39m
&amp#27;[38;5;0m[HTTP]&amp#27;[0m &amp#27;[37m-->&amp#27;[39m &amp#27;[37mGET&amp#27;[39m &amp#27;[37m/session/28adf0bf-7ee8-437a-b2e7-798510efe6fe/context&amp#27;[39m
&amp#27;[38;5;0m[HTTP]&amp#27;[0m &amp#27;[90m{}&amp#27;[39m
&amp#27;[38;5;32m[XCUITestDriver@e07a (28adf0bf)]&amp#27;[0m Calling AppiumDriver.getCurrentContext() with args: ["28adf0bf-7ee8-437a-b2e7-798510efe6fe"]
&amp#27;[38;5;32m[XCUITestDriver@e07a (28adf0bf)]&amp#27;[0m Executing command 'getCurrentContext'
&amp#27;[38;5;32m[XCUITestDriver@e07a (28adf0bf)]&amp#27;[0m Responding to client with driver.getCurrentContext() result: "NATIVE_APP"
&amp#27;[38;5;0m[HTTP]&amp#27;[0m &amp#27;[37m<-- GET /session/28adf0bf-7ee8-437a-b2e7-798510efe6fe/context &amp#27;[39m&amp#27;[32m200&amp#27;[39m &amp#27;[90m1 ms - 22&amp#27;[39m
&amp#27;[38;5;0m[HTTP]&amp#27;[0m &amp#27;[90m&amp#27;[39m
&amp#27;[38;5;0m[HTTP]&amp#27;[0m &amp#27;[37m-->&amp#27;[39m &amp#27;[37mPOST&amp#27;[39m &amp#27;[37m/session/28adf0bf-7ee8-437a-b2e7-798510efe6fe/element&amp#27;[39m
&amp#27;[38;5;0m[HTTP]&amp#27;[0m &amp#27;[90m{"using":"xpath","value":"//XCUIElementTypeStaticText[@name=\"Other Roller\"]"}&amp#27;[39m
&amp#27;[38;5;32m[XCUITestDriver@e07a (28adf0bf)]&amp#27;[0m Calling AppiumDriver.findElement() with args: ["xpath","//XCUIElementTypeStaticText[@name=\"Other Roller\"]","28adf0bf-7ee8-437a-b2e7-798510efe6fe"]
&amp#27;[38;5;32m[XCUITestDriver@e07a (28adf0bf)]&amp#27;[0m Executing command 'findElement'
&amp#27;[38;5;32m[XCUITestDriver@e07a (28adf0bf)]&amp#27;[0m Valid locator strategies for this request: xpath, id, name, class name, -ios predicate string, -ios class chain, accessibility id, css selector
&amp#27;[38;5;32m[XCUITestDriver@e07a (28adf0bf)]&amp#27;[0m Waiting up to 0 ms for condition
&amp#27;[38;5;32m[XCUITestDriver@e07a (28adf0bf)]&amp#27;[0m Matched '/element' to command name 'findElement'
&amp#27;[38;5;32m[XCUITestDriver@e07a (28adf0bf)]&amp#27;[0m Proxying [POST /element] to [POST http://127.0.0.1:8100/session/E78FC83E-19E7-4136-B719-97A048452808/element] with body: {"using":"xpath","value":"//XCUIElementTypeStaticText[@name=\"Other Roller\"]"}
&amp#27;[38;5;32m[XCUITestDriver@e07a (28adf0bf)]&amp#27;[0m Got response with status 200: {"value":{"ELEMENT":"33060000-0000-0000-0103-000000000000","element-6066-11e4-a52e-4f735466cecf":"33060000-0000-0000-0103-000000000000"},"sessionId":"E78FC83E-19E7-4136-B719-97A048452808"}
&amp#27;[38;5;32m[XCUITestDriver@e07a (28adf0bf)]&amp#27;[0m Responding to client with driver.findElement() result: {"element-6066-11e4-a52e-4f735466cecf":"33060000-0000-0000-0103-000000000000","ELEMENT":"33060000-0000-0000-0103-000000000000"}
&amp#27;[38;5;0m[HTTP]&amp#27;[0m &amp#27;[37m<-- POST /session/28adf0bf-7ee8-437a-b2e7-798510efe6fe/element &amp#27;[39m&amp#27;[32m200&amp#27;[39m &amp#27;[90m1721 ms - 137&amp#27;[39m
&amp#27;[38;5;0m[HTTP]&amp#27;[0m &amp#27;[90m&amp#27;[39m
&amp#27;[38;5;0m[HTTP]&amp#27;[0m &amp#27;[37m-->&amp#27;[39m &amp#27;[37mGET&amp#27;[39m &amp#27;[37m/session/28adf0bf-7ee8-437a-b2e7-798510efe6fe/element/33060000-0000-0000-0103-000000000000/displayed&amp#27;[39m
&amp#27;[38;5;0m[HTTP]&amp#27;[0m &amp#27;[90m{}&amp#27;[39m
&amp#27;[38;5;32m[XCUITestDriver@e07a (28adf0bf)]&amp#27;[0m Driver proxy active, passing request on via HTTP proxy
&amp#27;[38;5;32m[XCUITestDriver@e07a (28adf0bf)]&amp#27;[0m Executing command 'proxyReqRes'
&amp#27;[38;5;32m[XCUITestDriver@e07a (28adf0bf)]&amp#27;[0m Matched '/session/28adf0bf-7ee8-437a-b2e7-798510efe6fe/element/33060000-0000-0000-0103-000000000000/displayed' to command name 'elementDisplayed'
&amp#27;[38;5;32m[XCUITestDriver@e07a (28adf0bf)]&amp#27;[0m Proxying [GET /session/28adf0bf-7ee8-437a-b2e7-798510efe6fe/element/33060000-0000-0000-0103-000000000000/displayed] to [GET http://127.0.0.1:8100/session/E78FC83E-19E7-4136-B719-97A048452808/element/33060000-0000-0000-0103-000000000000/displayed] with no body
&amp#27;[38;5;32m[XCUITestDriver@e07a (28adf0bf)]&amp#27;[0m Got response with status 200: {"value":false,"sessionId":"E78FC83E-19E7-4136-B719-97A048452808"}
&amp#27;[38;5;32m[XCUITestDriver@e07a (28adf0bf)]&amp#27;[0m Replacing sessionId E78FC83E-19E7-4136-B719-97A048452808 with 28adf0bf-7ee8-437a-b2e7-798510efe6fe
&amp#27;[38;5;0m[HTTP]&amp#27;[0m &amp#27;[37m<-- GET /session/28adf0bf-7ee8-437a-b2e7-798510efe6fe/element/33060000-0000-0000-0103-000000000000/displayed &amp#27;[39m&amp#27;[32m200&amp#27;[39m &amp#27;[90m191 ms - 66&amp#27;[39m
&amp#27;[38;5;0m[HTTP]&amp#27;[0m &amp#27;[90m&amp#27;[39m
&amp#27;[38;5;0m[HTTP]&amp#27;[0m &amp#27;[37m-->&amp#27;[39m &amp#27;[37mGET&amp#27;[39m &amp#27;[37m/session/28adf0bf-7ee8-437a-b2e7-798510efe6fe/context&amp#27;[39m
&amp#27;[38;5;0m[HTTP]&amp#27;[0m &amp#27;[90m{}&amp#27;[39m
&amp#27;[38;5;32m[XCUITestDriver@e07a (28adf0bf)]&amp#27;[0m Calling AppiumDriver.getCurrentContext() with args: ["28adf0bf-7ee8-437a-b2e7-798510efe6fe"]
&amp#27;[38;5;32m[XCUITestDriver@e07a (28adf0bf)]&amp#27;[0m Executing command 'getCurrentContext'
&amp#27;[38;5;32m[XCUITestDriver@e07a (28adf0bf)]&amp#27;[0m Responding to client with driver.getCurrentContext() result: "NATIVE_APP"
&amp#27;[38;5;0m[HTTP]&amp#27;[0m &amp#27;[37m<-- GET /session/28adf0bf-7ee8-437a-b2e7-798510efe6fe/context &amp#27;[39m&amp#27;[32m200&amp#27;[39m &amp#27;[90m1 ms - 22&amp#27;[39m
&amp#27;[38;5;0m[HTTP]&amp#27;[0m &amp#27;[90m&amp#27;[39m
&amp#27;[38;5;0m[HTTP]&amp#27;[0m &amp#27;[37m-->&amp#27;[39m &amp#27;[37mPOST&amp#27;[39m &amp#27;[37m/session/28adf0bf-7ee8-437a-b2e7-798510efe6fe/element&amp#27;[39m
&amp#27;[38;5;0m[HTTP]&amp#27;[0m &amp#27;[90m{"using":"xpath","value":"//XCUIElementTypeStaticText[@name=\"Other Roller\"]"}&amp#27;[39m
&amp#27;[38;5;32m[XCUITestDriver@e07a (28adf0bf)]&amp#27;[0m Calling AppiumDriver.findElement() with args: ["xpath","//XCUIElementTypeStaticText[@name=\"Other Roller\"]","28adf0bf-7ee8-437a-b2e7-798510efe6fe"]
&amp#27;[38;5;32m[XCUITestDriver@e07a (28adf0bf)]&amp#27;[0m Executing command 'findElement'
&amp#27;[38;5;32m[XCUITestDriver@e07a (28adf0bf)]&amp#27;[0m Valid locator strategies for this request: xpath, id, name, class name, -ios predicate string, -ios class chain, accessibility id, css selector
&amp#27;[38;5;32m[XCUITestDriver@e07a (28adf0bf)]&amp#27;[0m Waiting up to 0 ms for condition
&amp#27;[38;5;32m[XCUITestDriver@e07a (28adf0bf)]&amp#27;[0m Matched '/element' to command name 'findElement'
&amp#27;[38;5;32m[XCUITestDriver@e07a (28adf0bf)]&amp#27;[0m Proxying [POST /element] to [POST http://127.0.0.1:8100/session/E78FC83E-19E7-4136-B719-97A048452808/element] with body: {"using":"xpath","value":"//XCUIElementTypeStaticText[@name=\"Other Roller\"]"}
&amp#27;[38;5;32m[XCUITestDriver@e07a (28adf0bf)]&amp#27;[0m Got response with status 200: {"value":{"ELEMENT":"51060000-0000-0000-0103-000000000000","element-6066-11e4-a52e-4f735466cecf":"51060000-0000-0000-0103-000000000000"},"sessionId":"E78FC83E-19E7-4136-B719-97A048452808"}
&amp#27;[38;5;32m[XCUITestDriver@e07a (28adf0bf)]&amp#27;[0m Responding to client with driver.findElement() result: {"element-6066-11e4-a52e-4f735466cecf":"51060000-0000-0000-0103-000000000000","ELEMENT":"51060000-0000-0000-0103-000000000000"}
&amp#27;[38;5;0m[HTTP]&amp#27;[0m &amp#27;[37m<-- POST /session/28adf0bf-7ee8-437a-b2e7-798510efe6fe/element &amp#27;[39m&amp#27;[32m200&amp#27;[39m &amp#27;[90m1666 ms - 137&amp#27;[39m
&amp#27;[38;5;0m[HTTP]&amp#27;[0m &amp#27;[90m&amp#27;[39m
&amp#27;[38;5;0m[HTTP]&amp#27;[0m &amp#27;[37m-->&amp#27;[39m &amp#27;[37mGET&amp#27;[39m &amp#27;[37m/session/28adf0bf-7ee8-437a-b2e7-798510efe6fe/element/51060000-0000-0000-0103-000000000000/displayed&amp#27;[39m
&amp#27;[38;5;0m[HTTP]&amp#27;[0m &amp#27;[90m{}&amp#27;[39m
&amp#27;[38;5;32m[XCUITestDriver@e07a (28adf0bf)]&amp#27;[0m Driver proxy active, passing request on via HTTP proxy
&amp#27;[38;5;32m[XCUITestDriver@e07a (28adf0bf)]&amp#27;[0m Executing command 'proxyReqRes'
&amp#27;[38;5;32m[XCUITestDriver@e07a (28adf0bf)]&amp#27;[0m Matched '/session/28adf0bf-7ee8-437a-b2e7-798510efe6fe/element/51060000-0000-0000-0103-000000000000/displayed' to command name 'elementDisplayed'
&amp#27;[38;5;32m[XCUITestDriver@e07a (28adf0bf)]&amp#27;[0m Proxying [GET /session/28adf0bf-7ee8-437a-b2e7-798510efe6fe/element/51060000-0000-0000-0103-000000000000/displayed] to [GET http://127.0.0.1:8100/session/E78FC83E-19E7-4136-B719-97A048452808/element/51060000-0000-0000-0103-000000000000/displayed] with no body
&amp#27;[38;5;32m[XCUITestDriver@e07a (28adf0bf)]&amp#27;[0m Got response with status 200: {"value":true,"sessionId":"E78FC83E-19E7-4136-B719-97A048452808"}
&amp#27;[38;5;32m[XCUITestDriver@e07a (28adf0bf)]&amp#27;[0m Replacing sessionId E78FC83E-19E7-4136-B719-97A048452808 with 28adf0bf-7ee8-437a-b2e7-798510efe6fe
&amp#27;[38;5;0m[HTTP]&amp#27;[0m &amp#27;[37m<-- GET /session/28adf0bf-7ee8-437a-b2e7-798510efe6fe/element/51060000-0000-0000-0103-000000000000/displayed &amp#27;[39m&amp#27;[32m200&amp#27;[39m &amp#27;[90m138 ms - 65&amp#27;[39m
&amp#27;[38;5;0m[HTTP]&amp#27;[0m &amp#27;[90m&amp#27;[39m
&amp#27;[38;5;0m[HTTP]&amp#27;[0m &amp#27;[37m-->&amp#27;[39m &amp#27;[37mGET&amp#27;[39m &amp#27;[37m/session/28adf0bf-7ee8-437a-b2e7-798510efe6fe/context&amp#27;[39m
&amp#27;[38;5;0m[HTTP]&amp#27;[0m &amp#27;[90m{}&amp#27;[39m
&amp#27;[38;5;32m[XCUITestDriver@e07a (28adf0bf)]&amp#27;[0m Calling AppiumDriver.getCurrentContext() with args: ["28adf0bf-7ee8-437a-b2e7-798510efe6fe"]
&amp#27;[38;5;32m[XCUITestDriver@e07a (28adf0bf)]&amp#27;[0m Executing command 'getCurrentContext'
&amp#27;[38;5;32m[XCUITestDriver@e07a (28adf0bf)]&amp#27;[0m Responding to client with driver.getCurrentContext() result: "NATIVE_APP"
&amp#27;[38;5;0m[HTTP]&amp#27;[0m &amp#27;[37m<-- GET /session/28adf0bf-7ee8-437a-b2e7-798510efe6fe/context &amp#27;[39m&amp#27;[32m200&amp#27;[39m &amp#27;[90m1 ms - 22&amp#27;[39m
&amp#27;[38;5;0m[HTTP]&amp#27;[0m &amp#27;[90m&amp#27;[39m
&amp#27;[38;5;0m[HTTP]&amp#27;[0m &amp#27;[37m-->&amp#27;[39m &amp#27;[37mPOST&amp#27;[39m &amp#27;[37m/session/28adf0bf-7ee8-437a-b2e7-798510efe6fe/element&amp#27;[39m
&amp#27;[38;5;0m[HTTP]&amp#27;[0m &amp#27;[90m{"using":"xpath","value":"//XCUIElementTypeStaticText[@name=\"Other Roller\"]"}&amp#27;[39m
&amp#27;[38;5;32m[XCUITestDriver@e07a (28adf0bf)]&amp#27;[0m Calling AppiumDriver.findElement() with args: ["xpath","//XCUIElementTypeStaticText[@name=\"Other Roller\"]","28adf0bf-7ee8-437a-b2e7-798510efe6fe"]
&amp#27;[38;5;32m[XCUITestDriver@e07a (28adf0bf)]&amp#27;[0m Executing command 'findElement'
&amp#27;[38;5;32m[XCUITestDriver@e07a (28adf0bf)]&amp#27;[0m Valid locator strategies for this request: xpath, id, name, class name, -ios predicate string, -ios class chain, accessibility id, css selector
&amp#27;[38;5;32m[XCUITestDriver@e07a (28adf0bf)]&amp#27;[0m Waiting up to 0 ms for condition
&amp#27;[38;5;32m[XCUITestDriver@e07a (28adf0bf)]&amp#27;[0m Matched '/element' to command name 'findElement'
&amp#27;[38;5;32m[XCUITestDriver@e07a (28adf0bf)]&amp#27;[0m Proxying [POST /element] to [POST http://127.0.0.1:8100/session/E78FC83E-19E7-4136-B719-97A048452808/element] with body: {"using":"xpath","value":"//XCUIElementTypeStaticText[@name=\"Other Roller\"]"}
&amp#27;[38;5;32m[XCUITestDriver@e07a (28adf0bf)]&amp#27;[0m Got response with status 200: {"value":{"ELEMENT":"51060000-0000-0000-0103-000000000000","element-6066-11e4-a52e-4f735466cecf":"51060000-0000-0000-0103-000000000000"},"sessionId":"E78FC83E-19E7-4136-B719-97A048452808"}
&amp#27;[38;5;32m[XCUITestDriver@e07a (28adf0bf)]&amp#27;[0m Responding to client with driver.findElement() result: {"element-6066-11e4-a52e-4f735466cecf":"51060000-0000-0000-0103-000000000000","ELEMENT":"51060000-0000-0000-0103-000000000000"}
&amp#27;[38;5;0m[HTTP]&amp#27;[0m &amp#27;[37m<-- POST /session/28adf0bf-7ee8-437a-b2e7-798510efe6fe/element &amp#27;[39m&amp#27;[32m200&amp#27;[39m &amp#27;[90m2910 ms - 137&amp#27;[39m
&amp#27;[38;5;0m[HTTP]&amp#27;[0m &amp#27;[90m&amp#27;[39m
&amp#27;[38;5;0m[HTTP]&amp#27;[0m &amp#27;[37m-->&amp#27;[39m &amp#27;[37mGET&amp#27;[39m &amp#27;[37m/session/28adf0bf-7ee8-437a-b2e7-798510efe6fe/element/51060000-0000-0000-0103-000000000000/enabled&amp#27;[39m
&amp#27;[38;5;0m[HTTP]&amp#27;[0m &amp#27;[90m{}&amp#27;[39m
&amp#27;[38;5;32m[XCUITestDriver@e07a (28adf0bf)]&amp#27;[0m Driver proxy active, passing request on via HTTP proxy
&amp#27;[38;5;32m[XCUITestDriver@e07a (28adf0bf)]&amp#27;[0m Executing command 'proxyReqRes'
&amp#27;[38;5;32m[XCUITestDriver@e07a (28adf0bf)]&amp#27;[0m Matched '/session/28adf0bf-7ee8-437a-b2e7-798510efe6fe/element/51060000-0000-0000-0103-000000000000/enabled' to command name 'elementEnabled'
&amp#27;[38;5;32m[XCUITestDriver@e07a (28adf0bf)]&amp#27;[0m Proxying [GET /session/28adf0bf-7ee8-437a-b2e7-798510efe6fe/element/51060000-0000-0000-0103-000000000000/enabled] to [GET http://127.0.0.1:8100/session/E78FC83E-19E7-4136-B719-97A048452808/element/51060000-0000-0000-0103-000000000000/enabled] with no body
&amp#27;[38;5;32m[XCUITestDriver@e07a (28adf0bf)]&amp#27;[0m Got response with status 200: {"value":true,"sessionId":"E78FC83E-19E7-4136-B719-97A048452808"}
&amp#27;[38;5;32m[XCUITestDriver@e07a (28adf0bf)]&amp#27;[0m Replacing sessionId E78FC83E-19E7-4136-B719-97A048452808 with 28adf0bf-7ee8-437a-b2e7-798510efe6fe
&amp#27;[38;5;0m[HTTP]&amp#27;[0m &amp#27;[37m<-- GET /session/28adf0bf-7ee8-437a-b2e7-798510efe6fe/element/51060000-0000-0000-0103-000000000000/enabled &amp#27;[39m&amp#27;[32m200&amp#27;[39m &amp#27;[90m135 ms - 65&amp#27;[39m
&amp#27;[38;5;0m[HTTP]&amp#27;[0m &amp#27;[90m&amp#27;[39m
&amp#27;[38;5;0m[HTTP]&amp#27;[0m &amp#27;[37m-->&amp#27;[39m &amp#27;[37mGET&amp#27;[39m &amp#27;[37m/session/28adf0bf-7ee8-437a-b2e7-798510efe6fe/context&amp#27;[39m
&amp#27;[38;5;0m[HTTP]&amp#27;[0m &amp#27;[90m{}&amp#27;[39m
&amp#27;[38;5;32m[XCUITestDriver@e07a (28adf0bf)]&amp#27;[0m Calling AppiumDriver.getCurrentContext() with args: ["28adf0bf-7ee8-437a-b2e7-798510efe6fe"]
&amp#27;[38;5;32m[XCUITestDriver@e07a (28adf0bf)]&amp#27;[0m Executing command 'getCurrentContext'
&amp#27;[38;5;32m[XCUITestDriver@e07a (28adf0bf)]&amp#27;[0m Responding to client with driver.getCurrentContext() result: "NATIVE_APP"
&amp#27;[38;5;0m[HTTP]&amp#27;[0m &amp#27;[37m<-- GET /session/28adf0bf-7ee8-437a-b2e7-798510efe6fe/context &amp#27;[39m&amp#27;[32m200&amp#27;[39m &amp#27;[90m1 ms - 22&amp#27;[39m
&amp#27;[38;5;0m[HTTP]&amp#27;[0m &amp#27;[90m&amp#27;[39m
&amp#27;[38;5;0m[HTTP]&amp#27;[0m &amp#27;[37m-->&amp#27;[39m &amp#27;[37mPOST&amp#27;[39m &amp#27;[37m/session/28adf0bf-7ee8-437a-b2e7-798510efe6fe/element&amp#27;[39m
&amp#27;[38;5;0m[HTTP]&amp#27;[0m &amp#27;[90m{"using":"xpath","value":"//XCUIElementTypeStaticText[@name=\"Other Roller\"]"}&amp#27;[39m
&amp#27;[38;5;32m[XCUITestDriver@e07a (28adf0bf)]&amp#27;[0m Calling AppiumDriver.findElement() with args: ["xpath","//XCUIElementTypeStaticText[@name=\"Other Roller\"]","28adf0bf-7ee8-437a-b2e7-798510efe6fe"]
&amp#27;[38;5;32m[XCUITestDriver@e07a (28adf0bf)]&amp#27;[0m Executing command 'findElement'
&amp#27;[38;5;32m[XCUITestDriver@e07a (28adf0bf)]&amp#27;[0m Valid locator strategies for this request: xpath, id, name, class name, -ios predicate string, -ios class chain, accessibility id, css selector
&amp#27;[38;5;32m[XCUITestDriver@e07a (28adf0bf)]&amp#27;[0m Waiting up to 0 ms for condition
&amp#27;[38;5;32m[XCUITestDriver@e07a (28adf0bf)]&amp#27;[0m Matched '/element' to command name 'findElement'
&amp#27;[38;5;32m[XCUITestDriver@e07a (28adf0bf)]&amp#27;[0m Proxying [POST /element] to [POST http://127.0.0.1:8100/session/E78FC83E-19E7-4136-B719-97A048452808/element] with body: {"using":"xpath","value":"//XCUIElementTypeStaticText[@name=\"Other Roller\"]"}
&amp#27;[38;5;32m[XCUITestDriver@e07a (28adf0bf)]&amp#27;[0m Got response with status 200: {"value":{"ELEMENT":"51060000-0000-0000-0103-000000000000","element-6066-11e4-a52e-4f735466cecf":"51060000-0000-0000-0103-000000000000"},"sessionId":"E78FC83E-19E7-4136-B719-97A048452808"}
&amp#27;[38;5;32m[XCUITestDriver@e07a (28adf0bf)]&amp#27;[0m Responding to client with driver.findElement() result: {"element-6066-11e4-a52e-4f735466cecf":"51060000-0000-0000-0103-000000000000","ELEMENT":"51060000-0000-0000-0103-000000000000"}
&amp#27;[38;5;0m[HTTP]&amp#27;[0m &amp#27;[37m<-- POST /session/28adf0bf-7ee8-437a-b2e7-798510efe6fe/element &amp#27;[39m&amp#27;[32m200&amp#27;[39m &amp#27;[90m1334 ms - 137&amp#27;[39m
&amp#27;[38;5;0m[HTTP]&amp#27;[0m &amp#27;[90m&amp#27;[39m
&amp#27;[38;5;0m[HTTP]&amp#27;[0m &amp#27;[37m-->&amp#27;[39m &amp#27;[37mGET&amp#27;[39m &amp#27;[37m/session/28adf0bf-7ee8-437a-b2e7-798510efe6fe/element/51060000-0000-0000-0103-000000000000/displayed&amp#27;[39m
&amp#27;[38;5;0m[HTTP]&amp#27;[0m &amp#27;[90m{}&amp#27;[39m
&amp#27;[38;5;32m[XCUITestDriver@e07a (28adf0bf)]&amp#27;[0m Driver proxy active, passing request on via HTTP proxy
&amp#27;[38;5;32m[XCUITestDriver@e07a (28adf0bf)]&amp#27;[0m Executing command 'proxyReqRes'
&amp#27;[38;5;32m[XCUITestDriver@e07a (28adf0bf)]&amp#27;[0m Matched '/session/28adf0bf-7ee8-437a-b2e7-798510efe6fe/element/51060000-0000-0000-0103-000000000000/displayed' to command name 'elementDisplayed'
&amp#27;[38;5;32m[XCUITestDriver@e07a (28adf0bf)]&amp#27;[0m Proxying [GET /session/28adf0bf-7ee8-437a-b2e7-798510efe6fe/element/51060000-0000-0000-0103-000000000000/displayed] to [GET http://127.0.0.1:8100/session/E78FC83E-19E7-4136-B719-97A048452808/element/51060000-0000-0000-0103-000000000000/displayed] with no body
&amp#27;[38;5;32m[XCUITestDriver@e07a (28adf0bf)]&amp#27;[0m Got response with status 200: {"value":true,"sessionId":"E78FC83E-19E7-4136-B719-97A048452808"}
&amp#27;[38;5;32m[XCUITestDriver@e07a (28adf0bf)]&amp#27;[0m Replacing sessionId E78FC83E-19E7-4136-B719-97A048452808 with 28adf0bf-7ee8-437a-b2e7-798510efe6fe
&amp#27;[38;5;0m[HTTP]&amp#27;[0m &amp#27;[37m<-- GET /session/28adf0bf-7ee8-437a-b2e7-798510efe6fe/element/51060000-0000-0000-0103-000000000000/displayed &amp#27;[39m&amp#27;[32m200&amp#27;[39m &amp#27;[90m149 ms - 65&amp#27;[39m
&amp#27;[38;5;0m[HTTP]&amp#27;[0m &amp#27;[90m&amp#27;[39m
&amp#27;[38;5;0m[HTTP]&amp#27;[0m &amp#27;[37m-->&amp#27;[39m &amp#27;[37mGET&amp#27;[39m &amp#27;[37m/session/28adf0bf-7ee8-437a-b2e7-798510efe6fe/context&amp#27;[39m
&amp#27;[38;5;0m[HTTP]&amp#27;[0m &amp#27;[90m{}&amp#27;[39m
&amp#27;[38;5;32m[XCUITestDriver@e07a (28adf0bf)]&amp#27;[0m Calling AppiumDriver.getCurrentContext() with args: ["28adf0bf-7ee8-437a-b2e7-798510efe6fe"]
&amp#27;[38;5;32m[XCUITestDriver@e07a (28adf0bf)]&amp#27;[0m Executing command 'getCurrentContext'
&amp#27;[38;5;32m[XCUITestDriver@e07a (28adf0bf)]&amp#27;[0m Responding to client with driver.getCurrentContext() result: "NATIVE_APP"
&amp#27;[38;5;0m[HTTP]&amp#27;[0m &amp#27;[37m<-- GET /session/28adf0bf-7ee8-437a-b2e7-798510efe6fe/context &amp#27;[39m&amp#27;[32m200&amp#27;[39m &amp#27;[90m1 ms - 22&amp#27;[39m
&amp#27;[38;5;0m[HTTP]&amp#27;[0m &amp#27;[90m&amp#27;[39m
&amp#27;[38;5;0m[HTTP]&amp#27;[0m &amp#27;[37m-->&amp#27;[39m &amp#27;[37mPOST&amp#27;[39m &amp#27;[37m/session/28adf0bf-7ee8-437a-b2e7-798510efe6fe/element&amp#27;[39m
&amp#27;[38;5;0m[HTTP]&amp#27;[0m &amp#27;[90m{"using":"xpath","value":"//XCUIElementTypeButton[@name=\"UIA.Therabody.DeviceManager.CloseButton\"]"}&amp#27;[39m
&amp#27;[38;5;32m[XCUITestDriver@e07a (28adf0bf)]&amp#27;[0m Calling AppiumDriver.findElement() with args: ["xpath","//XCUIElementTypeButton[@name=\"UIA.Therabody.DeviceManager.CloseButton\"]","28adf0bf-7ee8-437a-b2e7-798510efe6fe"]
&amp#27;[38;5;32m[XCUITestDriver@e07a (28adf0bf)]&amp#27;[0m Executing command 'findElement'
&amp#27;[38;5;32m[XCUITestDriver@e07a (28adf0bf)]&amp#27;[0m Valid locator strategies for this request: xpath, id, name, class name, -ios predicate string, -ios class chain, accessibility id, css selector
&amp#27;[38;5;32m[XCUITestDriver@e07a (28adf0bf)]&amp#27;[0m Waiting up to 0 ms for condition
&amp#27;[38;5;32m[XCUITestDriver@e07a (28adf0bf)]&amp#27;[0m Matched '/element' to command name 'findElement'
&amp#27;[38;5;32m[XCUITestDriver@e07a (28adf0bf)]&amp#27;[0m Proxying [POST /element] to [POST http://127.0.0.1:8100/session/E78FC83E-19E7-4136-B719-97A048452808/element] with body: {"using":"xpath","value":"//XCUIElementTypeButton[@name=\"UIA.Therabody.DeviceManager.CloseButton\"]"}
&amp#27;[38;5;32m[XCUITestDriver@e07a (28adf0bf)]&amp#27;[0m Got response with status 200: {"value":{"ELEMENT":"49060000-0000-0000-0103-000000000000","element-6066-11e4-a52e-4f735466cecf":"49060000-0000-0000-0103-000000000000"},"sessionId":"E78FC83E-19E7-4136-B719-97A048452808"}
&amp#27;[38;5;32m[XCUITestDriver@e07a (28adf0bf)]&amp#27;[0m Responding to client with driver.findElement() result: {"element-6066-11e4-a52e-4f735466cecf":"49060000-0000-0000-0103-000000000000","ELEMENT":"49060000-0000-0000-0103-000000000000"}
&amp#27;[38;5;0m[HTTP]&amp#27;[0m &amp#27;[37m<-- POST /session/28adf0bf-7ee8-437a-b2e7-798510efe6fe/element &amp#27;[39m&amp#27;[32m200&amp#27;[39m &amp#27;[90m1594 ms - 137&amp#27;[39m
&amp#27;[38;5;0m[HTTP]&amp#27;[0m &amp#27;[90m&amp#27;[39m
&amp#27;[38;5;0m[HTTP]&amp#27;[0m &amp#27;[37m-->&amp#27;[39m &amp#27;[37mGET&amp#27;[39m &amp#27;[37m/session/28adf0bf-7ee8-437a-b2e7-798510efe6fe/element/49060000-0000-0000-0103-000000000000/displayed&amp#27;[39m
&amp#27;[38;5;0m[HTTP]&amp#27;[0m &amp#27;[90m{}&amp#27;[39m
&amp#27;[38;5;32m[XCUITestDriver@e07a (28adf0bf)]&amp#27;[0m Driver proxy active, passing request on via HTTP proxy
&amp#27;[38;5;32m[XCUITestDriver@e07a (28adf0bf)]&amp#27;[0m Executing command 'proxyReqRes'
&amp#27;[38;5;32m[XCUITestDriver@e07a (28adf0bf)]&amp#27;[0m Matched '/session/28adf0bf-7ee8-437a-b2e7-798510efe6fe/element/49060000-0000-0000-0103-000000000000/displayed' to command name 'elementDisplayed'
&amp#27;[38;5;32m[XCUITestDriver@e07a (28adf0bf)]&amp#27;[0m Proxying [GET /session/28adf0bf-7ee8-437a-b2e7-798510efe6fe/element/49060000-0000-0000-0103-000000000000/displayed] to [GET http://127.0.0.1:8100/session/E78FC83E-19E7-4136-B719-97A048452808/element/49060000-0000-0000-0103-000000000000/displayed] with no body
&amp#27;[38;5;32m[XCUITestDriver@e07a (28adf0bf)]&amp#27;[0m Got response with status 200: {"value":true,"sessionId":"E78FC83E-19E7-4136-B719-97A048452808"}
&amp#27;[38;5;32m[XCUITestDriver@e07a (28adf0bf)]&amp#27;[0m Replacing sessionId E78FC83E-19E7-4136-B719-97A048452808 with 28adf0bf-7ee8-437a-b2e7-798510efe6fe
&amp#27;[38;5;0m[HTTP]&amp#27;[0m &amp#27;[37m<-- GET /session/28adf0bf-7ee8-437a-b2e7-798510efe6fe/element/49060000-0000-0000-0103-000000000000/displayed &amp#27;[39m&amp#27;[32m200&amp#27;[39m &amp#27;[90m146 ms - 65&amp#27;[39m
&amp#27;[38;5;0m[HTTP]&amp#27;[0m &amp#27;[90m&amp#27;[39m
&amp#27;[38;5;0m[HTTP]&amp#27;[0m &amp#27;[37m-->&amp#27;[39m &amp#27;[37mGET&amp#27;[39m &amp#27;[37m/session/28adf0bf-7ee8-437a-b2e7-798510efe6fe/context&amp#27;[39m
&amp#27;[38;5;0m[HTTP]&amp#27;[0m &amp#27;[90m{}&amp#27;[39m
&amp#27;[38;5;32m[XCUITestDriver@e07a (28adf0bf)]&amp#27;[0m Calling AppiumDriver.getCurrentContext() with args: ["28adf0bf-7ee8-437a-b2e7-798510efe6fe"]
&amp#27;[38;5;32m[XCUITestDriver@e07a (28adf0bf)]&amp#27;[0m Executing command 'getCurrentContext'
&amp#27;[38;5;32m[XCUITestDriver@e07a (28adf0bf)]&amp#27;[0m Responding to client with driver.getCurrentContext() result: "NATIVE_APP"
&amp#27;[38;5;0m[HTTP]&amp#27;[0m &amp#27;[37m<-- GET /session/28adf0bf-7ee8-437a-b2e7-798510efe6fe/context &amp#27;[39m&amp#27;[32m200&amp#27;[39m &amp#27;[90m1 ms - 22&amp#27;[39m
&amp#27;[38;5;0m[HTTP]&amp#27;[0m &amp#27;[90m&amp#27;[39m
&amp#27;[38;5;0m[HTTP]&amp#27;[0m &amp#27;[37m-->&amp#27;[39m &amp#27;[37mPOST&amp#27;[39m &amp#27;[37m/session/28adf0bf-7ee8-437a-b2e7-798510efe6fe/element&amp#27;[39m
&amp#27;[38;5;0m[HTTP]&amp#27;[0m &amp#27;[90m{"using":"xpath","value":"//XCUIElementTypeButton[@name=\"UIA.Therabody.DeviceManager.CloseButton\"]"}&amp#27;[39m
&amp#27;[38;5;32m[XCUITestDriver@e07a (28adf0bf)]&amp#27;[0m Calling AppiumDriver.findElement() with args: ["xpath","//XCUIElementTypeButton[@name=\"UIA.Therabody.DeviceManager.CloseButton\"]","28adf0bf-7ee8-437a-b2e7-798510efe6fe"]
&amp#27;[38;5;32m[XCUITestDriver@e07a (28adf0bf)]&amp#27;[0m Executing command 'findElement'
&amp#27;[38;5;32m[XCUITestDriver@e07a (28adf0bf)]&amp#27;[0m Valid locator strategies for this request: xpath, id, name, class name, -ios predicate string, -ios class chain, accessibility id, css selector
&amp#27;[38;5;32m[XCUITestDriver@e07a (28adf0bf)]&amp#27;[0m Waiting up to 0 ms for condition
&amp#27;[38;5;32m[XCUITestDriver@e07a (28adf0bf)]&amp#27;[0m Matched '/element' to command name 'findElement'
&amp#27;[38;5;32m[XCUITestDriver@e07a (28adf0bf)]&amp#27;[0m Proxying [POST /element] to [POST http://127.0.0.1:8100/session/E78FC83E-19E7-4136-B719-97A048452808/element] with body: {"using":"xpath","value":"//XCUIElementTypeButton[@name=\"UIA.Therabody.DeviceManager.CloseButton\"]"}
&amp#27;[38;5;32m[XCUITestDriver@e07a (28adf0bf)]&amp#27;[0m Got response with status 200: {"value":{"ELEMENT":"49060000-0000-0000-0103-000000000000","element-6066-11e4-a52e-4f735466cecf":"49060000-0000-0000-0103-000000000000"},"sessionId":"E78FC83E-19E7-4136-B719-97A048452808"}
&amp#27;[38;5;32m[XCUITestDriver@e07a (28adf0bf)]&amp#27;[0m Responding to client with driver.findElement() result: {"element-6066-11e4-a52e-4f735466cecf":"49060000-0000-0000-0103-000000000000","ELEMENT":"49060000-0000-0000-0103-000000000000"}
&amp#27;[38;5;0m[HTTP]&amp#27;[0m &amp#27;[37m<-- POST /session/28adf0bf-7ee8-437a-b2e7-798510efe6fe/element &amp#27;[39m&amp#27;[32m200&amp#27;[39m &amp#27;[90m1404 ms - 137&amp#27;[39m
&amp#27;[38;5;0m[HTTP]&amp#27;[0m &amp#27;[90m&amp#27;[39m
&amp#27;[38;5;0m[HTTP]&amp#27;[0m &amp#27;[37m-->&amp#27;[39m &amp#27;[37mGET&amp#27;[39m &amp#27;[37m/session/28adf0bf-7ee8-437a-b2e7-798510efe6fe/element/49060000-0000-0000-0103-000000000000/enabled&amp#27;[39m
&amp#27;[38;5;0m[HTTP]&amp#27;[0m &amp#27;[90m{}&amp#27;[39m
&amp#27;[38;5;32m[XCUITestDriver@e07a (28adf0bf)]&amp#27;[0m Driver proxy active, passing request on via HTTP proxy
&amp#27;[38;5;32m[XCUITestDriver@e07a (28adf0bf)]&amp#27;[0m Executing command 'proxyReqRes'
&amp#27;[38;5;32m[XCUITestDriver@e07a (28adf0bf)]&amp#27;[0m Matched '/session/28adf0bf-7ee8-437a-b2e7-798510efe6fe/element/49060000-0000-0000-0103-000000000000/enabled' to command name 'elementEnabled'
&amp#27;[38;5;32m[XCUITestDriver@e07a (28adf0bf)]&amp#27;[0m Proxying [GET /session/28adf0bf-7ee8-437a-b2e7-798510efe6fe/element/49060000-0000-0000-0103-000000000000/enabled] to [GET http://127.0.0.1:8100/session/E78FC83E-19E7-4136-B719-97A048452808/element/49060000-0000-0000-0103-000000000000/enabled] with no body
&amp#27;[38;5;32m[XCUITestDriver@e07a (28adf0bf)]&amp#27;[0m Got response with status 200: {"value":true,"sessionId":"E78FC83E-19E7-4136-B719-97A048452808"}
&amp#27;[38;5;32m[XCUITestDriver@e07a (28adf0bf)]&amp#27;[0m Replacing sessionId E78FC83E-19E7-4136-B719-97A048452808 with 28adf0bf-7ee8-437a-b2e7-798510efe6fe
&amp#27;[38;5;0m[HTTP]&amp#27;[0m &amp#27;[37m<-- GET /session/28adf0bf-7ee8-437a-b2e7-798510efe6fe/element/49060000-0000-0000-0103-000000000000/enabled &amp#27;[39m&amp#27;[32m200&amp#27;[39m &amp#27;[90m143 ms - 65&amp#27;[39m
&amp#27;[38;5;0m[HTTP]&amp#27;[0m &amp#27;[90m&amp#27;[39m
&amp#27;[38;5;0m[HTTP]&amp#27;[0m &amp#27;[37m-->&amp#27;[39m &amp#27;[37mGET&amp#27;[39m &amp#27;[37m/session/28adf0bf-7ee8-437a-b2e7-798510efe6fe/context&amp#27;[39m
&amp#27;[38;5;0m[HTTP]&amp#27;[0m &amp#27;[90m{}&amp#27;[39m
&amp#27;[38;5;32m[XCUITestDriver@e07a (28adf0bf)]&amp#27;[0m Calling AppiumDriver.getCurrentContext() with args: ["28adf0bf-7ee8-437a-b2e7-798510efe6fe"]
&amp#27;[38;5;32m[XCUITestDriver@e07a (28adf0bf)]&amp#27;[0m Executing command 'getCurrentContext'
&amp#27;[38;5;32m[XCUITestDriver@e07a (28adf0bf)]&amp#27;[0m Responding to client with driver.getCurrentContext() result: "NATIVE_APP"
&amp#27;[38;5;0m[HTTP]&amp#27;[0m &amp#27;[37m<-- GET /session/28adf0bf-7ee8-437a-b2e7-798510efe6fe/context &amp#27;[39m&amp#27;[32m200&amp#27;[39m &amp#27;[90m1 ms - 22&amp#27;[39m
&amp#27;[38;5;0m[HTTP]&amp#27;[0m &amp#27;[90m&amp#27;[39m
&amp#27;[38;5;0m[HTTP]&amp#27;[0m &amp#27;[37m-->&amp#27;[39m &amp#27;[37mPOST&amp#27;[39m &amp#27;[37m/session/28adf0bf-7ee8-437a-b2e7-798510efe6fe/element&amp#27;[39m
&amp#27;[38;5;0m[HTTP]&amp#27;[0m &amp#27;[90m{"using":"xpath","value":"//XCUIElementTypeButton[@name=\"UIA.Therabody.DeviceManager.CloseButton\"]"}&amp#27;[39m
&amp#27;[38;5;32m[XCUITestDriver@e07a (28adf0bf)]&amp#27;[0m Calling AppiumDriver.findElement() with args: ["xpath","//XCUIElementTypeButton[@name=\"UIA.Therabody.DeviceManager.CloseButton\"]","28adf0bf-7ee8-437a-b2e7-798510efe6fe"]
&amp#27;[38;5;32m[XCUITestDriver@e07a (28adf0bf)]&amp#27;[0m Executing command 'findElement'
&amp#27;[38;5;32m[XCUITestDriver@e07a (28adf0bf)]&amp#27;[0m Valid locator strategies for this request: xpath, id, name, class name, -ios predicate string, -ios class chain, accessibility id, css selector
&amp#27;[38;5;32m[XCUITestDriver@e07a (28adf0bf)]&amp#27;[0m Waiting up to 0 ms for condition
&amp#27;[38;5;32m[XCUITestDriver@e07a (28adf0bf)]&amp#27;[0m Matched '/element' to command name 'findElement'
&amp#27;[38;5;32m[XCUITestDriver@e07a (28adf0bf)]&amp#27;[0m Proxying [POST /element] to [POST http://127.0.0.1:8100/session/E78FC83E-19E7-4136-B719-97A048452808/element] with body: {"using":"xpath","value":"//XCUIElementTypeButton[@name=\"UIA.Therabody.DeviceManager.CloseButton\"]"}
&amp#27;[38;5;32m[XCUITestDriver@e07a (28adf0bf)]&amp#27;[0m Got response with status 200: {"value":{"ELEMENT":"49060000-0000-0000-0103-000000000000","element-6066-11e4-a52e-4f735466cecf":"49060000-0000-0000-0103-000000000000"},"sessionId":"E78FC83E-19E7-4136-B719-97A048452808"}
&amp#27;[38;5;32m[XCUITestDriver@e07a (28adf0bf)]&amp#27;[0m Responding to client with driver.findElement() result: {"element-6066-11e4-a52e-4f735466cecf":"49060000-0000-0000-0103-000000000000","ELEMENT":"49060000-0000-0000-0103-000000000000"}
&amp#27;[38;5;0m[HTTP]&amp#27;[0m &amp#27;[37m<-- POST /session/28adf0bf-7ee8-437a-b2e7-798510efe6fe/element &amp#27;[39m&amp#27;[32m200&amp#27;[39m &amp#27;[90m1447 ms - 137&amp#27;[39m
&amp#27;[38;5;0m[HTTP]&amp#27;[0m &amp#27;[90m&amp#27;[39m
&amp#27;[38;5;0m[HTTP]&amp#27;[0m &amp#27;[37m-->&amp#27;[39m &amp#27;[37mPOST&amp#27;[39m &amp#27;[37m/session/28adf0bf-7ee8-437a-b2e7-798510efe6fe/element/49060000-0000-0000-0103-000000000000/click&amp#27;[39m
&amp#27;[38;5;0m[HTTP]&amp#27;[0m &amp#27;[90m{"id":"49060000-0000-0000-0103-000000000000"}&amp#27;[39m
&amp#27;[38;5;32m[XCUITestDriver@e07a (28adf0bf)]&amp#27;[0m Driver proxy active, passing request on via HTTP proxy
&amp#27;[38;5;32m[XCUITestDriver@e07a (28adf0bf)]&amp#27;[0m Executing command 'proxyReqRes'
&amp#27;[38;5;32m[XCUITestDriver@e07a (28adf0bf)]&amp#27;[0m Matched '/session/28adf0bf-7ee8-437a-b2e7-798510efe6fe/element/49060000-0000-0000-0103-000000000000/click' to command name 'click'
&amp#27;[38;5;32m[XCUITestDriver@e07a (28adf0bf)]&amp#27;[0m Proxying [POST /session/28adf0bf-7ee8-437a-b2e7-798510efe6fe/element/49060000-0000-0000-0103-000000000000/click] to [POST http://127.0.0.1:8100/session/E78FC83E-19E7-4136-B719-97A048452808/element/49060000-0000-0000-0103-000000000000/click] with body: {"id":"49060000-0000-0000-0103-000000000000"}
&amp#27;[38;5;32m[XCUITestDriver@e07a (28adf0bf)]&amp#27;[0m Got response with status 200: {"value":null,"sessionId":"E78FC83E-19E7-4136-B719-97A048452808"}
&amp#27;[38;5;32m[XCUITestDriver@e07a (28adf0bf)]&amp#27;[0m Replacing sessionId E78FC83E-19E7-4136-B719-97A048452808 with 28adf0bf-7ee8-437a-b2e7-798510efe6fe
&amp#27;[38;5;0m[HTTP]&amp#27;[0m &amp#27;[37m<-- POST /session/28adf0bf-7ee8-437a-b2e7-798510efe6fe/element/49060000-0000-0000-0103-000000000000/click &amp#27;[39m&amp#27;[32m200&amp#27;[39m &amp#27;[90m1016 ms - 65&amp#27;[39m
&amp#27;[38;5;0m[HTTP]&amp#27;[0m &amp#27;[90m&amp#27;[39m
]]></system-out>
  </testcase>
  <testcase name="testSelectRoutine" classname="testCases.WaveSeriesOtherRollerTCs" time="7.876">
    <system-out><![CDATA[&amp#27;[38;5;0m[HTTP]&amp#27;[0m &amp#27;[37m-->&amp#27;[39m &amp#27;[37mGET&amp#27;[39m &amp#27;[37m/session/28adf0bf-7ee8-437a-b2e7-798510efe6fe/context&amp#27;[39m
&amp#27;[38;5;0m[HTTP]&amp#27;[0m &amp#27;[90m{}&amp#27;[39m
&amp#27;[38;5;32m[XCUITestDriver@e07a (28adf0bf)]&amp#27;[0m Calling AppiumDriver.getCurrentContext() with args: ["28adf0bf-7ee8-437a-b2e7-798510efe6fe"]
&amp#27;[38;5;32m[XCUITestDriver@e07a (28adf0bf)]&amp#27;[0m Executing command 'getCurrentContext'
&amp#27;[38;5;32m[XCUITestDriver@e07a (28adf0bf)]&amp#27;[0m Responding to client with driver.getCurrentContext() result: "NATIVE_APP"
&amp#27;[38;5;0m[HTTP]&amp#27;[0m &amp#27;[37m<-- GET /session/28adf0bf-7ee8-437a-b2e7-798510efe6fe/context &amp#27;[39m&amp#27;[32m200&amp#27;[39m &amp#27;[90m1 ms - 22&amp#27;[39m
&amp#27;[38;5;0m[HTTP]&amp#27;[0m &amp#27;[90m&amp#27;[39m
&amp#27;[38;5;0m[HTTP]&amp#27;[0m &amp#27;[37m-->&amp#27;[39m &amp#27;[37mPOST&amp#27;[39m &amp#27;[37m/session/28adf0bf-7ee8-437a-b2e7-798510efe6fe/element&amp#27;[39m
&amp#27;[38;5;0m[HTTP]&amp#27;[0m &amp#27;[90m{"using":"xpath","value":"//XCUIElementTypeStaticText[@name=\"Run Recovery\"]"}&amp#27;[39m
&amp#27;[38;5;32m[XCUITestDriver@e07a (28adf0bf)]&amp#27;[0m Calling AppiumDriver.findElement() with args: ["xpath","//XCUIElementTypeStaticText[@name=\"Run Recovery\"]","28adf0bf-7ee8-437a-b2e7-798510efe6fe"]
&amp#27;[38;5;32m[XCUITestDriver@e07a (28adf0bf)]&amp#27;[0m Executing command 'findElement'
&amp#27;[38;5;32m[XCUITestDriver@e07a (28adf0bf)]&amp#27;[0m Valid locator strategies for this request: xpath, id, name, class name, -ios predicate string, -ios class chain, accessibility id, css selector
&amp#27;[38;5;32m[XCUITestDriver@e07a (28adf0bf)]&amp#27;[0m Waiting up to 0 ms for condition
&amp#27;[38;5;32m[XCUITestDriver@e07a (28adf0bf)]&amp#27;[0m Matched '/element' to command name 'findElement'
&amp#27;[38;5;32m[XCUITestDriver@e07a (28adf0bf)]&amp#27;[0m Proxying [POST /element] to [POST http://127.0.0.1:8100/session/E78FC83E-19E7-4136-B719-97A048452808/element] with body: {"using":"xpath","value":"//XCUIElementTypeStaticText[@name=\"Run Recovery\"]"}
&amp#27;[38;5;32m[XCUITestDriver@e07a (28adf0bf)]&amp#27;[0m Got response with status 404: {"value":{"error":"no such element","message":"unable to find an element using 'xpath', value '//XCUIElementTypeStaticText[@name=\"Run Recovery\"]'","traceback":"(\n\t0   WebDriverAgentLib                   0x00000001072a740c FBNoSuchElementErrorResponseForRequest + 252\n\t1   WebDriverAgentLib                   0x00000001072a723c +[FBFindElementCommands handleFindElement:] + 316\n\t2   WebDriverAgentLib                   0x000000010726a9d0 -[FBRoute_TargetAction mountRequest:intoResponse:] + 168\n\t3   WebDriverAgentLib                   0x0000000107254264 __37-[FBWebServer registerRouteHandlers:]_block_invoke + 408\n\t4   WebDriverAgentLib                   0x000000010728d2c4 -[RoutingHTTPServer handleRoute:withRequest:response:] + 168\n\t5   WebDriverAgentLib                   0x000000010728ddb4 __72-[RoutingHTTPServer routeMethod:withPath:parameters:request:connection:]_block_invoke + 64\n\t6   libdispatch.dylib                   0x00000001a237dfdc FEA36690-A000-3C55-B700-9120B05AA69B + 16348\n\t7   li...
&amp#27;[38;5;128m[W3C]&amp#27;[0m Matched W3C error code 'no such element' to NoSuchElementError
&amp#27;[38;5;32m[XCUITestDriver@e07a (28adf0bf)]&amp#27;[0m Encountered internal error running command: NoSuchElementError: An element could not be located on the page using the given search parameters.
&amp#27;[38;5;32m[XCUITestDriver@e07a (28adf0bf)]&amp#27;[0m     at XCUITestDriver.doNativeFind (/Users/karishmabarot/.appium/node_modules/appium-xcuitest-driver/lib/commands/find.js:143:13)
&amp#27;[38;5;32m[XCUITestDriver@e07a (28adf0bf)]&amp#27;[0m     at processTicksAndRejections (node:internal/process/task_queues:95:5)
&amp#27;[38;5;32m[XCUITestDriver@e07a (28adf0bf)]&amp#27;[0m     at XCUITestDriver.findNativeElementOrElements (/Users/karishmabarot/.appium/node_modules/appium-xcuitest-driver/lib/commands/find.js:97:12)
&amp#27;[38;5;32m[XCUITestDriver@e07a (28adf0bf)]&amp#27;[0m     at XCUITestDriver.findElOrEls (/Users/karishmabarot/.appium/node_modules/appium-xcuitest-driver/lib/commands/find.js:24:14)
&amp#27;[38;5;32m[XCUITestDriver@e07a (28adf0bf)]&amp#27;[0m     at XCUITestDriver.findElOrElsWithProcessing (/Users/karishmabarot/node_modules/@appium/base-driver/lib/basedriver/commands/find.ts:60:12)
&amp#27;[38;5;32m[XCUITestDriver@e07a (28adf0bf)]&amp#27;[0m     at XCUITestDriver.findElement (/Users/karishmabarot/node_modules/@appium/base-driver/lib/basedriver/commands/find.ts:75:12)
&amp#27;[38;5;0m[HTTP]&amp#27;[0m &amp#27;[37m<-- POST /session/28adf0bf-7ee8-437a-b2e7-798510efe6fe/element &amp#27;[39m&amp#27;[33m404&amp#27;[39m &amp#27;[90m349 ms - 994&amp#27;[39m
&amp#27;[38;5;0m[HTTP]&amp#27;[0m &amp#27;[90m&amp#27;[39m
&amp#27;[38;5;0m[HTTP]&amp#27;[0m &amp#27;[37m-->&amp#27;[39m &amp#27;[37mPOST&amp#27;[39m &amp#27;[37m/session/28adf0bf-7ee8-437a-b2e7-798510efe6fe/element&amp#27;[39m
&amp#27;[38;5;0m[HTTP]&amp#27;[0m &amp#27;[90m{"using":"xpath","value":"//XCUIElementTypeStaticText[@name=\"Run Recovery\"]"}&amp#27;[39m
&amp#27;[38;5;32m[XCUITestDriver@e07a (28adf0bf)]&amp#27;[0m Calling AppiumDriver.findElement() with args: ["xpath","//XCUIElementTypeStaticText[@name=\"Run Recovery\"]","28adf0bf-7ee8-437a-b2e7-798510efe6fe"]
&amp#27;[38;5;32m[XCUITestDriver@e07a (28adf0bf)]&amp#27;[0m Executing command 'findElement'
&amp#27;[38;5;32m[XCUITestDriver@e07a (28adf0bf)]&amp#27;[0m Valid locator strategies for this request: xpath, id, name, class name, -ios predicate string, -ios class chain, accessibility id, css selector
&amp#27;[38;5;32m[XCUITestDriver@e07a (28adf0bf)]&amp#27;[0m Waiting up to 0 ms for condition
&amp#27;[38;5;32m[XCUITestDriver@e07a (28adf0bf)]&amp#27;[0m Matched '/element' to command name 'findElement'
&amp#27;[38;5;32m[XCUITestDriver@e07a (28adf0bf)]&amp#27;[0m Proxying [POST /element] to [POST http://127.0.0.1:8100/session/E78FC83E-19E7-4136-B719-97A048452808/element] with body: {"using":"xpath","value":"//XCUIElementTypeStaticText[@name=\"Run Recovery\"]"}
&amp#27;[38;5;32m[XCUITestDriver@e07a (28adf0bf)]&amp#27;[0m Got response with status 404: {"value":{"error":"no such element","message":"unable to find an element using 'xpath', value '//XCUIElementTypeStaticText[@name=\"Run Recovery\"]'","traceback":"(\n\t0   WebDriverAgentLib                   0x00000001072a740c FBNoSuchElementErrorResponseForRequest + 252\n\t1   WebDriverAgentLib                   0x00000001072a723c +[FBFindElementCommands handleFindElement:] + 316\n\t2   WebDriverAgentLib                   0x000000010726a9d0 -[FBRoute_TargetAction mountRequest:intoResponse:] + 168\n\t3   WebDriverAgentLib                   0x0000000107254264 __37-[FBWebServer registerRouteHandlers:]_block_invoke + 408\n\t4   WebDriverAgentLib                   0x000000010728d2c4 -[RoutingHTTPServer handleRoute:withRequest:response:] + 168\n\t5   WebDriverAgentLib                   0x000000010728ddb4 __72-[RoutingHTTPServer routeMethod:withPath:parameters:request:connection:]_block_invoke + 64\n\t6   libdispatch.dylib                   0x00000001a237dfdc FEA36690-A000-3C55-B700-9120B05AA69B + 16348\n\t7   li...
&amp#27;[38;5;128m[W3C]&amp#27;[0m Matched W3C error code 'no such element' to NoSuchElementError
&amp#27;[38;5;32m[XCUITestDriver@e07a (28adf0bf)]&amp#27;[0m Encountered internal error running command: NoSuchElementError: An element could not be located on the page using the given search parameters.
&amp#27;[38;5;32m[XCUITestDriver@e07a (28adf0bf)]&amp#27;[0m     at XCUITestDriver.doNativeFind (/Users/karishmabarot/.appium/node_modules/appium-xcuitest-driver/lib/commands/find.js:143:13)
&amp#27;[38;5;32m[XCUITestDriver@e07a (28adf0bf)]&amp#27;[0m     at processTicksAndRejections (node:internal/process/task_queues:95:5)
&amp#27;[38;5;32m[XCUITestDriver@e07a (28adf0bf)]&amp#27;[0m     at XCUITestDriver.findNativeElementOrElements (/Users/karishmabarot/.appium/node_modules/appium-xcuitest-driver/lib/commands/find.js:97:12)
&amp#27;[38;5;32m[XCUITestDriver@e07a (28adf0bf)]&amp#27;[0m     at XCUITestDriver.findElOrEls (/Users/karishmabarot/.appium/node_modules/appium-xcuitest-driver/lib/commands/find.js:24:14)
&amp#27;[38;5;32m[XCUITestDriver@e07a (28adf0bf)]&amp#27;[0m     at XCUITestDriver.findElOrElsWithProcessing (/Users/karishmabarot/node_modules/@appium/base-driver/lib/basedriver/commands/find.ts:60:12)
&amp#27;[38;5;32m[XCUITestDriver@e07a (28adf0bf)]&amp#27;[0m     at XCUITestDriver.findElement (/Users/karishmabarot/node_modules/@appium/base-driver/lib/basedriver/commands/find.ts:75:12)
&amp#27;[38;5;0m[HTTP]&amp#27;[0m &amp#27;[37m<-- POST /session/28adf0bf-7ee8-437a-b2e7-798510efe6fe/element &amp#27;[39m&amp#27;[33m404&amp#27;[39m &amp#27;[90m487 ms - 994&amp#27;[39m
&amp#27;[38;5;0m[HTTP]&amp#27;[0m &amp#27;[90m&amp#27;[39m
&amp#27;[38;5;0m[HTTP]&amp#27;[0m &amp#27;[37m-->&amp#27;[39m &amp#27;[37mGET&amp#27;[39m &amp#27;[37m/session/28adf0bf-7ee8-437a-b2e7-798510efe6fe/context&amp#27;[39m
&amp#27;[38;5;0m[HTTP]&amp#27;[0m &amp#27;[90m{}&amp#27;[39m
&amp#27;[38;5;32m[XCUITestDriver@e07a (28adf0bf)]&amp#27;[0m Calling AppiumDriver.getCurrentContext() with args: ["28adf0bf-7ee8-437a-b2e7-798510efe6fe"]
&amp#27;[38;5;32m[XCUITestDriver@e07a (28adf0bf)]&amp#27;[0m Executing command 'getCurrentContext'
&amp#27;[38;5;32m[XCUITestDriver@e07a (28adf0bf)]&amp#27;[0m Responding to client with driver.getCurrentContext() result: "NATIVE_APP"
&amp#27;[38;5;0m[HTTP]&amp#27;[0m &amp#27;[37m<-- GET /session/28adf0bf-7ee8-437a-b2e7-798510efe6fe/context &amp#27;[39m&amp#27;[32m200&amp#27;[39m &amp#27;[90m1 ms - 22&amp#27;[39m
&amp#27;[38;5;0m[HTTP]&amp#27;[0m &amp#27;[90m&amp#27;[39m
&amp#27;[38;5;0m[HTTP]&amp#27;[0m &amp#27;[37m-->&amp#27;[39m &amp#27;[37mPOST&amp#27;[39m &amp#27;[37m/session/28adf0bf-7ee8-437a-b2e7-798510efe6fe/element&amp#27;[39m
&amp#27;[38;5;0m[HTTP]&amp#27;[0m &amp#27;[90m{"using":"xpath","value":"//XCUIElementTypeStaticText[@name=\"Run Recovery\"]"}&amp#27;[39m
&amp#27;[38;5;32m[XCUITestDriver@e07a (28adf0bf)]&amp#27;[0m Calling AppiumDriver.findElement() with args: ["xpath","//XCUIElementTypeStaticText[@name=\"Run Recovery\"]","28adf0bf-7ee8-437a-b2e7-798510efe6fe"]
&amp#27;[38;5;32m[XCUITestDriver@e07a (28adf0bf)]&amp#27;[0m Executing command 'findElement'
&amp#27;[38;5;32m[XCUITestDriver@e07a (28adf0bf)]&amp#27;[0m Valid locator strategies for this request: xpath, id, name, class name, -ios predicate string, -ios class chain, accessibility id, css selector
&amp#27;[38;5;32m[XCUITestDriver@e07a (28adf0bf)]&amp#27;[0m Waiting up to 0 ms for condition
&amp#27;[38;5;32m[XCUITestDriver@e07a (28adf0bf)]&amp#27;[0m Matched '/element' to command name 'findElement'
&amp#27;[38;5;32m[XCUITestDriver@e07a (28adf0bf)]&amp#27;[0m Proxying [POST /element] to [POST http://127.0.0.1:8100/session/E78FC83E-19E7-4136-B719-97A048452808/element] with body: {"using":"xpath","value":"//XCUIElementTypeStaticText[@name=\"Run Recovery\"]"}
&amp#27;[38;5;32m[XCUITestDriver@e07a (28adf0bf)]&amp#27;[0m Got response with status 404: {"value":{"error":"no such element","message":"unable to find an element using 'xpath', value '//XCUIElementTypeStaticText[@name=\"Run Recovery\"]'","traceback":"(\n\t0   WebDriverAgentLib                   0x00000001072a740c FBNoSuchElementErrorResponseForRequest + 252\n\t1   WebDriverAgentLib                   0x00000001072a723c +[FBFindElementCommands handleFindElement:] + 316\n\t2   WebDriverAgentLib                   0x000000010726a9d0 -[FBRoute_TargetAction mountRequest:intoResponse:] + 168\n\t3   WebDriverAgentLib                   0x0000000107254264 __37-[FBWebServer registerRouteHandlers:]_block_invoke + 408\n\t4   WebDriverAgentLib                   0x000000010728d2c4 -[RoutingHTTPServer handleRoute:withRequest:response:] + 168\n\t5   WebDriverAgentLib                   0x000000010728ddb4 __72-[RoutingHTTPServer routeMethod:withPath:parameters:request:connection:]_block_invoke + 64\n\t6   libdispatch.dylib                   0x00000001a237dfdc FEA36690-A000-3C55-B700-9120B05AA69B + 16348\n\t7   li...
&amp#27;[38;5;128m[W3C]&amp#27;[0m Matched W3C error code 'no such element' to NoSuchElementError
&amp#27;[38;5;32m[XCUITestDriver@e07a (28adf0bf)]&amp#27;[0m Encountered internal error running command: NoSuchElementError: An element could not be located on the page using the given search parameters.
&amp#27;[38;5;32m[XCUITestDriver@e07a (28adf0bf)]&amp#27;[0m     at XCUITestDriver.doNativeFind (/Users/karishmabarot/.appium/node_modules/appium-xcuitest-driver/lib/commands/find.js:143:13)
&amp#27;[38;5;32m[XCUITestDriver@e07a (28adf0bf)]&amp#27;[0m     at processTicksAndRejections (node:internal/process/task_queues:95:5)
&amp#27;[38;5;32m[XCUITestDriver@e07a (28adf0bf)]&amp#27;[0m     at XCUITestDriver.findNativeElementOrElements (/Users/karishmabarot/.appium/node_modules/appium-xcuitest-driver/lib/commands/find.js:97:12)
&amp#27;[38;5;32m[XCUITestDriver@e07a (28adf0bf)]&amp#27;[0m     at XCUITestDriver.findElOrEls (/Users/karishmabarot/.appium/node_modules/appium-xcuitest-driver/lib/commands/find.js:24:14)
&amp#27;[38;5;32m[XCUITestDriver@e07a (28adf0bf)]&amp#27;[0m     at XCUITestDriver.findElOrElsWithProcessing (/Users/karishmabarot/node_modules/@appium/base-driver/lib/basedriver/commands/find.ts:60:12)
&amp#27;[38;5;32m[XCUITestDriver@e07a (28adf0bf)]&amp#27;[0m     at XCUITestDriver.findElement (/Users/karishmabarot/node_modules/@appium/base-driver/lib/basedriver/commands/find.ts:75:12)
&amp#27;[38;5;0m[HTTP]&amp#27;[0m &amp#27;[37m<-- POST /session/28adf0bf-7ee8-437a-b2e7-798510efe6fe/element &amp#27;[39m&amp#27;[33m404&amp#27;[39m &amp#27;[90m515 ms - 994&amp#27;[39m
&amp#27;[38;5;0m[HTTP]&amp#27;[0m &amp#27;[90m&amp#27;[39m
&amp#27;[38;5;0m[HTTP]&amp#27;[0m &amp#27;[37m-->&amp#27;[39m &amp#27;[37mPOST&amp#27;[39m &amp#27;[37m/session/28adf0bf-7ee8-437a-b2e7-798510efe6fe/element&amp#27;[39m
&amp#27;[38;5;0m[HTTP]&amp#27;[0m &amp#27;[90m{"using":"xpath","value":"//XCUIElementTypeStaticText[@name=\"Run Recovery\"]"}&amp#27;[39m
&amp#27;[38;5;32m[XCUITestDriver@e07a (28adf0bf)]&amp#27;[0m Calling AppiumDriver.findElement() with args: ["xpath","//XCUIElementTypeStaticText[@name=\"Run Recovery\"]","28adf0bf-7ee8-437a-b2e7-798510efe6fe"]
&amp#27;[38;5;32m[XCUITestDriver@e07a (28adf0bf)]&amp#27;[0m Executing command 'findElement'
&amp#27;[38;5;32m[XCUITestDriver@e07a (28adf0bf)]&amp#27;[0m Valid locator strategies for this request: xpath, id, name, class name, -ios predicate string, -ios class chain, accessibility id, css selector
&amp#27;[38;5;32m[XCUITestDriver@e07a (28adf0bf)]&amp#27;[0m Waiting up to 0 ms for condition
&amp#27;[38;5;32m[XCUITestDriver@e07a (28adf0bf)]&amp#27;[0m Matched '/element' to command name 'findElement'
&amp#27;[38;5;32m[XCUITestDriver@e07a (28adf0bf)]&amp#27;[0m Proxying [POST /element] to [POST http://127.0.0.1:8100/session/E78FC83E-19E7-4136-B719-97A048452808/element] with body: {"using":"xpath","value":"//XCUIElementTypeStaticText[@name=\"Run Recovery\"]"}
&amp#27;[38;5;32m[XCUITestDriver@e07a (28adf0bf)]&amp#27;[0m Got response with status 404: {"value":{"error":"no such element","message":"unable to find an element using 'xpath', value '//XCUIElementTypeStaticText[@name=\"Run Recovery\"]'","traceback":"(\n\t0   WebDriverAgentLib                   0x00000001072a740c FBNoSuchElementErrorResponseForRequest + 252\n\t1   WebDriverAgentLib                   0x00000001072a723c +[FBFindElementCommands handleFindElement:] + 316\n\t2   WebDriverAgentLib                   0x000000010726a9d0 -[FBRoute_TargetAction mountRequest:intoResponse:] + 168\n\t3   WebDriverAgentLib                   0x0000000107254264 __37-[FBWebServer registerRouteHandlers:]_block_invoke + 408\n\t4   WebDriverAgentLib                   0x000000010728d2c4 -[RoutingHTTPServer handleRoute:withRequest:response:] + 168\n\t5   WebDriverAgentLib                   0x000000010728ddb4 __72-[RoutingHTTPServer routeMethod:withPath:parameters:request:connection:]_block_invoke + 64\n\t6   libdispatch.dylib                   0x00000001a237dfdc FEA36690-A000-3C55-B700-9120B05AA69B + 16348\n\t7   li...
&amp#27;[38;5;128m[W3C]&amp#27;[0m Matched W3C error code 'no such element' to NoSuchElementError
&amp#27;[38;5;32m[XCUITestDriver@e07a (28adf0bf)]&amp#27;[0m Encountered internal error running command: NoSuchElementError: An element could not be located on the page using the given search parameters.
&amp#27;[38;5;32m[XCUITestDriver@e07a (28adf0bf)]&amp#27;[0m     at XCUITestDriver.doNativeFind (/Users/karishmabarot/.appium/node_modules/appium-xcuitest-driver/lib/commands/find.js:143:13)
&amp#27;[38;5;32m[XCUITestDriver@e07a (28adf0bf)]&amp#27;[0m     at processTicksAndRejections (node:internal/process/task_queues:95:5)
&amp#27;[38;5;32m[XCUITestDriver@e07a (28adf0bf)]&amp#27;[0m     at XCUITestDriver.findNativeElementOrElements (/Users/karishmabarot/.appium/node_modules/appium-xcuitest-driver/lib/commands/find.js:97:12)
&amp#27;[38;5;32m[XCUITestDriver@e07a (28adf0bf)]&amp#27;[0m     at XCUITestDriver.findElOrEls (/Users/karishmabarot/.appium/node_modules/appium-xcuitest-driver/lib/commands/find.js:24:14)
&amp#27;[38;5;32m[XCUITestDriver@e07a (28adf0bf)]&amp#27;[0m     at XCUITestDriver.findElOrElsWithProcessing (/Users/karishmabarot/node_modules/@appium/base-driver/lib/basedriver/commands/find.ts:60:12)
&amp#27;[38;5;32m[XCUITestDriver@e07a (28adf0bf)]&amp#27;[0m     at XCUITestDriver.findElement (/Users/karishmabarot/node_modules/@appium/base-driver/lib/basedriver/commands/find.ts:75:12)
&amp#27;[38;5;0m[HTTP]&amp#27;[0m &amp#27;[37m<-- POST /session/28adf0bf-7ee8-437a-b2e7-798510efe6fe/element &amp#27;[39m&amp#27;[33m404&amp#27;[39m &amp#27;[90m345 ms - 994&amp#27;[39m
&amp#27;[38;5;0m[HTTP]&amp#27;[0m &amp#27;[90m&amp#27;[39m
&amp#27;[38;5;0m[HTTP]&amp#27;[0m &amp#27;[37m-->&amp#27;[39m &amp#27;[37mPOST&amp#27;[39m &amp#27;[37m/session/28adf0bf-7ee8-437a-b2e7-798510efe6fe/element&amp#27;[39m
&amp#27;[38;5;0m[HTTP]&amp#27;[0m &amp#27;[90m{"using":"xpath","value":"//XCUIElementTypeStaticText[@name=\"Run Recovery\"]"}&amp#27;[39m
&amp#27;[38;5;32m[XCUITestDriver@e07a (28adf0bf)]&amp#27;[0m Calling AppiumDriver.findElement() with args: ["xpath","//XCUIElementTypeStaticText[@name=\"Run Recovery\"]","28adf0bf-7ee8-437a-b2e7-798510efe6fe"]
&amp#27;[38;5;32m[XCUITestDriver@e07a (28adf0bf)]&amp#27;[0m Executing command 'findElement'
&amp#27;[38;5;32m[XCUITestDriver@e07a (28adf0bf)]&amp#27;[0m Valid locator strategies for this request: xpath, id, name, class name, -ios predicate string, -ios class chain, accessibility id, css selector
&amp#27;[38;5;32m[XCUITestDriver@e07a (28adf0bf)]&amp#27;[0m Waiting up to 0 ms for condition
&amp#27;[38;5;32m[XCUITestDriver@e07a (28adf0bf)]&amp#27;[0m Matched '/element' to command name 'findElement'
&amp#27;[38;5;32m[XCUITestDriver@e07a (28adf0bf)]&amp#27;[0m Proxying [POST /element] to [POST http://127.0.0.1:8100/session/E78FC83E-19E7-4136-B719-97A048452808/element] with body: {"using":"xpath","value":"//XCUIElementTypeStaticText[@name=\"Run Recovery\"]"}
&amp#27;[38;5;32m[XCUITestDriver@e07a (28adf0bf)]&amp#27;[0m Got response with status 200: {"value":{"ELEMENT":"9B060000-0000-0000-0103-000000000000","element-6066-11e4-a52e-4f735466cecf":"9B060000-0000-0000-0103-000000000000"},"sessionId":"E78FC83E-19E7-4136-B719-97A048452808"}
&amp#27;[38;5;32m[XCUITestDriver@e07a (28adf0bf)]&amp#27;[0m Responding to client with driver.findElement() result: {"element-6066-11e4-a52e-4f735466cecf":"9B060000-0000-0000-0103-000000000000","ELEMENT":"9B060000-0000-0000-0103-000000000000"}
&amp#27;[38;5;0m[HTTP]&amp#27;[0m &amp#27;[37m<-- POST /session/28adf0bf-7ee8-437a-b2e7-798510efe6fe/element &amp#27;[39m&amp#27;[32m200&amp#27;[39m &amp#27;[90m883 ms - 137&amp#27;[39m
&amp#27;[38;5;0m[HTTP]&amp#27;[0m &amp#27;[90m&amp#27;[39m
&amp#27;[38;5;0m[HTTP]&amp#27;[0m &amp#27;[37m-->&amp#27;[39m &amp#27;[37mGET&amp#27;[39m &amp#27;[37m/session/28adf0bf-7ee8-437a-b2e7-798510efe6fe/element/9B060000-0000-0000-0103-000000000000/displayed&amp#27;[39m
&amp#27;[38;5;0m[HTTP]&amp#27;[0m &amp#27;[90m{}&amp#27;[39m
&amp#27;[38;5;32m[XCUITestDriver@e07a (28adf0bf)]&amp#27;[0m Driver proxy active, passing request on via HTTP proxy
&amp#27;[38;5;32m[XCUITestDriver@e07a (28adf0bf)]&amp#27;[0m Executing command 'proxyReqRes'
&amp#27;[38;5;32m[XCUITestDriver@e07a (28adf0bf)]&amp#27;[0m Matched '/session/28adf0bf-7ee8-437a-b2e7-798510efe6fe/element/9B060000-0000-0000-0103-000000000000/displayed' to command name 'elementDisplayed'
&amp#27;[38;5;32m[XCUITestDriver@e07a (28adf0bf)]&amp#27;[0m Proxying [GET /session/28adf0bf-7ee8-437a-b2e7-798510efe6fe/element/9B060000-0000-0000-0103-000000000000/displayed] to [GET http://127.0.0.1:8100/session/E78FC83E-19E7-4136-B719-97A048452808/element/9B060000-0000-0000-0103-000000000000/displayed] with no body
&amp#27;[38;5;32m[XCUITestDriver@e07a (28adf0bf)]&amp#27;[0m Got response with status 200: {"value":true,"sessionId":"E78FC83E-19E7-4136-B719-97A048452808"}
&amp#27;[38;5;32m[XCUITestDriver@e07a (28adf0bf)]&amp#27;[0m Replacing sessionId E78FC83E-19E7-4136-B719-97A048452808 with 28adf0bf-7ee8-437a-b2e7-798510efe6fe
&amp#27;[38;5;0m[HTTP]&amp#27;[0m &amp#27;[37m<-- GET /session/28adf0bf-7ee8-437a-b2e7-798510efe6fe/element/9B060000-0000-0000-0103-000000000000/displayed &amp#27;[39m&amp#27;[32m200&amp#27;[39m &amp#27;[90m90 ms - 65&amp#27;[39m
&amp#27;[38;5;0m[HTTP]&amp#27;[0m &amp#27;[90m&amp#27;[39m
&amp#27;[38;5;0m[HTTP]&amp#27;[0m &amp#27;[37m-->&amp#27;[39m &amp#27;[37mGET&amp#27;[39m &amp#27;[37m/session/28adf0bf-7ee8-437a-b2e7-798510efe6fe/context&amp#27;[39m
&amp#27;[38;5;0m[HTTP]&amp#27;[0m &amp#27;[90m{}&amp#27;[39m
&amp#27;[38;5;32m[XCUITestDriver@e07a (28adf0bf)]&amp#27;[0m Calling AppiumDriver.getCurrentContext() with args: ["28adf0bf-7ee8-437a-b2e7-798510efe6fe"]
&amp#27;[38;5;32m[XCUITestDriver@e07a (28adf0bf)]&amp#27;[0m Executing command 'getCurrentContext'
&amp#27;[38;5;32m[XCUITestDriver@e07a (28adf0bf)]&amp#27;[0m Responding to client with driver.getCurrentContext() result: "NATIVE_APP"
&amp#27;[38;5;0m[HTTP]&amp#27;[0m &amp#27;[37m<-- GET /session/28adf0bf-7ee8-437a-b2e7-798510efe6fe/context &amp#27;[39m&amp#27;[32m200&amp#27;[39m &amp#27;[90m1 ms - 22&amp#27;[39m
&amp#27;[38;5;0m[HTTP]&amp#27;[0m &amp#27;[90m&amp#27;[39m
&amp#27;[38;5;0m[HTTP]&amp#27;[0m &amp#27;[37m-->&amp#27;[39m &amp#27;[37mPOST&amp#27;[39m &amp#27;[37m/session/28adf0bf-7ee8-437a-b2e7-798510efe6fe/element&amp#27;[39m
&amp#27;[38;5;0m[HTTP]&amp#27;[0m &amp#27;[90m{"using":"xpath","value":"//XCUIElementTypeStaticText[@name=\"Run Recovery\"]"}&amp#27;[39m
&amp#27;[38;5;32m[XCUITestDriver@e07a (28adf0bf)]&amp#27;[0m Calling AppiumDriver.findElement() with args: ["xpath","//XCUIElementTypeStaticText[@name=\"Run Recovery\"]","28adf0bf-7ee8-437a-b2e7-798510efe6fe"]
&amp#27;[38;5;32m[XCUITestDriver@e07a (28adf0bf)]&amp#27;[0m Executing command 'findElement'
&amp#27;[38;5;32m[XCUITestDriver@e07a (28adf0bf)]&amp#27;[0m Valid locator strategies for this request: xpath, id, name, class name, -ios predicate string, -ios class chain, accessibility id, css selector
&amp#27;[38;5;32m[XCUITestDriver@e07a (28adf0bf)]&amp#27;[0m Waiting up to 0 ms for condition
&amp#27;[38;5;32m[XCUITestDriver@e07a (28adf0bf)]&amp#27;[0m Matched '/element' to command name 'findElement'
&amp#27;[38;5;32m[XCUITestDriver@e07a (28adf0bf)]&amp#27;[0m Proxying [POST /element] to [POST http://127.0.0.1:8100/session/E78FC83E-19E7-4136-B719-97A048452808/element] with body: {"using":"xpath","value":"//XCUIElementTypeStaticText[@name=\"Run Recovery\"]"}
&amp#27;[38;5;32m[XCUITestDriver@e07a (28adf0bf)]&amp#27;[0m Got response with status 200: {"value":{"ELEMENT":"9B060000-0000-0000-0103-000000000000","element-6066-11e4-a52e-4f735466cecf":"9B060000-0000-0000-0103-000000000000"},"sessionId":"E78FC83E-19E7-4136-B719-97A048452808"}
&amp#27;[38;5;32m[XCUITestDriver@e07a (28adf0bf)]&amp#27;[0m Responding to client with driver.findElement() result: {"element-6066-11e4-a52e-4f735466cecf":"9B060000-0000-0000-0103-000000000000","ELEMENT":"9B060000-0000-0000-0103-000000000000"}
&amp#27;[38;5;0m[HTTP]&amp#27;[0m &amp#27;[37m<-- POST /session/28adf0bf-7ee8-437a-b2e7-798510efe6fe/element &amp#27;[39m&amp#27;[32m200&amp#27;[39m &amp#27;[90m793 ms - 137&amp#27;[39m
&amp#27;[38;5;0m[HTTP]&amp#27;[0m &amp#27;[90m&amp#27;[39m
&amp#27;[38;5;0m[HTTP]&amp#27;[0m &amp#27;[37m-->&amp#27;[39m &amp#27;[37mGET&amp#27;[39m &amp#27;[37m/session/28adf0bf-7ee8-437a-b2e7-798510efe6fe/element/9B060000-0000-0000-0103-000000000000/enabled&amp#27;[39m
&amp#27;[38;5;0m[HTTP]&amp#27;[0m &amp#27;[90m{}&amp#27;[39m
&amp#27;[38;5;32m[XCUITestDriver@e07a (28adf0bf)]&amp#27;[0m Driver proxy active, passing request on via HTTP proxy
&amp#27;[38;5;32m[XCUITestDriver@e07a (28adf0bf)]&amp#27;[0m Executing command 'proxyReqRes'
&amp#27;[38;5;32m[XCUITestDriver@e07a (28adf0bf)]&amp#27;[0m Matched '/session/28adf0bf-7ee8-437a-b2e7-798510efe6fe/element/9B060000-0000-0000-0103-000000000000/enabled' to command name 'elementEnabled'
&amp#27;[38;5;32m[XCUITestDriver@e07a (28adf0bf)]&amp#27;[0m Proxying [GET /session/28adf0bf-7ee8-437a-b2e7-798510efe6fe/element/9B060000-0000-0000-0103-000000000000/enabled] to [GET http://127.0.0.1:8100/session/E78FC83E-19E7-4136-B719-97A048452808/element/9B060000-0000-0000-0103-000000000000/enabled] with no body
&amp#27;[38;5;32m[XCUITestDriver@e07a (28adf0bf)]&amp#27;[0m Got response with status 200: {"value":true,"sessionId":"E78FC83E-19E7-4136-B719-97A048452808"}
&amp#27;[38;5;32m[XCUITestDriver@e07a (28adf0bf)]&amp#27;[0m Replacing sessionId E78FC83E-19E7-4136-B719-97A048452808 with 28adf0bf-7ee8-437a-b2e7-798510efe6fe
&amp#27;[38;5;0m[HTTP]&amp#27;[0m &amp#27;[37m<-- GET /session/28adf0bf-7ee8-437a-b2e7-798510efe6fe/element/9B060000-0000-0000-0103-000000000000/enabled &amp#27;[39m&amp#27;[32m200&amp#27;[39m &amp#27;[90m108 ms - 65&amp#27;[39m
&amp#27;[38;5;0m[HTTP]&amp#27;[0m &amp#27;[90m&amp#27;[39m
&amp#27;[38;5;0m[HTTP]&amp#27;[0m &amp#27;[37m-->&amp#27;[39m &amp#27;[37mGET&amp#27;[39m &amp#27;[37m/session/28adf0bf-7ee8-437a-b2e7-798510efe6fe/context&amp#27;[39m
&amp#27;[38;5;0m[HTTP]&amp#27;[0m &amp#27;[90m{}&amp#27;[39m
&amp#27;[38;5;32m[XCUITestDriver@e07a (28adf0bf)]&amp#27;[0m Calling AppiumDriver.getCurrentContext() with args: ["28adf0bf-7ee8-437a-b2e7-798510efe6fe"]
&amp#27;[38;5;32m[XCUITestDriver@e07a (28adf0bf)]&amp#27;[0m Executing command 'getCurrentContext'
&amp#27;[38;5;32m[XCUITestDriver@e07a (28adf0bf)]&amp#27;[0m Responding to client with driver.getCurrentContext() result: "NATIVE_APP"
&amp#27;[38;5;0m[HTTP]&amp#27;[0m &amp#27;[37m<-- GET /session/28adf0bf-7ee8-437a-b2e7-798510efe6fe/context &amp#27;[39m&amp#27;[32m200&amp#27;[39m &amp#27;[90m1 ms - 22&amp#27;[39m
&amp#27;[38;5;0m[HTTP]&amp#27;[0m &amp#27;[90m&amp#27;[39m
&amp#27;[38;5;0m[HTTP]&amp#27;[0m &amp#27;[37m-->&amp#27;[39m &amp#27;[37mPOST&amp#27;[39m &amp#27;[37m/session/28adf0bf-7ee8-437a-b2e7-798510efe6fe/element&amp#27;[39m
&amp#27;[38;5;0m[HTTP]&amp#27;[0m &amp#27;[90m{"using":"xpath","value":"//XCUIElementTypeStaticText[@name=\"Run Recovery\"]"}&amp#27;[39m
&amp#27;[38;5;32m[XCUITestDriver@e07a (28adf0bf)]&amp#27;[0m Calling AppiumDriver.findElement() with args: ["xpath","//XCUIElementTypeStaticText[@name=\"Run Recovery\"]","28adf0bf-7ee8-437a-b2e7-798510efe6fe"]
&amp#27;[38;5;32m[XCUITestDriver@e07a (28adf0bf)]&amp#27;[0m Executing command 'findElement'
&amp#27;[38;5;32m[XCUITestDriver@e07a (28adf0bf)]&amp#27;[0m Valid locator strategies for this request: xpath, id, name, class name, -ios predicate string, -ios class chain, accessibility id, css selector
&amp#27;[38;5;32m[XCUITestDriver@e07a (28adf0bf)]&amp#27;[0m Waiting up to 0 ms for condition
&amp#27;[38;5;32m[XCUITestDriver@e07a (28adf0bf)]&amp#27;[0m Matched '/element' to command name 'findElement'
&amp#27;[38;5;32m[XCUITestDriver@e07a (28adf0bf)]&amp#27;[0m Proxying [POST /element] to [POST http://127.0.0.1:8100/session/E78FC83E-19E7-4136-B719-97A048452808/element] with body: {"using":"xpath","value":"//XCUIElementTypeStaticText[@name=\"Run Recovery\"]"}
&amp#27;[38;5;32m[XCUITestDriver@e07a (28adf0bf)]&amp#27;[0m Got response with status 200: {"value":{"ELEMENT":"9B060000-0000-0000-0103-000000000000","element-6066-11e4-a52e-4f735466cecf":"9B060000-0000-0000-0103-000000000000"},"sessionId":"E78FC83E-19E7-4136-B719-97A048452808"}
&amp#27;[38;5;32m[XCUITestDriver@e07a (28adf0bf)]&amp#27;[0m Responding to client with driver.findElement() result: {"element-6066-11e4-a52e-4f735466cecf":"9B060000-0000-0000-0103-000000000000","ELEMENT":"9B060000-0000-0000-0103-000000000000"}
&amp#27;[38;5;0m[HTTP]&amp#27;[0m &amp#27;[37m<-- POST /session/28adf0bf-7ee8-437a-b2e7-798510efe6fe/element &amp#27;[39m&amp#27;[32m200&amp#27;[39m &amp#27;[90m938 ms - 137&amp#27;[39m
&amp#27;[38;5;0m[HTTP]&amp#27;[0m &amp#27;[90m&amp#27;[39m
&amp#27;[38;5;0m[HTTP]&amp#27;[0m &amp#27;[37m-->&amp#27;[39m &amp#27;[37mPOST&amp#27;[39m &amp#27;[37m/session/28adf0bf-7ee8-437a-b2e7-798510efe6fe/element/9B060000-0000-0000-0103-000000000000/click&amp#27;[39m
&amp#27;[38;5;0m[HTTP]&amp#27;[0m &amp#27;[90m{"id":"9B060000-0000-0000-0103-000000000000"}&amp#27;[39m
&amp#27;[38;5;32m[XCUITestDriver@e07a (28adf0bf)]&amp#27;[0m Driver proxy active, passing request on via HTTP proxy
&amp#27;[38;5;32m[XCUITestDriver@e07a (28adf0bf)]&amp#27;[0m Executing command 'proxyReqRes'
&amp#27;[38;5;32m[XCUITestDriver@e07a (28adf0bf)]&amp#27;[0m Matched '/session/28adf0bf-7ee8-437a-b2e7-798510efe6fe/element/9B060000-0000-0000-0103-000000000000/click' to command name 'click'
&amp#27;[38;5;32m[XCUITestDriver@e07a (28adf0bf)]&amp#27;[0m Proxying [POST /session/28adf0bf-7ee8-437a-b2e7-798510efe6fe/element/9B060000-0000-0000-0103-000000000000/click] to [POST http://127.0.0.1:8100/session/E78FC83E-19E7-4136-B719-97A048452808/element/9B060000-0000-0000-0103-000000000000/click] with body: {"id":"9B060000-0000-0000-0103-000000000000"}
&amp#27;[38;5;32m[XCUITestDriver@e07a (28adf0bf)]&amp#27;[0m Got response with status 200: {"value":null,"sessionId":"E78FC83E-19E7-4136-B719-97A048452808"}
&amp#27;[38;5;32m[XCUITestDriver@e07a (28adf0bf)]&amp#27;[0m Replacing sessionId E78FC83E-19E7-4136-B719-97A048452808 with 28adf0bf-7ee8-437a-b2e7-798510efe6fe
&amp#27;[38;5;0m[HTTP]&amp#27;[0m &amp#27;[37m<-- POST /session/28adf0bf-7ee8-437a-b2e7-798510efe6fe/element/9B060000-0000-0000-0103-000000000000/click &amp#27;[39m&amp#27;[32m200&amp#27;[39m &amp#27;[90m1298 ms - 65&amp#27;[39m
&amp#27;[38;5;0m[HTTP]&amp#27;[0m &amp#27;[90m&amp#27;[39m
]]></system-out>
  </testcase>
  <testcase name="testStretchingStep" classname="testCases.WaveSeriesOtherRollerTCs" time="68.966">
    <system-out><![CDATA[&amp#27;[38;5;0m[HTTP]&amp#27;[0m &amp#27;[37m-->&amp#27;[39m &amp#27;[37mGET&amp#27;[39m &amp#27;[37m/session/28adf0bf-7ee8-437a-b2e7-798510efe6fe/context&amp#27;[39m
&amp#27;[38;5;0m[HTTP]&amp#27;[0m &amp#27;[90m{}&amp#27;[39m
&amp#27;[38;5;32m[XCUITestDriver@e07a (28adf0bf)]&amp#27;[0m Calling AppiumDriver.getCurrentContext() with args: ["28adf0bf-7ee8-437a-b2e7-798510efe6fe"]
&amp#27;[38;5;32m[XCUITestDriver@e07a (28adf0bf)]&amp#27;[0m Executing command 'getCurrentContext'
&amp#27;[38;5;32m[XCUITestDriver@e07a (28adf0bf)]&amp#27;[0m Responding to client with driver.getCurrentContext() result: "NATIVE_APP"
&amp#27;[38;5;0m[HTTP]&amp#27;[0m &amp#27;[37m<-- GET /session/28adf0bf-7ee8-437a-b2e7-798510efe6fe/context &amp#27;[39m&amp#27;[32m200&amp#27;[39m &amp#27;[90m1 ms - 22&amp#27;[39m
&amp#27;[38;5;0m[HTTP]&amp#27;[0m &amp#27;[90m&amp#27;[39m
&amp#27;[38;5;0m[HTTP]&amp#27;[0m &amp#27;[37m-->&amp#27;[39m &amp#27;[37mPOST&amp#27;[39m &amp#27;[37m/session/28adf0bf-7ee8-437a-b2e7-798510efe6fe/element&amp#27;[39m
&amp#27;[38;5;0m[HTTP]&amp#27;[0m &amp#27;[90m{"using":"xpath","value":"//XCUIElementTypeButton[@name=\"START ROUTINE\"]"}&amp#27;[39m
&amp#27;[38;5;32m[XCUITestDriver@e07a (28adf0bf)]&amp#27;[0m Calling AppiumDriver.findElement() with args: ["xpath","//XCUIElementTypeButton[@name=\"START ROUTINE\"]","28adf0bf-7ee8-437a-b2e7-798510efe6fe"]
&amp#27;[38;5;32m[XCUITestDriver@e07a (28adf0bf)]&amp#27;[0m Executing command 'findElement'
&amp#27;[38;5;32m[XCUITestDriver@e07a (28adf0bf)]&amp#27;[0m Valid locator strategies for this request: xpath, id, name, class name, -ios predicate string, -ios class chain, accessibility id, css selector
&amp#27;[38;5;32m[XCUITestDriver@e07a (28adf0bf)]&amp#27;[0m Waiting up to 0 ms for condition
&amp#27;[38;5;32m[XCUITestDriver@e07a (28adf0bf)]&amp#27;[0m Matched '/element' to command name 'findElement'
&amp#27;[38;5;32m[XCUITestDriver@e07a (28adf0bf)]&amp#27;[0m Proxying [POST /element] to [POST http://127.0.0.1:8100/session/E78FC83E-19E7-4136-B719-97A048452808/element] with body: {"using":"xpath","value":"//XCUIElementTypeButton[@name=\"START ROUTINE\"]"}
&amp#27;[38;5;32m[XCUITestDriver@e07a (28adf0bf)]&amp#27;[0m Got response with status 200: {"value":{"ELEMENT":"D7060000-0000-0000-0103-000000000000","element-6066-11e4-a52e-4f735466cecf":"D7060000-0000-0000-0103-000000000000"},"sessionId":"E78FC83E-19E7-4136-B719-97A048452808"}
&amp#27;[38;5;32m[XCUITestDriver@e07a (28adf0bf)]&amp#27;[0m Responding to client with driver.findElement() result: {"element-6066-11e4-a52e-4f735466cecf":"D7060000-0000-0000-0103-000000000000","ELEMENT":"D7060000-0000-0000-0103-000000000000"}
&amp#27;[38;5;0m[HTTP]&amp#27;[0m &amp#27;[37m<-- POST /session/28adf0bf-7ee8-437a-b2e7-798510efe6fe/element &amp#27;[39m&amp#27;[32m200&amp#27;[39m &amp#27;[90m696 ms - 137&amp#27;[39m
&amp#27;[38;5;0m[HTTP]&amp#27;[0m &amp#27;[90m&amp#27;[39m
&amp#27;[38;5;0m[HTTP]&amp#27;[0m &amp#27;[37m-->&amp#27;[39m &amp#27;[37mGET&amp#27;[39m &amp#27;[37m/session/28adf0bf-7ee8-437a-b2e7-798510efe6fe/element/D7060000-0000-0000-0103-000000000000/displayed&amp#27;[39m
&amp#27;[38;5;0m[HTTP]&amp#27;[0m &amp#27;[90m{}&amp#27;[39m
&amp#27;[38;5;32m[XCUITestDriver@e07a (28adf0bf)]&amp#27;[0m Driver proxy active, passing request on via HTTP proxy
&amp#27;[38;5;32m[XCUITestDriver@e07a (28adf0bf)]&amp#27;[0m Executing command 'proxyReqRes'
&amp#27;[38;5;32m[XCUITestDriver@e07a (28adf0bf)]&amp#27;[0m Matched '/session/28adf0bf-7ee8-437a-b2e7-798510efe6fe/element/D7060000-0000-0000-0103-000000000000/displayed' to command name 'elementDisplayed'
&amp#27;[38;5;32m[XCUITestDriver@e07a (28adf0bf)]&amp#27;[0m Proxying [GET /session/28adf0bf-7ee8-437a-b2e7-798510efe6fe/element/D7060000-0000-0000-0103-000000000000/displayed] to [GET http://127.0.0.1:8100/session/E78FC83E-19E7-4136-B719-97A048452808/element/D7060000-0000-0000-0103-000000000000/displayed] with no body
&amp#27;[38;5;32m[XCUITestDriver@e07a (28adf0bf)]&amp#27;[0m Got response with status 200: {"value":true,"sessionId":"E78FC83E-19E7-4136-B719-97A048452808"}
&amp#27;[38;5;32m[XCUITestDriver@e07a (28adf0bf)]&amp#27;[0m Replacing sessionId E78FC83E-19E7-4136-B719-97A048452808 with 28adf0bf-7ee8-437a-b2e7-798510efe6fe
&amp#27;[38;5;0m[HTTP]&amp#27;[0m &amp#27;[37m<-- GET /session/28adf0bf-7ee8-437a-b2e7-798510efe6fe/element/D7060000-0000-0000-0103-000000000000/displayed &amp#27;[39m&amp#27;[32m200&amp#27;[39m &amp#27;[90m84 ms - 65&amp#27;[39m
&amp#27;[38;5;0m[HTTP]&amp#27;[0m &amp#27;[90m&amp#27;[39m
&amp#27;[38;5;0m[HTTP]&amp#27;[0m &amp#27;[37m-->&amp#27;[39m &amp#27;[37mGET&amp#27;[39m &amp#27;[37m/session/28adf0bf-7ee8-437a-b2e7-798510efe6fe/context&amp#27;[39m
&amp#27;[38;5;0m[HTTP]&amp#27;[0m &amp#27;[90m{}&amp#27;[39m
&amp#27;[38;5;32m[XCUITestDriver@e07a (28adf0bf)]&amp#27;[0m Calling AppiumDriver.getCurrentContext() with args: ["28adf0bf-7ee8-437a-b2e7-798510efe6fe"]
&amp#27;[38;5;32m[XCUITestDriver@e07a (28adf0bf)]&amp#27;[0m Executing command 'getCurrentContext'
&amp#27;[38;5;32m[XCUITestDriver@e07a (28adf0bf)]&amp#27;[0m Responding to client with driver.getCurrentContext() result: "NATIVE_APP"
&amp#27;[38;5;0m[HTTP]&amp#27;[0m &amp#27;[37m<-- GET /session/28adf0bf-7ee8-437a-b2e7-798510efe6fe/context &amp#27;[39m&amp#27;[32m200&amp#27;[39m &amp#27;[90m1 ms - 22&amp#27;[39m
&amp#27;[38;5;0m[HTTP]&amp#27;[0m &amp#27;[90m&amp#27;[39m
&amp#27;[38;5;0m[HTTP]&amp#27;[0m &amp#27;[37m-->&amp#27;[39m &amp#27;[37mPOST&amp#27;[39m &amp#27;[37m/session/28adf0bf-7ee8-437a-b2e7-798510efe6fe/element&amp#27;[39m
&amp#27;[38;5;0m[HTTP]&amp#27;[0m &amp#27;[90m{"using":"xpath","value":"//XCUIElementTypeButton[@name=\"START ROUTINE\"]"}&amp#27;[39m
&amp#27;[38;5;32m[XCUITestDriver@e07a (28adf0bf)]&amp#27;[0m Calling AppiumDriver.findElement() with args: ["xpath","//XCUIElementTypeButton[@name=\"START ROUTINE\"]","28adf0bf-7ee8-437a-b2e7-798510efe6fe"]
&amp#27;[38;5;32m[XCUITestDriver@e07a (28adf0bf)]&amp#27;[0m Executing command 'findElement'
&amp#27;[38;5;32m[XCUITestDriver@e07a (28adf0bf)]&amp#27;[0m Valid locator strategies for this request: xpath, id, name, class name, -ios predicate string, -ios class chain, accessibility id, css selector
&amp#27;[38;5;32m[XCUITestDriver@e07a (28adf0bf)]&amp#27;[0m Waiting up to 0 ms for condition
&amp#27;[38;5;32m[XCUITestDriver@e07a (28adf0bf)]&amp#27;[0m Matched '/element' to command name 'findElement'
&amp#27;[38;5;32m[XCUITestDriver@e07a (28adf0bf)]&amp#27;[0m Proxying [POST /element] to [POST http://127.0.0.1:8100/session/E78FC83E-19E7-4136-B719-97A048452808/element] with body: {"using":"xpath","value":"//XCUIElementTypeButton[@name=\"START ROUTINE\"]"}
&amp#27;[38;5;32m[XCUITestDriver@e07a (28adf0bf)]&amp#27;[0m Got response with status 200: {"value":{"ELEMENT":"D7060000-0000-0000-0103-000000000000","element-6066-11e4-a52e-4f735466cecf":"D7060000-0000-0000-0103-000000000000"},"sessionId":"E78FC83E-19E7-4136-B719-97A048452808"}
&amp#27;[38;5;32m[XCUITestDriver@e07a (28adf0bf)]&amp#27;[0m Responding to client with driver.findElement() result: {"element-6066-11e4-a52e-4f735466cecf":"D7060000-0000-0000-0103-000000000000","ELEMENT":"D7060000-0000-0000-0103-000000000000"}
&amp#27;[38;5;0m[HTTP]&amp#27;[0m &amp#27;[37m<-- POST /session/28adf0bf-7ee8-437a-b2e7-798510efe6fe/element &amp#27;[39m&amp#27;[32m200&amp#27;[39m &amp#27;[90m821 ms - 137&amp#27;[39m
&amp#27;[38;5;0m[HTTP]&amp#27;[0m &amp#27;[90m&amp#27;[39m
&amp#27;[38;5;0m[HTTP]&amp#27;[0m &amp#27;[37m-->&amp#27;[39m &amp#27;[37mGET&amp#27;[39m &amp#27;[37m/session/28adf0bf-7ee8-437a-b2e7-798510efe6fe/element/D7060000-0000-0000-0103-000000000000/enabled&amp#27;[39m
&amp#27;[38;5;0m[HTTP]&amp#27;[0m &amp#27;[90m{}&amp#27;[39m
&amp#27;[38;5;32m[XCUITestDriver@e07a (28adf0bf)]&amp#27;[0m Driver proxy active, passing request on via HTTP proxy
&amp#27;[38;5;32m[XCUITestDriver@e07a (28adf0bf)]&amp#27;[0m Executing command 'proxyReqRes'
&amp#27;[38;5;32m[XCUITestDriver@e07a (28adf0bf)]&amp#27;[0m Matched '/session/28adf0bf-7ee8-437a-b2e7-798510efe6fe/element/D7060000-0000-0000-0103-000000000000/enabled' to command name 'elementEnabled'
&amp#27;[38;5;32m[XCUITestDriver@e07a (28adf0bf)]&amp#27;[0m Proxying [GET /session/28adf0bf-7ee8-437a-b2e7-798510efe6fe/element/D7060000-0000-0000-0103-000000000000/enabled] to [GET http://127.0.0.1:8100/session/E78FC83E-19E7-4136-B719-97A048452808/element/D7060000-0000-0000-0103-000000000000/enabled] with no body
&amp#27;[38;5;32m[XCUITestDriver@e07a (28adf0bf)]&amp#27;[0m Got response with status 200: {"value":true,"sessionId":"E78FC83E-19E7-4136-B719-97A048452808"}
&amp#27;[38;5;32m[XCUITestDriver@e07a (28adf0bf)]&amp#27;[0m Replacing sessionId E78FC83E-19E7-4136-B719-97A048452808 with 28adf0bf-7ee8-437a-b2e7-798510efe6fe
&amp#27;[38;5;0m[HTTP]&amp#27;[0m &amp#27;[37m<-- GET /session/28adf0bf-7ee8-437a-b2e7-798510efe6fe/element/D7060000-0000-0000-0103-000000000000/enabled &amp#27;[39m&amp#27;[32m200&amp#27;[39m &amp#27;[90m67 ms - 65&amp#27;[39m
&amp#27;[38;5;0m[HTTP]&amp#27;[0m &amp#27;[90m&amp#27;[39m
&amp#27;[38;5;0m[HTTP]&amp#27;[0m &amp#27;[37m-->&amp#27;[39m &amp#27;[37mGET&amp#27;[39m &amp#27;[37m/session/28adf0bf-7ee8-437a-b2e7-798510efe6fe/context&amp#27;[39m
&amp#27;[38;5;0m[HTTP]&amp#27;[0m &amp#27;[90m{}&amp#27;[39m
&amp#27;[38;5;32m[XCUITestDriver@e07a (28adf0bf)]&amp#27;[0m Calling AppiumDriver.getCurrentContext() with args: ["28adf0bf-7ee8-437a-b2e7-798510efe6fe"]
&amp#27;[38;5;32m[XCUITestDriver@e07a (28adf0bf)]&amp#27;[0m Executing command 'getCurrentContext'
&amp#27;[38;5;32m[XCUITestDriver@e07a (28adf0bf)]&amp#27;[0m Responding to client with driver.getCurrentContext() result: "NATIVE_APP"
&amp#27;[38;5;0m[HTTP]&amp#27;[0m &amp#27;[37m<-- GET /session/28adf0bf-7ee8-437a-b2e7-798510efe6fe/context &amp#27;[39m&amp#27;[32m200&amp#27;[39m &amp#27;[90m1 ms - 22&amp#27;[39m
&amp#27;[38;5;0m[HTTP]&amp#27;[0m &amp#27;[90m&amp#27;[39m
&amp#27;[38;5;0m[HTTP]&amp#27;[0m &amp#27;[37m-->&amp#27;[39m &amp#27;[37mPOST&amp#27;[39m &amp#27;[37m/session/28adf0bf-7ee8-437a-b2e7-798510efe6fe/element&amp#27;[39m
&amp#27;[38;5;0m[HTTP]&amp#27;[0m &amp#27;[90m{"using":"xpath","value":"//XCUIElementTypeButton[@name=\"START ROUTINE\"]"}&amp#27;[39m
&amp#27;[38;5;32m[XCUITestDriver@e07a (28adf0bf)]&amp#27;[0m Calling AppiumDriver.findElement() with args: ["xpath","//XCUIElementTypeButton[@name=\"START ROUTINE\"]","28adf0bf-7ee8-437a-b2e7-798510efe6fe"]
&amp#27;[38;5;32m[XCUITestDriver@e07a (28adf0bf)]&amp#27;[0m Executing command 'findElement'
&amp#27;[38;5;32m[XCUITestDriver@e07a (28adf0bf)]&amp#27;[0m Valid locator strategies for this request: xpath, id, name, class name, -ios predicate string, -ios class chain, accessibility id, css selector
&amp#27;[38;5;32m[XCUITestDriver@e07a (28adf0bf)]&amp#27;[0m Waiting up to 0 ms for condition
&amp#27;[38;5;32m[XCUITestDriver@e07a (28adf0bf)]&amp#27;[0m Matched '/element' to command name 'findElement'
&amp#27;[38;5;32m[XCUITestDriver@e07a (28adf0bf)]&amp#27;[0m Proxying [POST /element] to [POST http://127.0.0.1:8100/session/E78FC83E-19E7-4136-B719-97A048452808/element] with body: {"using":"xpath","value":"//XCUIElementTypeButton[@name=\"START ROUTINE\"]"}
&amp#27;[38;5;32m[XCUITestDriver@e07a (28adf0bf)]&amp#27;[0m Got response with status 200: {"value":{"ELEMENT":"D7060000-0000-0000-0103-000000000000","element-6066-11e4-a52e-4f735466cecf":"D7060000-0000-0000-0103-000000000000"},"sessionId":"E78FC83E-19E7-4136-B719-97A048452808"}
&amp#27;[38;5;32m[XCUITestDriver@e07a (28adf0bf)]&amp#27;[0m Responding to client with driver.findElement() result: {"element-6066-11e4-a52e-4f735466cecf":"D7060000-0000-0000-0103-000000000000","ELEMENT":"D7060000-0000-0000-0103-000000000000"}
&amp#27;[38;5;0m[HTTP]&amp#27;[0m &amp#27;[37m<-- POST /session/28adf0bf-7ee8-437a-b2e7-798510efe6fe/element &amp#27;[39m&amp#27;[32m200&amp#27;[39m &amp#27;[90m814 ms - 137&amp#27;[39m
&amp#27;[38;5;0m[HTTP]&amp#27;[0m &amp#27;[90m&amp#27;[39m
&amp#27;[38;5;0m[HTTP]&amp#27;[0m &amp#27;[37m-->&amp#27;[39m &amp#27;[37mGET&amp#27;[39m &amp#27;[37m/session/28adf0bf-7ee8-437a-b2e7-798510efe6fe/element/D7060000-0000-0000-0103-000000000000/text&amp#27;[39m
&amp#27;[38;5;0m[HTTP]&amp#27;[0m &amp#27;[90m{}&amp#27;[39m
&amp#27;[38;5;32m[XCUITestDriver@e07a (28adf0bf)]&amp#27;[0m Driver proxy active, passing request on via HTTP proxy
&amp#27;[38;5;32m[XCUITestDriver@e07a (28adf0bf)]&amp#27;[0m Executing command 'proxyReqRes'
&amp#27;[38;5;32m[XCUITestDriver@e07a (28adf0bf)]&amp#27;[0m Matched '/session/28adf0bf-7ee8-437a-b2e7-798510efe6fe/element/D7060000-0000-0000-0103-000000000000/text' to command name 'getText'
&amp#27;[38;5;32m[XCUITestDriver@e07a (28adf0bf)]&amp#27;[0m Proxying [GET /session/28adf0bf-7ee8-437a-b2e7-798510efe6fe/element/D7060000-0000-0000-0103-000000000000/text] to [GET http://127.0.0.1:8100/session/E78FC83E-19E7-4136-B719-97A048452808/element/D7060000-0000-0000-0103-000000000000/text] with no body
&amp#27;[38;5;32m[XCUITestDriver@e07a (28adf0bf)]&amp#27;[0m Got response with status 200: {"value":"START ROUTINE","sessionId":"E78FC83E-19E7-4136-B719-97A048452808"}
&amp#27;[38;5;32m[XCUITestDriver@e07a (28adf0bf)]&amp#27;[0m Replacing sessionId E78FC83E-19E7-4136-B719-97A048452808 with 28adf0bf-7ee8-437a-b2e7-798510efe6fe
&amp#27;[38;5;0m[HTTP]&amp#27;[0m &amp#27;[37m<-- GET /session/28adf0bf-7ee8-437a-b2e7-798510efe6fe/element/D7060000-0000-0000-0103-000000000000/text &amp#27;[39m&amp#27;[32m200&amp#27;[39m &amp#27;[90m75 ms - 76&amp#27;[39m
&amp#27;[38;5;0m[HTTP]&amp#27;[0m &amp#27;[90m&amp#27;[39m
&amp#27;[38;5;0m[HTTP]&amp#27;[0m &amp#27;[37m-->&amp#27;[39m &amp#27;[37mGET&amp#27;[39m &amp#27;[37m/session/28adf0bf-7ee8-437a-b2e7-798510efe6fe/context&amp#27;[39m
&amp#27;[38;5;0m[HTTP]&amp#27;[0m &amp#27;[90m{}&amp#27;[39m
&amp#27;[38;5;32m[XCUITestDriver@e07a (28adf0bf)]&amp#27;[0m Calling AppiumDriver.getCurrentContext() with args: ["28adf0bf-7ee8-437a-b2e7-798510efe6fe"]
&amp#27;[38;5;32m[XCUITestDriver@e07a (28adf0bf)]&amp#27;[0m Executing command 'getCurrentContext'
&amp#27;[38;5;32m[XCUITestDriver@e07a (28adf0bf)]&amp#27;[0m Responding to client with driver.getCurrentContext() result: "NATIVE_APP"
&amp#27;[38;5;0m[HTTP]&amp#27;[0m &amp#27;[37m<-- GET /session/28adf0bf-7ee8-437a-b2e7-798510efe6fe/context &amp#27;[39m&amp#27;[32m200&amp#27;[39m &amp#27;[90m1 ms - 22&amp#27;[39m
&amp#27;[38;5;0m[HTTP]&amp#27;[0m &amp#27;[90m&amp#27;[39m
&amp#27;[38;5;0m[HTTP]&amp#27;[0m &amp#27;[37m-->&amp#27;[39m &amp#27;[37mPOST&amp#27;[39m &amp#27;[37m/session/28adf0bf-7ee8-437a-b2e7-798510efe6fe/element&amp#27;[39m
&amp#27;[38;5;0m[HTTP]&amp#27;[0m &amp#27;[90m{"using":"xpath","value":"//XCUIElementTypeButton[@name=\"START ROUTINE\"]"}&amp#27;[39m
&amp#27;[38;5;32m[XCUITestDriver@e07a (28adf0bf)]&amp#27;[0m Calling AppiumDriver.findElement() with args: ["xpath","//XCUIElementTypeButton[@name=\"START ROUTINE\"]","28adf0bf-7ee8-437a-b2e7-798510efe6fe"]
&amp#27;[38;5;32m[XCUITestDriver@e07a (28adf0bf)]&amp#27;[0m Executing command 'findElement'
&amp#27;[38;5;32m[XCUITestDriver@e07a (28adf0bf)]&amp#27;[0m Valid locator strategies for this request: xpath, id, name, class name, -ios predicate string, -ios class chain, accessibility id, css selector
&amp#27;[38;5;32m[XCUITestDriver@e07a (28adf0bf)]&amp#27;[0m Waiting up to 0 ms for condition
&amp#27;[38;5;32m[XCUITestDriver@e07a (28adf0bf)]&amp#27;[0m Matched '/element' to command name 'findElement'
&amp#27;[38;5;32m[XCUITestDriver@e07a (28adf0bf)]&amp#27;[0m Proxying [POST /element] to [POST http://127.0.0.1:8100/session/E78FC83E-19E7-4136-B719-97A048452808/element] with body: {"using":"xpath","value":"//XCUIElementTypeButton[@name=\"START ROUTINE\"]"}
&amp#27;[38;5;32m[XCUITestDriver@e07a (28adf0bf)]&amp#27;[0m Got response with status 200: {"value":{"ELEMENT":"D7060000-0000-0000-0103-000000000000","element-6066-11e4-a52e-4f735466cecf":"D7060000-0000-0000-0103-000000000000"},"sessionId":"E78FC83E-19E7-4136-B719-97A048452808"}
&amp#27;[38;5;32m[XCUITestDriver@e07a (28adf0bf)]&amp#27;[0m Responding to client with driver.findElement() result: {"element-6066-11e4-a52e-4f735466cecf":"D7060000-0000-0000-0103-000000000000","ELEMENT":"D7060000-0000-0000-0103-000000000000"}
&amp#27;[38;5;0m[HTTP]&amp#27;[0m &amp#27;[37m<-- POST /session/28adf0bf-7ee8-437a-b2e7-798510efe6fe/element &amp#27;[39m&amp#27;[32m200&amp#27;[39m &amp#27;[90m965 ms - 137&amp#27;[39m
&amp#27;[38;5;0m[HTTP]&amp#27;[0m &amp#27;[90m&amp#27;[39m
&amp#27;[38;5;0m[HTTP]&amp#27;[0m &amp#27;[37m-->&amp#27;[39m &amp#27;[37mPOST&amp#27;[39m &amp#27;[37m/session/28adf0bf-7ee8-437a-b2e7-798510efe6fe/element/D7060000-0000-0000-0103-000000000000/click&amp#27;[39m
&amp#27;[38;5;0m[HTTP]&amp#27;[0m &amp#27;[90m{"id":"D7060000-0000-0000-0103-000000000000"}&amp#27;[39m
&amp#27;[38;5;32m[XCUITestDriver@e07a (28adf0bf)]&amp#27;[0m Driver proxy active, passing request on via HTTP proxy
&amp#27;[38;5;32m[XCUITestDriver@e07a (28adf0bf)]&amp#27;[0m Executing command 'proxyReqRes'
&amp#27;[38;5;32m[XCUITestDriver@e07a (28adf0bf)]&amp#27;[0m Matched '/session/28adf0bf-7ee8-437a-b2e7-798510efe6fe/element/D7060000-0000-0000-0103-000000000000/click' to command name 'click'
&amp#27;[38;5;32m[XCUITestDriver@e07a (28adf0bf)]&amp#27;[0m Proxying [POST /session/28adf0bf-7ee8-437a-b2e7-798510efe6fe/element/D7060000-0000-0000-0103-000000000000/click] to [POST http://127.0.0.1:8100/session/E78FC83E-19E7-4136-B719-97A048452808/element/D7060000-0000-0000-0103-000000000000/click] with body: {"id":"D7060000-0000-0000-0103-000000000000"}
&amp#27;[38;5;32m[XCUITestDriver@e07a (28adf0bf)]&amp#27;[0m Got response with status 200: {"value":null,"sessionId":"E78FC83E-19E7-4136-B719-97A048452808"}
&amp#27;[38;5;32m[XCUITestDriver@e07a (28adf0bf)]&amp#27;[0m Replacing sessionId E78FC83E-19E7-4136-B719-97A048452808 with 28adf0bf-7ee8-437a-b2e7-798510efe6fe
&amp#27;[38;5;0m[HTTP]&amp#27;[0m &amp#27;[37m<-- POST /session/28adf0bf-7ee8-437a-b2e7-798510efe6fe/element/D7060000-0000-0000-0103-000000000000/click &amp#27;[39m&amp#27;[32m200&amp#27;[39m &amp#27;[90m1013 ms - 65&amp#27;[39m
&amp#27;[38;5;0m[HTTP]&amp#27;[0m &amp#27;[90m&amp#27;[39m
&amp#27;[38;5;0m[HTTP]&amp#27;[0m &amp#27;[37m-->&amp#27;[39m &amp#27;[37mGET&amp#27;[39m &amp#27;[37m/session/28adf0bf-7ee8-437a-b2e7-798510efe6fe/context&amp#27;[39m
&amp#27;[38;5;0m[HTTP]&amp#27;[0m &amp#27;[90m{}&amp#27;[39m
&amp#27;[38;5;32m[XCUITestDriver@e07a (28adf0bf)]&amp#27;[0m Calling AppiumDriver.getCurrentContext() with args: ["28adf0bf-7ee8-437a-b2e7-798510efe6fe"]
&amp#27;[38;5;32m[XCUITestDriver@e07a (28adf0bf)]&amp#27;[0m Executing command 'getCurrentContext'
&amp#27;[38;5;32m[XCUITestDriver@e07a (28adf0bf)]&amp#27;[0m Responding to client with driver.getCurrentContext() result: "NATIVE_APP"
&amp#27;[38;5;0m[HTTP]&amp#27;[0m &amp#27;[37m<-- GET /session/28adf0bf-7ee8-437a-b2e7-798510efe6fe/context &amp#27;[39m&amp#27;[32m200&amp#27;[39m &amp#27;[90m1 ms - 22&amp#27;[39m
&amp#27;[38;5;0m[HTTP]&amp#27;[0m &amp#27;[90m&amp#27;[39m
&amp#27;[38;5;0m[HTTP]&amp#27;[0m &amp#27;[37m-->&amp#27;[39m &amp#27;[37mPOST&amp#27;[39m &amp#27;[37m/session/28adf0bf-7ee8-437a-b2e7-798510efe6fe/element&amp#27;[39m
&amp#27;[38;5;0m[HTTP]&amp#27;[0m &amp#27;[90m{"using":"xpath","value":"//XCUIElementTypeImage[@name=\"ic_player_next\"]"}&amp#27;[39m
&amp#27;[38;5;32m[XCUITestDriver@e07a (28adf0bf)]&amp#27;[0m Calling AppiumDriver.findElement() with args: ["xpath","//XCUIElementTypeImage[@name=\"ic_player_next\"]","28adf0bf-7ee8-437a-b2e7-798510efe6fe"]
&amp#27;[38;5;32m[XCUITestDriver@e07a (28adf0bf)]&amp#27;[0m Executing command 'findElement'
&amp#27;[38;5;32m[XCUITestDriver@e07a (28adf0bf)]&amp#27;[0m Valid locator strategies for this request: xpath, id, name, class name, -ios predicate string, -ios class chain, accessibility id, css selector
&amp#27;[38;5;32m[XCUITestDriver@e07a (28adf0bf)]&amp#27;[0m Waiting up to 0 ms for condition
&amp#27;[38;5;32m[XCUITestDriver@e07a (28adf0bf)]&amp#27;[0m Matched '/element' to command name 'findElement'
&amp#27;[38;5;32m[XCUITestDriver@e07a (28adf0bf)]&amp#27;[0m Proxying [POST /element] to [POST http://127.0.0.1:8100/session/E78FC83E-19E7-4136-B719-97A048452808/element] with body: {"using":"xpath","value":"//XCUIElementTypeImage[@name=\"ic_player_next\"]"}
&amp#27;[38;5;32m[XCUITestDriver@e07a (28adf0bf)]&amp#27;[0m Got response with status 200: {"value":{"ELEMENT":"1C070000-0000-0000-0103-000000000000","element-6066-11e4-a52e-4f735466cecf":"1C070000-0000-0000-0103-000000000000"},"sessionId":"E78FC83E-19E7-4136-B719-97A048452808"}
&amp#27;[38;5;32m[XCUITestDriver@e07a (28adf0bf)]&amp#27;[0m Responding to client with driver.findElement() result: {"element-6066-11e4-a52e-4f735466cecf":"1C070000-0000-0000-0103-000000000000","ELEMENT":"1C070000-0000-0000-0103-000000000000"}
&amp#27;[38;5;0m[HTTP]&amp#27;[0m &amp#27;[37m<-- POST /session/28adf0bf-7ee8-437a-b2e7-798510efe6fe/element &amp#27;[39m&amp#27;[32m200&amp#27;[39m &amp#27;[90m552 ms - 137&amp#27;[39m
&amp#27;[38;5;0m[HTTP]&amp#27;[0m &amp#27;[90m&amp#27;[39m
&amp#27;[38;5;0m[HTTP]&amp#27;[0m &amp#27;[37m-->&amp#27;[39m &amp#27;[37mGET&amp#27;[39m &amp#27;[37m/session/28adf0bf-7ee8-437a-b2e7-798510efe6fe/element/1C070000-0000-0000-0103-000000000000/rect&amp#27;[39m
&amp#27;[38;5;0m[HTTP]&amp#27;[0m &amp#27;[90m{}&amp#27;[39m
&amp#27;[38;5;32m[XCUITestDriver@e07a (28adf0bf)]&amp#27;[0m Driver proxy active, passing request on via HTTP proxy
&amp#27;[38;5;32m[XCUITestDriver@e07a (28adf0bf)]&amp#27;[0m Executing command 'proxyReqRes'
&amp#27;[38;5;32m[XCUITestDriver@e07a (28adf0bf)]&amp#27;[0m Matched '/session/28adf0bf-7ee8-437a-b2e7-798510efe6fe/element/1C070000-0000-0000-0103-000000000000/rect' to command name 'getElementRect'
&amp#27;[38;5;32m[XCUITestDriver@e07a (28adf0bf)]&amp#27;[0m Proxying [GET /session/28adf0bf-7ee8-437a-b2e7-798510efe6fe/element/1C070000-0000-0000-0103-000000000000/rect] to [GET http://127.0.0.1:8100/session/E78FC83E-19E7-4136-B719-97A048452808/element/1C070000-0000-0000-0103-000000000000/rect] with no body
&amp#27;[38;5;32m[XCUITestDriver@e07a (28adf0bf)]&amp#27;[0m Got response with status 200: {"value":{"y":579,"x":331,"width":24,"height":48},"sessionId":"E78FC83E-19E7-4136-B719-97A048452808"}
&amp#27;[38;5;32m[XCUITestDriver@e07a (28adf0bf)]&amp#27;[0m Replacing sessionId E78FC83E-19E7-4136-B719-97A048452808 with 28adf0bf-7ee8-437a-b2e7-798510efe6fe
&amp#27;[38;5;0m[HTTP]&amp#27;[0m &amp#27;[37m<-- GET /session/28adf0bf-7ee8-437a-b2e7-798510efe6fe/element/1C070000-0000-0000-0103-000000000000/rect &amp#27;[39m&amp#27;[32m200&amp#27;[39m &amp#27;[90m78 ms - 101&amp#27;[39m
&amp#27;[38;5;0m[HTTP]&amp#27;[0m &amp#27;[90m&amp#27;[39m
&amp#27;[38;5;0m[HTTP]&amp#27;[0m &amp#27;[37m-->&amp#27;[39m &amp#27;[37mGET&amp#27;[39m &amp#27;[37m/session/28adf0bf-7ee8-437a-b2e7-798510efe6fe/context&amp#27;[39m
&amp#27;[38;5;0m[HTTP]&amp#27;[0m &amp#27;[90m{}&amp#27;[39m
&amp#27;[38;5;32m[XCUITestDriver@e07a (28adf0bf)]&amp#27;[0m Calling AppiumDriver.getCurrentContext() with args: ["28adf0bf-7ee8-437a-b2e7-798510efe6fe"]
&amp#27;[38;5;32m[XCUITestDriver@e07a (28adf0bf)]&amp#27;[0m Executing command 'getCurrentContext'
&amp#27;[38;5;32m[XCUITestDriver@e07a (28adf0bf)]&amp#27;[0m Responding to client with driver.getCurrentContext() result: "NATIVE_APP"
&amp#27;[38;5;0m[HTTP]&amp#27;[0m &amp#27;[37m<-- GET /session/28adf0bf-7ee8-437a-b2e7-798510efe6fe/context &amp#27;[39m&amp#27;[32m200&amp#27;[39m &amp#27;[90m1 ms - 22&amp#27;[39m
&amp#27;[38;5;0m[HTTP]&amp#27;[0m &amp#27;[90m&amp#27;[39m
&amp#27;[38;5;0m[HTTP]&amp#27;[0m &amp#27;[37m-->&amp#27;[39m &amp#27;[37mPOST&amp#27;[39m &amp#27;[37m/session/28adf0bf-7ee8-437a-b2e7-798510efe6fe/element&amp#27;[39m
&amp#27;[38;5;0m[HTTP]&amp#27;[0m &amp#27;[90m{"using":"xpath","value":"//XCUIElementTypeImage[@name=\"ic_player_next\"]"}&amp#27;[39m
&amp#27;[38;5;32m[XCUITestDriver@e07a (28adf0bf)]&amp#27;[0m Calling AppiumDriver.findElement() with args: ["xpath","//XCUIElementTypeImage[@name=\"ic_player_next\"]","28adf0bf-7ee8-437a-b2e7-798510efe6fe"]
&amp#27;[38;5;32m[XCUITestDriver@e07a (28adf0bf)]&amp#27;[0m Executing command 'findElement'
&amp#27;[38;5;32m[XCUITestDriver@e07a (28adf0bf)]&amp#27;[0m Valid locator strategies for this request: xpath, id, name, class name, -ios predicate string, -ios class chain, accessibility id, css selector
&amp#27;[38;5;32m[XCUITestDriver@e07a (28adf0bf)]&amp#27;[0m Waiting up to 0 ms for condition
&amp#27;[38;5;32m[XCUITestDriver@e07a (28adf0bf)]&amp#27;[0m Matched '/element' to command name 'findElement'
&amp#27;[38;5;32m[XCUITestDriver@e07a (28adf0bf)]&amp#27;[0m Proxying [POST /element] to [POST http://127.0.0.1:8100/session/E78FC83E-19E7-4136-B719-97A048452808/element] with body: {"using":"xpath","value":"//XCUIElementTypeImage[@name=\"ic_player_next\"]"}
&amp#27;[38;5;32m[XCUITestDriver@e07a (28adf0bf)]&amp#27;[0m Got response with status 200: {"value":{"ELEMENT":"1C070000-0000-0000-0103-000000000000","element-6066-11e4-a52e-4f735466cecf":"1C070000-0000-0000-0103-000000000000"},"sessionId":"E78FC83E-19E7-4136-B719-97A048452808"}
&amp#27;[38;5;32m[XCUITestDriver@e07a (28adf0bf)]&amp#27;[0m Responding to client with driver.findElement() result: {"element-6066-11e4-a52e-4f735466cecf":"1C070000-0000-0000-0103-000000000000","ELEMENT":"1C070000-0000-0000-0103-000000000000"}
&amp#27;[38;5;0m[HTTP]&amp#27;[0m &amp#27;[37m<-- POST /session/28adf0bf-7ee8-437a-b2e7-798510efe6fe/element &amp#27;[39m&amp#27;[32m200&amp#27;[39m &amp#27;[90m599 ms - 137&amp#27;[39m
&amp#27;[38;5;0m[HTTP]&amp#27;[0m &amp#27;[90m&amp#27;[39m
&amp#27;[38;5;0m[HTTP]&amp#27;[0m &amp#27;[37m-->&amp#27;[39m &amp#27;[37mGET&amp#27;[39m &amp#27;[37m/session/28adf0bf-7ee8-437a-b2e7-798510efe6fe/element/1C070000-0000-0000-0103-000000000000/rect&amp#27;[39m
&amp#27;[38;5;0m[HTTP]&amp#27;[0m &amp#27;[90m{}&amp#27;[39m
&amp#27;[38;5;32m[XCUITestDriver@e07a (28adf0bf)]&amp#27;[0m Driver proxy active, passing request on via HTTP proxy
&amp#27;[38;5;32m[XCUITestDriver@e07a (28adf0bf)]&amp#27;[0m Executing command 'proxyReqRes'
&amp#27;[38;5;32m[XCUITestDriver@e07a (28adf0bf)]&amp#27;[0m Matched '/session/28adf0bf-7ee8-437a-b2e7-798510efe6fe/element/1C070000-0000-0000-0103-000000000000/rect' to command name 'getElementRect'
&amp#27;[38;5;32m[XCUITestDriver@e07a (28adf0bf)]&amp#27;[0m Proxying [GET /session/28adf0bf-7ee8-437a-b2e7-798510efe6fe/element/1C070000-0000-0000-0103-000000000000/rect] to [GET http://127.0.0.1:8100/session/E78FC83E-19E7-4136-B719-97A048452808/element/1C070000-0000-0000-0103-000000000000/rect] with no body
&amp#27;[38;5;32m[XCUITestDriver@e07a (28adf0bf)]&amp#27;[0m Got response with status 200: {"value":{"y":579,"x":331,"width":24,"height":48},"sessionId":"E78FC83E-19E7-4136-B719-97A048452808"}
&amp#27;[38;5;32m[XCUITestDriver@e07a (28adf0bf)]&amp#27;[0m Replacing sessionId E78FC83E-19E7-4136-B719-97A048452808 with 28adf0bf-7ee8-437a-b2e7-798510efe6fe
&amp#27;[38;5;0m[HTTP]&amp#27;[0m &amp#27;[37m<-- GET /session/28adf0bf-7ee8-437a-b2e7-798510efe6fe/element/1C070000-0000-0000-0103-000000000000/rect &amp#27;[39m&amp#27;[32m200&amp#27;[39m &amp#27;[90m69 ms - 101&amp#27;[39m
&amp#27;[38;5;0m[HTTP]&amp#27;[0m &amp#27;[90m&amp#27;[39m
&amp#27;[38;5;0m[HTTP]&amp#27;[0m &amp#27;[37m-->&amp#27;[39m &amp#27;[37mGET&amp#27;[39m &amp#27;[37m/session/28adf0bf-7ee8-437a-b2e7-798510efe6fe/context&amp#27;[39m
&amp#27;[38;5;0m[HTTP]&amp#27;[0m &amp#27;[90m{}&amp#27;[39m
&amp#27;[38;5;32m[XCUITestDriver@e07a (28adf0bf)]&amp#27;[0m Calling AppiumDriver.getCurrentContext() with args: ["28adf0bf-7ee8-437a-b2e7-798510efe6fe"]
&amp#27;[38;5;32m[XCUITestDriver@e07a (28adf0bf)]&amp#27;[0m Executing command 'getCurrentContext'
&amp#27;[38;5;32m[XCUITestDriver@e07a (28adf0bf)]&amp#27;[0m Responding to client with driver.getCurrentContext() result: "NATIVE_APP"
&amp#27;[38;5;0m[HTTP]&amp#27;[0m &amp#27;[37m<-- GET /session/28adf0bf-7ee8-437a-b2e7-798510efe6fe/context &amp#27;[39m&amp#27;[32m200&amp#27;[39m &amp#27;[90m1 ms - 22&amp#27;[39m
&amp#27;[38;5;0m[HTTP]&amp#27;[0m &amp#27;[90m&amp#27;[39m
&amp#27;[38;5;0m[HTTP]&amp#27;[0m &amp#27;[37m-->&amp#27;[39m &amp#27;[37mPOST&amp#27;[39m &amp#27;[37m/session/28adf0bf-7ee8-437a-b2e7-798510efe6fe/element&amp#27;[39m
&amp#27;[38;5;0m[HTTP]&amp#27;[0m &amp#27;[90m{"using":"xpath","value":"//XCUIElementTypeImage[@name=\"ic_player_next\"]"}&amp#27;[39m
&amp#27;[38;5;32m[XCUITestDriver@e07a (28adf0bf)]&amp#27;[0m Calling AppiumDriver.findElement() with args: ["xpath","//XCUIElementTypeImage[@name=\"ic_player_next\"]","28adf0bf-7ee8-437a-b2e7-798510efe6fe"]
&amp#27;[38;5;32m[XCUITestDriver@e07a (28adf0bf)]&amp#27;[0m Executing command 'findElement'
&amp#27;[38;5;32m[XCUITestDriver@e07a (28adf0bf)]&amp#27;[0m Valid locator strategies for this request: xpath, id, name, class name, -ios predicate string, -ios class chain, accessibility id, css selector
&amp#27;[38;5;32m[XCUITestDriver@e07a (28adf0bf)]&amp#27;[0m Waiting up to 0 ms for condition
&amp#27;[38;5;32m[XCUITestDriver@e07a (28adf0bf)]&amp#27;[0m Matched '/element' to command name 'findElement'
&amp#27;[38;5;32m[XCUITestDriver@e07a (28adf0bf)]&amp#27;[0m Proxying [POST /element] to [POST http://127.0.0.1:8100/session/E78FC83E-19E7-4136-B719-97A048452808/element] with body: {"using":"xpath","value":"//XCUIElementTypeImage[@name=\"ic_player_next\"]"}
&amp#27;[38;5;32m[XCUITestDriver@e07a (28adf0bf)]&amp#27;[0m Got response with status 200: {"value":{"ELEMENT":"1C070000-0000-0000-0103-000000000000","element-6066-11e4-a52e-4f735466cecf":"1C070000-0000-0000-0103-000000000000"},"sessionId":"E78FC83E-19E7-4136-B719-97A048452808"}
&amp#27;[38;5;32m[XCUITestDriver@e07a (28adf0bf)]&amp#27;[0m Responding to client with driver.findElement() result: {"element-6066-11e4-a52e-4f735466cecf":"1C070000-0000-0000-0103-000000000000","ELEMENT":"1C070000-0000-0000-0103-000000000000"}
&amp#27;[38;5;0m[HTTP]&amp#27;[0m &amp#27;[37m<-- POST /session/28adf0bf-7ee8-437a-b2e7-798510efe6fe/element &amp#27;[39m&amp#27;[32m200&amp#27;[39m &amp#27;[90m745 ms - 137&amp#27;[39m
&amp#27;[38;5;0m[HTTP]&amp#27;[0m &amp#27;[90m&amp#27;[39m
&amp#27;[38;5;0m[HTTP]&amp#27;[0m &amp#27;[37m-->&amp#27;[39m &amp#27;[37mGET&amp#27;[39m &amp#27;[37m/session/28adf0bf-7ee8-437a-b2e7-798510efe6fe/element/1C070000-0000-0000-0103-000000000000/rect&amp#27;[39m
&amp#27;[38;5;0m[HTTP]&amp#27;[0m &amp#27;[90m{}&amp#27;[39m
&amp#27;[38;5;32m[XCUITestDriver@e07a (28adf0bf)]&amp#27;[0m Driver proxy active, passing request on via HTTP proxy
&amp#27;[38;5;32m[XCUITestDriver@e07a (28adf0bf)]&amp#27;[0m Executing command 'proxyReqRes'
&amp#27;[38;5;32m[XCUITestDriver@e07a (28adf0bf)]&amp#27;[0m Matched '/session/28adf0bf-7ee8-437a-b2e7-798510efe6fe/element/1C070000-0000-0000-0103-000000000000/rect' to command name 'getElementRect'
&amp#27;[38;5;32m[XCUITestDriver@e07a (28adf0bf)]&amp#27;[0m Proxying [GET /session/28adf0bf-7ee8-437a-b2e7-798510efe6fe/element/1C070000-0000-0000-0103-000000000000/rect] to [GET http://127.0.0.1:8100/session/E78FC83E-19E7-4136-B719-97A048452808/element/1C070000-0000-0000-0103-000000000000/rect] with no body
&amp#27;[38;5;32m[XCUITestDriver@e07a (28adf0bf)]&amp#27;[0m Got response with status 200: {"value":{"y":579,"x":331,"width":24,"height":48},"sessionId":"E78FC83E-19E7-4136-B719-97A048452808"}
&amp#27;[38;5;32m[XCUITestDriver@e07a (28adf0bf)]&amp#27;[0m Replacing sessionId E78FC83E-19E7-4136-B719-97A048452808 with 28adf0bf-7ee8-437a-b2e7-798510efe6fe
&amp#27;[38;5;0m[HTTP]&amp#27;[0m &amp#27;[37m<-- GET /session/28adf0bf-7ee8-437a-b2e7-798510efe6fe/element/1C070000-0000-0000-0103-000000000000/rect &amp#27;[39m&amp#27;[32m200&amp#27;[39m &amp#27;[90m70 ms - 101&amp#27;[39m
&amp#27;[38;5;0m[HTTP]&amp#27;[0m &amp#27;[90m&amp#27;[39m
&amp#27;[38;5;0m[HTTP]&amp#27;[0m &amp#27;[37m-->&amp#27;[39m &amp#27;[37mGET&amp#27;[39m &amp#27;[37m/session/28adf0bf-7ee8-437a-b2e7-798510efe6fe/context&amp#27;[39m
&amp#27;[38;5;0m[HTTP]&amp#27;[0m &amp#27;[90m{}&amp#27;[39m
&amp#27;[38;5;32m[XCUITestDriver@e07a (28adf0bf)]&amp#27;[0m Calling AppiumDriver.getCurrentContext() with args: ["28adf0bf-7ee8-437a-b2e7-798510efe6fe"]
&amp#27;[38;5;32m[XCUITestDriver@e07a (28adf0bf)]&amp#27;[0m Executing command 'getCurrentContext'
&amp#27;[38;5;32m[XCUITestDriver@e07a (28adf0bf)]&amp#27;[0m Responding to client with driver.getCurrentContext() result: "NATIVE_APP"
&amp#27;[38;5;0m[HTTP]&amp#27;[0m &amp#27;[37m<-- GET /session/28adf0bf-7ee8-437a-b2e7-798510efe6fe/context &amp#27;[39m&amp#27;[32m200&amp#27;[39m &amp#27;[90m1 ms - 22&amp#27;[39m
&amp#27;[38;5;0m[HTTP]&amp#27;[0m &amp#27;[90m&amp#27;[39m
&amp#27;[38;5;0m[HTTP]&amp#27;[0m &amp#27;[37m-->&amp#27;[39m &amp#27;[37mPOST&amp#27;[39m &amp#27;[37m/session/28adf0bf-7ee8-437a-b2e7-798510efe6fe/element&amp#27;[39m
&amp#27;[38;5;0m[HTTP]&amp#27;[0m &amp#27;[90m{"using":"xpath","value":"//XCUIElementTypeImage[@name=\"ic_player_next\"]"}&amp#27;[39m
&amp#27;[38;5;32m[XCUITestDriver@e07a (28adf0bf)]&amp#27;[0m Calling AppiumDriver.findElement() with args: ["xpath","//XCUIElementTypeImage[@name=\"ic_player_next\"]","28adf0bf-7ee8-437a-b2e7-798510efe6fe"]
&amp#27;[38;5;32m[XCUITestDriver@e07a (28adf0bf)]&amp#27;[0m Executing command 'findElement'
&amp#27;[38;5;32m[XCUITestDriver@e07a (28adf0bf)]&amp#27;[0m Valid locator strategies for this request: xpath, id, name, class name, -ios predicate string, -ios class chain, accessibility id, css selector
&amp#27;[38;5;32m[XCUITestDriver@e07a (28adf0bf)]&amp#27;[0m Waiting up to 0 ms for condition
&amp#27;[38;5;32m[XCUITestDriver@e07a (28adf0bf)]&amp#27;[0m Matched '/element' to command name 'findElement'
&amp#27;[38;5;32m[XCUITestDriver@e07a (28adf0bf)]&amp#27;[0m Proxying [POST /element] to [POST http://127.0.0.1:8100/session/E78FC83E-19E7-4136-B719-97A048452808/element] with body: {"using":"xpath","value":"//XCUIElementTypeImage[@name=\"ic_player_next\"]"}
&amp#27;[38;5;32m[XCUITestDriver@e07a (28adf0bf)]&amp#27;[0m Got response with status 200: {"value":{"ELEMENT":"1C070000-0000-0000-0103-000000000000","element-6066-11e4-a52e-4f735466cecf":"1C070000-0000-0000-0103-000000000000"},"sessionId":"E78FC83E-19E7-4136-B719-97A048452808"}
&amp#27;[38;5;32m[XCUITestDriver@e07a (28adf0bf)]&amp#27;[0m Responding to client with driver.findElement() result: {"element-6066-11e4-a52e-4f735466cecf":"1C070000-0000-0000-0103-000000000000","ELEMENT":"1C070000-0000-0000-0103-000000000000"}
&amp#27;[38;5;0m[HTTP]&amp#27;[0m &amp#27;[37m<-- POST /session/28adf0bf-7ee8-437a-b2e7-798510efe6fe/element &amp#27;[39m&amp#27;[32m200&amp#27;[39m &amp#27;[90m624 ms - 137&amp#27;[39m
&amp#27;[38;5;0m[HTTP]&amp#27;[0m &amp#27;[90m&amp#27;[39m
&amp#27;[38;5;0m[HTTP]&amp#27;[0m &amp#27;[37m-->&amp#27;[39m &amp#27;[37mGET&amp#27;[39m &amp#27;[37m/session/28adf0bf-7ee8-437a-b2e7-798510efe6fe/element/1C070000-0000-0000-0103-000000000000/rect&amp#27;[39m
&amp#27;[38;5;0m[HTTP]&amp#27;[0m &amp#27;[90m{}&amp#27;[39m
&amp#27;[38;5;32m[XCUITestDriver@e07a (28adf0bf)]&amp#27;[0m Driver proxy active, passing request on via HTTP proxy
&amp#27;[38;5;32m[XCUITestDriver@e07a (28adf0bf)]&amp#27;[0m Executing command 'proxyReqRes'
&amp#27;[38;5;32m[XCUITestDriver@e07a (28adf0bf)]&amp#27;[0m Matched '/session/28adf0bf-7ee8-437a-b2e7-798510efe6fe/element/1C070000-0000-0000-0103-000000000000/rect' to command name 'getElementRect'
&amp#27;[38;5;32m[XCUITestDriver@e07a (28adf0bf)]&amp#27;[0m Proxying [GET /session/28adf0bf-7ee8-437a-b2e7-798510efe6fe/element/1C070000-0000-0000-0103-000000000000/rect] to [GET http://127.0.0.1:8100/session/E78FC83E-19E7-4136-B719-97A048452808/element/1C070000-0000-0000-0103-000000000000/rect] with no body
&amp#27;[38;5;32m[XCUITestDriver@e07a (28adf0bf)]&amp#27;[0m Got response with status 200: {"value":{"y":579,"x":331,"width":24,"height":48},"sessionId":"E78FC83E-19E7-4136-B719-97A048452808"}
&amp#27;[38;5;32m[XCUITestDriver@e07a (28adf0bf)]&amp#27;[0m Replacing sessionId E78FC83E-19E7-4136-B719-97A048452808 with 28adf0bf-7ee8-437a-b2e7-798510efe6fe
&amp#27;[38;5;0m[HTTP]&amp#27;[0m &amp#27;[37m<-- GET /session/28adf0bf-7ee8-437a-b2e7-798510efe6fe/element/1C070000-0000-0000-0103-000000000000/rect &amp#27;[39m&amp#27;[32m200&amp#27;[39m &amp#27;[90m55 ms - 101&amp#27;[39m
&amp#27;[38;5;0m[HTTP]&amp#27;[0m &amp#27;[90m&amp#27;[39m
&amp#27;[38;5;0m[HTTP]&amp#27;[0m &amp#27;[37m-->&amp#27;[39m &amp#27;[37mPOST&amp#27;[39m &amp#27;[37m/session/28adf0bf-7ee8-437a-b2e7-798510efe6fe/actions&amp#27;[39m
&amp#27;[38;5;0m[HTTP]&amp#27;[0m &amp#27;[90m{"actions":[{"id":"finger","type":"pointer","parameters":{"pointerType":"touch"},"actions":[{"duration":0,"type":"pause"},{"duration":0,"x":343,"y":603,"type":"pointerMove","origin":"viewport"},{"button":0,"type":"pointerDown"},{"button":0,"type":"pointerUp"}]}]}&amp#27;[39m
&amp#27;[38;5;32m[XCUITestDriver@e07a (28adf0bf)]&amp#27;[0m Calling AppiumDriver.performActions() with args: [[{"id":"finger","type":"pointer","parameters":{"pointerType":"touch"},"actions":[{"duration":0,"type":"pause"},{"duration":0,"x":343,"y":603,"type":"pointerMove","origin":"viewport"},{"button":0,"type":"pointerDown"},{"button":0,"type":"pointerUp"}]}],"28adf0bf-7ee8-437a-b2e7-798510efe6fe"]
&amp#27;[38;5;32m[XCUITestDriver@e07a (28adf0bf)]&amp#27;[0m Executing command 'performActions'
&amp#27;[38;5;32m[XCUITestDriver@e07a (28adf0bf)]&amp#27;[0m Received the following W3C actions: [
&amp#27;[38;5;32m[XCUITestDriver@e07a (28adf0bf)]&amp#27;[0m   {
&amp#27;[38;5;32m[XCUITestDriver@e07a (28adf0bf)]&amp#27;[0m     "id": "finger",
&amp#27;[38;5;32m[XCUITestDriver@e07a (28adf0bf)]&amp#27;[0m     "type": "pointer",
&amp#27;[38;5;32m[XCUITestDriver@e07a (28adf0bf)]&amp#27;[0m     "parameters": {
&amp#27;[38;5;32m[XCUITestDriver@e07a (28adf0bf)]&amp#27;[0m       "pointerType": "touch"
&amp#27;[38;5;32m[XCUITestDriver@e07a (28adf0bf)]&amp#27;[0m     },
&amp#27;[38;5;32m[XCUITestDriver@e07a (28adf0bf)]&amp#27;[0m     "actions": [
&amp#27;[38;5;32m[XCUITestDriver@e07a (28adf0bf)]&amp#27;[0m       {
&amp#27;[38;5;32m[XCUITestDriver@e07a (28adf0bf)]&amp#27;[0m         "duration": 0,
&amp#27;[38;5;32m[XCUITestDriver@e07a (28adf0bf)]&amp#27;[0m         "type": "pause"
&amp#27;[38;5;32m[XCUITestDriver@e07a (28adf0bf)]&amp#27;[0m       },
&amp#27;[38;5;32m[XCUITestDriver@e07a (28adf0bf)]&amp#27;[0m       {
&amp#27;[38;5;32m[XCUITestDriver@e07a (28adf0bf)]&amp#27;[0m         "duration": 0,
&amp#27;[38;5;32m[XCUITestDriver@e07a (28adf0bf)]&amp#27;[0m         "x": 343,
&amp#27;[38;5;32m[XCUITestDriver@e07a (28adf0bf)]&amp#27;[0m         "y": 603,
&amp#27;[38;5;32m[XCUITestDriver@e07a (28adf0bf)]&amp#27;[0m         "type": "pointerMove",
&amp#27;[38;5;32m[XCUITestDriver@e07a (28adf0bf)]&amp#27;[0m         "origin": "viewport"
&amp#27;[38;5;32m[XCUITestDriver@e07a (28adf0bf)]&amp#27;[0m       },
&amp#27;[38;5;32m[XCUITestDriver@e07a (28adf0bf)]&amp#27;[0m       {
&amp#27;[38;5;32m[XCUITestDriver@e07a (28adf0bf)]&amp#27;[0m         "button": 0,
&amp#27;[38;5;32m[XCUITestDriver@e07a (28adf0bf)]&amp#27;[0m         "type": "pointerDown"
&amp#27;[38;5;32m[XCUITestDriver@e07a (28adf0bf)]&amp#27;[0m       },
&amp#27;[38;5;32m[XCUITestDriver@e07a (28adf0bf)]&amp#27;[0m       {
&amp#27;[38;5;32m[XCUITestDriver@e07a (28adf0bf)]&amp#27;[0m         "button": 0,
&amp#27;[38;5;32m[XCUITestDriver@e07a (28adf0bf)]&amp#27;[0m         "type": "pointerUp"
&amp#27;[38;5;32m[XCUITestDriver@e07a (28adf0bf)]&amp#27;[0m       }
&amp#27;[38;5;32m[XCUITestDriver@e07a (28adf0bf)]&amp#27;[0m     ]
&amp#27;[38;5;32m[XCUITestDriver@e07a (28adf0bf)]&amp#27;[0m   }
&amp#27;[38;5;32m[XCUITestDriver@e07a (28adf0bf)]&amp#27;[0m ]
&amp#27;[38;5;32m[XCUITestDriver@e07a (28adf0bf)]&amp#27;[0m Preprocessed actions: [
&amp#27;[38;5;32m[XCUITestDriver@e07a (28adf0bf)]&amp#27;[0m   {
&amp#27;[38;5;32m[XCUITestDriver@e07a (28adf0bf)]&amp#27;[0m     "id": "finger",
&amp#27;[38;5;32m[XCUITestDriver@e07a (28adf0bf)]&amp#27;[0m     "type": "pointer",
&amp#27;[38;5;32m[XCUITestDriver@e07a (28adf0bf)]&amp#27;[0m     "parameters": {
&amp#27;[38;5;32m[XCUITestDriver@e07a (28adf0bf)]&amp#27;[0m       "pointerType": "touch"
&amp#27;[38;5;32m[XCUITestDriver@e07a (28adf0bf)]&amp#27;[0m     },
&amp#27;[38;5;32m[XCUITestDriver@e07a (28adf0bf)]&amp#27;[0m     "actions": [
&amp#27;[38;5;32m[XCUITestDriver@e07a (28adf0bf)]&amp#27;[0m       {
&amp#27;[38;5;32m[XCUITestDriver@e07a (28adf0bf)]&amp#27;[0m         "duration": 0,
&amp#27;[38;5;32m[XCUITestDriver@e07a (28adf0bf)]&amp#27;[0m         "x": 343,
&amp#27;[38;5;32m[XCUITestDriver@e07a (28adf0bf)]&amp#27;[0m         "y": 603,
&amp#27;[38;5;32m[XCUITestDriver@e07a (28adf0bf)]&amp#27;[0m         "type": "pointerMove",
&amp#27;[38;5;32m[XCUITestDriver@e07a (28adf0bf)]&amp#27;[0m         "origin": "viewport"
&amp#27;[38;5;32m[XCUITestDriver@e07a (28adf0bf)]&amp#27;[0m       },
&amp#27;[38;5;32m[XCUITestDriver@e07a (28adf0bf)]&amp#27;[0m       {
&amp#27;[38;5;32m[XCUITestDriver@e07a (28adf0bf)]&amp#27;[0m         "button": 0,
&amp#27;[38;5;32m[XCUITestDriver@e07a (28adf0bf)]&amp#27;[0m         "type": "pointerDown"
&amp#27;[38;5;32m[XCUITestDriver@e07a (28adf0bf)]&amp#27;[0m       },
&amp#27;[38;5;32m[XCUITestDriver@e07a (28adf0bf)]&amp#27;[0m       {
&amp#27;[38;5;32m[XCUITestDriver@e07a (28adf0bf)]&amp#27;[0m         "button": 0,
&amp#27;[38;5;32m[XCUITestDriver@e07a (28adf0bf)]&amp#27;[0m         "type": "pointerUp"
&amp#27;[38;5;32m[XCUITestDriver@e07a (28adf0bf)]&amp#27;[0m       }
&amp#27;[38;5;32m[XCUITestDriver@e07a (28adf0bf)]&amp#27;[0m     ]
&amp#27;[38;5;32m[XCUITestDriver@e07a (28adf0bf)]&amp#27;[0m   }
&amp#27;[38;5;32m[XCUITestDriver@e07a (28adf0bf)]&amp#27;[0m ]
&amp#27;[38;5;32m[XCUITestDriver@e07a (28adf0bf)]&amp#27;[0m Matched '/actions' to command name 'performActions'
&amp#27;[38;5;32m[XCUITestDriver@e07a (28adf0bf)]&amp#27;[0m Proxying [POST /actions] to [POST http://127.0.0.1:8100/session/E78FC83E-19E7-4136-B719-97A048452808/actions] with body: {"actions":[{"id":"finger","type":"pointer","parameters":{"pointerType":"touch"},"actions":[{"duration":0,"x":343,"y":603,"type":"pointerMove","origin":"viewport"},{"button":0,"type":"pointerDown"},{"button":0,"type":"pointerUp"}]}]}
&amp#27;[38;5;32m[XCUITestDriver@e07a (28adf0bf)]&amp#27;[0m Got response with status 200: {"value":null,"sessionId":"E78FC83E-19E7-4136-B719-97A048452808"}
&amp#27;[38;5;32m[XCUITestDriver@e07a (28adf0bf)]&amp#27;[0m Responding to client with driver.performActions() result: null
&amp#27;[38;5;0m[HTTP]&amp#27;[0m &amp#27;[37m<-- POST /session/28adf0bf-7ee8-437a-b2e7-798510efe6fe/actions &amp#27;[39m&amp#27;[32m200&amp#27;[39m &amp#27;[90m543 ms - 14&amp#27;[39m
&amp#27;[38;5;0m[HTTP]&amp#27;[0m &amp#27;[90m&amp#27;[39m
&amp#27;[38;5;0m[HTTP]&amp#27;[0m &amp#27;[37m-->&amp#27;[39m &amp#27;[37mPOST&amp#27;[39m &amp#27;[37m/session/28adf0bf-7ee8-437a-b2e7-798510efe6fe/actions&amp#27;[39m
&amp#27;[38;5;0m[HTTP]&amp#27;[0m &amp#27;[90m{"actions":[{"id":"finger","type":"pointer","parameters":{"pointerType":"touch"},"actions":[{"duration":0,"type":"pause"},{"duration":0,"x":343,"y":603,"type":"pointerMove","origin":"viewport"},{"button":0,"type":"pointerDown"},{"button":0,"type":"pointerUp"}]}]}&amp#27;[39m
&amp#27;[38;5;32m[XCUITestDriver@e07a (28adf0bf)]&amp#27;[0m Calling AppiumDriver.performActions() with args: [[{"id":"finger","type":"pointer","parameters":{"pointerType":"touch"},"actions":[{"duration":0,"type":"pause"},{"duration":0,"x":343,"y":603,"type":"pointerMove","origin":"viewport"},{"button":0,"type":"pointerDown"},{"button":0,"type":"pointerUp"}]}],"28adf0bf-7ee8-437a-b2e7-798510efe6fe"]
&amp#27;[38;5;32m[XCUITestDriver@e07a (28adf0bf)]&amp#27;[0m Executing command 'performActions'
&amp#27;[38;5;32m[XCUITestDriver@e07a (28adf0bf)]&amp#27;[0m Received the following W3C actions: [
&amp#27;[38;5;32m[XCUITestDriver@e07a (28adf0bf)]&amp#27;[0m   {
&amp#27;[38;5;32m[XCUITestDriver@e07a (28adf0bf)]&amp#27;[0m     "id": "finger",
&amp#27;[38;5;32m[XCUITestDriver@e07a (28adf0bf)]&amp#27;[0m     "type": "pointer",
&amp#27;[38;5;32m[XCUITestDriver@e07a (28adf0bf)]&amp#27;[0m     "parameters": {
&amp#27;[38;5;32m[XCUITestDriver@e07a (28adf0bf)]&amp#27;[0m       "pointerType": "touch"
&amp#27;[38;5;32m[XCUITestDriver@e07a (28adf0bf)]&amp#27;[0m     },
&amp#27;[38;5;32m[XCUITestDriver@e07a (28adf0bf)]&amp#27;[0m     "actions": [
&amp#27;[38;5;32m[XCUITestDriver@e07a (28adf0bf)]&amp#27;[0m       {
&amp#27;[38;5;32m[XCUITestDriver@e07a (28adf0bf)]&amp#27;[0m         "duration": 0,
&amp#27;[38;5;32m[XCUITestDriver@e07a (28adf0bf)]&amp#27;[0m         "type": "pause"
&amp#27;[38;5;32m[XCUITestDriver@e07a (28adf0bf)]&amp#27;[0m       },
&amp#27;[38;5;32m[XCUITestDriver@e07a (28adf0bf)]&amp#27;[0m       {
&amp#27;[38;5;32m[XCUITestDriver@e07a (28adf0bf)]&amp#27;[0m         "duration": 0,
&amp#27;[38;5;32m[XCUITestDriver@e07a (28adf0bf)]&amp#27;[0m         "x": 343,
&amp#27;[38;5;32m[XCUITestDriver@e07a (28adf0bf)]&amp#27;[0m         "y": 603,
&amp#27;[38;5;32m[XCUITestDriver@e07a (28adf0bf)]&amp#27;[0m         "type": "pointerMove",
&amp#27;[38;5;32m[XCUITestDriver@e07a (28adf0bf)]&amp#27;[0m         "origin": "viewport"
&amp#27;[38;5;32m[XCUITestDriver@e07a (28adf0bf)]&amp#27;[0m       },
&amp#27;[38;5;32m[XCUITestDriver@e07a (28adf0bf)]&amp#27;[0m       {
&amp#27;[38;5;32m[XCUITestDriver@e07a (28adf0bf)]&amp#27;[0m         "button": 0,
&amp#27;[38;5;32m[XCUITestDriver@e07a (28adf0bf)]&amp#27;[0m         "type": "pointerDown"
&amp#27;[38;5;32m[XCUITestDriver@e07a (28adf0bf)]&amp#27;[0m       },
&amp#27;[38;5;32m[XCUITestDriver@e07a (28adf0bf)]&amp#27;[0m       {
&amp#27;[38;5;32m[XCUITestDriver@e07a (28adf0bf)]&amp#27;[0m         "button": 0,
&amp#27;[38;5;32m[XCUITestDriver@e07a (28adf0bf)]&amp#27;[0m         "type": "pointerUp"
&amp#27;[38;5;32m[XCUITestDriver@e07a (28adf0bf)]&amp#27;[0m       }
&amp#27;[38;5;32m[XCUITestDriver@e07a (28adf0bf)]&amp#27;[0m     ]
&amp#27;[38;5;32m[XCUITestDriver@e07a (28adf0bf)]&amp#27;[0m   }
&amp#27;[38;5;32m[XCUITestDriver@e07a (28adf0bf)]&amp#27;[0m ]
&amp#27;[38;5;32m[XCUITestDriver@e07a (28adf0bf)]&amp#27;[0m Preprocessed actions: [
&amp#27;[38;5;32m[XCUITestDriver@e07a (28adf0bf)]&amp#27;[0m   {
&amp#27;[38;5;32m[XCUITestDriver@e07a (28adf0bf)]&amp#27;[0m     "id": "finger",
&amp#27;[38;5;32m[XCUITestDriver@e07a (28adf0bf)]&amp#27;[0m     "type": "pointer",
&amp#27;[38;5;32m[XCUITestDriver@e07a (28adf0bf)]&amp#27;[0m     "parameters": {
&amp#27;[38;5;32m[XCUITestDriver@e07a (28adf0bf)]&amp#27;[0m       "pointerType": "touch"
&amp#27;[38;5;32m[XCUITestDriver@e07a (28adf0bf)]&amp#27;[0m     },
&amp#27;[38;5;32m[XCUITestDriver@e07a (28adf0bf)]&amp#27;[0m     "actions": [
&amp#27;[38;5;32m[XCUITestDriver@e07a (28adf0bf)]&amp#27;[0m       {
&amp#27;[38;5;32m[XCUITestDriver@e07a (28adf0bf)]&amp#27;[0m         "duration": 0,
&amp#27;[38;5;32m[XCUITestDriver@e07a (28adf0bf)]&amp#27;[0m         "x": 343,
&amp#27;[38;5;32m[XCUITestDriver@e07a (28adf0bf)]&amp#27;[0m         "y": 603,
&amp#27;[38;5;32m[XCUITestDriver@e07a (28adf0bf)]&amp#27;[0m         "type": "pointerMove",
&amp#27;[38;5;32m[XCUITestDriver@e07a (28adf0bf)]&amp#27;[0m         "origin": "viewport"
&amp#27;[38;5;32m[XCUITestDriver@e07a (28adf0bf)]&amp#27;[0m       },
&amp#27;[38;5;32m[XCUITestDriver@e07a (28adf0bf)]&amp#27;[0m       {
&amp#27;[38;5;32m[XCUITestDriver@e07a (28adf0bf)]&amp#27;[0m         "button": 0,
&amp#27;[38;5;32m[XCUITestDriver@e07a (28adf0bf)]&amp#27;[0m         "type": "pointerDown"
&amp#27;[38;5;32m[XCUITestDriver@e07a (28adf0bf)]&amp#27;[0m       },
&amp#27;[38;5;32m[XCUITestDriver@e07a (28adf0bf)]&amp#27;[0m       {
&amp#27;[38;5;32m[XCUITestDriver@e07a (28adf0bf)]&amp#27;[0m         "button": 0,
&amp#27;[38;5;32m[XCUITestDriver@e07a (28adf0bf)]&amp#27;[0m         "type": "pointerUp"
&amp#27;[38;5;32m[XCUITestDriver@e07a (28adf0bf)]&amp#27;[0m       }
&amp#27;[38;5;32m[XCUITestDriver@e07a (28adf0bf)]&amp#27;[0m     ]
&amp#27;[38;5;32m[XCUITestDriver@e07a (28adf0bf)]&amp#27;[0m   }
&amp#27;[38;5;32m[XCUITestDriver@e07a (28adf0bf)]&amp#27;[0m ]
&amp#27;[38;5;32m[XCUITestDriver@e07a (28adf0bf)]&amp#27;[0m Matched '/actions' to command name 'performActions'
&amp#27;[38;5;32m[XCUITestDriver@e07a (28adf0bf)]&amp#27;[0m Proxying [POST /actions] to [POST http://127.0.0.1:8100/session/E78FC83E-19E7-4136-B719-97A048452808/actions] with body: {"actions":[{"id":"finger","type":"pointer","parameters":{"pointerType":"touch"},"actions":[{"duration":0,"x":343,"y":603,"type":"pointerMove","origin":"viewport"},{"button":0,"type":"pointerDown"},{"button":0,"type":"pointerUp"}]}]}
&amp#27;[38;5;32m[XCUITestDriver@e07a (28adf0bf)]&amp#27;[0m Got response with status 200: {"value":null,"sessionId":"E78FC83E-19E7-4136-B719-97A048452808"}
&amp#27;[38;5;32m[XCUITestDriver@e07a (28adf0bf)]&amp#27;[0m Responding to client with driver.performActions() result: null
&amp#27;[38;5;0m[HTTP]&amp#27;[0m &amp#27;[37m<-- POST /session/28adf0bf-7ee8-437a-b2e7-798510efe6fe/actions &amp#27;[39m&amp#27;[32m200&amp#27;[39m &amp#27;[90m538 ms - 14&amp#27;[39m
&amp#27;[38;5;0m[HTTP]&amp#27;[0m &amp#27;[90m&amp#27;[39m
&amp#27;[38;5;0m[HTTP]&amp#27;[0m &amp#27;[37m-->&amp#27;[39m &amp#27;[37mPOST&amp#27;[39m &amp#27;[37m/session/28adf0bf-7ee8-437a-b2e7-798510efe6fe/actions&amp#27;[39m
&amp#27;[38;5;0m[HTTP]&amp#27;[0m &amp#27;[90m{"actions":[{"id":"finger","type":"pointer","parameters":{"pointerType":"touch"},"actions":[{"duration":0,"type":"pause"},{"duration":0,"x":343,"y":603,"type":"pointerMove","origin":"viewport"},{"button":0,"type":"pointerDown"},{"button":0,"type":"pointerUp"}]}]}&amp#27;[39m
&amp#27;[38;5;32m[XCUITestDriver@e07a (28adf0bf)]&amp#27;[0m Calling AppiumDriver.performActions() with args: [[{"id":"finger","type":"pointer","parameters":{"pointerType":"touch"},"actions":[{"duration":0,"type":"pause"},{"duration":0,"x":343,"y":603,"type":"pointerMove","origin":"viewport"},{"button":0,"type":"pointerDown"},{"button":0,"type":"pointerUp"}]}],"28adf0bf-7ee8-437a-b2e7-798510efe6fe"]
&amp#27;[38;5;32m[XCUITestDriver@e07a (28adf0bf)]&amp#27;[0m Executing command 'performActions'
&amp#27;[38;5;32m[XCUITestDriver@e07a (28adf0bf)]&amp#27;[0m Received the following W3C actions: [
&amp#27;[38;5;32m[XCUITestDriver@e07a (28adf0bf)]&amp#27;[0m   {
&amp#27;[38;5;32m[XCUITestDriver@e07a (28adf0bf)]&amp#27;[0m     "id": "finger",
&amp#27;[38;5;32m[XCUITestDriver@e07a (28adf0bf)]&amp#27;[0m     "type": "pointer",
&amp#27;[38;5;32m[XCUITestDriver@e07a (28adf0bf)]&amp#27;[0m     "parameters": {
&amp#27;[38;5;32m[XCUITestDriver@e07a (28adf0bf)]&amp#27;[0m       "pointerType": "touch"
&amp#27;[38;5;32m[XCUITestDriver@e07a (28adf0bf)]&amp#27;[0m     },
&amp#27;[38;5;32m[XCUITestDriver@e07a (28adf0bf)]&amp#27;[0m     "actions": [
&amp#27;[38;5;32m[XCUITestDriver@e07a (28adf0bf)]&amp#27;[0m       {
&amp#27;[38;5;32m[XCUITestDriver@e07a (28adf0bf)]&amp#27;[0m         "duration": 0,
&amp#27;[38;5;32m[XCUITestDriver@e07a (28adf0bf)]&amp#27;[0m         "type": "pause"
&amp#27;[38;5;32m[XCUITestDriver@e07a (28adf0bf)]&amp#27;[0m       },
&amp#27;[38;5;32m[XCUITestDriver@e07a (28adf0bf)]&amp#27;[0m       {
&amp#27;[38;5;32m[XCUITestDriver@e07a (28adf0bf)]&amp#27;[0m         "duration": 0,
&amp#27;[38;5;32m[XCUITestDriver@e07a (28adf0bf)]&amp#27;[0m         "x": 343,
&amp#27;[38;5;32m[XCUITestDriver@e07a (28adf0bf)]&amp#27;[0m         "y": 603,
&amp#27;[38;5;32m[XCUITestDriver@e07a (28adf0bf)]&amp#27;[0m         "type": "pointerMove",
&amp#27;[38;5;32m[XCUITestDriver@e07a (28adf0bf)]&amp#27;[0m         "origin": "viewport"
&amp#27;[38;5;32m[XCUITestDriver@e07a (28adf0bf)]&amp#27;[0m       },
&amp#27;[38;5;32m[XCUITestDriver@e07a (28adf0bf)]&amp#27;[0m       {
&amp#27;[38;5;32m[XCUITestDriver@e07a (28adf0bf)]&amp#27;[0m         "button": 0,
&amp#27;[38;5;32m[XCUITestDriver@e07a (28adf0bf)]&amp#27;[0m         "type": "pointerDown"
&amp#27;[38;5;32m[XCUITestDriver@e07a (28adf0bf)]&amp#27;[0m       },
&amp#27;[38;5;32m[XCUITestDriver@e07a (28adf0bf)]&amp#27;[0m       {
&amp#27;[38;5;32m[XCUITestDriver@e07a (28adf0bf)]&amp#27;[0m         "button": 0,
&amp#27;[38;5;32m[XCUITestDriver@e07a (28adf0bf)]&amp#27;[0m         "type": "pointerUp"
&amp#27;[38;5;32m[XCUITestDriver@e07a (28adf0bf)]&amp#27;[0m       }
&amp#27;[38;5;32m[XCUITestDriver@e07a (28adf0bf)]&amp#27;[0m     ]
&amp#27;[38;5;32m[XCUITestDriver@e07a (28adf0bf)]&amp#27;[0m   }
&amp#27;[38;5;32m[XCUITestDriver@e07a (28adf0bf)]&amp#27;[0m ]
&amp#27;[38;5;32m[XCUITestDriver@e07a (28adf0bf)]&amp#27;[0m Preprocessed actions: [
&amp#27;[38;5;32m[XCUITestDriver@e07a (28adf0bf)]&amp#27;[0m   {
&amp#27;[38;5;32m[XCUITestDriver@e07a (28adf0bf)]&amp#27;[0m     "id": "finger",
&amp#27;[38;5;32m[XCUITestDriver@e07a (28adf0bf)]&amp#27;[0m     "type": "pointer",
&amp#27;[38;5;32m[XCUITestDriver@e07a (28adf0bf)]&amp#27;[0m     "parameters": {
&amp#27;[38;5;32m[XCUITestDriver@e07a (28adf0bf)]&amp#27;[0m       "pointerType": "touch"
&amp#27;[38;5;32m[XCUITestDriver@e07a (28adf0bf)]&amp#27;[0m     },
&amp#27;[38;5;32m[XCUITestDriver@e07a (28adf0bf)]&amp#27;[0m     "actions": [
&amp#27;[38;5;32m[XCUITestDriver@e07a (28adf0bf)]&amp#27;[0m       {
&amp#27;[38;5;32m[XCUITestDriver@e07a (28adf0bf)]&amp#27;[0m         "duration": 0,
&amp#27;[38;5;32m[XCUITestDriver@e07a (28adf0bf)]&amp#27;[0m         "x": 343,
&amp#27;[38;5;32m[XCUITestDriver@e07a (28adf0bf)]&amp#27;[0m         "y": 603,
&amp#27;[38;5;32m[XCUITestDriver@e07a (28adf0bf)]&amp#27;[0m         "type": "pointerMove",
&amp#27;[38;5;32m[XCUITestDriver@e07a (28adf0bf)]&amp#27;[0m         "origin": "viewport"
&amp#27;[38;5;32m[XCUITestDriver@e07a (28adf0bf)]&amp#27;[0m       },
&amp#27;[38;5;32m[XCUITestDriver@e07a (28adf0bf)]&amp#27;[0m       {
&amp#27;[38;5;32m[XCUITestDriver@e07a (28adf0bf)]&amp#27;[0m         "button": 0,
&amp#27;[38;5;32m[XCUITestDriver@e07a (28adf0bf)]&amp#27;[0m         "type": "pointerDown"
&amp#27;[38;5;32m[XCUITestDriver@e07a (28adf0bf)]&amp#27;[0m       },
&amp#27;[38;5;32m[XCUITestDriver@e07a (28adf0bf)]&amp#27;[0m       {
&amp#27;[38;5;32m[XCUITestDriver@e07a (28adf0bf)]&amp#27;[0m         "button": 0,
&amp#27;[38;5;32m[XCUITestDriver@e07a (28adf0bf)]&amp#27;[0m         "type": "pointerUp"
&amp#27;[38;5;32m[XCUITestDriver@e07a (28adf0bf)]&amp#27;[0m       }
&amp#27;[38;5;32m[XCUITestDriver@e07a (28adf0bf)]&amp#27;[0m     ]
&amp#27;[38;5;32m[XCUITestDriver@e07a (28adf0bf)]&amp#27;[0m   }
&amp#27;[38;5;32m[XCUITestDriver@e07a (28adf0bf)]&amp#27;[0m ]
&amp#27;[38;5;32m[XCUITestDriver@e07a (28adf0bf)]&amp#27;[0m Matched '/actions' to command name 'performActions'
&amp#27;[38;5;32m[XCUITestDriver@e07a (28adf0bf)]&amp#27;[0m Proxying [POST /actions] to [POST http://127.0.0.1:8100/session/E78FC83E-19E7-4136-B719-97A048452808/actions] with body: {"actions":[{"id":"finger","type":"pointer","parameters":{"pointerType":"touch"},"actions":[{"duration":0,"x":343,"y":603,"type":"pointerMove","origin":"viewport"},{"button":0,"type":"pointerDown"},{"button":0,"type":"pointerUp"}]}]}
&amp#27;[38;5;32m[XCUITestDriver@e07a (28adf0bf)]&amp#27;[0m Got response with status 200: {"value":null,"sessionId":"E78FC83E-19E7-4136-B719-97A048452808"}
&amp#27;[38;5;32m[XCUITestDriver@e07a (28adf0bf)]&amp#27;[0m Responding to client with driver.performActions() result: null
&amp#27;[38;5;0m[HTTP]&amp#27;[0m &amp#27;[37m<-- POST /session/28adf0bf-7ee8-437a-b2e7-798510efe6fe/actions &amp#27;[39m&amp#27;[32m200&amp#27;[39m &amp#27;[90m532 ms - 14&amp#27;[39m
&amp#27;[38;5;0m[HTTP]&amp#27;[0m &amp#27;[90m&amp#27;[39m
&amp#27;[38;5;0m[HTTP]&amp#27;[0m &amp#27;[37m-->&amp#27;[39m &amp#27;[37mPOST&amp#27;[39m &amp#27;[37m/session/28adf0bf-7ee8-437a-b2e7-798510efe6fe/actions&amp#27;[39m
&amp#27;[38;5;0m[HTTP]&amp#27;[0m &amp#27;[90m{"actions":[{"id":"finger","type":"pointer","parameters":{"pointerType":"touch"},"actions":[{"duration":0,"type":"pause"},{"duration":0,"x":343,"y":603,"type":"pointerMove","origin":"viewport"},{"button":0,"type":"pointerDown"},{"button":0,"type":"pointerUp"}]}]}&amp#27;[39m
&amp#27;[38;5;32m[XCUITestDriver@e07a (28adf0bf)]&amp#27;[0m Calling AppiumDriver.performActions() with args: [[{"id":"finger","type":"pointer","parameters":{"pointerType":"touch"},"actions":[{"duration":0,"type":"pause"},{"duration":0,"x":343,"y":603,"type":"pointerMove","origin":"viewport"},{"button":0,"type":"pointerDown"},{"button":0,"type":"pointerUp"}]}],"28adf0bf-7ee8-437a-b2e7-798510efe6fe"]
&amp#27;[38;5;32m[XCUITestDriver@e07a (28adf0bf)]&amp#27;[0m Executing command 'performActions'
&amp#27;[38;5;32m[XCUITestDriver@e07a (28adf0bf)]&amp#27;[0m Received the following W3C actions: [
&amp#27;[38;5;32m[XCUITestDriver@e07a (28adf0bf)]&amp#27;[0m   {
&amp#27;[38;5;32m[XCUITestDriver@e07a (28adf0bf)]&amp#27;[0m     "id": "finger",
&amp#27;[38;5;32m[XCUITestDriver@e07a (28adf0bf)]&amp#27;[0m     "type": "pointer",
&amp#27;[38;5;32m[XCUITestDriver@e07a (28adf0bf)]&amp#27;[0m     "parameters": {
&amp#27;[38;5;32m[XCUITestDriver@e07a (28adf0bf)]&amp#27;[0m       "pointerType": "touch"
&amp#27;[38;5;32m[XCUITestDriver@e07a (28adf0bf)]&amp#27;[0m     },
&amp#27;[38;5;32m[XCUITestDriver@e07a (28adf0bf)]&amp#27;[0m     "actions": [
&amp#27;[38;5;32m[XCUITestDriver@e07a (28adf0bf)]&amp#27;[0m       {
&amp#27;[38;5;32m[XCUITestDriver@e07a (28adf0bf)]&amp#27;[0m         "duration": 0,
&amp#27;[38;5;32m[XCUITestDriver@e07a (28adf0bf)]&amp#27;[0m         "type": "pause"
&amp#27;[38;5;32m[XCUITestDriver@e07a (28adf0bf)]&amp#27;[0m       },
&amp#27;[38;5;32m[XCUITestDriver@e07a (28adf0bf)]&amp#27;[0m       {
&amp#27;[38;5;32m[XCUITestDriver@e07a (28adf0bf)]&amp#27;[0m         "duration": 0,
&amp#27;[38;5;32m[XCUITestDriver@e07a (28adf0bf)]&amp#27;[0m         "x": 343,
&amp#27;[38;5;32m[XCUITestDriver@e07a (28adf0bf)]&amp#27;[0m         "y": 603,
&amp#27;[38;5;32m[XCUITestDriver@e07a (28adf0bf)]&amp#27;[0m         "type": "pointerMove",
&amp#27;[38;5;32m[XCUITestDriver@e07a (28adf0bf)]&amp#27;[0m         "origin": "viewport"
&amp#27;[38;5;32m[XCUITestDriver@e07a (28adf0bf)]&amp#27;[0m       },
&amp#27;[38;5;32m[XCUITestDriver@e07a (28adf0bf)]&amp#27;[0m       {
&amp#27;[38;5;32m[XCUITestDriver@e07a (28adf0bf)]&amp#27;[0m         "button": 0,
&amp#27;[38;5;32m[XCUITestDriver@e07a (28adf0bf)]&amp#27;[0m         "type": "pointerDown"
&amp#27;[38;5;32m[XCUITestDriver@e07a (28adf0bf)]&amp#27;[0m       },
&amp#27;[38;5;32m[XCUITestDriver@e07a (28adf0bf)]&amp#27;[0m       {
&amp#27;[38;5;32m[XCUITestDriver@e07a (28adf0bf)]&amp#27;[0m         "button": 0,
&amp#27;[38;5;32m[XCUITestDriver@e07a (28adf0bf)]&amp#27;[0m         "type": "pointerUp"
&amp#27;[38;5;32m[XCUITestDriver@e07a (28adf0bf)]&amp#27;[0m       }
&amp#27;[38;5;32m[XCUITestDriver@e07a (28adf0bf)]&amp#27;[0m     ]
&amp#27;[38;5;32m[XCUITestDriver@e07a (28adf0bf)]&amp#27;[0m   }
&amp#27;[38;5;32m[XCUITestDriver@e07a (28adf0bf)]&amp#27;[0m ]
&amp#27;[38;5;32m[XCUITestDriver@e07a (28adf0bf)]&amp#27;[0m Preprocessed actions: [
&amp#27;[38;5;32m[XCUITestDriver@e07a (28adf0bf)]&amp#27;[0m   {
&amp#27;[38;5;32m[XCUITestDriver@e07a (28adf0bf)]&amp#27;[0m     "id": "finger",
&amp#27;[38;5;32m[XCUITestDriver@e07a (28adf0bf)]&amp#27;[0m     "type": "pointer",
&amp#27;[38;5;32m[XCUITestDriver@e07a (28adf0bf)]&amp#27;[0m     "parameters": {
&amp#27;[38;5;32m[XCUITestDriver@e07a (28adf0bf)]&amp#27;[0m       "pointerType": "touch"
&amp#27;[38;5;32m[XCUITestDriver@e07a (28adf0bf)]&amp#27;[0m     },
&amp#27;[38;5;32m[XCUITestDriver@e07a (28adf0bf)]&amp#27;[0m     "actions": [
&amp#27;[38;5;32m[XCUITestDriver@e07a (28adf0bf)]&amp#27;[0m       {
&amp#27;[38;5;32m[XCUITestDriver@e07a (28adf0bf)]&amp#27;[0m         "duration": 0,
&amp#27;[38;5;32m[XCUITestDriver@e07a (28adf0bf)]&amp#27;[0m         "x": 343,
&amp#27;[38;5;32m[XCUITestDriver@e07a (28adf0bf)]&amp#27;[0m         "y": 603,
&amp#27;[38;5;32m[XCUITestDriver@e07a (28adf0bf)]&amp#27;[0m         "type": "pointerMove",
&amp#27;[38;5;32m[XCUITestDriver@e07a (28adf0bf)]&amp#27;[0m         "origin": "viewport"
&amp#27;[38;5;32m[XCUITestDriver@e07a (28adf0bf)]&amp#27;[0m       },
&amp#27;[38;5;32m[XCUITestDriver@e07a (28adf0bf)]&amp#27;[0m       {
&amp#27;[38;5;32m[XCUITestDriver@e07a (28adf0bf)]&amp#27;[0m         "button": 0,
&amp#27;[38;5;32m[XCUITestDriver@e07a (28adf0bf)]&amp#27;[0m         "type": "pointerDown"
&amp#27;[38;5;32m[XCUITestDriver@e07a (28adf0bf)]&amp#27;[0m       },
&amp#27;[38;5;32m[XCUITestDriver@e07a (28adf0bf)]&amp#27;[0m       {
&amp#27;[38;5;32m[XCUITestDriver@e07a (28adf0bf)]&amp#27;[0m         "button": 0,
&amp#27;[38;5;32m[XCUITestDriver@e07a (28adf0bf)]&amp#27;[0m         "type": "pointerUp"
&amp#27;[38;5;32m[XCUITestDriver@e07a (28adf0bf)]&amp#27;[0m       }
&amp#27;[38;5;32m[XCUITestDriver@e07a (28adf0bf)]&amp#27;[0m     ]
&amp#27;[38;5;32m[XCUITestDriver@e07a (28adf0bf)]&amp#27;[0m   }
&amp#27;[38;5;32m[XCUITestDriver@e07a (28adf0bf)]&amp#27;[0m ]
&amp#27;[38;5;32m[XCUITestDriver@e07a (28adf0bf)]&amp#27;[0m Matched '/actions' to command name 'performActions'
&amp#27;[38;5;32m[XCUITestDriver@e07a (28adf0bf)]&amp#27;[0m Proxying [POST /actions] to [POST http://127.0.0.1:8100/session/E78FC83E-19E7-4136-B719-97A048452808/actions] with body: {"actions":[{"id":"finger","type":"pointer","parameters":{"pointerType":"touch"},"actions":[{"duration":0,"x":343,"y":603,"type":"pointerMove","origin":"viewport"},{"button":0,"type":"pointerDown"},{"button":0,"type":"pointerUp"}]}]}
&amp#27;[38;5;32m[XCUITestDriver@e07a (28adf0bf)]&amp#27;[0m Got response with status 200: {"value":null,"sessionId":"E78FC83E-19E7-4136-B719-97A048452808"}
&amp#27;[38;5;32m[XCUITestDriver@e07a (28adf0bf)]&amp#27;[0m Responding to client with driver.performActions() result: null
&amp#27;[38;5;0m[HTTP]&amp#27;[0m &amp#27;[37m<-- POST /session/28adf0bf-7ee8-437a-b2e7-798510efe6fe/actions &amp#27;[39m&amp#27;[32m200&amp#27;[39m &amp#27;[90m522 ms - 14&amp#27;[39m
&amp#27;[38;5;0m[HTTP]&amp#27;[0m &amp#27;[90m&amp#27;[39m
&amp#27;[38;5;0m[HTTP]&amp#27;[0m &amp#27;[37m-->&amp#27;[39m &amp#27;[37mPOST&amp#27;[39m &amp#27;[37m/session/28adf0bf-7ee8-437a-b2e7-798510efe6fe/actions&amp#27;[39m
&amp#27;[38;5;0m[HTTP]&amp#27;[0m &amp#27;[90m{"actions":[{"id":"finger","type":"pointer","parameters":{"pointerType":"touch"},"actions":[{"duration":0,"type":"pause"},{"duration":0,"x":343,"y":603,"type":"pointerMove","origin":"viewport"},{"button":0,"type":"pointerDown"},{"button":0,"type":"pointerUp"}]}]}&amp#27;[39m
&amp#27;[38;5;32m[XCUITestDriver@e07a (28adf0bf)]&amp#27;[0m Calling AppiumDriver.performActions() with args: [[{"id":"finger","type":"pointer","parameters":{"pointerType":"touch"},"actions":[{"duration":0,"type":"pause"},{"duration":0,"x":343,"y":603,"type":"pointerMove","origin":"viewport"},{"button":0,"type":"pointerDown"},{"button":0,"type":"pointerUp"}]}],"28adf0bf-7ee8-437a-b2e7-798510efe6fe"]
&amp#27;[38;5;32m[XCUITestDriver@e07a (28adf0bf)]&amp#27;[0m Executing command 'performActions'
&amp#27;[38;5;32m[XCUITestDriver@e07a (28adf0bf)]&amp#27;[0m Received the following W3C actions: [
&amp#27;[38;5;32m[XCUITestDriver@e07a (28adf0bf)]&amp#27;[0m   {
&amp#27;[38;5;32m[XCUITestDriver@e07a (28adf0bf)]&amp#27;[0m     "id": "finger",
&amp#27;[38;5;32m[XCUITestDriver@e07a (28adf0bf)]&amp#27;[0m     "type": "pointer",
&amp#27;[38;5;32m[XCUITestDriver@e07a (28adf0bf)]&amp#27;[0m     "parameters": {
&amp#27;[38;5;32m[XCUITestDriver@e07a (28adf0bf)]&amp#27;[0m       "pointerType": "touch"
&amp#27;[38;5;32m[XCUITestDriver@e07a (28adf0bf)]&amp#27;[0m     },
&amp#27;[38;5;32m[XCUITestDriver@e07a (28adf0bf)]&amp#27;[0m     "actions": [
&amp#27;[38;5;32m[XCUITestDriver@e07a (28adf0bf)]&amp#27;[0m       {
&amp#27;[38;5;32m[XCUITestDriver@e07a (28adf0bf)]&amp#27;[0m         "duration": 0,
&amp#27;[38;5;32m[XCUITestDriver@e07a (28adf0bf)]&amp#27;[0m         "type": "pause"
&amp#27;[38;5;32m[XCUITestDriver@e07a (28adf0bf)]&amp#27;[0m       },
&amp#27;[38;5;32m[XCUITestDriver@e07a (28adf0bf)]&amp#27;[0m       {
&amp#27;[38;5;32m[XCUITestDriver@e07a (28adf0bf)]&amp#27;[0m         "duration": 0,
&amp#27;[38;5;32m[XCUITestDriver@e07a (28adf0bf)]&amp#27;[0m         "x": 343,
&amp#27;[38;5;32m[XCUITestDriver@e07a (28adf0bf)]&amp#27;[0m         "y": 603,
&amp#27;[38;5;32m[XCUITestDriver@e07a (28adf0bf)]&amp#27;[0m         "type": "pointerMove",
&amp#27;[38;5;32m[XCUITestDriver@e07a (28adf0bf)]&amp#27;[0m         "origin": "viewport"
&amp#27;[38;5;32m[XCUITestDriver@e07a (28adf0bf)]&amp#27;[0m       },
&amp#27;[38;5;32m[XCUITestDriver@e07a (28adf0bf)]&amp#27;[0m       {
&amp#27;[38;5;32m[XCUITestDriver@e07a (28adf0bf)]&amp#27;[0m         "button": 0,
&amp#27;[38;5;32m[XCUITestDriver@e07a (28adf0bf)]&amp#27;[0m         "type": "pointerDown"
&amp#27;[38;5;32m[XCUITestDriver@e07a (28adf0bf)]&amp#27;[0m       },
&amp#27;[38;5;32m[XCUITestDriver@e07a (28adf0bf)]&amp#27;[0m       {
&amp#27;[38;5;32m[XCUITestDriver@e07a (28adf0bf)]&amp#27;[0m         "button": 0,
&amp#27;[38;5;32m[XCUITestDriver@e07a (28adf0bf)]&amp#27;[0m         "type": "pointerUp"
&amp#27;[38;5;32m[XCUITestDriver@e07a (28adf0bf)]&amp#27;[0m       }
&amp#27;[38;5;32m[XCUITestDriver@e07a (28adf0bf)]&amp#27;[0m     ]
&amp#27;[38;5;32m[XCUITestDriver@e07a (28adf0bf)]&amp#27;[0m   }
&amp#27;[38;5;32m[XCUITestDriver@e07a (28adf0bf)]&amp#27;[0m ]
&amp#27;[38;5;32m[XCUITestDriver@e07a (28adf0bf)]&amp#27;[0m Preprocessed actions: [
&amp#27;[38;5;32m[XCUITestDriver@e07a (28adf0bf)]&amp#27;[0m   {
&amp#27;[38;5;32m[XCUITestDriver@e07a (28adf0bf)]&amp#27;[0m     "id": "finger",
&amp#27;[38;5;32m[XCUITestDriver@e07a (28adf0bf)]&amp#27;[0m     "type": "pointer",
&amp#27;[38;5;32m[XCUITestDriver@e07a (28adf0bf)]&amp#27;[0m     "parameters": {
&amp#27;[38;5;32m[XCUITestDriver@e07a (28adf0bf)]&amp#27;[0m       "pointerType": "touch"
&amp#27;[38;5;32m[XCUITestDriver@e07a (28adf0bf)]&amp#27;[0m     },
&amp#27;[38;5;32m[XCUITestDriver@e07a (28adf0bf)]&amp#27;[0m     "actions": [
&amp#27;[38;5;32m[XCUITestDriver@e07a (28adf0bf)]&amp#27;[0m       {
&amp#27;[38;5;32m[XCUITestDriver@e07a (28adf0bf)]&amp#27;[0m         "duration": 0,
&amp#27;[38;5;32m[XCUITestDriver@e07a (28adf0bf)]&amp#27;[0m         "x": 343,
&amp#27;[38;5;32m[XCUITestDriver@e07a (28adf0bf)]&amp#27;[0m         "y": 603,
&amp#27;[38;5;32m[XCUITestDriver@e07a (28adf0bf)]&amp#27;[0m         "type": "pointerMove",
&amp#27;[38;5;32m[XCUITestDriver@e07a (28adf0bf)]&amp#27;[0m         "origin": "viewport"
&amp#27;[38;5;32m[XCUITestDriver@e07a (28adf0bf)]&amp#27;[0m       },
&amp#27;[38;5;32m[XCUITestDriver@e07a (28adf0bf)]&amp#27;[0m       {
&amp#27;[38;5;32m[XCUITestDriver@e07a (28adf0bf)]&amp#27;[0m         "button": 0,
&amp#27;[38;5;32m[XCUITestDriver@e07a (28adf0bf)]&amp#27;[0m         "type": "pointerDown"
&amp#27;[38;5;32m[XCUITestDriver@e07a (28adf0bf)]&amp#27;[0m       },
&amp#27;[38;5;32m[XCUITestDriver@e07a (28adf0bf)]&amp#27;[0m       {
&amp#27;[38;5;32m[XCUITestDriver@e07a (28adf0bf)]&amp#27;[0m         "button": 0,
&amp#27;[38;5;32m[XCUITestDriver@e07a (28adf0bf)]&amp#27;[0m         "type": "pointerUp"
&amp#27;[38;5;32m[XCUITestDriver@e07a (28adf0bf)]&amp#27;[0m       }
&amp#27;[38;5;32m[XCUITestDriver@e07a (28adf0bf)]&amp#27;[0m     ]
&amp#27;[38;5;32m[XCUITestDriver@e07a (28adf0bf)]&amp#27;[0m   }
&amp#27;[38;5;32m[XCUITestDriver@e07a (28adf0bf)]&amp#27;[0m ]
&amp#27;[38;5;32m[XCUITestDriver@e07a (28adf0bf)]&amp#27;[0m Matched '/actions' to command name 'performActions'
&amp#27;[38;5;32m[XCUITestDriver@e07a (28adf0bf)]&amp#27;[0m Proxying [POST /actions] to [POST http://127.0.0.1:8100/session/E78FC83E-19E7-4136-B719-97A048452808/actions] with body: {"actions":[{"id":"finger","type":"pointer","parameters":{"pointerType":"touch"},"actions":[{"duration":0,"x":343,"y":603,"type":"pointerMove","origin":"viewport"},{"button":0,"type":"pointerDown"},{"button":0,"type":"pointerUp"}]}]}
&amp#27;[38;5;32m[XCUITestDriver@e07a (28adf0bf)]&amp#27;[0m Got response with status 200: {"value":null,"sessionId":"E78FC83E-19E7-4136-B719-97A048452808"}
&amp#27;[38;5;32m[XCUITestDriver@e07a (28adf0bf)]&amp#27;[0m Responding to client with driver.performActions() result: null
&amp#27;[38;5;0m[HTTP]&amp#27;[0m &amp#27;[37m<-- POST /session/28adf0bf-7ee8-437a-b2e7-798510efe6fe/actions &amp#27;[39m&amp#27;[32m200&amp#27;[39m &amp#27;[90m541 ms - 14&amp#27;[39m
&amp#27;[38;5;0m[HTTP]&amp#27;[0m &amp#27;[90m&amp#27;[39m
&amp#27;[38;5;0m[HTTP]&amp#27;[0m &amp#27;[37m-->&amp#27;[39m &amp#27;[37mPOST&amp#27;[39m &amp#27;[37m/session/28adf0bf-7ee8-437a-b2e7-798510efe6fe/actions&amp#27;[39m
&amp#27;[38;5;0m[HTTP]&amp#27;[0m &amp#27;[90m{"actions":[{"id":"finger","type":"pointer","parameters":{"pointerType":"touch"},"actions":[{"duration":0,"type":"pause"},{"duration":0,"x":343,"y":603,"type":"pointerMove","origin":"viewport"},{"button":0,"type":"pointerDown"},{"button":0,"type":"pointerUp"}]}]}&amp#27;[39m
&amp#27;[38;5;32m[XCUITestDriver@e07a (28adf0bf)]&amp#27;[0m Calling AppiumDriver.performActions() with args: [[{"id":"finger","type":"pointer","parameters":{"pointerType":"touch"},"actions":[{"duration":0,"type":"pause"},{"duration":0,"x":343,"y":603,"type":"pointerMove","origin":"viewport"},{"button":0,"type":"pointerDown"},{"button":0,"type":"pointerUp"}]}],"28adf0bf-7ee8-437a-b2e7-798510efe6fe"]
&amp#27;[38;5;32m[XCUITestDriver@e07a (28adf0bf)]&amp#27;[0m Executing command 'performActions'
&amp#27;[38;5;32m[XCUITestDriver@e07a (28adf0bf)]&amp#27;[0m Received the following W3C actions: [
&amp#27;[38;5;32m[XCUITestDriver@e07a (28adf0bf)]&amp#27;[0m   {
&amp#27;[38;5;32m[XCUITestDriver@e07a (28adf0bf)]&amp#27;[0m     "id": "finger",
&amp#27;[38;5;32m[XCUITestDriver@e07a (28adf0bf)]&amp#27;[0m     "type": "pointer",
&amp#27;[38;5;32m[XCUITestDriver@e07a (28adf0bf)]&amp#27;[0m     "parameters": {
&amp#27;[38;5;32m[XCUITestDriver@e07a (28adf0bf)]&amp#27;[0m       "pointerType": "touch"
&amp#27;[38;5;32m[XCUITestDriver@e07a (28adf0bf)]&amp#27;[0m     },
&amp#27;[38;5;32m[XCUITestDriver@e07a (28adf0bf)]&amp#27;[0m     "actions": [
&amp#27;[38;5;32m[XCUITestDriver@e07a (28adf0bf)]&amp#27;[0m       {
&amp#27;[38;5;32m[XCUITestDriver@e07a (28adf0bf)]&amp#27;[0m         "duration": 0,
&amp#27;[38;5;32m[XCUITestDriver@e07a (28adf0bf)]&amp#27;[0m         "type": "pause"
&amp#27;[38;5;32m[XCUITestDriver@e07a (28adf0bf)]&amp#27;[0m       },
&amp#27;[38;5;32m[XCUITestDriver@e07a (28adf0bf)]&amp#27;[0m       {
&amp#27;[38;5;32m[XCUITestDriver@e07a (28adf0bf)]&amp#27;[0m         "duration": 0,
&amp#27;[38;5;32m[XCUITestDriver@e07a (28adf0bf)]&amp#27;[0m         "x": 343,
&amp#27;[38;5;32m[XCUITestDriver@e07a (28adf0bf)]&amp#27;[0m         "y": 603,
&amp#27;[38;5;32m[XCUITestDriver@e07a (28adf0bf)]&amp#27;[0m         "type": "pointerMove",
&amp#27;[38;5;32m[XCUITestDriver@e07a (28adf0bf)]&amp#27;[0m         "origin": "viewport"
&amp#27;[38;5;32m[XCUITestDriver@e07a (28adf0bf)]&amp#27;[0m       },
&amp#27;[38;5;32m[XCUITestDriver@e07a (28adf0bf)]&amp#27;[0m       {
&amp#27;[38;5;32m[XCUITestDriver@e07a (28adf0bf)]&amp#27;[0m         "button": 0,
&amp#27;[38;5;32m[XCUITestDriver@e07a (28adf0bf)]&amp#27;[0m         "type": "pointerDown"
&amp#27;[38;5;32m[XCUITestDriver@e07a (28adf0bf)]&amp#27;[0m       },
&amp#27;[38;5;32m[XCUITestDriver@e07a (28adf0bf)]&amp#27;[0m       {
&amp#27;[38;5;32m[XCUITestDriver@e07a (28adf0bf)]&amp#27;[0m         "button": 0,
&amp#27;[38;5;32m[XCUITestDriver@e07a (28adf0bf)]&amp#27;[0m         "type": "pointerUp"
&amp#27;[38;5;32m[XCUITestDriver@e07a (28adf0bf)]&amp#27;[0m       }
&amp#27;[38;5;32m[XCUITestDriver@e07a (28adf0bf)]&amp#27;[0m     ]
&amp#27;[38;5;32m[XCUITestDriver@e07a (28adf0bf)]&amp#27;[0m   }
&amp#27;[38;5;32m[XCUITestDriver@e07a (28adf0bf)]&amp#27;[0m ]
&amp#27;[38;5;32m[XCUITestDriver@e07a (28adf0bf)]&amp#27;[0m Preprocessed actions: [
&amp#27;[38;5;32m[XCUITestDriver@e07a (28adf0bf)]&amp#27;[0m   {
&amp#27;[38;5;32m[XCUITestDriver@e07a (28adf0bf)]&amp#27;[0m     "id": "finger",
&amp#27;[38;5;32m[XCUITestDriver@e07a (28adf0bf)]&amp#27;[0m     "type": "pointer",
&amp#27;[38;5;32m[XCUITestDriver@e07a (28adf0bf)]&amp#27;[0m     "parameters": {
&amp#27;[38;5;32m[XCUITestDriver@e07a (28adf0bf)]&amp#27;[0m       "pointerType": "touch"
&amp#27;[38;5;32m[XCUITestDriver@e07a (28adf0bf)]&amp#27;[0m     },
&amp#27;[38;5;32m[XCUITestDriver@e07a (28adf0bf)]&amp#27;[0m     "actions": [
&amp#27;[38;5;32m[XCUITestDriver@e07a (28adf0bf)]&amp#27;[0m       {
&amp#27;[38;5;32m[XCUITestDriver@e07a (28adf0bf)]&amp#27;[0m         "duration": 0,
&amp#27;[38;5;32m[XCUITestDriver@e07a (28adf0bf)]&amp#27;[0m         "x": 343,
&amp#27;[38;5;32m[XCUITestDriver@e07a (28adf0bf)]&amp#27;[0m         "y": 603,
&amp#27;[38;5;32m[XCUITestDriver@e07a (28adf0bf)]&amp#27;[0m         "type": "pointerMove",
&amp#27;[38;5;32m[XCUITestDriver@e07a (28adf0bf)]&amp#27;[0m         "origin": "viewport"
&amp#27;[38;5;32m[XCUITestDriver@e07a (28adf0bf)]&amp#27;[0m       },
&amp#27;[38;5;32m[XCUITestDriver@e07a (28adf0bf)]&amp#27;[0m       {
&amp#27;[38;5;32m[XCUITestDriver@e07a (28adf0bf)]&amp#27;[0m         "button": 0,
&amp#27;[38;5;32m[XCUITestDriver@e07a (28adf0bf)]&amp#27;[0m         "type": "pointerDown"
&amp#27;[38;5;32m[XCUITestDriver@e07a (28adf0bf)]&amp#27;[0m       },
&amp#27;[38;5;32m[XCUITestDriver@e07a (28adf0bf)]&amp#27;[0m       {
&amp#27;[38;5;32m[XCUITestDriver@e07a (28adf0bf)]&amp#27;[0m         "button": 0,
&amp#27;[38;5;32m[XCUITestDriver@e07a (28adf0bf)]&amp#27;[0m         "type": "pointerUp"
&amp#27;[38;5;32m[XCUITestDriver@e07a (28adf0bf)]&amp#27;[0m       }
&amp#27;[38;5;32m[XCUITestDriver@e07a (28adf0bf)]&amp#27;[0m     ]
&amp#27;[38;5;32m[XCUITestDriver@e07a (28adf0bf)]&amp#27;[0m   }
&amp#27;[38;5;32m[XCUITestDriver@e07a (28adf0bf)]&amp#27;[0m ]
&amp#27;[38;5;32m[XCUITestDriver@e07a (28adf0bf)]&amp#27;[0m Matched '/actions' to command name 'performActions'
&amp#27;[38;5;32m[XCUITestDriver@e07a (28adf0bf)]&amp#27;[0m Proxying [POST /actions] to [POST http://127.0.0.1:8100/session/E78FC83E-19E7-4136-B719-97A048452808/actions] with body: {"actions":[{"id":"finger","type":"pointer","parameters":{"pointerType":"touch"},"actions":[{"duration":0,"x":343,"y":603,"type":"pointerMove","origin":"viewport"},{"button":0,"type":"pointerDown"},{"button":0,"type":"pointerUp"}]}]}
&amp#27;[38;5;32m[XCUITestDriver@e07a (28adf0bf)]&amp#27;[0m Got response with status 200: {"value":null,"sessionId":"E78FC83E-19E7-4136-B719-97A048452808"}
&amp#27;[38;5;32m[XCUITestDriver@e07a (28adf0bf)]&amp#27;[0m Responding to client with driver.performActions() result: null
&amp#27;[38;5;0m[HTTP]&amp#27;[0m &amp#27;[37m<-- POST /session/28adf0bf-7ee8-437a-b2e7-798510efe6fe/actions &amp#27;[39m&amp#27;[32m200&amp#27;[39m &amp#27;[90m533 ms - 14&amp#27;[39m
&amp#27;[38;5;0m[HTTP]&amp#27;[0m &amp#27;[90m&amp#27;[39m
&amp#27;[38;5;0m[HTTP]&amp#27;[0m &amp#27;[37m-->&amp#27;[39m &amp#27;[37mGET&amp#27;[39m &amp#27;[37m/session/28adf0bf-7ee8-437a-b2e7-798510efe6fe/context&amp#27;[39m
&amp#27;[38;5;0m[HTTP]&amp#27;[0m &amp#27;[90m{}&amp#27;[39m
&amp#27;[38;5;32m[XCUITestDriver@e07a (28adf0bf)]&amp#27;[0m Calling AppiumDriver.getCurrentContext() with args: ["28adf0bf-7ee8-437a-b2e7-798510efe6fe"]
&amp#27;[38;5;32m[XCUITestDriver@e07a (28adf0bf)]&amp#27;[0m Executing command 'getCurrentContext'
&amp#27;[38;5;32m[XCUITestDriver@e07a (28adf0bf)]&amp#27;[0m Responding to client with driver.getCurrentContext() result: "NATIVE_APP"
&amp#27;[38;5;0m[HTTP]&amp#27;[0m &amp#27;[37m<-- GET /session/28adf0bf-7ee8-437a-b2e7-798510efe6fe/context &amp#27;[39m&amp#27;[32m200&amp#27;[39m &amp#27;[90m1 ms - 22&amp#27;[39m
&amp#27;[38;5;0m[HTTP]&amp#27;[0m &amp#27;[90m&amp#27;[39m
&amp#27;[38;5;0m[HTTP]&amp#27;[0m &amp#27;[37m-->&amp#27;[39m &amp#27;[37mPOST&amp#27;[39m &amp#27;[37m/session/28adf0bf-7ee8-437a-b2e7-798510efe6fe/element&amp#27;[39m
&amp#27;[38;5;0m[HTTP]&amp#27;[0m &amp#27;[90m{"using":"xpath","value":"//XCUIElementTypeStaticText[@name=\"Stretching\"]"}&amp#27;[39m
&amp#27;[38;5;32m[XCUITestDriver@e07a (28adf0bf)]&amp#27;[0m Calling AppiumDriver.findElement() with args: ["xpath","//XCUIElementTypeStaticText[@name=\"Stretching\"]","28adf0bf-7ee8-437a-b2e7-798510efe6fe"]
&amp#27;[38;5;32m[XCUITestDriver@e07a (28adf0bf)]&amp#27;[0m Executing command 'findElement'
&amp#27;[38;5;32m[XCUITestDriver@e07a (28adf0bf)]&amp#27;[0m Valid locator strategies for this request: xpath, id, name, class name, -ios predicate string, -ios class chain, accessibility id, css selector
&amp#27;[38;5;32m[XCUITestDriver@e07a (28adf0bf)]&amp#27;[0m Waiting up to 0 ms for condition
&amp#27;[38;5;32m[XCUITestDriver@e07a (28adf0bf)]&amp#27;[0m Matched '/element' to command name 'findElement'
&amp#27;[38;5;32m[XCUITestDriver@e07a (28adf0bf)]&amp#27;[0m Proxying [POST /element] to [POST http://127.0.0.1:8100/session/E78FC83E-19E7-4136-B719-97A048452808/element] with body: {"using":"xpath","value":"//XCUIElementTypeStaticText[@name=\"Stretching\"]"}
&amp#27;[38;5;32m[XCUITestDriver@e07a (28adf0bf)]&amp#27;[0m Got response with status 200: {"value":{"ELEMENT":"25070000-0000-0000-0103-000000000000","element-6066-11e4-a52e-4f735466cecf":"25070000-0000-0000-0103-000000000000"},"sessionId":"E78FC83E-19E7-4136-B719-97A048452808"}
&amp#27;[38;5;32m[XCUITestDriver@e07a (28adf0bf)]&amp#27;[0m Responding to client with driver.findElement() result: {"element-6066-11e4-a52e-4f735466cecf":"25070000-0000-0000-0103-000000000000","ELEMENT":"25070000-0000-0000-0103-000000000000"}
&amp#27;[38;5;0m[HTTP]&amp#27;[0m &amp#27;[37m<-- POST /session/28adf0bf-7ee8-437a-b2e7-798510efe6fe/element &amp#27;[39m&amp#27;[32m200&amp#27;[39m &amp#27;[90m482 ms - 137&amp#27;[39m
&amp#27;[38;5;0m[HTTP]&amp#27;[0m &amp#27;[90m&amp#27;[39m
&amp#27;[38;5;0m[HTTP]&amp#27;[0m &amp#27;[37m-->&amp#27;[39m &amp#27;[37mGET&amp#27;[39m &amp#27;[37m/session/28adf0bf-7ee8-437a-b2e7-798510efe6fe/element/25070000-0000-0000-0103-000000000000/displayed&amp#27;[39m
&amp#27;[38;5;0m[HTTP]&amp#27;[0m &amp#27;[90m{}&amp#27;[39m
&amp#27;[38;5;32m[XCUITestDriver@e07a (28adf0bf)]&amp#27;[0m Driver proxy active, passing request on via HTTP proxy
&amp#27;[38;5;32m[XCUITestDriver@e07a (28adf0bf)]&amp#27;[0m Executing command 'proxyReqRes'
&amp#27;[38;5;32m[XCUITestDriver@e07a (28adf0bf)]&amp#27;[0m Matched '/session/28adf0bf-7ee8-437a-b2e7-798510efe6fe/element/25070000-0000-0000-0103-000000000000/displayed' to command name 'elementDisplayed'
&amp#27;[38;5;32m[XCUITestDriver@e07a (28adf0bf)]&amp#27;[0m Proxying [GET /session/28adf0bf-7ee8-437a-b2e7-798510efe6fe/element/25070000-0000-0000-0103-000000000000/displayed] to [GET http://127.0.0.1:8100/session/E78FC83E-19E7-4136-B719-97A048452808/element/25070000-0000-0000-0103-000000000000/displayed] with no body
&amp#27;[38;5;32m[XCUITestDriver@e07a (28adf0bf)]&amp#27;[0m Got response with status 200: {"value":true,"sessionId":"E78FC83E-19E7-4136-B719-97A048452808"}
&amp#27;[38;5;32m[XCUITestDriver@e07a (28adf0bf)]&amp#27;[0m Replacing sessionId E78FC83E-19E7-4136-B719-97A048452808 with 28adf0bf-7ee8-437a-b2e7-798510efe6fe
&amp#27;[38;5;0m[HTTP]&amp#27;[0m &amp#27;[37m<-- GET /session/28adf0bf-7ee8-437a-b2e7-798510efe6fe/element/25070000-0000-0000-0103-000000000000/displayed &amp#27;[39m&amp#27;[32m200&amp#27;[39m &amp#27;[90m76 ms - 65&amp#27;[39m
&amp#27;[38;5;0m[HTTP]&amp#27;[0m &amp#27;[90m&amp#27;[39m
Stretching step is displayed!
&amp#27;[38;5;0m[HTTP]&amp#27;[0m &amp#27;[37m-->&amp#27;[39m &amp#27;[37mGET&amp#27;[39m &amp#27;[37m/session/28adf0bf-7ee8-437a-b2e7-798510efe6fe/context&amp#27;[39m
&amp#27;[38;5;0m[HTTP]&amp#27;[0m &amp#27;[90m{}&amp#27;[39m
&amp#27;[38;5;32m[XCUITestDriver@e07a (28adf0bf)]&amp#27;[0m Calling AppiumDriver.getCurrentContext() with args: ["28adf0bf-7ee8-437a-b2e7-798510efe6fe"]
&amp#27;[38;5;32m[XCUITestDriver@e07a (28adf0bf)]&amp#27;[0m Executing command 'getCurrentContext'
&amp#27;[38;5;32m[XCUITestDriver@e07a (28adf0bf)]&amp#27;[0m Responding to client with driver.getCurrentContext() result: "NATIVE_APP"
&amp#27;[38;5;0m[HTTP]&amp#27;[0m &amp#27;[37m<-- GET /session/28adf0bf-7ee8-437a-b2e7-798510efe6fe/context &amp#27;[39m&amp#27;[32m200&amp#27;[39m &amp#27;[90m2 ms - 22&amp#27;[39m
&amp#27;[38;5;0m[HTTP]&amp#27;[0m &amp#27;[90m&amp#27;[39m
&amp#27;[38;5;0m[HTTP]&amp#27;[0m &amp#27;[37m-->&amp#27;[39m &amp#27;[37mPOST&amp#27;[39m &amp#27;[37m/session/28adf0bf-7ee8-437a-b2e7-798510efe6fe/element&amp#27;[39m
&amp#27;[38;5;0m[HTTP]&amp#27;[0m &amp#27;[90m{"using":"xpath","value":"//XCUIElementTypeButton[@name=\"ic pause blackgrey\"]"}&amp#27;[39m
&amp#27;[38;5;32m[XCUITestDriver@e07a (28adf0bf)]&amp#27;[0m Calling AppiumDriver.findElement() with args: ["xpath","//XCUIElementTypeButton[@name=\"ic pause blackgrey\"]","28adf0bf-7ee8-437a-b2e7-798510efe6fe"]
&amp#27;[38;5;32m[XCUITestDriver@e07a (28adf0bf)]&amp#27;[0m Executing command 'findElement'
&amp#27;[38;5;32m[XCUITestDriver@e07a (28adf0bf)]&amp#27;[0m Valid locator strategies for this request: xpath, id, name, class name, -ios predicate string, -ios class chain, accessibility id, css selector
&amp#27;[38;5;32m[XCUITestDriver@e07a (28adf0bf)]&amp#27;[0m Waiting up to 0 ms for condition
&amp#27;[38;5;32m[XCUITestDriver@e07a (28adf0bf)]&amp#27;[0m Matched '/element' to command name 'findElement'
&amp#27;[38;5;32m[XCUITestDriver@e07a (28adf0bf)]&amp#27;[0m Proxying [POST /element] to [POST http://127.0.0.1:8100/session/E78FC83E-19E7-4136-B719-97A048452808/element] with body: {"using":"xpath","value":"//XCUIElementTypeButton[@name=\"ic pause blackgrey\"]"}
&amp#27;[38;5;32m[XCUITestDriver@e07a (28adf0bf)]&amp#27;[0m Got response with status 200: {"value":{"ELEMENT":"15070000-0000-0000-0103-000000000000","element-6066-11e4-a52e-4f735466cecf":"15070000-0000-0000-0103-000000000000"},"sessionId":"E78FC83E-19E7-4136-B719-97A048452808"}
&amp#27;[38;5;32m[XCUITestDriver@e07a (28adf0bf)]&amp#27;[0m Responding to client with driver.findElement() result: {"element-6066-11e4-a52e-4f735466cecf":"15070000-0000-0000-0103-000000000000","ELEMENT":"15070000-0000-0000-0103-000000000000"}
&amp#27;[38;5;0m[HTTP]&amp#27;[0m &amp#27;[37m<-- POST /session/28adf0bf-7ee8-437a-b2e7-798510efe6fe/element &amp#27;[39m&amp#27;[32m200&amp#27;[39m &amp#27;[90m599 ms - 137&amp#27;[39m
&amp#27;[38;5;0m[HTTP]&amp#27;[0m &amp#27;[90m&amp#27;[39m
&amp#27;[38;5;0m[HTTP]&amp#27;[0m &amp#27;[37m-->&amp#27;[39m &amp#27;[37mPOST&amp#27;[39m &amp#27;[37m/session/28adf0bf-7ee8-437a-b2e7-798510efe6fe/element/15070000-0000-0000-0103-000000000000/click&amp#27;[39m
&amp#27;[38;5;0m[HTTP]&amp#27;[0m &amp#27;[90m{"id":"15070000-0000-0000-0103-000000000000"}&amp#27;[39m
&amp#27;[38;5;32m[XCUITestDriver@e07a (28adf0bf)]&amp#27;[0m Driver proxy active, passing request on via HTTP proxy
&amp#27;[38;5;32m[XCUITestDriver@e07a (28adf0bf)]&amp#27;[0m Executing command 'proxyReqRes'
&amp#27;[38;5;32m[XCUITestDriver@e07a (28adf0bf)]&amp#27;[0m Matched '/session/28adf0bf-7ee8-437a-b2e7-798510efe6fe/element/15070000-0000-0000-0103-000000000000/click' to command name 'click'
&amp#27;[38;5;32m[XCUITestDriver@e07a (28adf0bf)]&amp#27;[0m Proxying [POST /session/28adf0bf-7ee8-437a-b2e7-798510efe6fe/element/15070000-0000-0000-0103-000000000000/click] to [POST http://127.0.0.1:8100/session/E78FC83E-19E7-4136-B719-97A048452808/element/15070000-0000-0000-0103-000000000000/click] with body: {"id":"15070000-0000-0000-0103-000000000000"}
&amp#27;[38;5;32m[XCUITestDriver@e07a (28adf0bf)]&amp#27;[0m Got response with status 200: {"value":null,"sessionId":"E78FC83E-19E7-4136-B719-97A048452808"}
&amp#27;[38;5;32m[XCUITestDriver@e07a (28adf0bf)]&amp#27;[0m Replacing sessionId E78FC83E-19E7-4136-B719-97A048452808 with 28adf0bf-7ee8-437a-b2e7-798510efe6fe
&amp#27;[38;5;0m[HTTP]&amp#27;[0m &amp#27;[37m<-- POST /session/28adf0bf-7ee8-437a-b2e7-798510efe6fe/element/15070000-0000-0000-0103-000000000000/click &amp#27;[39m&amp#27;[32m200&amp#27;[39m &amp#27;[90m596 ms - 65&amp#27;[39m
&amp#27;[38;5;0m[HTTP]&amp#27;[0m &amp#27;[90m&amp#27;[39m
&amp#27;[38;5;0m[HTTP]&amp#27;[0m &amp#27;[37m-->&amp#27;[39m &amp#27;[37mGET&amp#27;[39m &amp#27;[37m/session/28adf0bf-7ee8-437a-b2e7-798510efe6fe/context&amp#27;[39m
&amp#27;[38;5;0m[HTTP]&amp#27;[0m &amp#27;[90m{}&amp#27;[39m
&amp#27;[38;5;32m[XCUITestDriver@e07a (28adf0bf)]&amp#27;[0m Calling AppiumDriver.getCurrentContext() with args: ["28adf0bf-7ee8-437a-b2e7-798510efe6fe"]
&amp#27;[38;5;32m[XCUITestDriver@e07a (28adf0bf)]&amp#27;[0m Executing command 'getCurrentContext'
&amp#27;[38;5;32m[XCUITestDriver@e07a (28adf0bf)]&amp#27;[0m Responding to client with driver.getCurrentContext() result: "NATIVE_APP"
&amp#27;[38;5;0m[HTTP]&amp#27;[0m &amp#27;[37m<-- GET /session/28adf0bf-7ee8-437a-b2e7-798510efe6fe/context &amp#27;[39m&amp#27;[32m200&amp#27;[39m &amp#27;[90m1 ms - 22&amp#27;[39m
&amp#27;[38;5;0m[HTTP]&amp#27;[0m &amp#27;[90m&amp#27;[39m
&amp#27;[38;5;0m[HTTP]&amp#27;[0m &amp#27;[37m-->&amp#27;[39m &amp#27;[37mPOST&amp#27;[39m &amp#27;[37m/session/28adf0bf-7ee8-437a-b2e7-798510efe6fe/element&amp#27;[39m
&amp#27;[38;5;0m[HTTP]&amp#27;[0m &amp#27;[90m{"using":"xpath","value":"//XCUIElementTypeStaticText[@name=\"8/14\"]"}&amp#27;[39m
&amp#27;[38;5;32m[XCUITestDriver@e07a (28adf0bf)]&amp#27;[0m Calling AppiumDriver.findElement() with args: ["xpath","//XCUIElementTypeStaticText[@name=\"8/14\"]","28adf0bf-7ee8-437a-b2e7-798510efe6fe"]
&amp#27;[38;5;32m[XCUITestDriver@e07a (28adf0bf)]&amp#27;[0m Executing command 'findElement'
&amp#27;[38;5;32m[XCUITestDriver@e07a (28adf0bf)]&amp#27;[0m Valid locator strategies for this request: xpath, id, name, class name, -ios predicate string, -ios class chain, accessibility id, css selector
&amp#27;[38;5;32m[XCUITestDriver@e07a (28adf0bf)]&amp#27;[0m Waiting up to 0 ms for condition
&amp#27;[38;5;32m[XCUITestDriver@e07a (28adf0bf)]&amp#27;[0m Matched '/element' to command name 'findElement'
&amp#27;[38;5;32m[XCUITestDriver@e07a (28adf0bf)]&amp#27;[0m Proxying [POST /element] to [POST http://127.0.0.1:8100/session/E78FC83E-19E7-4136-B719-97A048452808/element] with body: {"using":"xpath","value":"//XCUIElementTypeStaticText[@name=\"8/14\"]"}
&amp#27;[38;5;32m[XCUITestDriver@e07a (28adf0bf)]&amp#27;[0m Got response with status 200: {"value":{"ELEMENT":"0E070000-0000-0000-0103-000000000000","element-6066-11e4-a52e-4f735466cecf":"0E070000-0000-0000-0103-000000000000"},"sessionId":"E78FC83E-19E7-4136-B719-97A048452808"}
&amp#27;[38;5;32m[XCUITestDriver@e07a (28adf0bf)]&amp#27;[0m Responding to client with driver.findElement() result: {"element-6066-11e4-a52e-4f735466cecf":"0E070000-0000-0000-0103-000000000000","ELEMENT":"0E070000-0000-0000-0103-000000000000"}
&amp#27;[38;5;0m[HTTP]&amp#27;[0m &amp#27;[37m<-- POST /session/28adf0bf-7ee8-437a-b2e7-798510efe6fe/element &amp#27;[39m&amp#27;[32m200&amp#27;[39m &amp#27;[90m638 ms - 137&amp#27;[39m
&amp#27;[38;5;0m[HTTP]&amp#27;[0m &amp#27;[90m&amp#27;[39m
&amp#27;[38;5;0m[HTTP]&amp#27;[0m &amp#27;[37m-->&amp#27;[39m &amp#27;[37mGET&amp#27;[39m &amp#27;[37m/session/28adf0bf-7ee8-437a-b2e7-798510efe6fe/element/0E070000-0000-0000-0103-000000000000/displayed&amp#27;[39m
&amp#27;[38;5;0m[HTTP]&amp#27;[0m &amp#27;[90m{}&amp#27;[39m
&amp#27;[38;5;32m[XCUITestDriver@e07a (28adf0bf)]&amp#27;[0m Driver proxy active, passing request on via HTTP proxy
&amp#27;[38;5;32m[XCUITestDriver@e07a (28adf0bf)]&amp#27;[0m Executing command 'proxyReqRes'
&amp#27;[38;5;32m[XCUITestDriver@e07a (28adf0bf)]&amp#27;[0m Matched '/session/28adf0bf-7ee8-437a-b2e7-798510efe6fe/element/0E070000-0000-0000-0103-000000000000/displayed' to command name 'elementDisplayed'
&amp#27;[38;5;32m[XCUITestDriver@e07a (28adf0bf)]&amp#27;[0m Proxying [GET /session/28adf0bf-7ee8-437a-b2e7-798510efe6fe/element/0E070000-0000-0000-0103-000000000000/displayed] to [GET http://127.0.0.1:8100/session/E78FC83E-19E7-4136-B719-97A048452808/element/0E070000-0000-0000-0103-000000000000/displayed] with no body
&amp#27;[38;5;32m[XCUITestDriver@e07a (28adf0bf)]&amp#27;[0m Got response with status 200: {"value":true,"sessionId":"E78FC83E-19E7-4136-B719-97A048452808"}
&amp#27;[38;5;32m[XCUITestDriver@e07a (28adf0bf)]&amp#27;[0m Replacing sessionId E78FC83E-19E7-4136-B719-97A048452808 with 28adf0bf-7ee8-437a-b2e7-798510efe6fe
&amp#27;[38;5;0m[HTTP]&amp#27;[0m &amp#27;[37m<-- GET /session/28adf0bf-7ee8-437a-b2e7-798510efe6fe/element/0E070000-0000-0000-0103-000000000000/displayed &amp#27;[39m&amp#27;[32m200&amp#27;[39m &amp#27;[90m67 ms - 65&amp#27;[39m
&amp#27;[38;5;0m[HTTP]&amp#27;[0m &amp#27;[90m&amp#27;[39m
Resumed once stretching step finished...Next step played!
&amp#27;[38;5;0m[HTTP]&amp#27;[0m &amp#27;[37m-->&amp#27;[39m &amp#27;[37mGET&amp#27;[39m &amp#27;[37m/session/28adf0bf-7ee8-437a-b2e7-798510efe6fe/context&amp#27;[39m
&amp#27;[38;5;0m[HTTP]&amp#27;[0m &amp#27;[90m{}&amp#27;[39m
&amp#27;[38;5;32m[XCUITestDriver@e07a (28adf0bf)]&amp#27;[0m Calling AppiumDriver.getCurrentContext() with args: ["28adf0bf-7ee8-437a-b2e7-798510efe6fe"]
&amp#27;[38;5;32m[XCUITestDriver@e07a (28adf0bf)]&amp#27;[0m Executing command 'getCurrentContext'
&amp#27;[38;5;32m[XCUITestDriver@e07a (28adf0bf)]&amp#27;[0m Responding to client with driver.getCurrentContext() result: "NATIVE_APP"
&amp#27;[38;5;0m[HTTP]&amp#27;[0m &amp#27;[37m<-- GET /session/28adf0bf-7ee8-437a-b2e7-798510efe6fe/context &amp#27;[39m&amp#27;[32m200&amp#27;[39m &amp#27;[90m1 ms - 22&amp#27;[39m
&amp#27;[38;5;0m[HTTP]&amp#27;[0m &amp#27;[90m&amp#27;[39m
&amp#27;[38;5;0m[HTTP]&amp#27;[0m &amp#27;[37m-->&amp#27;[39m &amp#27;[37mPOST&amp#27;[39m &amp#27;[37m/session/28adf0bf-7ee8-437a-b2e7-798510efe6fe/element&amp#27;[39m
&amp#27;[38;5;0m[HTTP]&amp#27;[0m &amp#27;[90m{"using":"xpath","value":"//XCUIElementTypeButton[@name=\"ic close player\"]"}&amp#27;[39m
&amp#27;[38;5;32m[XCUITestDriver@e07a (28adf0bf)]&amp#27;[0m Calling AppiumDriver.findElement() with args: ["xpath","//XCUIElementTypeButton[@name=\"ic close player\"]","28adf0bf-7ee8-437a-b2e7-798510efe6fe"]
&amp#27;[38;5;32m[XCUITestDriver@e07a (28adf0bf)]&amp#27;[0m Executing command 'findElement'
&amp#27;[38;5;32m[XCUITestDriver@e07a (28adf0bf)]&amp#27;[0m Valid locator strategies for this request: xpath, id, name, class name, -ios predicate string, -ios class chain, accessibility id, css selector
&amp#27;[38;5;32m[XCUITestDriver@e07a (28adf0bf)]&amp#27;[0m Waiting up to 0 ms for condition
&amp#27;[38;5;32m[XCUITestDriver@e07a (28adf0bf)]&amp#27;[0m Matched '/element' to command name 'findElement'
&amp#27;[38;5;32m[XCUITestDriver@e07a (28adf0bf)]&amp#27;[0m Proxying [POST /element] to [POST http://127.0.0.1:8100/session/E78FC83E-19E7-4136-B719-97A048452808/element] with body: {"using":"xpath","value":"//XCUIElementTypeButton[@name=\"ic close player\"]"}
&amp#27;[38;5;32m[XCUITestDriver@e07a (28adf0bf)]&amp#27;[0m Got response with status 200: {"value":{"ELEMENT":"10070000-0000-0000-0103-000000000000","element-6066-11e4-a52e-4f735466cecf":"10070000-0000-0000-0103-000000000000"},"sessionId":"E78FC83E-19E7-4136-B719-97A048452808"}
&amp#27;[38;5;32m[XCUITestDriver@e07a (28adf0bf)]&amp#27;[0m Responding to client with driver.findElement() result: {"element-6066-11e4-a52e-4f735466cecf":"10070000-0000-0000-0103-000000000000","ELEMENT":"10070000-0000-0000-0103-000000000000"}
&amp#27;[38;5;0m[HTTP]&amp#27;[0m &amp#27;[37m<-- POST /session/28adf0bf-7ee8-437a-b2e7-798510efe6fe/element &amp#27;[39m&amp#27;[32m200&amp#27;[39m &amp#27;[90m649 ms - 137&amp#27;[39m
&amp#27;[38;5;0m[HTTP]&amp#27;[0m &amp#27;[90m&amp#27;[39m
&amp#27;[38;5;0m[HTTP]&amp#27;[0m &amp#27;[37m-->&amp#27;[39m &amp#27;[37mPOST&amp#27;[39m &amp#27;[37m/session/28adf0bf-7ee8-437a-b2e7-798510efe6fe/element/10070000-0000-0000-0103-000000000000/click&amp#27;[39m
&amp#27;[38;5;0m[HTTP]&amp#27;[0m &amp#27;[90m{"id":"10070000-0000-0000-0103-000000000000"}&amp#27;[39m
&amp#27;[38;5;32m[XCUITestDriver@e07a (28adf0bf)]&amp#27;[0m Driver proxy active, passing request on via HTTP proxy
&amp#27;[38;5;32m[XCUITestDriver@e07a (28adf0bf)]&amp#27;[0m Executing command 'proxyReqRes'
&amp#27;[38;5;32m[XCUITestDriver@e07a (28adf0bf)]&amp#27;[0m Matched '/session/28adf0bf-7ee8-437a-b2e7-798510efe6fe/element/10070000-0000-0000-0103-000000000000/click' to command name 'click'
&amp#27;[38;5;32m[XCUITestDriver@e07a (28adf0bf)]&amp#27;[0m Proxying [POST /session/28adf0bf-7ee8-437a-b2e7-798510efe6fe/element/10070000-0000-0000-0103-000000000000/click] to [POST http://127.0.0.1:8100/session/E78FC83E-19E7-4136-B719-97A048452808/element/10070000-0000-0000-0103-000000000000/click] with body: {"id":"10070000-0000-0000-0103-000000000000"}
&amp#27;[38;5;32m[XCUITestDriver@e07a (28adf0bf)]&amp#27;[0m Got response with status 200: {"value":null,"sessionId":"E78FC83E-19E7-4136-B719-97A048452808"}
&amp#27;[38;5;32m[XCUITestDriver@e07a (28adf0bf)]&amp#27;[0m Replacing sessionId E78FC83E-19E7-4136-B719-97A048452808 with 28adf0bf-7ee8-437a-b2e7-798510efe6fe
&amp#27;[38;5;0m[HTTP]&amp#27;[0m &amp#27;[37m<-- POST /session/28adf0bf-7ee8-437a-b2e7-798510efe6fe/element/10070000-0000-0000-0103-000000000000/click &amp#27;[39m&amp#27;[32m200&amp#27;[39m &amp#27;[90m916 ms - 65&amp#27;[39m
&amp#27;[38;5;0m[HTTP]&amp#27;[0m &amp#27;[90m&amp#27;[39m
&amp#27;[38;5;0m[HTTP]&amp#27;[0m &amp#27;[37m-->&amp#27;[39m &amp#27;[37mGET&amp#27;[39m &amp#27;[37m/session/28adf0bf-7ee8-437a-b2e7-798510efe6fe/context&amp#27;[39m
&amp#27;[38;5;0m[HTTP]&amp#27;[0m &amp#27;[90m{}&amp#27;[39m
&amp#27;[38;5;32m[XCUITestDriver@e07a (28adf0bf)]&amp#27;[0m Calling AppiumDriver.getCurrentContext() with args: ["28adf0bf-7ee8-437a-b2e7-798510efe6fe"]
&amp#27;[38;5;32m[XCUITestDriver@e07a (28adf0bf)]&amp#27;[0m Executing command 'getCurrentContext'
&amp#27;[38;5;32m[XCUITestDriver@e07a (28adf0bf)]&amp#27;[0m Responding to client with driver.getCurrentContext() result: "NATIVE_APP"
&amp#27;[38;5;0m[HTTP]&amp#27;[0m &amp#27;[37m<-- GET /session/28adf0bf-7ee8-437a-b2e7-798510efe6fe/context &amp#27;[39m&amp#27;[32m200&amp#27;[39m &amp#27;[90m1 ms - 22&amp#27;[39m
&amp#27;[38;5;0m[HTTP]&amp#27;[0m &amp#27;[90m&amp#27;[39m
&amp#27;[38;5;0m[HTTP]&amp#27;[0m &amp#27;[37m-->&amp#27;[39m &amp#27;[37mPOST&amp#27;[39m &amp#27;[37m/session/28adf0bf-7ee8-437a-b2e7-798510efe6fe/element&amp#27;[39m
&amp#27;[38;5;0m[HTTP]&amp#27;[0m &amp#27;[90m{"using":"xpath","value":"//XCUIElementTypeStaticText[@name=\"END ROUTINE\"]"}&amp#27;[39m
&amp#27;[38;5;32m[XCUITestDriver@e07a (28adf0bf)]&amp#27;[0m Calling AppiumDriver.findElement() with args: ["xpath","//XCUIElementTypeStaticText[@name=\"END ROUTINE\"]","28adf0bf-7ee8-437a-b2e7-798510efe6fe"]
&amp#27;[38;5;32m[XCUITestDriver@e07a (28adf0bf)]&amp#27;[0m Executing command 'findElement'
&amp#27;[38;5;32m[XCUITestDriver@e07a (28adf0bf)]&amp#27;[0m Valid locator strategies for this request: xpath, id, name, class name, -ios predicate string, -ios class chain, accessibility id, css selector
&amp#27;[38;5;32m[XCUITestDriver@e07a (28adf0bf)]&amp#27;[0m Waiting up to 0 ms for condition
&amp#27;[38;5;32m[XCUITestDriver@e07a (28adf0bf)]&amp#27;[0m Matched '/element' to command name 'findElement'
&amp#27;[38;5;32m[XCUITestDriver@e07a (28adf0bf)]&amp#27;[0m Proxying [POST /element] to [POST http://127.0.0.1:8100/session/E78FC83E-19E7-4136-B719-97A048452808/element] with body: {"using":"xpath","value":"//XCUIElementTypeStaticText[@name=\"END ROUTINE\"]"}
&amp#27;[38;5;32m[XCUITestDriver@e07a (28adf0bf)]&amp#27;[0m Got response with status 200: {"value":{"ELEMENT":"37070000-0000-0000-0103-000000000000","element-6066-11e4-a52e-4f735466cecf":"37070000-0000-0000-0103-000000000000"},"sessionId":"E78FC83E-19E7-4136-B719-97A048452808"}
&amp#27;[38;5;32m[XCUITestDriver@e07a (28adf0bf)]&amp#27;[0m Responding to client with driver.findElement() result: {"element-6066-11e4-a52e-4f735466cecf":"37070000-0000-0000-0103-000000000000","ELEMENT":"37070000-0000-0000-0103-000000000000"}
&amp#27;[38;5;0m[HTTP]&amp#27;[0m &amp#27;[37m<-- POST /session/28adf0bf-7ee8-437a-b2e7-798510efe6fe/element &amp#27;[39m&amp#27;[32m200&amp#27;[39m &amp#27;[90m573 ms - 137&amp#27;[39m
&amp#27;[38;5;0m[HTTP]&amp#27;[0m &amp#27;[90m&amp#27;[39m
&amp#27;[38;5;0m[HTTP]&amp#27;[0m &amp#27;[37m-->&amp#27;[39m &amp#27;[37mGET&amp#27;[39m &amp#27;[37m/session/28adf0bf-7ee8-437a-b2e7-798510efe6fe/element/37070000-0000-0000-0103-000000000000/displayed&amp#27;[39m
&amp#27;[38;5;0m[HTTP]&amp#27;[0m &amp#27;[90m{}&amp#27;[39m
&amp#27;[38;5;32m[XCUITestDriver@e07a (28adf0bf)]&amp#27;[0m Driver proxy active, passing request on via HTTP proxy
&amp#27;[38;5;32m[XCUITestDriver@e07a (28adf0bf)]&amp#27;[0m Executing command 'proxyReqRes'
&amp#27;[38;5;32m[XCUITestDriver@e07a (28adf0bf)]&amp#27;[0m Matched '/session/28adf0bf-7ee8-437a-b2e7-798510efe6fe/element/37070000-0000-0000-0103-000000000000/displayed' to command name 'elementDisplayed'
&amp#27;[38;5;32m[XCUITestDriver@e07a (28adf0bf)]&amp#27;[0m Proxying [GET /session/28adf0bf-7ee8-437a-b2e7-798510efe6fe/element/37070000-0000-0000-0103-000000000000/displayed] to [GET http://127.0.0.1:8100/session/E78FC83E-19E7-4136-B719-97A048452808/element/37070000-0000-0000-0103-000000000000/displayed] with no body
&amp#27;[38;5;32m[XCUITestDriver@e07a (28adf0bf)]&amp#27;[0m Got response with status 200: {"value":true,"sessionId":"E78FC83E-19E7-4136-B719-97A048452808"}
&amp#27;[38;5;32m[XCUITestDriver@e07a (28adf0bf)]&amp#27;[0m Replacing sessionId E78FC83E-19E7-4136-B719-97A048452808 with 28adf0bf-7ee8-437a-b2e7-798510efe6fe
&amp#27;[38;5;0m[HTTP]&amp#27;[0m &amp#27;[37m<-- GET /session/28adf0bf-7ee8-437a-b2e7-798510efe6fe/element/37070000-0000-0000-0103-000000000000/displayed &amp#27;[39m&amp#27;[32m200&amp#27;[39m &amp#27;[90m85 ms - 65&amp#27;[39m
&amp#27;[38;5;0m[HTTP]&amp#27;[0m &amp#27;[90m&amp#27;[39m
&amp#27;[38;5;0m[HTTP]&amp#27;[0m &amp#27;[37m-->&amp#27;[39m &amp#27;[37mGET&amp#27;[39m &amp#27;[37m/session/28adf0bf-7ee8-437a-b2e7-798510efe6fe/context&amp#27;[39m
&amp#27;[38;5;0m[HTTP]&amp#27;[0m &amp#27;[90m{}&amp#27;[39m
&amp#27;[38;5;32m[XCUITestDriver@e07a (28adf0bf)]&amp#27;[0m Calling AppiumDriver.getCurrentContext() with args: ["28adf0bf-7ee8-437a-b2e7-798510efe6fe"]
&amp#27;[38;5;32m[XCUITestDriver@e07a (28adf0bf)]&amp#27;[0m Executing command 'getCurrentContext'
&amp#27;[38;5;32m[XCUITestDriver@e07a (28adf0bf)]&amp#27;[0m Responding to client with driver.getCurrentContext() result: "NATIVE_APP"
&amp#27;[38;5;0m[HTTP]&amp#27;[0m &amp#27;[37m<-- GET /session/28adf0bf-7ee8-437a-b2e7-798510efe6fe/context &amp#27;[39m&amp#27;[32m200&amp#27;[39m &amp#27;[90m1 ms - 22&amp#27;[39m
&amp#27;[38;5;0m[HTTP]&amp#27;[0m &amp#27;[90m&amp#27;[39m
&amp#27;[38;5;0m[HTTP]&amp#27;[0m &amp#27;[37m-->&amp#27;[39m &amp#27;[37mPOST&amp#27;[39m &amp#27;[37m/session/28adf0bf-7ee8-437a-b2e7-798510efe6fe/element&amp#27;[39m
&amp#27;[38;5;0m[HTTP]&amp#27;[0m &amp#27;[90m{"using":"xpath","value":"//XCUIElementTypeStaticText[@name=\"END ROUTINE\"]"}&amp#27;[39m
&amp#27;[38;5;32m[XCUITestDriver@e07a (28adf0bf)]&amp#27;[0m Calling AppiumDriver.findElement() with args: ["xpath","//XCUIElementTypeStaticText[@name=\"END ROUTINE\"]","28adf0bf-7ee8-437a-b2e7-798510efe6fe"]
&amp#27;[38;5;32m[XCUITestDriver@e07a (28adf0bf)]&amp#27;[0m Executing command 'findElement'
&amp#27;[38;5;32m[XCUITestDriver@e07a (28adf0bf)]&amp#27;[0m Valid locator strategies for this request: xpath, id, name, class name, -ios predicate string, -ios class chain, accessibility id, css selector
&amp#27;[38;5;32m[XCUITestDriver@e07a (28adf0bf)]&amp#27;[0m Waiting up to 0 ms for condition
&amp#27;[38;5;32m[XCUITestDriver@e07a (28adf0bf)]&amp#27;[0m Matched '/element' to command name 'findElement'
&amp#27;[38;5;32m[XCUITestDriver@e07a (28adf0bf)]&amp#27;[0m Proxying [POST /element] to [POST http://127.0.0.1:8100/session/E78FC83E-19E7-4136-B719-97A048452808/element] with body: {"using":"xpath","value":"//XCUIElementTypeStaticText[@name=\"END ROUTINE\"]"}
&amp#27;[38;5;32m[XCUITestDriver@e07a (28adf0bf)]&amp#27;[0m Got response with status 200: {"value":{"ELEMENT":"37070000-0000-0000-0103-000000000000","element-6066-11e4-a52e-4f735466cecf":"37070000-0000-0000-0103-000000000000"},"sessionId":"E78FC83E-19E7-4136-B719-97A048452808"}
&amp#27;[38;5;32m[XCUITestDriver@e07a (28adf0bf)]&amp#27;[0m Responding to client with driver.findElement() result: {"element-6066-11e4-a52e-4f735466cecf":"37070000-0000-0000-0103-000000000000","ELEMENT":"37070000-0000-0000-0103-000000000000"}
&amp#27;[38;5;0m[HTTP]&amp#27;[0m &amp#27;[37m<-- POST /session/28adf0bf-7ee8-437a-b2e7-798510efe6fe/element &amp#27;[39m&amp#27;[32m200&amp#27;[39m &amp#27;[90m663 ms - 137&amp#27;[39m
&amp#27;[38;5;0m[HTTP]&amp#27;[0m &amp#27;[90m&amp#27;[39m
&amp#27;[38;5;0m[HTTP]&amp#27;[0m &amp#27;[37m-->&amp#27;[39m &amp#27;[37mGET&amp#27;[39m &amp#27;[37m/session/28adf0bf-7ee8-437a-b2e7-798510efe6fe/element/37070000-0000-0000-0103-000000000000/enabled&amp#27;[39m
&amp#27;[38;5;0m[HTTP]&amp#27;[0m &amp#27;[90m{}&amp#27;[39m
&amp#27;[38;5;32m[XCUITestDriver@e07a (28adf0bf)]&amp#27;[0m Driver proxy active, passing request on via HTTP proxy
&amp#27;[38;5;32m[XCUITestDriver@e07a (28adf0bf)]&amp#27;[0m Executing command 'proxyReqRes'
&amp#27;[38;5;32m[XCUITestDriver@e07a (28adf0bf)]&amp#27;[0m Matched '/session/28adf0bf-7ee8-437a-b2e7-798510efe6fe/element/37070000-0000-0000-0103-000000000000/enabled' to command name 'elementEnabled'
&amp#27;[38;5;32m[XCUITestDriver@e07a (28adf0bf)]&amp#27;[0m Proxying [GET /session/28adf0bf-7ee8-437a-b2e7-798510efe6fe/element/37070000-0000-0000-0103-000000000000/enabled] to [GET http://127.0.0.1:8100/session/E78FC83E-19E7-4136-B719-97A048452808/element/37070000-0000-0000-0103-000000000000/enabled] with no body
&amp#27;[38;5;32m[XCUITestDriver@e07a (28adf0bf)]&amp#27;[0m Got response with status 200: {"value":true,"sessionId":"E78FC83E-19E7-4136-B719-97A048452808"}
&amp#27;[38;5;32m[XCUITestDriver@e07a (28adf0bf)]&amp#27;[0m Replacing sessionId E78FC83E-19E7-4136-B719-97A048452808 with 28adf0bf-7ee8-437a-b2e7-798510efe6fe
&amp#27;[38;5;0m[HTTP]&amp#27;[0m &amp#27;[37m<-- GET /session/28adf0bf-7ee8-437a-b2e7-798510efe6fe/element/37070000-0000-0000-0103-000000000000/enabled &amp#27;[39m&amp#27;[32m200&amp#27;[39m &amp#27;[90m69 ms - 65&amp#27;[39m
&amp#27;[38;5;0m[HTTP]&amp#27;[0m &amp#27;[90m&amp#27;[39m
&amp#27;[38;5;0m[HTTP]&amp#27;[0m &amp#27;[37m-->&amp#27;[39m &amp#27;[37mGET&amp#27;[39m &amp#27;[37m/session/28adf0bf-7ee8-437a-b2e7-798510efe6fe/context&amp#27;[39m
&amp#27;[38;5;0m[HTTP]&amp#27;[0m &amp#27;[90m{}&amp#27;[39m
&amp#27;[38;5;32m[XCUITestDriver@e07a (28adf0bf)]&amp#27;[0m Calling AppiumDriver.getCurrentContext() with args: ["28adf0bf-7ee8-437a-b2e7-798510efe6fe"]
&amp#27;[38;5;32m[XCUITestDriver@e07a (28adf0bf)]&amp#27;[0m Executing command 'getCurrentContext'
&amp#27;[38;5;32m[XCUITestDriver@e07a (28adf0bf)]&amp#27;[0m Responding to client with driver.getCurrentContext() result: "NATIVE_APP"
&amp#27;[38;5;0m[HTTP]&amp#27;[0m &amp#27;[37m<-- GET /session/28adf0bf-7ee8-437a-b2e7-798510efe6fe/context &amp#27;[39m&amp#27;[32m200&amp#27;[39m &amp#27;[90m1 ms - 22&amp#27;[39m
&amp#27;[38;5;0m[HTTP]&amp#27;[0m &amp#27;[90m&amp#27;[39m
&amp#27;[38;5;0m[HTTP]&amp#27;[0m &amp#27;[37m-->&amp#27;[39m &amp#27;[37mPOST&amp#27;[39m &amp#27;[37m/session/28adf0bf-7ee8-437a-b2e7-798510efe6fe/element&amp#27;[39m
&amp#27;[38;5;0m[HTTP]&amp#27;[0m &amp#27;[90m{"using":"xpath","value":"//XCUIElementTypeStaticText[@name=\"END ROUTINE\"]"}&amp#27;[39m
&amp#27;[38;5;32m[XCUITestDriver@e07a (28adf0bf)]&amp#27;[0m Calling AppiumDriver.findElement() with args: ["xpath","//XCUIElementTypeStaticText[@name=\"END ROUTINE\"]","28adf0bf-7ee8-437a-b2e7-798510efe6fe"]
&amp#27;[38;5;32m[XCUITestDriver@e07a (28adf0bf)]&amp#27;[0m Executing command 'findElement'
&amp#27;[38;5;32m[XCUITestDriver@e07a (28adf0bf)]&amp#27;[0m Valid locator strategies for this request: xpath, id, name, class name, -ios predicate string, -ios class chain, accessibility id, css selector
&amp#27;[38;5;32m[XCUITestDriver@e07a (28adf0bf)]&amp#27;[0m Waiting up to 0 ms for condition
&amp#27;[38;5;32m[XCUITestDriver@e07a (28adf0bf)]&amp#27;[0m Matched '/element' to command name 'findElement'
&amp#27;[38;5;32m[XCUITestDriver@e07a (28adf0bf)]&amp#27;[0m Proxying [POST /element] to [POST http://127.0.0.1:8100/session/E78FC83E-19E7-4136-B719-97A048452808/element] with body: {"using":"xpath","value":"//XCUIElementTypeStaticText[@name=\"END ROUTINE\"]"}
&amp#27;[38;5;32m[XCUITestDriver@e07a (28adf0bf)]&amp#27;[0m Got response with status 200: {"value":{"ELEMENT":"37070000-0000-0000-0103-000000000000","element-6066-11e4-a52e-4f735466cecf":"37070000-0000-0000-0103-000000000000"},"sessionId":"E78FC83E-19E7-4136-B719-97A048452808"}
&amp#27;[38;5;32m[XCUITestDriver@e07a (28adf0bf)]&amp#27;[0m Responding to client with driver.findElement() result: {"element-6066-11e4-a52e-4f735466cecf":"37070000-0000-0000-0103-000000000000","ELEMENT":"37070000-0000-0000-0103-000000000000"}
&amp#27;[38;5;0m[HTTP]&amp#27;[0m &amp#27;[37m<-- POST /session/28adf0bf-7ee8-437a-b2e7-798510efe6fe/element &amp#27;[39m&amp#27;[32m200&amp#27;[39m &amp#27;[90m927 ms - 137&amp#27;[39m
&amp#27;[38;5;0m[HTTP]&amp#27;[0m &amp#27;[90m&amp#27;[39m
&amp#27;[38;5;0m[HTTP]&amp#27;[0m &amp#27;[37m-->&amp#27;[39m &amp#27;[37mPOST&amp#27;[39m &amp#27;[37m/session/28adf0bf-7ee8-437a-b2e7-798510efe6fe/element/37070000-0000-0000-0103-000000000000/click&amp#27;[39m
&amp#27;[38;5;0m[HTTP]&amp#27;[0m &amp#27;[90m{"id":"37070000-0000-0000-0103-000000000000"}&amp#27;[39m
&amp#27;[38;5;32m[XCUITestDriver@e07a (28adf0bf)]&amp#27;[0m Driver proxy active, passing request on via HTTP proxy
&amp#27;[38;5;32m[XCUITestDriver@e07a (28adf0bf)]&amp#27;[0m Executing command 'proxyReqRes'
&amp#27;[38;5;32m[XCUITestDriver@e07a (28adf0bf)]&amp#27;[0m Matched '/session/28adf0bf-7ee8-437a-b2e7-798510efe6fe/element/37070000-0000-0000-0103-000000000000/click' to command name 'click'
&amp#27;[38;5;32m[XCUITestDriver@e07a (28adf0bf)]&amp#27;[0m Proxying [POST /session/28adf0bf-7ee8-437a-b2e7-798510efe6fe/element/37070000-0000-0000-0103-000000000000/click] to [POST http://127.0.0.1:8100/session/E78FC83E-19E7-4136-B719-97A048452808/element/37070000-0000-0000-0103-000000000000/click] with body: {"id":"37070000-0000-0000-0103-000000000000"}
&amp#27;[38;5;32m[XCUITestDriver@e07a (28adf0bf)]&amp#27;[0m Got response with status 200: {"value":null,"sessionId":"E78FC83E-19E7-4136-B719-97A048452808"}
&amp#27;[38;5;32m[XCUITestDriver@e07a (28adf0bf)]&amp#27;[0m Replacing sessionId E78FC83E-19E7-4136-B719-97A048452808 with 28adf0bf-7ee8-437a-b2e7-798510efe6fe
&amp#27;[38;5;0m[HTTP]&amp#27;[0m &amp#27;[37m<-- POST /session/28adf0bf-7ee8-437a-b2e7-798510efe6fe/element/37070000-0000-0000-0103-000000000000/click &amp#27;[39m&amp#27;[32m200&amp#27;[39m &amp#27;[90m891 ms - 65&amp#27;[39m
&amp#27;[38;5;0m[HTTP]&amp#27;[0m &amp#27;[90m&amp#27;[39m
Routine overview screen closed!!
]]></system-out>
  </testcase>
  <testcase name="testBreakToggle" classname="testCases.WaveSeriesOtherRollerTCs" time="82.539">
    <system-out><![CDATA[&amp#27;[38;5;0m[HTTP]&amp#27;[0m &amp#27;[37m-->&amp#27;[39m &amp#27;[37mGET&amp#27;[39m &amp#27;[37m/session/28adf0bf-7ee8-437a-b2e7-798510efe6fe/context&amp#27;[39m
&amp#27;[38;5;0m[HTTP]&amp#27;[0m &amp#27;[90m{}&amp#27;[39m
&amp#27;[38;5;32m[XCUITestDriver@e07a (28adf0bf)]&amp#27;[0m Calling AppiumDriver.getCurrentContext() with args: ["28adf0bf-7ee8-437a-b2e7-798510efe6fe"]
&amp#27;[38;5;32m[XCUITestDriver@e07a (28adf0bf)]&amp#27;[0m Executing command 'getCurrentContext'
&amp#27;[38;5;32m[XCUITestDriver@e07a (28adf0bf)]&amp#27;[0m Responding to client with driver.getCurrentContext() result: "NATIVE_APP"
&amp#27;[38;5;0m[HTTP]&amp#27;[0m &amp#27;[37m<-- GET /session/28adf0bf-7ee8-437a-b2e7-798510efe6fe/context &amp#27;[39m&amp#27;[32m200&amp#27;[39m &amp#27;[90m1 ms - 22&amp#27;[39m
&amp#27;[38;5;0m[HTTP]&amp#27;[0m &amp#27;[90m&amp#27;[39m
&amp#27;[38;5;0m[HTTP]&amp#27;[0m &amp#27;[37m-->&amp#27;[39m &amp#27;[37mPOST&amp#27;[39m &amp#27;[37m/session/28adf0bf-7ee8-437a-b2e7-798510efe6fe/element&amp#27;[39m
&amp#27;[38;5;0m[HTTP]&amp#27;[0m &amp#27;[90m{"using":"xpath","value":"//XCUIElementTypeStaticText[@name=\"Preferences\"]"}&amp#27;[39m
&amp#27;[38;5;32m[XCUITestDriver@e07a (28adf0bf)]&amp#27;[0m Calling AppiumDriver.findElement() with args: ["xpath","//XCUIElementTypeStaticText[@name=\"Preferences\"]","28adf0bf-7ee8-437a-b2e7-798510efe6fe"]
&amp#27;[38;5;32m[XCUITestDriver@e07a (28adf0bf)]&amp#27;[0m Executing command 'findElement'
&amp#27;[38;5;32m[XCUITestDriver@e07a (28adf0bf)]&amp#27;[0m Valid locator strategies for this request: xpath, id, name, class name, -ios predicate string, -ios class chain, accessibility id, css selector
&amp#27;[38;5;32m[XCUITestDriver@e07a (28adf0bf)]&amp#27;[0m Waiting up to 0 ms for condition
&amp#27;[38;5;32m[XCUITestDriver@e07a (28adf0bf)]&amp#27;[0m Matched '/element' to command name 'findElement'
&amp#27;[38;5;32m[XCUITestDriver@e07a (28adf0bf)]&amp#27;[0m Proxying [POST /element] to [POST http://127.0.0.1:8100/session/E78FC83E-19E7-4136-B719-97A048452808/element] with body: {"using":"xpath","value":"//XCUIElementTypeStaticText[@name=\"Preferences\"]"}
&amp#27;[38;5;32m[XCUITestDriver@e07a (28adf0bf)]&amp#27;[0m Got response with status 200: {"value":{"ELEMENT":"F3060000-0000-0000-0103-000000000000","element-6066-11e4-a52e-4f735466cecf":"F3060000-0000-0000-0103-000000000000"},"sessionId":"E78FC83E-19E7-4136-B719-97A048452808"}
&amp#27;[38;5;32m[XCUITestDriver@e07a (28adf0bf)]&amp#27;[0m Responding to client with driver.findElement() result: {"element-6066-11e4-a52e-4f735466cecf":"F3060000-0000-0000-0103-000000000000","ELEMENT":"F3060000-0000-0000-0103-000000000000"}
&amp#27;[38;5;0m[HTTP]&amp#27;[0m &amp#27;[37m<-- POST /session/28adf0bf-7ee8-437a-b2e7-798510efe6fe/element &amp#27;[39m&amp#27;[32m200&amp#27;[39m &amp#27;[90m709 ms - 137&amp#27;[39m
&amp#27;[38;5;0m[HTTP]&amp#27;[0m &amp#27;[90m&amp#27;[39m
&amp#27;[38;5;0m[HTTP]&amp#27;[0m &amp#27;[37m-->&amp#27;[39m &amp#27;[37mGET&amp#27;[39m &amp#27;[37m/session/28adf0bf-7ee8-437a-b2e7-798510efe6fe/element/F3060000-0000-0000-0103-000000000000/rect&amp#27;[39m
&amp#27;[38;5;0m[HTTP]&amp#27;[0m &amp#27;[90m{}&amp#27;[39m
&amp#27;[38;5;32m[XCUITestDriver@e07a (28adf0bf)]&amp#27;[0m Driver proxy active, passing request on via HTTP proxy
&amp#27;[38;5;32m[XCUITestDriver@e07a (28adf0bf)]&amp#27;[0m Executing command 'proxyReqRes'
&amp#27;[38;5;32m[XCUITestDriver@e07a (28adf0bf)]&amp#27;[0m Matched '/session/28adf0bf-7ee8-437a-b2e7-798510efe6fe/element/F3060000-0000-0000-0103-000000000000/rect' to command name 'getElementRect'
&amp#27;[38;5;32m[XCUITestDriver@e07a (28adf0bf)]&amp#27;[0m Proxying [GET /session/28adf0bf-7ee8-437a-b2e7-798510efe6fe/element/F3060000-0000-0000-0103-000000000000/rect] to [GET http://127.0.0.1:8100/session/E78FC83E-19E7-4136-B719-97A048452808/element/F3060000-0000-0000-0103-000000000000/rect] with no body
&amp#27;[38;5;32m[XCUITestDriver@e07a (28adf0bf)]&amp#27;[0m Got response with status 200: {"value":{"y":380,"x":163,"width":79,"height":24},"sessionId":"E78FC83E-19E7-4136-B719-97A048452808"}
&amp#27;[38;5;32m[XCUITestDriver@e07a (28adf0bf)]&amp#27;[0m Replacing sessionId E78FC83E-19E7-4136-B719-97A048452808 with 28adf0bf-7ee8-437a-b2e7-798510efe6fe
&amp#27;[38;5;0m[HTTP]&amp#27;[0m &amp#27;[37m<-- GET /session/28adf0bf-7ee8-437a-b2e7-798510efe6fe/element/F3060000-0000-0000-0103-000000000000/rect &amp#27;[39m&amp#27;[32m200&amp#27;[39m &amp#27;[90m100 ms - 101&amp#27;[39m
&amp#27;[38;5;0m[HTTP]&amp#27;[0m &amp#27;[90m&amp#27;[39m
&amp#27;[38;5;0m[HTTP]&amp#27;[0m &amp#27;[37m-->&amp#27;[39m &amp#27;[37mGET&amp#27;[39m &amp#27;[37m/session/28adf0bf-7ee8-437a-b2e7-798510efe6fe/context&amp#27;[39m
&amp#27;[38;5;0m[HTTP]&amp#27;[0m &amp#27;[90m{}&amp#27;[39m
&amp#27;[38;5;32m[XCUITestDriver@e07a (28adf0bf)]&amp#27;[0m Calling AppiumDriver.getCurrentContext() with args: ["28adf0bf-7ee8-437a-b2e7-798510efe6fe"]
&amp#27;[38;5;32m[XCUITestDriver@e07a (28adf0bf)]&amp#27;[0m Executing command 'getCurrentContext'
&amp#27;[38;5;32m[XCUITestDriver@e07a (28adf0bf)]&amp#27;[0m Responding to client with driver.getCurrentContext() result: "NATIVE_APP"
&amp#27;[38;5;0m[HTTP]&amp#27;[0m &amp#27;[37m<-- GET /session/28adf0bf-7ee8-437a-b2e7-798510efe6fe/context &amp#27;[39m&amp#27;[32m200&amp#27;[39m &amp#27;[90m1 ms - 22&amp#27;[39m
&amp#27;[38;5;0m[HTTP]&amp#27;[0m &amp#27;[90m&amp#27;[39m
&amp#27;[38;5;0m[HTTP]&amp#27;[0m &amp#27;[37m-->&amp#27;[39m &amp#27;[37mPOST&amp#27;[39m &amp#27;[37m/session/28adf0bf-7ee8-437a-b2e7-798510efe6fe/element&amp#27;[39m
&amp#27;[38;5;0m[HTTP]&amp#27;[0m &amp#27;[90m{"using":"xpath","value":"//XCUIElementTypeStaticText[@name=\"Preferences\"]"}&amp#27;[39m
&amp#27;[38;5;32m[XCUITestDriver@e07a (28adf0bf)]&amp#27;[0m Calling AppiumDriver.findElement() with args: ["xpath","//XCUIElementTypeStaticText[@name=\"Preferences\"]","28adf0bf-7ee8-437a-b2e7-798510efe6fe"]
&amp#27;[38;5;32m[XCUITestDriver@e07a (28adf0bf)]&amp#27;[0m Executing command 'findElement'
&amp#27;[38;5;32m[XCUITestDriver@e07a (28adf0bf)]&amp#27;[0m Valid locator strategies for this request: xpath, id, name, class name, -ios predicate string, -ios class chain, accessibility id, css selector
&amp#27;[38;5;32m[XCUITestDriver@e07a (28adf0bf)]&amp#27;[0m Waiting up to 0 ms for condition
&amp#27;[38;5;32m[XCUITestDriver@e07a (28adf0bf)]&amp#27;[0m Matched '/element' to command name 'findElement'
&amp#27;[38;5;32m[XCUITestDriver@e07a (28adf0bf)]&amp#27;[0m Proxying [POST /element] to [POST http://127.0.0.1:8100/session/E78FC83E-19E7-4136-B719-97A048452808/element] with body: {"using":"xpath","value":"//XCUIElementTypeStaticText[@name=\"Preferences\"]"}
&amp#27;[38;5;32m[XCUITestDriver@e07a (28adf0bf)]&amp#27;[0m Got response with status 200: {"value":{"ELEMENT":"F3060000-0000-0000-0103-000000000000","element-6066-11e4-a52e-4f735466cecf":"F3060000-0000-0000-0103-000000000000"},"sessionId":"E78FC83E-19E7-4136-B719-97A048452808"}
&amp#27;[38;5;32m[XCUITestDriver@e07a (28adf0bf)]&amp#27;[0m Responding to client with driver.findElement() result: {"element-6066-11e4-a52e-4f735466cecf":"F3060000-0000-0000-0103-000000000000","ELEMENT":"F3060000-0000-0000-0103-000000000000"}
&amp#27;[38;5;0m[HTTP]&amp#27;[0m &amp#27;[37m<-- POST /session/28adf0bf-7ee8-437a-b2e7-798510efe6fe/element &amp#27;[39m&amp#27;[32m200&amp#27;[39m &amp#27;[90m649 ms - 137&amp#27;[39m
&amp#27;[38;5;0m[HTTP]&amp#27;[0m &amp#27;[90m&amp#27;[39m
&amp#27;[38;5;0m[HTTP]&amp#27;[0m &amp#27;[37m-->&amp#27;[39m &amp#27;[37mGET&amp#27;[39m &amp#27;[37m/session/28adf0bf-7ee8-437a-b2e7-798510efe6fe/element/F3060000-0000-0000-0103-000000000000/rect&amp#27;[39m
&amp#27;[38;5;0m[HTTP]&amp#27;[0m &amp#27;[90m{}&amp#27;[39m
&amp#27;[38;5;32m[XCUITestDriver@e07a (28adf0bf)]&amp#27;[0m Driver proxy active, passing request on via HTTP proxy
&amp#27;[38;5;32m[XCUITestDriver@e07a (28adf0bf)]&amp#27;[0m Executing command 'proxyReqRes'
&amp#27;[38;5;32m[XCUITestDriver@e07a (28adf0bf)]&amp#27;[0m Matched '/session/28adf0bf-7ee8-437a-b2e7-798510efe6fe/element/F3060000-0000-0000-0103-000000000000/rect' to command name 'getElementRect'
&amp#27;[38;5;32m[XCUITestDriver@e07a (28adf0bf)]&amp#27;[0m Proxying [GET /session/28adf0bf-7ee8-437a-b2e7-798510efe6fe/element/F3060000-0000-0000-0103-000000000000/rect] to [GET http://127.0.0.1:8100/session/E78FC83E-19E7-4136-B719-97A048452808/element/F3060000-0000-0000-0103-000000000000/rect] with no body
&amp#27;[38;5;32m[XCUITestDriver@e07a (28adf0bf)]&amp#27;[0m Got response with status 200: {"value":{"y":380,"x":163,"width":79,"height":24},"sessionId":"E78FC83E-19E7-4136-B719-97A048452808"}
&amp#27;[38;5;32m[XCUITestDriver@e07a (28adf0bf)]&amp#27;[0m Replacing sessionId E78FC83E-19E7-4136-B719-97A048452808 with 28adf0bf-7ee8-437a-b2e7-798510efe6fe
&amp#27;[38;5;0m[HTTP]&amp#27;[0m &amp#27;[37m<-- GET /session/28adf0bf-7ee8-437a-b2e7-798510efe6fe/element/F3060000-0000-0000-0103-000000000000/rect &amp#27;[39m&amp#27;[32m200&amp#27;[39m &amp#27;[90m68 ms - 101&amp#27;[39m
&amp#27;[38;5;0m[HTTP]&amp#27;[0m &amp#27;[90m&amp#27;[39m
&amp#27;[38;5;0m[HTTP]&amp#27;[0m &amp#27;[37m-->&amp#27;[39m &amp#27;[37mGET&amp#27;[39m &amp#27;[37m/session/28adf0bf-7ee8-437a-b2e7-798510efe6fe/context&amp#27;[39m
&amp#27;[38;5;0m[HTTP]&amp#27;[0m &amp#27;[90m{}&amp#27;[39m
&amp#27;[38;5;32m[XCUITestDriver@e07a (28adf0bf)]&amp#27;[0m Calling AppiumDriver.getCurrentContext() with args: ["28adf0bf-7ee8-437a-b2e7-798510efe6fe"]
&amp#27;[38;5;32m[XCUITestDriver@e07a (28adf0bf)]&amp#27;[0m Executing command 'getCurrentContext'
&amp#27;[38;5;32m[XCUITestDriver@e07a (28adf0bf)]&amp#27;[0m Responding to client with driver.getCurrentContext() result: "NATIVE_APP"
&amp#27;[38;5;0m[HTTP]&amp#27;[0m &amp#27;[37m<-- GET /session/28adf0bf-7ee8-437a-b2e7-798510efe6fe/context &amp#27;[39m&amp#27;[32m200&amp#27;[39m &amp#27;[90m1 ms - 22&amp#27;[39m
&amp#27;[38;5;0m[HTTP]&amp#27;[0m &amp#27;[90m&amp#27;[39m
&amp#27;[38;5;0m[HTTP]&amp#27;[0m &amp#27;[37m-->&amp#27;[39m &amp#27;[37mPOST&amp#27;[39m &amp#27;[37m/session/28adf0bf-7ee8-437a-b2e7-798510efe6fe/element&amp#27;[39m
&amp#27;[38;5;0m[HTTP]&amp#27;[0m &amp#27;[90m{"using":"xpath","value":"//XCUIElementTypeStaticText[@name=\"Preferences\"]"}&amp#27;[39m
&amp#27;[38;5;32m[XCUITestDriver@e07a (28adf0bf)]&amp#27;[0m Calling AppiumDriver.findElement() with args: ["xpath","//XCUIElementTypeStaticText[@name=\"Preferences\"]","28adf0bf-7ee8-437a-b2e7-798510efe6fe"]
&amp#27;[38;5;32m[XCUITestDriver@e07a (28adf0bf)]&amp#27;[0m Executing command 'findElement'
&amp#27;[38;5;32m[XCUITestDriver@e07a (28adf0bf)]&amp#27;[0m Valid locator strategies for this request: xpath, id, name, class name, -ios predicate string, -ios class chain, accessibility id, css selector
&amp#27;[38;5;32m[XCUITestDriver@e07a (28adf0bf)]&amp#27;[0m Waiting up to 0 ms for condition
&amp#27;[38;5;32m[XCUITestDriver@e07a (28adf0bf)]&amp#27;[0m Matched '/element' to command name 'findElement'
&amp#27;[38;5;32m[XCUITestDriver@e07a (28adf0bf)]&amp#27;[0m Proxying [POST /element] to [POST http://127.0.0.1:8100/session/E78FC83E-19E7-4136-B719-97A048452808/element] with body: {"using":"xpath","value":"//XCUIElementTypeStaticText[@name=\"Preferences\"]"}
&amp#27;[38;5;32m[XCUITestDriver@e07a (28adf0bf)]&amp#27;[0m Got response with status 200: {"value":{"ELEMENT":"F3060000-0000-0000-0103-000000000000","element-6066-11e4-a52e-4f735466cecf":"F3060000-0000-0000-0103-000000000000"},"sessionId":"E78FC83E-19E7-4136-B719-97A048452808"}
&amp#27;[38;5;32m[XCUITestDriver@e07a (28adf0bf)]&amp#27;[0m Responding to client with driver.findElement() result: {"element-6066-11e4-a52e-4f735466cecf":"F3060000-0000-0000-0103-000000000000","ELEMENT":"F3060000-0000-0000-0103-000000000000"}
&amp#27;[38;5;0m[HTTP]&amp#27;[0m &amp#27;[37m<-- POST /session/28adf0bf-7ee8-437a-b2e7-798510efe6fe/element &amp#27;[39m&amp#27;[32m200&amp#27;[39m &amp#27;[90m724 ms - 137&amp#27;[39m
&amp#27;[38;5;0m[HTTP]&amp#27;[0m &amp#27;[90m&amp#27;[39m
&amp#27;[38;5;0m[HTTP]&amp#27;[0m &amp#27;[37m-->&amp#27;[39m &amp#27;[37mGET&amp#27;[39m &amp#27;[37m/session/28adf0bf-7ee8-437a-b2e7-798510efe6fe/element/F3060000-0000-0000-0103-000000000000/rect&amp#27;[39m
&amp#27;[38;5;0m[HTTP]&amp#27;[0m &amp#27;[90m{}&amp#27;[39m
&amp#27;[38;5;32m[XCUITestDriver@e07a (28adf0bf)]&amp#27;[0m Driver proxy active, passing request on via HTTP proxy
&amp#27;[38;5;32m[XCUITestDriver@e07a (28adf0bf)]&amp#27;[0m Executing command 'proxyReqRes'
&amp#27;[38;5;32m[XCUITestDriver@e07a (28adf0bf)]&amp#27;[0m Matched '/session/28adf0bf-7ee8-437a-b2e7-798510efe6fe/element/F3060000-0000-0000-0103-000000000000/rect' to command name 'getElementRect'
&amp#27;[38;5;32m[XCUITestDriver@e07a (28adf0bf)]&amp#27;[0m Proxying [GET /session/28adf0bf-7ee8-437a-b2e7-798510efe6fe/element/F3060000-0000-0000-0103-000000000000/rect] to [GET http://127.0.0.1:8100/session/E78FC83E-19E7-4136-B719-97A048452808/element/F3060000-0000-0000-0103-000000000000/rect] with no body
&amp#27;[38;5;32m[XCUITestDriver@e07a (28adf0bf)]&amp#27;[0m Got response with status 200: {"value":{"y":380,"x":163,"width":79,"height":24},"sessionId":"E78FC83E-19E7-4136-B719-97A048452808"}
&amp#27;[38;5;32m[XCUITestDriver@e07a (28adf0bf)]&amp#27;[0m Replacing sessionId E78FC83E-19E7-4136-B719-97A048452808 with 28adf0bf-7ee8-437a-b2e7-798510efe6fe
&amp#27;[38;5;0m[HTTP]&amp#27;[0m &amp#27;[37m<-- GET /session/28adf0bf-7ee8-437a-b2e7-798510efe6fe/element/F3060000-0000-0000-0103-000000000000/rect &amp#27;[39m&amp#27;[32m200&amp#27;[39m &amp#27;[90m67 ms - 101&amp#27;[39m
&amp#27;[38;5;0m[HTTP]&amp#27;[0m &amp#27;[90m&amp#27;[39m
&amp#27;[38;5;0m[HTTP]&amp#27;[0m &amp#27;[37m-->&amp#27;[39m &amp#27;[37mGET&amp#27;[39m &amp#27;[37m/session/28adf0bf-7ee8-437a-b2e7-798510efe6fe/context&amp#27;[39m
&amp#27;[38;5;0m[HTTP]&amp#27;[0m &amp#27;[90m{}&amp#27;[39m
&amp#27;[38;5;32m[XCUITestDriver@e07a (28adf0bf)]&amp#27;[0m Calling AppiumDriver.getCurrentContext() with args: ["28adf0bf-7ee8-437a-b2e7-798510efe6fe"]
&amp#27;[38;5;32m[XCUITestDriver@e07a (28adf0bf)]&amp#27;[0m Executing command 'getCurrentContext'
&amp#27;[38;5;32m[XCUITestDriver@e07a (28adf0bf)]&amp#27;[0m Responding to client with driver.getCurrentContext() result: "NATIVE_APP"
&amp#27;[38;5;0m[HTTP]&amp#27;[0m &amp#27;[37m<-- GET /session/28adf0bf-7ee8-437a-b2e7-798510efe6fe/context &amp#27;[39m&amp#27;[32m200&amp#27;[39m &amp#27;[90m1 ms - 22&amp#27;[39m
&amp#27;[38;5;0m[HTTP]&amp#27;[0m &amp#27;[90m&amp#27;[39m
&amp#27;[38;5;0m[HTTP]&amp#27;[0m &amp#27;[37m-->&amp#27;[39m &amp#27;[37mPOST&amp#27;[39m &amp#27;[37m/session/28adf0bf-7ee8-437a-b2e7-798510efe6fe/element&amp#27;[39m
&amp#27;[38;5;0m[HTTP]&amp#27;[0m &amp#27;[90m{"using":"xpath","value":"//XCUIElementTypeStaticText[@name=\"Preferences\"]"}&amp#27;[39m
&amp#27;[38;5;32m[XCUITestDriver@e07a (28adf0bf)]&amp#27;[0m Calling AppiumDriver.findElement() with args: ["xpath","//XCUIElementTypeStaticText[@name=\"Preferences\"]","28adf0bf-7ee8-437a-b2e7-798510efe6fe"]
&amp#27;[38;5;32m[XCUITestDriver@e07a (28adf0bf)]&amp#27;[0m Executing command 'findElement'
&amp#27;[38;5;32m[XCUITestDriver@e07a (28adf0bf)]&amp#27;[0m Valid locator strategies for this request: xpath, id, name, class name, -ios predicate string, -ios class chain, accessibility id, css selector
&amp#27;[38;5;32m[XCUITestDriver@e07a (28adf0bf)]&amp#27;[0m Waiting up to 0 ms for condition
&amp#27;[38;5;32m[XCUITestDriver@e07a (28adf0bf)]&amp#27;[0m Matched '/element' to command name 'findElement'
&amp#27;[38;5;32m[XCUITestDriver@e07a (28adf0bf)]&amp#27;[0m Proxying [POST /element] to [POST http://127.0.0.1:8100/session/E78FC83E-19E7-4136-B719-97A048452808/element] with body: {"using":"xpath","value":"//XCUIElementTypeStaticText[@name=\"Preferences\"]"}
&amp#27;[38;5;32m[XCUITestDriver@e07a (28adf0bf)]&amp#27;[0m Got response with status 200: {"value":{"ELEMENT":"F3060000-0000-0000-0103-000000000000","element-6066-11e4-a52e-4f735466cecf":"F3060000-0000-0000-0103-000000000000"},"sessionId":"E78FC83E-19E7-4136-B719-97A048452808"}
&amp#27;[38;5;32m[XCUITestDriver@e07a (28adf0bf)]&amp#27;[0m Responding to client with driver.findElement() result: {"element-6066-11e4-a52e-4f735466cecf":"F3060000-0000-0000-0103-000000000000","ELEMENT":"F3060000-0000-0000-0103-000000000000"}
&amp#27;[38;5;0m[HTTP]&amp#27;[0m &amp#27;[37m<-- POST /session/28adf0bf-7ee8-437a-b2e7-798510efe6fe/element &amp#27;[39m&amp#27;[32m200&amp#27;[39m &amp#27;[90m839 ms - 137&amp#27;[39m
&amp#27;[38;5;0m[HTTP]&amp#27;[0m &amp#27;[90m&amp#27;[39m
&amp#27;[38;5;0m[HTTP]&amp#27;[0m &amp#27;[37m-->&amp#27;[39m &amp#27;[37mGET&amp#27;[39m &amp#27;[37m/session/28adf0bf-7ee8-437a-b2e7-798510efe6fe/element/F3060000-0000-0000-0103-000000000000/rect&amp#27;[39m
&amp#27;[38;5;0m[HTTP]&amp#27;[0m &amp#27;[90m{}&amp#27;[39m
&amp#27;[38;5;32m[XCUITestDriver@e07a (28adf0bf)]&amp#27;[0m Driver proxy active, passing request on via HTTP proxy
&amp#27;[38;5;32m[XCUITestDriver@e07a (28adf0bf)]&amp#27;[0m Executing command 'proxyReqRes'
&amp#27;[38;5;32m[XCUITestDriver@e07a (28adf0bf)]&amp#27;[0m Matched '/session/28adf0bf-7ee8-437a-b2e7-798510efe6fe/element/F3060000-0000-0000-0103-000000000000/rect' to command name 'getElementRect'
&amp#27;[38;5;32m[XCUITestDriver@e07a (28adf0bf)]&amp#27;[0m Proxying [GET /session/28adf0bf-7ee8-437a-b2e7-798510efe6fe/element/F3060000-0000-0000-0103-000000000000/rect] to [GET http://127.0.0.1:8100/session/E78FC83E-19E7-4136-B719-97A048452808/element/F3060000-0000-0000-0103-000000000000/rect] with no body
&amp#27;[38;5;32m[XCUITestDriver@e07a (28adf0bf)]&amp#27;[0m Got response with status 200: {"value":{"y":380,"x":163,"width":79,"height":24},"sessionId":"E78FC83E-19E7-4136-B719-97A048452808"}
&amp#27;[38;5;32m[XCUITestDriver@e07a (28adf0bf)]&amp#27;[0m Replacing sessionId E78FC83E-19E7-4136-B719-97A048452808 with 28adf0bf-7ee8-437a-b2e7-798510efe6fe
&amp#27;[38;5;0m[HTTP]&amp#27;[0m &amp#27;[37m<-- GET /session/28adf0bf-7ee8-437a-b2e7-798510efe6fe/element/F3060000-0000-0000-0103-000000000000/rect &amp#27;[39m&amp#27;[32m200&amp#27;[39m &amp#27;[90m79 ms - 101&amp#27;[39m
&amp#27;[38;5;0m[HTTP]&amp#27;[0m &amp#27;[90m&amp#27;[39m
&amp#27;[38;5;0m[HTTP]&amp#27;[0m &amp#27;[37m-->&amp#27;[39m &amp#27;[37mPOST&amp#27;[39m &amp#27;[37m/session/28adf0bf-7ee8-437a-b2e7-798510efe6fe/actions&amp#27;[39m
&amp#27;[38;5;0m[HTTP]&amp#27;[0m &amp#27;[90m{"actions":[{"id":"finger","type":"pointer","parameters":{"pointerType":"touch"},"actions":[{"duration":0,"type":"pause"},{"duration":0,"x":202,"y":392,"type":"pointerMove","origin":"viewport"},{"button":0,"type":"pointerDown"},{"button":0,"type":"pointerUp"}]}]}&amp#27;[39m
&amp#27;[38;5;32m[XCUITestDriver@e07a (28adf0bf)]&amp#27;[0m Calling AppiumDriver.performActions() with args: [[{"id":"finger","type":"pointer","parameters":{"pointerType":"touch"},"actions":[{"duration":0,"type":"pause"},{"duration":0,"x":202,"y":392,"type":"pointerMove","origin":"viewport"},{"button":0,"type":"pointerDown"},{"button":0,"type":"pointerUp"}]}],"28adf0bf-7ee8-437a-b2e7-798510efe6fe"]
&amp#27;[38;5;32m[XCUITestDriver@e07a (28adf0bf)]&amp#27;[0m Executing command 'performActions'
&amp#27;[38;5;32m[XCUITestDriver@e07a (28adf0bf)]&amp#27;[0m Received the following W3C actions: [
&amp#27;[38;5;32m[XCUITestDriver@e07a (28adf0bf)]&amp#27;[0m   {
&amp#27;[38;5;32m[XCUITestDriver@e07a (28adf0bf)]&amp#27;[0m     "id": "finger",
&amp#27;[38;5;32m[XCUITestDriver@e07a (28adf0bf)]&amp#27;[0m     "type": "pointer",
&amp#27;[38;5;32m[XCUITestDriver@e07a (28adf0bf)]&amp#27;[0m     "parameters": {
&amp#27;[38;5;32m[XCUITestDriver@e07a (28adf0bf)]&amp#27;[0m       "pointerType": "touch"
&amp#27;[38;5;32m[XCUITestDriver@e07a (28adf0bf)]&amp#27;[0m     },
&amp#27;[38;5;32m[XCUITestDriver@e07a (28adf0bf)]&amp#27;[0m     "actions": [
&amp#27;[38;5;32m[XCUITestDriver@e07a (28adf0bf)]&amp#27;[0m       {
&amp#27;[38;5;32m[XCUITestDriver@e07a (28adf0bf)]&amp#27;[0m         "duration": 0,
&amp#27;[38;5;32m[XCUITestDriver@e07a (28adf0bf)]&amp#27;[0m         "type": "pause"
&amp#27;[38;5;32m[XCUITestDriver@e07a (28adf0bf)]&amp#27;[0m       },
&amp#27;[38;5;32m[XCUITestDriver@e07a (28adf0bf)]&amp#27;[0m       {
&amp#27;[38;5;32m[XCUITestDriver@e07a (28adf0bf)]&amp#27;[0m         "duration": 0,
&amp#27;[38;5;32m[XCUITestDriver@e07a (28adf0bf)]&amp#27;[0m         "x": 202,
&amp#27;[38;5;32m[XCUITestDriver@e07a (28adf0bf)]&amp#27;[0m         "y": 392,
&amp#27;[38;5;32m[XCUITestDriver@e07a (28adf0bf)]&amp#27;[0m         "type": "pointerMove",
&amp#27;[38;5;32m[XCUITestDriver@e07a (28adf0bf)]&amp#27;[0m         "origin": "viewport"
&amp#27;[38;5;32m[XCUITestDriver@e07a (28adf0bf)]&amp#27;[0m       },
&amp#27;[38;5;32m[XCUITestDriver@e07a (28adf0bf)]&amp#27;[0m       {
&amp#27;[38;5;32m[XCUITestDriver@e07a (28adf0bf)]&amp#27;[0m         "button": 0,
&amp#27;[38;5;32m[XCUITestDriver@e07a (28adf0bf)]&amp#27;[0m         "type": "pointerDown"
&amp#27;[38;5;32m[XCUITestDriver@e07a (28adf0bf)]&amp#27;[0m       },
&amp#27;[38;5;32m[XCUITestDriver@e07a (28adf0bf)]&amp#27;[0m       {
&amp#27;[38;5;32m[XCUITestDriver@e07a (28adf0bf)]&amp#27;[0m         "button": 0,
&amp#27;[38;5;32m[XCUITestDriver@e07a (28adf0bf)]&amp#27;[0m         "type": "pointerUp"
&amp#27;[38;5;32m[XCUITestDriver@e07a (28adf0bf)]&amp#27;[0m       }
&amp#27;[38;5;32m[XCUITestDriver@e07a (28adf0bf)]&amp#27;[0m     ]
&amp#27;[38;5;32m[XCUITestDriver@e07a (28adf0bf)]&amp#27;[0m   }
&amp#27;[38;5;32m[XCUITestDriver@e07a (28adf0bf)]&amp#27;[0m ]
&amp#27;[38;5;32m[XCUITestDriver@e07a (28adf0bf)]&amp#27;[0m Preprocessed actions: [
&amp#27;[38;5;32m[XCUITestDriver@e07a (28adf0bf)]&amp#27;[0m   {
&amp#27;[38;5;32m[XCUITestDriver@e07a (28adf0bf)]&amp#27;[0m     "id": "finger",
&amp#27;[38;5;32m[XCUITestDriver@e07a (28adf0bf)]&amp#27;[0m     "type": "pointer",
&amp#27;[38;5;32m[XCUITestDriver@e07a (28adf0bf)]&amp#27;[0m     "parameters": {
&amp#27;[38;5;32m[XCUITestDriver@e07a (28adf0bf)]&amp#27;[0m       "pointerType": "touch"
&amp#27;[38;5;32m[XCUITestDriver@e07a (28adf0bf)]&amp#27;[0m     },
&amp#27;[38;5;32m[XCUITestDriver@e07a (28adf0bf)]&amp#27;[0m     "actions": [
&amp#27;[38;5;32m[XCUITestDriver@e07a (28adf0bf)]&amp#27;[0m       {
&amp#27;[38;5;32m[XCUITestDriver@e07a (28adf0bf)]&amp#27;[0m         "duration": 0,
&amp#27;[38;5;32m[XCUITestDriver@e07a (28adf0bf)]&amp#27;[0m         "x": 202,
&amp#27;[38;5;32m[XCUITestDriver@e07a (28adf0bf)]&amp#27;[0m         "y": 392,
&amp#27;[38;5;32m[XCUITestDriver@e07a (28adf0bf)]&amp#27;[0m         "type": "pointerMove",
&amp#27;[38;5;32m[XCUITestDriver@e07a (28adf0bf)]&amp#27;[0m         "origin": "viewport"
&amp#27;[38;5;32m[XCUITestDriver@e07a (28adf0bf)]&amp#27;[0m       },
&amp#27;[38;5;32m[XCUITestDriver@e07a (28adf0bf)]&amp#27;[0m       {
&amp#27;[38;5;32m[XCUITestDriver@e07a (28adf0bf)]&amp#27;[0m         "button": 0,
&amp#27;[38;5;32m[XCUITestDriver@e07a (28adf0bf)]&amp#27;[0m         "type": "pointerDown"
&amp#27;[38;5;32m[XCUITestDriver@e07a (28adf0bf)]&amp#27;[0m       },
&amp#27;[38;5;32m[XCUITestDriver@e07a (28adf0bf)]&amp#27;[0m       {
&amp#27;[38;5;32m[XCUITestDriver@e07a (28adf0bf)]&amp#27;[0m         "button": 0,
&amp#27;[38;5;32m[XCUITestDriver@e07a (28adf0bf)]&amp#27;[0m         "type": "pointerUp"
&amp#27;[38;5;32m[XCUITestDriver@e07a (28adf0bf)]&amp#27;[0m       }
&amp#27;[38;5;32m[XCUITestDriver@e07a (28adf0bf)]&amp#27;[0m     ]
&amp#27;[38;5;32m[XCUITestDriver@e07a (28adf0bf)]&amp#27;[0m   }
&amp#27;[38;5;32m[XCUITestDriver@e07a (28adf0bf)]&amp#27;[0m ]
&amp#27;[38;5;32m[XCUITestDriver@e07a (28adf0bf)]&amp#27;[0m Matched '/actions' to command name 'performActions'
&amp#27;[38;5;32m[XCUITestDriver@e07a (28adf0bf)]&amp#27;[0m Proxying [POST /actions] to [POST http://127.0.0.1:8100/session/E78FC83E-19E7-4136-B719-97A048452808/actions] with body: {"actions":[{"id":"finger","type":"pointer","parameters":{"pointerType":"touch"},"actions":[{"duration":0,"x":202,"y":392,"type":"pointerMove","origin":"viewport"},{"button":0,"type":"pointerDown"},{"button":0,"type":"pointerUp"}]}]}
&amp#27;[38;5;32m[XCUITestDriver@e07a (28adf0bf)]&amp#27;[0m Got response with status 200: {"value":null,"sessionId":"E78FC83E-19E7-4136-B719-97A048452808"}
&amp#27;[38;5;32m[XCUITestDriver@e07a (28adf0bf)]&amp#27;[0m Responding to client with driver.performActions() result: null
&amp#27;[38;5;0m[HTTP]&amp#27;[0m &amp#27;[37m<-- POST /session/28adf0bf-7ee8-437a-b2e7-798510efe6fe/actions &amp#27;[39m&amp#27;[32m200&amp#27;[39m &amp#27;[90m804 ms - 14&amp#27;[39m
&amp#27;[38;5;0m[HTTP]&amp#27;[0m &amp#27;[90m&amp#27;[39m
Trying to click
&amp#27;[38;5;0m[HTTP]&amp#27;[0m &amp#27;[37m-->&amp#27;[39m &amp#27;[37mGET&amp#27;[39m &amp#27;[37m/session/28adf0bf-7ee8-437a-b2e7-798510efe6fe/context&amp#27;[39m
&amp#27;[38;5;0m[HTTP]&amp#27;[0m &amp#27;[90m{}&amp#27;[39m
&amp#27;[38;5;32m[XCUITestDriver@e07a (28adf0bf)]&amp#27;[0m Calling AppiumDriver.getCurrentContext() with args: ["28adf0bf-7ee8-437a-b2e7-798510efe6fe"]
&amp#27;[38;5;32m[XCUITestDriver@e07a (28adf0bf)]&amp#27;[0m Executing command 'getCurrentContext'
&amp#27;[38;5;32m[XCUITestDriver@e07a (28adf0bf)]&amp#27;[0m Responding to client with driver.getCurrentContext() result: "NATIVE_APP"
&amp#27;[38;5;0m[HTTP]&amp#27;[0m &amp#27;[37m<-- GET /session/28adf0bf-7ee8-437a-b2e7-798510efe6fe/context &amp#27;[39m&amp#27;[32m200&amp#27;[39m &amp#27;[90m2 ms - 22&amp#27;[39m
&amp#27;[38;5;0m[HTTP]&amp#27;[0m &amp#27;[90m&amp#27;[39m
&amp#27;[38;5;0m[HTTP]&amp#27;[0m &amp#27;[37m-->&amp#27;[39m &amp#27;[37mPOST&amp#27;[39m &amp#27;[37m/session/28adf0bf-7ee8-437a-b2e7-798510efe6fe/element&amp#27;[39m
&amp#27;[38;5;0m[HTTP]&amp#27;[0m &amp#27;[90m{"using":"xpath","value":"//XCUIElementTypeStaticText[@name=\"Breaks\"]"}&amp#27;[39m
&amp#27;[38;5;32m[XCUITestDriver@e07a (28adf0bf)]&amp#27;[0m Calling AppiumDriver.findElement() with args: ["xpath","//XCUIElementTypeStaticText[@name=\"Breaks\"]","28adf0bf-7ee8-437a-b2e7-798510efe6fe"]
&amp#27;[38;5;32m[XCUITestDriver@e07a (28adf0bf)]&amp#27;[0m Executing command 'findElement'
&amp#27;[38;5;32m[XCUITestDriver@e07a (28adf0bf)]&amp#27;[0m Valid locator strategies for this request: xpath, id, name, class name, -ios predicate string, -ios class chain, accessibility id, css selector
&amp#27;[38;5;32m[XCUITestDriver@e07a (28adf0bf)]&amp#27;[0m Waiting up to 0 ms for condition
&amp#27;[38;5;32m[XCUITestDriver@e07a (28adf0bf)]&amp#27;[0m Matched '/element' to command name 'findElement'
&amp#27;[38;5;32m[XCUITestDriver@e07a (28adf0bf)]&amp#27;[0m Proxying [POST /element] to [POST http://127.0.0.1:8100/session/E78FC83E-19E7-4136-B719-97A048452808/element] with body: {"using":"xpath","value":"//XCUIElementTypeStaticText[@name=\"Breaks\"]"}
&amp#27;[38;5;32m[XCUITestDriver@e07a (28adf0bf)]&amp#27;[0m Got response with status 200: {"value":{"ELEMENT":"4D070000-0000-0000-0103-000000000000","element-6066-11e4-a52e-4f735466cecf":"4D070000-0000-0000-0103-000000000000"},"sessionId":"E78FC83E-19E7-4136-B719-97A048452808"}
&amp#27;[38;5;32m[XCUITestDriver@e07a (28adf0bf)]&amp#27;[0m Responding to client with driver.findElement() result: {"element-6066-11e4-a52e-4f735466cecf":"4D070000-0000-0000-0103-000000000000","ELEMENT":"4D070000-0000-0000-0103-000000000000"}
&amp#27;[38;5;0m[HTTP]&amp#27;[0m &amp#27;[37m<-- POST /session/28adf0bf-7ee8-437a-b2e7-798510efe6fe/element &amp#27;[39m&amp#27;[32m200&amp#27;[39m &amp#27;[90m536 ms - 137&amp#27;[39m
&amp#27;[38;5;0m[HTTP]&amp#27;[0m &amp#27;[90m&amp#27;[39m
&amp#27;[38;5;0m[HTTP]&amp#27;[0m &amp#27;[37m-->&amp#27;[39m &amp#27;[37mGET&amp#27;[39m &amp#27;[37m/session/28adf0bf-7ee8-437a-b2e7-798510efe6fe/element/4D070000-0000-0000-0103-000000000000/displayed&amp#27;[39m
&amp#27;[38;5;0m[HTTP]&amp#27;[0m &amp#27;[90m{}&amp#27;[39m
&amp#27;[38;5;32m[XCUITestDriver@e07a (28adf0bf)]&amp#27;[0m Driver proxy active, passing request on via HTTP proxy
&amp#27;[38;5;32m[XCUITestDriver@e07a (28adf0bf)]&amp#27;[0m Executing command 'proxyReqRes'
&amp#27;[38;5;32m[XCUITestDriver@e07a (28adf0bf)]&amp#27;[0m Matched '/session/28adf0bf-7ee8-437a-b2e7-798510efe6fe/element/4D070000-0000-0000-0103-000000000000/displayed' to command name 'elementDisplayed'
&amp#27;[38;5;32m[XCUITestDriver@e07a (28adf0bf)]&amp#27;[0m Proxying [GET /session/28adf0bf-7ee8-437a-b2e7-798510efe6fe/element/4D070000-0000-0000-0103-000000000000/displayed] to [GET http://127.0.0.1:8100/session/E78FC83E-19E7-4136-B719-97A048452808/element/4D070000-0000-0000-0103-000000000000/displayed] with no body
&amp#27;[38;5;32m[XCUITestDriver@e07a (28adf0bf)]&amp#27;[0m Got response with status 200: {"value":true,"sessionId":"E78FC83E-19E7-4136-B719-97A048452808"}
&amp#27;[38;5;32m[XCUITestDriver@e07a (28adf0bf)]&amp#27;[0m Replacing sessionId E78FC83E-19E7-4136-B719-97A048452808 with 28adf0bf-7ee8-437a-b2e7-798510efe6fe
&amp#27;[38;5;0m[HTTP]&amp#27;[0m &amp#27;[37m<-- GET /session/28adf0bf-7ee8-437a-b2e7-798510efe6fe/element/4D070000-0000-0000-0103-000000000000/displayed &amp#27;[39m&amp#27;[32m200&amp#27;[39m &amp#27;[90m79 ms - 65&amp#27;[39m
&amp#27;[38;5;0m[HTTP]&amp#27;[0m &amp#27;[90m&amp#27;[39m
&amp#27;[38;5;0m[HTTP]&amp#27;[0m &amp#27;[37m-->&amp#27;[39m &amp#27;[37mGET&amp#27;[39m &amp#27;[37m/session/28adf0bf-7ee8-437a-b2e7-798510efe6fe/context&amp#27;[39m
&amp#27;[38;5;0m[HTTP]&amp#27;[0m &amp#27;[90m{}&amp#27;[39m
&amp#27;[38;5;32m[XCUITestDriver@e07a (28adf0bf)]&amp#27;[0m Calling AppiumDriver.getCurrentContext() with args: ["28adf0bf-7ee8-437a-b2e7-798510efe6fe"]
&amp#27;[38;5;32m[XCUITestDriver@e07a (28adf0bf)]&amp#27;[0m Executing command 'getCurrentContext'
&amp#27;[38;5;32m[XCUITestDriver@e07a (28adf0bf)]&amp#27;[0m Responding to client with driver.getCurrentContext() result: "NATIVE_APP"
&amp#27;[38;5;0m[HTTP]&amp#27;[0m &amp#27;[37m<-- GET /session/28adf0bf-7ee8-437a-b2e7-798510efe6fe/context &amp#27;[39m&amp#27;[32m200&amp#27;[39m &amp#27;[90m1 ms - 22&amp#27;[39m
&amp#27;[38;5;0m[HTTP]&amp#27;[0m &amp#27;[90m&amp#27;[39m
&amp#27;[38;5;0m[HTTP]&amp#27;[0m &amp#27;[37m-->&amp#27;[39m &amp#27;[37mPOST&amp#27;[39m &amp#27;[37m/session/28adf0bf-7ee8-437a-b2e7-798510efe6fe/element&amp#27;[39m
&amp#27;[38;5;0m[HTTP]&amp#27;[0m &amp#27;[90m{"using":"xpath","value":"//XCUIElementTypeStaticText[@name=\"Breaks\"]"}&amp#27;[39m
&amp#27;[38;5;32m[XCUITestDriver@e07a (28adf0bf)]&amp#27;[0m Calling AppiumDriver.findElement() with args: ["xpath","//XCUIElementTypeStaticText[@name=\"Breaks\"]","28adf0bf-7ee8-437a-b2e7-798510efe6fe"]
&amp#27;[38;5;32m[XCUITestDriver@e07a (28adf0bf)]&amp#27;[0m Executing command 'findElement'
&amp#27;[38;5;32m[XCUITestDriver@e07a (28adf0bf)]&amp#27;[0m Valid locator strategies for this request: xpath, id, name, class name, -ios predicate string, -ios class chain, accessibility id, css selector
&amp#27;[38;5;32m[XCUITestDriver@e07a (28adf0bf)]&amp#27;[0m Waiting up to 0 ms for condition
&amp#27;[38;5;32m[XCUITestDriver@e07a (28adf0bf)]&amp#27;[0m Matched '/element' to command name 'findElement'
&amp#27;[38;5;32m[XCUITestDriver@e07a (28adf0bf)]&amp#27;[0m Proxying [POST /element] to [POST http://127.0.0.1:8100/session/E78FC83E-19E7-4136-B719-97A048452808/element] with body: {"using":"xpath","value":"//XCUIElementTypeStaticText[@name=\"Breaks\"]"}
&amp#27;[38;5;32m[XCUITestDriver@e07a (28adf0bf)]&amp#27;[0m Got response with status 200: {"value":{"ELEMENT":"4D070000-0000-0000-0103-000000000000","element-6066-11e4-a52e-4f735466cecf":"4D070000-0000-0000-0103-000000000000"},"sessionId":"E78FC83E-19E7-4136-B719-97A048452808"}
&amp#27;[38;5;32m[XCUITestDriver@e07a (28adf0bf)]&amp#27;[0m Responding to client with driver.findElement() result: {"element-6066-11e4-a52e-4f735466cecf":"4D070000-0000-0000-0103-000000000000","ELEMENT":"4D070000-0000-0000-0103-000000000000"}
&amp#27;[38;5;0m[HTTP]&amp#27;[0m &amp#27;[37m<-- POST /session/28adf0bf-7ee8-437a-b2e7-798510efe6fe/element &amp#27;[39m&amp#27;[32m200&amp#27;[39m &amp#27;[90m538 ms - 137&amp#27;[39m
&amp#27;[38;5;0m[HTTP]&amp#27;[0m &amp#27;[90m&amp#27;[39m
&amp#27;[38;5;0m[HTTP]&amp#27;[0m &amp#27;[37m-->&amp#27;[39m &amp#27;[37mGET&amp#27;[39m &amp#27;[37m/session/28adf0bf-7ee8-437a-b2e7-798510efe6fe/element/4D070000-0000-0000-0103-000000000000/enabled&amp#27;[39m
&amp#27;[38;5;0m[HTTP]&amp#27;[0m &amp#27;[90m{}&amp#27;[39m
&amp#27;[38;5;32m[XCUITestDriver@e07a (28adf0bf)]&amp#27;[0m Driver proxy active, passing request on via HTTP proxy
&amp#27;[38;5;32m[XCUITestDriver@e07a (28adf0bf)]&amp#27;[0m Executing command 'proxyReqRes'
&amp#27;[38;5;32m[XCUITestDriver@e07a (28adf0bf)]&amp#27;[0m Matched '/session/28adf0bf-7ee8-437a-b2e7-798510efe6fe/element/4D070000-0000-0000-0103-000000000000/enabled' to command name 'elementEnabled'
&amp#27;[38;5;32m[XCUITestDriver@e07a (28adf0bf)]&amp#27;[0m Proxying [GET /session/28adf0bf-7ee8-437a-b2e7-798510efe6fe/element/4D070000-0000-0000-0103-000000000000/enabled] to [GET http://127.0.0.1:8100/session/E78FC83E-19E7-4136-B719-97A048452808/element/4D070000-0000-0000-0103-000000000000/enabled] with no body
&amp#27;[38;5;32m[XCUITestDriver@e07a (28adf0bf)]&amp#27;[0m Got response with status 200: {"value":true,"sessionId":"E78FC83E-19E7-4136-B719-97A048452808"}
&amp#27;[38;5;32m[XCUITestDriver@e07a (28adf0bf)]&amp#27;[0m Replacing sessionId E78FC83E-19E7-4136-B719-97A048452808 with 28adf0bf-7ee8-437a-b2e7-798510efe6fe
&amp#27;[38;5;0m[HTTP]&amp#27;[0m &amp#27;[37m<-- GET /session/28adf0bf-7ee8-437a-b2e7-798510efe6fe/element/4D070000-0000-0000-0103-000000000000/enabled &amp#27;[39m&amp#27;[32m200&amp#27;[39m &amp#27;[90m66 ms - 65&amp#27;[39m
&amp#27;[38;5;0m[HTTP]&amp#27;[0m &amp#27;[90m&amp#27;[39m
&amp#27;[38;5;0m[HTTP]&amp#27;[0m &amp#27;[37m-->&amp#27;[39m &amp#27;[37mGET&amp#27;[39m &amp#27;[37m/session/28adf0bf-7ee8-437a-b2e7-798510efe6fe/context&amp#27;[39m
&amp#27;[38;5;0m[HTTP]&amp#27;[0m &amp#27;[90m{}&amp#27;[39m
&amp#27;[38;5;32m[XCUITestDriver@e07a (28adf0bf)]&amp#27;[0m Calling AppiumDriver.getCurrentContext() with args: ["28adf0bf-7ee8-437a-b2e7-798510efe6fe"]
&amp#27;[38;5;32m[XCUITestDriver@e07a (28adf0bf)]&amp#27;[0m Executing command 'getCurrentContext'
&amp#27;[38;5;32m[XCUITestDriver@e07a (28adf0bf)]&amp#27;[0m Responding to client with driver.getCurrentContext() result: "NATIVE_APP"
&amp#27;[38;5;0m[HTTP]&amp#27;[0m &amp#27;[37m<-- GET /session/28adf0bf-7ee8-437a-b2e7-798510efe6fe/context &amp#27;[39m&amp#27;[32m200&amp#27;[39m &amp#27;[90m1 ms - 22&amp#27;[39m
&amp#27;[38;5;0m[HTTP]&amp#27;[0m &amp#27;[90m&amp#27;[39m
&amp#27;[38;5;0m[HTTP]&amp#27;[0m &amp#27;[37m-->&amp#27;[39m &amp#27;[37mPOST&amp#27;[39m &amp#27;[37m/session/28adf0bf-7ee8-437a-b2e7-798510efe6fe/element&amp#27;[39m
&amp#27;[38;5;0m[HTTP]&amp#27;[0m &amp#27;[90m{"using":"xpath","value":"//XCUIElementTypeStaticText[@name=\"Breaks\"]"}&amp#27;[39m
&amp#27;[38;5;32m[XCUITestDriver@e07a (28adf0bf)]&amp#27;[0m Calling AppiumDriver.findElement() with args: ["xpath","//XCUIElementTypeStaticText[@name=\"Breaks\"]","28adf0bf-7ee8-437a-b2e7-798510efe6fe"]
&amp#27;[38;5;32m[XCUITestDriver@e07a (28adf0bf)]&amp#27;[0m Executing command 'findElement'
&amp#27;[38;5;32m[XCUITestDriver@e07a (28adf0bf)]&amp#27;[0m Valid locator strategies for this request: xpath, id, name, class name, -ios predicate string, -ios class chain, accessibility id, css selector
&amp#27;[38;5;32m[XCUITestDriver@e07a (28adf0bf)]&amp#27;[0m Waiting up to 0 ms for condition
&amp#27;[38;5;32m[XCUITestDriver@e07a (28adf0bf)]&amp#27;[0m Matched '/element' to command name 'findElement'
&amp#27;[38;5;32m[XCUITestDriver@e07a (28adf0bf)]&amp#27;[0m Proxying [POST /element] to [POST http://127.0.0.1:8100/session/E78FC83E-19E7-4136-B719-97A048452808/element] with body: {"using":"xpath","value":"//XCUIElementTypeStaticText[@name=\"Breaks\"]"}
&amp#27;[38;5;32m[XCUITestDriver@e07a (28adf0bf)]&amp#27;[0m Got response with status 200: {"value":{"ELEMENT":"4D070000-0000-0000-0103-000000000000","element-6066-11e4-a52e-4f735466cecf":"4D070000-0000-0000-0103-000000000000"},"sessionId":"E78FC83E-19E7-4136-B719-97A048452808"}
&amp#27;[38;5;32m[XCUITestDriver@e07a (28adf0bf)]&amp#27;[0m Responding to client with driver.findElement() result: {"element-6066-11e4-a52e-4f735466cecf":"4D070000-0000-0000-0103-000000000000","ELEMENT":"4D070000-0000-0000-0103-000000000000"}
&amp#27;[38;5;0m[HTTP]&amp#27;[0m &amp#27;[37m<-- POST /session/28adf0bf-7ee8-437a-b2e7-798510efe6fe/element &amp#27;[39m&amp#27;[32m200&amp#27;[39m &amp#27;[90m733 ms - 137&amp#27;[39m
&amp#27;[38;5;0m[HTTP]&amp#27;[0m &amp#27;[90m&amp#27;[39m
&amp#27;[38;5;0m[HTTP]&amp#27;[0m &amp#27;[37m-->&amp#27;[39m &amp#27;[37mPOST&amp#27;[39m &amp#27;[37m/session/28adf0bf-7ee8-437a-b2e7-798510efe6fe/element/4D070000-0000-0000-0103-000000000000/click&amp#27;[39m
&amp#27;[38;5;0m[HTTP]&amp#27;[0m &amp#27;[90m{"id":"4D070000-0000-0000-0103-000000000000"}&amp#27;[39m
&amp#27;[38;5;32m[XCUITestDriver@e07a (28adf0bf)]&amp#27;[0m Driver proxy active, passing request on via HTTP proxy
&amp#27;[38;5;32m[XCUITestDriver@e07a (28adf0bf)]&amp#27;[0m Executing command 'proxyReqRes'
&amp#27;[38;5;32m[XCUITestDriver@e07a (28adf0bf)]&amp#27;[0m Matched '/session/28adf0bf-7ee8-437a-b2e7-798510efe6fe/element/4D070000-0000-0000-0103-000000000000/click' to command name 'click'
&amp#27;[38;5;32m[XCUITestDriver@e07a (28adf0bf)]&amp#27;[0m Proxying [POST /session/28adf0bf-7ee8-437a-b2e7-798510efe6fe/element/4D070000-0000-0000-0103-000000000000/click] to [POST http://127.0.0.1:8100/session/E78FC83E-19E7-4136-B719-97A048452808/element/4D070000-0000-0000-0103-000000000000/click] with body: {"id":"4D070000-0000-0000-0103-000000000000"}
&amp#27;[38;5;32m[XCUITestDriver@e07a (28adf0bf)]&amp#27;[0m Got response with status 200: {"value":null,"sessionId":"E78FC83E-19E7-4136-B719-97A048452808"}
&amp#27;[38;5;32m[XCUITestDriver@e07a (28adf0bf)]&amp#27;[0m Replacing sessionId E78FC83E-19E7-4136-B719-97A048452808 with 28adf0bf-7ee8-437a-b2e7-798510efe6fe
&amp#27;[38;5;0m[HTTP]&amp#27;[0m &amp#27;[37m<-- POST /session/28adf0bf-7ee8-437a-b2e7-798510efe6fe/element/4D070000-0000-0000-0103-000000000000/click &amp#27;[39m&amp#27;[32m200&amp#27;[39m &amp#27;[90m983 ms - 65&amp#27;[39m
&amp#27;[38;5;0m[HTTP]&amp#27;[0m &amp#27;[90m&amp#27;[39m
&amp#27;[38;5;0m[HTTP]&amp#27;[0m &amp#27;[37m-->&amp#27;[39m &amp#27;[37mGET&amp#27;[39m &amp#27;[37m/session/28adf0bf-7ee8-437a-b2e7-798510efe6fe/context&amp#27;[39m
&amp#27;[38;5;0m[HTTP]&amp#27;[0m &amp#27;[90m{}&amp#27;[39m
&amp#27;[38;5;32m[XCUITestDriver@e07a (28adf0bf)]&amp#27;[0m Calling AppiumDriver.getCurrentContext() with args: ["28adf0bf-7ee8-437a-b2e7-798510efe6fe"]
&amp#27;[38;5;32m[XCUITestDriver@e07a (28adf0bf)]&amp#27;[0m Executing command 'getCurrentContext'
&amp#27;[38;5;32m[XCUITestDriver@e07a (28adf0bf)]&amp#27;[0m Responding to client with driver.getCurrentContext() result: "NATIVE_APP"
&amp#27;[38;5;0m[HTTP]&amp#27;[0m &amp#27;[37m<-- GET /session/28adf0bf-7ee8-437a-b2e7-798510efe6fe/context &amp#27;[39m&amp#27;[32m200&amp#27;[39m &amp#27;[90m1 ms - 22&amp#27;[39m
&amp#27;[38;5;0m[HTTP]&amp#27;[0m &amp#27;[90m&amp#27;[39m
&amp#27;[38;5;0m[HTTP]&amp#27;[0m &amp#27;[37m-->&amp#27;[39m &amp#27;[37mPOST&amp#27;[39m &amp#27;[37m/session/28adf0bf-7ee8-437a-b2e7-798510efe6fe/element&amp#27;[39m
&amp#27;[38;5;0m[HTTP]&amp#27;[0m &amp#27;[90m{"using":"xpath","value":"//XCUIElementTypeButton[@name=\"switch off\"]"}&amp#27;[39m
&amp#27;[38;5;32m[XCUITestDriver@e07a (28adf0bf)]&amp#27;[0m Calling AppiumDriver.findElement() with args: ["xpath","//XCUIElementTypeButton[@name=\"switch off\"]","28adf0bf-7ee8-437a-b2e7-798510efe6fe"]
&amp#27;[38;5;32m[XCUITestDriver@e07a (28adf0bf)]&amp#27;[0m Executing command 'findElement'
&amp#27;[38;5;32m[XCUITestDriver@e07a (28adf0bf)]&amp#27;[0m Valid locator strategies for this request: xpath, id, name, class name, -ios predicate string, -ios class chain, accessibility id, css selector
&amp#27;[38;5;32m[XCUITestDriver@e07a (28adf0bf)]&amp#27;[0m Waiting up to 0 ms for condition
&amp#27;[38;5;32m[XCUITestDriver@e07a (28adf0bf)]&amp#27;[0m Matched '/element' to command name 'findElement'
&amp#27;[38;5;32m[XCUITestDriver@e07a (28adf0bf)]&amp#27;[0m Proxying [POST /element] to [POST http://127.0.0.1:8100/session/E78FC83E-19E7-4136-B719-97A048452808/element] with body: {"using":"xpath","value":"//XCUIElementTypeButton[@name=\"switch off\"]"}
&amp#27;[38;5;32m[XCUITestDriver@e07a (28adf0bf)]&amp#27;[0m Got response with status 200: {"value":{"ELEMENT":"6E070000-0000-0000-0103-000000000000","element-6066-11e4-a52e-4f735466cecf":"6E070000-0000-0000-0103-000000000000"},"sessionId":"E78FC83E-19E7-4136-B719-97A048452808"}
&amp#27;[38;5;32m[XCUITestDriver@e07a (28adf0bf)]&amp#27;[0m Responding to client with driver.findElement() result: {"element-6066-11e4-a52e-4f735466cecf":"6E070000-0000-0000-0103-000000000000","ELEMENT":"6E070000-0000-0000-0103-000000000000"}
&amp#27;[38;5;0m[HTTP]&amp#27;[0m &amp#27;[37m<-- POST /session/28adf0bf-7ee8-437a-b2e7-798510efe6fe/element &amp#27;[39m&amp#27;[32m200&amp#27;[39m &amp#27;[90m400 ms - 137&amp#27;[39m
&amp#27;[38;5;0m[HTTP]&amp#27;[0m &amp#27;[90m&amp#27;[39m
&amp#27;[38;5;0m[HTTP]&amp#27;[0m &amp#27;[37m-->&amp#27;[39m &amp#27;[37mGET&amp#27;[39m &amp#27;[37m/session/28adf0bf-7ee8-437a-b2e7-798510efe6fe/element/6E070000-0000-0000-0103-000000000000/displayed&amp#27;[39m
&amp#27;[38;5;0m[HTTP]&amp#27;[0m &amp#27;[90m{}&amp#27;[39m
&amp#27;[38;5;32m[XCUITestDriver@e07a (28adf0bf)]&amp#27;[0m Driver proxy active, passing request on via HTTP proxy
&amp#27;[38;5;32m[XCUITestDriver@e07a (28adf0bf)]&amp#27;[0m Executing command 'proxyReqRes'
&amp#27;[38;5;32m[XCUITestDriver@e07a (28adf0bf)]&amp#27;[0m Matched '/session/28adf0bf-7ee8-437a-b2e7-798510efe6fe/element/6E070000-0000-0000-0103-000000000000/displayed' to command name 'elementDisplayed'
&amp#27;[38;5;32m[XCUITestDriver@e07a (28adf0bf)]&amp#27;[0m Proxying [GET /session/28adf0bf-7ee8-437a-b2e7-798510efe6fe/element/6E070000-0000-0000-0103-000000000000/displayed] to [GET http://127.0.0.1:8100/session/E78FC83E-19E7-4136-B719-97A048452808/element/6E070000-0000-0000-0103-000000000000/displayed] with no body
&amp#27;[38;5;32m[XCUITestDriver@e07a (28adf0bf)]&amp#27;[0m Got response with status 200: {"value":true,"sessionId":"E78FC83E-19E7-4136-B719-97A048452808"}
&amp#27;[38;5;32m[XCUITestDriver@e07a (28adf0bf)]&amp#27;[0m Replacing sessionId E78FC83E-19E7-4136-B719-97A048452808 with 28adf0bf-7ee8-437a-b2e7-798510efe6fe
&amp#27;[38;5;0m[HTTP]&amp#27;[0m &amp#27;[37m<-- GET /session/28adf0bf-7ee8-437a-b2e7-798510efe6fe/element/6E070000-0000-0000-0103-000000000000/displayed &amp#27;[39m&amp#27;[32m200&amp#27;[39m &amp#27;[90m66 ms - 65&amp#27;[39m
&amp#27;[38;5;0m[HTTP]&amp#27;[0m &amp#27;[90m&amp#27;[39m
&amp#27;[38;5;0m[HTTP]&amp#27;[0m &amp#27;[37m-->&amp#27;[39m &amp#27;[37mGET&amp#27;[39m &amp#27;[37m/session/28adf0bf-7ee8-437a-b2e7-798510efe6fe/context&amp#27;[39m
&amp#27;[38;5;0m[HTTP]&amp#27;[0m &amp#27;[90m{}&amp#27;[39m
&amp#27;[38;5;32m[XCUITestDriver@e07a (28adf0bf)]&amp#27;[0m Calling AppiumDriver.getCurrentContext() with args: ["28adf0bf-7ee8-437a-b2e7-798510efe6fe"]
&amp#27;[38;5;32m[XCUITestDriver@e07a (28adf0bf)]&amp#27;[0m Executing command 'getCurrentContext'
&amp#27;[38;5;32m[XCUITestDriver@e07a (28adf0bf)]&amp#27;[0m Responding to client with driver.getCurrentContext() result: "NATIVE_APP"
&amp#27;[38;5;0m[HTTP]&amp#27;[0m &amp#27;[37m<-- GET /session/28adf0bf-7ee8-437a-b2e7-798510efe6fe/context &amp#27;[39m&amp#27;[32m200&amp#27;[39m &amp#27;[90m1 ms - 22&amp#27;[39m
&amp#27;[38;5;0m[HTTP]&amp#27;[0m &amp#27;[90m&amp#27;[39m
&amp#27;[38;5;0m[HTTP]&amp#27;[0m &amp#27;[37m-->&amp#27;[39m &amp#27;[37mPOST&amp#27;[39m &amp#27;[37m/session/28adf0bf-7ee8-437a-b2e7-798510efe6fe/element&amp#27;[39m
&amp#27;[38;5;0m[HTTP]&amp#27;[0m &amp#27;[90m{"using":"xpath","value":"//XCUIElementTypeButton[@name=\"switch off\"]"}&amp#27;[39m
&amp#27;[38;5;32m[XCUITestDriver@e07a (28adf0bf)]&amp#27;[0m Calling AppiumDriver.findElement() with args: ["xpath","//XCUIElementTypeButton[@name=\"switch off\"]","28adf0bf-7ee8-437a-b2e7-798510efe6fe"]
&amp#27;[38;5;32m[XCUITestDriver@e07a (28adf0bf)]&amp#27;[0m Executing command 'findElement'
&amp#27;[38;5;32m[XCUITestDriver@e07a (28adf0bf)]&amp#27;[0m Valid locator strategies for this request: xpath, id, name, class name, -ios predicate string, -ios class chain, accessibility id, css selector
&amp#27;[38;5;32m[XCUITestDriver@e07a (28adf0bf)]&amp#27;[0m Waiting up to 0 ms for condition
&amp#27;[38;5;32m[XCUITestDriver@e07a (28adf0bf)]&amp#27;[0m Matched '/element' to command name 'findElement'
&amp#27;[38;5;32m[XCUITestDriver@e07a (28adf0bf)]&amp#27;[0m Proxying [POST /element] to [POST http://127.0.0.1:8100/session/E78FC83E-19E7-4136-B719-97A048452808/element] with body: {"using":"xpath","value":"//XCUIElementTypeButton[@name=\"switch off\"]"}
&amp#27;[38;5;32m[XCUITestDriver@e07a (28adf0bf)]&amp#27;[0m Got response with status 200: {"value":{"ELEMENT":"6E070000-0000-0000-0103-000000000000","element-6066-11e4-a52e-4f735466cecf":"6E070000-0000-0000-0103-000000000000"},"sessionId":"E78FC83E-19E7-4136-B719-97A048452808"}
&amp#27;[38;5;32m[XCUITestDriver@e07a (28adf0bf)]&amp#27;[0m Responding to client with driver.findElement() result: {"element-6066-11e4-a52e-4f735466cecf":"6E070000-0000-0000-0103-000000000000","ELEMENT":"6E070000-0000-0000-0103-000000000000"}
&amp#27;[38;5;0m[HTTP]&amp#27;[0m &amp#27;[37m<-- POST /session/28adf0bf-7ee8-437a-b2e7-798510efe6fe/element &amp#27;[39m&amp#27;[32m200&amp#27;[39m &amp#27;[90m435 ms - 137&amp#27;[39m
&amp#27;[38;5;0m[HTTP]&amp#27;[0m &amp#27;[90m&amp#27;[39m
&amp#27;[38;5;0m[HTTP]&amp#27;[0m &amp#27;[37m-->&amp#27;[39m &amp#27;[37mGET&amp#27;[39m &amp#27;[37m/session/28adf0bf-7ee8-437a-b2e7-798510efe6fe/element/6E070000-0000-0000-0103-000000000000/enabled&amp#27;[39m
&amp#27;[38;5;0m[HTTP]&amp#27;[0m &amp#27;[90m{}&amp#27;[39m
&amp#27;[38;5;32m[XCUITestDriver@e07a (28adf0bf)]&amp#27;[0m Driver proxy active, passing request on via HTTP proxy
&amp#27;[38;5;32m[XCUITestDriver@e07a (28adf0bf)]&amp#27;[0m Executing command 'proxyReqRes'
&amp#27;[38;5;32m[XCUITestDriver@e07a (28adf0bf)]&amp#27;[0m Matched '/session/28adf0bf-7ee8-437a-b2e7-798510efe6fe/element/6E070000-0000-0000-0103-000000000000/enabled' to command name 'elementEnabled'
&amp#27;[38;5;32m[XCUITestDriver@e07a (28adf0bf)]&amp#27;[0m Proxying [GET /session/28adf0bf-7ee8-437a-b2e7-798510efe6fe/element/6E070000-0000-0000-0103-000000000000/enabled] to [GET http://127.0.0.1:8100/session/E78FC83E-19E7-4136-B719-97A048452808/element/6E070000-0000-0000-0103-000000000000/enabled] with no body
&amp#27;[38;5;32m[XCUITestDriver@e07a (28adf0bf)]&amp#27;[0m Got response with status 200: {"value":true,"sessionId":"E78FC83E-19E7-4136-B719-97A048452808"}
&amp#27;[38;5;32m[XCUITestDriver@e07a (28adf0bf)]&amp#27;[0m Replacing sessionId E78FC83E-19E7-4136-B719-97A048452808 with 28adf0bf-7ee8-437a-b2e7-798510efe6fe
&amp#27;[38;5;0m[HTTP]&amp#27;[0m &amp#27;[37m<-- GET /session/28adf0bf-7ee8-437a-b2e7-798510efe6fe/element/6E070000-0000-0000-0103-000000000000/enabled &amp#27;[39m&amp#27;[32m200&amp#27;[39m &amp#27;[90m57 ms - 65&amp#27;[39m
&amp#27;[38;5;0m[HTTP]&amp#27;[0m &amp#27;[90m&amp#27;[39m
Trying to click
&amp#27;[38;5;0m[HTTP]&amp#27;[0m &amp#27;[37m-->&amp#27;[39m &amp#27;[37mGET&amp#27;[39m &amp#27;[37m/session/28adf0bf-7ee8-437a-b2e7-798510efe6fe/context&amp#27;[39m
&amp#27;[38;5;0m[HTTP]&amp#27;[0m &amp#27;[90m{}&amp#27;[39m
&amp#27;[38;5;32m[XCUITestDriver@e07a (28adf0bf)]&amp#27;[0m Calling AppiumDriver.getCurrentContext() with args: ["28adf0bf-7ee8-437a-b2e7-798510efe6fe"]
&amp#27;[38;5;32m[XCUITestDriver@e07a (28adf0bf)]&amp#27;[0m Executing command 'getCurrentContext'
&amp#27;[38;5;32m[XCUITestDriver@e07a (28adf0bf)]&amp#27;[0m Responding to client with driver.getCurrentContext() result: "NATIVE_APP"
&amp#27;[38;5;0m[HTTP]&amp#27;[0m &amp#27;[37m<-- GET /session/28adf0bf-7ee8-437a-b2e7-798510efe6fe/context &amp#27;[39m&amp#27;[32m200&amp#27;[39m &amp#27;[90m1 ms - 22&amp#27;[39m
&amp#27;[38;5;0m[HTTP]&amp#27;[0m &amp#27;[90m&amp#27;[39m
&amp#27;[38;5;0m[HTTP]&amp#27;[0m &amp#27;[37m-->&amp#27;[39m &amp#27;[37mPOST&amp#27;[39m &amp#27;[37m/session/28adf0bf-7ee8-437a-b2e7-798510efe6fe/element&amp#27;[39m
&amp#27;[38;5;0m[HTTP]&amp#27;[0m &amp#27;[90m{"using":"xpath","value":"//XCUIElementTypeButton[@name=\"switch off\"]"}&amp#27;[39m
&amp#27;[38;5;32m[XCUITestDriver@e07a (28adf0bf)]&amp#27;[0m Calling AppiumDriver.findElement() with args: ["xpath","//XCUIElementTypeButton[@name=\"switch off\"]","28adf0bf-7ee8-437a-b2e7-798510efe6fe"]
&amp#27;[38;5;32m[XCUITestDriver@e07a (28adf0bf)]&amp#27;[0m Executing command 'findElement'
&amp#27;[38;5;32m[XCUITestDriver@e07a (28adf0bf)]&amp#27;[0m Valid locator strategies for this request: xpath, id, name, class name, -ios predicate string, -ios class chain, accessibility id, css selector
&amp#27;[38;5;32m[XCUITestDriver@e07a (28adf0bf)]&amp#27;[0m Waiting up to 0 ms for condition
&amp#27;[38;5;32m[XCUITestDriver@e07a (28adf0bf)]&amp#27;[0m Matched '/element' to command name 'findElement'
&amp#27;[38;5;32m[XCUITestDriver@e07a (28adf0bf)]&amp#27;[0m Proxying [POST /element] to [POST http://127.0.0.1:8100/session/E78FC83E-19E7-4136-B719-97A048452808/element] with body: {"using":"xpath","value":"//XCUIElementTypeButton[@name=\"switch off\"]"}
&amp#27;[38;5;32m[XCUITestDriver@e07a (28adf0bf)]&amp#27;[0m Got response with status 200: {"value":{"ELEMENT":"6E070000-0000-0000-0103-000000000000","element-6066-11e4-a52e-4f735466cecf":"6E070000-0000-0000-0103-000000000000"},"sessionId":"E78FC83E-19E7-4136-B719-97A048452808"}
&amp#27;[38;5;32m[XCUITestDriver@e07a (28adf0bf)]&amp#27;[0m Responding to client with driver.findElement() result: {"element-6066-11e4-a52e-4f735466cecf":"6E070000-0000-0000-0103-000000000000","ELEMENT":"6E070000-0000-0000-0103-000000000000"}
&amp#27;[38;5;0m[HTTP]&amp#27;[0m &amp#27;[37m<-- POST /session/28adf0bf-7ee8-437a-b2e7-798510efe6fe/element &amp#27;[39m&amp#27;[32m200&amp#27;[39m &amp#27;[90m455 ms - 137&amp#27;[39m
&amp#27;[38;5;0m[HTTP]&amp#27;[0m &amp#27;[90m&amp#27;[39m
&amp#27;[38;5;0m[HTTP]&amp#27;[0m &amp#27;[37m-->&amp#27;[39m &amp#27;[37mGET&amp#27;[39m &amp#27;[37m/session/28adf0bf-7ee8-437a-b2e7-798510efe6fe/element/6E070000-0000-0000-0103-000000000000/displayed&amp#27;[39m
&amp#27;[38;5;0m[HTTP]&amp#27;[0m &amp#27;[90m{}&amp#27;[39m
&amp#27;[38;5;32m[XCUITestDriver@e07a (28adf0bf)]&amp#27;[0m Driver proxy active, passing request on via HTTP proxy
&amp#27;[38;5;32m[XCUITestDriver@e07a (28adf0bf)]&amp#27;[0m Executing command 'proxyReqRes'
&amp#27;[38;5;32m[XCUITestDriver@e07a (28adf0bf)]&amp#27;[0m Matched '/session/28adf0bf-7ee8-437a-b2e7-798510efe6fe/element/6E070000-0000-0000-0103-000000000000/displayed' to command name 'elementDisplayed'
&amp#27;[38;5;32m[XCUITestDriver@e07a (28adf0bf)]&amp#27;[0m Proxying [GET /session/28adf0bf-7ee8-437a-b2e7-798510efe6fe/element/6E070000-0000-0000-0103-000000000000/displayed] to [GET http://127.0.0.1:8100/session/E78FC83E-19E7-4136-B719-97A048452808/element/6E070000-0000-0000-0103-000000000000/displayed] with no body
&amp#27;[38;5;32m[XCUITestDriver@e07a (28adf0bf)]&amp#27;[0m Got response with status 200: {"value":true,"sessionId":"E78FC83E-19E7-4136-B719-97A048452808"}
&amp#27;[38;5;32m[XCUITestDriver@e07a (28adf0bf)]&amp#27;[0m Replacing sessionId E78FC83E-19E7-4136-B719-97A048452808 with 28adf0bf-7ee8-437a-b2e7-798510efe6fe
&amp#27;[38;5;0m[HTTP]&amp#27;[0m &amp#27;[37m<-- GET /session/28adf0bf-7ee8-437a-b2e7-798510efe6fe/element/6E070000-0000-0000-0103-000000000000/displayed &amp#27;[39m&amp#27;[32m200&amp#27;[39m &amp#27;[90m70 ms - 65&amp#27;[39m
&amp#27;[38;5;0m[HTTP]&amp#27;[0m &amp#27;[90m&amp#27;[39m
&amp#27;[38;5;0m[HTTP]&amp#27;[0m &amp#27;[37m-->&amp#27;[39m &amp#27;[37mGET&amp#27;[39m &amp#27;[37m/session/28adf0bf-7ee8-437a-b2e7-798510efe6fe/context&amp#27;[39m
&amp#27;[38;5;0m[HTTP]&amp#27;[0m &amp#27;[90m{}&amp#27;[39m
&amp#27;[38;5;32m[XCUITestDriver@e07a (28adf0bf)]&amp#27;[0m Calling AppiumDriver.getCurrentContext() with args: ["28adf0bf-7ee8-437a-b2e7-798510efe6fe"]
&amp#27;[38;5;32m[XCUITestDriver@e07a (28adf0bf)]&amp#27;[0m Executing command 'getCurrentContext'
&amp#27;[38;5;32m[XCUITestDriver@e07a (28adf0bf)]&amp#27;[0m Responding to client with driver.getCurrentContext() result: "NATIVE_APP"
&amp#27;[38;5;0m[HTTP]&amp#27;[0m &amp#27;[37m<-- GET /session/28adf0bf-7ee8-437a-b2e7-798510efe6fe/context &amp#27;[39m&amp#27;[32m200&amp#27;[39m &amp#27;[90m1 ms - 22&amp#27;[39m
&amp#27;[38;5;0m[HTTP]&amp#27;[0m &amp#27;[90m&amp#27;[39m
&amp#27;[38;5;0m[HTTP]&amp#27;[0m &amp#27;[37m-->&amp#27;[39m &amp#27;[37mPOST&amp#27;[39m &amp#27;[37m/session/28adf0bf-7ee8-437a-b2e7-798510efe6fe/element&amp#27;[39m
&amp#27;[38;5;0m[HTTP]&amp#27;[0m &amp#27;[90m{"using":"xpath","value":"//XCUIElementTypeButton[@name=\"switch off\"]"}&amp#27;[39m
&amp#27;[38;5;32m[XCUITestDriver@e07a (28adf0bf)]&amp#27;[0m Calling AppiumDriver.findElement() with args: ["xpath","//XCUIElementTypeButton[@name=\"switch off\"]","28adf0bf-7ee8-437a-b2e7-798510efe6fe"]
&amp#27;[38;5;32m[XCUITestDriver@e07a (28adf0bf)]&amp#27;[0m Executing command 'findElement'
&amp#27;[38;5;32m[XCUITestDriver@e07a (28adf0bf)]&amp#27;[0m Valid locator strategies for this request: xpath, id, name, class name, -ios predicate string, -ios class chain, accessibility id, css selector
&amp#27;[38;5;32m[XCUITestDriver@e07a (28adf0bf)]&amp#27;[0m Waiting up to 0 ms for condition
&amp#27;[38;5;32m[XCUITestDriver@e07a (28adf0bf)]&amp#27;[0m Matched '/element' to command name 'findElement'
&amp#27;[38;5;32m[XCUITestDriver@e07a (28adf0bf)]&amp#27;[0m Proxying [POST /element] to [POST http://127.0.0.1:8100/session/E78FC83E-19E7-4136-B719-97A048452808/element] with body: {"using":"xpath","value":"//XCUIElementTypeButton[@name=\"switch off\"]"}
&amp#27;[38;5;32m[XCUITestDriver@e07a (28adf0bf)]&amp#27;[0m Got response with status 200: {"value":{"ELEMENT":"6E070000-0000-0000-0103-000000000000","element-6066-11e4-a52e-4f735466cecf":"6E070000-0000-0000-0103-000000000000"},"sessionId":"E78FC83E-19E7-4136-B719-97A048452808"}
&amp#27;[38;5;32m[XCUITestDriver@e07a (28adf0bf)]&amp#27;[0m Responding to client with driver.findElement() result: {"element-6066-11e4-a52e-4f735466cecf":"6E070000-0000-0000-0103-000000000000","ELEMENT":"6E070000-0000-0000-0103-000000000000"}
&amp#27;[38;5;0m[HTTP]&amp#27;[0m &amp#27;[37m<-- POST /session/28adf0bf-7ee8-437a-b2e7-798510efe6fe/element &amp#27;[39m&amp#27;[32m200&amp#27;[39m &amp#27;[90m475 ms - 137&amp#27;[39m
&amp#27;[38;5;0m[HTTP]&amp#27;[0m &amp#27;[90m&amp#27;[39m
&amp#27;[38;5;0m[HTTP]&amp#27;[0m &amp#27;[37m-->&amp#27;[39m &amp#27;[37mGET&amp#27;[39m &amp#27;[37m/session/28adf0bf-7ee8-437a-b2e7-798510efe6fe/element/6E070000-0000-0000-0103-000000000000/enabled&amp#27;[39m
&amp#27;[38;5;0m[HTTP]&amp#27;[0m &amp#27;[90m{}&amp#27;[39m
&amp#27;[38;5;32m[XCUITestDriver@e07a (28adf0bf)]&amp#27;[0m Driver proxy active, passing request on via HTTP proxy
&amp#27;[38;5;32m[XCUITestDriver@e07a (28adf0bf)]&amp#27;[0m Executing command 'proxyReqRes'
&amp#27;[38;5;32m[XCUITestDriver@e07a (28adf0bf)]&amp#27;[0m Matched '/session/28adf0bf-7ee8-437a-b2e7-798510efe6fe/element/6E070000-0000-0000-0103-000000000000/enabled' to command name 'elementEnabled'
&amp#27;[38;5;32m[XCUITestDriver@e07a (28adf0bf)]&amp#27;[0m Proxying [GET /session/28adf0bf-7ee8-437a-b2e7-798510efe6fe/element/6E070000-0000-0000-0103-000000000000/enabled] to [GET http://127.0.0.1:8100/session/E78FC83E-19E7-4136-B719-97A048452808/element/6E070000-0000-0000-0103-000000000000/enabled] with no body
&amp#27;[38;5;32m[XCUITestDriver@e07a (28adf0bf)]&amp#27;[0m Got response with status 200: {"value":true,"sessionId":"E78FC83E-19E7-4136-B719-97A048452808"}
&amp#27;[38;5;32m[XCUITestDriver@e07a (28adf0bf)]&amp#27;[0m Replacing sessionId E78FC83E-19E7-4136-B719-97A048452808 with 28adf0bf-7ee8-437a-b2e7-798510efe6fe
&amp#27;[38;5;0m[HTTP]&amp#27;[0m &amp#27;[37m<-- GET /session/28adf0bf-7ee8-437a-b2e7-798510efe6fe/element/6E070000-0000-0000-0103-000000000000/enabled &amp#27;[39m&amp#27;[32m200&amp#27;[39m &amp#27;[90m56 ms - 65&amp#27;[39m
&amp#27;[38;5;0m[HTTP]&amp#27;[0m &amp#27;[90m&amp#27;[39m
&amp#27;[38;5;0m[HTTP]&amp#27;[0m &amp#27;[37m-->&amp#27;[39m &amp#27;[37mGET&amp#27;[39m &amp#27;[37m/session/28adf0bf-7ee8-437a-b2e7-798510efe6fe/context&amp#27;[39m
&amp#27;[38;5;0m[HTTP]&amp#27;[0m &amp#27;[90m{}&amp#27;[39m
&amp#27;[38;5;32m[XCUITestDriver@e07a (28adf0bf)]&amp#27;[0m Calling AppiumDriver.getCurrentContext() with args: ["28adf0bf-7ee8-437a-b2e7-798510efe6fe"]
&amp#27;[38;5;32m[XCUITestDriver@e07a (28adf0bf)]&amp#27;[0m Executing command 'getCurrentContext'
&amp#27;[38;5;32m[XCUITestDriver@e07a (28adf0bf)]&amp#27;[0m Responding to client with driver.getCurrentContext() result: "NATIVE_APP"
&amp#27;[38;5;0m[HTTP]&amp#27;[0m &amp#27;[37m<-- GET /session/28adf0bf-7ee8-437a-b2e7-798510efe6fe/context &amp#27;[39m&amp#27;[32m200&amp#27;[39m &amp#27;[90m1 ms - 22&amp#27;[39m
&amp#27;[38;5;0m[HTTP]&amp#27;[0m &amp#27;[90m&amp#27;[39m
&amp#27;[38;5;0m[HTTP]&amp#27;[0m &amp#27;[37m-->&amp#27;[39m &amp#27;[37mPOST&amp#27;[39m &amp#27;[37m/session/28adf0bf-7ee8-437a-b2e7-798510efe6fe/element&amp#27;[39m
&amp#27;[38;5;0m[HTTP]&amp#27;[0m &amp#27;[90m{"using":"xpath","value":"//XCUIElementTypeButton[@name=\"switch off\"]"}&amp#27;[39m
&amp#27;[38;5;32m[XCUITestDriver@e07a (28adf0bf)]&amp#27;[0m Calling AppiumDriver.findElement() with args: ["xpath","//XCUIElementTypeButton[@name=\"switch off\"]","28adf0bf-7ee8-437a-b2e7-798510efe6fe"]
&amp#27;[38;5;32m[XCUITestDriver@e07a (28adf0bf)]&amp#27;[0m Executing command 'findElement'
&amp#27;[38;5;32m[XCUITestDriver@e07a (28adf0bf)]&amp#27;[0m Valid locator strategies for this request: xpath, id, name, class name, -ios predicate string, -ios class chain, accessibility id, css selector
&amp#27;[38;5;32m[XCUITestDriver@e07a (28adf0bf)]&amp#27;[0m Waiting up to 0 ms for condition
&amp#27;[38;5;32m[XCUITestDriver@e07a (28adf0bf)]&amp#27;[0m Matched '/element' to command name 'findElement'
&amp#27;[38;5;32m[XCUITestDriver@e07a (28adf0bf)]&amp#27;[0m Proxying [POST /element] to [POST http://127.0.0.1:8100/session/E78FC83E-19E7-4136-B719-97A048452808/element] with body: {"using":"xpath","value":"//XCUIElementTypeButton[@name=\"switch off\"]"}
&amp#27;[38;5;32m[XCUITestDriver@e07a (28adf0bf)]&amp#27;[0m Got response with status 200: {"value":{"ELEMENT":"6E070000-0000-0000-0103-000000000000","element-6066-11e4-a52e-4f735466cecf":"6E070000-0000-0000-0103-000000000000"},"sessionId":"E78FC83E-19E7-4136-B719-97A048452808"}
&amp#27;[38;5;32m[XCUITestDriver@e07a (28adf0bf)]&amp#27;[0m Responding to client with driver.findElement() result: {"element-6066-11e4-a52e-4f735466cecf":"6E070000-0000-0000-0103-000000000000","ELEMENT":"6E070000-0000-0000-0103-000000000000"}
&amp#27;[38;5;0m[HTTP]&amp#27;[0m &amp#27;[37m<-- POST /session/28adf0bf-7ee8-437a-b2e7-798510efe6fe/element &amp#27;[39m&amp#27;[32m200&amp#27;[39m &amp#27;[90m489 ms - 137&amp#27;[39m
&amp#27;[38;5;0m[HTTP]&amp#27;[0m &amp#27;[90m&amp#27;[39m
&amp#27;[38;5;0m[HTTP]&amp#27;[0m &amp#27;[37m-->&amp#27;[39m &amp#27;[37mPOST&amp#27;[39m &amp#27;[37m/session/28adf0bf-7ee8-437a-b2e7-798510efe6fe/element/6E070000-0000-0000-0103-000000000000/click&amp#27;[39m
&amp#27;[38;5;0m[HTTP]&amp#27;[0m &amp#27;[90m{"id":"6E070000-0000-0000-0103-000000000000"}&amp#27;[39m
&amp#27;[38;5;32m[XCUITestDriver@e07a (28adf0bf)]&amp#27;[0m Driver proxy active, passing request on via HTTP proxy
&amp#27;[38;5;32m[XCUITestDriver@e07a (28adf0bf)]&amp#27;[0m Executing command 'proxyReqRes'
&amp#27;[38;5;32m[XCUITestDriver@e07a (28adf0bf)]&amp#27;[0m Matched '/session/28adf0bf-7ee8-437a-b2e7-798510efe6fe/element/6E070000-0000-0000-0103-000000000000/click' to command name 'click'
&amp#27;[38;5;32m[XCUITestDriver@e07a (28adf0bf)]&amp#27;[0m Proxying [POST /session/28adf0bf-7ee8-437a-b2e7-798510efe6fe/element/6E070000-0000-0000-0103-000000000000/click] to [POST http://127.0.0.1:8100/session/E78FC83E-19E7-4136-B719-97A048452808/element/6E070000-0000-0000-0103-000000000000/click] with body: {"id":"6E070000-0000-0000-0103-000000000000"}
&amp#27;[38;5;32m[XCUITestDriver@e07a (28adf0bf)]&amp#27;[0m Got response with status 200: {"value":null,"sessionId":"E78FC83E-19E7-4136-B719-97A048452808"}
&amp#27;[38;5;32m[XCUITestDriver@e07a (28adf0bf)]&amp#27;[0m Replacing sessionId E78FC83E-19E7-4136-B719-97A048452808 with 28adf0bf-7ee8-437a-b2e7-798510efe6fe
&amp#27;[38;5;0m[HTTP]&amp#27;[0m &amp#27;[37m<-- POST /session/28adf0bf-7ee8-437a-b2e7-798510efe6fe/element/6E070000-0000-0000-0103-000000000000/click &amp#27;[39m&amp#27;[32m200&amp#27;[39m &amp#27;[90m581 ms - 65&amp#27;[39m
&amp#27;[38;5;0m[HTTP]&amp#27;[0m &amp#27;[90m&amp#27;[39m
&amp#27;[38;5;0m[HTTP]&amp#27;[0m &amp#27;[37m-->&amp#27;[39m &amp#27;[37mGET&amp#27;[39m &amp#27;[37m/session/28adf0bf-7ee8-437a-b2e7-798510efe6fe/context&amp#27;[39m
&amp#27;[38;5;0m[HTTP]&amp#27;[0m &amp#27;[90m{}&amp#27;[39m
&amp#27;[38;5;32m[XCUITestDriver@e07a (28adf0bf)]&amp#27;[0m Calling AppiumDriver.getCurrentContext() with args: ["28adf0bf-7ee8-437a-b2e7-798510efe6fe"]
&amp#27;[38;5;32m[XCUITestDriver@e07a (28adf0bf)]&amp#27;[0m Executing command 'getCurrentContext'
&amp#27;[38;5;32m[XCUITestDriver@e07a (28adf0bf)]&amp#27;[0m Responding to client with driver.getCurrentContext() result: "NATIVE_APP"
&amp#27;[38;5;0m[HTTP]&amp#27;[0m &amp#27;[37m<-- GET /session/28adf0bf-7ee8-437a-b2e7-798510efe6fe/context &amp#27;[39m&amp#27;[32m200&amp#27;[39m &amp#27;[90m1 ms - 22&amp#27;[39m
&amp#27;[38;5;0m[HTTP]&amp#27;[0m &amp#27;[90m&amp#27;[39m
&amp#27;[38;5;0m[HTTP]&amp#27;[0m &amp#27;[37m-->&amp#27;[39m &amp#27;[37mPOST&amp#27;[39m &amp#27;[37m/session/28adf0bf-7ee8-437a-b2e7-798510efe6fe/element&amp#27;[39m
&amp#27;[38;5;0m[HTTP]&amp#27;[0m &amp#27;[90m{"using":"xpath","value":"//XCUIElementTypeButton[@name=\"arrowLeft\"]"}&amp#27;[39m
&amp#27;[38;5;32m[XCUITestDriver@e07a (28adf0bf)]&amp#27;[0m Calling AppiumDriver.findElement() with args: ["xpath","//XCUIElementTypeButton[@name=\"arrowLeft\"]","28adf0bf-7ee8-437a-b2e7-798510efe6fe"]
&amp#27;[38;5;32m[XCUITestDriver@e07a (28adf0bf)]&amp#27;[0m Executing command 'findElement'
&amp#27;[38;5;32m[XCUITestDriver@e07a (28adf0bf)]&amp#27;[0m Valid locator strategies for this request: xpath, id, name, class name, -ios predicate string, -ios class chain, accessibility id, css selector
&amp#27;[38;5;32m[XCUITestDriver@e07a (28adf0bf)]&amp#27;[0m Waiting up to 0 ms for condition
&amp#27;[38;5;32m[XCUITestDriver@e07a (28adf0bf)]&amp#27;[0m Matched '/element' to command name 'findElement'
&amp#27;[38;5;32m[XCUITestDriver@e07a (28adf0bf)]&amp#27;[0m Proxying [POST /element] to [POST http://127.0.0.1:8100/session/E78FC83E-19E7-4136-B719-97A048452808/element] with body: {"using":"xpath","value":"//XCUIElementTypeButton[@name=\"arrowLeft\"]"}
&amp#27;[38;5;32m[XCUITestDriver@e07a (28adf0bf)]&amp#27;[0m Got response with status 200: {"value":{"ELEMENT":"65070000-0000-0000-0103-000000000000","element-6066-11e4-a52e-4f735466cecf":"65070000-0000-0000-0103-000000000000"},"sessionId":"E78FC83E-19E7-4136-B719-97A048452808"}
&amp#27;[38;5;32m[XCUITestDriver@e07a (28adf0bf)]&amp#27;[0m Responding to client with driver.findElement() result: {"element-6066-11e4-a52e-4f735466cecf":"65070000-0000-0000-0103-000000000000","ELEMENT":"65070000-0000-0000-0103-000000000000"}
&amp#27;[38;5;0m[HTTP]&amp#27;[0m &amp#27;[37m<-- POST /session/28adf0bf-7ee8-437a-b2e7-798510efe6fe/element &amp#27;[39m&amp#27;[32m200&amp#27;[39m &amp#27;[90m503 ms - 137&amp#27;[39m
&amp#27;[38;5;0m[HTTP]&amp#27;[0m &amp#27;[90m&amp#27;[39m
&amp#27;[38;5;0m[HTTP]&amp#27;[0m &amp#27;[37m-->&amp#27;[39m &amp#27;[37mGET&amp#27;[39m &amp#27;[37m/session/28adf0bf-7ee8-437a-b2e7-798510efe6fe/element/65070000-0000-0000-0103-000000000000/displayed&amp#27;[39m
&amp#27;[38;5;0m[HTTP]&amp#27;[0m &amp#27;[90m{}&amp#27;[39m
&amp#27;[38;5;32m[XCUITestDriver@e07a (28adf0bf)]&amp#27;[0m Driver proxy active, passing request on via HTTP proxy
&amp#27;[38;5;32m[XCUITestDriver@e07a (28adf0bf)]&amp#27;[0m Executing command 'proxyReqRes'
&amp#27;[38;5;32m[XCUITestDriver@e07a (28adf0bf)]&amp#27;[0m Matched '/session/28adf0bf-7ee8-437a-b2e7-798510efe6fe/element/65070000-0000-0000-0103-000000000000/displayed' to command name 'elementDisplayed'
&amp#27;[38;5;32m[XCUITestDriver@e07a (28adf0bf)]&amp#27;[0m Proxying [GET /session/28adf0bf-7ee8-437a-b2e7-798510efe6fe/element/65070000-0000-0000-0103-000000000000/displayed] to [GET http://127.0.0.1:8100/session/E78FC83E-19E7-4136-B719-97A048452808/element/65070000-0000-0000-0103-000000000000/displayed] with no body
&amp#27;[38;5;32m[XCUITestDriver@e07a (28adf0bf)]&amp#27;[0m Got response with status 200: {"value":true,"sessionId":"E78FC83E-19E7-4136-B719-97A048452808"}
&amp#27;[38;5;32m[XCUITestDriver@e07a (28adf0bf)]&amp#27;[0m Replacing sessionId E78FC83E-19E7-4136-B719-97A048452808 with 28adf0bf-7ee8-437a-b2e7-798510efe6fe
&amp#27;[38;5;0m[HTTP]&amp#27;[0m &amp#27;[37m<-- GET /session/28adf0bf-7ee8-437a-b2e7-798510efe6fe/element/65070000-0000-0000-0103-000000000000/displayed &amp#27;[39m&amp#27;[32m200&amp#27;[39m &amp#27;[90m65 ms - 65&amp#27;[39m
&amp#27;[38;5;0m[HTTP]&amp#27;[0m &amp#27;[90m&amp#27;[39m
&amp#27;[38;5;0m[HTTP]&amp#27;[0m &amp#27;[37m-->&amp#27;[39m &amp#27;[37mGET&amp#27;[39m &amp#27;[37m/session/28adf0bf-7ee8-437a-b2e7-798510efe6fe/context&amp#27;[39m
&amp#27;[38;5;0m[HTTP]&amp#27;[0m &amp#27;[90m{}&amp#27;[39m
&amp#27;[38;5;32m[XCUITestDriver@e07a (28adf0bf)]&amp#27;[0m Calling AppiumDriver.getCurrentContext() with args: ["28adf0bf-7ee8-437a-b2e7-798510efe6fe"]
&amp#27;[38;5;32m[XCUITestDriver@e07a (28adf0bf)]&amp#27;[0m Executing command 'getCurrentContext'
&amp#27;[38;5;32m[XCUITestDriver@e07a (28adf0bf)]&amp#27;[0m Responding to client with driver.getCurrentContext() result: "NATIVE_APP"
&amp#27;[38;5;0m[HTTP]&amp#27;[0m &amp#27;[37m<-- GET /session/28adf0bf-7ee8-437a-b2e7-798510efe6fe/context &amp#27;[39m&amp#27;[32m200&amp#27;[39m &amp#27;[90m1 ms - 22&amp#27;[39m
&amp#27;[38;5;0m[HTTP]&amp#27;[0m &amp#27;[90m&amp#27;[39m
&amp#27;[38;5;0m[HTTP]&amp#27;[0m &amp#27;[37m-->&amp#27;[39m &amp#27;[37mPOST&amp#27;[39m &amp#27;[37m/session/28adf0bf-7ee8-437a-b2e7-798510efe6fe/element&amp#27;[39m
&amp#27;[38;5;0m[HTTP]&amp#27;[0m &amp#27;[90m{"using":"xpath","value":"//XCUIElementTypeButton[@name=\"arrowLeft\"]"}&amp#27;[39m
&amp#27;[38;5;32m[XCUITestDriver@e07a (28adf0bf)]&amp#27;[0m Calling AppiumDriver.findElement() with args: ["xpath","//XCUIElementTypeButton[@name=\"arrowLeft\"]","28adf0bf-7ee8-437a-b2e7-798510efe6fe"]
&amp#27;[38;5;32m[XCUITestDriver@e07a (28adf0bf)]&amp#27;[0m Executing command 'findElement'
&amp#27;[38;5;32m[XCUITestDriver@e07a (28adf0bf)]&amp#27;[0m Valid locator strategies for this request: xpath, id, name, class name, -ios predicate string, -ios class chain, accessibility id, css selector
&amp#27;[38;5;32m[XCUITestDriver@e07a (28adf0bf)]&amp#27;[0m Waiting up to 0 ms for condition
&amp#27;[38;5;32m[XCUITestDriver@e07a (28adf0bf)]&amp#27;[0m Matched '/element' to command name 'findElement'
&amp#27;[38;5;32m[XCUITestDriver@e07a (28adf0bf)]&amp#27;[0m Proxying [POST /element] to [POST http://127.0.0.1:8100/session/E78FC83E-19E7-4136-B719-97A048452808/element] with body: {"using":"xpath","value":"//XCUIElementTypeButton[@name=\"arrowLeft\"]"}
&amp#27;[38;5;32m[XCUITestDriver@e07a (28adf0bf)]&amp#27;[0m Got response with status 200: {"value":{"ELEMENT":"65070000-0000-0000-0103-000000000000","element-6066-11e4-a52e-4f735466cecf":"65070000-0000-0000-0103-000000000000"},"sessionId":"E78FC83E-19E7-4136-B719-97A048452808"}
&amp#27;[38;5;32m[XCUITestDriver@e07a (28adf0bf)]&amp#27;[0m Responding to client with driver.findElement() result: {"element-6066-11e4-a52e-4f735466cecf":"65070000-0000-0000-0103-000000000000","ELEMENT":"65070000-0000-0000-0103-000000000000"}
&amp#27;[38;5;0m[HTTP]&amp#27;[0m &amp#27;[37m<-- POST /session/28adf0bf-7ee8-437a-b2e7-798510efe6fe/element &amp#27;[39m&amp#27;[32m200&amp#27;[39m &amp#27;[90m448 ms - 137&amp#27;[39m
&amp#27;[38;5;0m[HTTP]&amp#27;[0m &amp#27;[90m&amp#27;[39m
&amp#27;[38;5;0m[HTTP]&amp#27;[0m &amp#27;[37m-->&amp#27;[39m &amp#27;[37mGET&amp#27;[39m &amp#27;[37m/session/28adf0bf-7ee8-437a-b2e7-798510efe6fe/element/65070000-0000-0000-0103-000000000000/enabled&amp#27;[39m
&amp#27;[38;5;0m[HTTP]&amp#27;[0m &amp#27;[90m{}&amp#27;[39m
&amp#27;[38;5;32m[XCUITestDriver@e07a (28adf0bf)]&amp#27;[0m Driver proxy active, passing request on via HTTP proxy
&amp#27;[38;5;32m[XCUITestDriver@e07a (28adf0bf)]&amp#27;[0m Executing command 'proxyReqRes'
&amp#27;[38;5;32m[XCUITestDriver@e07a (28adf0bf)]&amp#27;[0m Matched '/session/28adf0bf-7ee8-437a-b2e7-798510efe6fe/element/65070000-0000-0000-0103-000000000000/enabled' to command name 'elementEnabled'
&amp#27;[38;5;32m[XCUITestDriver@e07a (28adf0bf)]&amp#27;[0m Proxying [GET /session/28adf0bf-7ee8-437a-b2e7-798510efe6fe/element/65070000-0000-0000-0103-000000000000/enabled] to [GET http://127.0.0.1:8100/session/E78FC83E-19E7-4136-B719-97A048452808/element/65070000-0000-0000-0103-000000000000/enabled] with no body
&amp#27;[38;5;32m[XCUITestDriver@e07a (28adf0bf)]&amp#27;[0m Got response with status 200: {"value":true,"sessionId":"E78FC83E-19E7-4136-B719-97A048452808"}
&amp#27;[38;5;32m[XCUITestDriver@e07a (28adf0bf)]&amp#27;[0m Replacing sessionId E78FC83E-19E7-4136-B719-97A048452808 with 28adf0bf-7ee8-437a-b2e7-798510efe6fe
&amp#27;[38;5;0m[HTTP]&amp#27;[0m &amp#27;[37m<-- GET /session/28adf0bf-7ee8-437a-b2e7-798510efe6fe/element/65070000-0000-0000-0103-000000000000/enabled &amp#27;[39m&amp#27;[32m200&amp#27;[39m &amp#27;[90m56 ms - 65&amp#27;[39m
&amp#27;[38;5;0m[HTTP]&amp#27;[0m &amp#27;[90m&amp#27;[39m
&amp#27;[38;5;0m[HTTP]&amp#27;[0m &amp#27;[37m-->&amp#27;[39m &amp#27;[37mGET&amp#27;[39m &amp#27;[37m/session/28adf0bf-7ee8-437a-b2e7-798510efe6fe/context&amp#27;[39m
&amp#27;[38;5;0m[HTTP]&amp#27;[0m &amp#27;[90m{}&amp#27;[39m
&amp#27;[38;5;32m[XCUITestDriver@e07a (28adf0bf)]&amp#27;[0m Calling AppiumDriver.getCurrentContext() with args: ["28adf0bf-7ee8-437a-b2e7-798510efe6fe"]
&amp#27;[38;5;32m[XCUITestDriver@e07a (28adf0bf)]&amp#27;[0m Executing command 'getCurrentContext'
&amp#27;[38;5;32m[XCUITestDriver@e07a (28adf0bf)]&amp#27;[0m Responding to client with driver.getCurrentContext() result: "NATIVE_APP"
&amp#27;[38;5;0m[HTTP]&amp#27;[0m &amp#27;[37m<-- GET /session/28adf0bf-7ee8-437a-b2e7-798510efe6fe/context &amp#27;[39m&amp#27;[32m200&amp#27;[39m &amp#27;[90m1 ms - 22&amp#27;[39m
&amp#27;[38;5;0m[HTTP]&amp#27;[0m &amp#27;[90m&amp#27;[39m
&amp#27;[38;5;0m[HTTP]&amp#27;[0m &amp#27;[37m-->&amp#27;[39m &amp#27;[37mPOST&amp#27;[39m &amp#27;[37m/session/28adf0bf-7ee8-437a-b2e7-798510efe6fe/element&amp#27;[39m
&amp#27;[38;5;0m[HTTP]&amp#27;[0m &amp#27;[90m{"using":"xpath","value":"//XCUIElementTypeButton[@name=\"arrowLeft\"]"}&amp#27;[39m
&amp#27;[38;5;32m[XCUITestDriver@e07a (28adf0bf)]&amp#27;[0m Calling AppiumDriver.findElement() with args: ["xpath","//XCUIElementTypeButton[@name=\"arrowLeft\"]","28adf0bf-7ee8-437a-b2e7-798510efe6fe"]
&amp#27;[38;5;32m[XCUITestDriver@e07a (28adf0bf)]&amp#27;[0m Executing command 'findElement'
&amp#27;[38;5;32m[XCUITestDriver@e07a (28adf0bf)]&amp#27;[0m Valid locator strategies for this request: xpath, id, name, class name, -ios predicate string, -ios class chain, accessibility id, css selector
&amp#27;[38;5;32m[XCUITestDriver@e07a (28adf0bf)]&amp#27;[0m Waiting up to 0 ms for condition
&amp#27;[38;5;32m[XCUITestDriver@e07a (28adf0bf)]&amp#27;[0m Matched '/element' to command name 'findElement'
&amp#27;[38;5;32m[XCUITestDriver@e07a (28adf0bf)]&amp#27;[0m Proxying [POST /element] to [POST http://127.0.0.1:8100/session/E78FC83E-19E7-4136-B719-97A048452808/element] with body: {"using":"xpath","value":"//XCUIElementTypeButton[@name=\"arrowLeft\"]"}
&amp#27;[38;5;32m[XCUITestDriver@e07a (28adf0bf)]&amp#27;[0m Got response with status 200: {"value":{"ELEMENT":"65070000-0000-0000-0103-000000000000","element-6066-11e4-a52e-4f735466cecf":"65070000-0000-0000-0103-000000000000"},"sessionId":"E78FC83E-19E7-4136-B719-97A048452808"}
&amp#27;[38;5;32m[XCUITestDriver@e07a (28adf0bf)]&amp#27;[0m Responding to client with driver.findElement() result: {"element-6066-11e4-a52e-4f735466cecf":"65070000-0000-0000-0103-000000000000","ELEMENT":"65070000-0000-0000-0103-000000000000"}
&amp#27;[38;5;0m[HTTP]&amp#27;[0m &amp#27;[37m<-- POST /session/28adf0bf-7ee8-437a-b2e7-798510efe6fe/element &amp#27;[39m&amp#27;[32m200&amp#27;[39m &amp#27;[90m431 ms - 137&amp#27;[39m
&amp#27;[38;5;0m[HTTP]&amp#27;[0m &amp#27;[90m&amp#27;[39m
&amp#27;[38;5;0m[HTTP]&amp#27;[0m &amp#27;[37m-->&amp#27;[39m &amp#27;[37mPOST&amp#27;[39m &amp#27;[37m/session/28adf0bf-7ee8-437a-b2e7-798510efe6fe/element/65070000-0000-0000-0103-000000000000/click&amp#27;[39m
&amp#27;[38;5;0m[HTTP]&amp#27;[0m &amp#27;[90m{"id":"65070000-0000-0000-0103-000000000000"}&amp#27;[39m
&amp#27;[38;5;32m[XCUITestDriver@e07a (28adf0bf)]&amp#27;[0m Driver proxy active, passing request on via HTTP proxy
&amp#27;[38;5;32m[XCUITestDriver@e07a (28adf0bf)]&amp#27;[0m Executing command 'proxyReqRes'
&amp#27;[38;5;32m[XCUITestDriver@e07a (28adf0bf)]&amp#27;[0m Matched '/session/28adf0bf-7ee8-437a-b2e7-798510efe6fe/element/65070000-0000-0000-0103-000000000000/click' to command name 'click'
&amp#27;[38;5;32m[XCUITestDriver@e07a (28adf0bf)]&amp#27;[0m Proxying [POST /session/28adf0bf-7ee8-437a-b2e7-798510efe6fe/element/65070000-0000-0000-0103-000000000000/click] to [POST http://127.0.0.1:8100/session/E78FC83E-19E7-4136-B719-97A048452808/element/65070000-0000-0000-0103-000000000000/click] with body: {"id":"65070000-0000-0000-0103-000000000000"}
&amp#27;[38;5;32m[XCUITestDriver@e07a (28adf0bf)]&amp#27;[0m Got response with status 200: {"value":null,"sessionId":"E78FC83E-19E7-4136-B719-97A048452808"}
&amp#27;[38;5;32m[XCUITestDriver@e07a (28adf0bf)]&amp#27;[0m Replacing sessionId E78FC83E-19E7-4136-B719-97A048452808 with 28adf0bf-7ee8-437a-b2e7-798510efe6fe
&amp#27;[38;5;0m[HTTP]&amp#27;[0m &amp#27;[37m<-- POST /session/28adf0bf-7ee8-437a-b2e7-798510efe6fe/element/65070000-0000-0000-0103-000000000000/click &amp#27;[39m&amp#27;[32m200&amp#27;[39m &amp#27;[90m846 ms - 65&amp#27;[39m
&amp#27;[38;5;0m[HTTP]&amp#27;[0m &amp#27;[90m&amp#27;[39m
&amp#27;[38;5;0m[HTTP]&amp#27;[0m &amp#27;[37m-->&amp#27;[39m &amp#27;[37mGET&amp#27;[39m &amp#27;[37m/session/28adf0bf-7ee8-437a-b2e7-798510efe6fe/context&amp#27;[39m
&amp#27;[38;5;0m[HTTP]&amp#27;[0m &amp#27;[90m{}&amp#27;[39m
&amp#27;[38;5;32m[XCUITestDriver@e07a (28adf0bf)]&amp#27;[0m Calling AppiumDriver.getCurrentContext() with args: ["28adf0bf-7ee8-437a-b2e7-798510efe6fe"]
&amp#27;[38;5;32m[XCUITestDriver@e07a (28adf0bf)]&amp#27;[0m Executing command 'getCurrentContext'
&amp#27;[38;5;32m[XCUITestDriver@e07a (28adf0bf)]&amp#27;[0m Responding to client with driver.getCurrentContext() result: "NATIVE_APP"
&amp#27;[38;5;0m[HTTP]&amp#27;[0m &amp#27;[37m<-- GET /session/28adf0bf-7ee8-437a-b2e7-798510efe6fe/context &amp#27;[39m&amp#27;[32m200&amp#27;[39m &amp#27;[90m1 ms - 22&amp#27;[39m
&amp#27;[38;5;0m[HTTP]&amp#27;[0m &amp#27;[90m&amp#27;[39m
&amp#27;[38;5;0m[HTTP]&amp#27;[0m &amp#27;[37m-->&amp#27;[39m &amp#27;[37mPOST&amp#27;[39m &amp#27;[37m/session/28adf0bf-7ee8-437a-b2e7-798510efe6fe/element&amp#27;[39m
&amp#27;[38;5;0m[HTTP]&amp#27;[0m &amp#27;[90m{"using":"xpath","value":"//XCUIElementTypeButton[@name=\"arrowLeft\"]"}&amp#27;[39m
&amp#27;[38;5;32m[XCUITestDriver@e07a (28adf0bf)]&amp#27;[0m Calling AppiumDriver.findElement() with args: ["xpath","//XCUIElementTypeButton[@name=\"arrowLeft\"]","28adf0bf-7ee8-437a-b2e7-798510efe6fe"]
&amp#27;[38;5;32m[XCUITestDriver@e07a (28adf0bf)]&amp#27;[0m Executing command 'findElement'
&amp#27;[38;5;32m[XCUITestDriver@e07a (28adf0bf)]&amp#27;[0m Valid locator strategies for this request: xpath, id, name, class name, -ios predicate string, -ios class chain, accessibility id, css selector
&amp#27;[38;5;32m[XCUITestDriver@e07a (28adf0bf)]&amp#27;[0m Waiting up to 0 ms for condition
&amp#27;[38;5;32m[XCUITestDriver@e07a (28adf0bf)]&amp#27;[0m Matched '/element' to command name 'findElement'
&amp#27;[38;5;32m[XCUITestDriver@e07a (28adf0bf)]&amp#27;[0m Proxying [POST /element] to [POST http://127.0.0.1:8100/session/E78FC83E-19E7-4136-B719-97A048452808/element] with body: {"using":"xpath","value":"//XCUIElementTypeButton[@name=\"arrowLeft\"]"}
&amp#27;[38;5;32m[XCUITestDriver@e07a (28adf0bf)]&amp#27;[0m Got response with status 200: {"value":{"ELEMENT":"41070000-0000-0000-0103-000000000000","element-6066-11e4-a52e-4f735466cecf":"41070000-0000-0000-0103-000000000000"},"sessionId":"E78FC83E-19E7-4136-B719-97A048452808"}
&amp#27;[38;5;32m[XCUITestDriver@e07a (28adf0bf)]&amp#27;[0m Responding to client with driver.findElement() result: {"element-6066-11e4-a52e-4f735466cecf":"41070000-0000-0000-0103-000000000000","ELEMENT":"41070000-0000-0000-0103-000000000000"}
&amp#27;[38;5;0m[HTTP]&amp#27;[0m &amp#27;[37m<-- POST /session/28adf0bf-7ee8-437a-b2e7-798510efe6fe/element &amp#27;[39m&amp#27;[32m200&amp#27;[39m &amp#27;[90m791 ms - 137&amp#27;[39m
&amp#27;[38;5;0m[HTTP]&amp#27;[0m &amp#27;[90m&amp#27;[39m
&amp#27;[38;5;0m[HTTP]&amp#27;[0m &amp#27;[37m-->&amp#27;[39m &amp#27;[37mGET&amp#27;[39m &amp#27;[37m/session/28adf0bf-7ee8-437a-b2e7-798510efe6fe/element/41070000-0000-0000-0103-000000000000/displayed&amp#27;[39m
&amp#27;[38;5;0m[HTTP]&amp#27;[0m &amp#27;[90m{}&amp#27;[39m
&amp#27;[38;5;32m[XCUITestDriver@e07a (28adf0bf)]&amp#27;[0m Driver proxy active, passing request on via HTTP proxy
&amp#27;[38;5;32m[XCUITestDriver@e07a (28adf0bf)]&amp#27;[0m Executing command 'proxyReqRes'
&amp#27;[38;5;32m[XCUITestDriver@e07a (28adf0bf)]&amp#27;[0m Matched '/session/28adf0bf-7ee8-437a-b2e7-798510efe6fe/element/41070000-0000-0000-0103-000000000000/displayed' to command name 'elementDisplayed'
&amp#27;[38;5;32m[XCUITestDriver@e07a (28adf0bf)]&amp#27;[0m Proxying [GET /session/28adf0bf-7ee8-437a-b2e7-798510efe6fe/element/41070000-0000-0000-0103-000000000000/displayed] to [GET http://127.0.0.1:8100/session/E78FC83E-19E7-4136-B719-97A048452808/element/41070000-0000-0000-0103-000000000000/displayed] with no body
&amp#27;[38;5;32m[XCUITestDriver@e07a (28adf0bf)]&amp#27;[0m Got response with status 200: {"value":true,"sessionId":"E78FC83E-19E7-4136-B719-97A048452808"}
&amp#27;[38;5;32m[XCUITestDriver@e07a (28adf0bf)]&amp#27;[0m Replacing sessionId E78FC83E-19E7-4136-B719-97A048452808 with 28adf0bf-7ee8-437a-b2e7-798510efe6fe
&amp#27;[38;5;0m[HTTP]&amp#27;[0m &amp#27;[37m<-- GET /session/28adf0bf-7ee8-437a-b2e7-798510efe6fe/element/41070000-0000-0000-0103-000000000000/displayed &amp#27;[39m&amp#27;[32m200&amp#27;[39m &amp#27;[90m80 ms - 65&amp#27;[39m
&amp#27;[38;5;0m[HTTP]&amp#27;[0m &amp#27;[90m&amp#27;[39m
&amp#27;[38;5;0m[HTTP]&amp#27;[0m &amp#27;[37m-->&amp#27;[39m &amp#27;[37mGET&amp#27;[39m &amp#27;[37m/session/28adf0bf-7ee8-437a-b2e7-798510efe6fe/context&amp#27;[39m
&amp#27;[38;5;0m[HTTP]&amp#27;[0m &amp#27;[90m{}&amp#27;[39m
&amp#27;[38;5;32m[XCUITestDriver@e07a (28adf0bf)]&amp#27;[0m Calling AppiumDriver.getCurrentContext() with args: ["28adf0bf-7ee8-437a-b2e7-798510efe6fe"]
&amp#27;[38;5;32m[XCUITestDriver@e07a (28adf0bf)]&amp#27;[0m Executing command 'getCurrentContext'
&amp#27;[38;5;32m[XCUITestDriver@e07a (28adf0bf)]&amp#27;[0m Responding to client with driver.getCurrentContext() result: "NATIVE_APP"
&amp#27;[38;5;0m[HTTP]&amp#27;[0m &amp#27;[37m<-- GET /session/28adf0bf-7ee8-437a-b2e7-798510efe6fe/context &amp#27;[39m&amp#27;[32m200&amp#27;[39m &amp#27;[90m1 ms - 22&amp#27;[39m
&amp#27;[38;5;0m[HTTP]&amp#27;[0m &amp#27;[90m&amp#27;[39m
&amp#27;[38;5;0m[HTTP]&amp#27;[0m &amp#27;[37m-->&amp#27;[39m &amp#27;[37mPOST&amp#27;[39m &amp#27;[37m/session/28adf0bf-7ee8-437a-b2e7-798510efe6fe/element&amp#27;[39m
&amp#27;[38;5;0m[HTTP]&amp#27;[0m &amp#27;[90m{"using":"xpath","value":"//XCUIElementTypeButton[@name=\"arrowLeft\"]"}&amp#27;[39m
&amp#27;[38;5;32m[XCUITestDriver@e07a (28adf0bf)]&amp#27;[0m Calling AppiumDriver.findElement() with args: ["xpath","//XCUIElementTypeButton[@name=\"arrowLeft\"]","28adf0bf-7ee8-437a-b2e7-798510efe6fe"]
&amp#27;[38;5;32m[XCUITestDriver@e07a (28adf0bf)]&amp#27;[0m Executing command 'findElement'
&amp#27;[38;5;32m[XCUITestDriver@e07a (28adf0bf)]&amp#27;[0m Valid locator strategies for this request: xpath, id, name, class name, -ios predicate string, -ios class chain, accessibility id, css selector
&amp#27;[38;5;32m[XCUITestDriver@e07a (28adf0bf)]&amp#27;[0m Waiting up to 0 ms for condition
&amp#27;[38;5;32m[XCUITestDriver@e07a (28adf0bf)]&amp#27;[0m Matched '/element' to command name 'findElement'
&amp#27;[38;5;32m[XCUITestDriver@e07a (28adf0bf)]&amp#27;[0m Proxying [POST /element] to [POST http://127.0.0.1:8100/session/E78FC83E-19E7-4136-B719-97A048452808/element] with body: {"using":"xpath","value":"//XCUIElementTypeButton[@name=\"arrowLeft\"]"}
&amp#27;[38;5;32m[XCUITestDriver@e07a (28adf0bf)]&amp#27;[0m Got response with status 200: {"value":{"ELEMENT":"41070000-0000-0000-0103-000000000000","element-6066-11e4-a52e-4f735466cecf":"41070000-0000-0000-0103-000000000000"},"sessionId":"E78FC83E-19E7-4136-B719-97A048452808"}
&amp#27;[38;5;32m[XCUITestDriver@e07a (28adf0bf)]&amp#27;[0m Responding to client with driver.findElement() result: {"element-6066-11e4-a52e-4f735466cecf":"41070000-0000-0000-0103-000000000000","ELEMENT":"41070000-0000-0000-0103-000000000000"}
&amp#27;[38;5;0m[HTTP]&amp#27;[0m &amp#27;[37m<-- POST /session/28adf0bf-7ee8-437a-b2e7-798510efe6fe/element &amp#27;[39m&amp#27;[32m200&amp#27;[39m &amp#27;[90m607 ms - 137&amp#27;[39m
&amp#27;[38;5;0m[HTTP]&amp#27;[0m &amp#27;[90m&amp#27;[39m
&amp#27;[38;5;0m[HTTP]&amp#27;[0m &amp#27;[37m-->&amp#27;[39m &amp#27;[37mGET&amp#27;[39m &amp#27;[37m/session/28adf0bf-7ee8-437a-b2e7-798510efe6fe/element/41070000-0000-0000-0103-000000000000/enabled&amp#27;[39m
&amp#27;[38;5;0m[HTTP]&amp#27;[0m &amp#27;[90m{}&amp#27;[39m
&amp#27;[38;5;32m[XCUITestDriver@e07a (28adf0bf)]&amp#27;[0m Driver proxy active, passing request on via HTTP proxy
&amp#27;[38;5;32m[XCUITestDriver@e07a (28adf0bf)]&amp#27;[0m Executing command 'proxyReqRes'
&amp#27;[38;5;32m[XCUITestDriver@e07a (28adf0bf)]&amp#27;[0m Matched '/session/28adf0bf-7ee8-437a-b2e7-798510efe6fe/element/41070000-0000-0000-0103-000000000000/enabled' to command name 'elementEnabled'
&amp#27;[38;5;32m[XCUITestDriver@e07a (28adf0bf)]&amp#27;[0m Proxying [GET /session/28adf0bf-7ee8-437a-b2e7-798510efe6fe/element/41070000-0000-0000-0103-000000000000/enabled] to [GET http://127.0.0.1:8100/session/E78FC83E-19E7-4136-B719-97A048452808/element/41070000-0000-0000-0103-000000000000/enabled] with no body
&amp#27;[38;5;32m[XCUITestDriver@e07a (28adf0bf)]&amp#27;[0m Got response with status 200: {"value":true,"sessionId":"E78FC83E-19E7-4136-B719-97A048452808"}
&amp#27;[38;5;32m[XCUITestDriver@e07a (28adf0bf)]&amp#27;[0m Replacing sessionId E78FC83E-19E7-4136-B719-97A048452808 with 28adf0bf-7ee8-437a-b2e7-798510efe6fe
&amp#27;[38;5;0m[HTTP]&amp#27;[0m &amp#27;[37m<-- GET /session/28adf0bf-7ee8-437a-b2e7-798510efe6fe/element/41070000-0000-0000-0103-000000000000/enabled &amp#27;[39m&amp#27;[32m200&amp#27;[39m &amp#27;[90m63 ms - 65&amp#27;[39m
&amp#27;[38;5;0m[HTTP]&amp#27;[0m &amp#27;[90m&amp#27;[39m
&amp#27;[38;5;0m[HTTP]&amp#27;[0m &amp#27;[37m-->&amp#27;[39m &amp#27;[37mGET&amp#27;[39m &amp#27;[37m/session/28adf0bf-7ee8-437a-b2e7-798510efe6fe/context&amp#27;[39m
&amp#27;[38;5;0m[HTTP]&amp#27;[0m &amp#27;[90m{}&amp#27;[39m
&amp#27;[38;5;32m[XCUITestDriver@e07a (28adf0bf)]&amp#27;[0m Calling AppiumDriver.getCurrentContext() with args: ["28adf0bf-7ee8-437a-b2e7-798510efe6fe"]
&amp#27;[38;5;32m[XCUITestDriver@e07a (28adf0bf)]&amp#27;[0m Executing command 'getCurrentContext'
&amp#27;[38;5;32m[XCUITestDriver@e07a (28adf0bf)]&amp#27;[0m Responding to client with driver.getCurrentContext() result: "NATIVE_APP"
&amp#27;[38;5;0m[HTTP]&amp#27;[0m &amp#27;[37m<-- GET /session/28adf0bf-7ee8-437a-b2e7-798510efe6fe/context &amp#27;[39m&amp#27;[32m200&amp#27;[39m &amp#27;[90m1 ms - 22&amp#27;[39m
&amp#27;[38;5;0m[HTTP]&amp#27;[0m &amp#27;[90m&amp#27;[39m
&amp#27;[38;5;0m[HTTP]&amp#27;[0m &amp#27;[37m-->&amp#27;[39m &amp#27;[37mPOST&amp#27;[39m &amp#27;[37m/session/28adf0bf-7ee8-437a-b2e7-798510efe6fe/element&amp#27;[39m
&amp#27;[38;5;0m[HTTP]&amp#27;[0m &amp#27;[90m{"using":"xpath","value":"//XCUIElementTypeButton[@name=\"arrowLeft\"]"}&amp#27;[39m
&amp#27;[38;5;32m[XCUITestDriver@e07a (28adf0bf)]&amp#27;[0m Calling AppiumDriver.findElement() with args: ["xpath","//XCUIElementTypeButton[@name=\"arrowLeft\"]","28adf0bf-7ee8-437a-b2e7-798510efe6fe"]
&amp#27;[38;5;32m[XCUITestDriver@e07a (28adf0bf)]&amp#27;[0m Executing command 'findElement'
&amp#27;[38;5;32m[XCUITestDriver@e07a (28adf0bf)]&amp#27;[0m Valid locator strategies for this request: xpath, id, name, class name, -ios predicate string, -ios class chain, accessibility id, css selector
&amp#27;[38;5;32m[XCUITestDriver@e07a (28adf0bf)]&amp#27;[0m Waiting up to 0 ms for condition
&amp#27;[38;5;32m[XCUITestDriver@e07a (28adf0bf)]&amp#27;[0m Matched '/element' to command name 'findElement'
&amp#27;[38;5;32m[XCUITestDriver@e07a (28adf0bf)]&amp#27;[0m Proxying [POST /element] to [POST http://127.0.0.1:8100/session/E78FC83E-19E7-4136-B719-97A048452808/element] with body: {"using":"xpath","value":"//XCUIElementTypeButton[@name=\"arrowLeft\"]"}
&amp#27;[38;5;32m[XCUITestDriver@e07a (28adf0bf)]&amp#27;[0m Got response with status 200: {"value":{"ELEMENT":"41070000-0000-0000-0103-000000000000","element-6066-11e4-a52e-4f735466cecf":"41070000-0000-0000-0103-000000000000"},"sessionId":"E78FC83E-19E7-4136-B719-97A048452808"}
&amp#27;[38;5;32m[XCUITestDriver@e07a (28adf0bf)]&amp#27;[0m Responding to client with driver.findElement() result: {"element-6066-11e4-a52e-4f735466cecf":"41070000-0000-0000-0103-000000000000","ELEMENT":"41070000-0000-0000-0103-000000000000"}
&amp#27;[38;5;0m[HTTP]&amp#27;[0m &amp#27;[37m<-- POST /session/28adf0bf-7ee8-437a-b2e7-798510efe6fe/element &amp#27;[39m&amp#27;[32m200&amp#27;[39m &amp#27;[90m531 ms - 137&amp#27;[39m
&amp#27;[38;5;0m[HTTP]&amp#27;[0m &amp#27;[90m&amp#27;[39m
&amp#27;[38;5;0m[HTTP]&amp#27;[0m &amp#27;[37m-->&amp#27;[39m &amp#27;[37mPOST&amp#27;[39m &amp#27;[37m/session/28adf0bf-7ee8-437a-b2e7-798510efe6fe/element/41070000-0000-0000-0103-000000000000/click&amp#27;[39m
&amp#27;[38;5;0m[HTTP]&amp#27;[0m &amp#27;[90m{"id":"41070000-0000-0000-0103-000000000000"}&amp#27;[39m
&amp#27;[38;5;32m[XCUITestDriver@e07a (28adf0bf)]&amp#27;[0m Driver proxy active, passing request on via HTTP proxy
&amp#27;[38;5;32m[XCUITestDriver@e07a (28adf0bf)]&amp#27;[0m Executing command 'proxyReqRes'
&amp#27;[38;5;32m[XCUITestDriver@e07a (28adf0bf)]&amp#27;[0m Matched '/session/28adf0bf-7ee8-437a-b2e7-798510efe6fe/element/41070000-0000-0000-0103-000000000000/click' to command name 'click'
&amp#27;[38;5;32m[XCUITestDriver@e07a (28adf0bf)]&amp#27;[0m Proxying [POST /session/28adf0bf-7ee8-437a-b2e7-798510efe6fe/element/41070000-0000-0000-0103-000000000000/click] to [POST http://127.0.0.1:8100/session/E78FC83E-19E7-4136-B719-97A048452808/element/41070000-0000-0000-0103-000000000000/click] with body: {"id":"41070000-0000-0000-0103-000000000000"}
&amp#27;[38;5;32m[XCUITestDriver@e07a (28adf0bf)]&amp#27;[0m Got response with status 200: {"value":null,"sessionId":"E78FC83E-19E7-4136-B719-97A048452808"}
&amp#27;[38;5;32m[XCUITestDriver@e07a (28adf0bf)]&amp#27;[0m Replacing sessionId E78FC83E-19E7-4136-B719-97A048452808 with 28adf0bf-7ee8-437a-b2e7-798510efe6fe
&amp#27;[38;5;0m[HTTP]&amp#27;[0m &amp#27;[37m<-- POST /session/28adf0bf-7ee8-437a-b2e7-798510efe6fe/element/41070000-0000-0000-0103-000000000000/click &amp#27;[39m&amp#27;[32m200&amp#27;[39m &amp#27;[90m1182 ms - 65&amp#27;[39m
&amp#27;[38;5;0m[HTTP]&amp#27;[0m &amp#27;[90m&amp#27;[39m
&amp#27;[38;5;0m[HTTP]&amp#27;[0m &amp#27;[37m-->&amp#27;[39m &amp#27;[37mGET&amp#27;[39m &amp#27;[37m/session/28adf0bf-7ee8-437a-b2e7-798510efe6fe/context&amp#27;[39m
&amp#27;[38;5;0m[HTTP]&amp#27;[0m &amp#27;[90m{}&amp#27;[39m
&amp#27;[38;5;32m[XCUITestDriver@e07a (28adf0bf)]&amp#27;[0m Calling AppiumDriver.getCurrentContext() with args: ["28adf0bf-7ee8-437a-b2e7-798510efe6fe"]
&amp#27;[38;5;32m[XCUITestDriver@e07a (28adf0bf)]&amp#27;[0m Executing command 'getCurrentContext'
&amp#27;[38;5;32m[XCUITestDriver@e07a (28adf0bf)]&amp#27;[0m Responding to client with driver.getCurrentContext() result: "NATIVE_APP"
&amp#27;[38;5;0m[HTTP]&amp#27;[0m &amp#27;[37m<-- GET /session/28adf0bf-7ee8-437a-b2e7-798510efe6fe/context &amp#27;[39m&amp#27;[32m200&amp#27;[39m &amp#27;[90m1 ms - 22&amp#27;[39m
&amp#27;[38;5;0m[HTTP]&amp#27;[0m &amp#27;[90m&amp#27;[39m
&amp#27;[38;5;0m[HTTP]&amp#27;[0m &amp#27;[37m-->&amp#27;[39m &amp#27;[37mPOST&amp#27;[39m &amp#27;[37m/session/28adf0bf-7ee8-437a-b2e7-798510efe6fe/element&amp#27;[39m
&amp#27;[38;5;0m[HTTP]&amp#27;[0m &amp#27;[90m{"using":"xpath","value":"//XCUIElementTypeButton[@name=\"START ROUTINE\"]"}&amp#27;[39m
&amp#27;[38;5;32m[XCUITestDriver@e07a (28adf0bf)]&amp#27;[0m Calling AppiumDriver.findElement() with args: ["xpath","//XCUIElementTypeButton[@name=\"START ROUTINE\"]","28adf0bf-7ee8-437a-b2e7-798510efe6fe"]
&amp#27;[38;5;32m[XCUITestDriver@e07a (28adf0bf)]&amp#27;[0m Executing command 'findElement'
&amp#27;[38;5;32m[XCUITestDriver@e07a (28adf0bf)]&amp#27;[0m Valid locator strategies for this request: xpath, id, name, class name, -ios predicate string, -ios class chain, accessibility id, css selector
&amp#27;[38;5;32m[XCUITestDriver@e07a (28adf0bf)]&amp#27;[0m Waiting up to 0 ms for condition
&amp#27;[38;5;32m[XCUITestDriver@e07a (28adf0bf)]&amp#27;[0m Matched '/element' to command name 'findElement'
&amp#27;[38;5;32m[XCUITestDriver@e07a (28adf0bf)]&amp#27;[0m Proxying [POST /element] to [POST http://127.0.0.1:8100/session/E78FC83E-19E7-4136-B719-97A048452808/element] with body: {"using":"xpath","value":"//XCUIElementTypeButton[@name=\"START ROUTINE\"]"}
&amp#27;[38;5;32m[XCUITestDriver@e07a (28adf0bf)]&amp#27;[0m Got response with status 200: {"value":{"ELEMENT":"D7060000-0000-0000-0103-000000000000","element-6066-11e4-a52e-4f735466cecf":"D7060000-0000-0000-0103-000000000000"},"sessionId":"E78FC83E-19E7-4136-B719-97A048452808"}
&amp#27;[38;5;32m[XCUITestDriver@e07a (28adf0bf)]&amp#27;[0m Responding to client with driver.findElement() result: {"element-6066-11e4-a52e-4f735466cecf":"D7060000-0000-0000-0103-000000000000","ELEMENT":"D7060000-0000-0000-0103-000000000000"}
&amp#27;[38;5;0m[HTTP]&amp#27;[0m &amp#27;[37m<-- POST /session/28adf0bf-7ee8-437a-b2e7-798510efe6fe/element &amp#27;[39m&amp#27;[32m200&amp#27;[39m &amp#27;[90m811 ms - 137&amp#27;[39m
&amp#27;[38;5;0m[HTTP]&amp#27;[0m &amp#27;[90m&amp#27;[39m
&amp#27;[38;5;0m[HTTP]&amp#27;[0m &amp#27;[37m-->&amp#27;[39m &amp#27;[37mGET&amp#27;[39m &amp#27;[37m/session/28adf0bf-7ee8-437a-b2e7-798510efe6fe/element/D7060000-0000-0000-0103-000000000000/displayed&amp#27;[39m
&amp#27;[38;5;0m[HTTP]&amp#27;[0m &amp#27;[90m{}&amp#27;[39m
&amp#27;[38;5;32m[XCUITestDriver@e07a (28adf0bf)]&amp#27;[0m Driver proxy active, passing request on via HTTP proxy
&amp#27;[38;5;32m[XCUITestDriver@e07a (28adf0bf)]&amp#27;[0m Executing command 'proxyReqRes'
&amp#27;[38;5;32m[XCUITestDriver@e07a (28adf0bf)]&amp#27;[0m Matched '/session/28adf0bf-7ee8-437a-b2e7-798510efe6fe/element/D7060000-0000-0000-0103-000000000000/displayed' to command name 'elementDisplayed'
&amp#27;[38;5;32m[XCUITestDriver@e07a (28adf0bf)]&amp#27;[0m Proxying [GET /session/28adf0bf-7ee8-437a-b2e7-798510efe6fe/element/D7060000-0000-0000-0103-000000000000/displayed] to [GET http://127.0.0.1:8100/session/E78FC83E-19E7-4136-B719-97A048452808/element/D7060000-0000-0000-0103-000000000000/displayed] with no body
&amp#27;[38;5;32m[XCUITestDriver@e07a (28adf0bf)]&amp#27;[0m Got response with status 200: {"value":true,"sessionId":"E78FC83E-19E7-4136-B719-97A048452808"}
&amp#27;[38;5;32m[XCUITestDriver@e07a (28adf0bf)]&amp#27;[0m Replacing sessionId E78FC83E-19E7-4136-B719-97A048452808 with 28adf0bf-7ee8-437a-b2e7-798510efe6fe
&amp#27;[38;5;0m[HTTP]&amp#27;[0m &amp#27;[37m<-- GET /session/28adf0bf-7ee8-437a-b2e7-798510efe6fe/element/D7060000-0000-0000-0103-000000000000/displayed &amp#27;[39m&amp#27;[32m200&amp#27;[39m &amp#27;[90m80 ms - 65&amp#27;[39m
&amp#27;[38;5;0m[HTTP]&amp#27;[0m &amp#27;[90m&amp#27;[39m
&amp#27;[38;5;0m[HTTP]&amp#27;[0m &amp#27;[37m-->&amp#27;[39m &amp#27;[37mGET&amp#27;[39m &amp#27;[37m/session/28adf0bf-7ee8-437a-b2e7-798510efe6fe/context&amp#27;[39m
&amp#27;[38;5;0m[HTTP]&amp#27;[0m &amp#27;[90m{}&amp#27;[39m
&amp#27;[38;5;32m[XCUITestDriver@e07a (28adf0bf)]&amp#27;[0m Calling AppiumDriver.getCurrentContext() with args: ["28adf0bf-7ee8-437a-b2e7-798510efe6fe"]
&amp#27;[38;5;32m[XCUITestDriver@e07a (28adf0bf)]&amp#27;[0m Executing command 'getCurrentContext'
&amp#27;[38;5;32m[XCUITestDriver@e07a (28adf0bf)]&amp#27;[0m Responding to client with driver.getCurrentContext() result: "NATIVE_APP"
&amp#27;[38;5;0m[HTTP]&amp#27;[0m &amp#27;[37m<-- GET /session/28adf0bf-7ee8-437a-b2e7-798510efe6fe/context &amp#27;[39m&amp#27;[32m200&amp#27;[39m &amp#27;[90m1 ms - 22&amp#27;[39m
&amp#27;[38;5;0m[HTTP]&amp#27;[0m &amp#27;[90m&amp#27;[39m
&amp#27;[38;5;0m[HTTP]&amp#27;[0m &amp#27;[37m-->&amp#27;[39m &amp#27;[37mPOST&amp#27;[39m &amp#27;[37m/session/28adf0bf-7ee8-437a-b2e7-798510efe6fe/element&amp#27;[39m
&amp#27;[38;5;0m[HTTP]&amp#27;[0m &amp#27;[90m{"using":"xpath","value":"//XCUIElementTypeButton[@name=\"START ROUTINE\"]"}&amp#27;[39m
&amp#27;[38;5;32m[XCUITestDriver@e07a (28adf0bf)]&amp#27;[0m Calling AppiumDriver.findElement() with args: ["xpath","//XCUIElementTypeButton[@name=\"START ROUTINE\"]","28adf0bf-7ee8-437a-b2e7-798510efe6fe"]
&amp#27;[38;5;32m[XCUITestDriver@e07a (28adf0bf)]&amp#27;[0m Executing command 'findElement'
&amp#27;[38;5;32m[XCUITestDriver@e07a (28adf0bf)]&amp#27;[0m Valid locator strategies for this request: xpath, id, name, class name, -ios predicate string, -ios class chain, accessibility id, css selector
&amp#27;[38;5;32m[XCUITestDriver@e07a (28adf0bf)]&amp#27;[0m Waiting up to 0 ms for condition
&amp#27;[38;5;32m[XCUITestDriver@e07a (28adf0bf)]&amp#27;[0m Matched '/element' to command name 'findElement'
&amp#27;[38;5;32m[XCUITestDriver@e07a (28adf0bf)]&amp#27;[0m Proxying [POST /element] to [POST http://127.0.0.1:8100/session/E78FC83E-19E7-4136-B719-97A048452808/element] with body: {"using":"xpath","value":"//XCUIElementTypeButton[@name=\"START ROUTINE\"]"}
&amp#27;[38;5;32m[XCUITestDriver@e07a (28adf0bf)]&amp#27;[0m Got response with status 200: {"value":{"ELEMENT":"D7060000-0000-0000-0103-000000000000","element-6066-11e4-a52e-4f735466cecf":"D7060000-0000-0000-0103-000000000000"},"sessionId":"E78FC83E-19E7-4136-B719-97A048452808"}
&amp#27;[38;5;32m[XCUITestDriver@e07a (28adf0bf)]&amp#27;[0m Responding to client with driver.findElement() result: {"element-6066-11e4-a52e-4f735466cecf":"D7060000-0000-0000-0103-000000000000","ELEMENT":"D7060000-0000-0000-0103-000000000000"}
&amp#27;[38;5;0m[HTTP]&amp#27;[0m &amp#27;[37m<-- POST /session/28adf0bf-7ee8-437a-b2e7-798510efe6fe/element &amp#27;[39m&amp#27;[32m200&amp#27;[39m &amp#27;[90m556 ms - 137&amp#27;[39m
&amp#27;[38;5;0m[HTTP]&amp#27;[0m &amp#27;[90m&amp#27;[39m
&amp#27;[38;5;0m[HTTP]&amp#27;[0m &amp#27;[37m-->&amp#27;[39m &amp#27;[37mGET&amp#27;[39m &amp#27;[37m/session/28adf0bf-7ee8-437a-b2e7-798510efe6fe/element/D7060000-0000-0000-0103-000000000000/enabled&amp#27;[39m
&amp#27;[38;5;0m[HTTP]&amp#27;[0m &amp#27;[90m{}&amp#27;[39m
&amp#27;[38;5;32m[XCUITestDriver@e07a (28adf0bf)]&amp#27;[0m Driver proxy active, passing request on via HTTP proxy
&amp#27;[38;5;32m[XCUITestDriver@e07a (28adf0bf)]&amp#27;[0m Executing command 'proxyReqRes'
&amp#27;[38;5;32m[XCUITestDriver@e07a (28adf0bf)]&amp#27;[0m Matched '/session/28adf0bf-7ee8-437a-b2e7-798510efe6fe/element/D7060000-0000-0000-0103-000000000000/enabled' to command name 'elementEnabled'
&amp#27;[38;5;32m[XCUITestDriver@e07a (28adf0bf)]&amp#27;[0m Proxying [GET /session/28adf0bf-7ee8-437a-b2e7-798510efe6fe/element/D7060000-0000-0000-0103-000000000000/enabled] to [GET http://127.0.0.1:8100/session/E78FC83E-19E7-4136-B719-97A048452808/element/D7060000-0000-0000-0103-000000000000/enabled] with no body
&amp#27;[38;5;32m[XCUITestDriver@e07a (28adf0bf)]&amp#27;[0m Got response with status 200: {"value":true,"sessionId":"E78FC83E-19E7-4136-B719-97A048452808"}
&amp#27;[38;5;32m[XCUITestDriver@e07a (28adf0bf)]&amp#27;[0m Replacing sessionId E78FC83E-19E7-4136-B719-97A048452808 with 28adf0bf-7ee8-437a-b2e7-798510efe6fe
&amp#27;[38;5;0m[HTTP]&amp#27;[0m &amp#27;[37m<-- GET /session/28adf0bf-7ee8-437a-b2e7-798510efe6fe/element/D7060000-0000-0000-0103-000000000000/enabled &amp#27;[39m&amp#27;[32m200&amp#27;[39m &amp#27;[90m70 ms - 65&amp#27;[39m
&amp#27;[38;5;0m[HTTP]&amp#27;[0m &amp#27;[90m&amp#27;[39m
&amp#27;[38;5;0m[HTTP]&amp#27;[0m &amp#27;[37m-->&amp#27;[39m &amp#27;[37mGET&amp#27;[39m &amp#27;[37m/session/28adf0bf-7ee8-437a-b2e7-798510efe6fe/context&amp#27;[39m
&amp#27;[38;5;0m[HTTP]&amp#27;[0m &amp#27;[90m{}&amp#27;[39m
&amp#27;[38;5;32m[XCUITestDriver@e07a (28adf0bf)]&amp#27;[0m Calling AppiumDriver.getCurrentContext() with args: ["28adf0bf-7ee8-437a-b2e7-798510efe6fe"]
&amp#27;[38;5;32m[XCUITestDriver@e07a (28adf0bf)]&amp#27;[0m Executing command 'getCurrentContext'
&amp#27;[38;5;32m[XCUITestDriver@e07a (28adf0bf)]&amp#27;[0m Responding to client with driver.getCurrentContext() result: "NATIVE_APP"
&amp#27;[38;5;0m[HTTP]&amp#27;[0m &amp#27;[37m<-- GET /session/28adf0bf-7ee8-437a-b2e7-798510efe6fe/context &amp#27;[39m&amp#27;[32m200&amp#27;[39m &amp#27;[90m1 ms - 22&amp#27;[39m
&amp#27;[38;5;0m[HTTP]&amp#27;[0m &amp#27;[90m&amp#27;[39m
&amp#27;[38;5;0m[HTTP]&amp#27;[0m &amp#27;[37m-->&amp#27;[39m &amp#27;[37mPOST&amp#27;[39m &amp#27;[37m/session/28adf0bf-7ee8-437a-b2e7-798510efe6fe/element&amp#27;[39m
&amp#27;[38;5;0m[HTTP]&amp#27;[0m &amp#27;[90m{"using":"xpath","value":"//XCUIElementTypeButton[@name=\"START ROUTINE\"]"}&amp#27;[39m
&amp#27;[38;5;32m[XCUITestDriver@e07a (28adf0bf)]&amp#27;[0m Calling AppiumDriver.findElement() with args: ["xpath","//XCUIElementTypeButton[@name=\"START ROUTINE\"]","28adf0bf-7ee8-437a-b2e7-798510efe6fe"]
&amp#27;[38;5;32m[XCUITestDriver@e07a (28adf0bf)]&amp#27;[0m Executing command 'findElement'
&amp#27;[38;5;32m[XCUITestDriver@e07a (28adf0bf)]&amp#27;[0m Valid locator strategies for this request: xpath, id, name, class name, -ios predicate string, -ios class chain, accessibility id, css selector
&amp#27;[38;5;32m[XCUITestDriver@e07a (28adf0bf)]&amp#27;[0m Waiting up to 0 ms for condition
&amp#27;[38;5;32m[XCUITestDriver@e07a (28adf0bf)]&amp#27;[0m Matched '/element' to command name 'findElement'
&amp#27;[38;5;32m[XCUITestDriver@e07a (28adf0bf)]&amp#27;[0m Proxying [POST /element] to [POST http://127.0.0.1:8100/session/E78FC83E-19E7-4136-B719-97A048452808/element] with body: {"using":"xpath","value":"//XCUIElementTypeButton[@name=\"START ROUTINE\"]"}
&amp#27;[38;5;32m[XCUITestDriver@e07a (28adf0bf)]&amp#27;[0m Got response with status 200: {"value":{"ELEMENT":"D7060000-0000-0000-0103-000000000000","element-6066-11e4-a52e-4f735466cecf":"D7060000-0000-0000-0103-000000000000"},"sessionId":"E78FC83E-19E7-4136-B719-97A048452808"}
&amp#27;[38;5;32m[XCUITestDriver@e07a (28adf0bf)]&amp#27;[0m Responding to client with driver.findElement() result: {"element-6066-11e4-a52e-4f735466cecf":"D7060000-0000-0000-0103-000000000000","ELEMENT":"D7060000-0000-0000-0103-000000000000"}
&amp#27;[38;5;0m[HTTP]&amp#27;[0m &amp#27;[37m<-- POST /session/28adf0bf-7ee8-437a-b2e7-798510efe6fe/element &amp#27;[39m&amp#27;[32m200&amp#27;[39m &amp#27;[90m710 ms - 137&amp#27;[39m
&amp#27;[38;5;0m[HTTP]&amp#27;[0m &amp#27;[90m&amp#27;[39m
&amp#27;[38;5;0m[HTTP]&amp#27;[0m &amp#27;[37m-->&amp#27;[39m &amp#27;[37mGET&amp#27;[39m &amp#27;[37m/session/28adf0bf-7ee8-437a-b2e7-798510efe6fe/element/D7060000-0000-0000-0103-000000000000/text&amp#27;[39m
&amp#27;[38;5;0m[HTTP]&amp#27;[0m &amp#27;[90m{}&amp#27;[39m
&amp#27;[38;5;32m[XCUITestDriver@e07a (28adf0bf)]&amp#27;[0m Driver proxy active, passing request on via HTTP proxy
&amp#27;[38;5;32m[XCUITestDriver@e07a (28adf0bf)]&amp#27;[0m Executing command 'proxyReqRes'
&amp#27;[38;5;32m[XCUITestDriver@e07a (28adf0bf)]&amp#27;[0m Matched '/session/28adf0bf-7ee8-437a-b2e7-798510efe6fe/element/D7060000-0000-0000-0103-000000000000/text' to command name 'getText'
&amp#27;[38;5;32m[XCUITestDriver@e07a (28adf0bf)]&amp#27;[0m Proxying [GET /session/28adf0bf-7ee8-437a-b2e7-798510efe6fe/element/D7060000-0000-0000-0103-000000000000/text] to [GET http://127.0.0.1:8100/session/E78FC83E-19E7-4136-B719-97A048452808/element/D7060000-0000-0000-0103-000000000000/text] with no body
&amp#27;[38;5;32m[XCUITestDriver@e07a (28adf0bf)]&amp#27;[0m Got response with status 200: {"value":"START ROUTINE","sessionId":"E78FC83E-19E7-4136-B719-97A048452808"}
&amp#27;[38;5;32m[XCUITestDriver@e07a (28adf0bf)]&amp#27;[0m Replacing sessionId E78FC83E-19E7-4136-B719-97A048452808 with 28adf0bf-7ee8-437a-b2e7-798510efe6fe
&amp#27;[38;5;0m[HTTP]&amp#27;[0m &amp#27;[37m<-- GET /session/28adf0bf-7ee8-437a-b2e7-798510efe6fe/element/D7060000-0000-0000-0103-000000000000/text &amp#27;[39m&amp#27;[32m200&amp#27;[39m &amp#27;[90m65 ms - 76&amp#27;[39m
&amp#27;[38;5;0m[HTTP]&amp#27;[0m &amp#27;[90m&amp#27;[39m
&amp#27;[38;5;0m[HTTP]&amp#27;[0m &amp#27;[37m-->&amp#27;[39m &amp#27;[37mGET&amp#27;[39m &amp#27;[37m/session/28adf0bf-7ee8-437a-b2e7-798510efe6fe/context&amp#27;[39m
&amp#27;[38;5;0m[HTTP]&amp#27;[0m &amp#27;[90m{}&amp#27;[39m
&amp#27;[38;5;32m[XCUITestDriver@e07a (28adf0bf)]&amp#27;[0m Calling AppiumDriver.getCurrentContext() with args: ["28adf0bf-7ee8-437a-b2e7-798510efe6fe"]
&amp#27;[38;5;32m[XCUITestDriver@e07a (28adf0bf)]&amp#27;[0m Executing command 'getCurrentContext'
&amp#27;[38;5;32m[XCUITestDriver@e07a (28adf0bf)]&amp#27;[0m Responding to client with driver.getCurrentContext() result: "NATIVE_APP"
&amp#27;[38;5;0m[HTTP]&amp#27;[0m &amp#27;[37m<-- GET /session/28adf0bf-7ee8-437a-b2e7-798510efe6fe/context &amp#27;[39m&amp#27;[32m200&amp#27;[39m &amp#27;[90m1 ms - 22&amp#27;[39m
&amp#27;[38;5;0m[HTTP]&amp#27;[0m &amp#27;[90m&amp#27;[39m
&amp#27;[38;5;0m[HTTP]&amp#27;[0m &amp#27;[37m-->&amp#27;[39m &amp#27;[37mPOST&amp#27;[39m &amp#27;[37m/session/28adf0bf-7ee8-437a-b2e7-798510efe6fe/element&amp#27;[39m
&amp#27;[38;5;0m[HTTP]&amp#27;[0m &amp#27;[90m{"using":"xpath","value":"//XCUIElementTypeButton[@name=\"START ROUTINE\"]"}&amp#27;[39m
&amp#27;[38;5;32m[XCUITestDriver@e07a (28adf0bf)]&amp#27;[0m Calling AppiumDriver.findElement() with args: ["xpath","//XCUIElementTypeButton[@name=\"START ROUTINE\"]","28adf0bf-7ee8-437a-b2e7-798510efe6fe"]
&amp#27;[38;5;32m[XCUITestDriver@e07a (28adf0bf)]&amp#27;[0m Executing command 'findElement'
&amp#27;[38;5;32m[XCUITestDriver@e07a (28adf0bf)]&amp#27;[0m Valid locator strategies for this request: xpath, id, name, class name, -ios predicate string, -ios class chain, accessibility id, css selector
&amp#27;[38;5;32m[XCUITestDriver@e07a (28adf0bf)]&amp#27;[0m Waiting up to 0 ms for condition
&amp#27;[38;5;32m[XCUITestDriver@e07a (28adf0bf)]&amp#27;[0m Matched '/element' to command name 'findElement'
&amp#27;[38;5;32m[XCUITestDriver@e07a (28adf0bf)]&amp#27;[0m Proxying [POST /element] to [POST http://127.0.0.1:8100/session/E78FC83E-19E7-4136-B719-97A048452808/element] with body: {"using":"xpath","value":"//XCUIElementTypeButton[@name=\"START ROUTINE\"]"}
&amp#27;[38;5;32m[XCUITestDriver@e07a (28adf0bf)]&amp#27;[0m Got response with status 200: {"value":{"ELEMENT":"D7060000-0000-0000-0103-000000000000","element-6066-11e4-a52e-4f735466cecf":"D7060000-0000-0000-0103-000000000000"},"sessionId":"E78FC83E-19E7-4136-B719-97A048452808"}
&amp#27;[38;5;32m[XCUITestDriver@e07a (28adf0bf)]&amp#27;[0m Responding to client with driver.findElement() result: {"element-6066-11e4-a52e-4f735466cecf":"D7060000-0000-0000-0103-000000000000","ELEMENT":"D7060000-0000-0000-0103-000000000000"}
&amp#27;[38;5;0m[HTTP]&amp#27;[0m &amp#27;[37m<-- POST /session/28adf0bf-7ee8-437a-b2e7-798510efe6fe/element &amp#27;[39m&amp#27;[32m200&amp#27;[39m &amp#27;[90m789 ms - 137&amp#27;[39m
&amp#27;[38;5;0m[HTTP]&amp#27;[0m &amp#27;[90m&amp#27;[39m
&amp#27;[38;5;0m[HTTP]&amp#27;[0m &amp#27;[37m-->&amp#27;[39m &amp#27;[37mPOST&amp#27;[39m &amp#27;[37m/session/28adf0bf-7ee8-437a-b2e7-798510efe6fe/element/D7060000-0000-0000-0103-000000000000/click&amp#27;[39m
&amp#27;[38;5;0m[HTTP]&amp#27;[0m &amp#27;[90m{"id":"D7060000-0000-0000-0103-000000000000"}&amp#27;[39m
&amp#27;[38;5;32m[XCUITestDriver@e07a (28adf0bf)]&amp#27;[0m Driver proxy active, passing request on via HTTP proxy
&amp#27;[38;5;32m[XCUITestDriver@e07a (28adf0bf)]&amp#27;[0m Executing command 'proxyReqRes'
&amp#27;[38;5;32m[XCUITestDriver@e07a (28adf0bf)]&amp#27;[0m Matched '/session/28adf0bf-7ee8-437a-b2e7-798510efe6fe/element/D7060000-0000-0000-0103-000000000000/click' to command name 'click'
&amp#27;[38;5;32m[XCUITestDriver@e07a (28adf0bf)]&amp#27;[0m Proxying [POST /session/28adf0bf-7ee8-437a-b2e7-798510efe6fe/element/D7060000-0000-0000-0103-000000000000/click] to [POST http://127.0.0.1:8100/session/E78FC83E-19E7-4136-B719-97A048452808/element/D7060000-0000-0000-0103-000000000000/click] with body: {"id":"D7060000-0000-0000-0103-000000000000"}
&amp#27;[38;5;32m[XCUITestDriver@e07a (28adf0bf)]&amp#27;[0m Got response with status 200: {"value":null,"sessionId":"E78FC83E-19E7-4136-B719-97A048452808"}
&amp#27;[38;5;32m[XCUITestDriver@e07a (28adf0bf)]&amp#27;[0m Replacing sessionId E78FC83E-19E7-4136-B719-97A048452808 with 28adf0bf-7ee8-437a-b2e7-798510efe6fe
&amp#27;[38;5;0m[HTTP]&amp#27;[0m &amp#27;[37m<-- POST /session/28adf0bf-7ee8-437a-b2e7-798510efe6fe/element/D7060000-0000-0000-0103-000000000000/click &amp#27;[39m&amp#27;[32m200&amp#27;[39m &amp#27;[90m998 ms - 65&amp#27;[39m
&amp#27;[38;5;0m[HTTP]&amp#27;[0m &amp#27;[90m&amp#27;[39m
&amp#27;[38;5;0m[HTTP]&amp#27;[0m &amp#27;[37m-->&amp#27;[39m &amp#27;[37mGET&amp#27;[39m &amp#27;[37m/session/28adf0bf-7ee8-437a-b2e7-798510efe6fe/context&amp#27;[39m
&amp#27;[38;5;0m[HTTP]&amp#27;[0m &amp#27;[90m{}&amp#27;[39m
&amp#27;[38;5;32m[XCUITestDriver@e07a (28adf0bf)]&amp#27;[0m Calling AppiumDriver.getCurrentContext() with args: ["28adf0bf-7ee8-437a-b2e7-798510efe6fe"]
&amp#27;[38;5;32m[XCUITestDriver@e07a (28adf0bf)]&amp#27;[0m Executing command 'getCurrentContext'
&amp#27;[38;5;32m[XCUITestDriver@e07a (28adf0bf)]&amp#27;[0m Responding to client with driver.getCurrentContext() result: "NATIVE_APP"
&amp#27;[38;5;0m[HTTP]&amp#27;[0m &amp#27;[37m<-- GET /session/28adf0bf-7ee8-437a-b2e7-798510efe6fe/context &amp#27;[39m&amp#27;[32m200&amp#27;[39m &amp#27;[90m1 ms - 22&amp#27;[39m
&amp#27;[38;5;0m[HTTP]&amp#27;[0m &amp#27;[90m&amp#27;[39m
&amp#27;[38;5;0m[HTTP]&amp#27;[0m &amp#27;[37m-->&amp#27;[39m &amp#27;[37mPOST&amp#27;[39m &amp#27;[37m/session/28adf0bf-7ee8-437a-b2e7-798510efe6fe/element&amp#27;[39m
&amp#27;[38;5;0m[HTTP]&amp#27;[0m &amp#27;[90m{"using":"xpath","value":"//XCUIElementTypeStaticText[contains(@name, 'Starting in')]"}&amp#27;[39m
&amp#27;[38;5;32m[XCUITestDriver@e07a (28adf0bf)]&amp#27;[0m Calling AppiumDriver.findElement() with args: ["xpath","//XCUIElementTypeStaticText[contains(@name, 'Starting in')]","28adf0bf-7ee8-437a-b2e7-798510efe6fe"]
&amp#27;[38;5;32m[XCUITestDriver@e07a (28adf0bf)]&amp#27;[0m Executing command 'findElement'
&amp#27;[38;5;32m[XCUITestDriver@e07a (28adf0bf)]&amp#27;[0m Valid locator strategies for this request: xpath, id, name, class name, -ios predicate string, -ios class chain, accessibility id, css selector
&amp#27;[38;5;32m[XCUITestDriver@e07a (28adf0bf)]&amp#27;[0m Waiting up to 0 ms for condition
&amp#27;[38;5;32m[XCUITestDriver@e07a (28adf0bf)]&amp#27;[0m Matched '/element' to command name 'findElement'
&amp#27;[38;5;32m[XCUITestDriver@e07a (28adf0bf)]&amp#27;[0m Proxying [POST /element] to [POST http://127.0.0.1:8100/session/E78FC83E-19E7-4136-B719-97A048452808/element] with body: {"using":"xpath","value":"//XCUIElementTypeStaticText[contains(@name, 'Starting in')]"}
&amp#27;[38;5;32m[XCUITestDriver@e07a (28adf0bf)]&amp#27;[0m Got response with status 200: {"value":{"ELEMENT":"89070000-0000-0000-0103-000000000000","element-6066-11e4-a52e-4f735466cecf":"89070000-0000-0000-0103-000000000000"},"sessionId":"E78FC83E-19E7-4136-B719-97A048452808"}
&amp#27;[38;5;32m[XCUITestDriver@e07a (28adf0bf)]&amp#27;[0m Responding to client with driver.findElement() result: {"element-6066-11e4-a52e-4f735466cecf":"89070000-0000-0000-0103-000000000000","ELEMENT":"89070000-0000-0000-0103-000000000000"}
&amp#27;[38;5;0m[HTTP]&amp#27;[0m &amp#27;[37m<-- POST /session/28adf0bf-7ee8-437a-b2e7-798510efe6fe/element &amp#27;[39m&amp#27;[32m200&amp#27;[39m &amp#27;[90m797 ms - 137&amp#27;[39m
&amp#27;[38;5;0m[HTTP]&amp#27;[0m &amp#27;[90m&amp#27;[39m
&amp#27;[38;5;0m[HTTP]&amp#27;[0m &amp#27;[37m-->&amp#27;[39m &amp#27;[37mGET&amp#27;[39m &amp#27;[37m/session/28adf0bf-7ee8-437a-b2e7-798510efe6fe/element/89070000-0000-0000-0103-000000000000/text&amp#27;[39m
&amp#27;[38;5;0m[HTTP]&amp#27;[0m &amp#27;[90m{}&amp#27;[39m
&amp#27;[38;5;32m[XCUITestDriver@e07a (28adf0bf)]&amp#27;[0m Driver proxy active, passing request on via HTTP proxy
&amp#27;[38;5;32m[XCUITestDriver@e07a (28adf0bf)]&amp#27;[0m Executing command 'proxyReqRes'
&amp#27;[38;5;32m[XCUITestDriver@e07a (28adf0bf)]&amp#27;[0m Matched '/session/28adf0bf-7ee8-437a-b2e7-798510efe6fe/element/89070000-0000-0000-0103-000000000000/text' to command name 'getText'
&amp#27;[38;5;32m[XCUITestDriver@e07a (28adf0bf)]&amp#27;[0m Proxying [GET /session/28adf0bf-7ee8-437a-b2e7-798510efe6fe/element/89070000-0000-0000-0103-000000000000/text] to [GET http://127.0.0.1:8100/session/E78FC83E-19E7-4136-B719-97A048452808/element/89070000-0000-0000-0103-000000000000/text] with no body
&amp#27;[38;5;32m[XCUITestDriver@e07a (28adf0bf)]&amp#27;[0m Got response with status 200: {"value":"Left Shin Starting in...","sessionId":"E78FC83E-19E7-4136-B719-97A048452808"}
&amp#27;[38;5;32m[XCUITestDriver@e07a (28adf0bf)]&amp#27;[0m Replacing sessionId E78FC83E-19E7-4136-B719-97A048452808 with 28adf0bf-7ee8-437a-b2e7-798510efe6fe
&amp#27;[38;5;0m[HTTP]&amp#27;[0m &amp#27;[37m<-- GET /session/28adf0bf-7ee8-437a-b2e7-798510efe6fe/element/89070000-0000-0000-0103-000000000000/text &amp#27;[39m&amp#27;[32m200&amp#27;[39m &amp#27;[90m65 ms - 87&amp#27;[39m
&amp#27;[38;5;0m[HTTP]&amp#27;[0m &amp#27;[90m&amp#27;[39m
Break time is being displayed between routine steps
&amp#27;[38;5;0m[HTTP]&amp#27;[0m &amp#27;[37m-->&amp#27;[39m &amp#27;[37mGET&amp#27;[39m &amp#27;[37m/session/28adf0bf-7ee8-437a-b2e7-798510efe6fe/context&amp#27;[39m
&amp#27;[38;5;0m[HTTP]&amp#27;[0m &amp#27;[90m{}&amp#27;[39m
&amp#27;[38;5;32m[XCUITestDriver@e07a (28adf0bf)]&amp#27;[0m Calling AppiumDriver.getCurrentContext() with args: ["28adf0bf-7ee8-437a-b2e7-798510efe6fe"]
&amp#27;[38;5;32m[XCUITestDriver@e07a (28adf0bf)]&amp#27;[0m Executing command 'getCurrentContext'
&amp#27;[38;5;32m[XCUITestDriver@e07a (28adf0bf)]&amp#27;[0m Responding to client with driver.getCurrentContext() result: "NATIVE_APP"
&amp#27;[38;5;0m[HTTP]&amp#27;[0m &amp#27;[37m<-- GET /session/28adf0bf-7ee8-437a-b2e7-798510efe6fe/context &amp#27;[39m&amp#27;[32m200&amp#27;[39m &amp#27;[90m1 ms - 22&amp#27;[39m
&amp#27;[38;5;0m[HTTP]&amp#27;[0m &amp#27;[90m&amp#27;[39m
&amp#27;[38;5;0m[HTTP]&amp#27;[0m &amp#27;[37m-->&amp#27;[39m &amp#27;[37mPOST&amp#27;[39m &amp#27;[37m/session/28adf0bf-7ee8-437a-b2e7-798510efe6fe/element&amp#27;[39m
&amp#27;[38;5;0m[HTTP]&amp#27;[0m &amp#27;[90m{"using":"xpath","value":"//XCUIElementTypeButton[@name=\"ic close player\"]"}&amp#27;[39m
&amp#27;[38;5;32m[XCUITestDriver@e07a (28adf0bf)]&amp#27;[0m Calling AppiumDriver.findElement() with args: ["xpath","//XCUIElementTypeButton[@name=\"ic close player\"]","28adf0bf-7ee8-437a-b2e7-798510efe6fe"]
&amp#27;[38;5;32m[XCUITestDriver@e07a (28adf0bf)]&amp#27;[0m Executing command 'findElement'
&amp#27;[38;5;32m[XCUITestDriver@e07a (28adf0bf)]&amp#27;[0m Valid locator strategies for this request: xpath, id, name, class name, -ios predicate string, -ios class chain, accessibility id, css selector
&amp#27;[38;5;32m[XCUITestDriver@e07a (28adf0bf)]&amp#27;[0m Waiting up to 0 ms for condition
&amp#27;[38;5;32m[XCUITestDriver@e07a (28adf0bf)]&amp#27;[0m Matched '/element' to command name 'findElement'
&amp#27;[38;5;32m[XCUITestDriver@e07a (28adf0bf)]&amp#27;[0m Proxying [POST /element] to [POST http://127.0.0.1:8100/session/E78FC83E-19E7-4136-B719-97A048452808/element] with body: {"using":"xpath","value":"//XCUIElementTypeButton[@name=\"ic close player\"]"}
&amp#27;[38;5;32m[XCUITestDriver@e07a (28adf0bf)]&amp#27;[0m Got response with status 200: {"value":{"ELEMENT":"98070000-0000-0000-0103-000000000000","element-6066-11e4-a52e-4f735466cecf":"98070000-0000-0000-0103-000000000000"},"sessionId":"E78FC83E-19E7-4136-B719-97A048452808"}
&amp#27;[38;5;32m[XCUITestDriver@e07a (28adf0bf)]&amp#27;[0m Responding to client with driver.findElement() result: {"element-6066-11e4-a52e-4f735466cecf":"98070000-0000-0000-0103-000000000000","ELEMENT":"98070000-0000-0000-0103-000000000000"}
&amp#27;[38;5;0m[HTTP]&amp#27;[0m &amp#27;[37m<-- POST /session/28adf0bf-7ee8-437a-b2e7-798510efe6fe/element &amp#27;[39m&amp#27;[32m200&amp#27;[39m &amp#27;[90m743 ms - 137&amp#27;[39m
&amp#27;[38;5;0m[HTTP]&amp#27;[0m &amp#27;[90m&amp#27;[39m
&amp#27;[38;5;0m[HTTP]&amp#27;[0m &amp#27;[37m-->&amp#27;[39m &amp#27;[37mPOST&amp#27;[39m &amp#27;[37m/session/28adf0bf-7ee8-437a-b2e7-798510efe6fe/element/98070000-0000-0000-0103-000000000000/click&amp#27;[39m
&amp#27;[38;5;0m[HTTP]&amp#27;[0m &amp#27;[90m{"id":"98070000-0000-0000-0103-000000000000"}&amp#27;[39m
&amp#27;[38;5;32m[XCUITestDriver@e07a (28adf0bf)]&amp#27;[0m Driver proxy active, passing request on via HTTP proxy
&amp#27;[38;5;32m[XCUITestDriver@e07a (28adf0bf)]&amp#27;[0m Executing command 'proxyReqRes'
&amp#27;[38;5;32m[XCUITestDriver@e07a (28adf0bf)]&amp#27;[0m Matched '/session/28adf0bf-7ee8-437a-b2e7-798510efe6fe/element/98070000-0000-0000-0103-000000000000/click' to command name 'click'
&amp#27;[38;5;32m[XCUITestDriver@e07a (28adf0bf)]&amp#27;[0m Proxying [POST /session/28adf0bf-7ee8-437a-b2e7-798510efe6fe/element/98070000-0000-0000-0103-000000000000/click] to [POST http://127.0.0.1:8100/session/E78FC83E-19E7-4136-B719-97A048452808/element/98070000-0000-0000-0103-000000000000/click] with body: {"id":"98070000-0000-0000-0103-000000000000"}
&amp#27;[38;5;32m[XCUITestDriver@e07a (28adf0bf)]&amp#27;[0m Got response with status 200: {"value":null,"sessionId":"E78FC83E-19E7-4136-B719-97A048452808"}
&amp#27;[38;5;32m[XCUITestDriver@e07a (28adf0bf)]&amp#27;[0m Replacing sessionId E78FC83E-19E7-4136-B719-97A048452808 with 28adf0bf-7ee8-437a-b2e7-798510efe6fe
&amp#27;[38;5;0m[HTTP]&amp#27;[0m &amp#27;[37m<-- POST /session/28adf0bf-7ee8-437a-b2e7-798510efe6fe/element/98070000-0000-0000-0103-000000000000/click &amp#27;[39m&amp#27;[32m200&amp#27;[39m &amp#27;[90m929 ms - 65&amp#27;[39m
&amp#27;[38;5;0m[HTTP]&amp#27;[0m &amp#27;[90m&amp#27;[39m
&amp#27;[38;5;0m[HTTP]&amp#27;[0m &amp#27;[37m-->&amp#27;[39m &amp#27;[37mGET&amp#27;[39m &amp#27;[37m/session/28adf0bf-7ee8-437a-b2e7-798510efe6fe/context&amp#27;[39m
&amp#27;[38;5;0m[HTTP]&amp#27;[0m &amp#27;[90m{}&amp#27;[39m
&amp#27;[38;5;32m[XCUITestDriver@e07a (28adf0bf)]&amp#27;[0m Calling AppiumDriver.getCurrentContext() with args: ["28adf0bf-7ee8-437a-b2e7-798510efe6fe"]
&amp#27;[38;5;32m[XCUITestDriver@e07a (28adf0bf)]&amp#27;[0m Executing command 'getCurrentContext'
&amp#27;[38;5;32m[XCUITestDriver@e07a (28adf0bf)]&amp#27;[0m Responding to client with driver.getCurrentContext() result: "NATIVE_APP"
&amp#27;[38;5;0m[HTTP]&amp#27;[0m &amp#27;[37m<-- GET /session/28adf0bf-7ee8-437a-b2e7-798510efe6fe/context &amp#27;[39m&amp#27;[32m200&amp#27;[39m &amp#27;[90m1 ms - 22&amp#27;[39m
&amp#27;[38;5;0m[HTTP]&amp#27;[0m &amp#27;[90m&amp#27;[39m
&amp#27;[38;5;0m[HTTP]&amp#27;[0m &amp#27;[37m-->&amp#27;[39m &amp#27;[37mPOST&amp#27;[39m &amp#27;[37m/session/28adf0bf-7ee8-437a-b2e7-798510efe6fe/element&amp#27;[39m
&amp#27;[38;5;0m[HTTP]&amp#27;[0m &amp#27;[90m{"using":"xpath","value":"//XCUIElementTypeStaticText[@name=\"END ROUTINE\"]"}&amp#27;[39m
&amp#27;[38;5;32m[XCUITestDriver@e07a (28adf0bf)]&amp#27;[0m Calling AppiumDriver.findElement() with args: ["xpath","//XCUIElementTypeStaticText[@name=\"END ROUTINE\"]","28adf0bf-7ee8-437a-b2e7-798510efe6fe"]
&amp#27;[38;5;32m[XCUITestDriver@e07a (28adf0bf)]&amp#27;[0m Executing command 'findElement'
&amp#27;[38;5;32m[XCUITestDriver@e07a (28adf0bf)]&amp#27;[0m Valid locator strategies for this request: xpath, id, name, class name, -ios predicate string, -ios class chain, accessibility id, css selector
&amp#27;[38;5;32m[XCUITestDriver@e07a (28adf0bf)]&amp#27;[0m Waiting up to 0 ms for condition
&amp#27;[38;5;32m[XCUITestDriver@e07a (28adf0bf)]&amp#27;[0m Matched '/element' to command name 'findElement'
&amp#27;[38;5;32m[XCUITestDriver@e07a (28adf0bf)]&amp#27;[0m Proxying [POST /element] to [POST http://127.0.0.1:8100/session/E78FC83E-19E7-4136-B719-97A048452808/element] with body: {"using":"xpath","value":"//XCUIElementTypeStaticText[@name=\"END ROUTINE\"]"}
&amp#27;[38;5;32m[XCUITestDriver@e07a (28adf0bf)]&amp#27;[0m Got response with status 200: {"value":{"ELEMENT":"B7070000-0000-0000-0103-000000000000","element-6066-11e4-a52e-4f735466cecf":"B7070000-0000-0000-0103-000000000000"},"sessionId":"E78FC83E-19E7-4136-B719-97A048452808"}
&amp#27;[38;5;32m[XCUITestDriver@e07a (28adf0bf)]&amp#27;[0m Responding to client with driver.findElement() result: {"element-6066-11e4-a52e-4f735466cecf":"B7070000-0000-0000-0103-000000000000","ELEMENT":"B7070000-0000-0000-0103-000000000000"}
&amp#27;[38;5;0m[HTTP]&amp#27;[0m &amp#27;[37m<-- POST /session/28adf0bf-7ee8-437a-b2e7-798510efe6fe/element &amp#27;[39m&amp#27;[32m200&amp#27;[39m &amp#27;[90m595 ms - 137&amp#27;[39m
&amp#27;[38;5;0m[HTTP]&amp#27;[0m &amp#27;[90m&amp#27;[39m
&amp#27;[38;5;0m[HTTP]&amp#27;[0m &amp#27;[37m-->&amp#27;[39m &amp#27;[37mGET&amp#27;[39m &amp#27;[37m/session/28adf0bf-7ee8-437a-b2e7-798510efe6fe/element/B7070000-0000-0000-0103-000000000000/displayed&amp#27;[39m
&amp#27;[38;5;0m[HTTP]&amp#27;[0m &amp#27;[90m{}&amp#27;[39m
&amp#27;[38;5;32m[XCUITestDriver@e07a (28adf0bf)]&amp#27;[0m Driver proxy active, passing request on via HTTP proxy
&amp#27;[38;5;32m[XCUITestDriver@e07a (28adf0bf)]&amp#27;[0m Executing command 'proxyReqRes'
&amp#27;[38;5;32m[XCUITestDriver@e07a (28adf0bf)]&amp#27;[0m Matched '/session/28adf0bf-7ee8-437a-b2e7-798510efe6fe/element/B7070000-0000-0000-0103-000000000000/displayed' to command name 'elementDisplayed'
&amp#27;[38;5;32m[XCUITestDriver@e07a (28adf0bf)]&amp#27;[0m Proxying [GET /session/28adf0bf-7ee8-437a-b2e7-798510efe6fe/element/B7070000-0000-0000-0103-000000000000/displayed] to [GET http://127.0.0.1:8100/session/E78FC83E-19E7-4136-B719-97A048452808/element/B7070000-0000-0000-0103-000000000000/displayed] with no body
&amp#27;[38;5;32m[XCUITestDriver@e07a (28adf0bf)]&amp#27;[0m Got response with status 200: {"value":true,"sessionId":"E78FC83E-19E7-4136-B719-97A048452808"}
&amp#27;[38;5;32m[XCUITestDriver@e07a (28adf0bf)]&amp#27;[0m Replacing sessionId E78FC83E-19E7-4136-B719-97A048452808 with 28adf0bf-7ee8-437a-b2e7-798510efe6fe
&amp#27;[38;5;0m[HTTP]&amp#27;[0m &amp#27;[37m<-- GET /session/28adf0bf-7ee8-437a-b2e7-798510efe6fe/element/B7070000-0000-0000-0103-000000000000/displayed &amp#27;[39m&amp#27;[32m200&amp#27;[39m &amp#27;[90m83 ms - 65&amp#27;[39m
&amp#27;[38;5;0m[HTTP]&amp#27;[0m &amp#27;[90m&amp#27;[39m
&amp#27;[38;5;0m[HTTP]&amp#27;[0m &amp#27;[37m-->&amp#27;[39m &amp#27;[37mGET&amp#27;[39m &amp#27;[37m/session/28adf0bf-7ee8-437a-b2e7-798510efe6fe/context&amp#27;[39m
&amp#27;[38;5;0m[HTTP]&amp#27;[0m &amp#27;[90m{}&amp#27;[39m
&amp#27;[38;5;32m[XCUITestDriver@e07a (28adf0bf)]&amp#27;[0m Calling AppiumDriver.getCurrentContext() with args: ["28adf0bf-7ee8-437a-b2e7-798510efe6fe"]
&amp#27;[38;5;32m[XCUITestDriver@e07a (28adf0bf)]&amp#27;[0m Executing command 'getCurrentContext'
&amp#27;[38;5;32m[XCUITestDriver@e07a (28adf0bf)]&amp#27;[0m Responding to client with driver.getCurrentContext() result: "NATIVE_APP"
&amp#27;[38;5;0m[HTTP]&amp#27;[0m &amp#27;[37m<-- GET /session/28adf0bf-7ee8-437a-b2e7-798510efe6fe/context &amp#27;[39m&amp#27;[32m200&amp#27;[39m &amp#27;[90m1 ms - 22&amp#27;[39m
&amp#27;[38;5;0m[HTTP]&amp#27;[0m &amp#27;[90m&amp#27;[39m
&amp#27;[38;5;0m[HTTP]&amp#27;[0m &amp#27;[37m-->&amp#27;[39m &amp#27;[37mPOST&amp#27;[39m &amp#27;[37m/session/28adf0bf-7ee8-437a-b2e7-798510efe6fe/element&amp#27;[39m
&amp#27;[38;5;0m[HTTP]&amp#27;[0m &amp#27;[90m{"using":"xpath","value":"//XCUIElementTypeStaticText[@name=\"END ROUTINE\"]"}&amp#27;[39m
&amp#27;[38;5;32m[XCUITestDriver@e07a (28adf0bf)]&amp#27;[0m Calling AppiumDriver.findElement() with args: ["xpath","//XCUIElementTypeStaticText[@name=\"END ROUTINE\"]","28adf0bf-7ee8-437a-b2e7-798510efe6fe"]
&amp#27;[38;5;32m[XCUITestDriver@e07a (28adf0bf)]&amp#27;[0m Executing command 'findElement'
&amp#27;[38;5;32m[XCUITestDriver@e07a (28adf0bf)]&amp#27;[0m Valid locator strategies for this request: xpath, id, name, class name, -ios predicate string, -ios class chain, accessibility id, css selector
&amp#27;[38;5;32m[XCUITestDriver@e07a (28adf0bf)]&amp#27;[0m Waiting up to 0 ms for condition
&amp#27;[38;5;32m[XCUITestDriver@e07a (28adf0bf)]&amp#27;[0m Matched '/element' to command name 'findElement'
&amp#27;[38;5;32m[XCUITestDriver@e07a (28adf0bf)]&amp#27;[0m Proxying [POST /element] to [POST http://127.0.0.1:8100/session/E78FC83E-19E7-4136-B719-97A048452808/element] with body: {"using":"xpath","value":"//XCUIElementTypeStaticText[@name=\"END ROUTINE\"]"}
&amp#27;[38;5;32m[XCUITestDriver@e07a (28adf0bf)]&amp#27;[0m Got response with status 200: {"value":{"ELEMENT":"B7070000-0000-0000-0103-000000000000","element-6066-11e4-a52e-4f735466cecf":"B7070000-0000-0000-0103-000000000000"},"sessionId":"E78FC83E-19E7-4136-B719-97A048452808"}
&amp#27;[38;5;32m[XCUITestDriver@e07a (28adf0bf)]&amp#27;[0m Responding to client with driver.findElement() result: {"element-6066-11e4-a52e-4f735466cecf":"B7070000-0000-0000-0103-000000000000","ELEMENT":"B7070000-0000-0000-0103-000000000000"}
&amp#27;[38;5;0m[HTTP]&amp#27;[0m &amp#27;[37m<-- POST /session/28adf0bf-7ee8-437a-b2e7-798510efe6fe/element &amp#27;[39m&amp#27;[32m200&amp#27;[39m &amp#27;[90m773 ms - 137&amp#27;[39m
&amp#27;[38;5;0m[HTTP]&amp#27;[0m &amp#27;[90m&amp#27;[39m
&amp#27;[38;5;0m[HTTP]&amp#27;[0m &amp#27;[37m-->&amp#27;[39m &amp#27;[37mGET&amp#27;[39m &amp#27;[37m/session/28adf0bf-7ee8-437a-b2e7-798510efe6fe/element/B7070000-0000-0000-0103-000000000000/enabled&amp#27;[39m
&amp#27;[38;5;0m[HTTP]&amp#27;[0m &amp#27;[90m{}&amp#27;[39m
&amp#27;[38;5;32m[XCUITestDriver@e07a (28adf0bf)]&amp#27;[0m Driver proxy active, passing request on via HTTP proxy
&amp#27;[38;5;32m[XCUITestDriver@e07a (28adf0bf)]&amp#27;[0m Executing command 'proxyReqRes'
&amp#27;[38;5;32m[XCUITestDriver@e07a (28adf0bf)]&amp#27;[0m Matched '/session/28adf0bf-7ee8-437a-b2e7-798510efe6fe/element/B7070000-0000-0000-0103-000000000000/enabled' to command name 'elementEnabled'
&amp#27;[38;5;32m[XCUITestDriver@e07a (28adf0bf)]&amp#27;[0m Proxying [GET /session/28adf0bf-7ee8-437a-b2e7-798510efe6fe/element/B7070000-0000-0000-0103-000000000000/enabled] to [GET http://127.0.0.1:8100/session/E78FC83E-19E7-4136-B719-97A048452808/element/B7070000-0000-0000-0103-000000000000/enabled] with no body
&amp#27;[38;5;32m[XCUITestDriver@e07a (28adf0bf)]&amp#27;[0m Got response with status 200: {"value":true,"sessionId":"E78FC83E-19E7-4136-B719-97A048452808"}
&amp#27;[38;5;32m[XCUITestDriver@e07a (28adf0bf)]&amp#27;[0m Replacing sessionId E78FC83E-19E7-4136-B719-97A048452808 with 28adf0bf-7ee8-437a-b2e7-798510efe6fe
&amp#27;[38;5;0m[HTTP]&amp#27;[0m &amp#27;[37m<-- GET /session/28adf0bf-7ee8-437a-b2e7-798510efe6fe/element/B7070000-0000-0000-0103-000000000000/enabled &amp#27;[39m&amp#27;[32m200&amp#27;[39m &amp#27;[90m71 ms - 65&amp#27;[39m
&amp#27;[38;5;0m[HTTP]&amp#27;[0m &amp#27;[90m&amp#27;[39m
&amp#27;[38;5;0m[HTTP]&amp#27;[0m &amp#27;[37m-->&amp#27;[39m &amp#27;[37mGET&amp#27;[39m &amp#27;[37m/session/28adf0bf-7ee8-437a-b2e7-798510efe6fe/context&amp#27;[39m
&amp#27;[38;5;0m[HTTP]&amp#27;[0m &amp#27;[90m{}&amp#27;[39m
&amp#27;[38;5;32m[XCUITestDriver@e07a (28adf0bf)]&amp#27;[0m Calling AppiumDriver.getCurrentContext() with args: ["28adf0bf-7ee8-437a-b2e7-798510efe6fe"]
&amp#27;[38;5;32m[XCUITestDriver@e07a (28adf0bf)]&amp#27;[0m Executing command 'getCurrentContext'
&amp#27;[38;5;32m[XCUITestDriver@e07a (28adf0bf)]&amp#27;[0m Responding to client with driver.getCurrentContext() result: "NATIVE_APP"
&amp#27;[38;5;0m[HTTP]&amp#27;[0m &amp#27;[37m<-- GET /session/28adf0bf-7ee8-437a-b2e7-798510efe6fe/context &amp#27;[39m&amp#27;[32m200&amp#27;[39m &amp#27;[90m1 ms - 22&amp#27;[39m
&amp#27;[38;5;0m[HTTP]&amp#27;[0m &amp#27;[90m&amp#27;[39m
&amp#27;[38;5;0m[HTTP]&amp#27;[0m &amp#27;[37m-->&amp#27;[39m &amp#27;[37mPOST&amp#27;[39m &amp#27;[37m/session/28adf0bf-7ee8-437a-b2e7-798510efe6fe/element&amp#27;[39m
&amp#27;[38;5;0m[HTTP]&amp#27;[0m &amp#27;[90m{"using":"xpath","value":"//XCUIElementTypeStaticText[@name=\"END ROUTINE\"]"}&amp#27;[39m
&amp#27;[38;5;32m[XCUITestDriver@e07a (28adf0bf)]&amp#27;[0m Calling AppiumDriver.findElement() with args: ["xpath","//XCUIElementTypeStaticText[@name=\"END ROUTINE\"]","28adf0bf-7ee8-437a-b2e7-798510efe6fe"]
&amp#27;[38;5;32m[XCUITestDriver@e07a (28adf0bf)]&amp#27;[0m Executing command 'findElement'
&amp#27;[38;5;32m[XCUITestDriver@e07a (28adf0bf)]&amp#27;[0m Valid locator strategies for this request: xpath, id, name, class name, -ios predicate string, -ios class chain, accessibility id, css selector
&amp#27;[38;5;32m[XCUITestDriver@e07a (28adf0bf)]&amp#27;[0m Waiting up to 0 ms for condition
&amp#27;[38;5;32m[XCUITestDriver@e07a (28adf0bf)]&amp#27;[0m Matched '/element' to command name 'findElement'
&amp#27;[38;5;32m[XCUITestDriver@e07a (28adf0bf)]&amp#27;[0m Proxying [POST /element] to [POST http://127.0.0.1:8100/session/E78FC83E-19E7-4136-B719-97A048452808/element] with body: {"using":"xpath","value":"//XCUIElementTypeStaticText[@name=\"END ROUTINE\"]"}
&amp#27;[38;5;32m[XCUITestDriver@e07a (28adf0bf)]&amp#27;[0m Got response with status 200: {"value":{"ELEMENT":"B7070000-0000-0000-0103-000000000000","element-6066-11e4-a52e-4f735466cecf":"B7070000-0000-0000-0103-000000000000"},"sessionId":"E78FC83E-19E7-4136-B719-97A048452808"}
&amp#27;[38;5;32m[XCUITestDriver@e07a (28adf0bf)]&amp#27;[0m Responding to client with driver.findElement() result: {"element-6066-11e4-a52e-4f735466cecf":"B7070000-0000-0000-0103-000000000000","ELEMENT":"B7070000-0000-0000-0103-000000000000"}
&amp#27;[38;5;0m[HTTP]&amp#27;[0m &amp#27;[37m<-- POST /session/28adf0bf-7ee8-437a-b2e7-798510efe6fe/element &amp#27;[39m&amp#27;[32m200&amp#27;[39m &amp#27;[90m896 ms - 137&amp#27;[39m
&amp#27;[38;5;0m[HTTP]&amp#27;[0m &amp#27;[90m&amp#27;[39m
&amp#27;[38;5;0m[HTTP]&amp#27;[0m &amp#27;[37m-->&amp#27;[39m &amp#27;[37mPOST&amp#27;[39m &amp#27;[37m/session/28adf0bf-7ee8-437a-b2e7-798510efe6fe/element/B7070000-0000-0000-0103-000000000000/click&amp#27;[39m
&amp#27;[38;5;0m[HTTP]&amp#27;[0m &amp#27;[90m{"id":"B7070000-0000-0000-0103-000000000000"}&amp#27;[39m
&amp#27;[38;5;32m[XCUITestDriver@e07a (28adf0bf)]&amp#27;[0m Driver proxy active, passing request on via HTTP proxy
&amp#27;[38;5;32m[XCUITestDriver@e07a (28adf0bf)]&amp#27;[0m Executing command 'proxyReqRes'
&amp#27;[38;5;32m[XCUITestDriver@e07a (28adf0bf)]&amp#27;[0m Matched '/session/28adf0bf-7ee8-437a-b2e7-798510efe6fe/element/B7070000-0000-0000-0103-000000000000/click' to command name 'click'
&amp#27;[38;5;32m[XCUITestDriver@e07a (28adf0bf)]&amp#27;[0m Proxying [POST /session/28adf0bf-7ee8-437a-b2e7-798510efe6fe/element/B7070000-0000-0000-0103-000000000000/click] to [POST http://127.0.0.1:8100/session/E78FC83E-19E7-4136-B719-97A048452808/element/B7070000-0000-0000-0103-000000000000/click] with body: {"id":"B7070000-0000-0000-0103-000000000000"}
&amp#27;[38;5;32m[XCUITestDriver@e07a (28adf0bf)]&amp#27;[0m Got response with status 200: {"value":null,"sessionId":"E78FC83E-19E7-4136-B719-97A048452808"}
&amp#27;[38;5;32m[XCUITestDriver@e07a (28adf0bf)]&amp#27;[0m Replacing sessionId E78FC83E-19E7-4136-B719-97A048452808 with 28adf0bf-7ee8-437a-b2e7-798510efe6fe
&amp#27;[38;5;0m[HTTP]&amp#27;[0m &amp#27;[37m<-- POST /session/28adf0bf-7ee8-437a-b2e7-798510efe6fe/element/B7070000-0000-0000-0103-000000000000/click &amp#27;[39m&amp#27;[32m200&amp#27;[39m &amp#27;[90m877 ms - 65&amp#27;[39m
&amp#27;[38;5;0m[HTTP]&amp#27;[0m &amp#27;[90m&amp#27;[39m
Routine player ended... Routine overview screen is here!
&amp#27;[38;5;0m[HTTP]&amp#27;[0m &amp#27;[37m-->&amp#27;[39m &amp#27;[37mGET&amp#27;[39m &amp#27;[37m/session/28adf0bf-7ee8-437a-b2e7-798510efe6fe/context&amp#27;[39m
&amp#27;[38;5;0m[HTTP]&amp#27;[0m &amp#27;[90m{}&amp#27;[39m
&amp#27;[38;5;32m[XCUITestDriver@e07a (28adf0bf)]&amp#27;[0m Calling AppiumDriver.getCurrentContext() with args: ["28adf0bf-7ee8-437a-b2e7-798510efe6fe"]
&amp#27;[38;5;32m[XCUITestDriver@e07a (28adf0bf)]&amp#27;[0m Executing command 'getCurrentContext'
&amp#27;[38;5;32m[XCUITestDriver@e07a (28adf0bf)]&amp#27;[0m Responding to client with driver.getCurrentContext() result: "NATIVE_APP"
&amp#27;[38;5;0m[HTTP]&amp#27;[0m &amp#27;[37m<-- GET /session/28adf0bf-7ee8-437a-b2e7-798510efe6fe/context &amp#27;[39m&amp#27;[32m200&amp#27;[39m &amp#27;[90m1 ms - 22&amp#27;[39m
&amp#27;[38;5;0m[HTTP]&amp#27;[0m &amp#27;[90m&amp#27;[39m
&amp#27;[38;5;0m[HTTP]&amp#27;[0m &amp#27;[37m-->&amp#27;[39m &amp#27;[37mPOST&amp#27;[39m &amp#27;[37m/session/28adf0bf-7ee8-437a-b2e7-798510efe6fe/element&amp#27;[39m
&amp#27;[38;5;0m[HTTP]&amp#27;[0m &amp#27;[90m{"using":"xpath","value":"//XCUIElementTypeStaticText[@name=\"Preferences\"]"}&amp#27;[39m
&amp#27;[38;5;32m[XCUITestDriver@e07a (28adf0bf)]&amp#27;[0m Calling AppiumDriver.findElement() with args: ["xpath","//XCUIElementTypeStaticText[@name=\"Preferences\"]","28adf0bf-7ee8-437a-b2e7-798510efe6fe"]
&amp#27;[38;5;32m[XCUITestDriver@e07a (28adf0bf)]&amp#27;[0m Executing command 'findElement'
&amp#27;[38;5;32m[XCUITestDriver@e07a (28adf0bf)]&amp#27;[0m Valid locator strategies for this request: xpath, id, name, class name, -ios predicate string, -ios class chain, accessibility id, css selector
&amp#27;[38;5;32m[XCUITestDriver@e07a (28adf0bf)]&amp#27;[0m Waiting up to 0 ms for condition
&amp#27;[38;5;32m[XCUITestDriver@e07a (28adf0bf)]&amp#27;[0m Matched '/element' to command name 'findElement'
&amp#27;[38;5;32m[XCUITestDriver@e07a (28adf0bf)]&amp#27;[0m Proxying [POST /element] to [POST http://127.0.0.1:8100/session/E78FC83E-19E7-4136-B719-97A048452808/element] with body: {"using":"xpath","value":"//XCUIElementTypeStaticText[@name=\"Preferences\"]"}
&amp#27;[38;5;32m[XCUITestDriver@e07a (28adf0bf)]&amp#27;[0m Got response with status 200: {"value":{"ELEMENT":"F3060000-0000-0000-0103-000000000000","element-6066-11e4-a52e-4f735466cecf":"F3060000-0000-0000-0103-000000000000"},"sessionId":"E78FC83E-19E7-4136-B719-97A048452808"}
&amp#27;[38;5;32m[XCUITestDriver@e07a (28adf0bf)]&amp#27;[0m Responding to client with driver.findElement() result: {"element-6066-11e4-a52e-4f735466cecf":"F3060000-0000-0000-0103-000000000000","ELEMENT":"F3060000-0000-0000-0103-000000000000"}
&amp#27;[38;5;0m[HTTP]&amp#27;[0m &amp#27;[37m<-- POST /session/28adf0bf-7ee8-437a-b2e7-798510efe6fe/element &amp#27;[39m&amp#27;[32m200&amp#27;[39m &amp#27;[90m715 ms - 137&amp#27;[39m
&amp#27;[38;5;0m[HTTP]&amp#27;[0m &amp#27;[90m&amp#27;[39m
&amp#27;[38;5;0m[HTTP]&amp#27;[0m &amp#27;[37m-->&amp#27;[39m &amp#27;[37mGET&amp#27;[39m &amp#27;[37m/session/28adf0bf-7ee8-437a-b2e7-798510efe6fe/element/F3060000-0000-0000-0103-000000000000/rect&amp#27;[39m
&amp#27;[38;5;0m[HTTP]&amp#27;[0m &amp#27;[90m{}&amp#27;[39m
&amp#27;[38;5;32m[XCUITestDriver@e07a (28adf0bf)]&amp#27;[0m Driver proxy active, passing request on via HTTP proxy
&amp#27;[38;5;32m[XCUITestDriver@e07a (28adf0bf)]&amp#27;[0m Executing command 'proxyReqRes'
&amp#27;[38;5;32m[XCUITestDriver@e07a (28adf0bf)]&amp#27;[0m Matched '/session/28adf0bf-7ee8-437a-b2e7-798510efe6fe/element/F3060000-0000-0000-0103-000000000000/rect' to command name 'getElementRect'
&amp#27;[38;5;32m[XCUITestDriver@e07a (28adf0bf)]&amp#27;[0m Proxying [GET /session/28adf0bf-7ee8-437a-b2e7-798510efe6fe/element/F3060000-0000-0000-0103-000000000000/rect] to [GET http://127.0.0.1:8100/session/E78FC83E-19E7-4136-B719-97A048452808/element/F3060000-0000-0000-0103-000000000000/rect] with no body
&amp#27;[38;5;32m[XCUITestDriver@e07a (28adf0bf)]&amp#27;[0m Got response with status 200: {"value":{"y":380,"x":163,"width":79,"height":24},"sessionId":"E78FC83E-19E7-4136-B719-97A048452808"}
&amp#27;[38;5;32m[XCUITestDriver@e07a (28adf0bf)]&amp#27;[0m Replacing sessionId E78FC83E-19E7-4136-B719-97A048452808 with 28adf0bf-7ee8-437a-b2e7-798510efe6fe
&amp#27;[38;5;0m[HTTP]&amp#27;[0m &amp#27;[37m<-- GET /session/28adf0bf-7ee8-437a-b2e7-798510efe6fe/element/F3060000-0000-0000-0103-000000000000/rect &amp#27;[39m&amp#27;[32m200&amp#27;[39m &amp#27;[90m95 ms - 101&amp#27;[39m
&amp#27;[38;5;0m[HTTP]&amp#27;[0m &amp#27;[90m&amp#27;[39m
&amp#27;[38;5;0m[HTTP]&amp#27;[0m &amp#27;[37m-->&amp#27;[39m &amp#27;[37mGET&amp#27;[39m &amp#27;[37m/session/28adf0bf-7ee8-437a-b2e7-798510efe6fe/context&amp#27;[39m
&amp#27;[38;5;0m[HTTP]&amp#27;[0m &amp#27;[90m{}&amp#27;[39m
&amp#27;[38;5;32m[XCUITestDriver@e07a (28adf0bf)]&amp#27;[0m Calling AppiumDriver.getCurrentContext() with args: ["28adf0bf-7ee8-437a-b2e7-798510efe6fe"]
&amp#27;[38;5;32m[XCUITestDriver@e07a (28adf0bf)]&amp#27;[0m Executing command 'getCurrentContext'
&amp#27;[38;5;32m[XCUITestDriver@e07a (28adf0bf)]&amp#27;[0m Responding to client with driver.getCurrentContext() result: "NATIVE_APP"
&amp#27;[38;5;0m[HTTP]&amp#27;[0m &amp#27;[37m<-- GET /session/28adf0bf-7ee8-437a-b2e7-798510efe6fe/context &amp#27;[39m&amp#27;[32m200&amp#27;[39m &amp#27;[90m1 ms - 22&amp#27;[39m
&amp#27;[38;5;0m[HTTP]&amp#27;[0m &amp#27;[90m&amp#27;[39m
&amp#27;[38;5;0m[HTTP]&amp#27;[0m &amp#27;[37m-->&amp#27;[39m &amp#27;[37mPOST&amp#27;[39m &amp#27;[37m/session/28adf0bf-7ee8-437a-b2e7-798510efe6fe/element&amp#27;[39m
&amp#27;[38;5;0m[HTTP]&amp#27;[0m &amp#27;[90m{"using":"xpath","value":"//XCUIElementTypeStaticText[@name=\"Preferences\"]"}&amp#27;[39m
&amp#27;[38;5;32m[XCUITestDriver@e07a (28adf0bf)]&amp#27;[0m Calling AppiumDriver.findElement() with args: ["xpath","//XCUIElementTypeStaticText[@name=\"Preferences\"]","28adf0bf-7ee8-437a-b2e7-798510efe6fe"]
&amp#27;[38;5;32m[XCUITestDriver@e07a (28adf0bf)]&amp#27;[0m Executing command 'findElement'
&amp#27;[38;5;32m[XCUITestDriver@e07a (28adf0bf)]&amp#27;[0m Valid locator strategies for this request: xpath, id, name, class name, -ios predicate string, -ios class chain, accessibility id, css selector
&amp#27;[38;5;32m[XCUITestDriver@e07a (28adf0bf)]&amp#27;[0m Waiting up to 0 ms for condition
&amp#27;[38;5;32m[XCUITestDriver@e07a (28adf0bf)]&amp#27;[0m Matched '/element' to command name 'findElement'
&amp#27;[38;5;32m[XCUITestDriver@e07a (28adf0bf)]&amp#27;[0m Proxying [POST /element] to [POST http://127.0.0.1:8100/session/E78FC83E-19E7-4136-B719-97A048452808/element] with body: {"using":"xpath","value":"//XCUIElementTypeStaticText[@name=\"Preferences\"]"}
&amp#27;[38;5;32m[XCUITestDriver@e07a (28adf0bf)]&amp#27;[0m Got response with status 200: {"value":{"ELEMENT":"F3060000-0000-0000-0103-000000000000","element-6066-11e4-a52e-4f735466cecf":"F3060000-0000-0000-0103-000000000000"},"sessionId":"E78FC83E-19E7-4136-B719-97A048452808"}
&amp#27;[38;5;32m[XCUITestDriver@e07a (28adf0bf)]&amp#27;[0m Responding to client with driver.findElement() result: {"element-6066-11e4-a52e-4f735466cecf":"F3060000-0000-0000-0103-000000000000","ELEMENT":"F3060000-0000-0000-0103-000000000000"}
&amp#27;[38;5;0m[HTTP]&amp#27;[0m &amp#27;[37m<-- POST /session/28adf0bf-7ee8-437a-b2e7-798510efe6fe/element &amp#27;[39m&amp#27;[32m200&amp#27;[39m &amp#27;[90m706 ms - 137&amp#27;[39m
&amp#27;[38;5;0m[HTTP]&amp#27;[0m &amp#27;[90m&amp#27;[39m
&amp#27;[38;5;0m[HTTP]&amp#27;[0m &amp#27;[37m-->&amp#27;[39m &amp#27;[37mGET&amp#27;[39m &amp#27;[37m/session/28adf0bf-7ee8-437a-b2e7-798510efe6fe/element/F3060000-0000-0000-0103-000000000000/rect&amp#27;[39m
&amp#27;[38;5;0m[HTTP]&amp#27;[0m &amp#27;[90m{}&amp#27;[39m
&amp#27;[38;5;32m[XCUITestDriver@e07a (28adf0bf)]&amp#27;[0m Driver proxy active, passing request on via HTTP proxy
&amp#27;[38;5;32m[XCUITestDriver@e07a (28adf0bf)]&amp#27;[0m Executing command 'proxyReqRes'
&amp#27;[38;5;32m[XCUITestDriver@e07a (28adf0bf)]&amp#27;[0m Matched '/session/28adf0bf-7ee8-437a-b2e7-798510efe6fe/element/F3060000-0000-0000-0103-000000000000/rect' to command name 'getElementRect'
&amp#27;[38;5;32m[XCUITestDriver@e07a (28adf0bf)]&amp#27;[0m Proxying [GET /session/28adf0bf-7ee8-437a-b2e7-798510efe6fe/element/F3060000-0000-0000-0103-000000000000/rect] to [GET http://127.0.0.1:8100/session/E78FC83E-19E7-4136-B719-97A048452808/element/F3060000-0000-0000-0103-000000000000/rect] with no body
&amp#27;[38;5;32m[XCUITestDriver@e07a (28adf0bf)]&amp#27;[0m Got response with status 200: {"value":{"y":380,"x":163,"width":79,"height":24},"sessionId":"E78FC83E-19E7-4136-B719-97A048452808"}
&amp#27;[38;5;32m[XCUITestDriver@e07a (28adf0bf)]&amp#27;[0m Replacing sessionId E78FC83E-19E7-4136-B719-97A048452808 with 28adf0bf-7ee8-437a-b2e7-798510efe6fe
&amp#27;[38;5;0m[HTTP]&amp#27;[0m &amp#27;[37m<-- GET /session/28adf0bf-7ee8-437a-b2e7-798510efe6fe/element/F3060000-0000-0000-0103-000000000000/rect &amp#27;[39m&amp#27;[32m200&amp#27;[39m &amp#27;[90m73 ms - 101&amp#27;[39m
&amp#27;[38;5;0m[HTTP]&amp#27;[0m &amp#27;[90m&amp#27;[39m
&amp#27;[38;5;0m[HTTP]&amp#27;[0m &amp#27;[37m-->&amp#27;[39m &amp#27;[37mGET&amp#27;[39m &amp#27;[37m/session/28adf0bf-7ee8-437a-b2e7-798510efe6fe/context&amp#27;[39m
&amp#27;[38;5;0m[HTTP]&amp#27;[0m &amp#27;[90m{}&amp#27;[39m
&amp#27;[38;5;32m[XCUITestDriver@e07a (28adf0bf)]&amp#27;[0m Calling AppiumDriver.getCurrentContext() with args: ["28adf0bf-7ee8-437a-b2e7-798510efe6fe"]
&amp#27;[38;5;32m[XCUITestDriver@e07a (28adf0bf)]&amp#27;[0m Executing command 'getCurrentContext'
&amp#27;[38;5;32m[XCUITestDriver@e07a (28adf0bf)]&amp#27;[0m Responding to client with driver.getCurrentContext() result: "NATIVE_APP"
&amp#27;[38;5;0m[HTTP]&amp#27;[0m &amp#27;[37m<-- GET /session/28adf0bf-7ee8-437a-b2e7-798510efe6fe/context &amp#27;[39m&amp#27;[32m200&amp#27;[39m &amp#27;[90m1 ms - 22&amp#27;[39m
&amp#27;[38;5;0m[HTTP]&amp#27;[0m &amp#27;[90m&amp#27;[39m
&amp#27;[38;5;0m[HTTP]&amp#27;[0m &amp#27;[37m-->&amp#27;[39m &amp#27;[37mPOST&amp#27;[39m &amp#27;[37m/session/28adf0bf-7ee8-437a-b2e7-798510efe6fe/element&amp#27;[39m
&amp#27;[38;5;0m[HTTP]&amp#27;[0m &amp#27;[90m{"using":"xpath","value":"//XCUIElementTypeStaticText[@name=\"Preferences\"]"}&amp#27;[39m
&amp#27;[38;5;32m[XCUITestDriver@e07a (28adf0bf)]&amp#27;[0m Calling AppiumDriver.findElement() with args: ["xpath","//XCUIElementTypeStaticText[@name=\"Preferences\"]","28adf0bf-7ee8-437a-b2e7-798510efe6fe"]
&amp#27;[38;5;32m[XCUITestDriver@e07a (28adf0bf)]&amp#27;[0m Executing command 'findElement'
&amp#27;[38;5;32m[XCUITestDriver@e07a (28adf0bf)]&amp#27;[0m Valid locator strategies for this request: xpath, id, name, class name, -ios predicate string, -ios class chain, accessibility id, css selector
&amp#27;[38;5;32m[XCUITestDriver@e07a (28adf0bf)]&amp#27;[0m Waiting up to 0 ms for condition
&amp#27;[38;5;32m[XCUITestDriver@e07a (28adf0bf)]&amp#27;[0m Matched '/element' to command name 'findElement'
&amp#27;[38;5;32m[XCUITestDriver@e07a (28adf0bf)]&amp#27;[0m Proxying [POST /element] to [POST http://127.0.0.1:8100/session/E78FC83E-19E7-4136-B719-97A048452808/element] with body: {"using":"xpath","value":"//XCUIElementTypeStaticText[@name=\"Preferences\"]"}
&amp#27;[38;5;32m[XCUITestDriver@e07a (28adf0bf)]&amp#27;[0m Got response with status 200: {"value":{"ELEMENT":"F3060000-0000-0000-0103-000000000000","element-6066-11e4-a52e-4f735466cecf":"F3060000-0000-0000-0103-000000000000"},"sessionId":"E78FC83E-19E7-4136-B719-97A048452808"}
&amp#27;[38;5;32m[XCUITestDriver@e07a (28adf0bf)]&amp#27;[0m Responding to client with driver.findElement() result: {"element-6066-11e4-a52e-4f735466cecf":"F3060000-0000-0000-0103-000000000000","ELEMENT":"F3060000-0000-0000-0103-000000000000"}
&amp#27;[38;5;0m[HTTP]&amp#27;[0m &amp#27;[37m<-- POST /session/28adf0bf-7ee8-437a-b2e7-798510efe6fe/element &amp#27;[39m&amp#27;[32m200&amp#27;[39m &amp#27;[90m793 ms - 137&amp#27;[39m
&amp#27;[38;5;0m[HTTP]&amp#27;[0m &amp#27;[90m&amp#27;[39m
&amp#27;[38;5;0m[HTTP]&amp#27;[0m &amp#27;[37m-->&amp#27;[39m &amp#27;[37mGET&amp#27;[39m &amp#27;[37m/session/28adf0bf-7ee8-437a-b2e7-798510efe6fe/element/F3060000-0000-0000-0103-000000000000/rect&amp#27;[39m
&amp#27;[38;5;0m[HTTP]&amp#27;[0m &amp#27;[90m{}&amp#27;[39m
&amp#27;[38;5;32m[XCUITestDriver@e07a (28adf0bf)]&amp#27;[0m Driver proxy active, passing request on via HTTP proxy
&amp#27;[38;5;32m[XCUITestDriver@e07a (28adf0bf)]&amp#27;[0m Executing command 'proxyReqRes'
&amp#27;[38;5;32m[XCUITestDriver@e07a (28adf0bf)]&amp#27;[0m Matched '/session/28adf0bf-7ee8-437a-b2e7-798510efe6fe/element/F3060000-0000-0000-0103-000000000000/rect' to command name 'getElementRect'
&amp#27;[38;5;32m[XCUITestDriver@e07a (28adf0bf)]&amp#27;[0m Proxying [GET /session/28adf0bf-7ee8-437a-b2e7-798510efe6fe/element/F3060000-0000-0000-0103-000000000000/rect] to [GET http://127.0.0.1:8100/session/E78FC83E-19E7-4136-B719-97A048452808/element/F3060000-0000-0000-0103-000000000000/rect] with no body
&amp#27;[38;5;32m[XCUITestDriver@e07a (28adf0bf)]&amp#27;[0m Got response with status 200: {"value":{"y":380,"x":163,"width":79,"height":24},"sessionId":"E78FC83E-19E7-4136-B719-97A048452808"}
&amp#27;[38;5;32m[XCUITestDriver@e07a (28adf0bf)]&amp#27;[0m Replacing sessionId E78FC83E-19E7-4136-B719-97A048452808 with 28adf0bf-7ee8-437a-b2e7-798510efe6fe
&amp#27;[38;5;0m[HTTP]&amp#27;[0m &amp#27;[37m<-- GET /session/28adf0bf-7ee8-437a-b2e7-798510efe6fe/element/F3060000-0000-0000-0103-000000000000/rect &amp#27;[39m&amp#27;[32m200&amp#27;[39m &amp#27;[90m75 ms - 101&amp#27;[39m
&amp#27;[38;5;0m[HTTP]&amp#27;[0m &amp#27;[90m&amp#27;[39m
&amp#27;[38;5;0m[HTTP]&amp#27;[0m &amp#27;[37m-->&amp#27;[39m &amp#27;[37mGET&amp#27;[39m &amp#27;[37m/session/28adf0bf-7ee8-437a-b2e7-798510efe6fe/context&amp#27;[39m
&amp#27;[38;5;0m[HTTP]&amp#27;[0m &amp#27;[90m{}&amp#27;[39m
&amp#27;[38;5;32m[XCUITestDriver@e07a (28adf0bf)]&amp#27;[0m Calling AppiumDriver.getCurrentContext() with args: ["28adf0bf-7ee8-437a-b2e7-798510efe6fe"]
&amp#27;[38;5;32m[XCUITestDriver@e07a (28adf0bf)]&amp#27;[0m Executing command 'getCurrentContext'
&amp#27;[38;5;32m[XCUITestDriver@e07a (28adf0bf)]&amp#27;[0m Responding to client with driver.getCurrentContext() result: "NATIVE_APP"
&amp#27;[38;5;0m[HTTP]&amp#27;[0m &amp#27;[37m<-- GET /session/28adf0bf-7ee8-437a-b2e7-798510efe6fe/context &amp#27;[39m&amp#27;[32m200&amp#27;[39m &amp#27;[90m1 ms - 22&amp#27;[39m
&amp#27;[38;5;0m[HTTP]&amp#27;[0m &amp#27;[90m&amp#27;[39m
&amp#27;[38;5;0m[HTTP]&amp#27;[0m &amp#27;[37m-->&amp#27;[39m &amp#27;[37mPOST&amp#27;[39m &amp#27;[37m/session/28adf0bf-7ee8-437a-b2e7-798510efe6fe/element&amp#27;[39m
&amp#27;[38;5;0m[HTTP]&amp#27;[0m &amp#27;[90m{"using":"xpath","value":"//XCUIElementTypeStaticText[@name=\"Preferences\"]"}&amp#27;[39m
&amp#27;[38;5;32m[XCUITestDriver@e07a (28adf0bf)]&amp#27;[0m Calling AppiumDriver.findElement() with args: ["xpath","//XCUIElementTypeStaticText[@name=\"Preferences\"]","28adf0bf-7ee8-437a-b2e7-798510efe6fe"]
&amp#27;[38;5;32m[XCUITestDriver@e07a (28adf0bf)]&amp#27;[0m Executing command 'findElement'
&amp#27;[38;5;32m[XCUITestDriver@e07a (28adf0bf)]&amp#27;[0m Valid locator strategies for this request: xpath, id, name, class name, -ios predicate string, -ios class chain, accessibility id, css selector
&amp#27;[38;5;32m[XCUITestDriver@e07a (28adf0bf)]&amp#27;[0m Waiting up to 0 ms for condition
&amp#27;[38;5;32m[XCUITestDriver@e07a (28adf0bf)]&amp#27;[0m Matched '/element' to command name 'findElement'
&amp#27;[38;5;32m[XCUITestDriver@e07a (28adf0bf)]&amp#27;[0m Proxying [POST /element] to [POST http://127.0.0.1:8100/session/E78FC83E-19E7-4136-B719-97A048452808/element] with body: {"using":"xpath","value":"//XCUIElementTypeStaticText[@name=\"Preferences\"]"}
&amp#27;[38;5;32m[XCUITestDriver@e07a (28adf0bf)]&amp#27;[0m Got response with status 200: {"value":{"ELEMENT":"F3060000-0000-0000-0103-000000000000","element-6066-11e4-a52e-4f735466cecf":"F3060000-0000-0000-0103-000000000000"},"sessionId":"E78FC83E-19E7-4136-B719-97A048452808"}
&amp#27;[38;5;32m[XCUITestDriver@e07a (28adf0bf)]&amp#27;[0m Responding to client with driver.findElement() result: {"element-6066-11e4-a52e-4f735466cecf":"F3060000-0000-0000-0103-000000000000","ELEMENT":"F3060000-0000-0000-0103-000000000000"}
&amp#27;[38;5;0m[HTTP]&amp#27;[0m &amp#27;[37m<-- POST /session/28adf0bf-7ee8-437a-b2e7-798510efe6fe/element &amp#27;[39m&amp#27;[32m200&amp#27;[39m &amp#27;[90m819 ms - 137&amp#27;[39m
&amp#27;[38;5;0m[HTTP]&amp#27;[0m &amp#27;[90m&amp#27;[39m
&amp#27;[38;5;0m[HTTP]&amp#27;[0m &amp#27;[37m-->&amp#27;[39m &amp#27;[37mGET&amp#27;[39m &amp#27;[37m/session/28adf0bf-7ee8-437a-b2e7-798510efe6fe/element/F3060000-0000-0000-0103-000000000000/rect&amp#27;[39m
&amp#27;[38;5;0m[HTTP]&amp#27;[0m &amp#27;[90m{}&amp#27;[39m
&amp#27;[38;5;32m[XCUITestDriver@e07a (28adf0bf)]&amp#27;[0m Driver proxy active, passing request on via HTTP proxy
&amp#27;[38;5;32m[XCUITestDriver@e07a (28adf0bf)]&amp#27;[0m Executing command 'proxyReqRes'
&amp#27;[38;5;32m[XCUITestDriver@e07a (28adf0bf)]&amp#27;[0m Matched '/session/28adf0bf-7ee8-437a-b2e7-798510efe6fe/element/F3060000-0000-0000-0103-000000000000/rect' to command name 'getElementRect'
&amp#27;[38;5;32m[XCUITestDriver@e07a (28adf0bf)]&amp#27;[0m Proxying [GET /session/28adf0bf-7ee8-437a-b2e7-798510efe6fe/element/F3060000-0000-0000-0103-000000000000/rect] to [GET http://127.0.0.1:8100/session/E78FC83E-19E7-4136-B719-97A048452808/element/F3060000-0000-0000-0103-000000000000/rect] with no body
&amp#27;[38;5;32m[XCUITestDriver@e07a (28adf0bf)]&amp#27;[0m Got response with status 200: {"value":{"y":380,"x":163,"width":79,"height":24},"sessionId":"E78FC83E-19E7-4136-B719-97A048452808"}
&amp#27;[38;5;32m[XCUITestDriver@e07a (28adf0bf)]&amp#27;[0m Replacing sessionId E78FC83E-19E7-4136-B719-97A048452808 with 28adf0bf-7ee8-437a-b2e7-798510efe6fe
&amp#27;[38;5;0m[HTTP]&amp#27;[0m &amp#27;[37m<-- GET /session/28adf0bf-7ee8-437a-b2e7-798510efe6fe/element/F3060000-0000-0000-0103-000000000000/rect &amp#27;[39m&amp#27;[32m200&amp#27;[39m &amp#27;[90m88 ms - 101&amp#27;[39m
&amp#27;[38;5;0m[HTTP]&amp#27;[0m &amp#27;[90m&amp#27;[39m
&amp#27;[38;5;0m[HTTP]&amp#27;[0m &amp#27;[37m-->&amp#27;[39m &amp#27;[37mPOST&amp#27;[39m &amp#27;[37m/session/28adf0bf-7ee8-437a-b2e7-798510efe6fe/actions&amp#27;[39m
&amp#27;[38;5;0m[HTTP]&amp#27;[0m &amp#27;[90m{"actions":[{"id":"finger","type":"pointer","parameters":{"pointerType":"touch"},"actions":[{"duration":0,"type":"pause"},{"duration":0,"x":202,"y":392,"type":"pointerMove","origin":"viewport"},{"button":0,"type":"pointerDown"},{"button":0,"type":"pointerUp"}]}]}&amp#27;[39m
&amp#27;[38;5;32m[XCUITestDriver@e07a (28adf0bf)]&amp#27;[0m Calling AppiumDriver.performActions() with args: [[{"id":"finger","type":"pointer","parameters":{"pointerType":"touch"},"actions":[{"duration":0,"type":"pause"},{"duration":0,"x":202,"y":392,"type":"pointerMove","origin":"viewport"},{"button":0,"type":"pointerDown"},{"button":0,"type":"pointerUp"}]}],"28adf0bf-7ee8-437a-b2e7-798510efe6fe"]
&amp#27;[38;5;32m[XCUITestDriver@e07a (28adf0bf)]&amp#27;[0m Executing command 'performActions'
&amp#27;[38;5;32m[XCUITestDriver@e07a (28adf0bf)]&amp#27;[0m Received the following W3C actions: [
&amp#27;[38;5;32m[XCUITestDriver@e07a (28adf0bf)]&amp#27;[0m   {
&amp#27;[38;5;32m[XCUITestDriver@e07a (28adf0bf)]&amp#27;[0m     "id": "finger",
&amp#27;[38;5;32m[XCUITestDriver@e07a (28adf0bf)]&amp#27;[0m     "type": "pointer",
&amp#27;[38;5;32m[XCUITestDriver@e07a (28adf0bf)]&amp#27;[0m     "parameters": {
&amp#27;[38;5;32m[XCUITestDriver@e07a (28adf0bf)]&amp#27;[0m       "pointerType": "touch"
&amp#27;[38;5;32m[XCUITestDriver@e07a (28adf0bf)]&amp#27;[0m     },
&amp#27;[38;5;32m[XCUITestDriver@e07a (28adf0bf)]&amp#27;[0m     "actions": [
&amp#27;[38;5;32m[XCUITestDriver@e07a (28adf0bf)]&amp#27;[0m       {
&amp#27;[38;5;32m[XCUITestDriver@e07a (28adf0bf)]&amp#27;[0m         "duration": 0,
&amp#27;[38;5;32m[XCUITestDriver@e07a (28adf0bf)]&amp#27;[0m         "type": "pause"
&amp#27;[38;5;32m[XCUITestDriver@e07a (28adf0bf)]&amp#27;[0m       },
&amp#27;[38;5;32m[XCUITestDriver@e07a (28adf0bf)]&amp#27;[0m       {
&amp#27;[38;5;32m[XCUITestDriver@e07a (28adf0bf)]&amp#27;[0m         "duration": 0,
&amp#27;[38;5;32m[XCUITestDriver@e07a (28adf0bf)]&amp#27;[0m         "x": 202,
&amp#27;[38;5;32m[XCUITestDriver@e07a (28adf0bf)]&amp#27;[0m         "y": 392,
&amp#27;[38;5;32m[XCUITestDriver@e07a (28adf0bf)]&amp#27;[0m         "type": "pointerMove",
&amp#27;[38;5;32m[XCUITestDriver@e07a (28adf0bf)]&amp#27;[0m         "origin": "viewport"
&amp#27;[38;5;32m[XCUITestDriver@e07a (28adf0bf)]&amp#27;[0m       },
&amp#27;[38;5;32m[XCUITestDriver@e07a (28adf0bf)]&amp#27;[0m       {
&amp#27;[38;5;32m[XCUITestDriver@e07a (28adf0bf)]&amp#27;[0m         "button": 0,
&amp#27;[38;5;32m[XCUITestDriver@e07a (28adf0bf)]&amp#27;[0m         "type": "pointerDown"
&amp#27;[38;5;32m[XCUITestDriver@e07a (28adf0bf)]&amp#27;[0m       },
&amp#27;[38;5;32m[XCUITestDriver@e07a (28adf0bf)]&amp#27;[0m       {
&amp#27;[38;5;32m[XCUITestDriver@e07a (28adf0bf)]&amp#27;[0m         "button": 0,
&amp#27;[38;5;32m[XCUITestDriver@e07a (28adf0bf)]&amp#27;[0m         "type": "pointerUp"
&amp#27;[38;5;32m[XCUITestDriver@e07a (28adf0bf)]&amp#27;[0m       }
&amp#27;[38;5;32m[XCUITestDriver@e07a (28adf0bf)]&amp#27;[0m     ]
&amp#27;[38;5;32m[XCUITestDriver@e07a (28adf0bf)]&amp#27;[0m   }
&amp#27;[38;5;32m[XCUITestDriver@e07a (28adf0bf)]&amp#27;[0m ]
&amp#27;[38;5;32m[XCUITestDriver@e07a (28adf0bf)]&amp#27;[0m Preprocessed actions: [
&amp#27;[38;5;32m[XCUITestDriver@e07a (28adf0bf)]&amp#27;[0m   {
&amp#27;[38;5;32m[XCUITestDriver@e07a (28adf0bf)]&amp#27;[0m     "id": "finger",
&amp#27;[38;5;32m[XCUITestDriver@e07a (28adf0bf)]&amp#27;[0m     "type": "pointer",
&amp#27;[38;5;32m[XCUITestDriver@e07a (28adf0bf)]&amp#27;[0m     "parameters": {
&amp#27;[38;5;32m[XCUITestDriver@e07a (28adf0bf)]&amp#27;[0m       "pointerType": "touch"
&amp#27;[38;5;32m[XCUITestDriver@e07a (28adf0bf)]&amp#27;[0m     },
&amp#27;[38;5;32m[XCUITestDriver@e07a (28adf0bf)]&amp#27;[0m     "actions": [
&amp#27;[38;5;32m[XCUITestDriver@e07a (28adf0bf)]&amp#27;[0m       {
&amp#27;[38;5;32m[XCUITestDriver@e07a (28adf0bf)]&amp#27;[0m         "duration": 0,
&amp#27;[38;5;32m[XCUITestDriver@e07a (28adf0bf)]&amp#27;[0m         "x": 202,
&amp#27;[38;5;32m[XCUITestDriver@e07a (28adf0bf)]&amp#27;[0m         "y": 392,
&amp#27;[38;5;32m[XCUITestDriver@e07a (28adf0bf)]&amp#27;[0m         "type": "pointerMove",
&amp#27;[38;5;32m[XCUITestDriver@e07a (28adf0bf)]&amp#27;[0m         "origin": "viewport"
&amp#27;[38;5;32m[XCUITestDriver@e07a (28adf0bf)]&amp#27;[0m       },
&amp#27;[38;5;32m[XCUITestDriver@e07a (28adf0bf)]&amp#27;[0m       {
&amp#27;[38;5;32m[XCUITestDriver@e07a (28adf0bf)]&amp#27;[0m         "button": 0,
&amp#27;[38;5;32m[XCUITestDriver@e07a (28adf0bf)]&amp#27;[0m         "type": "pointerDown"
&amp#27;[38;5;32m[XCUITestDriver@e07a (28adf0bf)]&amp#27;[0m       },
&amp#27;[38;5;32m[XCUITestDriver@e07a (28adf0bf)]&amp#27;[0m       {
&amp#27;[38;5;32m[XCUITestDriver@e07a (28adf0bf)]&amp#27;[0m         "button": 0,
&amp#27;[38;5;32m[XCUITestDriver@e07a (28adf0bf)]&amp#27;[0m         "type": "pointerUp"
&amp#27;[38;5;32m[XCUITestDriver@e07a (28adf0bf)]&amp#27;[0m       }
&amp#27;[38;5;32m[XCUITestDriver@e07a (28adf0bf)]&amp#27;[0m     ]
&amp#27;[38;5;32m[XCUITestDriver@e07a (28adf0bf)]&amp#27;[0m   }
&amp#27;[38;5;32m[XCUITestDriver@e07a (28adf0bf)]&amp#27;[0m ]
&amp#27;[38;5;32m[XCUITestDriver@e07a (28adf0bf)]&amp#27;[0m Matched '/actions' to command name 'performActions'
&amp#27;[38;5;32m[XCUITestDriver@e07a (28adf0bf)]&amp#27;[0m Proxying [POST /actions] to [POST http://127.0.0.1:8100/session/E78FC83E-19E7-4136-B719-97A048452808/actions] with body: {"actions":[{"id":"finger","type":"pointer","parameters":{"pointerType":"touch"},"actions":[{"duration":0,"x":202,"y":392,"type":"pointerMove","origin":"viewport"},{"button":0,"type":"pointerDown"},{"button":0,"type":"pointerUp"}]}]}
&amp#27;[38;5;32m[XCUITestDriver@e07a (28adf0bf)]&amp#27;[0m Got response with status 200: {"value":null,"sessionId":"E78FC83E-19E7-4136-B719-97A048452808"}
&amp#27;[38;5;32m[XCUITestDriver@e07a (28adf0bf)]&amp#27;[0m Responding to client with driver.performActions() result: null
&amp#27;[38;5;0m[HTTP]&amp#27;[0m &amp#27;[37m<-- POST /session/28adf0bf-7ee8-437a-b2e7-798510efe6fe/actions &amp#27;[39m&amp#27;[32m200&amp#27;[39m &amp#27;[90m806 ms - 14&amp#27;[39m
&amp#27;[38;5;0m[HTTP]&amp#27;[0m &amp#27;[90m&amp#27;[39m
Trying to click
&amp#27;[38;5;0m[HTTP]&amp#27;[0m &amp#27;[37m-->&amp#27;[39m &amp#27;[37mGET&amp#27;[39m &amp#27;[37m/session/28adf0bf-7ee8-437a-b2e7-798510efe6fe/context&amp#27;[39m
&amp#27;[38;5;0m[HTTP]&amp#27;[0m &amp#27;[90m{}&amp#27;[39m
&amp#27;[38;5;32m[XCUITestDriver@e07a (28adf0bf)]&amp#27;[0m Calling AppiumDriver.getCurrentContext() with args: ["28adf0bf-7ee8-437a-b2e7-798510efe6fe"]
&amp#27;[38;5;32m[XCUITestDriver@e07a (28adf0bf)]&amp#27;[0m Executing command 'getCurrentContext'
&amp#27;[38;5;32m[XCUITestDriver@e07a (28adf0bf)]&amp#27;[0m Responding to client with driver.getCurrentContext() result: "NATIVE_APP"
&amp#27;[38;5;0m[HTTP]&amp#27;[0m &amp#27;[37m<-- GET /session/28adf0bf-7ee8-437a-b2e7-798510efe6fe/context &amp#27;[39m&amp#27;[32m200&amp#27;[39m &amp#27;[90m1 ms - 22&amp#27;[39m
&amp#27;[38;5;0m[HTTP]&amp#27;[0m &amp#27;[90m&amp#27;[39m
&amp#27;[38;5;0m[HTTP]&amp#27;[0m &amp#27;[37m-->&amp#27;[39m &amp#27;[37mPOST&amp#27;[39m &amp#27;[37m/session/28adf0bf-7ee8-437a-b2e7-798510efe6fe/element&amp#27;[39m
&amp#27;[38;5;0m[HTTP]&amp#27;[0m &amp#27;[90m{"using":"xpath","value":"//XCUIElementTypeStaticText[@name=\"Breaks\"]"}&amp#27;[39m
&amp#27;[38;5;32m[XCUITestDriver@e07a (28adf0bf)]&amp#27;[0m Calling AppiumDriver.findElement() with args: ["xpath","//XCUIElementTypeStaticText[@name=\"Breaks\"]","28adf0bf-7ee8-437a-b2e7-798510efe6fe"]
&amp#27;[38;5;32m[XCUITestDriver@e07a (28adf0bf)]&amp#27;[0m Executing command 'findElement'
&amp#27;[38;5;32m[XCUITestDriver@e07a (28adf0bf)]&amp#27;[0m Valid locator strategies for this request: xpath, id, name, class name, -ios predicate string, -ios class chain, accessibility id, css selector
&amp#27;[38;5;32m[XCUITestDriver@e07a (28adf0bf)]&amp#27;[0m Waiting up to 0 ms for condition
&amp#27;[38;5;32m[XCUITestDriver@e07a (28adf0bf)]&amp#27;[0m Matched '/element' to command name 'findElement'
&amp#27;[38;5;32m[XCUITestDriver@e07a (28adf0bf)]&amp#27;[0m Proxying [POST /element] to [POST http://127.0.0.1:8100/session/E78FC83E-19E7-4136-B719-97A048452808/element] with body: {"using":"xpath","value":"//XCUIElementTypeStaticText[@name=\"Breaks\"]"}
&amp#27;[38;5;32m[XCUITestDriver@e07a (28adf0bf)]&amp#27;[0m Got response with status 200: {"value":{"ELEMENT":"CA070000-0000-0000-0103-000000000000","element-6066-11e4-a52e-4f735466cecf":"CA070000-0000-0000-0103-000000000000"},"sessionId":"E78FC83E-19E7-4136-B719-97A048452808"}
&amp#27;[38;5;32m[XCUITestDriver@e07a (28adf0bf)]&amp#27;[0m Responding to client with driver.findElement() result: {"element-6066-11e4-a52e-4f735466cecf":"CA070000-0000-0000-0103-000000000000","ELEMENT":"CA070000-0000-0000-0103-000000000000"}
&amp#27;[38;5;0m[HTTP]&amp#27;[0m &amp#27;[37m<-- POST /session/28adf0bf-7ee8-437a-b2e7-798510efe6fe/element &amp#27;[39m&amp#27;[32m200&amp#27;[39m &amp#27;[90m491 ms - 137&amp#27;[39m
&amp#27;[38;5;0m[HTTP]&amp#27;[0m &amp#27;[90m&amp#27;[39m
&amp#27;[38;5;0m[HTTP]&amp#27;[0m &amp#27;[37m-->&amp#27;[39m &amp#27;[37mGET&amp#27;[39m &amp#27;[37m/session/28adf0bf-7ee8-437a-b2e7-798510efe6fe/element/CA070000-0000-0000-0103-000000000000/displayed&amp#27;[39m
&amp#27;[38;5;0m[HTTP]&amp#27;[0m &amp#27;[90m{}&amp#27;[39m
&amp#27;[38;5;32m[XCUITestDriver@e07a (28adf0bf)]&amp#27;[0m Driver proxy active, passing request on via HTTP proxy
&amp#27;[38;5;32m[XCUITestDriver@e07a (28adf0bf)]&amp#27;[0m Executing command 'proxyReqRes'
&amp#27;[38;5;32m[XCUITestDriver@e07a (28adf0bf)]&amp#27;[0m Matched '/session/28adf0bf-7ee8-437a-b2e7-798510efe6fe/element/CA070000-0000-0000-0103-000000000000/displayed' to command name 'elementDisplayed'
&amp#27;[38;5;32m[XCUITestDriver@e07a (28adf0bf)]&amp#27;[0m Proxying [GET /session/28adf0bf-7ee8-437a-b2e7-798510efe6fe/element/CA070000-0000-0000-0103-000000000000/displayed] to [GET http://127.0.0.1:8100/session/E78FC83E-19E7-4136-B719-97A048452808/element/CA070000-0000-0000-0103-000000000000/displayed] with no body
&amp#27;[38;5;32m[XCUITestDriver@e07a (28adf0bf)]&amp#27;[0m Got response with status 200: {"value":true,"sessionId":"E78FC83E-19E7-4136-B719-97A048452808"}
&amp#27;[38;5;32m[XCUITestDriver@e07a (28adf0bf)]&amp#27;[0m Replacing sessionId E78FC83E-19E7-4136-B719-97A048452808 with 28adf0bf-7ee8-437a-b2e7-798510efe6fe
&amp#27;[38;5;0m[HTTP]&amp#27;[0m &amp#27;[37m<-- GET /session/28adf0bf-7ee8-437a-b2e7-798510efe6fe/element/CA070000-0000-0000-0103-000000000000/displayed &amp#27;[39m&amp#27;[32m200&amp#27;[39m &amp#27;[90m85 ms - 65&amp#27;[39m
&amp#27;[38;5;0m[HTTP]&amp#27;[0m &amp#27;[90m&amp#27;[39m
&amp#27;[38;5;0m[HTTP]&amp#27;[0m &amp#27;[37m-->&amp#27;[39m &amp#27;[37mGET&amp#27;[39m &amp#27;[37m/session/28adf0bf-7ee8-437a-b2e7-798510efe6fe/context&amp#27;[39m
&amp#27;[38;5;0m[HTTP]&amp#27;[0m &amp#27;[90m{}&amp#27;[39m
&amp#27;[38;5;32m[XCUITestDriver@e07a (28adf0bf)]&amp#27;[0m Calling AppiumDriver.getCurrentContext() with args: ["28adf0bf-7ee8-437a-b2e7-798510efe6fe"]
&amp#27;[38;5;32m[XCUITestDriver@e07a (28adf0bf)]&amp#27;[0m Executing command 'getCurrentContext'
&amp#27;[38;5;32m[XCUITestDriver@e07a (28adf0bf)]&amp#27;[0m Responding to client with driver.getCurrentContext() result: "NATIVE_APP"
&amp#27;[38;5;0m[HTTP]&amp#27;[0m &amp#27;[37m<-- GET /session/28adf0bf-7ee8-437a-b2e7-798510efe6fe/context &amp#27;[39m&amp#27;[32m200&amp#27;[39m &amp#27;[90m1 ms - 22&amp#27;[39m
&amp#27;[38;5;0m[HTTP]&amp#27;[0m &amp#27;[90m&amp#27;[39m
&amp#27;[38;5;0m[HTTP]&amp#27;[0m &amp#27;[37m-->&amp#27;[39m &amp#27;[37mPOST&amp#27;[39m &amp#27;[37m/session/28adf0bf-7ee8-437a-b2e7-798510efe6fe/element&amp#27;[39m
&amp#27;[38;5;0m[HTTP]&amp#27;[0m &amp#27;[90m{"using":"xpath","value":"//XCUIElementTypeStaticText[@name=\"Breaks\"]"}&amp#27;[39m
&amp#27;[38;5;32m[XCUITestDriver@e07a (28adf0bf)]&amp#27;[0m Calling AppiumDriver.findElement() with args: ["xpath","//XCUIElementTypeStaticText[@name=\"Breaks\"]","28adf0bf-7ee8-437a-b2e7-798510efe6fe"]
&amp#27;[38;5;32m[XCUITestDriver@e07a (28adf0bf)]&amp#27;[0m Executing command 'findElement'
&amp#27;[38;5;32m[XCUITestDriver@e07a (28adf0bf)]&amp#27;[0m Valid locator strategies for this request: xpath, id, name, class name, -ios predicate string, -ios class chain, accessibility id, css selector
&amp#27;[38;5;32m[XCUITestDriver@e07a (28adf0bf)]&amp#27;[0m Waiting up to 0 ms for condition
&amp#27;[38;5;32m[XCUITestDriver@e07a (28adf0bf)]&amp#27;[0m Matched '/element' to command name 'findElement'
&amp#27;[38;5;32m[XCUITestDriver@e07a (28adf0bf)]&amp#27;[0m Proxying [POST /element] to [POST http://127.0.0.1:8100/session/E78FC83E-19E7-4136-B719-97A048452808/element] with body: {"using":"xpath","value":"//XCUIElementTypeStaticText[@name=\"Breaks\"]"}
&amp#27;[38;5;32m[XCUITestDriver@e07a (28adf0bf)]&amp#27;[0m Got response with status 200: {"value":{"ELEMENT":"CA070000-0000-0000-0103-000000000000","element-6066-11e4-a52e-4f735466cecf":"CA070000-0000-0000-0103-000000000000"},"sessionId":"E78FC83E-19E7-4136-B719-97A048452808"}
&amp#27;[38;5;32m[XCUITestDriver@e07a (28adf0bf)]&amp#27;[0m Responding to client with driver.findElement() result: {"element-6066-11e4-a52e-4f735466cecf":"CA070000-0000-0000-0103-000000000000","ELEMENT":"CA070000-0000-0000-0103-000000000000"}
&amp#27;[38;5;0m[HTTP]&amp#27;[0m &amp#27;[37m<-- POST /session/28adf0bf-7ee8-437a-b2e7-798510efe6fe/element &amp#27;[39m&amp#27;[32m200&amp#27;[39m &amp#27;[90m577 ms - 137&amp#27;[39m
&amp#27;[38;5;0m[HTTP]&amp#27;[0m &amp#27;[90m&amp#27;[39m
&amp#27;[38;5;0m[HTTP]&amp#27;[0m &amp#27;[37m-->&amp#27;[39m &amp#27;[37mGET&amp#27;[39m &amp#27;[37m/session/28adf0bf-7ee8-437a-b2e7-798510efe6fe/element/CA070000-0000-0000-0103-000000000000/enabled&amp#27;[39m
&amp#27;[38;5;0m[HTTP]&amp#27;[0m &amp#27;[90m{}&amp#27;[39m
&amp#27;[38;5;32m[XCUITestDriver@e07a (28adf0bf)]&amp#27;[0m Driver proxy active, passing request on via HTTP proxy
&amp#27;[38;5;32m[XCUITestDriver@e07a (28adf0bf)]&amp#27;[0m Executing command 'proxyReqRes'
&amp#27;[38;5;32m[XCUITestDriver@e07a (28adf0bf)]&amp#27;[0m Matched '/session/28adf0bf-7ee8-437a-b2e7-798510efe6fe/element/CA070000-0000-0000-0103-000000000000/enabled' to command name 'elementEnabled'
&amp#27;[38;5;32m[XCUITestDriver@e07a (28adf0bf)]&amp#27;[0m Proxying [GET /session/28adf0bf-7ee8-437a-b2e7-798510efe6fe/element/CA070000-0000-0000-0103-000000000000/enabled] to [GET http://127.0.0.1:8100/session/E78FC83E-19E7-4136-B719-97A048452808/element/CA070000-0000-0000-0103-000000000000/enabled] with no body
&amp#27;[38;5;32m[XCUITestDriver@e07a (28adf0bf)]&amp#27;[0m Got response with status 200: {"value":true,"sessionId":"E78FC83E-19E7-4136-B719-97A048452808"}
&amp#27;[38;5;32m[XCUITestDriver@e07a (28adf0bf)]&amp#27;[0m Replacing sessionId E78FC83E-19E7-4136-B719-97A048452808 with 28adf0bf-7ee8-437a-b2e7-798510efe6fe
&amp#27;[38;5;0m[HTTP]&amp#27;[0m &amp#27;[37m<-- GET /session/28adf0bf-7ee8-437a-b2e7-798510efe6fe/element/CA070000-0000-0000-0103-000000000000/enabled &amp#27;[39m&amp#27;[32m200&amp#27;[39m &amp#27;[90m61 ms - 65&amp#27;[39m
&amp#27;[38;5;0m[HTTP]&amp#27;[0m &amp#27;[90m&amp#27;[39m
&amp#27;[38;5;0m[HTTP]&amp#27;[0m &amp#27;[37m-->&amp#27;[39m &amp#27;[37mGET&amp#27;[39m &amp#27;[37m/session/28adf0bf-7ee8-437a-b2e7-798510efe6fe/context&amp#27;[39m
&amp#27;[38;5;0m[HTTP]&amp#27;[0m &amp#27;[90m{}&amp#27;[39m
&amp#27;[38;5;32m[XCUITestDriver@e07a (28adf0bf)]&amp#27;[0m Calling AppiumDriver.getCurrentContext() with args: ["28adf0bf-7ee8-437a-b2e7-798510efe6fe"]
&amp#27;[38;5;32m[XCUITestDriver@e07a (28adf0bf)]&amp#27;[0m Executing command 'getCurrentContext'
&amp#27;[38;5;32m[XCUITestDriver@e07a (28adf0bf)]&amp#27;[0m Responding to client with driver.getCurrentContext() result: "NATIVE_APP"
&amp#27;[38;5;0m[HTTP]&amp#27;[0m &amp#27;[37m<-- GET /session/28adf0bf-7ee8-437a-b2e7-798510efe6fe/context &amp#27;[39m&amp#27;[32m200&amp#27;[39m &amp#27;[90m1 ms - 22&amp#27;[39m
&amp#27;[38;5;0m[HTTP]&amp#27;[0m &amp#27;[90m&amp#27;[39m
&amp#27;[38;5;0m[HTTP]&amp#27;[0m &amp#27;[37m-->&amp#27;[39m &amp#27;[37mPOST&amp#27;[39m &amp#27;[37m/session/28adf0bf-7ee8-437a-b2e7-798510efe6fe/element&amp#27;[39m
&amp#27;[38;5;0m[HTTP]&amp#27;[0m &amp#27;[90m{"using":"xpath","value":"//XCUIElementTypeStaticText[@name=\"Breaks\"]"}&amp#27;[39m
&amp#27;[38;5;32m[XCUITestDriver@e07a (28adf0bf)]&amp#27;[0m Calling AppiumDriver.findElement() with args: ["xpath","//XCUIElementTypeStaticText[@name=\"Breaks\"]","28adf0bf-7ee8-437a-b2e7-798510efe6fe"]
&amp#27;[38;5;32m[XCUITestDriver@e07a (28adf0bf)]&amp#27;[0m Executing command 'findElement'
&amp#27;[38;5;32m[XCUITestDriver@e07a (28adf0bf)]&amp#27;[0m Valid locator strategies for this request: xpath, id, name, class name, -ios predicate string, -ios class chain, accessibility id, css selector
&amp#27;[38;5;32m[XCUITestDriver@e07a (28adf0bf)]&amp#27;[0m Waiting up to 0 ms for condition
&amp#27;[38;5;32m[XCUITestDriver@e07a (28adf0bf)]&amp#27;[0m Matched '/element' to command name 'findElement'
&amp#27;[38;5;32m[XCUITestDriver@e07a (28adf0bf)]&amp#27;[0m Proxying [POST /element] to [POST http://127.0.0.1:8100/session/E78FC83E-19E7-4136-B719-97A048452808/element] with body: {"using":"xpath","value":"//XCUIElementTypeStaticText[@name=\"Breaks\"]"}
&amp#27;[38;5;32m[XCUITestDriver@e07a (28adf0bf)]&amp#27;[0m Got response with status 200: {"value":{"ELEMENT":"CA070000-0000-0000-0103-000000000000","element-6066-11e4-a52e-4f735466cecf":"CA070000-0000-0000-0103-000000000000"},"sessionId":"E78FC83E-19E7-4136-B719-97A048452808"}
&amp#27;[38;5;32m[XCUITestDriver@e07a (28adf0bf)]&amp#27;[0m Responding to client with driver.findElement() result: {"element-6066-11e4-a52e-4f735466cecf":"CA070000-0000-0000-0103-000000000000","ELEMENT":"CA070000-0000-0000-0103-000000000000"}
&amp#27;[38;5;0m[HTTP]&amp#27;[0m &amp#27;[37m<-- POST /session/28adf0bf-7ee8-437a-b2e7-798510efe6fe/element &amp#27;[39m&amp#27;[32m200&amp#27;[39m &amp#27;[90m763 ms - 137&amp#27;[39m
&amp#27;[38;5;0m[HTTP]&amp#27;[0m &amp#27;[90m&amp#27;[39m
&amp#27;[38;5;0m[HTTP]&amp#27;[0m &amp#27;[37m-->&amp#27;[39m &amp#27;[37mPOST&amp#27;[39m &amp#27;[37m/session/28adf0bf-7ee8-437a-b2e7-798510efe6fe/element/CA070000-0000-0000-0103-000000000000/click&amp#27;[39m
&amp#27;[38;5;0m[HTTP]&amp#27;[0m &amp#27;[90m{"id":"CA070000-0000-0000-0103-000000000000"}&amp#27;[39m
&amp#27;[38;5;32m[XCUITestDriver@e07a (28adf0bf)]&amp#27;[0m Driver proxy active, passing request on via HTTP proxy
&amp#27;[38;5;32m[XCUITestDriver@e07a (28adf0bf)]&amp#27;[0m Executing command 'proxyReqRes'
&amp#27;[38;5;32m[XCUITestDriver@e07a (28adf0bf)]&amp#27;[0m Matched '/session/28adf0bf-7ee8-437a-b2e7-798510efe6fe/element/CA070000-0000-0000-0103-000000000000/click' to command name 'click'
&amp#27;[38;5;32m[XCUITestDriver@e07a (28adf0bf)]&amp#27;[0m Proxying [POST /session/28adf0bf-7ee8-437a-b2e7-798510efe6fe/element/CA070000-0000-0000-0103-000000000000/click] to [POST http://127.0.0.1:8100/session/E78FC83E-19E7-4136-B719-97A048452808/element/CA070000-0000-0000-0103-000000000000/click] with body: {"id":"CA070000-0000-0000-0103-000000000000"}
&amp#27;[38;5;32m[XCUITestDriver@e07a (28adf0bf)]&amp#27;[0m Got response with status 200: {"value":null,"sessionId":"E78FC83E-19E7-4136-B719-97A048452808"}
&amp#27;[38;5;32m[XCUITestDriver@e07a (28adf0bf)]&amp#27;[0m Replacing sessionId E78FC83E-19E7-4136-B719-97A048452808 with 28adf0bf-7ee8-437a-b2e7-798510efe6fe
&amp#27;[38;5;0m[HTTP]&amp#27;[0m &amp#27;[37m<-- POST /session/28adf0bf-7ee8-437a-b2e7-798510efe6fe/element/CA070000-0000-0000-0103-000000000000/click &amp#27;[39m&amp#27;[32m200&amp#27;[39m &amp#27;[90m971 ms - 65&amp#27;[39m
&amp#27;[38;5;0m[HTTP]&amp#27;[0m &amp#27;[90m&amp#27;[39m
Trying to click
&amp#27;[38;5;0m[HTTP]&amp#27;[0m &amp#27;[37m-->&amp#27;[39m &amp#27;[37mGET&amp#27;[39m &amp#27;[37m/session/28adf0bf-7ee8-437a-b2e7-798510efe6fe/context&amp#27;[39m
&amp#27;[38;5;0m[HTTP]&amp#27;[0m &amp#27;[90m{}&amp#27;[39m
&amp#27;[38;5;32m[XCUITestDriver@e07a (28adf0bf)]&amp#27;[0m Calling AppiumDriver.getCurrentContext() with args: ["28adf0bf-7ee8-437a-b2e7-798510efe6fe"]
&amp#27;[38;5;32m[XCUITestDriver@e07a (28adf0bf)]&amp#27;[0m Executing command 'getCurrentContext'
&amp#27;[38;5;32m[XCUITestDriver@e07a (28adf0bf)]&amp#27;[0m Responding to client with driver.getCurrentContext() result: "NATIVE_APP"
&amp#27;[38;5;0m[HTTP]&amp#27;[0m &amp#27;[37m<-- GET /session/28adf0bf-7ee8-437a-b2e7-798510efe6fe/context &amp#27;[39m&amp#27;[32m200&amp#27;[39m &amp#27;[90m1 ms - 22&amp#27;[39m
&amp#27;[38;5;0m[HTTP]&amp#27;[0m &amp#27;[90m&amp#27;[39m
&amp#27;[38;5;0m[HTTP]&amp#27;[0m &amp#27;[37m-->&amp#27;[39m &amp#27;[37mPOST&amp#27;[39m &amp#27;[37m/session/28adf0bf-7ee8-437a-b2e7-798510efe6fe/element&amp#27;[39m
&amp#27;[38;5;0m[HTTP]&amp#27;[0m &amp#27;[90m{"using":"xpath","value":"//XCUIElementTypeButton[@name=\"switch off\"]"}&amp#27;[39m
&amp#27;[38;5;32m[XCUITestDriver@e07a (28adf0bf)]&amp#27;[0m Calling AppiumDriver.findElement() with args: ["xpath","//XCUIElementTypeButton[@name=\"switch off\"]","28adf0bf-7ee8-437a-b2e7-798510efe6fe"]
&amp#27;[38;5;32m[XCUITestDriver@e07a (28adf0bf)]&amp#27;[0m Executing command 'findElement'
&amp#27;[38;5;32m[XCUITestDriver@e07a (28adf0bf)]&amp#27;[0m Valid locator strategies for this request: xpath, id, name, class name, -ios predicate string, -ios class chain, accessibility id, css selector
&amp#27;[38;5;32m[XCUITestDriver@e07a (28adf0bf)]&amp#27;[0m Waiting up to 0 ms for condition
&amp#27;[38;5;32m[XCUITestDriver@e07a (28adf0bf)]&amp#27;[0m Matched '/element' to command name 'findElement'
&amp#27;[38;5;32m[XCUITestDriver@e07a (28adf0bf)]&amp#27;[0m Proxying [POST /element] to [POST http://127.0.0.1:8100/session/E78FC83E-19E7-4136-B719-97A048452808/element] with body: {"using":"xpath","value":"//XCUIElementTypeButton[@name=\"switch off\"]"}
&amp#27;[38;5;32m[XCUITestDriver@e07a (28adf0bf)]&amp#27;[0m Got response with status 200: {"value":{"ELEMENT":"EB070000-0000-0000-0103-000000000000","element-6066-11e4-a52e-4f735466cecf":"EB070000-0000-0000-0103-000000000000"},"sessionId":"E78FC83E-19E7-4136-B719-97A048452808"}
&amp#27;[38;5;32m[XCUITestDriver@e07a (28adf0bf)]&amp#27;[0m Responding to client with driver.findElement() result: {"element-6066-11e4-a52e-4f735466cecf":"EB070000-0000-0000-0103-000000000000","ELEMENT":"EB070000-0000-0000-0103-000000000000"}
&amp#27;[38;5;0m[HTTP]&amp#27;[0m &amp#27;[37m<-- POST /session/28adf0bf-7ee8-437a-b2e7-798510efe6fe/element &amp#27;[39m&amp#27;[32m200&amp#27;[39m &amp#27;[90m419 ms - 137&amp#27;[39m
&amp#27;[38;5;0m[HTTP]&amp#27;[0m &amp#27;[90m&amp#27;[39m
&amp#27;[38;5;0m[HTTP]&amp#27;[0m &amp#27;[37m-->&amp#27;[39m &amp#27;[37mGET&amp#27;[39m &amp#27;[37m/session/28adf0bf-7ee8-437a-b2e7-798510efe6fe/element/EB070000-0000-0000-0103-000000000000/displayed&amp#27;[39m
&amp#27;[38;5;0m[HTTP]&amp#27;[0m &amp#27;[90m{}&amp#27;[39m
&amp#27;[38;5;32m[XCUITestDriver@e07a (28adf0bf)]&amp#27;[0m Driver proxy active, passing request on via HTTP proxy
&amp#27;[38;5;32m[XCUITestDriver@e07a (28adf0bf)]&amp#27;[0m Executing command 'proxyReqRes'
&amp#27;[38;5;32m[XCUITestDriver@e07a (28adf0bf)]&amp#27;[0m Matched '/session/28adf0bf-7ee8-437a-b2e7-798510efe6fe/element/EB070000-0000-0000-0103-000000000000/displayed' to command name 'elementDisplayed'
&amp#27;[38;5;32m[XCUITestDriver@e07a (28adf0bf)]&amp#27;[0m Proxying [GET /session/28adf0bf-7ee8-437a-b2e7-798510efe6fe/element/EB070000-0000-0000-0103-000000000000/displayed] to [GET http://127.0.0.1:8100/session/E78FC83E-19E7-4136-B719-97A048452808/element/EB070000-0000-0000-0103-000000000000/displayed] with no body
&amp#27;[38;5;32m[XCUITestDriver@e07a (28adf0bf)]&amp#27;[0m Got response with status 200: {"value":true,"sessionId":"E78FC83E-19E7-4136-B719-97A048452808"}
&amp#27;[38;5;32m[XCUITestDriver@e07a (28adf0bf)]&amp#27;[0m Replacing sessionId E78FC83E-19E7-4136-B719-97A048452808 with 28adf0bf-7ee8-437a-b2e7-798510efe6fe
&amp#27;[38;5;0m[HTTP]&amp#27;[0m &amp#27;[37m<-- GET /session/28adf0bf-7ee8-437a-b2e7-798510efe6fe/element/EB070000-0000-0000-0103-000000000000/displayed &amp#27;[39m&amp#27;[32m200&amp#27;[39m &amp#27;[90m74 ms - 65&amp#27;[39m
&amp#27;[38;5;0m[HTTP]&amp#27;[0m &amp#27;[90m&amp#27;[39m
&amp#27;[38;5;0m[HTTP]&amp#27;[0m &amp#27;[37m-->&amp#27;[39m &amp#27;[37mGET&amp#27;[39m &amp#27;[37m/session/28adf0bf-7ee8-437a-b2e7-798510efe6fe/context&amp#27;[39m
&amp#27;[38;5;0m[HTTP]&amp#27;[0m &amp#27;[90m{}&amp#27;[39m
&amp#27;[38;5;32m[XCUITestDriver@e07a (28adf0bf)]&amp#27;[0m Calling AppiumDriver.getCurrentContext() with args: ["28adf0bf-7ee8-437a-b2e7-798510efe6fe"]
&amp#27;[38;5;32m[XCUITestDriver@e07a (28adf0bf)]&amp#27;[0m Executing command 'getCurrentContext'
&amp#27;[38;5;32m[XCUITestDriver@e07a (28adf0bf)]&amp#27;[0m Responding to client with driver.getCurrentContext() result: "NATIVE_APP"
&amp#27;[38;5;0m[HTTP]&amp#27;[0m &amp#27;[37m<-- GET /session/28adf0bf-7ee8-437a-b2e7-798510efe6fe/context &amp#27;[39m&amp#27;[32m200&amp#27;[39m &amp#27;[90m1 ms - 22&amp#27;[39m
&amp#27;[38;5;0m[HTTP]&amp#27;[0m &amp#27;[90m&amp#27;[39m
&amp#27;[38;5;0m[HTTP]&amp#27;[0m &amp#27;[37m-->&amp#27;[39m &amp#27;[37mPOST&amp#27;[39m &amp#27;[37m/session/28adf0bf-7ee8-437a-b2e7-798510efe6fe/element&amp#27;[39m
&amp#27;[38;5;0m[HTTP]&amp#27;[0m &amp#27;[90m{"using":"xpath","value":"//XCUIElementTypeButton[@name=\"switch off\"]"}&amp#27;[39m
&amp#27;[38;5;32m[XCUITestDriver@e07a (28adf0bf)]&amp#27;[0m Calling AppiumDriver.findElement() with args: ["xpath","//XCUIElementTypeButton[@name=\"switch off\"]","28adf0bf-7ee8-437a-b2e7-798510efe6fe"]
&amp#27;[38;5;32m[XCUITestDriver@e07a (28adf0bf)]&amp#27;[0m Executing command 'findElement'
&amp#27;[38;5;32m[XCUITestDriver@e07a (28adf0bf)]&amp#27;[0m Valid locator strategies for this request: xpath, id, name, class name, -ios predicate string, -ios class chain, accessibility id, css selector
&amp#27;[38;5;32m[XCUITestDriver@e07a (28adf0bf)]&amp#27;[0m Waiting up to 0 ms for condition
&amp#27;[38;5;32m[XCUITestDriver@e07a (28adf0bf)]&amp#27;[0m Matched '/element' to command name 'findElement'
&amp#27;[38;5;32m[XCUITestDriver@e07a (28adf0bf)]&amp#27;[0m Proxying [POST /element] to [POST http://127.0.0.1:8100/session/E78FC83E-19E7-4136-B719-97A048452808/element] with body: {"using":"xpath","value":"//XCUIElementTypeButton[@name=\"switch off\"]"}
&amp#27;[38;5;32m[XCUITestDriver@e07a (28adf0bf)]&amp#27;[0m Got response with status 200: {"value":{"ELEMENT":"EB070000-0000-0000-0103-000000000000","element-6066-11e4-a52e-4f735466cecf":"EB070000-0000-0000-0103-000000000000"},"sessionId":"E78FC83E-19E7-4136-B719-97A048452808"}
&amp#27;[38;5;32m[XCUITestDriver@e07a (28adf0bf)]&amp#27;[0m Responding to client with driver.findElement() result: {"element-6066-11e4-a52e-4f735466cecf":"EB070000-0000-0000-0103-000000000000","ELEMENT":"EB070000-0000-0000-0103-000000000000"}
&amp#27;[38;5;0m[HTTP]&amp#27;[0m &amp#27;[37m<-- POST /session/28adf0bf-7ee8-437a-b2e7-798510efe6fe/element &amp#27;[39m&amp#27;[32m200&amp#27;[39m &amp#27;[90m449 ms - 137&amp#27;[39m
&amp#27;[38;5;0m[HTTP]&amp#27;[0m &amp#27;[90m&amp#27;[39m
&amp#27;[38;5;0m[HTTP]&amp#27;[0m &amp#27;[37m-->&amp#27;[39m &amp#27;[37mGET&amp#27;[39m &amp#27;[37m/session/28adf0bf-7ee8-437a-b2e7-798510efe6fe/element/EB070000-0000-0000-0103-000000000000/enabled&amp#27;[39m
&amp#27;[38;5;0m[HTTP]&amp#27;[0m &amp#27;[90m{}&amp#27;[39m
&amp#27;[38;5;32m[XCUITestDriver@e07a (28adf0bf)]&amp#27;[0m Driver proxy active, passing request on via HTTP proxy
&amp#27;[38;5;32m[XCUITestDriver@e07a (28adf0bf)]&amp#27;[0m Executing command 'proxyReqRes'
&amp#27;[38;5;32m[XCUITestDriver@e07a (28adf0bf)]&amp#27;[0m Matched '/session/28adf0bf-7ee8-437a-b2e7-798510efe6fe/element/EB070000-0000-0000-0103-000000000000/enabled' to command name 'elementEnabled'
&amp#27;[38;5;32m[XCUITestDriver@e07a (28adf0bf)]&amp#27;[0m Proxying [GET /session/28adf0bf-7ee8-437a-b2e7-798510efe6fe/element/EB070000-0000-0000-0103-000000000000/enabled] to [GET http://127.0.0.1:8100/session/E78FC83E-19E7-4136-B719-97A048452808/element/EB070000-0000-0000-0103-000000000000/enabled] with no body
&amp#27;[38;5;32m[XCUITestDriver@e07a (28adf0bf)]&amp#27;[0m Got response with status 200: {"value":true,"sessionId":"E78FC83E-19E7-4136-B719-97A048452808"}
&amp#27;[38;5;32m[XCUITestDriver@e07a (28adf0bf)]&amp#27;[0m Replacing sessionId E78FC83E-19E7-4136-B719-97A048452808 with 28adf0bf-7ee8-437a-b2e7-798510efe6fe
&amp#27;[38;5;0m[HTTP]&amp#27;[0m &amp#27;[37m<-- GET /session/28adf0bf-7ee8-437a-b2e7-798510efe6fe/element/EB070000-0000-0000-0103-000000000000/enabled &amp#27;[39m&amp#27;[32m200&amp#27;[39m &amp#27;[90m54 ms - 65&amp#27;[39m
&amp#27;[38;5;0m[HTTP]&amp#27;[0m &amp#27;[90m&amp#27;[39m
&amp#27;[38;5;0m[HTTP]&amp#27;[0m &amp#27;[37m-->&amp#27;[39m &amp#27;[37mGET&amp#27;[39m &amp#27;[37m/session/28adf0bf-7ee8-437a-b2e7-798510efe6fe/context&amp#27;[39m
&amp#27;[38;5;0m[HTTP]&amp#27;[0m &amp#27;[90m{}&amp#27;[39m
&amp#27;[38;5;32m[XCUITestDriver@e07a (28adf0bf)]&amp#27;[0m Calling AppiumDriver.getCurrentContext() with args: ["28adf0bf-7ee8-437a-b2e7-798510efe6fe"]
&amp#27;[38;5;32m[XCUITestDriver@e07a (28adf0bf)]&amp#27;[0m Executing command 'getCurrentContext'
&amp#27;[38;5;32m[XCUITestDriver@e07a (28adf0bf)]&amp#27;[0m Responding to client with driver.getCurrentContext() result: "NATIVE_APP"
&amp#27;[38;5;0m[HTTP]&amp#27;[0m &amp#27;[37m<-- GET /session/28adf0bf-7ee8-437a-b2e7-798510efe6fe/context &amp#27;[39m&amp#27;[32m200&amp#27;[39m &amp#27;[90m1 ms - 22&amp#27;[39m
&amp#27;[38;5;0m[HTTP]&amp#27;[0m &amp#27;[90m&amp#27;[39m
&amp#27;[38;5;0m[HTTP]&amp#27;[0m &amp#27;[37m-->&amp#27;[39m &amp#27;[37mPOST&amp#27;[39m &amp#27;[37m/session/28adf0bf-7ee8-437a-b2e7-798510efe6fe/element&amp#27;[39m
&amp#27;[38;5;0m[HTTP]&amp#27;[0m &amp#27;[90m{"using":"xpath","value":"//XCUIElementTypeButton[@name=\"switch off\"]"}&amp#27;[39m
&amp#27;[38;5;32m[XCUITestDriver@e07a (28adf0bf)]&amp#27;[0m Calling AppiumDriver.findElement() with args: ["xpath","//XCUIElementTypeButton[@name=\"switch off\"]","28adf0bf-7ee8-437a-b2e7-798510efe6fe"]
&amp#27;[38;5;32m[XCUITestDriver@e07a (28adf0bf)]&amp#27;[0m Executing command 'findElement'
&amp#27;[38;5;32m[XCUITestDriver@e07a (28adf0bf)]&amp#27;[0m Valid locator strategies for this request: xpath, id, name, class name, -ios predicate string, -ios class chain, accessibility id, css selector
&amp#27;[38;5;32m[XCUITestDriver@e07a (28adf0bf)]&amp#27;[0m Waiting up to 0 ms for condition
&amp#27;[38;5;32m[XCUITestDriver@e07a (28adf0bf)]&amp#27;[0m Matched '/element' to command name 'findElement'
&amp#27;[38;5;32m[XCUITestDriver@e07a (28adf0bf)]&amp#27;[0m Proxying [POST /element] to [POST http://127.0.0.1:8100/session/E78FC83E-19E7-4136-B719-97A048452808/element] with body: {"using":"xpath","value":"//XCUIElementTypeButton[@name=\"switch off\"]"}
&amp#27;[38;5;32m[XCUITestDriver@e07a (28adf0bf)]&amp#27;[0m Got response with status 200: {"value":{"ELEMENT":"EB070000-0000-0000-0103-000000000000","element-6066-11e4-a52e-4f735466cecf":"EB070000-0000-0000-0103-000000000000"},"sessionId":"E78FC83E-19E7-4136-B719-97A048452808"}
&amp#27;[38;5;32m[XCUITestDriver@e07a (28adf0bf)]&amp#27;[0m Responding to client with driver.findElement() result: {"element-6066-11e4-a52e-4f735466cecf":"EB070000-0000-0000-0103-000000000000","ELEMENT":"EB070000-0000-0000-0103-000000000000"}
&amp#27;[38;5;0m[HTTP]&amp#27;[0m &amp#27;[37m<-- POST /session/28adf0bf-7ee8-437a-b2e7-798510efe6fe/element &amp#27;[39m&amp#27;[32m200&amp#27;[39m &amp#27;[90m508 ms - 137&amp#27;[39m
&amp#27;[38;5;0m[HTTP]&amp#27;[0m &amp#27;[90m&amp#27;[39m
&amp#27;[38;5;0m[HTTP]&amp#27;[0m &amp#27;[37m-->&amp#27;[39m &amp#27;[37mPOST&amp#27;[39m &amp#27;[37m/session/28adf0bf-7ee8-437a-b2e7-798510efe6fe/element/EB070000-0000-0000-0103-000000000000/click&amp#27;[39m
&amp#27;[38;5;0m[HTTP]&amp#27;[0m &amp#27;[90m{"id":"EB070000-0000-0000-0103-000000000000"}&amp#27;[39m
&amp#27;[38;5;32m[XCUITestDriver@e07a (28adf0bf)]&amp#27;[0m Driver proxy active, passing request on via HTTP proxy
&amp#27;[38;5;32m[XCUITestDriver@e07a (28adf0bf)]&amp#27;[0m Executing command 'proxyReqRes'
&amp#27;[38;5;32m[XCUITestDriver@e07a (28adf0bf)]&amp#27;[0m Matched '/session/28adf0bf-7ee8-437a-b2e7-798510efe6fe/element/EB070000-0000-0000-0103-000000000000/click' to command name 'click'
&amp#27;[38;5;32m[XCUITestDriver@e07a (28adf0bf)]&amp#27;[0m Proxying [POST /session/28adf0bf-7ee8-437a-b2e7-798510efe6fe/element/EB070000-0000-0000-0103-000000000000/click] to [POST http://127.0.0.1:8100/session/E78FC83E-19E7-4136-B719-97A048452808/element/EB070000-0000-0000-0103-000000000000/click] with body: {"id":"EB070000-0000-0000-0103-000000000000"}
&amp#27;[38;5;32m[XCUITestDriver@e07a (28adf0bf)]&amp#27;[0m Got response with status 200: {"value":null,"sessionId":"E78FC83E-19E7-4136-B719-97A048452808"}
&amp#27;[38;5;32m[XCUITestDriver@e07a (28adf0bf)]&amp#27;[0m Replacing sessionId E78FC83E-19E7-4136-B719-97A048452808 with 28adf0bf-7ee8-437a-b2e7-798510efe6fe
&amp#27;[38;5;0m[HTTP]&amp#27;[0m &amp#27;[37m<-- POST /session/28adf0bf-7ee8-437a-b2e7-798510efe6fe/element/EB070000-0000-0000-0103-000000000000/click &amp#27;[39m&amp#27;[32m200&amp#27;[39m &amp#27;[90m599 ms - 65&amp#27;[39m
&amp#27;[38;5;0m[HTTP]&amp#27;[0m &amp#27;[90m&amp#27;[39m
&amp#27;[38;5;0m[HTTP]&amp#27;[0m &amp#27;[37m-->&amp#27;[39m &amp#27;[37mGET&amp#27;[39m &amp#27;[37m/session/28adf0bf-7ee8-437a-b2e7-798510efe6fe/context&amp#27;[39m
&amp#27;[38;5;0m[HTTP]&amp#27;[0m &amp#27;[90m{}&amp#27;[39m
&amp#27;[38;5;32m[XCUITestDriver@e07a (28adf0bf)]&amp#27;[0m Calling AppiumDriver.getCurrentContext() with args: ["28adf0bf-7ee8-437a-b2e7-798510efe6fe"]
&amp#27;[38;5;32m[XCUITestDriver@e07a (28adf0bf)]&amp#27;[0m Executing command 'getCurrentContext'
&amp#27;[38;5;32m[XCUITestDriver@e07a (28adf0bf)]&amp#27;[0m Responding to client with driver.getCurrentContext() result: "NATIVE_APP"
&amp#27;[38;5;0m[HTTP]&amp#27;[0m &amp#27;[37m<-- GET /session/28adf0bf-7ee8-437a-b2e7-798510efe6fe/context &amp#27;[39m&amp#27;[32m200&amp#27;[39m &amp#27;[90m1 ms - 22&amp#27;[39m
&amp#27;[38;5;0m[HTTP]&amp#27;[0m &amp#27;[90m&amp#27;[39m
&amp#27;[38;5;0m[HTTP]&amp#27;[0m &amp#27;[37m-->&amp#27;[39m &amp#27;[37mPOST&amp#27;[39m &amp#27;[37m/session/28adf0bf-7ee8-437a-b2e7-798510efe6fe/element&amp#27;[39m
&amp#27;[38;5;0m[HTTP]&amp#27;[0m &amp#27;[90m{"using":"xpath","value":"//XCUIElementTypeButton[@name=\"arrowLeft\"]"}&amp#27;[39m
&amp#27;[38;5;32m[XCUITestDriver@e07a (28adf0bf)]&amp#27;[0m Calling AppiumDriver.findElement() with args: ["xpath","//XCUIElementTypeButton[@name=\"arrowLeft\"]","28adf0bf-7ee8-437a-b2e7-798510efe6fe"]
&amp#27;[38;5;32m[XCUITestDriver@e07a (28adf0bf)]&amp#27;[0m Executing command 'findElement'
&amp#27;[38;5;32m[XCUITestDriver@e07a (28adf0bf)]&amp#27;[0m Valid locator strategies for this request: xpath, id, name, class name, -ios predicate string, -ios class chain, accessibility id, css selector
&amp#27;[38;5;32m[XCUITestDriver@e07a (28adf0bf)]&amp#27;[0m Waiting up to 0 ms for condition
&amp#27;[38;5;32m[XCUITestDriver@e07a (28adf0bf)]&amp#27;[0m Matched '/element' to command name 'findElement'
&amp#27;[38;5;32m[XCUITestDriver@e07a (28adf0bf)]&amp#27;[0m Proxying [POST /element] to [POST http://127.0.0.1:8100/session/E78FC83E-19E7-4136-B719-97A048452808/element] with body: {"using":"xpath","value":"//XCUIElementTypeButton[@name=\"arrowLeft\"]"}
&amp#27;[38;5;32m[XCUITestDriver@e07a (28adf0bf)]&amp#27;[0m Got response with status 200: {"value":{"ELEMENT":"E2070000-0000-0000-0103-000000000000","element-6066-11e4-a52e-4f735466cecf":"E2070000-0000-0000-0103-000000000000"},"sessionId":"E78FC83E-19E7-4136-B719-97A048452808"}
&amp#27;[38;5;32m[XCUITestDriver@e07a (28adf0bf)]&amp#27;[0m Responding to client with driver.findElement() result: {"element-6066-11e4-a52e-4f735466cecf":"E2070000-0000-0000-0103-000000000000","ELEMENT":"E2070000-0000-0000-0103-000000000000"}
&amp#27;[38;5;0m[HTTP]&amp#27;[0m &amp#27;[37m<-- POST /session/28adf0bf-7ee8-437a-b2e7-798510efe6fe/element &amp#27;[39m&amp#27;[32m200&amp#27;[39m &amp#27;[90m517 ms - 137&amp#27;[39m
&amp#27;[38;5;0m[HTTP]&amp#27;[0m &amp#27;[90m&amp#27;[39m
&amp#27;[38;5;0m[HTTP]&amp#27;[0m &amp#27;[37m-->&amp#27;[39m &amp#27;[37mGET&amp#27;[39m &amp#27;[37m/session/28adf0bf-7ee8-437a-b2e7-798510efe6fe/element/E2070000-0000-0000-0103-000000000000/displayed&amp#27;[39m
&amp#27;[38;5;0m[HTTP]&amp#27;[0m &amp#27;[90m{}&amp#27;[39m
&amp#27;[38;5;32m[XCUITestDriver@e07a (28adf0bf)]&amp#27;[0m Driver proxy active, passing request on via HTTP proxy
&amp#27;[38;5;32m[XCUITestDriver@e07a (28adf0bf)]&amp#27;[0m Executing command 'proxyReqRes'
&amp#27;[38;5;32m[XCUITestDriver@e07a (28adf0bf)]&amp#27;[0m Matched '/session/28adf0bf-7ee8-437a-b2e7-798510efe6fe/element/E2070000-0000-0000-0103-000000000000/displayed' to command name 'elementDisplayed'
&amp#27;[38;5;32m[XCUITestDriver@e07a (28adf0bf)]&amp#27;[0m Proxying [GET /session/28adf0bf-7ee8-437a-b2e7-798510efe6fe/element/E2070000-0000-0000-0103-000000000000/displayed] to [GET http://127.0.0.1:8100/session/E78FC83E-19E7-4136-B719-97A048452808/element/E2070000-0000-0000-0103-000000000000/displayed] with no body
&amp#27;[38;5;32m[XCUITestDriver@e07a (28adf0bf)]&amp#27;[0m Got response with status 200: {"value":true,"sessionId":"E78FC83E-19E7-4136-B719-97A048452808"}
&amp#27;[38;5;32m[XCUITestDriver@e07a (28adf0bf)]&amp#27;[0m Replacing sessionId E78FC83E-19E7-4136-B719-97A048452808 with 28adf0bf-7ee8-437a-b2e7-798510efe6fe
&amp#27;[38;5;0m[HTTP]&amp#27;[0m &amp#27;[37m<-- GET /session/28adf0bf-7ee8-437a-b2e7-798510efe6fe/element/E2070000-0000-0000-0103-000000000000/displayed &amp#27;[39m&amp#27;[32m200&amp#27;[39m &amp#27;[90m73 ms - 65&amp#27;[39m
&amp#27;[38;5;0m[HTTP]&amp#27;[0m &amp#27;[90m&amp#27;[39m
&amp#27;[38;5;0m[HTTP]&amp#27;[0m &amp#27;[37m-->&amp#27;[39m &amp#27;[37mGET&amp#27;[39m &amp#27;[37m/session/28adf0bf-7ee8-437a-b2e7-798510efe6fe/context&amp#27;[39m
&amp#27;[38;5;0m[HTTP]&amp#27;[0m &amp#27;[90m{}&amp#27;[39m
&amp#27;[38;5;32m[XCUITestDriver@e07a (28adf0bf)]&amp#27;[0m Calling AppiumDriver.getCurrentContext() with args: ["28adf0bf-7ee8-437a-b2e7-798510efe6fe"]
&amp#27;[38;5;32m[XCUITestDriver@e07a (28adf0bf)]&amp#27;[0m Executing command 'getCurrentContext'
&amp#27;[38;5;32m[XCUITestDriver@e07a (28adf0bf)]&amp#27;[0m Responding to client with driver.getCurrentContext() result: "NATIVE_APP"
&amp#27;[38;5;0m[HTTP]&amp#27;[0m &amp#27;[37m<-- GET /session/28adf0bf-7ee8-437a-b2e7-798510efe6fe/context &amp#27;[39m&amp#27;[32m200&amp#27;[39m &amp#27;[90m1 ms - 22&amp#27;[39m
&amp#27;[38;5;0m[HTTP]&amp#27;[0m &amp#27;[90m&amp#27;[39m
&amp#27;[38;5;0m[HTTP]&amp#27;[0m &amp#27;[37m-->&amp#27;[39m &amp#27;[37mPOST&amp#27;[39m &amp#27;[37m/session/28adf0bf-7ee8-437a-b2e7-798510efe6fe/element&amp#27;[39m
&amp#27;[38;5;0m[HTTP]&amp#27;[0m &amp#27;[90m{"using":"xpath","value":"//XCUIElementTypeButton[@name=\"arrowLeft\"]"}&amp#27;[39m
&amp#27;[38;5;32m[XCUITestDriver@e07a (28adf0bf)]&amp#27;[0m Calling AppiumDriver.findElement() with args: ["xpath","//XCUIElementTypeButton[@name=\"arrowLeft\"]","28adf0bf-7ee8-437a-b2e7-798510efe6fe"]
&amp#27;[38;5;32m[XCUITestDriver@e07a (28adf0bf)]&amp#27;[0m Executing command 'findElement'
&amp#27;[38;5;32m[XCUITestDriver@e07a (28adf0bf)]&amp#27;[0m Valid locator strategies for this request: xpath, id, name, class name, -ios predicate string, -ios class chain, accessibility id, css selector
&amp#27;[38;5;32m[XCUITestDriver@e07a (28adf0bf)]&amp#27;[0m Waiting up to 0 ms for condition
&amp#27;[38;5;32m[XCUITestDriver@e07a (28adf0bf)]&amp#27;[0m Matched '/element' to command name 'findElement'
&amp#27;[38;5;32m[XCUITestDriver@e07a (28adf0bf)]&amp#27;[0m Proxying [POST /element] to [POST http://127.0.0.1:8100/session/E78FC83E-19E7-4136-B719-97A048452808/element] with body: {"using":"xpath","value":"//XCUIElementTypeButton[@name=\"arrowLeft\"]"}
&amp#27;[38;5;32m[XCUITestDriver@e07a (28adf0bf)]&amp#27;[0m Got response with status 200: {"value":{"ELEMENT":"E2070000-0000-0000-0103-000000000000","element-6066-11e4-a52e-4f735466cecf":"E2070000-0000-0000-0103-000000000000"},"sessionId":"E78FC83E-19E7-4136-B719-97A048452808"}
&amp#27;[38;5;32m[XCUITestDriver@e07a (28adf0bf)]&amp#27;[0m Responding to client with driver.findElement() result: {"element-6066-11e4-a52e-4f735466cecf":"E2070000-0000-0000-0103-000000000000","ELEMENT":"E2070000-0000-0000-0103-000000000000"}
&amp#27;[38;5;0m[HTTP]&amp#27;[0m &amp#27;[37m<-- POST /session/28adf0bf-7ee8-437a-b2e7-798510efe6fe/element &amp#27;[39m&amp#27;[32m200&amp#27;[39m &amp#27;[90m477 ms - 137&amp#27;[39m
&amp#27;[38;5;0m[HTTP]&amp#27;[0m &amp#27;[90m&amp#27;[39m
&amp#27;[38;5;0m[HTTP]&amp#27;[0m &amp#27;[37m-->&amp#27;[39m &amp#27;[37mGET&amp#27;[39m &amp#27;[37m/session/28adf0bf-7ee8-437a-b2e7-798510efe6fe/element/E2070000-0000-0000-0103-000000000000/enabled&amp#27;[39m
&amp#27;[38;5;0m[HTTP]&amp#27;[0m &amp#27;[90m{}&amp#27;[39m
&amp#27;[38;5;32m[XCUITestDriver@e07a (28adf0bf)]&amp#27;[0m Driver proxy active, passing request on via HTTP proxy
&amp#27;[38;5;32m[XCUITestDriver@e07a (28adf0bf)]&amp#27;[0m Executing command 'proxyReqRes'
&amp#27;[38;5;32m[XCUITestDriver@e07a (28adf0bf)]&amp#27;[0m Matched '/session/28adf0bf-7ee8-437a-b2e7-798510efe6fe/element/E2070000-0000-0000-0103-000000000000/enabled' to command name 'elementEnabled'
&amp#27;[38;5;32m[XCUITestDriver@e07a (28adf0bf)]&amp#27;[0m Proxying [GET /session/28adf0bf-7ee8-437a-b2e7-798510efe6fe/element/E2070000-0000-0000-0103-000000000000/enabled] to [GET http://127.0.0.1:8100/session/E78FC83E-19E7-4136-B719-97A048452808/element/E2070000-0000-0000-0103-000000000000/enabled] with no body
&amp#27;[38;5;32m[XCUITestDriver@e07a (28adf0bf)]&amp#27;[0m Got response with status 200: {"value":true,"sessionId":"E78FC83E-19E7-4136-B719-97A048452808"}
&amp#27;[38;5;32m[XCUITestDriver@e07a (28adf0bf)]&amp#27;[0m Replacing sessionId E78FC83E-19E7-4136-B719-97A048452808 with 28adf0bf-7ee8-437a-b2e7-798510efe6fe
&amp#27;[38;5;0m[HTTP]&amp#27;[0m &amp#27;[37m<-- GET /session/28adf0bf-7ee8-437a-b2e7-798510efe6fe/element/E2070000-0000-0000-0103-000000000000/enabled &amp#27;[39m&amp#27;[32m200&amp#27;[39m &amp#27;[90m55 ms - 65&amp#27;[39m
&amp#27;[38;5;0m[HTTP]&amp#27;[0m &amp#27;[90m&amp#27;[39m
&amp#27;[38;5;0m[HTTP]&amp#27;[0m &amp#27;[37m-->&amp#27;[39m &amp#27;[37mGET&amp#27;[39m &amp#27;[37m/session/28adf0bf-7ee8-437a-b2e7-798510efe6fe/context&amp#27;[39m
&amp#27;[38;5;0m[HTTP]&amp#27;[0m &amp#27;[90m{}&amp#27;[39m
&amp#27;[38;5;32m[XCUITestDriver@e07a (28adf0bf)]&amp#27;[0m Calling AppiumDriver.getCurrentContext() with args: ["28adf0bf-7ee8-437a-b2e7-798510efe6fe"]
&amp#27;[38;5;32m[XCUITestDriver@e07a (28adf0bf)]&amp#27;[0m Executing command 'getCurrentContext'
&amp#27;[38;5;32m[XCUITestDriver@e07a (28adf0bf)]&amp#27;[0m Responding to client with driver.getCurrentContext() result: "NATIVE_APP"
&amp#27;[38;5;0m[HTTP]&amp#27;[0m &amp#27;[37m<-- GET /session/28adf0bf-7ee8-437a-b2e7-798510efe6fe/context &amp#27;[39m&amp#27;[32m200&amp#27;[39m &amp#27;[90m1 ms - 22&amp#27;[39m
&amp#27;[38;5;0m[HTTP]&amp#27;[0m &amp#27;[90m&amp#27;[39m
&amp#27;[38;5;0m[HTTP]&amp#27;[0m &amp#27;[37m-->&amp#27;[39m &amp#27;[37mPOST&amp#27;[39m &amp#27;[37m/session/28adf0bf-7ee8-437a-b2e7-798510efe6fe/element&amp#27;[39m
&amp#27;[38;5;0m[HTTP]&amp#27;[0m &amp#27;[90m{"using":"xpath","value":"//XCUIElementTypeButton[@name=\"arrowLeft\"]"}&amp#27;[39m
&amp#27;[38;5;32m[XCUITestDriver@e07a (28adf0bf)]&amp#27;[0m Calling AppiumDriver.findElement() with args: ["xpath","//XCUIElementTypeButton[@name=\"arrowLeft\"]","28adf0bf-7ee8-437a-b2e7-798510efe6fe"]
&amp#27;[38;5;32m[XCUITestDriver@e07a (28adf0bf)]&amp#27;[0m Executing command 'findElement'
&amp#27;[38;5;32m[XCUITestDriver@e07a (28adf0bf)]&amp#27;[0m Valid locator strategies for this request: xpath, id, name, class name, -ios predicate string, -ios class chain, accessibility id, css selector
&amp#27;[38;5;32m[XCUITestDriver@e07a (28adf0bf)]&amp#27;[0m Waiting up to 0 ms for condition
&amp#27;[38;5;32m[XCUITestDriver@e07a (28adf0bf)]&amp#27;[0m Matched '/element' to command name 'findElement'
&amp#27;[38;5;32m[XCUITestDriver@e07a (28adf0bf)]&amp#27;[0m Proxying [POST /element] to [POST http://127.0.0.1:8100/session/E78FC83E-19E7-4136-B719-97A048452808/element] with body: {"using":"xpath","value":"//XCUIElementTypeButton[@name=\"arrowLeft\"]"}
&amp#27;[38;5;32m[XCUITestDriver@e07a (28adf0bf)]&amp#27;[0m Got response with status 200: {"value":{"ELEMENT":"E2070000-0000-0000-0103-000000000000","element-6066-11e4-a52e-4f735466cecf":"E2070000-0000-0000-0103-000000000000"},"sessionId":"E78FC83E-19E7-4136-B719-97A048452808"}
&amp#27;[38;5;32m[XCUITestDriver@e07a (28adf0bf)]&amp#27;[0m Responding to client with driver.findElement() result: {"element-6066-11e4-a52e-4f735466cecf":"E2070000-0000-0000-0103-000000000000","ELEMENT":"E2070000-0000-0000-0103-000000000000"}
&amp#27;[38;5;0m[HTTP]&amp#27;[0m &amp#27;[37m<-- POST /session/28adf0bf-7ee8-437a-b2e7-798510efe6fe/element &amp#27;[39m&amp#27;[32m200&amp#27;[39m &amp#27;[90m523 ms - 137&amp#27;[39m
&amp#27;[38;5;0m[HTTP]&amp#27;[0m &amp#27;[90m&amp#27;[39m
&amp#27;[38;5;0m[HTTP]&amp#27;[0m &amp#27;[37m-->&amp#27;[39m &amp#27;[37mPOST&amp#27;[39m &amp#27;[37m/session/28adf0bf-7ee8-437a-b2e7-798510efe6fe/element/E2070000-0000-0000-0103-000000000000/click&amp#27;[39m
&amp#27;[38;5;0m[HTTP]&amp#27;[0m &amp#27;[90m{"id":"E2070000-0000-0000-0103-000000000000"}&amp#27;[39m
&amp#27;[38;5;32m[XCUITestDriver@e07a (28adf0bf)]&amp#27;[0m Driver proxy active, passing request on via HTTP proxy
&amp#27;[38;5;32m[XCUITestDriver@e07a (28adf0bf)]&amp#27;[0m Executing command 'proxyReqRes'
&amp#27;[38;5;32m[XCUITestDriver@e07a (28adf0bf)]&amp#27;[0m Matched '/session/28adf0bf-7ee8-437a-b2e7-798510efe6fe/element/E2070000-0000-0000-0103-000000000000/click' to command name 'click'
&amp#27;[38;5;32m[XCUITestDriver@e07a (28adf0bf)]&amp#27;[0m Proxying [POST /session/28adf0bf-7ee8-437a-b2e7-798510efe6fe/element/E2070000-0000-0000-0103-000000000000/click] to [POST http://127.0.0.1:8100/session/E78FC83E-19E7-4136-B719-97A048452808/element/E2070000-0000-0000-0103-000000000000/click] with body: {"id":"E2070000-0000-0000-0103-000000000000"}
&amp#27;[38;5;32m[XCUITestDriver@e07a (28adf0bf)]&amp#27;[0m Got response with status 200: {"value":null,"sessionId":"E78FC83E-19E7-4136-B719-97A048452808"}
&amp#27;[38;5;32m[XCUITestDriver@e07a (28adf0bf)]&amp#27;[0m Replacing sessionId E78FC83E-19E7-4136-B719-97A048452808 with 28adf0bf-7ee8-437a-b2e7-798510efe6fe
&amp#27;[38;5;0m[HTTP]&amp#27;[0m &amp#27;[37m<-- POST /session/28adf0bf-7ee8-437a-b2e7-798510efe6fe/element/E2070000-0000-0000-0103-000000000000/click &amp#27;[39m&amp#27;[32m200&amp#27;[39m &amp#27;[90m888 ms - 65&amp#27;[39m
&amp#27;[38;5;0m[HTTP]&amp#27;[0m &amp#27;[90m&amp#27;[39m
&amp#27;[38;5;0m[HTTP]&amp#27;[0m &amp#27;[37m-->&amp#27;[39m &amp#27;[37mGET&amp#27;[39m &amp#27;[37m/session/28adf0bf-7ee8-437a-b2e7-798510efe6fe/context&amp#27;[39m
&amp#27;[38;5;0m[HTTP]&amp#27;[0m &amp#27;[90m{}&amp#27;[39m
&amp#27;[38;5;32m[XCUITestDriver@e07a (28adf0bf)]&amp#27;[0m Calling AppiumDriver.getCurrentContext() with args: ["28adf0bf-7ee8-437a-b2e7-798510efe6fe"]
&amp#27;[38;5;32m[XCUITestDriver@e07a (28adf0bf)]&amp#27;[0m Executing command 'getCurrentContext'
&amp#27;[38;5;32m[XCUITestDriver@e07a (28adf0bf)]&amp#27;[0m Responding to client with driver.getCurrentContext() result: "NATIVE_APP"
&amp#27;[38;5;0m[HTTP]&amp#27;[0m &amp#27;[37m<-- GET /session/28adf0bf-7ee8-437a-b2e7-798510efe6fe/context &amp#27;[39m&amp#27;[32m200&amp#27;[39m &amp#27;[90m2 ms - 22&amp#27;[39m
&amp#27;[38;5;0m[HTTP]&amp#27;[0m &amp#27;[90m&amp#27;[39m
&amp#27;[38;5;0m[HTTP]&amp#27;[0m &amp#27;[37m-->&amp#27;[39m &amp#27;[37mPOST&amp#27;[39m &amp#27;[37m/session/28adf0bf-7ee8-437a-b2e7-798510efe6fe/element&amp#27;[39m
&amp#27;[38;5;0m[HTTP]&amp#27;[0m &amp#27;[90m{"using":"xpath","value":"//XCUIElementTypeButton[@name=\"arrowLeft\"]"}&amp#27;[39m
&amp#27;[38;5;32m[XCUITestDriver@e07a (28adf0bf)]&amp#27;[0m Calling AppiumDriver.findElement() with args: ["xpath","//XCUIElementTypeButton[@name=\"arrowLeft\"]","28adf0bf-7ee8-437a-b2e7-798510efe6fe"]
&amp#27;[38;5;32m[XCUITestDriver@e07a (28adf0bf)]&amp#27;[0m Executing command 'findElement'
&amp#27;[38;5;32m[XCUITestDriver@e07a (28adf0bf)]&amp#27;[0m Valid locator strategies for this request: xpath, id, name, class name, -ios predicate string, -ios class chain, accessibility id, css selector
&amp#27;[38;5;32m[XCUITestDriver@e07a (28adf0bf)]&amp#27;[0m Waiting up to 0 ms for condition
&amp#27;[38;5;32m[XCUITestDriver@e07a (28adf0bf)]&amp#27;[0m Matched '/element' to command name 'findElement'
&amp#27;[38;5;32m[XCUITestDriver@e07a (28adf0bf)]&amp#27;[0m Proxying [POST /element] to [POST http://127.0.0.1:8100/session/E78FC83E-19E7-4136-B719-97A048452808/element] with body: {"using":"xpath","value":"//XCUIElementTypeButton[@name=\"arrowLeft\"]"}
&amp#27;[38;5;32m[XCUITestDriver@e07a (28adf0bf)]&amp#27;[0m Got response with status 200: {"value":{"ELEMENT":"BE070000-0000-0000-0103-000000000000","element-6066-11e4-a52e-4f735466cecf":"BE070000-0000-0000-0103-000000000000"},"sessionId":"E78FC83E-19E7-4136-B719-97A048452808"}
&amp#27;[38;5;32m[XCUITestDriver@e07a (28adf0bf)]&amp#27;[0m Responding to client with driver.findElement() result: {"element-6066-11e4-a52e-4f735466cecf":"BE070000-0000-0000-0103-000000000000","ELEMENT":"BE070000-0000-0000-0103-000000000000"}
&amp#27;[38;5;0m[HTTP]&amp#27;[0m &amp#27;[37m<-- POST /session/28adf0bf-7ee8-437a-b2e7-798510efe6fe/element &amp#27;[39m&amp#27;[32m200&amp#27;[39m &amp#27;[90m746 ms - 137&amp#27;[39m
&amp#27;[38;5;0m[HTTP]&amp#27;[0m &amp#27;[90m&amp#27;[39m
&amp#27;[38;5;0m[HTTP]&amp#27;[0m &amp#27;[37m-->&amp#27;[39m &amp#27;[37mGET&amp#27;[39m &amp#27;[37m/session/28adf0bf-7ee8-437a-b2e7-798510efe6fe/element/BE070000-0000-0000-0103-000000000000/displayed&amp#27;[39m
&amp#27;[38;5;0m[HTTP]&amp#27;[0m &amp#27;[90m{}&amp#27;[39m
&amp#27;[38;5;32m[XCUITestDriver@e07a (28adf0bf)]&amp#27;[0m Driver proxy active, passing request on via HTTP proxy
&amp#27;[38;5;32m[XCUITestDriver@e07a (28adf0bf)]&amp#27;[0m Executing command 'proxyReqRes'
&amp#27;[38;5;32m[XCUITestDriver@e07a (28adf0bf)]&amp#27;[0m Matched '/session/28adf0bf-7ee8-437a-b2e7-798510efe6fe/element/BE070000-0000-0000-0103-000000000000/displayed' to command name 'elementDisplayed'
&amp#27;[38;5;32m[XCUITestDriver@e07a (28adf0bf)]&amp#27;[0m Proxying [GET /session/28adf0bf-7ee8-437a-b2e7-798510efe6fe/element/BE070000-0000-0000-0103-000000000000/displayed] to [GET http://127.0.0.1:8100/session/E78FC83E-19E7-4136-B719-97A048452808/element/BE070000-0000-0000-0103-000000000000/displayed] with no body
&amp#27;[38;5;32m[XCUITestDriver@e07a (28adf0bf)]&amp#27;[0m Got response with status 200: {"value":true,"sessionId":"E78FC83E-19E7-4136-B719-97A048452808"}
&amp#27;[38;5;32m[XCUITestDriver@e07a (28adf0bf)]&amp#27;[0m Replacing sessionId E78FC83E-19E7-4136-B719-97A048452808 with 28adf0bf-7ee8-437a-b2e7-798510efe6fe
&amp#27;[38;5;0m[HTTP]&amp#27;[0m &amp#27;[37m<-- GET /session/28adf0bf-7ee8-437a-b2e7-798510efe6fe/element/BE070000-0000-0000-0103-000000000000/displayed &amp#27;[39m&amp#27;[32m200&amp#27;[39m &amp#27;[90m87 ms - 65&amp#27;[39m
&amp#27;[38;5;0m[HTTP]&amp#27;[0m &amp#27;[90m&amp#27;[39m
&amp#27;[38;5;0m[HTTP]&amp#27;[0m &amp#27;[37m-->&amp#27;[39m &amp#27;[37mGET&amp#27;[39m &amp#27;[37m/session/28adf0bf-7ee8-437a-b2e7-798510efe6fe/context&amp#27;[39m
&amp#27;[38;5;0m[HTTP]&amp#27;[0m &amp#27;[90m{}&amp#27;[39m
&amp#27;[38;5;32m[XCUITestDriver@e07a (28adf0bf)]&amp#27;[0m Calling AppiumDriver.getCurrentContext() with args: ["28adf0bf-7ee8-437a-b2e7-798510efe6fe"]
&amp#27;[38;5;32m[XCUITestDriver@e07a (28adf0bf)]&amp#27;[0m Executing command 'getCurrentContext'
&amp#27;[38;5;32m[XCUITestDriver@e07a (28adf0bf)]&amp#27;[0m Responding to client with driver.getCurrentContext() result: "NATIVE_APP"
&amp#27;[38;5;0m[HTTP]&amp#27;[0m &amp#27;[37m<-- GET /session/28adf0bf-7ee8-437a-b2e7-798510efe6fe/context &amp#27;[39m&amp#27;[32m200&amp#27;[39m &amp#27;[90m1 ms - 22&amp#27;[39m
&amp#27;[38;5;0m[HTTP]&amp#27;[0m &amp#27;[90m&amp#27;[39m
&amp#27;[38;5;0m[HTTP]&amp#27;[0m &amp#27;[37m-->&amp#27;[39m &amp#27;[37mPOST&amp#27;[39m &amp#27;[37m/session/28adf0bf-7ee8-437a-b2e7-798510efe6fe/element&amp#27;[39m
&amp#27;[38;5;0m[HTTP]&amp#27;[0m &amp#27;[90m{"using":"xpath","value":"//XCUIElementTypeButton[@name=\"arrowLeft\"]"}&amp#27;[39m
&amp#27;[38;5;32m[XCUITestDriver@e07a (28adf0bf)]&amp#27;[0m Calling AppiumDriver.findElement() with args: ["xpath","//XCUIElementTypeButton[@name=\"arrowLeft\"]","28adf0bf-7ee8-437a-b2e7-798510efe6fe"]
&amp#27;[38;5;32m[XCUITestDriver@e07a (28adf0bf)]&amp#27;[0m Executing command 'findElement'
&amp#27;[38;5;32m[XCUITestDriver@e07a (28adf0bf)]&amp#27;[0m Valid locator strategies for this request: xpath, id, name, class name, -ios predicate string, -ios class chain, accessibility id, css selector
&amp#27;[38;5;32m[XCUITestDriver@e07a (28adf0bf)]&amp#27;[0m Waiting up to 0 ms for condition
&amp#27;[38;5;32m[XCUITestDriver@e07a (28adf0bf)]&amp#27;[0m Matched '/element' to command name 'findElement'
&amp#27;[38;5;32m[XCUITestDriver@e07a (28adf0bf)]&amp#27;[0m Proxying [POST /element] to [POST http://127.0.0.1:8100/session/E78FC83E-19E7-4136-B719-97A048452808/element] with body: {"using":"xpath","value":"//XCUIElementTypeButton[@name=\"arrowLeft\"]"}
&amp#27;[38;5;32m[XCUITestDriver@e07a (28adf0bf)]&amp#27;[0m Got response with status 200: {"value":{"ELEMENT":"BE070000-0000-0000-0103-000000000000","element-6066-11e4-a52e-4f735466cecf":"BE070000-0000-0000-0103-000000000000"},"sessionId":"E78FC83E-19E7-4136-B719-97A048452808"}
&amp#27;[38;5;32m[XCUITestDriver@e07a (28adf0bf)]&amp#27;[0m Responding to client with driver.findElement() result: {"element-6066-11e4-a52e-4f735466cecf":"BE070000-0000-0000-0103-000000000000","ELEMENT":"BE070000-0000-0000-0103-000000000000"}
&amp#27;[38;5;0m[HTTP]&amp#27;[0m &amp#27;[37m<-- POST /session/28adf0bf-7ee8-437a-b2e7-798510efe6fe/element &amp#27;[39m&amp#27;[32m200&amp#27;[39m &amp#27;[90m621 ms - 137&amp#27;[39m
&amp#27;[38;5;0m[HTTP]&amp#27;[0m &amp#27;[90m&amp#27;[39m
&amp#27;[38;5;0m[HTTP]&amp#27;[0m &amp#27;[37m-->&amp#27;[39m &amp#27;[37mGET&amp#27;[39m &amp#27;[37m/session/28adf0bf-7ee8-437a-b2e7-798510efe6fe/element/BE070000-0000-0000-0103-000000000000/enabled&amp#27;[39m
&amp#27;[38;5;0m[HTTP]&amp#27;[0m &amp#27;[90m{}&amp#27;[39m
&amp#27;[38;5;32m[XCUITestDriver@e07a (28adf0bf)]&amp#27;[0m Driver proxy active, passing request on via HTTP proxy
&amp#27;[38;5;32m[XCUITestDriver@e07a (28adf0bf)]&amp#27;[0m Executing command 'proxyReqRes'
&amp#27;[38;5;32m[XCUITestDriver@e07a (28adf0bf)]&amp#27;[0m Matched '/session/28adf0bf-7ee8-437a-b2e7-798510efe6fe/element/BE070000-0000-0000-0103-000000000000/enabled' to command name 'elementEnabled'
&amp#27;[38;5;32m[XCUITestDriver@e07a (28adf0bf)]&amp#27;[0m Proxying [GET /session/28adf0bf-7ee8-437a-b2e7-798510efe6fe/element/BE070000-0000-0000-0103-000000000000/enabled] to [GET http://127.0.0.1:8100/session/E78FC83E-19E7-4136-B719-97A048452808/element/BE070000-0000-0000-0103-000000000000/enabled] with no body
&amp#27;[38;5;32m[XCUITestDriver@e07a (28adf0bf)]&amp#27;[0m Got response with status 200: {"value":true,"sessionId":"E78FC83E-19E7-4136-B719-97A048452808"}
&amp#27;[38;5;32m[XCUITestDriver@e07a (28adf0bf)]&amp#27;[0m Replacing sessionId E78FC83E-19E7-4136-B719-97A048452808 with 28adf0bf-7ee8-437a-b2e7-798510efe6fe
&amp#27;[38;5;0m[HTTP]&amp#27;[0m &amp#27;[37m<-- GET /session/28adf0bf-7ee8-437a-b2e7-798510efe6fe/element/BE070000-0000-0000-0103-000000000000/enabled &amp#27;[39m&amp#27;[32m200&amp#27;[39m &amp#27;[90m61 ms - 65&amp#27;[39m
&amp#27;[38;5;0m[HTTP]&amp#27;[0m &amp#27;[90m&amp#27;[39m
&amp#27;[38;5;0m[HTTP]&amp#27;[0m &amp#27;[37m-->&amp#27;[39m &amp#27;[37mGET&amp#27;[39m &amp#27;[37m/session/28adf0bf-7ee8-437a-b2e7-798510efe6fe/context&amp#27;[39m
&amp#27;[38;5;0m[HTTP]&amp#27;[0m &amp#27;[90m{}&amp#27;[39m
&amp#27;[38;5;32m[XCUITestDriver@e07a (28adf0bf)]&amp#27;[0m Calling AppiumDriver.getCurrentContext() with args: ["28adf0bf-7ee8-437a-b2e7-798510efe6fe"]
&amp#27;[38;5;32m[XCUITestDriver@e07a (28adf0bf)]&amp#27;[0m Executing command 'getCurrentContext'
&amp#27;[38;5;32m[XCUITestDriver@e07a (28adf0bf)]&amp#27;[0m Responding to client with driver.getCurrentContext() result: "NATIVE_APP"
&amp#27;[38;5;0m[HTTP]&amp#27;[0m &amp#27;[37m<-- GET /session/28adf0bf-7ee8-437a-b2e7-798510efe6fe/context &amp#27;[39m&amp#27;[32m200&amp#27;[39m &amp#27;[90m1 ms - 22&amp#27;[39m
&amp#27;[38;5;0m[HTTP]&amp#27;[0m &amp#27;[90m&amp#27;[39m
&amp#27;[38;5;0m[HTTP]&amp#27;[0m &amp#27;[37m-->&amp#27;[39m &amp#27;[37mPOST&amp#27;[39m &amp#27;[37m/session/28adf0bf-7ee8-437a-b2e7-798510efe6fe/element&amp#27;[39m
&amp#27;[38;5;0m[HTTP]&amp#27;[0m &amp#27;[90m{"using":"xpath","value":"//XCUIElementTypeButton[@name=\"arrowLeft\"]"}&amp#27;[39m
&amp#27;[38;5;32m[XCUITestDriver@e07a (28adf0bf)]&amp#27;[0m Calling AppiumDriver.findElement() with args: ["xpath","//XCUIElementTypeButton[@name=\"arrowLeft\"]","28adf0bf-7ee8-437a-b2e7-798510efe6fe"]
&amp#27;[38;5;32m[XCUITestDriver@e07a (28adf0bf)]&amp#27;[0m Executing command 'findElement'
&amp#27;[38;5;32m[XCUITestDriver@e07a (28adf0bf)]&amp#27;[0m Valid locator strategies for this request: xpath, id, name, class name, -ios predicate string, -ios class chain, accessibility id, css selector
&amp#27;[38;5;32m[XCUITestDriver@e07a (28adf0bf)]&amp#27;[0m Waiting up to 0 ms for condition
&amp#27;[38;5;32m[XCUITestDriver@e07a (28adf0bf)]&amp#27;[0m Matched '/element' to command name 'findElement'
&amp#27;[38;5;32m[XCUITestDriver@e07a (28adf0bf)]&amp#27;[0m Proxying [POST /element] to [POST http://127.0.0.1:8100/session/E78FC83E-19E7-4136-B719-97A048452808/element] with body: {"using":"xpath","value":"//XCUIElementTypeButton[@name=\"arrowLeft\"]"}
&amp#27;[38;5;32m[XCUITestDriver@e07a (28adf0bf)]&amp#27;[0m Got response with status 200: {"value":{"ELEMENT":"BE070000-0000-0000-0103-000000000000","element-6066-11e4-a52e-4f735466cecf":"BE070000-0000-0000-0103-000000000000"},"sessionId":"E78FC83E-19E7-4136-B719-97A048452808"}
&amp#27;[38;5;32m[XCUITestDriver@e07a (28adf0bf)]&amp#27;[0m Responding to client with driver.findElement() result: {"element-6066-11e4-a52e-4f735466cecf":"BE070000-0000-0000-0103-000000000000","ELEMENT":"BE070000-0000-0000-0103-000000000000"}
&amp#27;[38;5;0m[HTTP]&amp#27;[0m &amp#27;[37m<-- POST /session/28adf0bf-7ee8-437a-b2e7-798510efe6fe/element &amp#27;[39m&amp#27;[32m200&amp#27;[39m &amp#27;[90m664 ms - 137&amp#27;[39m
&amp#27;[38;5;0m[HTTP]&amp#27;[0m &amp#27;[90m&amp#27;[39m
&amp#27;[38;5;0m[HTTP]&amp#27;[0m &amp#27;[37m-->&amp#27;[39m &amp#27;[37mPOST&amp#27;[39m &amp#27;[37m/session/28adf0bf-7ee8-437a-b2e7-798510efe6fe/element/BE070000-0000-0000-0103-000000000000/click&amp#27;[39m
&amp#27;[38;5;0m[HTTP]&amp#27;[0m &amp#27;[90m{"id":"BE070000-0000-0000-0103-000000000000"}&amp#27;[39m
&amp#27;[38;5;32m[XCUITestDriver@e07a (28adf0bf)]&amp#27;[0m Driver proxy active, passing request on via HTTP proxy
&amp#27;[38;5;32m[XCUITestDriver@e07a (28adf0bf)]&amp#27;[0m Executing command 'proxyReqRes'
&amp#27;[38;5;32m[XCUITestDriver@e07a (28adf0bf)]&amp#27;[0m Matched '/session/28adf0bf-7ee8-437a-b2e7-798510efe6fe/element/BE070000-0000-0000-0103-000000000000/click' to command name 'click'
&amp#27;[38;5;32m[XCUITestDriver@e07a (28adf0bf)]&amp#27;[0m Proxying [POST /session/28adf0bf-7ee8-437a-b2e7-798510efe6fe/element/BE070000-0000-0000-0103-000000000000/click] to [POST http://127.0.0.1:8100/session/E78FC83E-19E7-4136-B719-97A048452808/element/BE070000-0000-0000-0103-000000000000/click] with body: {"id":"BE070000-0000-0000-0103-000000000000"}
&amp#27;[38;5;32m[XCUITestDriver@e07a (28adf0bf)]&amp#27;[0m Got response with status 200: {"value":null,"sessionId":"E78FC83E-19E7-4136-B719-97A048452808"}
&amp#27;[38;5;32m[XCUITestDriver@e07a (28adf0bf)]&amp#27;[0m Replacing sessionId E78FC83E-19E7-4136-B719-97A048452808 with 28adf0bf-7ee8-437a-b2e7-798510efe6fe
&amp#27;[38;5;0m[HTTP]&amp#27;[0m &amp#27;[37m<-- POST /session/28adf0bf-7ee8-437a-b2e7-798510efe6fe/element/BE070000-0000-0000-0103-000000000000/click &amp#27;[39m&amp#27;[32m200&amp#27;[39m &amp#27;[90m1204 ms - 65&amp#27;[39m
&amp#27;[38;5;0m[HTTP]&amp#27;[0m &amp#27;[90m&amp#27;[39m
&amp#27;[38;5;0m[HTTP]&amp#27;[0m &amp#27;[37m-->&amp#27;[39m &amp#27;[37mGET&amp#27;[39m &amp#27;[37m/session/28adf0bf-7ee8-437a-b2e7-798510efe6fe/context&amp#27;[39m
&amp#27;[38;5;0m[HTTP]&amp#27;[0m &amp#27;[90m{}&amp#27;[39m
&amp#27;[38;5;32m[XCUITestDriver@e07a (28adf0bf)]&amp#27;[0m Calling AppiumDriver.getCurrentContext() with args: ["28adf0bf-7ee8-437a-b2e7-798510efe6fe"]
&amp#27;[38;5;32m[XCUITestDriver@e07a (28adf0bf)]&amp#27;[0m Executing command 'getCurrentContext'
&amp#27;[38;5;32m[XCUITestDriver@e07a (28adf0bf)]&amp#27;[0m Responding to client with driver.getCurrentContext() result: "NATIVE_APP"
&amp#27;[38;5;0m[HTTP]&amp#27;[0m &amp#27;[37m<-- GET /session/28adf0bf-7ee8-437a-b2e7-798510efe6fe/context &amp#27;[39m&amp#27;[32m200&amp#27;[39m &amp#27;[90m1 ms - 22&amp#27;[39m
&amp#27;[38;5;0m[HTTP]&amp#27;[0m &amp#27;[90m&amp#27;[39m
&amp#27;[38;5;0m[HTTP]&amp#27;[0m &amp#27;[37m-->&amp#27;[39m &amp#27;[37mPOST&amp#27;[39m &amp#27;[37m/session/28adf0bf-7ee8-437a-b2e7-798510efe6fe/element&amp#27;[39m
&amp#27;[38;5;0m[HTTP]&amp#27;[0m &amp#27;[90m{"using":"xpath","value":"//XCUIElementTypeButton[@name=\"ic backArrowShadow\"]"}&amp#27;[39m
&amp#27;[38;5;32m[XCUITestDriver@e07a (28adf0bf)]&amp#27;[0m Calling AppiumDriver.findElement() with args: ["xpath","//XCUIElementTypeButton[@name=\"ic backArrowShadow\"]","28adf0bf-7ee8-437a-b2e7-798510efe6fe"]
&amp#27;[38;5;32m[XCUITestDriver@e07a (28adf0bf)]&amp#27;[0m Executing command 'findElement'
&amp#27;[38;5;32m[XCUITestDriver@e07a (28adf0bf)]&amp#27;[0m Valid locator strategies for this request: xpath, id, name, class name, -ios predicate string, -ios class chain, accessibility id, css selector
&amp#27;[38;5;32m[XCUITestDriver@e07a (28adf0bf)]&amp#27;[0m Waiting up to 0 ms for condition
&amp#27;[38;5;32m[XCUITestDriver@e07a (28adf0bf)]&amp#27;[0m Matched '/element' to command name 'findElement'
&amp#27;[38;5;32m[XCUITestDriver@e07a (28adf0bf)]&amp#27;[0m Proxying [POST /element] to [POST http://127.0.0.1:8100/session/E78FC83E-19E7-4136-B719-97A048452808/element] with body: {"using":"xpath","value":"//XCUIElementTypeButton[@name=\"ic backArrowShadow\"]"}
&amp#27;[38;5;32m[XCUITestDriver@e07a (28adf0bf)]&amp#27;[0m Got response with status 200: {"value":{"ELEMENT":"DC060000-0000-0000-0103-000000000000","element-6066-11e4-a52e-4f735466cecf":"DC060000-0000-0000-0103-000000000000"},"sessionId":"E78FC83E-19E7-4136-B719-97A048452808"}
&amp#27;[38;5;32m[XCUITestDriver@e07a (28adf0bf)]&amp#27;[0m Responding to client with driver.findElement() result: {"element-6066-11e4-a52e-4f735466cecf":"DC060000-0000-0000-0103-000000000000","ELEMENT":"DC060000-0000-0000-0103-000000000000"}
&amp#27;[38;5;0m[HTTP]&amp#27;[0m &amp#27;[37m<-- POST /session/28adf0bf-7ee8-437a-b2e7-798510efe6fe/element &amp#27;[39m&amp#27;[32m200&amp#27;[39m &amp#27;[90m820 ms - 137&amp#27;[39m
&amp#27;[38;5;0m[HTTP]&amp#27;[0m &amp#27;[90m&amp#27;[39m
&amp#27;[38;5;0m[HTTP]&amp#27;[0m &amp#27;[37m-->&amp#27;[39m &amp#27;[37mGET&amp#27;[39m &amp#27;[37m/session/28adf0bf-7ee8-437a-b2e7-798510efe6fe/element/DC060000-0000-0000-0103-000000000000/displayed&amp#27;[39m
&amp#27;[38;5;0m[HTTP]&amp#27;[0m &amp#27;[90m{}&amp#27;[39m
&amp#27;[38;5;32m[XCUITestDriver@e07a (28adf0bf)]&amp#27;[0m Driver proxy active, passing request on via HTTP proxy
&amp#27;[38;5;32m[XCUITestDriver@e07a (28adf0bf)]&amp#27;[0m Executing command 'proxyReqRes'
&amp#27;[38;5;32m[XCUITestDriver@e07a (28adf0bf)]&amp#27;[0m Matched '/session/28adf0bf-7ee8-437a-b2e7-798510efe6fe/element/DC060000-0000-0000-0103-000000000000/displayed' to command name 'elementDisplayed'
&amp#27;[38;5;32m[XCUITestDriver@e07a (28adf0bf)]&amp#27;[0m Proxying [GET /session/28adf0bf-7ee8-437a-b2e7-798510efe6fe/element/DC060000-0000-0000-0103-000000000000/displayed] to [GET http://127.0.0.1:8100/session/E78FC83E-19E7-4136-B719-97A048452808/element/DC060000-0000-0000-0103-000000000000/displayed] with no body
&amp#27;[38;5;32m[XCUITestDriver@e07a (28adf0bf)]&amp#27;[0m Got response with status 200: {"value":true,"sessionId":"E78FC83E-19E7-4136-B719-97A048452808"}
&amp#27;[38;5;32m[XCUITestDriver@e07a (28adf0bf)]&amp#27;[0m Replacing sessionId E78FC83E-19E7-4136-B719-97A048452808 with 28adf0bf-7ee8-437a-b2e7-798510efe6fe
&amp#27;[38;5;0m[HTTP]&amp#27;[0m &amp#27;[37m<-- GET /session/28adf0bf-7ee8-437a-b2e7-798510efe6fe/element/DC060000-0000-0000-0103-000000000000/displayed &amp#27;[39m&amp#27;[32m200&amp#27;[39m &amp#27;[90m80 ms - 65&amp#27;[39m
&amp#27;[38;5;0m[HTTP]&amp#27;[0m &amp#27;[90m&amp#27;[39m
&amp#27;[38;5;0m[HTTP]&amp#27;[0m &amp#27;[37m-->&amp#27;[39m &amp#27;[37mGET&amp#27;[39m &amp#27;[37m/session/28adf0bf-7ee8-437a-b2e7-798510efe6fe/context&amp#27;[39m
&amp#27;[38;5;0m[HTTP]&amp#27;[0m &amp#27;[90m{}&amp#27;[39m
&amp#27;[38;5;32m[XCUITestDriver@e07a (28adf0bf)]&amp#27;[0m Calling AppiumDriver.getCurrentContext() with args: ["28adf0bf-7ee8-437a-b2e7-798510efe6fe"]
&amp#27;[38;5;32m[XCUITestDriver@e07a (28adf0bf)]&amp#27;[0m Executing command 'getCurrentContext'
&amp#27;[38;5;32m[XCUITestDriver@e07a (28adf0bf)]&amp#27;[0m Responding to client with driver.getCurrentContext() result: "NATIVE_APP"
&amp#27;[38;5;0m[HTTP]&amp#27;[0m &amp#27;[37m<-- GET /session/28adf0bf-7ee8-437a-b2e7-798510efe6fe/context &amp#27;[39m&amp#27;[32m200&amp#27;[39m &amp#27;[90m1 ms - 22&amp#27;[39m
&amp#27;[38;5;0m[HTTP]&amp#27;[0m &amp#27;[90m&amp#27;[39m
&amp#27;[38;5;0m[HTTP]&amp#27;[0m &amp#27;[37m-->&amp#27;[39m &amp#27;[37mPOST&amp#27;[39m &amp#27;[37m/session/28adf0bf-7ee8-437a-b2e7-798510efe6fe/element&amp#27;[39m
&amp#27;[38;5;0m[HTTP]&amp#27;[0m &amp#27;[90m{"using":"xpath","value":"//XCUIElementTypeButton[@name=\"ic backArrowShadow\"]"}&amp#27;[39m
&amp#27;[38;5;32m[XCUITestDriver@e07a (28adf0bf)]&amp#27;[0m Calling AppiumDriver.findElement() with args: ["xpath","//XCUIElementTypeButton[@name=\"ic backArrowShadow\"]","28adf0bf-7ee8-437a-b2e7-798510efe6fe"]
&amp#27;[38;5;32m[XCUITestDriver@e07a (28adf0bf)]&amp#27;[0m Executing command 'findElement'
&amp#27;[38;5;32m[XCUITestDriver@e07a (28adf0bf)]&amp#27;[0m Valid locator strategies for this request: xpath, id, name, class name, -ios predicate string, -ios class chain, accessibility id, css selector
&amp#27;[38;5;32m[XCUITestDriver@e07a (28adf0bf)]&amp#27;[0m Waiting up to 0 ms for condition
&amp#27;[38;5;32m[XCUITestDriver@e07a (28adf0bf)]&amp#27;[0m Matched '/element' to command name 'findElement'
&amp#27;[38;5;32m[XCUITestDriver@e07a (28adf0bf)]&amp#27;[0m Proxying [POST /element] to [POST http://127.0.0.1:8100/session/E78FC83E-19E7-4136-B719-97A048452808/element] with body: {"using":"xpath","value":"//XCUIElementTypeButton[@name=\"ic backArrowShadow\"]"}
&amp#27;[38;5;32m[XCUITestDriver@e07a (28adf0bf)]&amp#27;[0m Got response with status 200: {"value":{"ELEMENT":"DC060000-0000-0000-0103-000000000000","element-6066-11e4-a52e-4f735466cecf":"DC060000-0000-0000-0103-000000000000"},"sessionId":"E78FC83E-19E7-4136-B719-97A048452808"}
&amp#27;[38;5;32m[XCUITestDriver@e07a (28adf0bf)]&amp#27;[0m Responding to client with driver.findElement() result: {"element-6066-11e4-a52e-4f735466cecf":"DC060000-0000-0000-0103-000000000000","ELEMENT":"DC060000-0000-0000-0103-000000000000"}
&amp#27;[38;5;0m[HTTP]&amp#27;[0m &amp#27;[37m<-- POST /session/28adf0bf-7ee8-437a-b2e7-798510efe6fe/element &amp#27;[39m&amp#27;[32m200&amp#27;[39m &amp#27;[90m582 ms - 137&amp#27;[39m
&amp#27;[38;5;0m[HTTP]&amp#27;[0m &amp#27;[90m&amp#27;[39m
&amp#27;[38;5;0m[HTTP]&amp#27;[0m &amp#27;[37m-->&amp#27;[39m &amp#27;[37mGET&amp#27;[39m &amp#27;[37m/session/28adf0bf-7ee8-437a-b2e7-798510efe6fe/element/DC060000-0000-0000-0103-000000000000/enabled&amp#27;[39m
&amp#27;[38;5;0m[HTTP]&amp#27;[0m &amp#27;[90m{}&amp#27;[39m
&amp#27;[38;5;32m[XCUITestDriver@e07a (28adf0bf)]&amp#27;[0m Driver proxy active, passing request on via HTTP proxy
&amp#27;[38;5;32m[XCUITestDriver@e07a (28adf0bf)]&amp#27;[0m Executing command 'proxyReqRes'
&amp#27;[38;5;32m[XCUITestDriver@e07a (28adf0bf)]&amp#27;[0m Matched '/session/28adf0bf-7ee8-437a-b2e7-798510efe6fe/element/DC060000-0000-0000-0103-000000000000/enabled' to command name 'elementEnabled'
&amp#27;[38;5;32m[XCUITestDriver@e07a (28adf0bf)]&amp#27;[0m Proxying [GET /session/28adf0bf-7ee8-437a-b2e7-798510efe6fe/element/DC060000-0000-0000-0103-000000000000/enabled] to [GET http://127.0.0.1:8100/session/E78FC83E-19E7-4136-B719-97A048452808/element/DC060000-0000-0000-0103-000000000000/enabled] with no body
&amp#27;[38;5;32m[XCUITestDriver@e07a (28adf0bf)]&amp#27;[0m Got response with status 200: {"value":true,"sessionId":"E78FC83E-19E7-4136-B719-97A048452808"}
&amp#27;[38;5;32m[XCUITestDriver@e07a (28adf0bf)]&amp#27;[0m Replacing sessionId E78FC83E-19E7-4136-B719-97A048452808 with 28adf0bf-7ee8-437a-b2e7-798510efe6fe
&amp#27;[38;5;0m[HTTP]&amp#27;[0m &amp#27;[37m<-- GET /session/28adf0bf-7ee8-437a-b2e7-798510efe6fe/element/DC060000-0000-0000-0103-000000000000/enabled &amp#27;[39m&amp#27;[32m200&amp#27;[39m &amp#27;[90m71 ms - 65&amp#27;[39m
&amp#27;[38;5;0m[HTTP]&amp#27;[0m &amp#27;[90m&amp#27;[39m
&amp#27;[38;5;0m[HTTP]&amp#27;[0m &amp#27;[37m-->&amp#27;[39m &amp#27;[37mGET&amp#27;[39m &amp#27;[37m/session/28adf0bf-7ee8-437a-b2e7-798510efe6fe/context&amp#27;[39m
&amp#27;[38;5;0m[HTTP]&amp#27;[0m &amp#27;[90m{}&amp#27;[39m
&amp#27;[38;5;32m[XCUITestDriver@e07a (28adf0bf)]&amp#27;[0m Calling AppiumDriver.getCurrentContext() with args: ["28adf0bf-7ee8-437a-b2e7-798510efe6fe"]
&amp#27;[38;5;32m[XCUITestDriver@e07a (28adf0bf)]&amp#27;[0m Executing command 'getCurrentContext'
&amp#27;[38;5;32m[XCUITestDriver@e07a (28adf0bf)]&amp#27;[0m Responding to client with driver.getCurrentContext() result: "NATIVE_APP"
&amp#27;[38;5;0m[HTTP]&amp#27;[0m &amp#27;[37m<-- GET /session/28adf0bf-7ee8-437a-b2e7-798510efe6fe/context &amp#27;[39m&amp#27;[32m200&amp#27;[39m &amp#27;[90m1 ms - 22&amp#27;[39m
&amp#27;[38;5;0m[HTTP]&amp#27;[0m &amp#27;[90m&amp#27;[39m
&amp#27;[38;5;0m[HTTP]&amp#27;[0m &amp#27;[37m-->&amp#27;[39m &amp#27;[37mPOST&amp#27;[39m &amp#27;[37m/session/28adf0bf-7ee8-437a-b2e7-798510efe6fe/element&amp#27;[39m
&amp#27;[38;5;0m[HTTP]&amp#27;[0m &amp#27;[90m{"using":"xpath","value":"//XCUIElementTypeButton[@name=\"ic backArrowShadow\"]"}&amp#27;[39m
&amp#27;[38;5;32m[XCUITestDriver@e07a (28adf0bf)]&amp#27;[0m Calling AppiumDriver.findElement() with args: ["xpath","//XCUIElementTypeButton[@name=\"ic backArrowShadow\"]","28adf0bf-7ee8-437a-b2e7-798510efe6fe"]
&amp#27;[38;5;32m[XCUITestDriver@e07a (28adf0bf)]&amp#27;[0m Executing command 'findElement'
&amp#27;[38;5;32m[XCUITestDriver@e07a (28adf0bf)]&amp#27;[0m Valid locator strategies for this request: xpath, id, name, class name, -ios predicate string, -ios class chain, accessibility id, css selector
&amp#27;[38;5;32m[XCUITestDriver@e07a (28adf0bf)]&amp#27;[0m Waiting up to 0 ms for condition
&amp#27;[38;5;32m[XCUITestDriver@e07a (28adf0bf)]&amp#27;[0m Matched '/element' to command name 'findElement'
&amp#27;[38;5;32m[XCUITestDriver@e07a (28adf0bf)]&amp#27;[0m Proxying [POST /element] to [POST http://127.0.0.1:8100/session/E78FC83E-19E7-4136-B719-97A048452808/element] with body: {"using":"xpath","value":"//XCUIElementTypeButton[@name=\"ic backArrowShadow\"]"}
&amp#27;[38;5;32m[XCUITestDriver@e07a (28adf0bf)]&amp#27;[0m Got response with status 200: {"value":{"ELEMENT":"DC060000-0000-0000-0103-000000000000","element-6066-11e4-a52e-4f735466cecf":"DC060000-0000-0000-0103-000000000000"},"sessionId":"E78FC83E-19E7-4136-B719-97A048452808"}
&amp#27;[38;5;32m[XCUITestDriver@e07a (28adf0bf)]&amp#27;[0m Responding to client with driver.findElement() result: {"element-6066-11e4-a52e-4f735466cecf":"DC060000-0000-0000-0103-000000000000","ELEMENT":"DC060000-0000-0000-0103-000000000000"}
&amp#27;[38;5;0m[HTTP]&amp#27;[0m &amp#27;[37m<-- POST /session/28adf0bf-7ee8-437a-b2e7-798510efe6fe/element &amp#27;[39m&amp#27;[32m200&amp#27;[39m &amp#27;[90m819 ms - 137&amp#27;[39m
&amp#27;[38;5;0m[HTTP]&amp#27;[0m &amp#27;[90m&amp#27;[39m
&amp#27;[38;5;0m[HTTP]&amp#27;[0m &amp#27;[37m-->&amp#27;[39m &amp#27;[37mPOST&amp#27;[39m &amp#27;[37m/session/28adf0bf-7ee8-437a-b2e7-798510efe6fe/element/DC060000-0000-0000-0103-000000000000/click&amp#27;[39m
&amp#27;[38;5;0m[HTTP]&amp#27;[0m &amp#27;[90m{"id":"DC060000-0000-0000-0103-000000000000"}&amp#27;[39m
&amp#27;[38;5;32m[XCUITestDriver@e07a (28adf0bf)]&amp#27;[0m Driver proxy active, passing request on via HTTP proxy
&amp#27;[38;5;32m[XCUITestDriver@e07a (28adf0bf)]&amp#27;[0m Executing command 'proxyReqRes'
&amp#27;[38;5;32m[XCUITestDriver@e07a (28adf0bf)]&amp#27;[0m Matched '/session/28adf0bf-7ee8-437a-b2e7-798510efe6fe/element/DC060000-0000-0000-0103-000000000000/click' to command name 'click'
&amp#27;[38;5;32m[XCUITestDriver@e07a (28adf0bf)]&amp#27;[0m Proxying [POST /session/28adf0bf-7ee8-437a-b2e7-798510efe6fe/element/DC060000-0000-0000-0103-000000000000/click] to [POST http://127.0.0.1:8100/session/E78FC83E-19E7-4136-B719-97A048452808/element/DC060000-0000-0000-0103-000000000000/click] with body: {"id":"DC060000-0000-0000-0103-000000000000"}
&amp#27;[38;5;32m[XCUITestDriver@e07a (28adf0bf)]&amp#27;[0m Got response with status 200: {"value":null,"sessionId":"E78FC83E-19E7-4136-B719-97A048452808"}
&amp#27;[38;5;32m[XCUITestDriver@e07a (28adf0bf)]&amp#27;[0m Replacing sessionId E78FC83E-19E7-4136-B719-97A048452808 with 28adf0bf-7ee8-437a-b2e7-798510efe6fe
&amp#27;[38;5;0m[HTTP]&amp#27;[0m &amp#27;[37m<-- POST /session/28adf0bf-7ee8-437a-b2e7-798510efe6fe/element/DC060000-0000-0000-0103-000000000000/click &amp#27;[39m&amp#27;[32m200&amp#27;[39m &amp#27;[90m940 ms - 65&amp#27;[39m
&amp#27;[38;5;0m[HTTP]&amp#27;[0m &amp#27;[90m&amp#27;[39m
Welcome back to Homepage
]]></system-out>
  </testcase>
  <testcase name="testForgetDevice" classname="testCases.WaveSeriesOtherRollerTCs" time="29.761">
    <system-out><![CDATA[&amp#27;[38;5;0m[HTTP]&amp#27;[0m &amp#27;[37m-->&amp#27;[39m &amp#27;[37mGET&amp#27;[39m &amp#27;[37m/session/28adf0bf-7ee8-437a-b2e7-798510efe6fe/context&amp#27;[39m
&amp#27;[38;5;0m[HTTP]&amp#27;[0m &amp#27;[90m{}&amp#27;[39m
&amp#27;[38;5;32m[XCUITestDriver@e07a (28adf0bf)]&amp#27;[0m Calling AppiumDriver.getCurrentContext() with args: ["28adf0bf-7ee8-437a-b2e7-798510efe6fe"]
&amp#27;[38;5;32m[XCUITestDriver@e07a (28adf0bf)]&amp#27;[0m Executing command 'getCurrentContext'
&amp#27;[38;5;32m[XCUITestDriver@e07a (28adf0bf)]&amp#27;[0m Responding to client with driver.getCurrentContext() result: "NATIVE_APP"
&amp#27;[38;5;0m[HTTP]&amp#27;[0m &amp#27;[37m<-- GET /session/28adf0bf-7ee8-437a-b2e7-798510efe6fe/context &amp#27;[39m&amp#27;[32m200&amp#27;[39m &amp#27;[90m1 ms - 22&amp#27;[39m
&amp#27;[38;5;0m[HTTP]&amp#27;[0m &amp#27;[90m&amp#27;[39m
&amp#27;[38;5;0m[HTTP]&amp#27;[0m &amp#27;[37m-->&amp#27;[39m &amp#27;[37mPOST&amp#27;[39m &amp#27;[37m/session/28adf0bf-7ee8-437a-b2e7-798510efe6fe/element&amp#27;[39m
&amp#27;[38;5;0m[HTTP]&amp#27;[0m &amp#27;[90m{"using":"xpath","value":"//XCUIElementTypeApplication[@name=\"Therabody\"]/XCUIElementTypeWindow[1]/XCUIElementTypeOther/XCUIElementTypeOther/XCUIElementTypeOther/XCUIElementTypeOther/XCUIElementTypeOther/XCUIElementTypeOther/XCUIElementTypeOther/XCUIElementTypeOther/XCUIElementTypeOther/XCUIElementTypeOther/XCUIElementTypeOther/XCUIElementTypeOther/XCUIElementTypeButton"}&amp#27;[39m
&amp#27;[38;5;32m[XCUITestDriver@e07a (28adf0bf)]&amp#27;[0m Calling AppiumDriver.findElement() with args: ["xpath","//XCUIElementTypeApplication[@name=\"Therabody\"]/XCUIElementTypeWindow[1]/XCUIElementTypeOther/XCUIElementTypeOther/XCUIElementTypeOther/XCUIElementTypeOther/XCUIElementTypeOther/XCUIElementTypeOther/XCUIElementTypeOther/XCUIElementTypeOther/XCUIElementTypeOther/XCUIElementTypeOther/XCUIElementTypeOther/XCUIElementTypeOther/XCUIElementTypeButton","28adf0bf-7ee8-437a-b2e7-798510efe6fe"]
&amp#27;[38;5;32m[XCUITestDriver@e07a (28adf0bf)]&amp#27;[0m Executing command 'findElement'
&amp#27;[38;5;32m[XCUITestDriver@e07a (28adf0bf)]&amp#27;[0m Valid locator strategies for this request: xpath, id, name, class name, -ios predicate string, -ios class chain, accessibility id, css selector
&amp#27;[38;5;32m[XCUITestDriver@e07a (28adf0bf)]&amp#27;[0m Waiting up to 0 ms for condition
&amp#27;[38;5;32m[XCUITestDriver@e07a (28adf0bf)]&amp#27;[0m Matched '/element' to command name 'findElement'
&amp#27;[38;5;32m[XCUITestDriver@e07a (28adf0bf)]&amp#27;[0m Proxying [POST /element] to [POST http://127.0.0.1:8100/session/E78FC83E-19E7-4136-B719-97A048452808/element] with body: {"using":"xpath","value":"//XCUIElementTypeApplication[@name=\"Therabody\"]/XCUIElementTypeWindow[1]/XCUIElementTypeOther/XCUIElementTypeOther/XCUIElementTypeOther/XCUIElementTypeOther/XCUIElementTypeOther/XCUIElementTypeOther/XCUIElementTypeOther/XCUIElementTypeOther/XCUIElementTypeOther/XCUIElementTypeOther/XCUIElementTypeOther/XCUIElementTypeOther/XCUIElementTypeButton"}
&amp#27;[38;5;32m[XCUITestDriver@e07a (28adf0bf)]&amp#27;[0m Got response with status 200: {"value":{"ELEMENT":"6E060000-0000-0000-0103-000000000000","element-6066-11e4-a52e-4f735466cecf":"6E060000-0000-0000-0103-000000000000"},"sessionId":"E78FC83E-19E7-4136-B719-97A048452808"}
&amp#27;[38;5;32m[XCUITestDriver@e07a (28adf0bf)]&amp#27;[0m Responding to client with driver.findElement() result: {"element-6066-11e4-a52e-4f735466cecf":"6E060000-0000-0000-0103-000000000000","ELEMENT":"6E060000-0000-0000-0103-000000000000"}
&amp#27;[38;5;0m[HTTP]&amp#27;[0m &amp#27;[37m<-- POST /session/28adf0bf-7ee8-437a-b2e7-798510efe6fe/element &amp#27;[39m&amp#27;[32m200&amp#27;[39m &amp#27;[90m1008 ms - 137&amp#27;[39m
&amp#27;[38;5;0m[HTTP]&amp#27;[0m &amp#27;[90m&amp#27;[39m
&amp#27;[38;5;0m[HTTP]&amp#27;[0m &amp#27;[37m-->&amp#27;[39m &amp#27;[37mGET&amp#27;[39m &amp#27;[37m/session/28adf0bf-7ee8-437a-b2e7-798510efe6fe/element/6E060000-0000-0000-0103-000000000000/displayed&amp#27;[39m
&amp#27;[38;5;0m[HTTP]&amp#27;[0m &amp#27;[90m{}&amp#27;[39m
&amp#27;[38;5;32m[XCUITestDriver@e07a (28adf0bf)]&amp#27;[0m Driver proxy active, passing request on via HTTP proxy
&amp#27;[38;5;32m[XCUITestDriver@e07a (28adf0bf)]&amp#27;[0m Executing command 'proxyReqRes'
&amp#27;[38;5;32m[XCUITestDriver@e07a (28adf0bf)]&amp#27;[0m Matched '/session/28adf0bf-7ee8-437a-b2e7-798510efe6fe/element/6E060000-0000-0000-0103-000000000000/displayed' to command name 'elementDisplayed'
&amp#27;[38;5;32m[XCUITestDriver@e07a (28adf0bf)]&amp#27;[0m Proxying [GET /session/28adf0bf-7ee8-437a-b2e7-798510efe6fe/element/6E060000-0000-0000-0103-000000000000/displayed] to [GET http://127.0.0.1:8100/session/E78FC83E-19E7-4136-B719-97A048452808/element/6E060000-0000-0000-0103-000000000000/displayed] with no body
&amp#27;[38;5;32m[XCUITestDriver@e07a (28adf0bf)]&amp#27;[0m Got response with status 200: {"value":true,"sessionId":"E78FC83E-19E7-4136-B719-97A048452808"}
&amp#27;[38;5;32m[XCUITestDriver@e07a (28adf0bf)]&amp#27;[0m Replacing sessionId E78FC83E-19E7-4136-B719-97A048452808 with 28adf0bf-7ee8-437a-b2e7-798510efe6fe
&amp#27;[38;5;0m[HTTP]&amp#27;[0m &amp#27;[37m<-- GET /session/28adf0bf-7ee8-437a-b2e7-798510efe6fe/element/6E060000-0000-0000-0103-000000000000/displayed &amp#27;[39m&amp#27;[32m200&amp#27;[39m &amp#27;[90m105 ms - 65&amp#27;[39m
&amp#27;[38;5;0m[HTTP]&amp#27;[0m &amp#27;[90m&amp#27;[39m
&amp#27;[38;5;0m[HTTP]&amp#27;[0m &amp#27;[37m-->&amp#27;[39m &amp#27;[37mGET&amp#27;[39m &amp#27;[37m/session/28adf0bf-7ee8-437a-b2e7-798510efe6fe/context&amp#27;[39m
&amp#27;[38;5;0m[HTTP]&amp#27;[0m &amp#27;[90m{}&amp#27;[39m
&amp#27;[38;5;32m[XCUITestDriver@e07a (28adf0bf)]&amp#27;[0m Calling AppiumDriver.getCurrentContext() with args: ["28adf0bf-7ee8-437a-b2e7-798510efe6fe"]
&amp#27;[38;5;32m[XCUITestDriver@e07a (28adf0bf)]&amp#27;[0m Executing command 'getCurrentContext'
&amp#27;[38;5;32m[XCUITestDriver@e07a (28adf0bf)]&amp#27;[0m Responding to client with driver.getCurrentContext() result: "NATIVE_APP"
&amp#27;[38;5;0m[HTTP]&amp#27;[0m &amp#27;[37m<-- GET /session/28adf0bf-7ee8-437a-b2e7-798510efe6fe/context &amp#27;[39m&amp#27;[32m200&amp#27;[39m &amp#27;[90m1 ms - 22&amp#27;[39m
&amp#27;[38;5;0m[HTTP]&amp#27;[0m &amp#27;[90m&amp#27;[39m
&amp#27;[38;5;0m[HTTP]&amp#27;[0m &amp#27;[37m-->&amp#27;[39m &amp#27;[37mPOST&amp#27;[39m &amp#27;[37m/session/28adf0bf-7ee8-437a-b2e7-798510efe6fe/element&amp#27;[39m
&amp#27;[38;5;0m[HTTP]&amp#27;[0m &amp#27;[90m{"using":"xpath","value":"//XCUIElementTypeApplication[@name=\"Therabody\"]/XCUIElementTypeWindow[1]/XCUIElementTypeOther/XCUIElementTypeOther/XCUIElementTypeOther/XCUIElementTypeOther/XCUIElementTypeOther/XCUIElementTypeOther/XCUIElementTypeOther/XCUIElementTypeOther/XCUIElementTypeOther/XCUIElementTypeOther/XCUIElementTypeOther/XCUIElementTypeOther/XCUIElementTypeButton"}&amp#27;[39m
&amp#27;[38;5;32m[XCUITestDriver@e07a (28adf0bf)]&amp#27;[0m Calling AppiumDriver.findElement() with args: ["xpath","//XCUIElementTypeApplication[@name=\"Therabody\"]/XCUIElementTypeWindow[1]/XCUIElementTypeOther/XCUIElementTypeOther/XCUIElementTypeOther/XCUIElementTypeOther/XCUIElementTypeOther/XCUIElementTypeOther/XCUIElementTypeOther/XCUIElementTypeOther/XCUIElementTypeOther/XCUIElementTypeOther/XCUIElementTypeOther/XCUIElementTypeOther/XCUIElementTypeButton","28adf0bf-7ee8-437a-b2e7-798510efe6fe"]
&amp#27;[38;5;32m[XCUITestDriver@e07a (28adf0bf)]&amp#27;[0m Executing command 'findElement'
&amp#27;[38;5;32m[XCUITestDriver@e07a (28adf0bf)]&amp#27;[0m Valid locator strategies for this request: xpath, id, name, class name, -ios predicate string, -ios class chain, accessibility id, css selector
&amp#27;[38;5;32m[XCUITestDriver@e07a (28adf0bf)]&amp#27;[0m Waiting up to 0 ms for condition
&amp#27;[38;5;32m[XCUITestDriver@e07a (28adf0bf)]&amp#27;[0m Matched '/element' to command name 'findElement'
&amp#27;[38;5;32m[XCUITestDriver@e07a (28adf0bf)]&amp#27;[0m Proxying [POST /element] to [POST http://127.0.0.1:8100/session/E78FC83E-19E7-4136-B719-97A048452808/element] with body: {"using":"xpath","value":"//XCUIElementTypeApplication[@name=\"Therabody\"]/XCUIElementTypeWindow[1]/XCUIElementTypeOther/XCUIElementTypeOther/XCUIElementTypeOther/XCUIElementTypeOther/XCUIElementTypeOther/XCUIElementTypeOther/XCUIElementTypeOther/XCUIElementTypeOther/XCUIElementTypeOther/XCUIElementTypeOther/XCUIElementTypeOther/XCUIElementTypeOther/XCUIElementTypeButton"}
&amp#27;[38;5;32m[XCUITestDriver@e07a (28adf0bf)]&amp#27;[0m Got response with status 200: {"value":{"ELEMENT":"6E060000-0000-0000-0103-000000000000","element-6066-11e4-a52e-4f735466cecf":"6E060000-0000-0000-0103-000000000000"},"sessionId":"E78FC83E-19E7-4136-B719-97A048452808"}
&amp#27;[38;5;32m[XCUITestDriver@e07a (28adf0bf)]&amp#27;[0m Responding to client with driver.findElement() result: {"element-6066-11e4-a52e-4f735466cecf":"6E060000-0000-0000-0103-000000000000","ELEMENT":"6E060000-0000-0000-0103-000000000000"}
&amp#27;[38;5;0m[HTTP]&amp#27;[0m &amp#27;[37m<-- POST /session/28adf0bf-7ee8-437a-b2e7-798510efe6fe/element &amp#27;[39m&amp#27;[32m200&amp#27;[39m &amp#27;[90m1542 ms - 137&amp#27;[39m
&amp#27;[38;5;0m[HTTP]&amp#27;[0m &amp#27;[90m&amp#27;[39m
&amp#27;[38;5;0m[HTTP]&amp#27;[0m &amp#27;[37m-->&amp#27;[39m &amp#27;[37mGET&amp#27;[39m &amp#27;[37m/session/28adf0bf-7ee8-437a-b2e7-798510efe6fe/element/6E060000-0000-0000-0103-000000000000/enabled&amp#27;[39m
&amp#27;[38;5;0m[HTTP]&amp#27;[0m &amp#27;[90m{}&amp#27;[39m
&amp#27;[38;5;32m[XCUITestDriver@e07a (28adf0bf)]&amp#27;[0m Driver proxy active, passing request on via HTTP proxy
&amp#27;[38;5;32m[XCUITestDriver@e07a (28adf0bf)]&amp#27;[0m Executing command 'proxyReqRes'
&amp#27;[38;5;32m[XCUITestDriver@e07a (28adf0bf)]&amp#27;[0m Matched '/session/28adf0bf-7ee8-437a-b2e7-798510efe6fe/element/6E060000-0000-0000-0103-000000000000/enabled' to command name 'elementEnabled'
&amp#27;[38;5;32m[XCUITestDriver@e07a (28adf0bf)]&amp#27;[0m Proxying [GET /session/28adf0bf-7ee8-437a-b2e7-798510efe6fe/element/6E060000-0000-0000-0103-000000000000/enabled] to [GET http://127.0.0.1:8100/session/E78FC83E-19E7-4136-B719-97A048452808/element/6E060000-0000-0000-0103-000000000000/enabled] with no body
&amp#27;[38;5;32m[XCUITestDriver@e07a (28adf0bf)]&amp#27;[0m Got response with status 200: {"value":true,"sessionId":"E78FC83E-19E7-4136-B719-97A048452808"}
&amp#27;[38;5;32m[XCUITestDriver@e07a (28adf0bf)]&amp#27;[0m Replacing sessionId E78FC83E-19E7-4136-B719-97A048452808 with 28adf0bf-7ee8-437a-b2e7-798510efe6fe
&amp#27;[38;5;0m[HTTP]&amp#27;[0m &amp#27;[37m<-- GET /session/28adf0bf-7ee8-437a-b2e7-798510efe6fe/element/6E060000-0000-0000-0103-000000000000/enabled &amp#27;[39m&amp#27;[32m200&amp#27;[39m &amp#27;[90m95 ms - 65&amp#27;[39m
&amp#27;[38;5;0m[HTTP]&amp#27;[0m &amp#27;[90m&amp#27;[39m
&amp#27;[38;5;0m[HTTP]&amp#27;[0m &amp#27;[37m-->&amp#27;[39m &amp#27;[37mGET&amp#27;[39m &amp#27;[37m/session/28adf0bf-7ee8-437a-b2e7-798510efe6fe/context&amp#27;[39m
&amp#27;[38;5;0m[HTTP]&amp#27;[0m &amp#27;[90m{}&amp#27;[39m
&amp#27;[38;5;32m[XCUITestDriver@e07a (28adf0bf)]&amp#27;[0m Calling AppiumDriver.getCurrentContext() with args: ["28adf0bf-7ee8-437a-b2e7-798510efe6fe"]
&amp#27;[38;5;32m[XCUITestDriver@e07a (28adf0bf)]&amp#27;[0m Executing command 'getCurrentContext'
&amp#27;[38;5;32m[XCUITestDriver@e07a (28adf0bf)]&amp#27;[0m Responding to client with driver.getCurrentContext() result: "NATIVE_APP"
&amp#27;[38;5;0m[HTTP]&amp#27;[0m &amp#27;[37m<-- GET /session/28adf0bf-7ee8-437a-b2e7-798510efe6fe/context &amp#27;[39m&amp#27;[32m200&amp#27;[39m &amp#27;[90m1 ms - 22&amp#27;[39m
&amp#27;[38;5;0m[HTTP]&amp#27;[0m &amp#27;[90m&amp#27;[39m
&amp#27;[38;5;0m[HTTP]&amp#27;[0m &amp#27;[37m-->&amp#27;[39m &amp#27;[37mPOST&amp#27;[39m &amp#27;[37m/session/28adf0bf-7ee8-437a-b2e7-798510efe6fe/element&amp#27;[39m
&amp#27;[38;5;0m[HTTP]&amp#27;[0m &amp#27;[90m{"using":"xpath","value":"//XCUIElementTypeApplication[@name=\"Therabody\"]/XCUIElementTypeWindow[1]/XCUIElementTypeOther/XCUIElementTypeOther/XCUIElementTypeOther/XCUIElementTypeOther/XCUIElementTypeOther/XCUIElementTypeOther/XCUIElementTypeOther/XCUIElementTypeOther/XCUIElementTypeOther/XCUIElementTypeOther/XCUIElementTypeOther/XCUIElementTypeOther/XCUIElementTypeButton"}&amp#27;[39m
&amp#27;[38;5;32m[XCUITestDriver@e07a (28adf0bf)]&amp#27;[0m Calling AppiumDriver.findElement() with args: ["xpath","//XCUIElementTypeApplication[@name=\"Therabody\"]/XCUIElementTypeWindow[1]/XCUIElementTypeOther/XCUIElementTypeOther/XCUIElementTypeOther/XCUIElementTypeOther/XCUIElementTypeOther/XCUIElementTypeOther/XCUIElementTypeOther/XCUIElementTypeOther/XCUIElementTypeOther/XCUIElementTypeOther/XCUIElementTypeOther/XCUIElementTypeOther/XCUIElementTypeButton","28adf0bf-7ee8-437a-b2e7-798510efe6fe"]
&amp#27;[38;5;32m[XCUITestDriver@e07a (28adf0bf)]&amp#27;[0m Executing command 'findElement'
&amp#27;[38;5;32m[XCUITestDriver@e07a (28adf0bf)]&amp#27;[0m Valid locator strategies for this request: xpath, id, name, class name, -ios predicate string, -ios class chain, accessibility id, css selector
&amp#27;[38;5;32m[XCUITestDriver@e07a (28adf0bf)]&amp#27;[0m Waiting up to 0 ms for condition
&amp#27;[38;5;32m[XCUITestDriver@e07a (28adf0bf)]&amp#27;[0m Matched '/element' to command name 'findElement'
&amp#27;[38;5;32m[XCUITestDriver@e07a (28adf0bf)]&amp#27;[0m Proxying [POST /element] to [POST http://127.0.0.1:8100/session/E78FC83E-19E7-4136-B719-97A048452808/element] with body: {"using":"xpath","value":"//XCUIElementTypeApplication[@name=\"Therabody\"]/XCUIElementTypeWindow[1]/XCUIElementTypeOther/XCUIElementTypeOther/XCUIElementTypeOther/XCUIElementTypeOther/XCUIElementTypeOther/XCUIElementTypeOther/XCUIElementTypeOther/XCUIElementTypeOther/XCUIElementTypeOther/XCUIElementTypeOther/XCUIElementTypeOther/XCUIElementTypeOther/XCUIElementTypeButton"}
&amp#27;[38;5;32m[XCUITestDriver@e07a (28adf0bf)]&amp#27;[0m Got response with status 200: {"value":{"ELEMENT":"6E060000-0000-0000-0103-000000000000","element-6066-11e4-a52e-4f735466cecf":"6E060000-0000-0000-0103-000000000000"},"sessionId":"E78FC83E-19E7-4136-B719-97A048452808"}
&amp#27;[38;5;32m[XCUITestDriver@e07a (28adf0bf)]&amp#27;[0m Responding to client with driver.findElement() result: {"element-6066-11e4-a52e-4f735466cecf":"6E060000-0000-0000-0103-000000000000","ELEMENT":"6E060000-0000-0000-0103-000000000000"}
&amp#27;[38;5;0m[HTTP]&amp#27;[0m &amp#27;[37m<-- POST /session/28adf0bf-7ee8-437a-b2e7-798510efe6fe/element &amp#27;[39m&amp#27;[32m200&amp#27;[39m &amp#27;[90m797 ms - 137&amp#27;[39m
&amp#27;[38;5;0m[HTTP]&amp#27;[0m &amp#27;[90m&amp#27;[39m
&amp#27;[38;5;0m[HTTP]&amp#27;[0m &amp#27;[37m-->&amp#27;[39m &amp#27;[37mPOST&amp#27;[39m &amp#27;[37m/session/28adf0bf-7ee8-437a-b2e7-798510efe6fe/element/6E060000-0000-0000-0103-000000000000/click&amp#27;[39m
&amp#27;[38;5;0m[HTTP]&amp#27;[0m &amp#27;[90m{"id":"6E060000-0000-0000-0103-000000000000"}&amp#27;[39m
&amp#27;[38;5;32m[XCUITestDriver@e07a (28adf0bf)]&amp#27;[0m Driver proxy active, passing request on via HTTP proxy
&amp#27;[38;5;32m[XCUITestDriver@e07a (28adf0bf)]&amp#27;[0m Executing command 'proxyReqRes'
&amp#27;[38;5;32m[XCUITestDriver@e07a (28adf0bf)]&amp#27;[0m Matched '/session/28adf0bf-7ee8-437a-b2e7-798510efe6fe/element/6E060000-0000-0000-0103-000000000000/click' to command name 'click'
&amp#27;[38;5;32m[XCUITestDriver@e07a (28adf0bf)]&amp#27;[0m Proxying [POST /session/28adf0bf-7ee8-437a-b2e7-798510efe6fe/element/6E060000-0000-0000-0103-000000000000/click] to [POST http://127.0.0.1:8100/session/E78FC83E-19E7-4136-B719-97A048452808/element/6E060000-0000-0000-0103-000000000000/click] with body: {"id":"6E060000-0000-0000-0103-000000000000"}
&amp#27;[38;5;32m[XCUITestDriver@e07a (28adf0bf)]&amp#27;[0m Got response with status 200: {"value":null,"sessionId":"E78FC83E-19E7-4136-B719-97A048452808"}
&amp#27;[38;5;32m[XCUITestDriver@e07a (28adf0bf)]&amp#27;[0m Replacing sessionId E78FC83E-19E7-4136-B719-97A048452808 with 28adf0bf-7ee8-437a-b2e7-798510efe6fe
&amp#27;[38;5;0m[HTTP]&amp#27;[0m &amp#27;[37m<-- POST /session/28adf0bf-7ee8-437a-b2e7-798510efe6fe/element/6E060000-0000-0000-0103-000000000000/click &amp#27;[39m&amp#27;[32m200&amp#27;[39m &amp#27;[90m688 ms - 65&amp#27;[39m
&amp#27;[38;5;0m[HTTP]&amp#27;[0m &amp#27;[90m&amp#27;[39m
&amp#27;[38;5;0m[HTTP]&amp#27;[0m &amp#27;[37m-->&amp#27;[39m &amp#27;[37mGET&amp#27;[39m &amp#27;[37m/session/28adf0bf-7ee8-437a-b2e7-798510efe6fe/context&amp#27;[39m
&amp#27;[38;5;0m[HTTP]&amp#27;[0m &amp#27;[90m{}&amp#27;[39m
&amp#27;[38;5;32m[XCUITestDriver@e07a (28adf0bf)]&amp#27;[0m Calling AppiumDriver.getCurrentContext() with args: ["28adf0bf-7ee8-437a-b2e7-798510efe6fe"]
&amp#27;[38;5;32m[XCUITestDriver@e07a (28adf0bf)]&amp#27;[0m Executing command 'getCurrentContext'
&amp#27;[38;5;32m[XCUITestDriver@e07a (28adf0bf)]&amp#27;[0m Responding to client with driver.getCurrentContext() result: "NATIVE_APP"
&amp#27;[38;5;0m[HTTP]&amp#27;[0m &amp#27;[37m<-- GET /session/28adf0bf-7ee8-437a-b2e7-798510efe6fe/context &amp#27;[39m&amp#27;[32m200&amp#27;[39m &amp#27;[90m1 ms - 22&amp#27;[39m
&amp#27;[38;5;0m[HTTP]&amp#27;[0m &amp#27;[90m&amp#27;[39m
&amp#27;[38;5;0m[HTTP]&amp#27;[0m &amp#27;[37m-->&amp#27;[39m &amp#27;[37mPOST&amp#27;[39m &amp#27;[37m/session/28adf0bf-7ee8-437a-b2e7-798510efe6fe/element&amp#27;[39m
&amp#27;[38;5;0m[HTTP]&amp#27;[0m &amp#27;[90m{"using":"xpath","value":"//XCUIElementTypeButton[@name=\" \"]"}&amp#27;[39m
&amp#27;[38;5;32m[XCUITestDriver@e07a (28adf0bf)]&amp#27;[0m Calling AppiumDriver.findElement() with args: ["xpath","//XCUIElementTypeButton[@name=\" \"]","28adf0bf-7ee8-437a-b2e7-798510efe6fe"]
&amp#27;[38;5;32m[XCUITestDriver@e07a (28adf0bf)]&amp#27;[0m Executing command 'findElement'
&amp#27;[38;5;32m[XCUITestDriver@e07a (28adf0bf)]&amp#27;[0m Valid locator strategies for this request: xpath, id, name, class name, -ios predicate string, -ios class chain, accessibility id, css selector
&amp#27;[38;5;32m[XCUITestDriver@e07a (28adf0bf)]&amp#27;[0m Waiting up to 0 ms for condition
&amp#27;[38;5;32m[XCUITestDriver@e07a (28adf0bf)]&amp#27;[0m Matched '/element' to command name 'findElement'
&amp#27;[38;5;32m[XCUITestDriver@e07a (28adf0bf)]&amp#27;[0m Proxying [POST /element] to [POST http://127.0.0.1:8100/session/E78FC83E-19E7-4136-B719-97A048452808/element] with body: {"using":"xpath","value":"//XCUIElementTypeButton[@name=\" \"]"}
&amp#27;[38;5;32m[XCUITestDriver@e07a (28adf0bf)]&amp#27;[0m Got response with status 200: {"value":{"ELEMENT":"31080000-0000-0000-0103-000000000000","element-6066-11e4-a52e-4f735466cecf":"31080000-0000-0000-0103-000000000000"},"sessionId":"E78FC83E-19E7-4136-B719-97A048452808"}
&amp#27;[38;5;32m[XCUITestDriver@e07a (28adf0bf)]&amp#27;[0m Responding to client with driver.findElement() result: {"element-6066-11e4-a52e-4f735466cecf":"31080000-0000-0000-0103-000000000000","ELEMENT":"31080000-0000-0000-0103-000000000000"}
&amp#27;[38;5;0m[HTTP]&amp#27;[0m &amp#27;[37m<-- POST /session/28adf0bf-7ee8-437a-b2e7-798510efe6fe/element &amp#27;[39m&amp#27;[32m200&amp#27;[39m &amp#27;[90m981 ms - 137&amp#27;[39m
&amp#27;[38;5;0m[HTTP]&amp#27;[0m &amp#27;[90m&amp#27;[39m
&amp#27;[38;5;0m[HTTP]&amp#27;[0m &amp#27;[37m-->&amp#27;[39m &amp#27;[37mGET&amp#27;[39m &amp#27;[37m/session/28adf0bf-7ee8-437a-b2e7-798510efe6fe/element/31080000-0000-0000-0103-000000000000/displayed&amp#27;[39m
&amp#27;[38;5;0m[HTTP]&amp#27;[0m &amp#27;[90m{}&amp#27;[39m
&amp#27;[38;5;32m[XCUITestDriver@e07a (28adf0bf)]&amp#27;[0m Driver proxy active, passing request on via HTTP proxy
&amp#27;[38;5;32m[XCUITestDriver@e07a (28adf0bf)]&amp#27;[0m Executing command 'proxyReqRes'
&amp#27;[38;5;32m[XCUITestDriver@e07a (28adf0bf)]&amp#27;[0m Matched '/session/28adf0bf-7ee8-437a-b2e7-798510efe6fe/element/31080000-0000-0000-0103-000000000000/displayed' to command name 'elementDisplayed'
&amp#27;[38;5;32m[XCUITestDriver@e07a (28adf0bf)]&amp#27;[0m Proxying [GET /session/28adf0bf-7ee8-437a-b2e7-798510efe6fe/element/31080000-0000-0000-0103-000000000000/displayed] to [GET http://127.0.0.1:8100/session/E78FC83E-19E7-4136-B719-97A048452808/element/31080000-0000-0000-0103-000000000000/displayed] with no body
&amp#27;[38;5;32m[XCUITestDriver@e07a (28adf0bf)]&amp#27;[0m Got response with status 200: {"value":true,"sessionId":"E78FC83E-19E7-4136-B719-97A048452808"}
&amp#27;[38;5;32m[XCUITestDriver@e07a (28adf0bf)]&amp#27;[0m Replacing sessionId E78FC83E-19E7-4136-B719-97A048452808 with 28adf0bf-7ee8-437a-b2e7-798510efe6fe
&amp#27;[38;5;0m[HTTP]&amp#27;[0m &amp#27;[37m<-- GET /session/28adf0bf-7ee8-437a-b2e7-798510efe6fe/element/31080000-0000-0000-0103-000000000000/displayed &amp#27;[39m&amp#27;[32m200&amp#27;[39m &amp#27;[90m99 ms - 65&amp#27;[39m
&amp#27;[38;5;0m[HTTP]&amp#27;[0m &amp#27;[90m&amp#27;[39m
&amp#27;[38;5;0m[HTTP]&amp#27;[0m &amp#27;[37m-->&amp#27;[39m &amp#27;[37mGET&amp#27;[39m &amp#27;[37m/session/28adf0bf-7ee8-437a-b2e7-798510efe6fe/context&amp#27;[39m
&amp#27;[38;5;0m[HTTP]&amp#27;[0m &amp#27;[90m{}&amp#27;[39m
&amp#27;[38;5;32m[XCUITestDriver@e07a (28adf0bf)]&amp#27;[0m Calling AppiumDriver.getCurrentContext() with args: ["28adf0bf-7ee8-437a-b2e7-798510efe6fe"]
&amp#27;[38;5;32m[XCUITestDriver@e07a (28adf0bf)]&amp#27;[0m Executing command 'getCurrentContext'
&amp#27;[38;5;32m[XCUITestDriver@e07a (28adf0bf)]&amp#27;[0m Responding to client with driver.getCurrentContext() result: "NATIVE_APP"
&amp#27;[38;5;0m[HTTP]&amp#27;[0m &amp#27;[37m<-- GET /session/28adf0bf-7ee8-437a-b2e7-798510efe6fe/context &amp#27;[39m&amp#27;[32m200&amp#27;[39m &amp#27;[90m1 ms - 22&amp#27;[39m
&amp#27;[38;5;0m[HTTP]&amp#27;[0m &amp#27;[90m&amp#27;[39m
&amp#27;[38;5;0m[HTTP]&amp#27;[0m &amp#27;[37m-->&amp#27;[39m &amp#27;[37mPOST&amp#27;[39m &amp#27;[37m/session/28adf0bf-7ee8-437a-b2e7-798510efe6fe/element&amp#27;[39m
&amp#27;[38;5;0m[HTTP]&amp#27;[0m &amp#27;[90m{"using":"xpath","value":"//XCUIElementTypeButton[@name=\" \"]"}&amp#27;[39m
&amp#27;[38;5;32m[XCUITestDriver@e07a (28adf0bf)]&amp#27;[0m Calling AppiumDriver.findElement() with args: ["xpath","//XCUIElementTypeButton[@name=\" \"]","28adf0bf-7ee8-437a-b2e7-798510efe6fe"]
&amp#27;[38;5;32m[XCUITestDriver@e07a (28adf0bf)]&amp#27;[0m Executing command 'findElement'
&amp#27;[38;5;32m[XCUITestDriver@e07a (28adf0bf)]&amp#27;[0m Valid locator strategies for this request: xpath, id, name, class name, -ios predicate string, -ios class chain, accessibility id, css selector
&amp#27;[38;5;32m[XCUITestDriver@e07a (28adf0bf)]&amp#27;[0m Waiting up to 0 ms for condition
&amp#27;[38;5;32m[XCUITestDriver@e07a (28adf0bf)]&amp#27;[0m Matched '/element' to command name 'findElement'
&amp#27;[38;5;32m[XCUITestDriver@e07a (28adf0bf)]&amp#27;[0m Proxying [POST /element] to [POST http://127.0.0.1:8100/session/E78FC83E-19E7-4136-B719-97A048452808/element] with body: {"using":"xpath","value":"//XCUIElementTypeButton[@name=\" \"]"}
&amp#27;[38;5;32m[XCUITestDriver@e07a (28adf0bf)]&amp#27;[0m Got response with status 200: {"value":{"ELEMENT":"31080000-0000-0000-0103-000000000000","element-6066-11e4-a52e-4f735466cecf":"31080000-0000-0000-0103-000000000000"},"sessionId":"E78FC83E-19E7-4136-B719-97A048452808"}
&amp#27;[38;5;32m[XCUITestDriver@e07a (28adf0bf)]&amp#27;[0m Responding to client with driver.findElement() result: {"element-6066-11e4-a52e-4f735466cecf":"31080000-0000-0000-0103-000000000000","ELEMENT":"31080000-0000-0000-0103-000000000000"}
&amp#27;[38;5;0m[HTTP]&amp#27;[0m &amp#27;[37m<-- POST /session/28adf0bf-7ee8-437a-b2e7-798510efe6fe/element &amp#27;[39m&amp#27;[32m200&amp#27;[39m &amp#27;[90m963 ms - 137&amp#27;[39m
&amp#27;[38;5;0m[HTTP]&amp#27;[0m &amp#27;[90m&amp#27;[39m
&amp#27;[38;5;0m[HTTP]&amp#27;[0m &amp#27;[37m-->&amp#27;[39m &amp#27;[37mGET&amp#27;[39m &amp#27;[37m/session/28adf0bf-7ee8-437a-b2e7-798510efe6fe/element/31080000-0000-0000-0103-000000000000/enabled&amp#27;[39m
&amp#27;[38;5;0m[HTTP]&amp#27;[0m &amp#27;[90m{}&amp#27;[39m
&amp#27;[38;5;32m[XCUITestDriver@e07a (28adf0bf)]&amp#27;[0m Driver proxy active, passing request on via HTTP proxy
&amp#27;[38;5;32m[XCUITestDriver@e07a (28adf0bf)]&amp#27;[0m Executing command 'proxyReqRes'
&amp#27;[38;5;32m[XCUITestDriver@e07a (28adf0bf)]&amp#27;[0m Matched '/session/28adf0bf-7ee8-437a-b2e7-798510efe6fe/element/31080000-0000-0000-0103-000000000000/enabled' to command name 'elementEnabled'
&amp#27;[38;5;32m[XCUITestDriver@e07a (28adf0bf)]&amp#27;[0m Proxying [GET /session/28adf0bf-7ee8-437a-b2e7-798510efe6fe/element/31080000-0000-0000-0103-000000000000/enabled] to [GET http://127.0.0.1:8100/session/E78FC83E-19E7-4136-B719-97A048452808/element/31080000-0000-0000-0103-000000000000/enabled] with no body
&amp#27;[38;5;32m[XCUITestDriver@e07a (28adf0bf)]&amp#27;[0m Got response with status 200: {"value":true,"sessionId":"E78FC83E-19E7-4136-B719-97A048452808"}
&amp#27;[38;5;32m[XCUITestDriver@e07a (28adf0bf)]&amp#27;[0m Replacing sessionId E78FC83E-19E7-4136-B719-97A048452808 with 28adf0bf-7ee8-437a-b2e7-798510efe6fe
&amp#27;[38;5;0m[HTTP]&amp#27;[0m &amp#27;[37m<-- GET /session/28adf0bf-7ee8-437a-b2e7-798510efe6fe/element/31080000-0000-0000-0103-000000000000/enabled &amp#27;[39m&amp#27;[32m200&amp#27;[39m &amp#27;[90m101 ms - 65&amp#27;[39m
&amp#27;[38;5;0m[HTTP]&amp#27;[0m &amp#27;[90m&amp#27;[39m
&amp#27;[38;5;0m[HTTP]&amp#27;[0m &amp#27;[37m-->&amp#27;[39m &amp#27;[37mGET&amp#27;[39m &amp#27;[37m/session/28adf0bf-7ee8-437a-b2e7-798510efe6fe/context&amp#27;[39m
&amp#27;[38;5;0m[HTTP]&amp#27;[0m &amp#27;[90m{}&amp#27;[39m
&amp#27;[38;5;32m[XCUITestDriver@e07a (28adf0bf)]&amp#27;[0m Calling AppiumDriver.getCurrentContext() with args: ["28adf0bf-7ee8-437a-b2e7-798510efe6fe"]
&amp#27;[38;5;32m[XCUITestDriver@e07a (28adf0bf)]&amp#27;[0m Executing command 'getCurrentContext'
&amp#27;[38;5;32m[XCUITestDriver@e07a (28adf0bf)]&amp#27;[0m Responding to client with driver.getCurrentContext() result: "NATIVE_APP"
&amp#27;[38;5;0m[HTTP]&amp#27;[0m &amp#27;[37m<-- GET /session/28adf0bf-7ee8-437a-b2e7-798510efe6fe/context &amp#27;[39m&amp#27;[32m200&amp#27;[39m &amp#27;[90m1 ms - 22&amp#27;[39m
&amp#27;[38;5;0m[HTTP]&amp#27;[0m &amp#27;[90m&amp#27;[39m
&amp#27;[38;5;0m[HTTP]&amp#27;[0m &amp#27;[37m-->&amp#27;[39m &amp#27;[37mPOST&amp#27;[39m &amp#27;[37m/session/28adf0bf-7ee8-437a-b2e7-798510efe6fe/element&amp#27;[39m
&amp#27;[38;5;0m[HTTP]&amp#27;[0m &amp#27;[90m{"using":"xpath","value":"//XCUIElementTypeButton[@name=\" \"]"}&amp#27;[39m
&amp#27;[38;5;32m[XCUITestDriver@e07a (28adf0bf)]&amp#27;[0m Calling AppiumDriver.findElement() with args: ["xpath","//XCUIElementTypeButton[@name=\" \"]","28adf0bf-7ee8-437a-b2e7-798510efe6fe"]
&amp#27;[38;5;32m[XCUITestDriver@e07a (28adf0bf)]&amp#27;[0m Executing command 'findElement'
&amp#27;[38;5;32m[XCUITestDriver@e07a (28adf0bf)]&amp#27;[0m Valid locator strategies for this request: xpath, id, name, class name, -ios predicate string, -ios class chain, accessibility id, css selector
&amp#27;[38;5;32m[XCUITestDriver@e07a (28adf0bf)]&amp#27;[0m Waiting up to 0 ms for condition
&amp#27;[38;5;32m[XCUITestDriver@e07a (28adf0bf)]&amp#27;[0m Matched '/element' to command name 'findElement'
&amp#27;[38;5;32m[XCUITestDriver@e07a (28adf0bf)]&amp#27;[0m Proxying [POST /element] to [POST http://127.0.0.1:8100/session/E78FC83E-19E7-4136-B719-97A048452808/element] with body: {"using":"xpath","value":"//XCUIElementTypeButton[@name=\" \"]"}
&amp#27;[38;5;32m[XCUITestDriver@e07a (28adf0bf)]&amp#27;[0m Got response with status 200: {"value":{"ELEMENT":"31080000-0000-0000-0103-000000000000","element-6066-11e4-a52e-4f735466cecf":"31080000-0000-0000-0103-000000000000"},"sessionId":"E78FC83E-19E7-4136-B719-97A048452808"}
&amp#27;[38;5;32m[XCUITestDriver@e07a (28adf0bf)]&amp#27;[0m Responding to client with driver.findElement() result: {"element-6066-11e4-a52e-4f735466cecf":"31080000-0000-0000-0103-000000000000","ELEMENT":"31080000-0000-0000-0103-000000000000"}
&amp#27;[38;5;0m[HTTP]&amp#27;[0m &amp#27;[37m<-- POST /session/28adf0bf-7ee8-437a-b2e7-798510efe6fe/element &amp#27;[39m&amp#27;[32m200&amp#27;[39m &amp#27;[90m1164 ms - 137&amp#27;[39m
&amp#27;[38;5;0m[HTTP]&amp#27;[0m &amp#27;[90m&amp#27;[39m
&amp#27;[38;5;0m[HTTP]&amp#27;[0m &amp#27;[37m-->&amp#27;[39m &amp#27;[37mPOST&amp#27;[39m &amp#27;[37m/session/28adf0bf-7ee8-437a-b2e7-798510efe6fe/element/31080000-0000-0000-0103-000000000000/click&amp#27;[39m
&amp#27;[38;5;0m[HTTP]&amp#27;[0m &amp#27;[90m{"id":"31080000-0000-0000-0103-000000000000"}&amp#27;[39m
&amp#27;[38;5;32m[XCUITestDriver@e07a (28adf0bf)]&amp#27;[0m Driver proxy active, passing request on via HTTP proxy
&amp#27;[38;5;32m[XCUITestDriver@e07a (28adf0bf)]&amp#27;[0m Executing command 'proxyReqRes'
&amp#27;[38;5;32m[XCUITestDriver@e07a (28adf0bf)]&amp#27;[0m Matched '/session/28adf0bf-7ee8-437a-b2e7-798510efe6fe/element/31080000-0000-0000-0103-000000000000/click' to command name 'click'
&amp#27;[38;5;32m[XCUITestDriver@e07a (28adf0bf)]&amp#27;[0m Proxying [POST /session/28adf0bf-7ee8-437a-b2e7-798510efe6fe/element/31080000-0000-0000-0103-000000000000/click] to [POST http://127.0.0.1:8100/session/E78FC83E-19E7-4136-B719-97A048452808/element/31080000-0000-0000-0103-000000000000/click] with body: {"id":"31080000-0000-0000-0103-000000000000"}
&amp#27;[38;5;32m[XCUITestDriver@e07a (28adf0bf)]&amp#27;[0m Got response with status 200: {"value":null,"sessionId":"E78FC83E-19E7-4136-B719-97A048452808"}
&amp#27;[38;5;32m[XCUITestDriver@e07a (28adf0bf)]&amp#27;[0m Replacing sessionId E78FC83E-19E7-4136-B719-97A048452808 with 28adf0bf-7ee8-437a-b2e7-798510efe6fe
&amp#27;[38;5;0m[HTTP]&amp#27;[0m &amp#27;[37m<-- POST /session/28adf0bf-7ee8-437a-b2e7-798510efe6fe/element/31080000-0000-0000-0103-000000000000/click &amp#27;[39m&amp#27;[32m200&amp#27;[39m &amp#27;[90m1031 ms - 65&amp#27;[39m
&amp#27;[38;5;0m[HTTP]&amp#27;[0m &amp#27;[90m&amp#27;[39m
&amp#27;[38;5;0m[HTTP]&amp#27;[0m &amp#27;[37m-->&amp#27;[39m &amp#27;[37mGET&amp#27;[39m &amp#27;[37m/session/28adf0bf-7ee8-437a-b2e7-798510efe6fe/context&amp#27;[39m
&amp#27;[38;5;0m[HTTP]&amp#27;[0m &amp#27;[90m{}&amp#27;[39m
&amp#27;[38;5;32m[XCUITestDriver@e07a (28adf0bf)]&amp#27;[0m Calling AppiumDriver.getCurrentContext() with args: ["28adf0bf-7ee8-437a-b2e7-798510efe6fe"]
&amp#27;[38;5;32m[XCUITestDriver@e07a (28adf0bf)]&amp#27;[0m Executing command 'getCurrentContext'
&amp#27;[38;5;32m[XCUITestDriver@e07a (28adf0bf)]&amp#27;[0m Responding to client with driver.getCurrentContext() result: "NATIVE_APP"
&amp#27;[38;5;0m[HTTP]&amp#27;[0m &amp#27;[37m<-- GET /session/28adf0bf-7ee8-437a-b2e7-798510efe6fe/context &amp#27;[39m&amp#27;[32m200&amp#27;[39m &amp#27;[90m1 ms - 22&amp#27;[39m
&amp#27;[38;5;0m[HTTP]&amp#27;[0m &amp#27;[90m&amp#27;[39m
&amp#27;[38;5;0m[HTTP]&amp#27;[0m &amp#27;[37m-->&amp#27;[39m &amp#27;[37mPOST&amp#27;[39m &amp#27;[37m/session/28adf0bf-7ee8-437a-b2e7-798510efe6fe/element&amp#27;[39m
&amp#27;[38;5;0m[HTTP]&amp#27;[0m &amp#27;[90m{"using":"xpath","value":"//XCUIElementTypeStaticText[@name=\"Forget Device\"]"}&amp#27;[39m
&amp#27;[38;5;32m[XCUITestDriver@e07a (28adf0bf)]&amp#27;[0m Calling AppiumDriver.findElement() with args: ["xpath","//XCUIElementTypeStaticText[@name=\"Forget Device\"]","28adf0bf-7ee8-437a-b2e7-798510efe6fe"]
&amp#27;[38;5;32m[XCUITestDriver@e07a (28adf0bf)]&amp#27;[0m Executing command 'findElement'
&amp#27;[38;5;32m[XCUITestDriver@e07a (28adf0bf)]&amp#27;[0m Valid locator strategies for this request: xpath, id, name, class name, -ios predicate string, -ios class chain, accessibility id, css selector
&amp#27;[38;5;32m[XCUITestDriver@e07a (28adf0bf)]&amp#27;[0m Waiting up to 0 ms for condition
&amp#27;[38;5;32m[XCUITestDriver@e07a (28adf0bf)]&amp#27;[0m Matched '/element' to command name 'findElement'
&amp#27;[38;5;32m[XCUITestDriver@e07a (28adf0bf)]&amp#27;[0m Proxying [POST /element] to [POST http://127.0.0.1:8100/session/E78FC83E-19E7-4136-B719-97A048452808/element] with body: {"using":"xpath","value":"//XCUIElementTypeStaticText[@name=\"Forget Device\"]"}
&amp#27;[38;5;32m[XCUITestDriver@e07a (28adf0bf)]&amp#27;[0m Got response with status 200: {"value":{"ELEMENT":"4C080000-0000-0000-0103-000000000000","element-6066-11e4-a52e-4f735466cecf":"4C080000-0000-0000-0103-000000000000"},"sessionId":"E78FC83E-19E7-4136-B719-97A048452808"}
&amp#27;[38;5;32m[XCUITestDriver@e07a (28adf0bf)]&amp#27;[0m Responding to client with driver.findElement() result: {"element-6066-11e4-a52e-4f735466cecf":"4C080000-0000-0000-0103-000000000000","ELEMENT":"4C080000-0000-0000-0103-000000000000"}
&amp#27;[38;5;0m[HTTP]&amp#27;[0m &amp#27;[37m<-- POST /session/28adf0bf-7ee8-437a-b2e7-798510efe6fe/element &amp#27;[39m&amp#27;[32m200&amp#27;[39m &amp#27;[90m987 ms - 137&amp#27;[39m
&amp#27;[38;5;0m[HTTP]&amp#27;[0m &amp#27;[90m&amp#27;[39m
&amp#27;[38;5;0m[HTTP]&amp#27;[0m &amp#27;[37m-->&amp#27;[39m &amp#27;[37mGET&amp#27;[39m &amp#27;[37m/session/28adf0bf-7ee8-437a-b2e7-798510efe6fe/element/4C080000-0000-0000-0103-000000000000/rect&amp#27;[39m
&amp#27;[38;5;0m[HTTP]&amp#27;[0m &amp#27;[90m{}&amp#27;[39m
&amp#27;[38;5;32m[XCUITestDriver@e07a (28adf0bf)]&amp#27;[0m Driver proxy active, passing request on via HTTP proxy
&amp#27;[38;5;32m[XCUITestDriver@e07a (28adf0bf)]&amp#27;[0m Executing command 'proxyReqRes'
&amp#27;[38;5;32m[XCUITestDriver@e07a (28adf0bf)]&amp#27;[0m Matched '/session/28adf0bf-7ee8-437a-b2e7-798510efe6fe/element/4C080000-0000-0000-0103-000000000000/rect' to command name 'getElementRect'
&amp#27;[38;5;32m[XCUITestDriver@e07a (28adf0bf)]&amp#27;[0m Proxying [GET /session/28adf0bf-7ee8-437a-b2e7-798510efe6fe/element/4C080000-0000-0000-0103-000000000000/rect] to [GET http://127.0.0.1:8100/session/E78FC83E-19E7-4136-B719-97A048452808/element/4C080000-0000-0000-0103-000000000000/rect] with no body
&amp#27;[38;5;32m[XCUITestDriver@e07a (28adf0bf)]&amp#27;[0m Got response with status 200: {"value":{"y":374,"x":75,"width":103,"height":20},"sessionId":"E78FC83E-19E7-4136-B719-97A048452808"}
&amp#27;[38;5;32m[XCUITestDriver@e07a (28adf0bf)]&amp#27;[0m Replacing sessionId E78FC83E-19E7-4136-B719-97A048452808 with 28adf0bf-7ee8-437a-b2e7-798510efe6fe
&amp#27;[38;5;0m[HTTP]&amp#27;[0m &amp#27;[37m<-- GET /session/28adf0bf-7ee8-437a-b2e7-798510efe6fe/element/4C080000-0000-0000-0103-000000000000/rect &amp#27;[39m&amp#27;[32m200&amp#27;[39m &amp#27;[90m137 ms - 101&amp#27;[39m
&amp#27;[38;5;0m[HTTP]&amp#27;[0m &amp#27;[90m&amp#27;[39m
&amp#27;[38;5;0m[HTTP]&amp#27;[0m &amp#27;[37m-->&amp#27;[39m &amp#27;[37mGET&amp#27;[39m &amp#27;[37m/session/28adf0bf-7ee8-437a-b2e7-798510efe6fe/context&amp#27;[39m
&amp#27;[38;5;0m[HTTP]&amp#27;[0m &amp#27;[90m{}&amp#27;[39m
&amp#27;[38;5;32m[XCUITestDriver@e07a (28adf0bf)]&amp#27;[0m Calling AppiumDriver.getCurrentContext() with args: ["28adf0bf-7ee8-437a-b2e7-798510efe6fe"]
&amp#27;[38;5;32m[XCUITestDriver@e07a (28adf0bf)]&amp#27;[0m Executing command 'getCurrentContext'
&amp#27;[38;5;32m[XCUITestDriver@e07a (28adf0bf)]&amp#27;[0m Responding to client with driver.getCurrentContext() result: "NATIVE_APP"
&amp#27;[38;5;0m[HTTP]&amp#27;[0m &amp#27;[37m<-- GET /session/28adf0bf-7ee8-437a-b2e7-798510efe6fe/context &amp#27;[39m&amp#27;[32m200&amp#27;[39m &amp#27;[90m1 ms - 22&amp#27;[39m
&amp#27;[38;5;0m[HTTP]&amp#27;[0m &amp#27;[90m&amp#27;[39m
&amp#27;[38;5;0m[HTTP]&amp#27;[0m &amp#27;[37m-->&amp#27;[39m &amp#27;[37mPOST&amp#27;[39m &amp#27;[37m/session/28adf0bf-7ee8-437a-b2e7-798510efe6fe/element&amp#27;[39m
&amp#27;[38;5;0m[HTTP]&amp#27;[0m &amp#27;[90m{"using":"xpath","value":"//XCUIElementTypeStaticText[@name=\"Forget Device\"]"}&amp#27;[39m
&amp#27;[38;5;32m[XCUITestDriver@e07a (28adf0bf)]&amp#27;[0m Calling AppiumDriver.findElement() with args: ["xpath","//XCUIElementTypeStaticText[@name=\"Forget Device\"]","28adf0bf-7ee8-437a-b2e7-798510efe6fe"]
&amp#27;[38;5;32m[XCUITestDriver@e07a (28adf0bf)]&amp#27;[0m Executing command 'findElement'
&amp#27;[38;5;32m[XCUITestDriver@e07a (28adf0bf)]&amp#27;[0m Valid locator strategies for this request: xpath, id, name, class name, -ios predicate string, -ios class chain, accessibility id, css selector
&amp#27;[38;5;32m[XCUITestDriver@e07a (28adf0bf)]&amp#27;[0m Waiting up to 0 ms for condition
&amp#27;[38;5;32m[XCUITestDriver@e07a (28adf0bf)]&amp#27;[0m Matched '/element' to command name 'findElement'
&amp#27;[38;5;32m[XCUITestDriver@e07a (28adf0bf)]&amp#27;[0m Proxying [POST /element] to [POST http://127.0.0.1:8100/session/E78FC83E-19E7-4136-B719-97A048452808/element] with body: {"using":"xpath","value":"//XCUIElementTypeStaticText[@name=\"Forget Device\"]"}
&amp#27;[38;5;32m[XCUITestDriver@e07a (28adf0bf)]&amp#27;[0m Got response with status 200: {"value":{"ELEMENT":"4C080000-0000-0000-0103-000000000000","element-6066-11e4-a52e-4f735466cecf":"4C080000-0000-0000-0103-000000000000"},"sessionId":"E78FC83E-19E7-4136-B719-97A048452808"}
&amp#27;[38;5;32m[XCUITestDriver@e07a (28adf0bf)]&amp#27;[0m Responding to client with driver.findElement() result: {"element-6066-11e4-a52e-4f735466cecf":"4C080000-0000-0000-0103-000000000000","ELEMENT":"4C080000-0000-0000-0103-000000000000"}
&amp#27;[38;5;0m[HTTP]&amp#27;[0m &amp#27;[37m<-- POST /session/28adf0bf-7ee8-437a-b2e7-798510efe6fe/element &amp#27;[39m&amp#27;[32m200&amp#27;[39m &amp#27;[90m1071 ms - 137&amp#27;[39m
&amp#27;[38;5;0m[HTTP]&amp#27;[0m &amp#27;[90m&amp#27;[39m
&amp#27;[38;5;0m[HTTP]&amp#27;[0m &amp#27;[37m-->&amp#27;[39m &amp#27;[37mGET&amp#27;[39m &amp#27;[37m/session/28adf0bf-7ee8-437a-b2e7-798510efe6fe/element/4C080000-0000-0000-0103-000000000000/rect&amp#27;[39m
&amp#27;[38;5;0m[HTTP]&amp#27;[0m &amp#27;[90m{}&amp#27;[39m
&amp#27;[38;5;32m[XCUITestDriver@e07a (28adf0bf)]&amp#27;[0m Driver proxy active, passing request on via HTTP proxy
&amp#27;[38;5;32m[XCUITestDriver@e07a (28adf0bf)]&amp#27;[0m Executing command 'proxyReqRes'
&amp#27;[38;5;32m[XCUITestDriver@e07a (28adf0bf)]&amp#27;[0m Matched '/session/28adf0bf-7ee8-437a-b2e7-798510efe6fe/element/4C080000-0000-0000-0103-000000000000/rect' to command name 'getElementRect'
&amp#27;[38;5;32m[XCUITestDriver@e07a (28adf0bf)]&amp#27;[0m Proxying [GET /session/28adf0bf-7ee8-437a-b2e7-798510efe6fe/element/4C080000-0000-0000-0103-000000000000/rect] to [GET http://127.0.0.1:8100/session/E78FC83E-19E7-4136-B719-97A048452808/element/4C080000-0000-0000-0103-000000000000/rect] with no body
&amp#27;[38;5;32m[XCUITestDriver@e07a (28adf0bf)]&amp#27;[0m Got response with status 200: {"value":{"y":374,"x":75,"width":103,"height":20},"sessionId":"E78FC83E-19E7-4136-B719-97A048452808"}
&amp#27;[38;5;32m[XCUITestDriver@e07a (28adf0bf)]&amp#27;[0m Replacing sessionId E78FC83E-19E7-4136-B719-97A048452808 with 28adf0bf-7ee8-437a-b2e7-798510efe6fe
&amp#27;[38;5;0m[HTTP]&amp#27;[0m &amp#27;[37m<-- GET /session/28adf0bf-7ee8-437a-b2e7-798510efe6fe/element/4C080000-0000-0000-0103-000000000000/rect &amp#27;[39m&amp#27;[32m200&amp#27;[39m &amp#27;[90m118 ms - 101&amp#27;[39m
&amp#27;[38;5;0m[HTTP]&amp#27;[0m &amp#27;[90m&amp#27;[39m
&amp#27;[38;5;0m[HTTP]&amp#27;[0m &amp#27;[37m-->&amp#27;[39m &amp#27;[37mGET&amp#27;[39m &amp#27;[37m/session/28adf0bf-7ee8-437a-b2e7-798510efe6fe/context&amp#27;[39m
&amp#27;[38;5;0m[HTTP]&amp#27;[0m &amp#27;[90m{}&amp#27;[39m
&amp#27;[38;5;32m[XCUITestDriver@e07a (28adf0bf)]&amp#27;[0m Calling AppiumDriver.getCurrentContext() with args: ["28adf0bf-7ee8-437a-b2e7-798510efe6fe"]
&amp#27;[38;5;32m[XCUITestDriver@e07a (28adf0bf)]&amp#27;[0m Executing command 'getCurrentContext'
&amp#27;[38;5;32m[XCUITestDriver@e07a (28adf0bf)]&amp#27;[0m Responding to client with driver.getCurrentContext() result: "NATIVE_APP"
&amp#27;[38;5;0m[HTTP]&amp#27;[0m &amp#27;[37m<-- GET /session/28adf0bf-7ee8-437a-b2e7-798510efe6fe/context &amp#27;[39m&amp#27;[32m200&amp#27;[39m &amp#27;[90m1 ms - 22&amp#27;[39m
&amp#27;[38;5;0m[HTTP]&amp#27;[0m &amp#27;[90m&amp#27;[39m
&amp#27;[38;5;0m[HTTP]&amp#27;[0m &amp#27;[37m-->&amp#27;[39m &amp#27;[37mPOST&amp#27;[39m &amp#27;[37m/session/28adf0bf-7ee8-437a-b2e7-798510efe6fe/element&amp#27;[39m
&amp#27;[38;5;0m[HTTP]&amp#27;[0m &amp#27;[90m{"using":"xpath","value":"//XCUIElementTypeStaticText[@name=\"Forget Device\"]"}&amp#27;[39m
&amp#27;[38;5;32m[XCUITestDriver@e07a (28adf0bf)]&amp#27;[0m Calling AppiumDriver.findElement() with args: ["xpath","//XCUIElementTypeStaticText[@name=\"Forget Device\"]","28adf0bf-7ee8-437a-b2e7-798510efe6fe"]
&amp#27;[38;5;32m[XCUITestDriver@e07a (28adf0bf)]&amp#27;[0m Executing command 'findElement'
&amp#27;[38;5;32m[XCUITestDriver@e07a (28adf0bf)]&amp#27;[0m Valid locator strategies for this request: xpath, id, name, class name, -ios predicate string, -ios class chain, accessibility id, css selector
&amp#27;[38;5;32m[XCUITestDriver@e07a (28adf0bf)]&amp#27;[0m Waiting up to 0 ms for condition
&amp#27;[38;5;32m[XCUITestDriver@e07a (28adf0bf)]&amp#27;[0m Matched '/element' to command name 'findElement'
&amp#27;[38;5;32m[XCUITestDriver@e07a (28adf0bf)]&amp#27;[0m Proxying [POST /element] to [POST http://127.0.0.1:8100/session/E78FC83E-19E7-4136-B719-97A048452808/element] with body: {"using":"xpath","value":"//XCUIElementTypeStaticText[@name=\"Forget Device\"]"}
&amp#27;[38;5;32m[XCUITestDriver@e07a (28adf0bf)]&amp#27;[0m Got response with status 200: {"value":{"ELEMENT":"4C080000-0000-0000-0103-000000000000","element-6066-11e4-a52e-4f735466cecf":"4C080000-0000-0000-0103-000000000000"},"sessionId":"E78FC83E-19E7-4136-B719-97A048452808"}
&amp#27;[38;5;32m[XCUITestDriver@e07a (28adf0bf)]&amp#27;[0m Responding to client with driver.findElement() result: {"element-6066-11e4-a52e-4f735466cecf":"4C080000-0000-0000-0103-000000000000","ELEMENT":"4C080000-0000-0000-0103-000000000000"}
&amp#27;[38;5;0m[HTTP]&amp#27;[0m &amp#27;[37m<-- POST /session/28adf0bf-7ee8-437a-b2e7-798510efe6fe/element &amp#27;[39m&amp#27;[32m200&amp#27;[39m &amp#27;[90m2165 ms - 137&amp#27;[39m
&amp#27;[38;5;0m[HTTP]&amp#27;[0m &amp#27;[90m&amp#27;[39m
&amp#27;[38;5;0m[HTTP]&amp#27;[0m &amp#27;[37m-->&amp#27;[39m &amp#27;[37mGET&amp#27;[39m &amp#27;[37m/session/28adf0bf-7ee8-437a-b2e7-798510efe6fe/element/4C080000-0000-0000-0103-000000000000/rect&amp#27;[39m
&amp#27;[38;5;0m[HTTP]&amp#27;[0m &amp#27;[90m{}&amp#27;[39m
&amp#27;[38;5;32m[XCUITestDriver@e07a (28adf0bf)]&amp#27;[0m Driver proxy active, passing request on via HTTP proxy
&amp#27;[38;5;32m[XCUITestDriver@e07a (28adf0bf)]&amp#27;[0m Executing command 'proxyReqRes'
&amp#27;[38;5;32m[XCUITestDriver@e07a (28adf0bf)]&amp#27;[0m Matched '/session/28adf0bf-7ee8-437a-b2e7-798510efe6fe/element/4C080000-0000-0000-0103-000000000000/rect' to command name 'getElementRect'
&amp#27;[38;5;32m[XCUITestDriver@e07a (28adf0bf)]&amp#27;[0m Proxying [GET /session/28adf0bf-7ee8-437a-b2e7-798510efe6fe/element/4C080000-0000-0000-0103-000000000000/rect] to [GET http://127.0.0.1:8100/session/E78FC83E-19E7-4136-B719-97A048452808/element/4C080000-0000-0000-0103-000000000000/rect] with no body
&amp#27;[38;5;32m[XCUITestDriver@e07a (28adf0bf)]&amp#27;[0m Got response with status 200: {"value":{"y":374,"x":75,"width":103,"height":20},"sessionId":"E78FC83E-19E7-4136-B719-97A048452808"}
&amp#27;[38;5;32m[XCUITestDriver@e07a (28adf0bf)]&amp#27;[0m Replacing sessionId E78FC83E-19E7-4136-B719-97A048452808 with 28adf0bf-7ee8-437a-b2e7-798510efe6fe
&amp#27;[38;5;0m[HTTP]&amp#27;[0m &amp#27;[37m<-- GET /session/28adf0bf-7ee8-437a-b2e7-798510efe6fe/element/4C080000-0000-0000-0103-000000000000/rect &amp#27;[39m&amp#27;[32m200&amp#27;[39m &amp#27;[90m116 ms - 101&amp#27;[39m
&amp#27;[38;5;0m[HTTP]&amp#27;[0m &amp#27;[90m&amp#27;[39m
&amp#27;[38;5;0m[HTTP]&amp#27;[0m &amp#27;[37m-->&amp#27;[39m &amp#27;[37mGET&amp#27;[39m &amp#27;[37m/session/28adf0bf-7ee8-437a-b2e7-798510efe6fe/context&amp#27;[39m
&amp#27;[38;5;0m[HTTP]&amp#27;[0m &amp#27;[90m{}&amp#27;[39m
&amp#27;[38;5;32m[XCUITestDriver@e07a (28adf0bf)]&amp#27;[0m Calling AppiumDriver.getCurrentContext() with args: ["28adf0bf-7ee8-437a-b2e7-798510efe6fe"]
&amp#27;[38;5;32m[XCUITestDriver@e07a (28adf0bf)]&amp#27;[0m Executing command 'getCurrentContext'
&amp#27;[38;5;32m[XCUITestDriver@e07a (28adf0bf)]&amp#27;[0m Responding to client with driver.getCurrentContext() result: "NATIVE_APP"
&amp#27;[38;5;0m[HTTP]&amp#27;[0m &amp#27;[37m<-- GET /session/28adf0bf-7ee8-437a-b2e7-798510efe6fe/context &amp#27;[39m&amp#27;[32m200&amp#27;[39m &amp#27;[90m1 ms - 22&amp#27;[39m
&amp#27;[38;5;0m[HTTP]&amp#27;[0m &amp#27;[90m&amp#27;[39m
&amp#27;[38;5;0m[HTTP]&amp#27;[0m &amp#27;[37m-->&amp#27;[39m &amp#27;[37mPOST&amp#27;[39m &amp#27;[37m/session/28adf0bf-7ee8-437a-b2e7-798510efe6fe/element&amp#27;[39m
&amp#27;[38;5;0m[HTTP]&amp#27;[0m &amp#27;[90m{"using":"xpath","value":"//XCUIElementTypeStaticText[@name=\"Forget Device\"]"}&amp#27;[39m
&amp#27;[38;5;32m[XCUITestDriver@e07a (28adf0bf)]&amp#27;[0m Calling AppiumDriver.findElement() with args: ["xpath","//XCUIElementTypeStaticText[@name=\"Forget Device\"]","28adf0bf-7ee8-437a-b2e7-798510efe6fe"]
&amp#27;[38;5;32m[XCUITestDriver@e07a (28adf0bf)]&amp#27;[0m Executing command 'findElement'
&amp#27;[38;5;32m[XCUITestDriver@e07a (28adf0bf)]&amp#27;[0m Valid locator strategies for this request: xpath, id, name, class name, -ios predicate string, -ios class chain, accessibility id, css selector
&amp#27;[38;5;32m[XCUITestDriver@e07a (28adf0bf)]&amp#27;[0m Waiting up to 0 ms for condition
&amp#27;[38;5;32m[XCUITestDriver@e07a (28adf0bf)]&amp#27;[0m Matched '/element' to command name 'findElement'
&amp#27;[38;5;32m[XCUITestDriver@e07a (28adf0bf)]&amp#27;[0m Proxying [POST /element] to [POST http://127.0.0.1:8100/session/E78FC83E-19E7-4136-B719-97A048452808/element] with body: {"using":"xpath","value":"//XCUIElementTypeStaticText[@name=\"Forget Device\"]"}
&amp#27;[38;5;32m[XCUITestDriver@e07a (28adf0bf)]&amp#27;[0m Got response with status 200: {"value":{"ELEMENT":"4C080000-0000-0000-0103-000000000000","element-6066-11e4-a52e-4f735466cecf":"4C080000-0000-0000-0103-000000000000"},"sessionId":"E78FC83E-19E7-4136-B719-97A048452808"}
&amp#27;[38;5;32m[XCUITestDriver@e07a (28adf0bf)]&amp#27;[0m Responding to client with driver.findElement() result: {"element-6066-11e4-a52e-4f735466cecf":"4C080000-0000-0000-0103-000000000000","ELEMENT":"4C080000-0000-0000-0103-000000000000"}
&amp#27;[38;5;0m[HTTP]&amp#27;[0m &amp#27;[37m<-- POST /session/28adf0bf-7ee8-437a-b2e7-798510efe6fe/element &amp#27;[39m&amp#27;[32m200&amp#27;[39m &amp#27;[90m980 ms - 137&amp#27;[39m
&amp#27;[38;5;0m[HTTP]&amp#27;[0m &amp#27;[90m&amp#27;[39m
&amp#27;[38;5;0m[HTTP]&amp#27;[0m &amp#27;[37m-->&amp#27;[39m &amp#27;[37mGET&amp#27;[39m &amp#27;[37m/session/28adf0bf-7ee8-437a-b2e7-798510efe6fe/element/4C080000-0000-0000-0103-000000000000/rect&amp#27;[39m
&amp#27;[38;5;0m[HTTP]&amp#27;[0m &amp#27;[90m{}&amp#27;[39m
&amp#27;[38;5;32m[XCUITestDriver@e07a (28adf0bf)]&amp#27;[0m Driver proxy active, passing request on via HTTP proxy
&amp#27;[38;5;32m[XCUITestDriver@e07a (28adf0bf)]&amp#27;[0m Executing command 'proxyReqRes'
&amp#27;[38;5;32m[XCUITestDriver@e07a (28adf0bf)]&amp#27;[0m Matched '/session/28adf0bf-7ee8-437a-b2e7-798510efe6fe/element/4C080000-0000-0000-0103-000000000000/rect' to command name 'getElementRect'
&amp#27;[38;5;32m[XCUITestDriver@e07a (28adf0bf)]&amp#27;[0m Proxying [GET /session/28adf0bf-7ee8-437a-b2e7-798510efe6fe/element/4C080000-0000-0000-0103-000000000000/rect] to [GET http://127.0.0.1:8100/session/E78FC83E-19E7-4136-B719-97A048452808/element/4C080000-0000-0000-0103-000000000000/rect] with no body
&amp#27;[38;5;32m[XCUITestDriver@e07a (28adf0bf)]&amp#27;[0m Got response with status 200: {"value":{"y":374,"x":75,"width":103,"height":20},"sessionId":"E78FC83E-19E7-4136-B719-97A048452808"}
&amp#27;[38;5;32m[XCUITestDriver@e07a (28adf0bf)]&amp#27;[0m Replacing sessionId E78FC83E-19E7-4136-B719-97A048452808 with 28adf0bf-7ee8-437a-b2e7-798510efe6fe
&amp#27;[38;5;0m[HTTP]&amp#27;[0m &amp#27;[37m<-- GET /session/28adf0bf-7ee8-437a-b2e7-798510efe6fe/element/4C080000-0000-0000-0103-000000000000/rect &amp#27;[39m&amp#27;[32m200&amp#27;[39m &amp#27;[90m119 ms - 101&amp#27;[39m
&amp#27;[38;5;0m[HTTP]&amp#27;[0m &amp#27;[90m&amp#27;[39m
&amp#27;[38;5;0m[HTTP]&amp#27;[0m &amp#27;[37m-->&amp#27;[39m &amp#27;[37mPOST&amp#27;[39m &amp#27;[37m/session/28adf0bf-7ee8-437a-b2e7-798510efe6fe/actions&amp#27;[39m
&amp#27;[38;5;0m[HTTP]&amp#27;[0m &amp#27;[90m{"actions":[{"id":"finger","type":"pointer","parameters":{"pointerType":"touch"},"actions":[{"duration":0,"type":"pause"},{"duration":0,"x":126,"y":384,"type":"pointerMove","origin":"viewport"},{"button":0,"type":"pointerDown"},{"button":0,"type":"pointerUp"}]}]}&amp#27;[39m
&amp#27;[38;5;32m[XCUITestDriver@e07a (28adf0bf)]&amp#27;[0m Calling AppiumDriver.performActions() with args: [[{"id":"finger","type":"pointer","parameters":{"pointerType":"touch"},"actions":[{"duration":0,"type":"pause"},{"duration":0,"x":126,"y":384,"type":"pointerMove","origin":"viewport"},{"button":0,"type":"pointerDown"},{"button":0,"type":"pointerUp"}]}],"28adf0bf-7ee8-437a-b2e7-798510efe6fe"]
&amp#27;[38;5;32m[XCUITestDriver@e07a (28adf0bf)]&amp#27;[0m Executing command 'performActions'
&amp#27;[38;5;32m[XCUITestDriver@e07a (28adf0bf)]&amp#27;[0m Received the following W3C actions: [
&amp#27;[38;5;32m[XCUITestDriver@e07a (28adf0bf)]&amp#27;[0m   {
&amp#27;[38;5;32m[XCUITestDriver@e07a (28adf0bf)]&amp#27;[0m     "id": "finger",
&amp#27;[38;5;32m[XCUITestDriver@e07a (28adf0bf)]&amp#27;[0m     "type": "pointer",
&amp#27;[38;5;32m[XCUITestDriver@e07a (28adf0bf)]&amp#27;[0m     "parameters": {
&amp#27;[38;5;32m[XCUITestDriver@e07a (28adf0bf)]&amp#27;[0m       "pointerType": "touch"
&amp#27;[38;5;32m[XCUITestDriver@e07a (28adf0bf)]&amp#27;[0m     },
&amp#27;[38;5;32m[XCUITestDriver@e07a (28adf0bf)]&amp#27;[0m     "actions": [
&amp#27;[38;5;32m[XCUITestDriver@e07a (28adf0bf)]&amp#27;[0m       {
&amp#27;[38;5;32m[XCUITestDriver@e07a (28adf0bf)]&amp#27;[0m         "duration": 0,
&amp#27;[38;5;32m[XCUITestDriver@e07a (28adf0bf)]&amp#27;[0m         "type": "pause"
&amp#27;[38;5;32m[XCUITestDriver@e07a (28adf0bf)]&amp#27;[0m       },
&amp#27;[38;5;32m[XCUITestDriver@e07a (28adf0bf)]&amp#27;[0m       {
&amp#27;[38;5;32m[XCUITestDriver@e07a (28adf0bf)]&amp#27;[0m         "duration": 0,
&amp#27;[38;5;32m[XCUITestDriver@e07a (28adf0bf)]&amp#27;[0m         "x": 126,
&amp#27;[38;5;32m[XCUITestDriver@e07a (28adf0bf)]&amp#27;[0m         "y": 384,
&amp#27;[38;5;32m[XCUITestDriver@e07a (28adf0bf)]&amp#27;[0m         "type": "pointerMove",
&amp#27;[38;5;32m[XCUITestDriver@e07a (28adf0bf)]&amp#27;[0m         "origin": "viewport"
&amp#27;[38;5;32m[XCUITestDriver@e07a (28adf0bf)]&amp#27;[0m       },
&amp#27;[38;5;32m[XCUITestDriver@e07a (28adf0bf)]&amp#27;[0m       {
&amp#27;[38;5;32m[XCUITestDriver@e07a (28adf0bf)]&amp#27;[0m         "button": 0,
&amp#27;[38;5;32m[XCUITestDriver@e07a (28adf0bf)]&amp#27;[0m         "type": "pointerDown"
&amp#27;[38;5;32m[XCUITestDriver@e07a (28adf0bf)]&amp#27;[0m       },
&amp#27;[38;5;32m[XCUITestDriver@e07a (28adf0bf)]&amp#27;[0m       {
&amp#27;[38;5;32m[XCUITestDriver@e07a (28adf0bf)]&amp#27;[0m         "button": 0,
&amp#27;[38;5;32m[XCUITestDriver@e07a (28adf0bf)]&amp#27;[0m         "type": "pointerUp"
&amp#27;[38;5;32m[XCUITestDriver@e07a (28adf0bf)]&amp#27;[0m       }
&amp#27;[38;5;32m[XCUITestDriver@e07a (28adf0bf)]&amp#27;[0m     ]
&amp#27;[38;5;32m[XCUITestDriver@e07a (28adf0bf)]&amp#27;[0m   }
&amp#27;[38;5;32m[XCUITestDriver@e07a (28adf0bf)]&amp#27;[0m ]
&amp#27;[38;5;32m[XCUITestDriver@e07a (28adf0bf)]&amp#27;[0m Preprocessed actions: [
&amp#27;[38;5;32m[XCUITestDriver@e07a (28adf0bf)]&amp#27;[0m   {
&amp#27;[38;5;32m[XCUITestDriver@e07a (28adf0bf)]&amp#27;[0m     "id": "finger",
&amp#27;[38;5;32m[XCUITestDriver@e07a (28adf0bf)]&amp#27;[0m     "type": "pointer",
&amp#27;[38;5;32m[XCUITestDriver@e07a (28adf0bf)]&amp#27;[0m     "parameters": {
&amp#27;[38;5;32m[XCUITestDriver@e07a (28adf0bf)]&amp#27;[0m       "pointerType": "touch"
&amp#27;[38;5;32m[XCUITestDriver@e07a (28adf0bf)]&amp#27;[0m     },
&amp#27;[38;5;32m[XCUITestDriver@e07a (28adf0bf)]&amp#27;[0m     "actions": [
&amp#27;[38;5;32m[XCUITestDriver@e07a (28adf0bf)]&amp#27;[0m       {
&amp#27;[38;5;32m[XCUITestDriver@e07a (28adf0bf)]&amp#27;[0m         "duration": 0,
&amp#27;[38;5;32m[XCUITestDriver@e07a (28adf0bf)]&amp#27;[0m         "x": 126,
&amp#27;[38;5;32m[XCUITestDriver@e07a (28adf0bf)]&amp#27;[0m         "y": 384,
&amp#27;[38;5;32m[XCUITestDriver@e07a (28adf0bf)]&amp#27;[0m         "type": "pointerMove",
&amp#27;[38;5;32m[XCUITestDriver@e07a (28adf0bf)]&amp#27;[0m         "origin": "viewport"
&amp#27;[38;5;32m[XCUITestDriver@e07a (28adf0bf)]&amp#27;[0m       },
&amp#27;[38;5;32m[XCUITestDriver@e07a (28adf0bf)]&amp#27;[0m       {
&amp#27;[38;5;32m[XCUITestDriver@e07a (28adf0bf)]&amp#27;[0m         "button": 0,
&amp#27;[38;5;32m[XCUITestDriver@e07a (28adf0bf)]&amp#27;[0m         "type": "pointerDown"
&amp#27;[38;5;32m[XCUITestDriver@e07a (28adf0bf)]&amp#27;[0m       },
&amp#27;[38;5;32m[XCUITestDriver@e07a (28adf0bf)]&amp#27;[0m       {
&amp#27;[38;5;32m[XCUITestDriver@e07a (28adf0bf)]&amp#27;[0m         "button": 0,
&amp#27;[38;5;32m[XCUITestDriver@e07a (28adf0bf)]&amp#27;[0m         "type": "pointerUp"
&amp#27;[38;5;32m[XCUITestDriver@e07a (28adf0bf)]&amp#27;[0m       }
&amp#27;[38;5;32m[XCUITestDriver@e07a (28adf0bf)]&amp#27;[0m     ]
&amp#27;[38;5;32m[XCUITestDriver@e07a (28adf0bf)]&amp#27;[0m   }
&amp#27;[38;5;32m[XCUITestDriver@e07a (28adf0bf)]&amp#27;[0m ]
&amp#27;[38;5;32m[XCUITestDriver@e07a (28adf0bf)]&amp#27;[0m Matched '/actions' to command name 'performActions'
&amp#27;[38;5;32m[XCUITestDriver@e07a (28adf0bf)]&amp#27;[0m Proxying [POST /actions] to [POST http://127.0.0.1:8100/session/E78FC83E-19E7-4136-B719-97A048452808/actions] with body: {"actions":[{"id":"finger","type":"pointer","parameters":{"pointerType":"touch"},"actions":[{"duration":0,"x":126,"y":384,"type":"pointerMove","origin":"viewport"},{"button":0,"type":"pointerDown"},{"button":0,"type":"pointerUp"}]}]}
&amp#27;[38;5;32m[XCUITestDriver@e07a (28adf0bf)]&amp#27;[0m Got response with status 200: {"value":null,"sessionId":"E78FC83E-19E7-4136-B719-97A048452808"}
&amp#27;[38;5;32m[XCUITestDriver@e07a (28adf0bf)]&amp#27;[0m Responding to client with driver.performActions() result: null
&amp#27;[38;5;0m[HTTP]&amp#27;[0m &amp#27;[37m<-- POST /session/28adf0bf-7ee8-437a-b2e7-798510efe6fe/actions &amp#27;[39m&amp#27;[32m200&amp#27;[39m &amp#27;[90m783 ms - 14&amp#27;[39m
&amp#27;[38;5;0m[HTTP]&amp#27;[0m &amp#27;[90m&amp#27;[39m
&amp#27;[38;5;0m[HTTP]&amp#27;[0m &amp#27;[37m-->&amp#27;[39m &amp#27;[37mGET&amp#27;[39m &amp#27;[37m/session/28adf0bf-7ee8-437a-b2e7-798510efe6fe/context&amp#27;[39m
&amp#27;[38;5;0m[HTTP]&amp#27;[0m &amp#27;[90m{}&amp#27;[39m
&amp#27;[38;5;32m[XCUITestDriver@e07a (28adf0bf)]&amp#27;[0m Calling AppiumDriver.getCurrentContext() with args: ["28adf0bf-7ee8-437a-b2e7-798510efe6fe"]
&amp#27;[38;5;32m[XCUITestDriver@e07a (28adf0bf)]&amp#27;[0m Executing command 'getCurrentContext'
&amp#27;[38;5;32m[XCUITestDriver@e07a (28adf0bf)]&amp#27;[0m Responding to client with driver.getCurrentContext() result: "NATIVE_APP"
&amp#27;[38;5;0m[HTTP]&amp#27;[0m &amp#27;[37m<-- GET /session/28adf0bf-7ee8-437a-b2e7-798510efe6fe/context &amp#27;[39m&amp#27;[32m200&amp#27;[39m &amp#27;[90m1 ms - 22&amp#27;[39m
&amp#27;[38;5;0m[HTTP]&amp#27;[0m &amp#27;[90m&amp#27;[39m
&amp#27;[38;5;0m[HTTP]&amp#27;[0m &amp#27;[37m-->&amp#27;[39m &amp#27;[37mPOST&amp#27;[39m &amp#27;[37m/session/28adf0bf-7ee8-437a-b2e7-798510efe6fe/element&amp#27;[39m
&amp#27;[38;5;0m[HTTP]&amp#27;[0m &amp#27;[90m{"using":"xpath","value":"//XCUIElementTypeButton[@name=\"FORGET DEVICE\"]"}&amp#27;[39m
&amp#27;[38;5;32m[XCUITestDriver@e07a (28adf0bf)]&amp#27;[0m Calling AppiumDriver.findElement() with args: ["xpath","//XCUIElementTypeButton[@name=\"FORGET DEVICE\"]","28adf0bf-7ee8-437a-b2e7-798510efe6fe"]
&amp#27;[38;5;32m[XCUITestDriver@e07a (28adf0bf)]&amp#27;[0m Executing command 'findElement'
&amp#27;[38;5;32m[XCUITestDriver@e07a (28adf0bf)]&amp#27;[0m Valid locator strategies for this request: xpath, id, name, class name, -ios predicate string, -ios class chain, accessibility id, css selector
&amp#27;[38;5;32m[XCUITestDriver@e07a (28adf0bf)]&amp#27;[0m Waiting up to 0 ms for condition
&amp#27;[38;5;32m[XCUITestDriver@e07a (28adf0bf)]&amp#27;[0m Matched '/element' to command name 'findElement'
&amp#27;[38;5;32m[XCUITestDriver@e07a (28adf0bf)]&amp#27;[0m Proxying [POST /element] to [POST http://127.0.0.1:8100/session/E78FC83E-19E7-4136-B719-97A048452808/element] with body: {"using":"xpath","value":"//XCUIElementTypeButton[@name=\"FORGET DEVICE\"]"}
&amp#27;[38;5;32m[XCUITestDriver@e07a (28adf0bf)]&amp#27;[0m Got response with status 200: {"value":{"ELEMENT":"61080000-0000-0000-0103-000000000000","element-6066-11e4-a52e-4f735466cecf":"61080000-0000-0000-0103-000000000000"},"sessionId":"E78FC83E-19E7-4136-B719-97A048452808"}
&amp#27;[38;5;32m[XCUITestDriver@e07a (28adf0bf)]&amp#27;[0m Responding to client with driver.findElement() result: {"element-6066-11e4-a52e-4f735466cecf":"61080000-0000-0000-0103-000000000000","ELEMENT":"61080000-0000-0000-0103-000000000000"}
&amp#27;[38;5;0m[HTTP]&amp#27;[0m &amp#27;[37m<-- POST /session/28adf0bf-7ee8-437a-b2e7-798510efe6fe/element &amp#27;[39m&amp#27;[32m200&amp#27;[39m &amp#27;[90m1136 ms - 137&amp#27;[39m
&amp#27;[38;5;0m[HTTP]&amp#27;[0m &amp#27;[90m&amp#27;[39m
&amp#27;[38;5;0m[HTTP]&amp#27;[0m &amp#27;[37m-->&amp#27;[39m &amp#27;[37mGET&amp#27;[39m &amp#27;[37m/session/28adf0bf-7ee8-437a-b2e7-798510efe6fe/element/61080000-0000-0000-0103-000000000000/displayed&amp#27;[39m
&amp#27;[38;5;0m[HTTP]&amp#27;[0m &amp#27;[90m{}&amp#27;[39m
&amp#27;[38;5;32m[XCUITestDriver@e07a (28adf0bf)]&amp#27;[0m Driver proxy active, passing request on via HTTP proxy
&amp#27;[38;5;32m[XCUITestDriver@e07a (28adf0bf)]&amp#27;[0m Executing command 'proxyReqRes'
&amp#27;[38;5;32m[XCUITestDriver@e07a (28adf0bf)]&amp#27;[0m Matched '/session/28adf0bf-7ee8-437a-b2e7-798510efe6fe/element/61080000-0000-0000-0103-000000000000/displayed' to command name 'elementDisplayed'
&amp#27;[38;5;32m[XCUITestDriver@e07a (28adf0bf)]&amp#27;[0m Proxying [GET /session/28adf0bf-7ee8-437a-b2e7-798510efe6fe/element/61080000-0000-0000-0103-000000000000/displayed] to [GET http://127.0.0.1:8100/session/E78FC83E-19E7-4136-B719-97A048452808/element/61080000-0000-0000-0103-000000000000/displayed] with no body
&amp#27;[38;5;32m[XCUITestDriver@e07a (28adf0bf)]&amp#27;[0m Got response with status 200: {"value":true,"sessionId":"E78FC83E-19E7-4136-B719-97A048452808"}
&amp#27;[38;5;32m[XCUITestDriver@e07a (28adf0bf)]&amp#27;[0m Replacing sessionId E78FC83E-19E7-4136-B719-97A048452808 with 28adf0bf-7ee8-437a-b2e7-798510efe6fe
&amp#27;[38;5;0m[HTTP]&amp#27;[0m &amp#27;[37m<-- GET /session/28adf0bf-7ee8-437a-b2e7-798510efe6fe/element/61080000-0000-0000-0103-000000000000/displayed &amp#27;[39m&amp#27;[32m200&amp#27;[39m &amp#27;[90m135 ms - 65&amp#27;[39m
&amp#27;[38;5;0m[HTTP]&amp#27;[0m &amp#27;[90m&amp#27;[39m
&amp#27;[38;5;0m[HTTP]&amp#27;[0m &amp#27;[37m-->&amp#27;[39m &amp#27;[37mGET&amp#27;[39m &amp#27;[37m/session/28adf0bf-7ee8-437a-b2e7-798510efe6fe/context&amp#27;[39m
&amp#27;[38;5;0m[HTTP]&amp#27;[0m &amp#27;[90m{}&amp#27;[39m
&amp#27;[38;5;32m[XCUITestDriver@e07a (28adf0bf)]&amp#27;[0m Calling AppiumDriver.getCurrentContext() with args: ["28adf0bf-7ee8-437a-b2e7-798510efe6fe"]
&amp#27;[38;5;32m[XCUITestDriver@e07a (28adf0bf)]&amp#27;[0m Executing command 'getCurrentContext'
&amp#27;[38;5;32m[XCUITestDriver@e07a (28adf0bf)]&amp#27;[0m Responding to client with driver.getCurrentContext() result: "NATIVE_APP"
&amp#27;[38;5;0m[HTTP]&amp#27;[0m &amp#27;[37m<-- GET /session/28adf0bf-7ee8-437a-b2e7-798510efe6fe/context &amp#27;[39m&amp#27;[32m200&amp#27;[39m &amp#27;[90m1 ms - 22&amp#27;[39m
&amp#27;[38;5;0m[HTTP]&amp#27;[0m &amp#27;[90m&amp#27;[39m
&amp#27;[38;5;0m[HTTP]&amp#27;[0m &amp#27;[37m-->&amp#27;[39m &amp#27;[37mPOST&amp#27;[39m &amp#27;[37m/session/28adf0bf-7ee8-437a-b2e7-798510efe6fe/element&amp#27;[39m
&amp#27;[38;5;0m[HTTP]&amp#27;[0m &amp#27;[90m{"using":"xpath","value":"//XCUIElementTypeButton[@name=\"FORGET DEVICE\"]"}&amp#27;[39m
&amp#27;[38;5;32m[XCUITestDriver@e07a (28adf0bf)]&amp#27;[0m Calling AppiumDriver.findElement() with args: ["xpath","//XCUIElementTypeButton[@name=\"FORGET DEVICE\"]","28adf0bf-7ee8-437a-b2e7-798510efe6fe"]
&amp#27;[38;5;32m[XCUITestDriver@e07a (28adf0bf)]&amp#27;[0m Executing command 'findElement'
&amp#27;[38;5;32m[XCUITestDriver@e07a (28adf0bf)]&amp#27;[0m Valid locator strategies for this request: xpath, id, name, class name, -ios predicate string, -ios class chain, accessibility id, css selector
&amp#27;[38;5;32m[XCUITestDriver@e07a (28adf0bf)]&amp#27;[0m Waiting up to 0 ms for condition
&amp#27;[38;5;32m[XCUITestDriver@e07a (28adf0bf)]&amp#27;[0m Matched '/element' to command name 'findElement'
&amp#27;[38;5;32m[XCUITestDriver@e07a (28adf0bf)]&amp#27;[0m Proxying [POST /element] to [POST http://127.0.0.1:8100/session/E78FC83E-19E7-4136-B719-97A048452808/element] with body: {"using":"xpath","value":"//XCUIElementTypeButton[@name=\"FORGET DEVICE\"]"}
&amp#27;[38;5;32m[XCUITestDriver@e07a (28adf0bf)]&amp#27;[0m Got response with status 200: {"value":{"ELEMENT":"61080000-0000-0000-0103-000000000000","element-6066-11e4-a52e-4f735466cecf":"61080000-0000-0000-0103-000000000000"},"sessionId":"E78FC83E-19E7-4136-B719-97A048452808"}
&amp#27;[38;5;32m[XCUITestDriver@e07a (28adf0bf)]&amp#27;[0m Responding to client with driver.findElement() result: {"element-6066-11e4-a52e-4f735466cecf":"61080000-0000-0000-0103-000000000000","ELEMENT":"61080000-0000-0000-0103-000000000000"}
&amp#27;[38;5;0m[HTTP]&amp#27;[0m &amp#27;[37m<-- POST /session/28adf0bf-7ee8-437a-b2e7-798510efe6fe/element &amp#27;[39m&amp#27;[32m200&amp#27;[39m &amp#27;[90m1165 ms - 137&amp#27;[39m
&amp#27;[38;5;0m[HTTP]&amp#27;[0m &amp#27;[90m&amp#27;[39m
&amp#27;[38;5;0m[HTTP]&amp#27;[0m &amp#27;[37m-->&amp#27;[39m &amp#27;[37mGET&amp#27;[39m &amp#27;[37m/session/28adf0bf-7ee8-437a-b2e7-798510efe6fe/element/61080000-0000-0000-0103-000000000000/enabled&amp#27;[39m
&amp#27;[38;5;0m[HTTP]&amp#27;[0m &amp#27;[90m{}&amp#27;[39m
&amp#27;[38;5;32m[XCUITestDriver@e07a (28adf0bf)]&amp#27;[0m Driver proxy active, passing request on via HTTP proxy
&amp#27;[38;5;32m[XCUITestDriver@e07a (28adf0bf)]&amp#27;[0m Executing command 'proxyReqRes'
&amp#27;[38;5;32m[XCUITestDriver@e07a (28adf0bf)]&amp#27;[0m Matched '/session/28adf0bf-7ee8-437a-b2e7-798510efe6fe/element/61080000-0000-0000-0103-000000000000/enabled' to command name 'elementEnabled'
&amp#27;[38;5;32m[XCUITestDriver@e07a (28adf0bf)]&amp#27;[0m Proxying [GET /session/28adf0bf-7ee8-437a-b2e7-798510efe6fe/element/61080000-0000-0000-0103-000000000000/enabled] to [GET http://127.0.0.1:8100/session/E78FC83E-19E7-4136-B719-97A048452808/element/61080000-0000-0000-0103-000000000000/enabled] with no body
&amp#27;[38;5;32m[XCUITestDriver@e07a (28adf0bf)]&amp#27;[0m Got response with status 200: {"value":true,"sessionId":"E78FC83E-19E7-4136-B719-97A048452808"}
&amp#27;[38;5;32m[XCUITestDriver@e07a (28adf0bf)]&amp#27;[0m Replacing sessionId E78FC83E-19E7-4136-B719-97A048452808 with 28adf0bf-7ee8-437a-b2e7-798510efe6fe
&amp#27;[38;5;0m[HTTP]&amp#27;[0m &amp#27;[37m<-- GET /session/28adf0bf-7ee8-437a-b2e7-798510efe6fe/element/61080000-0000-0000-0103-000000000000/enabled &amp#27;[39m&amp#27;[32m200&amp#27;[39m &amp#27;[90m122 ms - 65&amp#27;[39m
&amp#27;[38;5;0m[HTTP]&amp#27;[0m &amp#27;[90m&amp#27;[39m
&amp#27;[38;5;0m[HTTP]&amp#27;[0m &amp#27;[37m-->&amp#27;[39m &amp#27;[37mGET&amp#27;[39m &amp#27;[37m/session/28adf0bf-7ee8-437a-b2e7-798510efe6fe/context&amp#27;[39m
&amp#27;[38;5;0m[HTTP]&amp#27;[0m &amp#27;[90m{}&amp#27;[39m
&amp#27;[38;5;32m[XCUITestDriver@e07a (28adf0bf)]&amp#27;[0m Calling AppiumDriver.getCurrentContext() with args: ["28adf0bf-7ee8-437a-b2e7-798510efe6fe"]
&amp#27;[38;5;32m[XCUITestDriver@e07a (28adf0bf)]&amp#27;[0m Executing command 'getCurrentContext'
&amp#27;[38;5;32m[XCUITestDriver@e07a (28adf0bf)]&amp#27;[0m Responding to client with driver.getCurrentContext() result: "NATIVE_APP"
&amp#27;[38;5;0m[HTTP]&amp#27;[0m &amp#27;[37m<-- GET /session/28adf0bf-7ee8-437a-b2e7-798510efe6fe/context &amp#27;[39m&amp#27;[32m200&amp#27;[39m &amp#27;[90m1 ms - 22&amp#27;[39m
&amp#27;[38;5;0m[HTTP]&amp#27;[0m &amp#27;[90m&amp#27;[39m
&amp#27;[38;5;0m[HTTP]&amp#27;[0m &amp#27;[37m-->&amp#27;[39m &amp#27;[37mPOST&amp#27;[39m &amp#27;[37m/session/28adf0bf-7ee8-437a-b2e7-798510efe6fe/element&amp#27;[39m
&amp#27;[38;5;0m[HTTP]&amp#27;[0m &amp#27;[90m{"using":"xpath","value":"//XCUIElementTypeButton[@name=\"FORGET DEVICE\"]"}&amp#27;[39m
&amp#27;[38;5;32m[XCUITestDriver@e07a (28adf0bf)]&amp#27;[0m Calling AppiumDriver.findElement() with args: ["xpath","//XCUIElementTypeButton[@name=\"FORGET DEVICE\"]","28adf0bf-7ee8-437a-b2e7-798510efe6fe"]
&amp#27;[38;5;32m[XCUITestDriver@e07a (28adf0bf)]&amp#27;[0m Executing command 'findElement'
&amp#27;[38;5;32m[XCUITestDriver@e07a (28adf0bf)]&amp#27;[0m Valid locator strategies for this request: xpath, id, name, class name, -ios predicate string, -ios class chain, accessibility id, css selector
&amp#27;[38;5;32m[XCUITestDriver@e07a (28adf0bf)]&amp#27;[0m Waiting up to 0 ms for condition
&amp#27;[38;5;32m[XCUITestDriver@e07a (28adf0bf)]&amp#27;[0m Matched '/element' to command name 'findElement'
&amp#27;[38;5;32m[XCUITestDriver@e07a (28adf0bf)]&amp#27;[0m Proxying [POST /element] to [POST http://127.0.0.1:8100/session/E78FC83E-19E7-4136-B719-97A048452808/element] with body: {"using":"xpath","value":"//XCUIElementTypeButton[@name=\"FORGET DEVICE\"]"}
&amp#27;[38;5;32m[XCUITestDriver@e07a (28adf0bf)]&amp#27;[0m Got response with status 200: {"value":{"ELEMENT":"61080000-0000-0000-0103-000000000000","element-6066-11e4-a52e-4f735466cecf":"61080000-0000-0000-0103-000000000000"},"sessionId":"E78FC83E-19E7-4136-B719-97A048452808"}
&amp#27;[38;5;32m[XCUITestDriver@e07a (28adf0bf)]&amp#27;[0m Responding to client with driver.findElement() result: {"element-6066-11e4-a52e-4f735466cecf":"61080000-0000-0000-0103-000000000000","ELEMENT":"61080000-0000-0000-0103-000000000000"}
&amp#27;[38;5;0m[HTTP]&amp#27;[0m &amp#27;[37m<-- POST /session/28adf0bf-7ee8-437a-b2e7-798510efe6fe/element &amp#27;[39m&amp#27;[32m200&amp#27;[39m &amp#27;[90m1032 ms - 137&amp#27;[39m
&amp#27;[38;5;0m[HTTP]&amp#27;[0m &amp#27;[90m&amp#27;[39m
&amp#27;[38;5;0m[HTTP]&amp#27;[0m &amp#27;[37m-->&amp#27;[39m &amp#27;[37mPOST&amp#27;[39m &amp#27;[37m/session/28adf0bf-7ee8-437a-b2e7-798510efe6fe/element/61080000-0000-0000-0103-000000000000/click&amp#27;[39m
&amp#27;[38;5;0m[HTTP]&amp#27;[0m &amp#27;[90m{"id":"61080000-0000-0000-0103-000000000000"}&amp#27;[39m
&amp#27;[38;5;32m[XCUITestDriver@e07a (28adf0bf)]&amp#27;[0m Driver proxy active, passing request on via HTTP proxy
&amp#27;[38;5;32m[XCUITestDriver@e07a (28adf0bf)]&amp#27;[0m Executing command 'proxyReqRes'
&amp#27;[38;5;32m[XCUITestDriver@e07a (28adf0bf)]&amp#27;[0m Matched '/session/28adf0bf-7ee8-437a-b2e7-798510efe6fe/element/61080000-0000-0000-0103-000000000000/click' to command name 'click'
&amp#27;[38;5;32m[XCUITestDriver@e07a (28adf0bf)]&amp#27;[0m Proxying [POST /session/28adf0bf-7ee8-437a-b2e7-798510efe6fe/element/61080000-0000-0000-0103-000000000000/click] to [POST http://127.0.0.1:8100/session/E78FC83E-19E7-4136-B719-97A048452808/element/61080000-0000-0000-0103-000000000000/click] with body: {"id":"61080000-0000-0000-0103-000000000000"}
&amp#27;[38;5;32m[XCUITestDriver@e07a (28adf0bf)]&amp#27;[0m Got response with status 200: {"value":null,"sessionId":"E78FC83E-19E7-4136-B719-97A048452808"}
&amp#27;[38;5;32m[XCUITestDriver@e07a (28adf0bf)]&amp#27;[0m Replacing sessionId E78FC83E-19E7-4136-B719-97A048452808 with 28adf0bf-7ee8-437a-b2e7-798510efe6fe
&amp#27;[38;5;0m[HTTP]&amp#27;[0m &amp#27;[37m<-- POST /session/28adf0bf-7ee8-437a-b2e7-798510efe6fe/element/61080000-0000-0000-0103-000000000000/click &amp#27;[39m&amp#27;[32m200&amp#27;[39m &amp#27;[90m942 ms - 65&amp#27;[39m
&amp#27;[38;5;0m[HTTP]&amp#27;[0m &amp#27;[90m&amp#27;[39m
&amp#27;[38;5;0m[HTTP]&amp#27;[0m &amp#27;[37m-->&amp#27;[39m &amp#27;[37mGET&amp#27;[39m &amp#27;[37m/session/28adf0bf-7ee8-437a-b2e7-798510efe6fe/context&amp#27;[39m
&amp#27;[38;5;0m[HTTP]&amp#27;[0m &amp#27;[90m{}&amp#27;[39m
&amp#27;[38;5;32m[XCUITestDriver@e07a (28adf0bf)]&amp#27;[0m Calling AppiumDriver.getCurrentContext() with args: ["28adf0bf-7ee8-437a-b2e7-798510efe6fe"]
&amp#27;[38;5;32m[XCUITestDriver@e07a (28adf0bf)]&amp#27;[0m Executing command 'getCurrentContext'
&amp#27;[38;5;32m[XCUITestDriver@e07a (28adf0bf)]&amp#27;[0m Responding to client with driver.getCurrentContext() result: "NATIVE_APP"
&amp#27;[38;5;0m[HTTP]&amp#27;[0m &amp#27;[37m<-- GET /session/28adf0bf-7ee8-437a-b2e7-798510efe6fe/context &amp#27;[39m&amp#27;[32m200&amp#27;[39m &amp#27;[90m2 ms - 22&amp#27;[39m
&amp#27;[38;5;0m[HTTP]&amp#27;[0m &amp#27;[90m&amp#27;[39m
&amp#27;[38;5;0m[HTTP]&amp#27;[0m &amp#27;[37m-->&amp#27;[39m &amp#27;[37mPOST&amp#27;[39m &amp#27;[37m/session/28adf0bf-7ee8-437a-b2e7-798510efe6fe/element&amp#27;[39m
&amp#27;[38;5;0m[HTTP]&amp#27;[0m &amp#27;[90m{"using":"xpath","value":"//XCUIElementTypeButton[@name=\"ic dm search\"]"}&amp#27;[39m
&amp#27;[38;5;32m[XCUITestDriver@e07a (28adf0bf)]&amp#27;[0m Calling AppiumDriver.findElement() with args: ["xpath","//XCUIElementTypeButton[@name=\"ic dm search\"]","28adf0bf-7ee8-437a-b2e7-798510efe6fe"]
&amp#27;[38;5;32m[XCUITestDriver@e07a (28adf0bf)]&amp#27;[0m Executing command 'findElement'
&amp#27;[38;5;32m[XCUITestDriver@e07a (28adf0bf)]&amp#27;[0m Valid locator strategies for this request: xpath, id, name, class name, -ios predicate string, -ios class chain, accessibility id, css selector
&amp#27;[38;5;32m[XCUITestDriver@e07a (28adf0bf)]&amp#27;[0m Waiting up to 0 ms for condition
&amp#27;[38;5;32m[XCUITestDriver@e07a (28adf0bf)]&amp#27;[0m Matched '/element' to command name 'findElement'
&amp#27;[38;5;32m[XCUITestDriver@e07a (28adf0bf)]&amp#27;[0m Proxying [POST /element] to [POST http://127.0.0.1:8100/session/E78FC83E-19E7-4136-B719-97A048452808/element] with body: {"using":"xpath","value":"//XCUIElementTypeButton[@name=\"ic dm search\"]"}
&amp#27;[38;5;32m[XCUITestDriver@e07a (28adf0bf)]&amp#27;[0m Got response with status 200: {"value":{"ELEMENT":"74060000-0000-0000-0103-000000000000","element-6066-11e4-a52e-4f735466cecf":"74060000-0000-0000-0103-000000000000"},"sessionId":"E78FC83E-19E7-4136-B719-97A048452808"}
&amp#27;[38;5;32m[XCUITestDriver@e07a (28adf0bf)]&amp#27;[0m Responding to client with driver.findElement() result: {"element-6066-11e4-a52e-4f735466cecf":"74060000-0000-0000-0103-000000000000","ELEMENT":"74060000-0000-0000-0103-000000000000"}
&amp#27;[38;5;0m[HTTP]&amp#27;[0m &amp#27;[37m<-- POST /session/28adf0bf-7ee8-437a-b2e7-798510efe6fe/element &amp#27;[39m&amp#27;[32m200&amp#27;[39m &amp#27;[90m1145 ms - 137&amp#27;[39m
&amp#27;[38;5;0m[HTTP]&amp#27;[0m &amp#27;[90m&amp#27;[39m
&amp#27;[38;5;0m[HTTP]&amp#27;[0m &amp#27;[37m-->&amp#27;[39m &amp#27;[37mGET&amp#27;[39m &amp#27;[37m/session/28adf0bf-7ee8-437a-b2e7-798510efe6fe/element/74060000-0000-0000-0103-000000000000/displayed&amp#27;[39m
&amp#27;[38;5;0m[HTTP]&amp#27;[0m &amp#27;[90m{}&amp#27;[39m
&amp#27;[38;5;32m[XCUITestDriver@e07a (28adf0bf)]&amp#27;[0m Driver proxy active, passing request on via HTTP proxy
&amp#27;[38;5;32m[XCUITestDriver@e07a (28adf0bf)]&amp#27;[0m Executing command 'proxyReqRes'
&amp#27;[38;5;32m[XCUITestDriver@e07a (28adf0bf)]&amp#27;[0m Matched '/session/28adf0bf-7ee8-437a-b2e7-798510efe6fe/element/74060000-0000-0000-0103-000000000000/displayed' to command name 'elementDisplayed'
&amp#27;[38;5;32m[XCUITestDriver@e07a (28adf0bf)]&amp#27;[0m Proxying [GET /session/28adf0bf-7ee8-437a-b2e7-798510efe6fe/element/74060000-0000-0000-0103-000000000000/displayed] to [GET http://127.0.0.1:8100/session/E78FC83E-19E7-4136-B719-97A048452808/element/74060000-0000-0000-0103-000000000000/displayed] with no body
&amp#27;[38;5;32m[XCUITestDriver@e07a (28adf0bf)]&amp#27;[0m Got response with status 200: {"value":false,"sessionId":"E78FC83E-19E7-4136-B719-97A048452808"}
&amp#27;[38;5;32m[XCUITestDriver@e07a (28adf0bf)]&amp#27;[0m Replacing sessionId E78FC83E-19E7-4136-B719-97A048452808 with 28adf0bf-7ee8-437a-b2e7-798510efe6fe
&amp#27;[38;5;0m[HTTP]&amp#27;[0m &amp#27;[37m<-- GET /session/28adf0bf-7ee8-437a-b2e7-798510efe6fe/element/74060000-0000-0000-0103-000000000000/displayed &amp#27;[39m&amp#27;[32m200&amp#27;[39m &amp#27;[90m124 ms - 66&amp#27;[39m
&amp#27;[38;5;0m[HTTP]&amp#27;[0m &amp#27;[90m&amp#27;[39m
&amp#27;[38;5;0m[HTTP]&amp#27;[0m &amp#27;[37m-->&amp#27;[39m &amp#27;[37mGET&amp#27;[39m &amp#27;[37m/session/28adf0bf-7ee8-437a-b2e7-798510efe6fe/context&amp#27;[39m
&amp#27;[38;5;0m[HTTP]&amp#27;[0m &amp#27;[90m{}&amp#27;[39m
&amp#27;[38;5;32m[XCUITestDriver@e07a (28adf0bf)]&amp#27;[0m Calling AppiumDriver.getCurrentContext() with args: ["28adf0bf-7ee8-437a-b2e7-798510efe6fe"]
&amp#27;[38;5;32m[XCUITestDriver@e07a (28adf0bf)]&amp#27;[0m Executing command 'getCurrentContext'
&amp#27;[38;5;32m[XCUITestDriver@e07a (28adf0bf)]&amp#27;[0m Responding to client with driver.getCurrentContext() result: "NATIVE_APP"
&amp#27;[38;5;0m[HTTP]&amp#27;[0m &amp#27;[37m<-- GET /session/28adf0bf-7ee8-437a-b2e7-798510efe6fe/context &amp#27;[39m&amp#27;[32m200&amp#27;[39m &amp#27;[90m1 ms - 22&amp#27;[39m
&amp#27;[38;5;0m[HTTP]&amp#27;[0m &amp#27;[90m&amp#27;[39m
&amp#27;[38;5;0m[HTTP]&amp#27;[0m &amp#27;[37m-->&amp#27;[39m &amp#27;[37mPOST&amp#27;[39m &amp#27;[37m/session/28adf0bf-7ee8-437a-b2e7-798510efe6fe/element&amp#27;[39m
&amp#27;[38;5;0m[HTTP]&amp#27;[0m &amp#27;[90m{"using":"xpath","value":"//XCUIElementTypeButton[@name=\"ic dm search\"]"}&amp#27;[39m
&amp#27;[38;5;32m[XCUITestDriver@e07a (28adf0bf)]&amp#27;[0m Calling AppiumDriver.findElement() with args: ["xpath","//XCUIElementTypeButton[@name=\"ic dm search\"]","28adf0bf-7ee8-437a-b2e7-798510efe6fe"]
&amp#27;[38;5;32m[XCUITestDriver@e07a (28adf0bf)]&amp#27;[0m Executing command 'findElement'
&amp#27;[38;5;32m[XCUITestDriver@e07a (28adf0bf)]&amp#27;[0m Valid locator strategies for this request: xpath, id, name, class name, -ios predicate string, -ios class chain, accessibility id, css selector
&amp#27;[38;5;32m[XCUITestDriver@e07a (28adf0bf)]&amp#27;[0m Waiting up to 0 ms for condition
&amp#27;[38;5;32m[XCUITestDriver@e07a (28adf0bf)]&amp#27;[0m Matched '/element' to command name 'findElement'
&amp#27;[38;5;32m[XCUITestDriver@e07a (28adf0bf)]&amp#27;[0m Proxying [POST /element] to [POST http://127.0.0.1:8100/session/E78FC83E-19E7-4136-B719-97A048452808/element] with body: {"using":"xpath","value":"//XCUIElementTypeButton[@name=\"ic dm search\"]"}
&amp#27;[38;5;32m[XCUITestDriver@e07a (28adf0bf)]&amp#27;[0m Got response with status 404: {"value":{"error":"no such element","message":"unable to find an element using 'xpath', value '//XCUIElementTypeButton[@name=\"ic dm search\"]'","traceback":"(\n\t0   WebDriverAgentLib                   0x00000001072a740c FBNoSuchElementErrorResponseForRequest + 252\n\t1   WebDriverAgentLib                   0x00000001072a723c +[FBFindElementCommands handleFindElement:] + 316\n\t2   WebDriverAgentLib                   0x000000010726a9d0 -[FBRoute_TargetAction mountRequest:intoResponse:] + 168\n\t3   WebDriverAgentLib                   0x0000000107254264 __37-[FBWebServer registerRouteHandlers:]_block_invoke + 408\n\t4   WebDriverAgentLib                   0x000000010728d2c4 -[RoutingHTTPServer handleRoute:withRequest:response:] + 168\n\t5   WebDriverAgentLib                   0x000000010728ddb4 __72-[RoutingHTTPServer routeMethod:withPath:parameters:request:connection:]_block_invoke + 64\n\t6   libdispatch.dylib                   0x00000001a237dfdc FEA36690-A000-3C55-B700-9120B05AA69B + 16348\n\t7   libdis...
&amp#27;[38;5;128m[W3C]&amp#27;[0m Matched W3C error code 'no such element' to NoSuchElementError
&amp#27;[38;5;32m[XCUITestDriver@e07a (28adf0bf)]&amp#27;[0m Encountered internal error running command: NoSuchElementError: An element could not be located on the page using the given search parameters.
&amp#27;[38;5;32m[XCUITestDriver@e07a (28adf0bf)]&amp#27;[0m     at XCUITestDriver.doNativeFind (/Users/karishmabarot/.appium/node_modules/appium-xcuitest-driver/lib/commands/find.js:143:13)
&amp#27;[38;5;32m[XCUITestDriver@e07a (28adf0bf)]&amp#27;[0m     at processTicksAndRejections (node:internal/process/task_queues:95:5)
&amp#27;[38;5;32m[XCUITestDriver@e07a (28adf0bf)]&amp#27;[0m     at XCUITestDriver.findNativeElementOrElements (/Users/karishmabarot/.appium/node_modules/appium-xcuitest-driver/lib/commands/find.js:97:12)
&amp#27;[38;5;32m[XCUITestDriver@e07a (28adf0bf)]&amp#27;[0m     at XCUITestDriver.findElOrEls (/Users/karishmabarot/.appium/node_modules/appium-xcuitest-driver/lib/commands/find.js:24:14)
&amp#27;[38;5;32m[XCUITestDriver@e07a (28adf0bf)]&amp#27;[0m     at XCUITestDriver.findElOrElsWithProcessing (/Users/karishmabarot/node_modules/@appium/base-driver/lib/basedriver/commands/find.ts:60:12)
&amp#27;[38;5;32m[XCUITestDriver@e07a (28adf0bf)]&amp#27;[0m     at XCUITestDriver.findElement (/Users/karishmabarot/node_modules/@appium/base-driver/lib/basedriver/commands/find.ts:75:12)
&amp#27;[38;5;0m[HTTP]&amp#27;[0m &amp#27;[37m<-- POST /session/28adf0bf-7ee8-437a-b2e7-798510efe6fe/element &amp#27;[39m&amp#27;[33m404&amp#27;[39m &amp#27;[90m1037 ms - 994&amp#27;[39m
&amp#27;[38;5;0m[HTTP]&amp#27;[0m &amp#27;[90m&amp#27;[39m
&amp#27;[38;5;0m[HTTP]&amp#27;[0m &amp#27;[37m-->&amp#27;[39m &amp#27;[37mGET&amp#27;[39m &amp#27;[37m/session/28adf0bf-7ee8-437a-b2e7-798510efe6fe/context&amp#27;[39m
&amp#27;[38;5;0m[HTTP]&amp#27;[0m &amp#27;[90m{}&amp#27;[39m
&amp#27;[38;5;32m[XCUITestDriver@e07a (28adf0bf)]&amp#27;[0m Calling AppiumDriver.getCurrentContext() with args: ["28adf0bf-7ee8-437a-b2e7-798510efe6fe"]
&amp#27;[38;5;32m[XCUITestDriver@e07a (28adf0bf)]&amp#27;[0m Executing command 'getCurrentContext'
&amp#27;[38;5;32m[XCUITestDriver@e07a (28adf0bf)]&amp#27;[0m Responding to client with driver.getCurrentContext() result: "NATIVE_APP"
&amp#27;[38;5;0m[HTTP]&amp#27;[0m &amp#27;[37m<-- GET /session/28adf0bf-7ee8-437a-b2e7-798510efe6fe/context &amp#27;[39m&amp#27;[32m200&amp#27;[39m &amp#27;[90m1 ms - 22&amp#27;[39m
&amp#27;[38;5;0m[HTTP]&amp#27;[0m &amp#27;[90m&amp#27;[39m
&amp#27;[38;5;0m[HTTP]&amp#27;[0m &amp#27;[37m-->&amp#27;[39m &amp#27;[37mPOST&amp#27;[39m &amp#27;[37m/session/28adf0bf-7ee8-437a-b2e7-798510efe6fe/element&amp#27;[39m
&amp#27;[38;5;0m[HTTP]&amp#27;[0m &amp#27;[90m{"using":"xpath","value":"//XCUIElementTypeButton[@name=\"ic dm search\"]"}&amp#27;[39m
&amp#27;[38;5;32m[XCUITestDriver@e07a (28adf0bf)]&amp#27;[0m Calling AppiumDriver.findElement() with args: ["xpath","//XCUIElementTypeButton[@name=\"ic dm search\"]","28adf0bf-7ee8-437a-b2e7-798510efe6fe"]
&amp#27;[38;5;32m[XCUITestDriver@e07a (28adf0bf)]&amp#27;[0m Executing command 'findElement'
&amp#27;[38;5;32m[XCUITestDriver@e07a (28adf0bf)]&amp#27;[0m Valid locator strategies for this request: xpath, id, name, class name, -ios predicate string, -ios class chain, accessibility id, css selector
&amp#27;[38;5;32m[XCUITestDriver@e07a (28adf0bf)]&amp#27;[0m Waiting up to 0 ms for condition
&amp#27;[38;5;32m[XCUITestDriver@e07a (28adf0bf)]&amp#27;[0m Matched '/element' to command name 'findElement'
&amp#27;[38;5;32m[XCUITestDriver@e07a (28adf0bf)]&amp#27;[0m Proxying [POST /element] to [POST http://127.0.0.1:8100/session/E78FC83E-19E7-4136-B719-97A048452808/element] with body: {"using":"xpath","value":"//XCUIElementTypeButton[@name=\"ic dm search\"]"}
&amp#27;[38;5;32m[XCUITestDriver@e07a (28adf0bf)]&amp#27;[0m Got response with status 200: {"value":{"ELEMENT":"8B080000-0000-0000-0103-000000000000","element-6066-11e4-a52e-4f735466cecf":"8B080000-0000-0000-0103-000000000000"},"sessionId":"E78FC83E-19E7-4136-B719-97A048452808"}
&amp#27;[38;5;32m[XCUITestDriver@e07a (28adf0bf)]&amp#27;[0m Responding to client with driver.findElement() result: {"element-6066-11e4-a52e-4f735466cecf":"8B080000-0000-0000-0103-000000000000","ELEMENT":"8B080000-0000-0000-0103-000000000000"}
&amp#27;[38;5;0m[HTTP]&amp#27;[0m &amp#27;[37m<-- POST /session/28adf0bf-7ee8-437a-b2e7-798510efe6fe/element &amp#27;[39m&amp#27;[32m200&amp#27;[39m &amp#27;[90m629 ms - 137&amp#27;[39m
&amp#27;[38;5;0m[HTTP]&amp#27;[0m &amp#27;[90m&amp#27;[39m
&amp#27;[38;5;0m[HTTP]&amp#27;[0m &amp#27;[37m-->&amp#27;[39m &amp#27;[37mGET&amp#27;[39m &amp#27;[37m/session/28adf0bf-7ee8-437a-b2e7-798510efe6fe/element/8B080000-0000-0000-0103-000000000000/displayed&amp#27;[39m
&amp#27;[38;5;0m[HTTP]&amp#27;[0m &amp#27;[90m{}&amp#27;[39m
&amp#27;[38;5;32m[XCUITestDriver@e07a (28adf0bf)]&amp#27;[0m Driver proxy active, passing request on via HTTP proxy
&amp#27;[38;5;32m[XCUITestDriver@e07a (28adf0bf)]&amp#27;[0m Executing command 'proxyReqRes'
&amp#27;[38;5;32m[XCUITestDriver@e07a (28adf0bf)]&amp#27;[0m Matched '/session/28adf0bf-7ee8-437a-b2e7-798510efe6fe/element/8B080000-0000-0000-0103-000000000000/displayed' to command name 'elementDisplayed'
&amp#27;[38;5;32m[XCUITestDriver@e07a (28adf0bf)]&amp#27;[0m Proxying [GET /session/28adf0bf-7ee8-437a-b2e7-798510efe6fe/element/8B080000-0000-0000-0103-000000000000/displayed] to [GET http://127.0.0.1:8100/session/E78FC83E-19E7-4136-B719-97A048452808/element/8B080000-0000-0000-0103-000000000000/displayed] with no body
&amp#27;[38;5;32m[XCUITestDriver@e07a (28adf0bf)]&amp#27;[0m Got response with status 200: {"value":false,"sessionId":"E78FC83E-19E7-4136-B719-97A048452808"}
&amp#27;[38;5;32m[XCUITestDriver@e07a (28adf0bf)]&amp#27;[0m Replacing sessionId E78FC83E-19E7-4136-B719-97A048452808 with 28adf0bf-7ee8-437a-b2e7-798510efe6fe
&amp#27;[38;5;0m[HTTP]&amp#27;[0m &amp#27;[37m<-- GET /session/28adf0bf-7ee8-437a-b2e7-798510efe6fe/element/8B080000-0000-0000-0103-000000000000/displayed &amp#27;[39m&amp#27;[32m200&amp#27;[39m &amp#27;[90m105 ms - 66&amp#27;[39m
&amp#27;[38;5;0m[HTTP]&amp#27;[0m &amp#27;[90m&amp#27;[39m
&amp#27;[38;5;0m[HTTP]&amp#27;[0m &amp#27;[37m-->&amp#27;[39m &amp#27;[37mGET&amp#27;[39m &amp#27;[37m/session/28adf0bf-7ee8-437a-b2e7-798510efe6fe/context&amp#27;[39m
&amp#27;[38;5;0m[HTTP]&amp#27;[0m &amp#27;[90m{}&amp#27;[39m
&amp#27;[38;5;32m[XCUITestDriver@e07a (28adf0bf)]&amp#27;[0m Calling AppiumDriver.getCurrentContext() with args: ["28adf0bf-7ee8-437a-b2e7-798510efe6fe"]
&amp#27;[38;5;32m[XCUITestDriver@e07a (28adf0bf)]&amp#27;[0m Executing command 'getCurrentContext'
&amp#27;[38;5;32m[XCUITestDriver@e07a (28adf0bf)]&amp#27;[0m Responding to client with driver.getCurrentContext() result: "NATIVE_APP"
&amp#27;[38;5;0m[HTTP]&amp#27;[0m &amp#27;[37m<-- GET /session/28adf0bf-7ee8-437a-b2e7-798510efe6fe/context &amp#27;[39m&amp#27;[32m200&amp#27;[39m &amp#27;[90m1 ms - 22&amp#27;[39m
&amp#27;[38;5;0m[HTTP]&amp#27;[0m &amp#27;[90m&amp#27;[39m
&amp#27;[38;5;0m[HTTP]&amp#27;[0m &amp#27;[37m-->&amp#27;[39m &amp#27;[37mPOST&amp#27;[39m &amp#27;[37m/session/28adf0bf-7ee8-437a-b2e7-798510efe6fe/element&amp#27;[39m
&amp#27;[38;5;0m[HTTP]&amp#27;[0m &amp#27;[90m{"using":"xpath","value":"//XCUIElementTypeButton[@name=\"ic dm search\"]"}&amp#27;[39m
&amp#27;[38;5;32m[XCUITestDriver@e07a (28adf0bf)]&amp#27;[0m Calling AppiumDriver.findElement() with args: ["xpath","//XCUIElementTypeButton[@name=\"ic dm search\"]","28adf0bf-7ee8-437a-b2e7-798510efe6fe"]
&amp#27;[38;5;32m[XCUITestDriver@e07a (28adf0bf)]&amp#27;[0m Executing command 'findElement'
&amp#27;[38;5;32m[XCUITestDriver@e07a (28adf0bf)]&amp#27;[0m Valid locator strategies for this request: xpath, id, name, class name, -ios predicate string, -ios class chain, accessibility id, css selector
&amp#27;[38;5;32m[XCUITestDriver@e07a (28adf0bf)]&amp#27;[0m Waiting up to 0 ms for condition
&amp#27;[38;5;32m[XCUITestDriver@e07a (28adf0bf)]&amp#27;[0m Matched '/element' to command name 'findElement'
&amp#27;[38;5;32m[XCUITestDriver@e07a (28adf0bf)]&amp#27;[0m Proxying [POST /element] to [POST http://127.0.0.1:8100/session/E78FC83E-19E7-4136-B719-97A048452808/element] with body: {"using":"xpath","value":"//XCUIElementTypeButton[@name=\"ic dm search\"]"}
&amp#27;[38;5;32m[XCUITestDriver@e07a (28adf0bf)]&amp#27;[0m Got response with status 200: {"value":{"ELEMENT":"8B080000-0000-0000-0103-000000000000","element-6066-11e4-a52e-4f735466cecf":"8B080000-0000-0000-0103-000000000000"},"sessionId":"E78FC83E-19E7-4136-B719-97A048452808"}
&amp#27;[38;5;32m[XCUITestDriver@e07a (28adf0bf)]&amp#27;[0m Responding to client with driver.findElement() result: {"element-6066-11e4-a52e-4f735466cecf":"8B080000-0000-0000-0103-000000000000","ELEMENT":"8B080000-0000-0000-0103-000000000000"}
&amp#27;[38;5;0m[HTTP]&amp#27;[0m &amp#27;[37m<-- POST /session/28adf0bf-7ee8-437a-b2e7-798510efe6fe/element &amp#27;[39m&amp#27;[32m200&amp#27;[39m &amp#27;[90m325 ms - 137&amp#27;[39m
&amp#27;[38;5;0m[HTTP]&amp#27;[0m &amp#27;[90m&amp#27;[39m
&amp#27;[38;5;0m[HTTP]&amp#27;[0m &amp#27;[37m-->&amp#27;[39m &amp#27;[37mGET&amp#27;[39m &amp#27;[37m/session/28adf0bf-7ee8-437a-b2e7-798510efe6fe/element/8B080000-0000-0000-0103-000000000000/displayed&amp#27;[39m
&amp#27;[38;5;0m[HTTP]&amp#27;[0m &amp#27;[90m{}&amp#27;[39m
&amp#27;[38;5;32m[XCUITestDriver@e07a (28adf0bf)]&amp#27;[0m Driver proxy active, passing request on via HTTP proxy
&amp#27;[38;5;32m[XCUITestDriver@e07a (28adf0bf)]&amp#27;[0m Executing command 'proxyReqRes'
&amp#27;[38;5;32m[XCUITestDriver@e07a (28adf0bf)]&amp#27;[0m Matched '/session/28adf0bf-7ee8-437a-b2e7-798510efe6fe/element/8B080000-0000-0000-0103-000000000000/displayed' to command name 'elementDisplayed'
&amp#27;[38;5;32m[XCUITestDriver@e07a (28adf0bf)]&amp#27;[0m Proxying [GET /session/28adf0bf-7ee8-437a-b2e7-798510efe6fe/element/8B080000-0000-0000-0103-000000000000/displayed] to [GET http://127.0.0.1:8100/session/E78FC83E-19E7-4136-B719-97A048452808/element/8B080000-0000-0000-0103-000000000000/displayed] with no body
&amp#27;[38;5;32m[XCUITestDriver@e07a (28adf0bf)]&amp#27;[0m Got response with status 200: {"value":false,"sessionId":"E78FC83E-19E7-4136-B719-97A048452808"}
&amp#27;[38;5;32m[XCUITestDriver@e07a (28adf0bf)]&amp#27;[0m Replacing sessionId E78FC83E-19E7-4136-B719-97A048452808 with 28adf0bf-7ee8-437a-b2e7-798510efe6fe
&amp#27;[38;5;0m[HTTP]&amp#27;[0m &amp#27;[37m<-- GET /session/28adf0bf-7ee8-437a-b2e7-798510efe6fe/element/8B080000-0000-0000-0103-000000000000/displayed &amp#27;[39m&amp#27;[32m200&amp#27;[39m &amp#27;[90m67 ms - 66&amp#27;[39m
&amp#27;[38;5;0m[HTTP]&amp#27;[0m &amp#27;[90m&amp#27;[39m
&amp#27;[38;5;0m[HTTP]&amp#27;[0m &amp#27;[37m-->&amp#27;[39m &amp#27;[37mGET&amp#27;[39m &amp#27;[37m/session/28adf0bf-7ee8-437a-b2e7-798510efe6fe/context&amp#27;[39m
&amp#27;[38;5;0m[HTTP]&amp#27;[0m &amp#27;[90m{}&amp#27;[39m
&amp#27;[38;5;32m[XCUITestDriver@e07a (28adf0bf)]&amp#27;[0m Calling AppiumDriver.getCurrentContext() with args: ["28adf0bf-7ee8-437a-b2e7-798510efe6fe"]
&amp#27;[38;5;32m[XCUITestDriver@e07a (28adf0bf)]&amp#27;[0m Executing command 'getCurrentContext'
&amp#27;[38;5;32m[XCUITestDriver@e07a (28adf0bf)]&amp#27;[0m Responding to client with driver.getCurrentContext() result: "NATIVE_APP"
&amp#27;[38;5;0m[HTTP]&amp#27;[0m &amp#27;[37m<-- GET /session/28adf0bf-7ee8-437a-b2e7-798510efe6fe/context &amp#27;[39m&amp#27;[32m200&amp#27;[39m &amp#27;[90m1 ms - 22&amp#27;[39m
&amp#27;[38;5;0m[HTTP]&amp#27;[0m &amp#27;[90m&amp#27;[39m
&amp#27;[38;5;0m[HTTP]&amp#27;[0m &amp#27;[37m-->&amp#27;[39m &amp#27;[37mPOST&amp#27;[39m &amp#27;[37m/session/28adf0bf-7ee8-437a-b2e7-798510efe6fe/element&amp#27;[39m
&amp#27;[38;5;0m[HTTP]&amp#27;[0m &amp#27;[90m{"using":"xpath","value":"//XCUIElementTypeButton[@name=\"ic dm search\"]"}&amp#27;[39m
&amp#27;[38;5;32m[XCUITestDriver@e07a (28adf0bf)]&amp#27;[0m Calling AppiumDriver.findElement() with args: ["xpath","//XCUIElementTypeButton[@name=\"ic dm search\"]","28adf0bf-7ee8-437a-b2e7-798510efe6fe"]
&amp#27;[38;5;32m[XCUITestDriver@e07a (28adf0bf)]&amp#27;[0m Executing command 'findElement'
&amp#27;[38;5;32m[XCUITestDriver@e07a (28adf0bf)]&amp#27;[0m Valid locator strategies for this request: xpath, id, name, class name, -ios predicate string, -ios class chain, accessibility id, css selector
&amp#27;[38;5;32m[XCUITestDriver@e07a (28adf0bf)]&amp#27;[0m Waiting up to 0 ms for condition
&amp#27;[38;5;32m[XCUITestDriver@e07a (28adf0bf)]&amp#27;[0m Matched '/element' to command name 'findElement'
&amp#27;[38;5;32m[XCUITestDriver@e07a (28adf0bf)]&amp#27;[0m Proxying [POST /element] to [POST http://127.0.0.1:8100/session/E78FC83E-19E7-4136-B719-97A048452808/element] with body: {"using":"xpath","value":"//XCUIElementTypeButton[@name=\"ic dm search\"]"}
&amp#27;[38;5;32m[XCUITestDriver@e07a (28adf0bf)]&amp#27;[0m Got response with status 200: {"value":{"ELEMENT":"8B080000-0000-0000-0103-000000000000","element-6066-11e4-a52e-4f735466cecf":"8B080000-0000-0000-0103-000000000000"},"sessionId":"E78FC83E-19E7-4136-B719-97A048452808"}
&amp#27;[38;5;32m[XCUITestDriver@e07a (28adf0bf)]&amp#27;[0m Responding to client with driver.findElement() result: {"element-6066-11e4-a52e-4f735466cecf":"8B080000-0000-0000-0103-000000000000","ELEMENT":"8B080000-0000-0000-0103-000000000000"}
&amp#27;[38;5;0m[HTTP]&amp#27;[0m &amp#27;[37m<-- POST /session/28adf0bf-7ee8-437a-b2e7-798510efe6fe/element &amp#27;[39m&amp#27;[32m200&amp#27;[39m &amp#27;[90m1580 ms - 137&amp#27;[39m
&amp#27;[38;5;0m[HTTP]&amp#27;[0m &amp#27;[90m&amp#27;[39m
&amp#27;[38;5;0m[HTTP]&amp#27;[0m &amp#27;[37m-->&amp#27;[39m &amp#27;[37mGET&amp#27;[39m &amp#27;[37m/session/28adf0bf-7ee8-437a-b2e7-798510efe6fe/element/8B080000-0000-0000-0103-000000000000/displayed&amp#27;[39m
&amp#27;[38;5;0m[HTTP]&amp#27;[0m &amp#27;[90m{}&amp#27;[39m
&amp#27;[38;5;32m[XCUITestDriver@e07a (28adf0bf)]&amp#27;[0m Driver proxy active, passing request on via HTTP proxy
&amp#27;[38;5;32m[XCUITestDriver@e07a (28adf0bf)]&amp#27;[0m Executing command 'proxyReqRes'
&amp#27;[38;5;32m[XCUITestDriver@e07a (28adf0bf)]&amp#27;[0m Matched '/session/28adf0bf-7ee8-437a-b2e7-798510efe6fe/element/8B080000-0000-0000-0103-000000000000/displayed' to command name 'elementDisplayed'
&amp#27;[38;5;32m[XCUITestDriver@e07a (28adf0bf)]&amp#27;[0m Proxying [GET /session/28adf0bf-7ee8-437a-b2e7-798510efe6fe/element/8B080000-0000-0000-0103-000000000000/displayed] to [GET http://127.0.0.1:8100/session/E78FC83E-19E7-4136-B719-97A048452808/element/8B080000-0000-0000-0103-000000000000/displayed] with no body
&amp#27;[38;5;32m[XCUITestDriver@e07a (28adf0bf)]&amp#27;[0m Got response with status 200: {"value":true,"sessionId":"E78FC83E-19E7-4136-B719-97A048452808"}
&amp#27;[38;5;32m[XCUITestDriver@e07a (28adf0bf)]&amp#27;[0m Replacing sessionId E78FC83E-19E7-4136-B719-97A048452808 with 28adf0bf-7ee8-437a-b2e7-798510efe6fe
&amp#27;[38;5;0m[HTTP]&amp#27;[0m &amp#27;[37m<-- GET /session/28adf0bf-7ee8-437a-b2e7-798510efe6fe/element/8B080000-0000-0000-0103-000000000000/displayed &amp#27;[39m&amp#27;[32m200&amp#27;[39m &amp#27;[90m143 ms - 65&amp#27;[39m
&amp#27;[38;5;0m[HTTP]&amp#27;[0m &amp#27;[90m&amp#27;[39m
&amp#27;[38;5;0m[HTTP]&amp#27;[0m &amp#27;[37m-->&amp#27;[39m &amp#27;[37mGET&amp#27;[39m &amp#27;[37m/session/28adf0bf-7ee8-437a-b2e7-798510efe6fe/context&amp#27;[39m
&amp#27;[38;5;0m[HTTP]&amp#27;[0m &amp#27;[90m{}&amp#27;[39m
&amp#27;[38;5;32m[XCUITestDriver@e07a (28adf0bf)]&amp#27;[0m Calling AppiumDriver.getCurrentContext() with args: ["28adf0bf-7ee8-437a-b2e7-798510efe6fe"]
&amp#27;[38;5;32m[XCUITestDriver@e07a (28adf0bf)]&amp#27;[0m Executing command 'getCurrentContext'
&amp#27;[38;5;32m[XCUITestDriver@e07a (28adf0bf)]&amp#27;[0m Responding to client with driver.getCurrentContext() result: "NATIVE_APP"
&amp#27;[38;5;0m[HTTP]&amp#27;[0m &amp#27;[37m<-- GET /session/28adf0bf-7ee8-437a-b2e7-798510efe6fe/context &amp#27;[39m&amp#27;[32m200&amp#27;[39m &amp#27;[90m1 ms - 22&amp#27;[39m
&amp#27;[38;5;0m[HTTP]&amp#27;[0m &amp#27;[90m&amp#27;[39m
&amp#27;[38;5;0m[HTTP]&amp#27;[0m &amp#27;[37m-->&amp#27;[39m &amp#27;[37mPOST&amp#27;[39m &amp#27;[37m/session/28adf0bf-7ee8-437a-b2e7-798510efe6fe/element&amp#27;[39m
&amp#27;[38;5;0m[HTTP]&amp#27;[0m &amp#27;[90m{"using":"xpath","value":"//XCUIElementTypeButton[@name=\"ic dm search\"]"}&amp#27;[39m
&amp#27;[38;5;32m[XCUITestDriver@e07a (28adf0bf)]&amp#27;[0m Calling AppiumDriver.findElement() with args: ["xpath","//XCUIElementTypeButton[@name=\"ic dm search\"]","28adf0bf-7ee8-437a-b2e7-798510efe6fe"]
&amp#27;[38;5;32m[XCUITestDriver@e07a (28adf0bf)]&amp#27;[0m Executing command 'findElement'
&amp#27;[38;5;32m[XCUITestDriver@e07a (28adf0bf)]&amp#27;[0m Valid locator strategies for this request: xpath, id, name, class name, -ios predicate string, -ios class chain, accessibility id, css selector
&amp#27;[38;5;32m[XCUITestDriver@e07a (28adf0bf)]&amp#27;[0m Waiting up to 0 ms for condition
&amp#27;[38;5;32m[XCUITestDriver@e07a (28adf0bf)]&amp#27;[0m Matched '/element' to command name 'findElement'
&amp#27;[38;5;32m[XCUITestDriver@e07a (28adf0bf)]&amp#27;[0m Proxying [POST /element] to [POST http://127.0.0.1:8100/session/E78FC83E-19E7-4136-B719-97A048452808/element] with body: {"using":"xpath","value":"//XCUIElementTypeButton[@name=\"ic dm search\"]"}
&amp#27;[38;5;32m[XCUITestDriver@e07a (28adf0bf)]&amp#27;[0m Got response with status 200: {"value":{"ELEMENT":"8B080000-0000-0000-0103-000000000000","element-6066-11e4-a52e-4f735466cecf":"8B080000-0000-0000-0103-000000000000"},"sessionId":"E78FC83E-19E7-4136-B719-97A048452808"}
&amp#27;[38;5;32m[XCUITestDriver@e07a (28adf0bf)]&amp#27;[0m Responding to client with driver.findElement() result: {"element-6066-11e4-a52e-4f735466cecf":"8B080000-0000-0000-0103-000000000000","ELEMENT":"8B080000-0000-0000-0103-000000000000"}
&amp#27;[38;5;0m[HTTP]&amp#27;[0m &amp#27;[37m<-- POST /session/28adf0bf-7ee8-437a-b2e7-798510efe6fe/element &amp#27;[39m&amp#27;[32m200&amp#27;[39m &amp#27;[90m1294 ms - 137&amp#27;[39m
&amp#27;[38;5;0m[HTTP]&amp#27;[0m &amp#27;[90m&amp#27;[39m
&amp#27;[38;5;0m[HTTP]&amp#27;[0m &amp#27;[37m-->&amp#27;[39m &amp#27;[37mGET&amp#27;[39m &amp#27;[37m/session/28adf0bf-7ee8-437a-b2e7-798510efe6fe/element/8B080000-0000-0000-0103-000000000000/enabled&amp#27;[39m
&amp#27;[38;5;0m[HTTP]&amp#27;[0m &amp#27;[90m{}&amp#27;[39m
&amp#27;[38;5;32m[XCUITestDriver@e07a (28adf0bf)]&amp#27;[0m Driver proxy active, passing request on via HTTP proxy
&amp#27;[38;5;32m[XCUITestDriver@e07a (28adf0bf)]&amp#27;[0m Executing command 'proxyReqRes'
&amp#27;[38;5;32m[XCUITestDriver@e07a (28adf0bf)]&amp#27;[0m Matched '/session/28adf0bf-7ee8-437a-b2e7-798510efe6fe/element/8B080000-0000-0000-0103-000000000000/enabled' to command name 'elementEnabled'
&amp#27;[38;5;32m[XCUITestDriver@e07a (28adf0bf)]&amp#27;[0m Proxying [GET /session/28adf0bf-7ee8-437a-b2e7-798510efe6fe/element/8B080000-0000-0000-0103-000000000000/enabled] to [GET http://127.0.0.1:8100/session/E78FC83E-19E7-4136-B719-97A048452808/element/8B080000-0000-0000-0103-000000000000/enabled] with no body
&amp#27;[38;5;32m[XCUITestDriver@e07a (28adf0bf)]&amp#27;[0m Got response with status 200: {"value":true,"sessionId":"E78FC83E-19E7-4136-B719-97A048452808"}
&amp#27;[38;5;32m[XCUITestDriver@e07a (28adf0bf)]&amp#27;[0m Replacing sessionId E78FC83E-19E7-4136-B719-97A048452808 with 28adf0bf-7ee8-437a-b2e7-798510efe6fe
&amp#27;[38;5;0m[HTTP]&amp#27;[0m &amp#27;[37m<-- GET /session/28adf0bf-7ee8-437a-b2e7-798510efe6fe/element/8B080000-0000-0000-0103-000000000000/enabled &amp#27;[39m&amp#27;[32m200&amp#27;[39m &amp#27;[90m128 ms - 65&amp#27;[39m
&amp#27;[38;5;0m[HTTP]&amp#27;[0m &amp#27;[90m&amp#27;[39m
&amp#27;[38;5;0m[HTTP]&amp#27;[0m &amp#27;[37m-->&amp#27;[39m &amp#27;[37mGET&amp#27;[39m &amp#27;[37m/session/28adf0bf-7ee8-437a-b2e7-798510efe6fe/context&amp#27;[39m
&amp#27;[38;5;0m[HTTP]&amp#27;[0m &amp#27;[90m{}&amp#27;[39m
&amp#27;[38;5;32m[XCUITestDriver@e07a (28adf0bf)]&amp#27;[0m Calling AppiumDriver.getCurrentContext() with args: ["28adf0bf-7ee8-437a-b2e7-798510efe6fe"]
&amp#27;[38;5;32m[XCUITestDriver@e07a (28adf0bf)]&amp#27;[0m Executing command 'getCurrentContext'
&amp#27;[38;5;32m[XCUITestDriver@e07a (28adf0bf)]&amp#27;[0m Responding to client with driver.getCurrentContext() result: "NATIVE_APP"
&amp#27;[38;5;0m[HTTP]&amp#27;[0m &amp#27;[37m<-- GET /session/28adf0bf-7ee8-437a-b2e7-798510efe6fe/context &amp#27;[39m&amp#27;[32m200&amp#27;[39m &amp#27;[90m1 ms - 22&amp#27;[39m
&amp#27;[38;5;0m[HTTP]&amp#27;[0m &amp#27;[90m&amp#27;[39m
&amp#27;[38;5;0m[HTTP]&amp#27;[0m &amp#27;[37m-->&amp#27;[39m &amp#27;[37mPOST&amp#27;[39m &amp#27;[37m/session/28adf0bf-7ee8-437a-b2e7-798510efe6fe/element&amp#27;[39m
&amp#27;[38;5;0m[HTTP]&amp#27;[0m &amp#27;[90m{"using":"xpath","value":"//XCUIElementTypeButton[@name=\"ic dm search\"]"}&amp#27;[39m
&amp#27;[38;5;32m[XCUITestDriver@e07a (28adf0bf)]&amp#27;[0m Calling AppiumDriver.findElement() with args: ["xpath","//XCUIElementTypeButton[@name=\"ic dm search\"]","28adf0bf-7ee8-437a-b2e7-798510efe6fe"]
&amp#27;[38;5;32m[XCUITestDriver@e07a (28adf0bf)]&amp#27;[0m Executing command 'findElement'
&amp#27;[38;5;32m[XCUITestDriver@e07a (28adf0bf)]&amp#27;[0m Valid locator strategies for this request: xpath, id, name, class name, -ios predicate string, -ios class chain, accessibility id, css selector
&amp#27;[38;5;32m[XCUITestDriver@e07a (28adf0bf)]&amp#27;[0m Waiting up to 0 ms for condition
&amp#27;[38;5;32m[XCUITestDriver@e07a (28adf0bf)]&amp#27;[0m Matched '/element' to command name 'findElement'
&amp#27;[38;5;32m[XCUITestDriver@e07a (28adf0bf)]&amp#27;[0m Proxying [POST /element] to [POST http://127.0.0.1:8100/session/E78FC83E-19E7-4136-B719-97A048452808/element] with body: {"using":"xpath","value":"//XCUIElementTypeButton[@name=\"ic dm search\"]"}
&amp#27;[38;5;32m[XCUITestDriver@e07a (28adf0bf)]&amp#27;[0m Got response with status 200: {"value":{"ELEMENT":"8B080000-0000-0000-0103-000000000000","element-6066-11e4-a52e-4f735466cecf":"8B080000-0000-0000-0103-000000000000"},"sessionId":"E78FC83E-19E7-4136-B719-97A048452808"}
&amp#27;[38;5;32m[XCUITestDriver@e07a (28adf0bf)]&amp#27;[0m Responding to client with driver.findElement() result: {"element-6066-11e4-a52e-4f735466cecf":"8B080000-0000-0000-0103-000000000000","ELEMENT":"8B080000-0000-0000-0103-000000000000"}
&amp#27;[38;5;0m[HTTP]&amp#27;[0m &amp#27;[37m<-- POST /session/28adf0bf-7ee8-437a-b2e7-798510efe6fe/element &amp#27;[39m&amp#27;[32m200&amp#27;[39m &amp#27;[90m1229 ms - 137&amp#27;[39m
&amp#27;[38;5;0m[HTTP]&amp#27;[0m &amp#27;[90m&amp#27;[39m
&amp#27;[38;5;0m[HTTP]&amp#27;[0m &amp#27;[37m-->&amp#27;[39m &amp#27;[37mGET&amp#27;[39m &amp#27;[37m/session/28adf0bf-7ee8-437a-b2e7-798510efe6fe/element/8B080000-0000-0000-0103-000000000000/displayed&amp#27;[39m
&amp#27;[38;5;0m[HTTP]&amp#27;[0m &amp#27;[90m{}&amp#27;[39m
&amp#27;[38;5;32m[XCUITestDriver@e07a (28adf0bf)]&amp#27;[0m Driver proxy active, passing request on via HTTP proxy
&amp#27;[38;5;32m[XCUITestDriver@e07a (28adf0bf)]&amp#27;[0m Executing command 'proxyReqRes'
&amp#27;[38;5;32m[XCUITestDriver@e07a (28adf0bf)]&amp#27;[0m Matched '/session/28adf0bf-7ee8-437a-b2e7-798510efe6fe/element/8B080000-0000-0000-0103-000000000000/displayed' to command name 'elementDisplayed'
&amp#27;[38;5;32m[XCUITestDriver@e07a (28adf0bf)]&amp#27;[0m Proxying [GET /session/28adf0bf-7ee8-437a-b2e7-798510efe6fe/element/8B080000-0000-0000-0103-000000000000/displayed] to [GET http://127.0.0.1:8100/session/E78FC83E-19E7-4136-B719-97A048452808/element/8B080000-0000-0000-0103-000000000000/displayed] with no body
&amp#27;[38;5;32m[XCUITestDriver@e07a (28adf0bf)]&amp#27;[0m Got response with status 200: {"value":true,"sessionId":"E78FC83E-19E7-4136-B719-97A048452808"}
&amp#27;[38;5;32m[XCUITestDriver@e07a (28adf0bf)]&amp#27;[0m Replacing sessionId E78FC83E-19E7-4136-B719-97A048452808 with 28adf0bf-7ee8-437a-b2e7-798510efe6fe
&amp#27;[38;5;0m[HTTP]&amp#27;[0m &amp#27;[37m<-- GET /session/28adf0bf-7ee8-437a-b2e7-798510efe6fe/element/8B080000-0000-0000-0103-000000000000/displayed &amp#27;[39m&amp#27;[32m200&amp#27;[39m &amp#27;[90m153 ms - 65&amp#27;[39m
&amp#27;[38;5;0m[HTTP]&amp#27;[0m &amp#27;[90m&amp#27;[39m
Device removed successfully
]]></system-out>
  </testcase>
</testsuite>