<?xml version="1.0" encoding="UTF-8"?>
<!-- Generated by org.testng.reporters.JUnitReportReporter -->
<testsuite hostname="Karishma-Barot-TH" failures="0" tests="4" name="testCases.TheragunMiniTCs" time="44.658" errors="0" timestamp="2024-03-20T15:15:58 IST" skipped="0">
  <testcase classname="testCases.TheragunMiniTCs" name="testSelectDevice" time="13.554"/>
  <testcase classname="testCases.TheragunMiniTCs" name="testVerifyPairedDevice" time="12.905"/>
  <testcase classname="testCases.TheragunMiniTCs" name="testSaveRoutine" time="7.542"/>
  <testcase classname="testCases.TheragunMiniTCs" name="testForgetDevice" time="10.657"/>
</testsuite> <!-- testCases.TheragunMiniTCs -->
