<?xml version="1.0" encoding="UTF-8"?>
<!-- Generated by org.testng.reporters.JUnitReportReporter -->
<testsuite hostname="Karishma-Barot-TH" failures="0" tests="2" name="testCases.LoginTCs" time="24.148" errors="0" timestamp="2024-03-20T15:15:58 IST" skipped="0">
  <testcase classname="testCases.LoginTCs" name="testIntroScreen" time="3.540"/>
  <testcase classname="testCases.LoginTCs" name="testLogin" time="20.608"/>
</testsuite> <!-- testCases.LoginTCs -->
