<?xml version="1.0" encoding="UTF-8"?>
<!-- Generated by org.testng.reporters.JUnitReportReporter -->
<testsuite hostname="Karishma-Barot-TH" failures="0" tests="5" name="testCases.WaveSeriesOtherRollerTCs" time="139.803" errors="0" timestamp="2024-03-20T15:15:58 IST" skipped="0">
  <testcase classname="testCases.WaveSeriesOtherRollerTCs" name="testPairOtherRollerDevice" time="8.547"/>
  <testcase classname="testCases.WaveSeriesOtherRollerTCs" name="testSelectRoutine" time="2.978"/>
  <testcase classname="testCases.WaveSeriesOtherRollerTCs" name="testStretchingStep" time="58.498"/>
  <testcase classname="testCases.WaveSeriesOtherRollerTCs" name="testBreakToggle" time="60.366"/>
  <testcase classname="testCases.WaveSeriesOtherRollerTCs" name="testForgetDevice" time="9.414"/>
</testsuite> <!-- testCases.WaveSeriesOtherRollerTCs -->
