<?xml version="1.0" encoding="UTF-8"?>
<!-- Generated by org.testng.reporters.JUnitReportReporter -->
<testsuite hostname="Karishma-Barot-TH" failures="0" tests="9" name="testCases.WaveSeriesSoloTCs" time="319.275" errors="0" timestamp="2024-03-12T10:43:59 IST" skipped="0">
  <testcase classname="testCases.WaveSeriesSoloTCs" name="testPairedDeviceHomePage" time="34.273"/>
  <testcase classname="testCases.WaveSeriesSoloTCs" name="testNavigateToRoutineOverview" time="22.677"/>
  <testcase classname="testCases.WaveSeriesSoloTCs" name="testStretchingStepElement" time="10.498"/>
  <testcase classname="testCases.WaveSeriesSoloTCs" name="testOverViewScreenElements" time="11.651"/>
  <testcase classname="testCases.WaveSeriesSoloTCs" name="testRoutinePlayerBehaviour" time="33.809"/>
  <testcase classname="testCases.WaveSeriesSoloTCs" name="testRoutineStepStretchingBehaviour" time="68.098"/>
  <testcase classname="testCases.WaveSeriesSoloTCs" name="testSkipStretching" time="44.503"/>
  <testcase classname="testCases.WaveSeriesSoloTCs" name="testBreakBetweenSteps" time="73.983"/>
  <testcase classname="testCases.WaveSeriesSoloTCs" name="testFirmwareVersion" time="19.783"/>
</testsuite> <!-- testCases.WaveSeriesSoloTCs -->
