<?xml version="1.0" encoding="UTF-8"?>
<!-- Generated by org.testng.reporters.JUnitReportReporter -->
<testsuite hostname="Karishma-Barot-TH" failures="0" tests="1" name="testCases.AddDeviceTCs" time="44.721" errors="0" timestamp="2024-03-12T10:43:59 IST" skipped="0">
  <testcase classname="testCases.AddDeviceTCs" name="testPairDeviceBLon" time="44.721"/>
</testsuite> <!-- testCases.AddDeviceTCs -->
