<?xml version="1.0" encoding="UTF-8"?>
<!-- Generated by org.testng.reporters.JUnitReportReporter -->
<testsuite hostname="Karishma-Barot-TH" failures="0" tests="2" name="testCases.PrimeDeviceTCs" time="59.858" errors="0" timestamp="2024-03-12T10:43:59 IST" skipped="0">
  <testcase classname="testCases.PrimeDeviceTCs" name="testOpenAndSaveRoutine" time="22.582"/>
  <testcase classname="testCases.PrimeDeviceTCs" name="testForgetDevice" time="37.276"/>
</testsuite> <!-- testCases.PrimeDeviceTCs -->
