<?xml version="1.0" encoding="UTF-8"?>
<!-- Generated by org.testng.reporters.JUnitReportReporter -->
<testsuite hostname="Karishma-Barot-TH" failures="0" tests="5" name="testCases.WaveSeriesOtherRollerTCs" time="224.071" errors="0" timestamp="2024-03-20T16:12:26 IST" skipped="0">
  <testcase classname="testCases.WaveSeriesOtherRollerTCs" name="testPairOtherRollerDevice" time="34.934"/>
  <testcase classname="testCases.WaveSeriesOtherRollerTCs" name="testSelectRoutine" time="7.874"/>
  <testcase classname="testCases.WaveSeriesOtherRollerTCs" name="testStretchingStep" time="68.966"/>
  <testcase classname="testCases.WaveSeriesOtherRollerTCs" name="testBreakToggle" time="82.538"/>
  <testcase classname="testCases.WaveSeriesOtherRollerTCs" name="testForgetDevice" time="29.759"/>
</testsuite> <!-- testCases.WaveSeriesOtherRollerTCs -->
