<?xml version="1.0" encoding="UTF-8"?>
<!-- Generated by org.testng.reporters.JUnitReportReporter -->
<testsuite hostname="Karishma-Barot-TH" failures="0" tests="4" name="testCases.TheragunMiniTCs" time="122.258" errors="0" timestamp="2024-03-20T16:12:26 IST" skipped="0">
  <testcase classname="testCases.TheragunMiniTCs" name="testSelectDevice" time="27.743"/>
  <testcase classname="testCases.TheragunMiniTCs" name="testVerifyPairedDevice" time="24.966"/>
  <testcase classname="testCases.TheragunMiniTCs" name="testSaveRoutine" time="26.158"/>
  <testcase classname="testCases.TheragunMiniTCs" name="testForgetDevice" time="43.391"/>
</testsuite> <!-- testCases.TheragunMiniTCs -->
