<?xml version="1.0" encoding="UTF-8"?>
<!-- Generated by org.testng.reporters.JUnitReportReporter -->
<testsuite hostname="Karishma-Barot-TH" failures="0" tests="2" name="testCases.LoginTCs" time="26.989" errors="0" timestamp="2024-03-20T16:12:26 IST" skipped="0">
  <testcase classname="testCases.LoginTCs" name="testIntroScreen" time="2.918"/>
  <testcase classname="testCases.LoginTCs" name="testLogin" time="24.071"/>
</testsuite> <!-- testCases.LoginTCs -->
